0.20275575667619705
0.1535705109126866
0.1514526829123497
0.14912255480885506
0.15268192486837506
0.15013352688401937
0.1497265500947833
0.1500744498334825
0.14978701807558537
0.15148010198026896
0.14954232703894377
0.14970499416813254
0.15027633821591735
0.1498678820207715
0.1500949878245592
0.15052918670699
0.15030814101919532
0.15025290986523032
0.15100242802873254
0.15045768581330776
0.15086974389851093
0.150493117980659
0.15029609017074108
0.15048582386225462
0.15040704095736146
0.15103765903040767
0.1501265298575163
0.15043596969917417
0.15112872608006
0.1503594401292503
0.15062169125303626
0.15048765623942018
0.15063737891614437
0.15082351490855217
0.15079997992143035
0.15088642295449972
0.15060759196057916
0.1514896978624165
0.1506659290753305
0.15080808708444238
0.15040672989562154
0.15087505709379911
0.15066977869719267
0.15043629286810756
0.15067235007882118
0.15076763881370425
0.15035144379362464
0.1505819451995194
0.15071428567171097
0.15118107898160815
0.15102925430983305
0.15086013870313764
0.15084190107882023
0.15079644182696939
0.1508791740052402
0.15037717297673225
0.15067070117220283
0.15092325396835804
0.15037257876247168
0.15112741105258465
0.15073393983766437
0.15070103807374835
0.15046541905030608
0.15102489199489355
0.1506890351884067
0.15041932836174965
0.15128023410215974
0.1516323471441865
0.15082890074700117
0.15132945496588945
0.15090224565938115
0.15115805203095078
0.15169536275789142
0.15185171784833074
0.15164133301004767
0.15186684485524893
0.15107970405369997
0.15150664187967777
0.15110653080046177
0.15158098470419645
0.15135464211925864
0.15164062101393938
0.15124290296807885
0.152651681099087
0.15129627101123333
0.1515192179940641
0.15173009503632784
0.15128570282831788
0.1512725451029837
0.15136730670928955
0.15087754419073462
0.15126835508272052
0.15148373087868094
0.15182510809972882
0.15130084566771984
0.15203601773828268
0.1511780507862568
0.15188759192824364
0.15117872087284923
0.15197209920734167
0.14470115397125483
0.15178753342479467
0.15166280418634415
0.15153345232829452
0.15108580701053143
0.1513067060150206
0.15147121576592326
0.15255043702200055
0.15156534826382995
0.15164543827995658
0.1515297251753509
0.15192421106621623
0.15146479196846485
0.15146487625315785
0.151103300973773
0.15170958591625094
0.14913748297840357
0.15240720193833113
0.15227819606661797
0.15255612460896373
0.1519285337999463
0.15193294174969196
0.1520395241677761
0.15206065820530057
0.15208557294681668
0.15234037535265088
0.1525448472239077
0.1517937770113349
0.15179477399215102
0.15199835691601038
0.15214027604088187
0.15245482325553894
0.15223707212135196
0.15198692586272955
0.15232429280877113
0.15214361110702157
0.15257576573640108
0.15201898803934455
0.15249060792848468
0.15181204490363598
0.1526155211031437
0.15192552469670773
0.15221680095419288
0.15217061573639512
0.1520770750939846
0.1523076007142663
0.1522110658697784
0.1522629577666521
0.1523273321799934
0.15215788502246141
0.15258844709023833
0.1521826647222042
0.15192251466214657
0.15223086904734373
0.15208118502050638
0.15207125479355454
0.15253711212426424
0.15304915187880397
0.15204465994611382
0.15220284089446068
0.15271343430504203
0.15295827481895685
0.15492401272058487
0.1524409530684352
0.1526317587122321
0.15232039103284478
0.15200368873775005
0.15164276212453842
0.1526976521126926
0.15265182591974735
0.1529425592161715
0.15221463097259402
0.1532944468781352
0.1521234568208456
0.15199676482006907
0.15246642287820578
0.15211617480963469
0.1537719569168985
0.1526409131474793
0.15293903229758143
0.15288240183144808
0.15284672705456614
0.15286400774493814
0.15242219809442759
0.1529400609433651
0.15296705486252904
0.15297622699290514
0.1535570491105318
0.1530280439183116
0.1528165638446808
0.15316418698057532
0.15277154883369803
0.15299570700153708
0.15391901694238186
0.15281681204214692
0.1523501598276198
0.15300843212753534
0.15316968876868486
0.15251961071044207
0.1526532880961895
0.15275867376476526
0.1526682088151574
0.15324377501383424
0.1528840041719377
0.15283356327563524
0.153392078820616
0.15375422267243266
0.15290611889213324
0.15272412588819861
0.15376642998307943
0.1530933789908886
0.15332998288795352
0.1532721258699894
0.15284967189654708
0.1525154272094369
0.15324615081772208
0.1555772190913558
0.15436636097729206
0.15512639377266169
0.1553557626903057
0.154255838599056
0.1537636131979525
0.15546749997884035
0.1545927533879876
0.15493642818182707
0.1552636008709669
0.15486496686935425
0.15370794385671616
0.15460632229223847
0.15995865128934383
0.1546051697805524
0.15450013568624854
0.15400336775928736
0.15353120770305395
0.15361473709344864
0.15353847201913595
0.15367746399715543
0.15312695736065507
0.1528998208232224
0.15350897936150432
0.15319656627252698
0.15315237874165177
0.15299454983323812
0.15393059002235532
0.15257732803002
0.15315562905743718
0.1533254305832088
0.15357446018606424
0.1529830521903932
0.1531924861483276
0.15337736485525966
0.15441740583628416
0.1533098011277616
0.1538217980414629
0.1544628208503127
0.15350845595821738
0.15382002666592598
0.15344210574403405
0.15360485296696424
0.1538926949724555
0.15365631924942136
0.15412464272230864
0.15381951769813895
0.15334156481549144
0.1536166463047266
0.15352311311289668
0.15314664412289858
0.1533692330121994
0.15384107222780585
0.15359304007142782
0.15378185780718923
0.15377250593155622
0.15326597495004535
0.15376137662678957
0.15335860196501017
0.15348806558176875
0.15317610977217555
0.1543086040765047
0.15317747881636024
0.153698090929538
0.15375273628160357
0.15394813613966107
0.15401554573327303
0.15335200494155288
0.1538723148405552
0.15360632771626115
0.15344147384166718
0.1532680569216609
0.1533487169072032
0.15382825396955013
0.154274788685143
0.1545061250217259
0.1544418283738196
0.1537283300422132
0.15384674398228526
0.15415417728945613
0.15352738276124
0.15366006223484874
0.1539693269878626
0.15451621916145086
0.1539998291991651
0.15397786907851696
0.1533342390321195
0.1539853853173554
0.15359047707170248
0.15433942200616002
0.15435106493532658
0.15390387177467346
0.1535383821465075
0.15369654819369316
0.15440909285098314
0.1543396320194006
0.15424494864419103
0.15433320263400674
0.1535774078220129
0.15436355490237474
0.15414958074688911
0.15428808704018593
0.15375219797715545
0.15423916606232524
0.15371580980718136
0.1539981672540307
0.1542372559197247
0.15384997008368373
0.15396676119416952
0.15376777201890945
0.15436574211344123
0.15441974997520447
0.15409226017072797
0.1542867780663073
0.15405388735234737
0.15418038703501225
0.15498607279732823
0.15456940466538072
0.1544616399332881
0.15426106983795762
0.15016059204936028
0.1549305380322039
0.1548707140609622
0.15514048608019948
0.15469225496053696
0.15460299607366323
0.15451262891292572
0.15494068199768662
0.15488252695649862
0.15437540784478188
0.15501563623547554
0.15498649701476097
0.15452498197555542
0.15500606410205364
0.1545674647204578
0.1548769217915833
0.15480769611895084
0.15453093592077494
0.1547479471191764
0.15500142192468047
0.1546633611433208
0.1550502791069448
0.15454732486978173
0.1544414022937417
0.15500484220683575
0.15432166494429111
0.1548606432043016
0.15485230879858136
0.1548697561956942
0.15539197297766805
0.15522065991535783
0.15531696192920208
0.15529626607894897
0.15486032515764236
0.15510857896879315
0.15511545492336154
0.15521290572360158
0.155235739890486
0.15490926103666425
0.15464303083717823
0.15530479978770018
0.15537046361714602
0.15473461197689176
0.15533187286928296
0.154857296962291
0.1554402383044362
0.1553396792151034
0.1548051880672574
0.15507806232199073
0.15535197732970119
0.1551095419563353
0.1552474028430879
0.15581066720187664
0.1555753997527063
0.1555686518549919
0.15533727779984474
0.15492908377200365
0.15569044975563884
0.1546423491090536
0.15526092378422618
0.1549439961090684
0.15542886406183243
0.15584905166178942
0.15535889705643058
0.15475618513301015
0.15532705513760448
0.1550466720946133
0.15484213503077626
0.15556532703340054
0.1555661791935563
0.15536679001525044
0.1551889660768211
0.15214444464072585
0.15644122008234262
0.15508172987028956
0.15575733687728643
0.15575519623234868
0.15547517966479063
0.1552637810818851
0.1547521548345685
0.15516053512692451
0.15545196179300547
0.15509927412495017
0.15511937299743295
0.15522177517414093
0.15490676695480943
0.15541541622951627
0.15553144924342632
0.1552197178825736
0.1552537907846272
0.1553011927753687
0.1553754648193717
0.15572010399773717
0.15597051987424493
0.15554126910865307
0.15565046202391386
0.15563149703666568
0.1560200909152627
0.1566522098146379
0.15617021918296814
0.15558692021295428
0.15561675187200308
0.15566977998241782
0.15567088685929775
0.15531757986173034
0.15578817436471581
0.15547617804259062
0.15592986904084682
0.15541504509747028
0.1559175830334425
0.15565546927973628
0.15567188616842031
0.1557322032749653
0.1558070620521903
0.155136251822114
0.15583839686587453
0.15488016372546554
0.15580333396792412
0.15527337091043591
0.155565882101655
0.15600073104724288
0.15592770790681243
0.1562185729853809
0.15577220683917403
0.15581641905009747
0.15613956609740853
0.15630969172343612
0.15595763083547354
0.15614298824220896
0.1561292102560401
0.15681898081675172
0.15714229084551334
0.156686136033386
0.15701247984543443
0.15555794490501285
0.15696198213845491
0.15552050108090043
0.1559025039896369
0.1557588642463088
0.156685259193182
0.15602379199117422
0.15582537977024913
0.15613425383344293
0.15746793011203408
0.1567065492272377
0.15589924389496446
0.15615689381957054
0.15725568868219852
0.15689511504024267
0.157003924716264
0.15729367220774293
0.15618398413062096
0.15627472940832376
0.15691218711435795
0.15790215926244855
0.1559471022337675
0.15589870186522603
0.15604162029922009
0.15576994372531772
0.15541531797498465
0.15686818398535252
0.15681550512090325
0.15672859642654657
0.15586623782292008
0.15739490231499076
0.15637917397543788
0.15634703310206532
0.15768330497667193
0.15665672719478607
0.15601576026529074
0.15683438489213586
0.15745796635746956
0.15634669084101915
0.15647031273692846
0.15690166037529707
0.15711601683869958
0.1567997639067471
0.15682536596432328
0.1569503890350461
0.1576460269279778
0.15608406998217106
0.15718433307483792
0.1567771271802485
0.15681653888896108
0.15588096994906664
0.1563491248525679
0.15578994108363986
0.15646419068798423
0.15699849277734756
0.1567927929572761
0.1561366319656372
0.1569128199480474
0.15664428984746337
0.15635021310299635
0.15644979197531939
0.15691766189411283
0.1568250199779868
0.15563176572322845
0.1568198073655367
0.15750809432938695
0.15686502400785685
0.15563753014430404
0.156409477815032
0.15605853032320738
0.15643755486235023
0.15793174924328923
0.15605877293273807
0.15762236388400197
0.15697432029992342
0.15770086273550987
0.15656336676329374
0.15784139884635806
0.15742726996541023
0.15751722501590848
0.15603954531252384
0.15745155606418848
0.15656448481604457
0.1569389197975397
0.1572221419773996
0.156905357260257
0.1573439808562398
0.15738686406984925
0.15766414301469922
0.15654913801699877
0.157017155084759
0.15722553385421634
0.15773004898801446
0.157262965105474
0.1634552958421409
0.1568375462666154
0.15656568761914968
0.15794166317209601
0.15743502508848906
0.1581612890586257
0.1576722809113562
0.1578792640939355
0.1576901120133698
0.15847903862595558
0.1581471748650074
0.15788017632439733
0.15720796817913651
0.15952154668048024
0.1572800618596375
0.15681821713224053
0.15904231369495392
0.15874912682920694
0.15889195213094354
0.15792476013302803
0.1592054353095591
0.1579285031184554
0.1594658656977117
0.15821008710190654
0.1585214980877936
0.15761236706748605
0.15906534576788545
0.1591034517623484
0.15748346503823996
0.15912060625851154
0.15827729739248753
0.1596328360028565
0.15771376620978117
0.15946612460538745
0.15981567185372114
0.15955659514293075
0.15873721381649375
0.15902269585058093
0.15955519396811724
0.15913257701322436
0.1625067312270403
0.16174597293138504
0.16109071299433708
0.1618178617209196
0.16068576695397496
0.1611681911163032
0.1585652339272201
0.1594023620709777
0.1588230119086802
0.1625768612138927
0.16086635878309608
0.15959304105490446
0.16208689473569393
0.15899826399981976
0.16235179919749498
0.15851717628538609
0.1600066260434687
0.15950662083923817
0.16042461013421416
0.16156144719570875
0.15796592878177762
0.16000109119340777
0.15834774915128946
0.16219023894518614
0.15954378619790077
0.16082409163936973
0.15919007500633597
0.16025393595919013
0.16057791421189904
0.15806960267946124
0.15991298714652658
0.15952397510409355
0.16089295083656907
0.16003410099074244
0.15875973785296082
0.15995600167661905
0.1597401280887425
0.16167514119297266
0.15841221483424306
0.15888631576672196
0.15915748616680503
0.16365102026611567
0.15964073222130537
0.1591978669166565
0.16195776825770736
0.16061705304309726
0.16098166722804308
0.1593423020094633
0.1577714802697301
0.15718880109488964
0.1602747505530715
0.1590302288532257
0.15838312078267336
0.1601767549291253
0.15923011908307672
0.16410214686766267
0.15946758491918445
0.1617876156233251
0.16194110177457333
0.16044764127582312
0.16463540866971016
0.15810155682265759
0.15972184389829636
0.15983385406434536
0.16306032799184322
0.1599237327463925
0.15931022400036454
0.16193856112658978
0.16049234382808208
0.16456782119348645
0.16009304812178016
0.16199563397094607
0.16324421297758818
0.16077054385095835
0.16210233001038432
0.15811595134437084
0.16063252370804548
0.16075528413057327
0.16214498272165656
0.16129948571324348
0.15815819101408124
0.16154355322942138
0.16160663682967424
0.1632909318432212
0.1610449869185686
0.16023727413266897
0.16037232894450426
0.16308228578418493
0.1630064700730145
0.1591460220515728
0.16173210134729743
0.162051681894809
0.16306026093661785
0.1619553347118199
0.15897516021504998
0.16230538301169872
0.1618438521400094
0.1632398352958262
0.16215168498456478
0.1595197729766369
0.16188028128817677
0.1613339837640524
0.165054677054286
0.1616154918447137
0.16130591183900833
0.16321711894124746
0.16110650589689612
0.16339102387428284
0.15938269067555666
0.1616108831949532
0.16209030291065574
0.16429738095030189
0.16210865788161755
0.15904013300314546
0.16243518982082605
0.16251952480524778
0.1634352640248835
0.16268971282988787
0.15864185616374016
0.1599545511417091
0.15940453531220555
0.16590337734669447
0.16285444796085358
0.1605700273066759
0.16342698968946934
0.16252026474103332
0.16336698504164815
0.16149122966453433
0.161590866278857
0.16403649607673287
0.1626673941500485
0.16444432688876987
0.15915640722960234
0.1618232810869813
0.16256466880440712
0.16431442881003022
0.16234913328662515
0.15955167217180133
0.16235335730016232
0.16312980512157083
0.1659312304109335
0.1625497038476169
0.15927779721096158
0.16187209310010076
0.1614580280147493
0.16393148014321923
0.16193229891359806
0.1596576739102602
0.16166256414726377
0.1618640422821045
0.16493135830387473
0.1621368289925158
0.1619912963360548
0.16407099505886436
0.16275961510837078
0.1643653349019587
0.16179327201098204
0.16445771185681224
0.16311956197023392
0.16454734932631254
0.16343809524551034
0.16126331128180027
0.1635417528450489
0.16520856507122517
0.16238231817260385
0.16346610710024834
0.159684251062572
0.1629471331834793
0.16201504925265908
0.1631372570991516
0.16424195608124137
0.15891805198043585
0.15966135682538152
0.16254450613632798
0.16747087566182017
0.1623056442476809
0.1591852568089962
0.1624817498959601
0.16304731415584683
0.16527942707762122
0.1627588258124888
0.16006695618852973
0.16352624027058482
0.16366882575675845
0.1638065823353827
0.16231723595410585
0.16210624482482672
0.1641231905668974
0.16195289185270667
0.1653457060456276
0.16389684518799186
0.1606305129826069
0.16362106474116445
0.16436113882809877
0.16554504400119185
0.16300343722105026
0.16260167863219976
0.16220569238066673
0.16203165100887418
0.1661703041754663
0.16433446435257792
0.16294162208214402
0.1651877979747951
0.16396946320310235
0.16492777923122048
0.16370677296072245
0.16268752282485366
0.16409991402179003
0.16283400589600205
0.16569270193576813
0.16303929081186652
0.16237788274884224
0.16417363984510303
0.1652870299294591
0.162310685031116
0.16280141891911626
0.16269919509068131
0.1655710581690073
0.1636836640536785
0.16490481607615948
0.16325302189216018
0.16329102730378509
0.16410928592085838
0.16523493686690927
0.1635826132260263
0.1624512360431254
0.16246730787679553
0.1651320313103497
0.16384686902165413
0.16427793400362134
0.1636605467647314
0.16367032192647457
0.16432869620621204
0.16555282706394792
0.16395089589059353
0.16435571387410164
0.16199155617505312
0.16494495933875442
0.16270645521581173
0.1654934217222035
0.16244962299242616
0.16224071709439158
0.16380125703290105
0.16475021466612816
0.16365337371826172
0.16269822977483273
0.1626780079677701
0.16416257759556174
0.16309650195762515
0.165075256023556
0.16370410099625587
0.16449558176100254
0.16509672906249762
0.1660356791689992
0.16605795687064528
0.1620533736422658
0.16251923236995935
0.16558102099224925
0.1639918820001185
0.16553732566535473
0.16374082397669554
0.16171166487038136
0.16414168616756797
0.16120052197948098
0.16547173308208585
0.16197655210271478
0.16196374595165253
0.16471912525594234
0.16288953693583608
0.16394603718072176
0.1620479878038168
0.1625263299793005
0.16243359399959445
0.16475343890488148
0.16389308916404843
0.16012514289468527
0.16357186110690236
0.16413492895662785
0.16182575095444918
0.163968272972852
0.15933216596022248
0.16174712916836143
0.1629332760348916
0.16676647681742907
0.16245016595348716
0.15994122112169862
0.16106997802853584
0.1623871000483632
0.1662722178734839
0.1644089720211923
0.1582075241021812
0.16040320601314306
0.16212649224326015
0.1652494720183313
0.1625160239636898
0.1598487920127809
0.1633392609655857
0.16347892209887505
0.164781897328794
0.16281818598508835
0.16256826603785157
0.16511467564851046
0.1625211131758988
0.16604495188221335
0.1629361379891634
0.1608782671391964
0.16402490297332406
0.16279443399980664
0.16511454479768872
0.16213060589507222
0.16211091494187713
0.1644188603386283
0.16183646908029914
0.16587424278259277
0.16326961293816566
0.16310779098421335
0.16406913520768285
0.16293381014838815
0.16502950200811028
0.16295148013159633
0.16331374319270253
0.16548769315704703
0.1637247521430254
0.1650933870114386
0.16421271301805973
0.1619886769913137
0.1640329947695136
0.162960525136441
0.1649119141511619
0.1632168497890234
0.16283402312546968
0.16411572694778442
0.16318139201030135
0.1647353172302246
0.16203920217230916
0.16428570169955492
0.16268947394564748
0.16081034997478127
0.1665900438092649
0.1617692899890244
0.16418342618271708
0.1657241969369352
0.1630897233262658
0.1646803980693221
0.16234371811151505
0.16482282523065805
0.16359094297513366
0.16305939620360732
0.16643401281908154
0.1626816331408918
0.1636263830587268
0.16555020213127136
0.16321179503574967
0.1646401179023087
0.16171744791790843
0.16403702506795526
0.16336926585063338
0.16433191765099764
0.16503680823370814
0.16334587382152677
0.1640900420024991
0.1644837949424982
0.16537180822342634
0.1650596740655601
0.16266516828909516
0.16079034376889467
0.1608473863452673
0.16439299192279577
0.16776675125584006
0.16339928470551968
0.16656584292650223
0.16483687004074454
0.1637460310012102
0.16764641320332885
0.16394907794892788
0.1626702332869172
0.1656336970627308
0.16469759168103337
0.1654996620491147
0.16527345078065991
0.16133721265941858
0.1637305892072618
0.16318116756156087
0.1662078001536429
0.16353267012163997
0.16113146534189582
0.16487094201147556
0.16466918075457215
0.16422769892960787
0.16290289675816894
0.16160740610212088
0.16256200801581144
0.16134820692241192
0.16645790869370103
0.1633424940519035
0.1625547418370843
0.16516546485945582
0.164145119022578
0.16483392426744103
0.16380580514669418
0.16238957922905684
0.16458233818411827
0.16345669934526086
0.16521483706310391
0.16301844595000148
0.1624648431316018
0.16549086198210716
0.1644257940351963
0.16418670630082488
0.1637182510457933
0.16247259266674519
0.16381533816456795
0.1639022189192474
0.1671035229228437
0.16355286398902535
0.1622762749902904
0.16485429741442204
0.16411493113264441
0.1641853260807693
0.16484502237290144
0.16117461305111647
0.16317902924492955
0.16247439617291093
0.16658988408744335
0.1640354609116912
0.16173162031918764
0.16502407984808087
0.1644969256594777
0.16601308202371
0.16336479224264622
0.16145141795277596
0.1647234270349145
0.164089429192245
0.1655476363375783
0.16372500313445926
0.16145953396335244
0.16486287908628583
0.16476206900551915
0.1655406430363655
0.162686413154006
0.16217100340873003
0.16598048573359847
0.16453265910968184
0.166696363594383
0.1628648340702057
0.16091756708920002
0.16421076003462076
0.1642502350732684
0.1654037581756711
0.16331430384889245
0.16142068710178137
0.1634745206683874
0.16280603501945734
0.16653213975951076
0.1641344497911632
0.16094180708751082
0.16493004886433482
0.16475849971175194
0.16574353724718094
0.16294517321512103
0.16258579306304455
0.16407685820013285
0.16295815585181117
0.16651730425655842
0.16312742698937654
0.16169049125164747
0.16543575283139944
0.16470350418239832
0.16464350372552872
0.16342645417898893
0.16234303871169686
0.1639790409244597
0.1630956237204373
0.16806271998211741
0.16361459298059344
0.16057815216481686
0.16460630111396313
0.16478838911280036
0.16574626881629229
0.16378951584920287
0.16227455995976925
0.16376285115256906
0.1635379479266703
0.16709532029926777
0.1636561411432922
0.1608328353613615
0.1646480211056769
0.16461237706243992
0.16568526113405824
0.1649473551660776
0.16108977561816573
0.1615688451565802
0.1610191990621388
0.16743558086454868
0.1639739377424121
0.16066079819574952
0.16431164694949985
0.16520858742296696
0.16702105710282922
0.16452142735943198
0.16240636399015784
0.1643933686427772
0.16396454581990838
0.16698714112862945
0.1648781467229128
0.16120579605922103
0.16519247693940997
0.16376819275319576
0.1631376720033586
0.16540882317349315
0.16089521627873182
0.16238622087985277
0.16172741819173098
0.16771146515384316
0.16464459663257003
0.16135100787505507
0.16591176902875304
0.16527459491044283
0.16643081093207002
0.16607585502788424
0.160693122074008
0.16214473685249686
0.163631372153759
0.16825787024572492
0.16449019918218255
0.16126954043284059
0.16421417193487287
0.16379723418504
0.16806206433102489
0.16527346381917596
0.1600162577815354
0.15970670618116856
0.15977333392947912
0.16642545582726598
0.16558149177581072
0.1606425466015935
0.16368944197893143
0.1647391738370061
0.16704280115664005
0.16574069764465094
0.1611698498018086
0.1650511622428894
0.16471566213294864
0.16723562218248844
0.16559550911188126
0.16085238987579942
0.16461024899035692
0.1629294422455132
0.1644442998804152
0.1664537787437439
0.16114756697788835
0.16535954223945737
0.16528457403182983
0.16620647488161922
0.1672431188635528
0.16218929179012775
0.16558614326640964
0.1659165807068348
0.16746892919763923
0.16652778070420027
0.16398590663447976
0.1649329769425094
0.16753869829699397
0.16546437563374639
0.16671981196850538
0.16542763821780682
0.16280102171003819
0.16466447059065104
0.1646964712999761
0.1682624169625342
0.16460480401292443
0.16287863440811634
0.16594740003347397
0.16595839383080602
0.1665060888044536
0.16510964510962367
0.15987520292401314
0.16560072591528296
0.16437855502590537
0.16707830829545856
0.16551683703437448
0.1613833182491362
0.1659987629391253
0.16571382386609912
0.165304992813617
0.16779518919065595
0.16215591691434383
0.16548296017572284
0.16526844073086977
0.16640736581757665
0.16626932425424457
0.16376428585499525
0.1651759771630168
0.16716003697365522
0.16492061829194427
0.1664177170023322
0.16625014413148165
0.16255908412858844
0.16391949774697423
0.1639025779440999
0.16710238112136722
0.16466866387054324
0.16241080593317747
0.16601353185251355
0.16496263071894646
0.16573765221983194
0.164981490932405
0.16062227869406343
0.16331735393032432
0.164710131008178
0.1680805697105825
0.16621434362605214
0.16272985795512795
0.1666598031297326
0.165590588003397
0.1663786326535046
0.16648856829851866
0.16146540502086282
0.16475651413202286
0.16569365188479424
0.16789864003658295
0.16673937207087874
0.16464247088879347
0.16570492507889867
0.16692929714918137
0.16594885429367423
0.16711031086742878
0.1661072401329875
0.16252987971529365
0.164113603066653
0.16391385113820434
0.1683907499536872
0.16525514191016555
0.1626503891311586
0.16656407015398145
0.16589638916775584
0.1680453848093748
0.1674212347716093
0.16135393967851996
0.16515762638300657
0.16533937584608793
0.16785362316295505
0.16655844124034047
0.1641556448303163
0.16639987705275416
0.166868157684803
0.16587524767965078
0.16692596301436424
0.16661866195499897
0.16423012083396316
0.16607107501477003
0.1651819203980267
0.1675671236589551
0.16504284320399165
0.16177055379375815
0.16730089811608195
0.1657353681512177
0.16694769077003002
0.16524371784180403
0.16198896383866668
0.1657867468893528
0.16594027681276202
0.16771562676876783
0.16681251907721162
0.16302131395787
0.16763352369889617
0.16628439398482442
0.1651148130185902
0.16763488994911313
0.1660682838410139
0.16502816462889314
0.16697191772982478
0.16507270885631442
0.16841671289876103
0.16495909914374352
0.1632813038304448
0.16677325405180454
0.16609364980831742
0.16688486794009805
0.1659219227731228
0.16103578498587012
0.16489766119048
0.16562564205378294
0.1681845528073609
0.16551427263766527
0.163881273008883
0.16701591480523348
0.1671533710323274
0.16432961309328675
0.16721631679683924
0.16606744239106774
0.16503167524933815
0.16711385687813163
0.1658440651372075
0.16787804197520018
0.16503536002710462
0.1630581608042121
0.16557193780317903
0.1655348208732903
0.16819444810971618
0.165596810169518
0.1618777080439031
0.16462641395628452
0.16587807796895504
0.16850677179172635
0.1659080572426319
0.16235313517972827
0.16139992186799645
0.15848508197814226
0.16082341829314828
0.1611428800970316
0.16332815121859312
0.166921466588974
0.16624605702236295
0.16723537910729647
0.16791835194453597
0.16185309272259474
0.16643032524734735
0.16602735128253698
0.16791285388171673
0.1670126528479159
0.16523996042087674
0.16689090617001057
0.1672385148704052
0.16535535687580705
0.16758316289633512
0.16451403498649597
0.16413335781544447
0.166297544259578
0.16584498900920153
0.16773630073294044
0.16607022006064653
0.16484883800148964
0.1667080158367753
0.16850773617625237
0.1677534431219101
0.1700903088785708
0.16748695401474833
0.16556726023554802
0.16861001774668694
0.16707749525085092
0.168731901794672
0.16699364688247442
0.1623119763098657
0.16625590808689594
0.166361213196069
0.16775777470320463
0.16736984811723232
0.16378122195601463
0.16379823675379157
0.16288243187591434
0.16728873504325747
0.16765523934736848
0.16543821012601256
0.16571595566347241
0.1680463389493525
0.16657260991632938
0.1679213149473071
0.166064134798944
0.16409734124317765
0.16728063067421317
0.16662977496162057
0.1680873087607324
0.16616244055330753
0.16290523717179894
0.16710877185687423
0.16593025904148817
0.16545592481270432
0.1678276308812201
0.16515566315501928
0.16641329880803823
0.16838028701022267
0.1652767900377512
0.16829500906169415
0.1646736292168498
0.16261266823858023
0.1665594237856567
0.16570297395810485
0.16667116712778807
0.16647852724418044
0.16110592614859343
0.16037468798458576
0.16123089799657464
0.16669681621715426
0.16652761213481426
0.1616639969870448
0.16652289312332869
0.16647055931389332
0.16764931194484234
0.16697043785825372
0.16169724985957146
0.1675165519118309
0.1667563682422042
0.16858765436336398
0.16563681000843644
0.16586589813232422
0.16485507413744926
0.16775971092283726
0.16563643980771303
0.16647237399592996
0.1642028596252203
0.16424866812303662
0.16561276791617274
0.16499610571190715
0.1671947338618338
0.16554399160668254
0.1617461619898677
0.16623114701360464
0.16532498318701982
0.16707024164497852
0.16641082102432847
0.16164541710168123
0.1627184869721532
0.16293270094320178
0.16642135009169579
0.1664592856541276
0.16234123380854726
0.1667771777138114
0.1659853900782764
0.16712080175057054
0.1676533748395741
0.1652897740714252
0.16517282091081142
0.166577504016459
0.16502446588128805
0.16680199885740876
0.166555801872164
0.16195889608934522
0.16419615596532822
0.164505026768893
0.1679062070325017
0.16475634509697556
0.16267304634675384
0.1661259150132537
0.16579446475952864
0.1681098327971995
0.16573584685102105
0.1610405151732266
0.16498290933668613
0.16542670410126448
0.16769050573930144
0.16666235821321607
0.16290943697094917
0.16786114731803536
0.16568573005497456
0.16420809598639607
0.16666577430441976
0.16522274306043983
0.1672761277295649
0.16402891837060452
0.16184018272906542
0.1689167353324592
0.1659093126654625
0.16345038125291467
0.16676592221483588
0.16578321065753698
0.16650622710585594
0.16628871904686093
0.16162125766277313
0.16560194827616215
0.1650370368734002
0.1681937240064144
0.16629636194556952
0.16165683884173632
0.16595695680007339
0.16558532929047942
0.1658475436270237
0.16749732615426183
0.16223845724016428
0.1662359470501542
0.1654368038289249
0.16646999213844538
0.1665121060796082
0.16424252418801188
0.16611458221450448
0.16742138704285026
0.16555263381451368
0.1672078361734748
0.1663778410293162
0.16222145408391953
0.1639411891810596
0.16430571535602212
0.16762495413422585
0.16454997891560197
0.16156706493347883
0.16554833529517055
0.16535816993564367
0.1676091649569571
0.16544883092865348
0.16152110323309898
0.16546691535040736
0.16556733520701528
0.16682430915534496
0.16634360095486045
0.16159299109131098
0.1647419137880206
0.16289969207718968
0.16303612990304828
0.16842625010758638
0.16214776411652565
0.161917672958225
0.16238295892253518
0.16570421727374196
0.16728509310632944
0.16384139005094767
0.16651345789432526
0.16576883988454938
0.16491045197471976
0.16758129093796015
0.16667949315160513
0.16454203613102436
0.16664310777559876
0.16499087493866682
0.16698174364864826
0.16510165901854634
0.16171867493540049
0.16502541210502386
0.16561422077938914
0.16822347417473793
0.16474180202931166
0.16234280727803707
0.16787903802469373
0.16680991370230913
0.1675407337024808
0.165265291929245
0.16113691683858633
0.16465056827291846
0.16595628391951323
0.1674280292354524
0.1669461070559919
0.16454876400530338
0.1660723276436329
0.16786755667999387
0.16583449160680175
0.16671851789578795
0.16525745810940862
0.16200201818719506
0.16436793794855475
0.16435149777680635
0.16757032414898276
0.16425067698583007
0.16302712028846145
0.16310756700113416
0.16369673190638423
0.16834900481626391
0.1648625391535461
0.16099166590720415
0.16574906697496772
0.16455921391025186
0.16561901615932584
0.16538988193497062
0.1613287217915058
0.16264564404264092
0.16407567029818892
0.16798679111525416
0.16431979602202773
0.1611263700760901
0.16564700892195106
0.16505034919828176
0.16657986119389534
0.16638196678832173
0.16067666187882423
0.15959371998906136
0.16015820764005184
0.1664308039471507
0.16546517703682184
0.16088593984022737
0.1654040110297501
0.16553745791316032
0.16694370610639453
0.16592919686809182
0.1607638387940824
0.16373617202043533
0.163717458024621
0.1643139338120818
0.16488157212734222
0.160938270855695
0.16591445682570338
0.16462924098595977
0.16570500610396266
0.16643913509324193
0.1618962432257831
0.16403284715488553
0.16359603870660067
0.1632681619375944
0.16826491197571158
0.16010703286156058
0.16299411188811064
0.1634421218186617
0.1664778608828783
0.16579007217660546
0.16199262905865908
0.16567237069830298
0.1653677891008556
0.16581798531115055
0.16665147291496396
0.16309004416689277
0.16420890158042312
0.1633419869467616
0.1661356589756906
0.166222610976547
0.16452406207099557
0.1651185010559857
0.16597478836774826
0.16481281770393252
0.16721586789935827
0.16497144708409905
0.16387115512043238
0.16465904703363776
0.16521125799044967
0.16789886122569442
0.16476510372012854
0.16181281581521034
0.16588060790672898
0.16481218999251723
0.1663954728282988
0.1659286841750145
0.16176482290029526
0.16225994797423482
0.1636477541178465
0.16748289624229074
0.16542510222643614
0.16196319879963994
0.1653679609298706
0.16500035021454096
0.16697043972089887
0.1661224439740181
0.16191724501550198
0.16386305587366223
0.16451031621545553
0.1665605683811009
0.16607598401606083
0.1624387470073998
0.1650809058919549
0.16488712327554822
0.16480263601988554
0.16739679127931595
0.16472310572862625
0.16494607320055366
0.1664922838099301
0.16491410322487354
0.16652745008468628
0.16489983489736915
0.16266624396666884
0.16497338470071554
0.163924025837332
0.16632129764184356
0.16510532470420003
0.16197792906314135
0.1644110563211143
0.16457789205014706
0.1680946657434106
0.16343639977276325
0.16080103488638997
0.16424576565623283
0.16518689272925258
0.16681005572900176
0.16405427921563387
0.1617309250868857
0.16329517494887114
0.16326938895508647
0.16883116168901324
0.1639516013674438
0.16086088679730892
0.16514292592182755
0.16526126908138394
0.16598414676263928
0.16496720118448138
0.1611969298683107
0.16514652082696557
0.1649695816449821
0.16736869141459465
0.1648472510278225
0.1606250572949648
0.16363152861595154
0.16416024276986718
0.16639682510867715
0.16654434381052852
0.16063231602311134
0.16216064896434546
0.1611864143051207
0.1610184656456113
0.16262745205312967
0.16248973086476326
0.1661216332577169
0.16600083699449897
0.16690588323399425
0.16558326222002506
0.16155118308961391
0.16657739179208875
0.16602937830612063
0.16632298287004232
0.16523246699944139
0.16225631488487124
0.16786212287843227
0.1661737160757184
0.1673322389833629
0.16895720036700368
0.16698310198262334
0.1645711320452392
0.16766090923920274
0.16579089779406786
0.16655944101512432
0.166342135053128
0.16132508078590035
0.16487856209278107
0.16493769781664014
0.16715557407587767
0.16642308607697487
0.1631965828128159
0.16740162298083305
0.16524500818923116
0.16500446991994977
0.1677138921804726
0.16090956842526793
0.16388750495389104
0.16398568637669086
0.16721278196200728
0.1661144569516182
0.16389092290773988
0.16599000105634332
0.16557995323091745
0.16479232208803296
0.16802923893556
0.16418610094115138
0.16506231809034944
0.16475003166124225
0.16468048375099897
0.16762921679764986
0.16501007322221994
0.16168523719534278
0.166068228892982
0.16529854480177164
0.16651881812140346
0.16504768701270223
0.16254299506545067
0.16553626209497452
0.16481429571285844
0.16605106694623828
0.16493527498096228
0.16095385793596506
0.16408253507688642
0.16398685704916716
0.1673639719374478
0.16628484893590212
0.16004738118499517
0.1599852661602199
0.16070474917069077
0.16676102578639984
0.16549740312620997
0.1610580668784678
0.1659989422187209
0.1651709657162428
0.16655722400173545
0.16609286097809672
0.16059098625555634
0.16205010237172246
0.1630309410393238
0.16780990129336715
0.1668352372944355
0.1665421249344945
0.16643116064369678
0.16532893804833293
0.16615887684747577
0.16947785997763276
0.16566092614084482
0.16523187002167106
0.1672191652469337
0.1650251387618482
0.16961506474763155
0.16508079878985882
0.1609438951127231
0.1647400758229196
0.16548107517883182
0.16671886993572116
0.16528287529945374
0.16165631683543324
0.16699990211054683
0.1650606500916183
0.16721424320712686
0.16393869556486607
0.16052736062556505
0.16409427812322974
0.16475498117506504
0.1672446671873331
0.1663241940550506
0.1610064716078341
0.16283076535910368
0.16114205913618207
0.16141343163326383
0.16668967995792627
0.16062557371333241
0.16465259436517954
0.16543617006391287
0.16679342417046428
0.16582223400473595
0.16205347329378128
0.16519892308861017
0.16446485463529825
0.16609645215794444
0.16617994895204902
0.1612917403690517
0.16319868387654424
0.16159544372931123
0.16414357908070087
0.1678756270557642
0.16184732224792242
0.16615838091820478
0.16501660831272602
0.16464634099975228
0.16740581672638655
0.1641311482526362
0.16495707910507917
0.1668219338171184
0.1651978841982782
0.166436605155468
0.16515990067273378
0.1635490832850337
0.16643343400210142
0.16547613963484764
0.16757054720073938
0.16416239459067583
0.16281799785792828
0.1644376339390874
0.16399092506617308
0.16812364803627133
0.16459033824503422
0.16088768187910318
0.16519159264862537
0.16540316212922335
0.16647986322641373
0.1663851123303175
0.15961571922525764
0.15984955290332437
0.15962553629651666
0.1663882122375071
0.16458015702664852
0.1610620771534741
0.16459214128553867
0.1649805437773466
0.16615344863384962
0.1643850738182664
0.16309033008292317
0.16493952786549926
0.16498415172100067
0.16816961811855435
0.16420445824041963
0.16187625005841255
0.16541039012372494
0.16552417492493987
0.167201298289001
0.1663696961477399
0.16146468138322234
0.16715020779520273
0.16601754631847143
0.1678638719022274
0.16536576766520739
0.16484661912545562
0.1653577541001141
0.16534764971584082
0.164670845028013
0.16902875481173396
0.1638383469544351
0.16380498092621565
0.16656988998875022
0.16562478803098202
0.16702566295862198
0.16429353272542357
0.1611347571015358
0.1653348719701171
0.16513979900628328
0.1662230701185763
0.16583217773586512
0.16259162593632936
0.1662761722691357
0.1656114226207137
0.1675563990138471
0.16454113507643342
0.1624403209425509
0.16670361068099737
0.16520006814971566
0.1662364900112152
0.16688120504841208
0.16383048798888922
0.16604261193424463
0.16805456019937992
0.16535540716722608
0.1666693789884448
0.16598147293552756
0.16288342885673046
0.16599964583292603
0.16551228985190392
0.16721748607233167
0.16374712996184826
0.16337676998227835
0.16473747417330742
0.16490511782467365
0.16754676261916757
0.16496798023581505
0.16094732098281384
0.16525356797501445
0.16539833415299654
0.16658646380528808
0.1669321651570499
0.16082167299464345
0.16130882687866688
0.16151539888232946
0.1664556721225381
0.1660553109832108
0.1611575703136623
0.16473812190815806
0.16541880276054144
0.16688802419230342
0.16684576775878668
0.16162641439586878
0.16590138524770737
0.16477800207212567
0.1681402577087283
0.16570408269762993
0.16390012437477708
0.1650156620889902
0.16284669423475862
0.16197664383798838
0.1685600010678172
0.16435909271240234
0.1647812188602984
0.16746838530525565
0.16642667399719357
0.1659338348545134
0.1655909321270883
0.16262489510700107
0.16568177985027432
0.16527286265045404
0.16785126691684127
0.1650674231350422
0.16280643362551928
0.16657244693487883
0.1659096241928637
0.1664919131435454
0.16525370487943292
0.16152179799973965
0.16502261394634843
0.16556613193824887
0.1683426802046597
0.16581770265474916
0.16310311760753393
0.16610826272517443
0.16608469793573022
0.1652816948480904
0.16723626712337136
0.16506619099527597
0.1659344108775258
0.1662016101181507
0.16548833902925253
0.16680181864649057
0.16477892687544227
0.16270901216194034
0.16694626631215215
0.1655160472728312
0.1673168591223657
0.1654145591892302
0.16084348782896996
0.16546133300289512
0.1655783588066697
0.16685720812529325
0.16590299969539046
0.16092084301635623
0.16432705521583557
0.1650646347552538
0.16833588294684887
0.16553651494905353
0.16275129280984402
0.16566293919458985
0.1648734388872981
0.1663505621254444
0.16727063013240695
0.16383092664182186
0.16582470014691353
0.16789977299049497
0.16523414803668857
0.167412624694407
0.16574437823146582
0.1619571982882917
0.1646302230656147
0.16535225324332714
0.168038260191679
0.16450162092223763
0.1619265410117805
0.16271333815529943
0.16323446482419968
0.1676871981471777
0.1651867888867855
0.1604589158669114
0.16516377311199903
0.16505354968830943
0.16615218110382557
0.1660381848923862
0.16152136074379086
0.16532300505787134
0.16531077725812793
0.16727942787110806
0.16498439433053136
0.16120443027466536
0.16452735336497426
0.16535901697352529
0.16781851509585977
0.16563153406605124
0.16288783308118582
0.1661303797736764
0.16695377882570028
0.16674122400581837
0.1655694069340825
0.1645500990562141
0.1656689429655671
0.1670105499215424
0.16456467099487782
0.16623487090691924
0.16490668198093772
0.16275166999548674
0.164637949783355
0.16448697680607438
0.16826878674328327
0.16511397017166018
0.1607078011147678
0.16531280195340514
0.16521707689389586
0.16666228603571653
0.16525356005877256
0.16120609594509006
0.16645913291722536
0.16553194960579276
0.16683451598510146
0.16555448295548558
0.16069965716451406
0.16342768725007772
0.16441021906211972
0.16750186029821634
0.16534793376922607
0.16194025333970785
0.16540202219039202
0.16451504826545715
0.16765955602750182
0.16519717825576663
0.16327933967113495
0.1653674398548901
0.16450750874355435
0.16456886008381844
0.16695732483640313
0.16431112913414836
0.164234921336174
0.16698089567944407
0.16555266827344894
0.16519019985571504
0.16622115392237902
0.16173210227862
0.16428773291409016
0.16327806003391743
0.1672502737492323
0.1652580602094531
0.16346807312220335
0.16769912978634238
0.1663277931511402
0.16856434056535363
0.1654540249146521
0.1609232621267438
0.16425381693989038
0.16362602123990655
0.1661802949383855
0.16652936721220613
0.16185083333402872
0.16514618787914515
0.16388444602489471
0.16408136021345854
0.16899193916469812
0.1613940829411149
0.16457518003880978
0.16545929061248899
0.16725433384999633
0.16551623912528157
0.16390385385602713
0.16475100303068757
0.16601856797933578
0.16454516490921378
0.16700000874698162
0.16448861733078957
0.16473240917548537
0.1640464966185391
0.16417590016499162
0.16740667587146163
0.16388380713760853
0.16165321599692106
0.16558049386367202
0.16418612003326416
0.16447503585368395
0.16473484691232443
0.16259203292429447
0.1648064418695867
0.1642248942516744
0.16632004408165812
0.16469030501320958
0.16235550120472908
0.1665660012513399
0.1650751489214599
0.16658884100615978
0.16444575088098645
0.16067428281530738
0.16418184898793697
0.16453715786337852
0.16668818006291986
0.16562719456851482
0.16046625887975097
0.1649184008128941
0.16479665087535977
0.1669071577489376
0.16463280515745282
0.15963742602616549
0.16333344904705882
0.16161580802872777
0.16449408931657672
0.165150448679924
0.16199041297659278
0.16576417908072472
0.16530880378559232
0.16679727984592319
0.1649211598560214
0.15924176899716258
0.16429301025345922
0.16436658101156354
0.16633256385102868
0.16654487466439605
0.1602340410463512
0.16398264281451702
0.1637591179460287
0.16560192592442036
0.16658463794738054
0.15981779992580414
0.16281387815251946
0.1618535416200757
0.16476853424683213
0.16567924804985523
0.161168091930449
0.16633254988119006
0.16566111892461777
0.16665911208838224
0.1658095419406891
0.16110263392329216
0.16506941290572286
0.1651550093665719
0.16710420791059732
0.16555403964594007
0.1625692918896675
0.16664640232920647
0.16407689498737454
0.16314544901251793
0.16886560712009668
0.16405196394771338
0.16436786716803908
0.16340073756873608
0.16260585002601147
0.167184142395854
0.1645323419943452
0.16357739130035043
0.16564214136451483
0.165815319865942
0.1662613684311509
0.16349505772814155
0.16345197334885597
0.16475770575925708
0.16436392068862915
0.1666002981364727
0.16348803788423538
0.16139983292669058
0.1654247553087771
0.16527043003588915
0.16552095394581556
0.1644437056966126
0.1624254477210343
0.16392281092703342
0.16426798095926642
0.16802305774763227
0.16491932002827525
0.16079329699277878
0.16491696005687118
0.1650124411098659
0.16662053018808365
0.16545379115268588
0.1607617069967091
0.16077645402401686
0.1609903979115188
0.166795888915658
0.16517897695302963
0.160415334161371
0.1653855568729341
0.16507612075656652
0.16661097388714552
0.16645115800201893
0.16009531170129776
0.16326269274577498
0.16394319524988532
0.16599412402138114
0.1658464353531599
0.16062342887744308
0.16468643071129918
0.16480435291305184
0.16686944430693984
0.16520317969843745
0.1609630319289863
0.16437358083203435
0.16363091999664903
0.16504660993814468
0.16672660084441304
0.1612398070283234
0.16443754034116864
0.16490076016634703
0.1664446028880775
0.16648806119337678
0.16263423301279545
0.16382047487422824
0.1615539831109345
0.16144084138795733
0.16709573427215219
0.16122760670259595
0.1629071799106896
0.16326651070266962
0.1659305039793253
0.16581743210554123
0.16121439496055245
0.16523038409650326
0.1653355248272419
0.16539908200502396
0.16620216006413102
0.1628760388121009
0.16671887133270502
0.16715852497145534
0.16463348036631942
0.16706838831305504
0.16479548206552863
0.16415093606337905
0.16642612405121326
0.16515973070636392
0.16727969329804182
0.16335040284320712
0.16322139604017138
0.16522541968151927
0.16408544080331922
0.16841613687574863
0.16390365082770586
0.16048002569004893
0.16415755124762654
0.16505680605769157
0.16697592521086335
0.16510669514536858
0.1622817749157548
0.1662430171854794
0.16545379487797618
0.16673416085541248
0.16555745340883732
0.1610314603894949
0.16313387267291546
0.1638021101243794
0.16692497627809644
0.16634195717051625
0.16173852607607841
0.1639948640950024
0.1616585929878056
0.1614322029054165
0.16169036692008376
0.16193654108792543
0.16542594972997904
0.16505123022943735
0.16666189022362232
0.1661800160072744
0.16174551099538803
0.16627212101593614
0.16473309369757771
0.16538220271468163
0.16736571909859776
0.1623964086174965
0.161290371324867
0.16080792993307114
0.16467247996479273
0.16593825910240412
0.16147438576444983
0.16642752196639776
0.16592138865962625
0.1670711669139564
0.16631199093535542
0.16420357022434473
0.16625190200284123
0.16800290998071432
0.16512833768501878
0.16654760483652353
0.1653003660030663
0.16306171007454395
0.16511809220537543
0.1652469183318317
0.1667436440475285
0.1644709911197424
0.16321798786520958
0.166184407658875
0.16538100317120552
0.16757164290174842
0.16626639384776354
0.1601393846794963
0.16438816906884313
0.1647753408178687
0.1668953998014331
0.16656923620030284
0.16116694081574678
0.1628085132688284
0.16140503389760852
0.16169518465176225
0.1638601589947939
0.1627154261805117
0.1663442412391305
0.1659186165779829
0.16653240425512195
0.1659008958376944
0.16260928381234407
0.16668423730880022
0.16559248603880405
0.1655327300541103
0.16694123297929764
0.16309527214616537
0.1624080608598888
0.16215741774067283
0.16665597166866064
0.16721998387947679
0.163914751727134
0.16707190684974194
0.1658524521626532
0.16440804488956928
0.1679829740896821
0.1644164640456438
0.16329541569575667
0.1659341580234468
0.16520629404112697
0.1685622138902545
0.16542502585798502
0.16186592169106007
0.16604582406580448
0.16547352727502584
0.16688790312036872
0.1667005131021142
0.16016064397990704
0.16258762730285525
0.1626440118998289
0.1682140021584928
0.1650512646883726
0.16156484698876739
0.1652620444074273
0.16546362405642867
0.167485520709306
0.16572025325149298
0.16233372781425714
0.1668844111263752
0.1642608349211514
0.16231098026037216
0.16605541808530688
0.16313695488497615
0.16563733899965882
0.1652454910799861
0.1661546090617776
0.16717524081468582
0.16483021806925535
0.1637938553467393
0.16626125993207097
0.16586046665906906
0.16688182624056935
0.16508816508576274
0.16200301703065634
0.1645595720037818
0.1646635439246893
0.16802043933421373
0.1652299528941512
0.16137458430603147
0.16522093210369349
0.16560541279613972
0.1682409099303186
0.1643795189447701
0.16087696515023708
0.16556756291538477
0.1649552588351071
0.1673566773533821
0.16632199799641967
0.16177648026496172
0.1638845088891685
0.16234372090548277
0.1617804290726781
0.1627663499675691
0.16146264085546136
0.16555357398465276
0.16570279700681567
0.16749494895339012
0.16668482962995768
0.16200934490188956
0.16412791097536683
0.16397534869611263
0.16472597559913993
0.16788959270343184
0.1606053221039474
0.16368081280961633
0.16365211876109242
0.16705278726294637
0.16625459119677544
0.1645847326144576
0.16625804221257567
0.16470231162384152
0.1639839382842183
0.16718663601204753
0.16339751612395048
0.1627701772376895
0.16116376826539636
0.16181019879877567
0.16627435199916363
0.16215544939041138
0.16418443014845252
0.16238419199362397
0.1613943288102746
0.1678117890842259
0.1621926142834127
0.16417160769924521
0.16666677594184875
0.16459166491404176
0.1661457410082221
0.16408784221857786
0.16751830140128732
0.16722750989720225
0.16536567406728864
0.1666453261859715
0.16370969405397773
0.1630547340027988
0.16558802407234907
0.16519047785550356
0.16757790697738528
0.1655101738870144
0.16082395240664482
0.1631091721355915
0.1632467838935554
0.1659729783423245
0.1637461818754673
0.16138600185513496
0.16484779817983508
0.16411793138831854
0.16613365896046162
0.16376001201570034
0.1598902023397386
0.1636689780279994
0.1638119090348482
0.1667509488761425
0.16334112081676722
0.16249867295846343
0.1650466462597251
0.164815922267735
0.1654078448191285
0.1640449627302587
0.1596001973375678
0.1632360159419477
0.1636954820714891
0.1658076918683946
0.16358783887699246
0.16109270229935646
0.16500143706798553
0.1646505370736122
0.16532754804939032
0.16540186014026403
0.15977606130763888
0.1618907512165606
0.16267838515341282
0.1671386589296162
0.16465586330741644
0.16163617093116045
0.16527692787349224
0.16480122366920114
0.16630311869084835
0.16420437721535563
0.1596641717478633
0.16199769591912627
0.1622972539626062
0.16759080393239856
0.16290736896917224
0.16133168525993824
0.16497975075617433
0.16443256800994277
0.16486790124326944
0.16413010424003005
0.16007300885394216
0.16243678610771894
0.16278401482850313
0.16702572396025062
0.1640153038315475
0.16031226515769958
0.16397349629551172
0.16435484727844596
0.16500925924628973
0.16298287687823176
0.16292171506211162
0.16480796318501234
0.16347404196858406
0.16607045382261276
0.1632034690119326
0.16127745900303125
0.1645272527821362
0.16433775378391147
0.16498104110360146
0.1633571507409215
0.16260876273736358
0.16487696301192045
0.1635883180424571
0.165941399987787
0.1627800827845931
0.16137152398005128
0.1644826619885862
0.16432305425405502
0.165259744040668
0.16293756617233157
0.16232901019975543
0.1641047210432589
0.16304901195690036
0.16568444576114416
0.1643732050433755
0.16063121985644102
0.16269863210618496
0.16339373774826527
0.16610748879611492
0.16306701488792896
0.1630016309209168
0.16534742573276162
0.1634547975845635
0.16671935794875026
0.1644410640001297
0.1605849121697247
0.16314567904919386
0.16318193217739463
0.16646840469911695
0.16409310139715672
0.1617019078694284
0.16462014988064766
0.163011543918401
0.16678003268316388
0.16354882577434182
0.16170078609138727
0.16495935432612896
0.1640288927592337
0.16586281405761838
0.1625765603967011
0.16249983618035913
0.16487277206033468
0.16317550791427493
0.16593709168955684
0.16472965106368065
0.16054687183350325
0.1634299228899181
0.16324204113334417
0.16618640534579754
0.16367100924253464
0.1611813767813146
0.16494960989803076
0.1635825540870428
0.16572366980835795
0.16443552309647202
0.16082808189094067
0.16286739613860846
0.16325022419914603
0.16653452580794692
0.16299492493271828
0.16193721862509847
0.1652014390565455
0.1638360978104174
0.16509886737912893
0.16406133398413658
0.16259345971047878
0.16522552445530891
0.16371018206700683
0.16558997612446547
0.1626904010772705
0.16126744402572513
0.16452887328341603
0.16399305639788508
0.16490809665992856
0.16375395562499762
0.16203624196350574
0.16317505203187466
0.16300439508631825
0.16683454997837543
0.16408117208629847
0.1610419531352818
0.16500104404985905
0.16434662695974112
0.16524763125926256
0.1640085531398654
0.16254412103444338
0.16456986498087645
0.1636094730347395
0.16539591178297997
0.163119874894619
0.16179183591157198
0.16515749134123325
0.16417172038927674
0.16539485519751906
0.16345186298713088
0.16217137640342116
0.16315510915592313
0.16325294878333807
0.16545397602021694
0.16245640208944678
0.16201999690383673
0.16555290203541517
0.16412460897117853
0.1650367621332407
0.16291303606703877
0.16235093120485544
0.16496455017477274
0.16368612786754966
0.16573908226564527
0.16341592324897647
0.1610054918564856
0.16494257422164083
0.16455721575766802
0.1650730799883604
0.1630392549559474
0.16269924398511648
0.1650819913484156
0.16378380171954632
0.1654845392331481
0.16393777495250106
0.1608183728531003
0.1650681276805699
0.16462528612464666
0.1650851028971374
0.16308574890717864
0.16323594329878688
0.1646746713668108
0.16426938399672508
0.16587697342038155
0.1628148928284645
0.1611153967678547
0.16444989992305636
0.1644767550751567
0.16504620015621185
0.16455468721687794
0.16100646276026964
0.1623269421979785
0.16270168079063296
0.1666323160752654
0.16334895743057132
0.16195413284003735
0.16532354895025492
0.1641727308742702
0.16407689126208425
0.1640780996531248
0.16182011691853404
0.16335497796535492
0.16265532420948148
0.16571121523156762
0.16326189786195755
0.16187258390709758
0.1651931656524539
0.16446413891389966
0.16538742603734136
0.16363893076777458
0.16220056870952249
0.16433350276201963
0.16287576220929623
0.16536630829796195
0.16345557011663914
0.16113283718004823
0.1640262329019606
0.16322192177176476
0.16600877000018954
0.16265062196180224
0.1634186403825879
0.16282249987125397
0.1631982307881117
0.16666344879195094
0.1637333771213889
0.16195164574310184
0.16498721903190017
0.16335000889375806
0.165332383941859
0.16311224130913615
0.16224438417702913
0.16421611374244094
0.16307154018431902
0.16509724408388138
0.16393104288727045
0.16236546309664845
0.1651456537656486
0.16413095500320196
0.1646112729795277
0.16304225800558925
0.16258200583979487
0.16458722297102213
0.1632106527686119
0.16521307872608304
0.1642975159920752
0.16125054098665714
0.1637227558530867
0.1631245813332498
0.1661969250999391
0.16227768594399095
0.16278468212112784
0.1651862869039178
0.16338795702904463
0.16454709507524967
0.16375620616599917
0.1622614460065961
0.1642107111401856
0.16285299696028233
0.16431485628709197
0.16319210501387715
0.16199205815792084
0.16545545682311058
0.1640172339975834
0.16480532474815845
0.1638506599701941
0.1628271946683526
0.1639021560549736
0.16352624399587512
0.16449754778295755
0.1635491568595171
0.16238777805119753
0.1655745948664844
0.16416551731526852
0.16533496836200356
0.1641486338339746
0.1621781289577484
0.1649998058564961
0.16392160532996058
0.16479984484612942
0.16250141197815537
0.16298127779737115
0.16518749995157123
0.16371122794225812
0.16452495800331235
0.16470219800248742
0.16194496722891927
0.16364323301240802
0.16353206895291805
0.16631560772657394
0.1622422100044787
0.16338031832128763
0.165447480045259
0.16422568215057254
0.16487596603110433
0.16330402996391058
0.16233521979302168
0.16448488179594278
0.16321915294975042
0.16490677976980805
0.1627072230912745
0.16204052604734898
0.1638390040025115
0.16324110003188252
0.16588731994852424
0.16370526934042573
0.16214543441310525
0.16435706987977028
0.16277965530753136
0.16509871883317828
0.1626011272892356
0.1623642877675593
0.16486295172944665
0.16373478388413787
0.16418699407950044
0.1646140068769455
0.16308041522279382
0.16408112365752459
0.1628297744318843
0.1648743338882923
0.16263879463076591
0.16359927039593458
0.16519331699237227
0.16361893387511373
0.16406670399010181
0.1628375556319952
0.16369775403290987
0.16367337806150317
0.16265520686283708
0.16488621197640896
0.1619557486847043
0.1628573127090931
0.16470387624576688
0.16371696116402745
0.1639167219400406
0.16237970907241106
0.1642465521581471
0.16207394795492291
0.15985397715121508
0.16624213010072708
0.1623684437945485
0.16634231060743332
0.164702408015728
0.16342688398435712
0.16702640103176236
0.16210643108934164
0.1642609490081668
0.1637656162492931
0.16260390123352408
0.16592690907418728
0.16299408581107855
0.16457571182399988
0.1643147887662053
0.16309589613229036
0.1657138541340828
0.16269381623715162
0.16286087781190872
0.1646946738474071
0.16343339486047626
0.16490445379167795
0.1627210658043623
0.16355929896235466
0.16388829797506332
0.16346407122910023
0.1647531120106578
0.16256574681028724
0.15943604614585638
0.15916818426921964
0.1622387613169849
0.16506982780992985
0.15823064697906375
0.16128935012966394
0.16093183401972055
0.1644073431380093
0.16396131506189704
0.1604525512084365
0.1639395598322153
0.1633170060813427
0.16400105319917202
0.16290546441450715
0.16000851802527905
0.1635898258537054
0.16303674736991525
0.16574411187320948
0.16277905507013202
0.16022553481161594
0.16394276916980743
0.16370231984183192
0.16547129210084677
0.16377098392695189
0.16103719174861908
0.16432760888710618
0.16292103379964828
0.16581181390210986
0.16250929282978177
0.16185744013637304
0.16511690523475409
0.16400004317983985
0.16392821911722422
0.16337630385532975
0.163123887963593
0.16372324200347066
0.16330137476325035
0.16609841724857688
0.16241637105122209
0.16225426318123937
0.16441884078085423
0.16298546409234405
0.16571090277284384
0.16162940114736557
0.16227580700069666
0.1624487009830773
0.162960110232234
0.16545309266075492
0.1628719181753695
0.16376360086724162
0.16331642400473356
0.16291907196864486
0.1646233252249658
0.1623046020977199
0.16257824888452888
0.16482329880818725
0.16322507802397013
0.16391446068882942
0.1606241436675191
0.16211257688701153
0.16114918189123273
0.16185499588027596
0.1652400540187955
0.15926586324349046
0.16034539602696896
0.16100710211321712
0.16260017501190305
0.16431755293160677
0.1592078390531242
0.16213974123820662
0.16259767999872565
0.16609042417258024
0.16177898505702615
0.16096271807327867
0.16456188866868615
0.16366392001509666
0.164214211050421
0.16190746892243624
0.16230774391442537
0.1632537222467363
0.16253147833049297
0.1661751908250153
0.16350925620645285
0.16187976207584143
0.16415659803897142
0.16347955912351608
0.1644189702346921
0.16311849700286984
0.16232991591095924
0.16257045418024063
0.16301367804408073
0.16540538612753153
0.16212807688862085
0.16381919104605913
0.16377693135291338
0.16378349112346768
0.16593932593241334
0.16211920324712992
0.16335354233160615
0.1644276729784906
0.16313710575923324
0.16421415470540524
0.16304012294858694
0.16366436379030347
0.16384998010471463
0.16356984013691545
0.1658579590730369
0.1622913759201765
0.1606740327551961
0.16076493822038174
0.16431049816310406
0.1649158108048141
0.1607900420203805
0.16360631212592125
0.161907150875777
0.16403460362926126
0.16405374417081475
0.15990388812497258
0.16083623468875885
0.16007658373564482
0.16003752779215574
0.16299243411049247
0.15961663099005818
0.16296464018523693
0.16208302788436413
0.16593419713899493
0.1622789278626442
0.1608757609501481
0.16410723607987165
0.16372057097032666
0.16386104375123978
0.16177408583462238
0.16173536889255047
0.16242994321510196
0.16269545117393136
0.16547712869942188
0.16231556003913283
0.1634148512966931
0.16350753512233496
0.16322853276506066
0.16428903909400105
0.16268701292574406
0.16365956561639905
0.16593867633491755
0.16273482283577323
0.16454019816592336
0.16249305522069335
0.1643498968333006
0.1632953411899507
0.16349780233576894
0.1644556913524866
0.16236465889960527
0.16351045109331608
0.16530745336785913
0.16191123891621828
0.1634370367974043
0.16054729092866182
0.1628080760128796
0.16188488900661469
0.16174809215590358
0.16547476686537266
0.158930785022676
0.1594996228814125
0.15919984504580498
0.16215540003031492
0.16378102591261268
0.15909180929884315
0.16099857119843364
0.1611625961959362
0.16780678695067763
0.16254464071244001
0.1610653637908399
0.16369084222242236
0.16275447933003306
0.16439547203481197
0.1626330940052867
0.16394115332514048
0.16161259124055505
0.16126347007229924
0.16608577594161034
0.16239327378571033
0.16398177295923233
0.16367698926478624
0.16257348842918873
0.16454336000606418
0.16230208612978458
0.16096557583659887
0.15961688524112105
0.16355268796905875
0.16491098888218403
0.1599527639336884
0.1649979967623949
0.1636893479153514
0.1645324770361185
0.16451134672388434
0.1593376323580742
0.1590745081193745
0.16037504002451897
0.1656340411864221
0.162638024892658
0.1589904986321926
0.16318375198170543
0.16385804489254951
0.1662905807606876
0.1613304540514946
0.1616466068662703
0.16458924300968647
0.1629742276854813
0.16577536473050714
0.16374852089211345
0.1603018338792026
0.16294176736846566
0.16230488801375031
0.16682193288579583
0.16323938174173236
0.16188805224373937
0.16437067417427897
0.1634471518918872
0.1656802180223167
0.1628296268172562
0.16256951726973057
0.16513544134795666
0.16340460116043687
0.16553334798663855
0.16282910900190473
0.16194371320307255
0.1650669719092548
0.1642834236845374
0.16388702811673284
0.16346531175076962
0.1627698359079659
0.16461021127179265
0.16312834760174155
0.16512244567275047
0.16265316307544708
0.16159111494198442
0.16462391102686524
0.16378699196502566
0.16312727611511946
0.16329153208062053
0.1635362822562456
0.1626126179471612
0.16208816273137927
0.16603840235620737
0.16302418103441596
0.16332475235685706
0.16483793035149574
0.16348700691014528
0.16519354609772563
0.1627280074171722
0.16209503589197993
0.16188319493085146
0.16323676006868482
0.1653604726307094
0.16234953980892897
0.16512203123420477
0.1630028448998928
0.16229075798764825
0.16567010432481766
0.1625430858694017
0.1626366968266666
0.16484252223744988
0.16330045135691762
0.16517001017928123
0.1607027780264616
0.16277511976659298
0.16093804920092225
0.16096682799980044
0.16587457386776805
0.16024896828457713
0.1626447979360819
0.1621612962335348
0.1632904950529337
0.16522104386240244
0.15851520327851176
0.15779645787552
0.15841845283284783
0.16599662322551012
0.16354392189532518
0.16133678890764713
0.16463812394067645
0.16338618332520127
0.16517560789361596
0.16245007701218128
0.16189439175650477
0.16404628101736307
0.16242625704035163
0.16452953405678272
0.16391387302428484
0.16179160634055734
0.16317230369895697
0.1630343678407371
0.16601394629105926
0.16270695393905044
0.16262647695839405
0.16444236086681485
0.16284825978800654
0.16494793724268675
0.16357563389465213
0.16312687611207366
0.16418185690417886
0.163057881873101
0.16396047687157989
0.16326339542865753
0.16265307599678636
0.16519602481275797
0.1633621440269053
0.16400457313284278
0.16233399184420705
0.16458318708464503
0.16150119388476014
0.15982652641832829
0.16701850108802319
0.16266776900738478
0.1634871158748865
0.16423977818340063
0.16320400731638074
0.16601187409833074
0.16165123786777258
0.16453104512766004
0.16268720431253314
0.1646299958229065
0.16432468593120575
0.1608471367508173
0.16248898208141327
0.16176554281264544
0.16087680216878653
0.16737914690747857
0.15971542336046696
0.16287358291447163
0.1621618107892573
0.16616048570722342
0.16207130812108517
0.1599010368809104
0.16330918297171593
0.16375444596633315
0.16467392770573497
0.16421106923371553
0.15982764307409525
0.16393707692623138
0.16447931108996272
0.16657195426523685
0.16407886194065213
0.15962376073002815
0.16454126406461
0.163963517639786
0.166106425691396
0.16409213514998555
0.16081077186390758
0.1664758650586009
0.1645284821279347
0.16536681586876512
0.16452407278120518
0.1598111381754279
0.16438833298161626
0.16467370698228478
0.1648160289041698
0.16331402398645878
0.15957438200712204
0.1618803278543055
0.1623433423228562
0.16480219596996903
0.1629213229753077
0.15989145496860147
0.1616227407939732
0.16218603774905205
0.16666006622835994
0.1633927677758038
0.16147030098363757
0.16388296708464622
0.1628190828487277
0.16591930203139782
0.1624015737324953
0.1627680086530745
0.16214817436411977
0.16172727197408676
0.16590964468196034
0.1642326470464468
0.16239707404747605
0.16450514225289226
0.16348629305139184
0.16471936600282788
0.1622587419115007
0.16398810502141714
0.16478711180388927
0.16343125514686108
0.1657350081950426
0.1635403400287032
0.16221587592735887
0.16521006170660257
0.16347695281729102
0.1646639402024448
0.16214726492762566
0.16292468225583434
0.1647207299247384
0.16307803336530924
0.16416944097727537
0.1638322127982974
0.16380081279203296
0.16419062204658985
0.16306347073987126
0.16490606358274817
0.1627359506674111
0.1637349370867014
0.16519337380304933
0.16279801400378346
0.1653770781122148
0.16361258178949356
0.1620763917453587
0.16413203300908208
0.1630510170944035
0.16629975708201528
0.16205276595428586
0.16390487272292376
0.1646078028716147
0.1636750502511859
0.16571798594668508
0.1636749659664929
0.16116525698453188
0.16467770282179117
0.16310288524255157
0.1650444739498198
0.16221600491553545
0.1631618971005082
0.1635449049063027
0.16265136608853936
0.16478421306237578
0.16333822393789887
0.16267349291592836
0.16410908289253712
0.1635505547747016
0.16466712392866611
0.16166600678116083
0.16377313993871212
0.16614078916609287
0.1634596730582416
0.1652606758289039
0.16319008683785796
0.16361351683735847
0.16435509687289596
0.16264058463275433
0.164726457092911
0.16195362387225032
0.1637858198955655
0.16494849789887667
0.1630146731622517
0.16539871273562312
0.16303405677899718
0.1636120299808681
0.16434592474251986
0.16341648995876312
0.16621938766911626
0.16236843215301633
0.16383246425539255
0.16478193318471313
0.16280067898333073
0.1641389923170209
0.16342533193528652
0.16336833965033293
0.16415595076978207
0.16325598489493132
0.16555829998105764
0.16204296331852674
0.16130243008956313
0.15998187568038702
0.16404301673173904
0.1656140461564064
0.1616284311749041
0.16357225738465786
0.1628935318440199
0.16302767675369978
0.16569325467571616
0.16133680706843734
0.16273751901462674
0.1611006511375308
0.16040240274742246
0.16695481911301613
0.15947946393862367
0.16216154396533966
0.16266976902261376
0.16546699730679393
0.16359203308820724
0.1598111568018794
0.164265229832381
0.1640577339567244
0.16590282786637545
0.1633027521893382
0.16052193893119693
0.16191383264958858
0.16297432407736778
0.16653185291215777
0.16309707192704082
0.15960576618090272
0.1627051755785942
0.16336775477975607
0.16576360072940588
0.16234999615699053
0.16162927821278572
0.16319271689280868
0.16257594199851155
0.16587671590968966
0.16277947276830673
0.16177365696057677
0.163607703987509
0.16298529412597418
0.16476463386788964
0.16220108792185783
0.1631144299171865
0.16476841364055872
0.16318000154569745
0.16442161612212658
0.16366220824420452
0.16184575576335192
0.16476178402081132
0.16366106877103448
0.16506294580176473
0.16231674328446388
0.16301058093085885
0.16476699523627758
0.16314708581194282
0.1651752539910376
0.16352016618475318
0.1634492101147771
0.16435181396082044
0.16320473793894053
0.16503781080245972
0.16282070381566882
0.16319191735237837
0.16409637406468391
0.163262490183115
0.16404316574335098
0.16268182499334216
0.16426452808082104
0.16356930695474148
0.1627108850516379
0.1649330323562026
0.16259385831654072
0.16356099396944046
0.16480595292523503
0.16378007596358657
0.16458344319835305
0.1629112670198083
0.16491399612277746
0.16233346704393625
0.16124094277620316
0.1665069949813187
0.16202282486483455
0.16429017391055822
0.16539907408878207
0.163392947986722
0.1648409473709762
0.1629737881012261
0.16415160801261663
0.16172503773123026
0.16177124390378594
0.16545529291033745
0.16180351795628667
0.1646224190481007
0.16401166189461946
0.16282763285562396
0.1655643000267446
0.16234290413558483
0.1636068969964981
0.16291160322725773
0.1634560297243297
0.1647364660166204
0.16091320011764765
0.16215479373931885
0.16145258024334908
0.16038908762857318
0.1672018300741911
0.15859162202104926
0.15761124715209007
0.15871241921558976
0.16590108582749963
0.1636105957441032
0.15944238612428308
0.1619279277510941
0.16247037425637245
0.16605154424905777
0.16307720402255654
0.161319050937891
0.16467797104269266
0.1638173763640225
0.16478065680712461
0.1634293212555349
0.1620302782393992
0.16490395786240697
0.16320751095190644
0.1651499280706048
0.16273236880078912
0.1627675537019968
0.164929224178195
0.16384946275502443
0.1646376741118729
0.16364341927692294
0.1631531328894198
0.16460270388051867
0.1634426610544324
0.16479228576645255
0.16285163024440408
0.1621464602649212
0.1650359658524394
0.1639030142687261
0.1641778638586402
0.1636865776963532
0.16193134617060423
0.1626713890582323
0.16264317510649562
0.16636918717995286
0.163929158821702
0.16151496907696128
0.1638039411045611
0.16351860901340842
0.16544173564761877
0.16197312995791435
0.16336317593231797
0.16191972000524402
0.1611428097821772
0.16643621399998665
0.16191628202795982
0.16444327915087342
0.1619106619618833
0.1611963682807982
0.16659076930955052
0.1608801898546517
0.16485027968883514
0.1660959771834314
0.16344329062849283
0.16447455622255802
0.16062563797459006
0.16390857612714171
0.1632543639279902
0.1638407544232905
0.16541988914832473
0.16139397118240595
0.16414953209459782
0.16193170100450516
0.15994126489385962
0.16758750705048442
0.15792467212304473
0.16161289997398853
0.1622573840431869
0.16515063308179379
0.16316832602024078
0.16050240397453308
0.1633617109619081
0.16345087811350822
0.16468037106096745
0.16414722288027406
0.15959920594468713
0.1598998769186437
0.1601500236429274
0.16670998418703675
0.16382537595927715
0.16096008801832795
0.16318548005074263
0.1633280599489808
0.1656290148384869
0.1629616441205144
0.1619772808626294
0.16459542699158192
0.1630409061908722
0.1659744088537991
0.1631139158271253
0.16184417670592666
0.1637982320971787
0.16323724016547203
0.1657817279919982
0.16294988710433245
0.1624984280206263
0.16476312605664134
0.1630610367283225
0.16642732685431838
0.16272224392741919
0.16254577273502946
0.16418123105540872
0.16313136788085103
0.16490651294589043
0.16214205604046583
0.1627258718945086
0.16539722494781017
0.1630324488505721
0.16493291081860662
0.16330055985599756
0.16237635212019086
0.164935986045748
0.1635305448435247
0.1655857227742672
0.16285725217312574
0.16364363627508283
0.16458131931722164
0.16327298479154706
0.16489959368482232
0.16320130322128534
0.1622294159606099
0.16450404794886708
0.16287879273295403
0.16483171889558434
0.16251032194122672
0.16272588074207306
0.16509896516799927
0.1630306588485837
0.1643222658894956
0.1631726478226483
0.16462163301184773
0.16373031912371516
0.1637078202329576
0.16626656707376242
0.16370906122028828
0.16391258779913187
0.16714490205049515
0.16512496583163738
0.1669070040807128
0.16486818483099341
0.15994861675426364
0.1611113171093166
0.16191895073279738
0.1674671582877636
0.16304758144542575
0.16295014880597591
0.1653964719735086
0.1632685288786888
0.16540887206792831
0.16315068770200014
0.16156929917633533
0.16381115280091763
0.16297421790659428
0.16495608584955335
0.16294935578480363
0.16274362243711948
0.16383932065218687
0.16309414291754365
0.1657537529245019
0.16338426806032658
0.1619073310866952
0.16435682214796543
0.16290176706388593
0.16455100988969207
0.16279748501256108
0.16282913321629167
0.16484030289575458
0.16380812786519527
0.1657883571460843
0.16312229074537754
0.16375174932181835
0.1640077494084835
0.1629868638701737
0.16469598887488246
0.16315798833966255
0.16171090304851532
0.1642047450877726
0.16362626804038882
0.16496090730652213
0.16283624898642302
0.16483474522829056
0.16436798917129636
0.16421435540542006
0.16581458738073707
0.16321486374363303
0.16305553913116455
0.16564897913485765
0.1635371590964496
0.164849738124758
0.16408538492396474
0.16159260692074895
0.16501209931448102
0.1635424057021737
0.1644612937234342
0.16235204180702567
0.16239545494318008
0.1639196937903762
0.16317647974938154
0.1653808569535613
0.16280103288590908
0.16370820999145508
0.1638477179221809
0.16347130620852113
0.16447959514334798
0.16284699458628893
0.16258005006238818
0.16482998803257942
0.1635102150030434
0.1641613468527794
0.16305207274854183
0.16391439689323306
0.1634578611701727
0.1626607310026884
0.16467814799398184
0.16229657409712672
0.163252011872828
0.16385656967759132
0.16278464579954743
0.1650829091668129
0.16095055034384131
0.16419688938185573
0.1619636877439916
0.16238887887448072
0.16693046502768993
0.16211407771334052
0.1647737119346857
0.164958531036973
0.16338287759572268
0.16482688579708338
0.16275937389582396
0.16519163502380252
0.16348996106535196
0.16298157116398215
0.16639208607375622
0.16260799765586853
0.1646378869190812
0.16563198575749993
0.16345796175301075
0.16625846596434712
0.16253094607964158
0.16419758833944798
0.16270088590681553
0.1627013459801674
0.16596346301957965
0.16281911777332425
0.16398212360218167
0.16447588335722685
0.16293020406737924
0.1666420861147344
0.1625699708238244
0.16366677079349756
0.16484980005770922
0.16335918568074703
0.1661675968207419
0.16330162389203906
0.16221634484827518
0.16425184812396765
0.16349977580830455
0.16499469708651304
0.16219238843768835
0.1635194979608059
0.1641406649723649
0.16329913586378098
0.16477180691435933
0.16316300816833973
0.16259574005380273
0.16469393577426672
0.1634207796305418
0.16557636391371489
0.16229533217847347
0.16382198920473456
0.16417331295087934
0.16327640134841204
0.1649073068983853
0.16365963593125343
0.16295465640723705
0.1646964899264276
0.16404706612229347
0.16520914994180202
0.16281096171587706
0.1636940399184823
0.1639011027291417
0.16350264800712466
0.16617022780701518
0.16297864308580756
0.16299097938463092
0.16542546264827251
0.1636502519249916
0.16517334897071123
0.16315141506493092
0.16267277114093304
0.16426129499450326
0.16338640777394176
0.16518459701910615
0.16415479267016053
0.16219411278143525
0.1647195820696652
0.16344804596155882
0.16521031595766544
0.16315216198563576
0.16264417208731174
0.1645776811055839
0.16358780208975077
0.16497228667140007
0.16411115368828177
0.16193472407758236
0.16408494394272566
0.16323257191106677
0.1657933760434389
0.16293853474780917
0.16274670558050275
0.16427134023979306
0.16359155625104904
0.1652315561659634
0.16435676021501422
0.16191221214830875
0.1655179988592863
0.16379869123920798
0.16569332405924797
0.1632898752577603
0.1618679678067565
0.16334945522248745
0.1633842778392136
0.16530060581862926
0.164285852573812
0.16230579791590571
0.16482257517054677
0.16356168687343597
0.16527516627684236
0.16323739709332585
0.1626811260357499
0.16470982180908322
0.16360979108139873
0.16511806286871433
0.16393951512873173
0.16200262866914272
0.164079699665308
0.16344828205183148
0.16542888805270195
0.16378024592995644
0.1619713339023292
0.164820596575737
0.1639942480251193
0.16529498994350433
0.1641036723740399
0.16125405300408602
0.16330052120611072
0.16280758008360863
0.166793969925493
0.1624732087366283
0.163322935346514
0.16484721563756466
0.16335298819467425
0.16504658898338675
0.16445279121398926
0.16113372100517154
0.16315724700689316
0.16307036578655243
0.16669432586058974
0.1630566893145442
0.1630190322175622
0.1653006630949676
0.16426605498418212
0.16557413572445512
0.16296364879235625
0.16168739134445786
0.16533979726955295
0.1639855643734336
0.16528355097398162
0.16251795319840312
0.1631776448339224
0.16510209487751126
0.16443023411557078
0.16525493888184428
0.16425225790590048
0.16130596492439508
0.1639510616660118
0.16320508997887373
0.16677041491493583
0.16231900779530406
0.16183245740830898
0.1648374069482088
0.16403382876887918
0.16524748783558607
0.16315076407045126
0.1619063620455563
0.16513411374762654
0.16386901307851076
0.16504426021128893
0.16315656574442983
0.16213912284001708
0.16441763890907168
0.16411548107862473
0.16557900002226233
0.16371909994632006
0.16148841939866543
0.16388299176469445
0.16268535004928708
0.1656629228964448
0.1626392798498273
0.16259141312912107
0.16519484808668494
0.16391684720292687
0.16409583389759064
0.1639402131550014
0.1617633542045951
0.16470474703237414
0.1632961011491716
0.16513965604826808
0.16327009117230773
0.16171294311061502
0.16488977381959558
0.16441723378375173
0.1649019680917263
0.16375647205859423
0.16294644819572568
0.16414686478674412
0.16346479393541813
0.16574098030105233
0.16250034933909774
0.16260943561792374
0.16553180711343884
0.16410929011180997
0.1653346000239253
0.16311615519225597
0.16199772898107767
0.16456854110583663
0.16331962402909994
0.1658106013201177
0.1636444111354649
0.16217789193615317
0.16499177599325776
0.16452460503205657
0.16455280594527721
0.16452860599383712
0.16207753168419003
0.16509336838498712
0.1631608959287405
0.16617445833981037
0.16270570596680045
0.16105015110224485
0.16496800491586328
0.1643414869904518
0.16512855794280767
0.16428035544231534
0.1619571098126471
0.1646928507834673
0.16356445103883743
0.16571372374892235
0.16243346594274044
0.16190615901723504
0.1646772911772132
0.16435270523652434
0.1662743343040347
0.16238315962255
0.1621267469599843
0.1644398169592023
0.16330749727785587
0.16551926592364907
0.16339259129017591
0.1617782567627728
0.16444238275289536
0.1641876450739801
0.1646249140612781
0.1627144911326468
0.16295682406052947
0.163658385630697
0.16316845687106252
0.16557882213965058
0.16399220982566476
0.16207384876906872
0.16497341683134437
0.1641509337350726
0.16503780614584684
0.1626597112044692
0.16286546178162098
0.16500142123550177
0.16349383909255266
0.165108110755682
0.16434166813269258
0.1614887760952115
0.1646119998767972
0.16396984877064824
0.1663427548483014
0.16361980512738228
0.16190176038071513
0.16470735473558307
0.16347880009561777
0.16649389686062932
0.16339081805199385
0.16110497200861573
0.16385173331946135
0.16333626909181476
0.1658263048157096
0.16342842625454068
0.16126969829201698
0.16473969398066401
0.16383406892418861
0.16516109183430672
0.1653120000846684
0.16162268305197358
0.16368177765980363
0.16451492113992572
0.16931787226349115
0.16301515698432922
0.1623629960231483
0.16579412017017603
0.1648819800466299
0.16629774682223797
0.16357621364295483
0.16059081396088004
0.1643202700652182
0.16473676916211843
0.1660209409892559
0.16332647716626525
0.1603300767019391
0.16410109587013721
0.1635838388465345
0.16545113315805793
0.1632949118502438
0.1600245488807559
0.1615190259180963
0.16244720481336117
0.16713448194786906
0.16257348470389843
0.16102041909471154
0.16487314505502582
0.16407462256029248
0.16485951701179147
0.1622440437786281
0.16290320362895727
0.16333577642217278
0.16315988171845675
0.16579966293647885
0.16335069807246327
0.16247477708384395
0.1646897024475038
0.16345987794920802
0.16449288977310061
0.16260641114786267
0.16262452863156796
0.16213625203818083
0.16292840475216508
0.16431224904954433
0.16407416760921478
0.16385777015239
0.16437886282801628
0.16310463706031442
0.16639932710677385
0.16268396517261863
0.1631664289161563
0.165515823289752
0.16441019112244248
0.1635808157734573
0.16385595267638564
0.16307011665776372
0.16530370293185115
0.16401791432872415
0.16483391309157014
0.16247955709695816
0.1618774887174368
0.16477957693859935
0.1639416692778468
0.1642601089552045
0.1641440913081169
0.1625715340487659
0.16454120399430394
0.1634962558746338
0.16617873683571815
0.16266479576006532
0.1623644819483161
0.16566834785044193
0.16477573988959193
0.16497502522543073
0.1633598762564361
0.1613093987107277
0.16458065388724208
0.1630234089680016
0.1655357601121068
0.16257838904857635
0.16176616307348013
0.164693808183074
0.16373004904016852
0.16503231972455978
0.16432282980531454
0.16283831093460321
0.1646646219305694
0.16351827327162027
0.16501963417977095
0.16242636600509286
0.16243383195251226
0.1647638976573944
0.16374360397458076
0.16489106742665172
0.16406148299574852
0.1620669448748231
0.16436211438849568
0.16370594268664718
0.16528066573664546
0.16255725687369704
0.16316109290346503
0.16444781608879566
0.16376638412475586
0.16442519426345825
0.16425122180953622
0.1619413709267974
0.16440343018621206
0.16319568688049912
0.16728889103978872
0.16249930579215288
0.16177051374688745
0.1643098839558661
0.16394362226128578
0.16487738257274032
0.16397837596014142
0.1622927081771195
0.1643302459269762
0.16251638485118747
0.165036057587713
0.16260112496092916
0.16234522825106978
0.16481381887570024
0.16359158093109727
0.16451227804645896
0.1629778011702001
0.162918274756521
0.16354357916861773
0.1625663978047669
0.16596011817455292
0.16280008805915713
0.16262403689324856
0.16327495872974396
0.16228494700044394
0.16449892614036798
0.16102808387950063
0.16224551992490888
0.16163246193900704
0.1617076490074396
0.16538675595074892
0.15928813675418496
0.16013766173273325
0.15977743873372674
0.16231077490374446
0.16513877920806408
0.15947780525311828
0.16050540376454592
0.16147725004702806
0.16734744096174836
0.16160695115104318
0.16137830074876547
0.16504117520526052
0.16360200429335237
0.16466142889112234
0.16226980416104198
0.16262478101998568
0.16329152742400765
0.16327235521748662
0.16472431598231196
0.16423649294301867
0.1615238981321454
0.16471339529380202
0.1632452211342752
0.16472998587414622
0.1626590620726347
0.1630436866544187
0.16461062291637063
0.1632252880372107
0.1658335728570819
0.16308457776904106
0.16246788203716278
0.16463717399165034
0.16377214109525084
0.16458411095663905
0.16244657710194588
0.16235263412818313
0.16401729406788945
0.16309310728684068
0.16571948491036892
0.16283200308680534
0.16254684515297413
0.16408736119046807
0.16313963197171688
0.16531547205522656
0.16220269678160548
0.16298642195761204
0.163843157235533
0.16349238716065884
0.16607464896515012
0.16365126194432378
0.16299350978806615
0.16426556976512074
0.16261798795312643
0.16632087202742696
0.1627282123081386
0.16296846698969603
0.16373537899926305
0.1630798690021038
0.16472095530480146
0.16307836677879095
0.1637676521204412
0.1641870397143066
0.16261717583984137
0.1650163820013404
0.16236485494300723
0.16289610275998712
0.1654034019447863
0.1634974959306419
0.1645817719399929
0.16223901556804776
0.1639551348052919
0.16320193465799093
0.1625070138834417
0.16582647990435362
0.16183208068832755
0.1640891870483756
0.16588290268555284
0.1633498822338879
0.16528425365686417
0.16240975772961974
0.16393786203116179
0.16343868104740977
0.16264477837830782
0.16499148309230804
0.16207627533003688
0.16441822331398726
0.16551427962258458
0.16292434697970748
0.1653499649837613
0.16215904988348484
0.16451625386253
0.16215205425396562
0.16027839807793498
0.16790681099519134
0.16193594597280025
0.1648389920592308
0.16538559878244996
0.1628031861037016
0.16437608795240521
0.16136129293590784
0.16345464112237096
0.1628231219947338
0.16127740405499935
0.16584126371890306
0.16122762206941843
0.16309870406985283
0.16198841016739607
0.16079245181754231
0.16709385020658374
0.15828395634889603
0.16202151775360107
0.16313776979222894
0.1654162611812353
0.16433703107759356
0.15946376277133822
0.16255069710314274
0.16092351591214538
0.16415576683357358
0.16258166683837771
0.16213202010840178
0.16275034565478563
0.1626269523985684
0.16658267844468355
0.16397620690986514
0.16039783600717783
0.16460959054529667
0.16356015298515558
0.1659763460047543
0.16304901614785194
0.1608681078068912
0.16354939294978976
0.16322809364646673
0.166133145801723
0.1640550848096609
0.1609284388832748
0.16386557603254914
0.16326755285263062
0.1656531929038465
0.16306828800588846
0.1624272088520229
0.1646377881988883
0.1630526641383767
0.16560866963118315
0.16321172006428242
0.1619323338381946
0.16475799912586808
0.1634288770146668
0.1659843367524445
0.16197881428524852
0.16214727889746428
0.16466625034809113
0.16265759896486998
0.16492908634245396
0.16378738824278116
0.16147559601813555
0.16570845898240805
0.1641296287998557
0.164830869063735
0.16284318128600717
0.16134735010564327
0.16474886005744338
0.16364279529079795
0.16446780879050493
0.16376654105260968
0.16276802029460669
0.16421907534822822
0.16330854408442974
0.16501964209601283
0.1628935937769711
0.16282427916303277
0.1649654353968799
0.16393474908545613
0.1648573032580316
0.16433995496481657
0.1627260660752654
0.1652401420287788
0.1635554446838796
0.1649069986306131
0.1626761332154274
0.16221605008468032
0.1648566140793264
0.16391138499602675
0.1649308269843459
0.1628773962147534
0.16203527804464102
0.1644784901291132
0.16313423495739698
0.16485411580651999
0.1631262330338359
0.16239544097334146
0.16531494678929448
0.16442689299583435
0.16380669083446264
0.1640966678969562
0.16203095391392708
0.16453541489318013
0.16340954415500164
0.16524237487465143
0.16242082696408033
0.16233168076723814
0.16478096088394523
0.1636460260488093
0.16447586566209793
0.16299877408891916
0.1632844121195376
0.16238658409565687
0.16224267380312085
0.16598492162302136
0.16296287486329675
0.16316427290439606
0.16452002385631204
0.16350322728976607
0.1646476606838405
0.1614600047469139
0.16268216166645288
0.16184995509684086
0.16203091107308865
0.1647232067771256
0.16122232703492045
0.163664098829031
0.1624116487801075
0.1634029378183186
0.16452211700379848
0.1601882758550346
0.1612195330671966
0.16273948177695274
0.1662098071537912
0.16444256016984582
0.16122867306694388
0.16369783086702228
0.1645063883624971
0.1687661916948855
0.16668377025052905
0.1608652533032
0.1639000168070197
0.16149837709963322
0.16003675712272525
0.15977092925459146
0.161691106390208
0.16520817577838898
0.1651535010896623
0.16601496608927846
0.1640848177485168
0.16087666107341647
0.16435154527425766
0.16429022792726755
0.1653942628763616
0.16494367504492402
0.15894626080989838
0.16083292430266738
0.1618671272881329
0.1677949381992221
0.1634035282768309
0.16020664991810918
0.16347412019968033
0.16369185503572226
0.16542198695242405
0.16398624517023563
0.16159008536487818
0.16290778014808893
0.16207035817205906
0.1669902801513672
0.16308385180309415
0.16095386305823922
0.16446310887113214
0.1641004430130124
0.16469403728842735
0.16258149407804012
0.16284644789993763
0.16511770011857152
0.16358623281121254
0.16505254479125142
0.163954040966928
0.16088222805410624
0.16409840108826756
0.16362112062051892
0.1650750208646059
0.1627006302587688
0.1625309009104967
0.16459490917623043
0.1629512058570981
0.16536591295152903
0.16358174243941903
0.1620965851470828
0.16394341690465808
0.16395968105643988
0.16513040522113442
0.16302997712045908
0.16234085382893682
0.16447645658627152
0.16272636083886027
0.1660968428477645
0.16299461806192994
0.16257079923525453
0.16505945101380348
0.16384139098227024
0.16573786409571767
0.16321477806195617
0.16135143116116524
0.16324737621471286
0.1632193406112492
0.16612002300098538
0.16346383932977915
0.1631717449054122
0.1651287511922419
0.16393995517864823
0.1648757429793477
0.16292953118681908
0.16212333785369992
0.16540495865046978
0.1638902979902923
0.16499272407963872
0.16278734290972352
0.16203898331150413
0.1643119091168046
0.1631568600423634
0.16464906930923462
0.16269060969352722
0.1624016254208982
0.16413283767178655
0.16331508895382285
0.1651172861456871
0.1626052469946444
0.16324487421661615
0.16443309281021357
0.1635874821804464
0.16469705989584327
0.16294684074819088
0.16244143899530172
0.1657567243091762
0.164461649954319
0.164944542106241
0.16423871275037527
0.16203136509284377
0.16438943706452847
0.16356140421703458
0.1651533581316471
0.16372490767389536
0.16222078585997224
0.16517604468390346
0.16401449078693986
0.16486272867769003
0.16365576395764947
0.1623268499970436
0.165175907779485
0.1635179021395743
0.16503583872690797
0.1633549379184842
0.16232448583468795
0.16546334512531757
0.16364021599292755
0.1653634919784963
0.16263519320636988
0.16232427721843123
0.16521473694592714
0.16400050185620785
0.16527344193309546
0.16273239813745022
0.1612941869534552
0.16498431889340281
0.1639452031813562
0.1646911632269621
0.1644173893146217
0.1613459880463779
0.16277863085269928
0.16298922803252935
0.1662914389744401
0.16362721985206008
0.16258180979639292
0.16555461706593633
0.1638930682092905
0.1652796701528132
0.16387126967310905
0.16163045214489102
0.1634299890138209
0.16362701868638396
0.1665921239182353
0.16278890892863274
0.1618184559047222
0.1653966740705073
0.16369793144986033
0.16563466982915998
0.16342751309275627
0.16193218529224396
0.1649696659296751
0.16374523611739278
0.1660412852652371
0.16259794821962714
0.16159312659874558
0.16463324707001448
0.16420272132381797
0.16540300892665982
0.1637152791954577
0.16247168136760592
0.16428086115047336
0.1637382237240672
0.16591379791498184
0.16250982461497188
0.16247155610471964
0.16549495002254844
0.16391058498993516
0.1643125368282199
0.16344655863940716
0.16174697782844305
0.16463891975581646
0.1636270792223513
0.1659059189260006
0.1627792208455503
0.1613523019477725
0.16525566019117832
0.16399904619902372
0.16518053598701954
0.16387125803157687
0.16233110195025802
0.16503257397562265
0.16383918095380068
0.16523612337186933
0.1633101888000965
0.16133626084774733
0.164731299970299
0.16406657407060266
0.16478193318471313
0.16396408900618553
0.16135697392746806
0.1629190407693386
0.1627887892536819
0.1662655370309949
0.1632554936222732
0.16227195179089904
0.16524067427963018
0.16487563820555806
0.16475088009610772
0.16287827817723155
0.16197466989979148
0.16453452594578266
0.16353339003399014
0.16439497889950871
0.1634490261785686
0.16229392308741808
0.1657593920826912
0.16391378408297896
0.16483565093949437
0.16408183611929417
0.16207046620547771
0.16436700709164143
0.16347839822992682
0.1654839813709259
0.16281503764912486
0.16226695384830236
0.16565050883218646
0.16405399003997445
0.16498080315068364
0.16304198605939746
0.16188409877941012
0.1642238381318748
0.16316200979053974
0.16499159205704927
0.16338652092963457
0.16124292695894837
0.16544031398370862
0.16398632479831576
0.1650513899512589
0.16330194054171443
0.16394157893955708
0.16375786205753684
0.16317992098629475
0.16486398596316576
0.16417531296610832
0.16126982308924198
0.16408219374716282
0.1634610123001039
0.16569550894200802
0.16313473507761955
0.16259109694510698
0.16238243458792567
0.16307446593418717
0.165556319989264
0.1641202769242227
0.16193684376776218
0.16459296876564622
0.16358687775209546
0.16557185491546988
0.16312422510236502
0.1637181299738586
0.1652259831316769
0.16341540403664112
0.1650851578451693
0.1639934261329472
0.1621395656839013
0.16469638794660568
0.1634316649287939
0.1660714433528483
0.16239908104762435
0.16326595610007644
0.16188938217237592
0.1618539895862341
0.16578022297471762
0.16382103273645043
0.16394166788086295
0.16469167824834585
0.16297396179288626
0.166133392136544
0.1629172689281404
0.162570727057755
0.16500987112522125
0.16454042633995414
0.1649972079321742
0.16389436786994338
0.16192394495010376
0.16466753277927637
0.16354748094454408
0.16533634392544627
0.16245800396427512
0.1623497661203146
0.16469686711207032
0.16407489823177457
0.16465018363669515
0.1643729549832642
0.16199449496343732
0.16446618363261223
0.16402417700737715
0.16517669428139925
0.1621921961195767
0.16253772797062993
0.16520364535972476
0.16415459103882313
0.1647370783612132
0.16399527294561267
0.16180410562083125
0.16475305380299687
0.1630616271868348
0.1655838587321341
0.1627858062274754
0.1627050032839179
0.16486720507964492
0.16420393995940685
0.16392259020358324
0.16280475025996566
0.16170892398804426
0.1644060597755015
0.16312010399997234
0.1641826331615448
0.16357650514692068
0.1625414900481701
0.16534395096823573
0.16378940921276808
0.16393627505749464
0.16368351830169559
0.16365062212571502
0.1636562547646463
0.16267981799319386
0.16621968196704984
0.1626167488284409
0.1624841531738639
0.16496387403458357
0.16388050094246864
0.16398654086515307
0.163689608220011
0.1639522248879075
0.16352589707821608
0.16232677968218923
0.1654403186403215
0.16297444980591536
0.16289357421919703
0.1646411889232695
0.16347680985927582
0.16468274500221014
0.16335208481177688
0.16402761405333877
0.16373466700315475
0.16333980998024344
0.16534303314983845
0.16292652115225792
0.16366469208151102
0.16559412376955152
0.16454670205712318
0.16534335585311055
0.16316284192726016
0.16279933881014585
0.16456254944205284
0.16339051397517323
0.16546153323724866
0.1630484121851623
0.16273839958012104
0.16521376185119152
0.1639538141898811
0.16490044817328453
0.16417899867519736
0.16184669081121683
0.16468279715627432
0.16287257010117173
0.16545461397618055
0.16278120828792453
0.16324652172625065
0.16604768065735698
0.16464599827304482
0.16781128384172916
0.16438053967431188
0.16150764096528292
0.1638396941125393
0.16371312038972974
0.16748120076954365
0.16337124397978187
0.161963177844882
0.16599224181845784
0.16489814966917038
0.16601024102419615
0.1632791548036039
0.16040226072072983
0.1629881402477622
0.16295341029763222
0.16576555790379643
0.16265114024281502
0.16016072686761618
0.16361666284501553
0.16406335681676865
0.16599427675828338
0.16362622287124395
0.16121017234399915
0.16450888803228736
0.16336437268182635
0.16562234377488494
0.16259661503136158
0.16205078270286322
0.16482366574928164
0.16404047375544906
0.16518390597775578
0.16379393776878715
0.16209885198622942
0.1643715901300311
0.16352925822138786
0.1655004513449967
0.16274038283154368
0.16170539008453488
0.1651676008477807
0.16432795068249106
0.1643659179098904
0.16268616169691086
0.1625445201061666
0.16380126122385263
0.1629622345790267
0.1656047566793859
0.16408895794302225
0.16237008990719914
0.1650500106625259
0.16493071475997567
0.16521229688078165
0.1629787739366293
0.1617417996749282
0.16475168894976377
0.16320814099162817
0.16541273379698396
0.16391360806301236
0.1613396410830319
0.1632333560846746
0.16313993511721492
0.1662028399296105
0.16260100295767188
0.1623871959745884
0.16460384381935
0.1629883609712124
0.16539220325648785
0.16363423597067595
0.16212765080854297
0.16516013769432902
0.16417447989806533
0.1652784626930952
0.16326483618468046
0.1617130939848721
0.16352931270375848
0.16327162785455585
0.16656398307532072
0.1633185581304133
0.16344075929373503
0.16510112071409822
0.16353570111095905
0.16467280499637127
0.1625041919760406
0.16240611905232072
0.16491605108603835
0.16302430722862482
0.16540072299540043
0.16305936826393008
0.16224705381318927
0.16441184002906084
0.16355120530351996
0.164971387013793
0.1637461599893868
0.16265223594382405
0.16556917410343885
0.16423515090718865
0.16532600577920675
0.16384206572547555
0.16191684594377875
0.16397187439724803
0.16314534097909927
0.16640388267114758
0.16304355673491955
0.16132401302456856
0.1651885979808867
0.16429544379934669
0.1646022922359407
0.16360649233683944
0.1621906841173768
0.16455077100545168
0.16388226579874754
0.16487594693899155
0.16242764005437493
0.1622985377907753
0.1653429353609681
0.1645013396628201
0.16507546184584498
0.16359578631818295
0.1627733358182013
0.1642570742405951
0.16390703292563558
0.1651151874102652
0.16285322094336152
0.16247499315068126
0.16535383788868785
0.16362357093021274
0.16415531560778618
0.16391352005302906
0.16131254797801375
0.16374360909685493
0.16392041882500052
0.16403404576703906
0.16501929285004735
0.1610574177466333
0.16449474403634667
0.16335245501250029
0.16581034287810326
0.16304091177880764
0.16332897683605552
0.1626331708393991
0.16257050400599837
0.1662986259907484
0.1631033569574356
0.16299223713576794
0.16567583102732897
0.16358879301697016
0.16519622830674052
0.16297749988734722
0.16284303972497582
0.1624668138101697
0.16354935709387064
0.16616790415719151
0.16383690992370248
0.1632670690305531
0.16554683074355125
0.16372548136860132
0.16519828187301755
0.16325070522725582
0.1618346138857305
0.1629205490462482
0.16318504326045513
0.1659997501410544
0.1641094391234219
0.1632509808987379
0.16491297585889697
0.16388430818915367
0.16553170094266534
0.16278195101767778
0.16135299997404218
0.1641790010035038
0.1643257588148117
0.16485841432586312
0.16451069107279181
0.1620595040731132
0.16444933693856
0.16326117422431707
0.16557745123282075
0.16313877701759338
0.161909616086632
0.16455038310959935
0.1641066111624241
0.16529640089720488
0.16377959307283163
0.16167734004557133
0.16461703972890973
0.16352824168279767
0.16527281794697046
0.16264229407534003
