0.16928465198725462
0.17211788101121783
0.17516411701217294
0.17397744581103325
0.17432689061388373
0.17630603117868304
0.17540589207783341
0.17455336498096585
0.17229698179289699
0.1740293949842453
0.1726945461705327
0.1748696817085147
0.17459467984735966
0.17491983994841576
0.17200104426592588
0.17443965189158916
0.17547010723501444
0.1738695059902966
0.17417402984574437
0.17636717902496457
0.17453952133655548
0.17158142291009426
0.17540010903030634
0.17145946761593223
0.16890557575970888
0.1763913040049374
0.17588824685662985
0.1742122550494969
0.17240022588521242
0.17306765588000417
0.17200661078095436
0.17478061094880104
0.17629536194726825
0.1740827509202063
0.17163683706894517
0.1745669348165393
0.1751297302544117
0.17283650627359748
0.17379349563270807
0.17792203789576888
0.17507216800004244
0.17016339022666216
0.1755524603649974
0.1742823077365756
0.1744374013505876
0.17552548181265593
0.17512062704190612
0.1753909052349627
0.17141255224123597
0.1705689299851656
0.16949606034904718
0.17035807901993394
0.17805128591135144
0.17452113004401326
0.17066489811986685
0.17160056298598647
0.17450764821842313
0.1767594781704247
0.17592041892930865
0.17648845072835684
0.17437537387013435
0.17088028183206916
0.17322277883067727
0.17499027540907264
0.17670919513329864
0.17429385613650084
0.17663064086809754
0.17465439811348915
0.17232190072536469
0.1762742791324854
0.1753162737004459
0.1746239266358316
0.17558667436242104
0.1746273930184543
0.1716821757145226
0.17433925112709403
0.17561915423721075
0.17350272415205836
0.17463487200438976
0.1765991891734302
0.1739690680988133
0.17026557493954897
0.17457953607663512
0.17483839485794306
0.17376339621841908
0.17622118163853884
0.17548887990415096
0.17473519779741764
0.17085145600140095
0.17544414475560188
0.17608839413151145
0.17445365618914366
0.17427487391978502
0.17700360110029578
0.17413137201219797
0.17112162988632917
0.1754510449245572
0.17475964687764645
0.17454250063747168
0.1752782240509987
0.17457432160153985
0.1730812219902873
0.1744610909372568
0.17321180924773216
0.17005759198218584
0.17173345386981964
0.17991696065291762
0.1738151479512453
0.17189483856782317
0.17547445883974433
0.1754144481383264
0.17431268375366926
0.17486450774595141
0.1745802820660174
0.17442110506817698
0.16978352377191186
0.17485850118100643
0.17471469193696976
0.17417419236153364
0.17554091615602374
0.17463204404339194
0.1717403861694038
0.1746930768713355
0.17275767214596272
0.17194631462916732
0.17638025991618633
0.17481106519699097
0.17477757902815938
0.16959484526887536
0.1743031437508762
0.175505296792835
0.17544553196057677
0.17511910619214177
0.1740282867103815
0.1746747442521155
0.17063896963372827
0.1738711199723184
0.1741272211074829
0.1756188739091158
0.174282634165138
0.17533408803865314
0.17214857134968042
0.17439590487629175
0.1714118756353855
0.16872986778616905
0.17541818600147963
0.17489513382315636
0.1754395691677928
0.1708936532959342
0.17494097398594022
0.17525755008682609
0.17409841110929847
0.17418649094179273
0.173464875202626
0.17286309506744146
0.1733542107976973
0.17270131409168243
0.17073276406154037
0.17051096400246024
0.18062493531033397
0.17233607405796647
0.1712201894260943
0.17491207784041762
0.17514986218884587
0.17550323763862252
0.17583512095734477
0.17630077991634607
0.17512142099440098
0.17152897594496608
0.1753202169202268
0.17528528487309813
0.1738854399882257
0.17611740715801716
0.17420744011178613
0.1732339197769761
0.1732666832394898
0.17557832598686218
0.17542726872488856
0.17402908112853765
0.1753489119000733
0.1747952257283032
0.17008262826129794
0.17411121213808656
0.17499623633921146
0.17557033384218812
0.17482508905231953
0.1761974450200796
0.1736408518627286
0.17051732307299972
0.17443840531632304
0.17086862633004785
0.1680213832296431
0.1753893168643117
0.17589607974514365
0.1716065052896738
0.17492499481886625
0.17095216130837798
0.1683647260069847
0.17529255617409945
0.17466462077572942
0.17457190016284585
0.17076278198510408
0.1761315045878291
0.17517686914652586
0.17406363459303975
0.1755204419605434
0.17437888588756323
0.1717227529734373
0.17349904961884022
0.1751703880727291
0.17410198505967855
0.17375818733125925
0.1763438512571156
0.17335624527186155
0.17043626867234707
0.1743246098048985
0.17375291977077723
0.1744584459811449
0.1749862553551793
0.17494499497115612
0.17437004810199142
0.17178349802270532
0.17224013898521662
0.1729876040481031
0.17726710299029946
0.17322722310200334
0.17384161008521914
0.17115842597559094
0.17516059195622802
0.17288096528500319
0.17051135282963514
0.1738903932273388
0.17593977693468332
0.17438217625021935
0.1708380882628262
0.17262034211307764
0.17256454471498728
0.17490155110135674
0.1750504346564412
0.17338372627273202
0.17082663206383586
0.17493596812710166
0.17504502087831497
0.1725296201184392
0.17726716911420226
0.173583195079118
0.17410716507583857
0.16973656509071589
0.17406923277303576
0.1744187748990953
0.17533333878964186
0.1747182342223823
0.175168476998806
0.1729455068707466
0.17287713289260864
0.17106267577037215
0.17205765470862389
0.1764979879371822
0.174721151124686
0.17485711816698313
0.1703602960333228
0.1736415079794824
0.17140223318710923
0.16716220695525408
0.1713673146441579
0.17162863118574023
0.16993792820721865
0.17406785301864147
0.17382470378652215
0.17406123178079724
0.17616928275674582
0.17450832296162844
0.17438560165464878
0.17109659686684608
0.16948649985715747
0.17158984998241067
0.17765785241499543
0.17331671994179487
0.17366848839446902
0.17179904272779822
0.17505012499168515
0.17212903266772628
0.16800212487578392
0.17243377212435007
0.1766321030445397
0.17343151522800326
0.17268686508759856
0.17363154888153076
0.1724165570922196
0.17370404629036784
0.17583586694672704
0.17437029164284468
0.1702157291583717
0.1755410567857325
0.172716008964926
0.1692933258600533
0.17324598971754313
0.17690990399569273
0.17423182306811213
0.1713270591571927
0.17221766104921699
0.17268089205026627
0.17397672403603792
0.17723374906927347
0.17461968027055264
0.17096340376883745
0.1742984582670033
0.17540144827216864
0.17350638285279274
0.1755902897566557
0.17410515900701284
0.17391241202130914
0.16949687898159027
0.17313453508540988
0.17508779326453805
0.17439171113073826
0.17486989684402943
0.17399856494739652
0.17198438104242086
0.17138828104361892
0.17056794092059135
0.16990851238369942
0.17562429094687104
0.17413851479068398
0.17382489005103707
0.17056600796058774
0.17465922702103853
0.17444910993799567
0.17548036994412541
0.17407443281263113
0.17451695119962096
0.17196390219032764
0.1746140168979764
0.17233661096543074
0.1688656839542091
0.17217576690018177
0.17675893288105726
0.17303767520934343
0.1712965606711805
0.17651591589674354
0.17549185501411557
0.17387145897373557
0.1747035989537835
0.17418450582772493
0.17244821460917592
0.1730357208289206
0.1742314249277115
0.17224976001307368
0.17433175537735224
0.1744918618351221
0.1743049300275743
0.1694546309299767
0.1729166740551591
0.17381673585623503
0.17414980800822377
0.17489275289699435
0.17512277513742447
0.17402239795774221
0.1720895627513528
0.1731788907200098
0.17071955278515816
0.17398954275995493
0.17634761612862349
0.17465305514633656
0.17019277391955256
0.17351507814601064
0.1699339160695672
0.17012119991704822
0.17927514808252454
0.17286162124946713
0.17413538042455912
0.17314285691827536
0.17130491835996509
0.16974345734342933
0.17160647502169013
0.17875400884076953
0.17364000109955668
0.17131384182721376
0.17543775867670774
0.17099659191444516
0.16885764803737402
0.17913217702880502
0.17279177904129028
0.17241584928706288
0.17322410503402352
0.17328314715996385
0.17266986379399896
0.17466593906283379
0.17673557670786977
0.1739600677974522
0.16972659481689334
0.17620901810005307
0.1754090921021998
0.1735820760950446
0.17435031477361917
0.17433254001662135
0.17448627296835184
0.17024379316717386
0.17509234230965376
0.17451485292986035
0.17385358782485127
0.17371334414929152
0.17518238862976432
0.1726607521995902
0.17426935909315944
0.17208196176216006
0.16915455600246787
0.17244077194482088
0.17584411799907684
0.17422282695770264
0.17145743407309055
0.17606389615684748
0.17506683384999633
0.1740781031548977
0.17462961189448833
0.17431422090157866
0.17126986617222428
0.17371068289503455
0.1749560716561973
0.1733657610602677
0.173530001193285
0.17489402508363128
0.174487488809973
0.1696667573414743
0.17379042459651828
0.17452452890574932
0.17576573695987463
0.1751889199949801
0.17444891203194857
0.17512664897367358
0.17097349325194955
0.17215300677344203
0.17287776991724968
0.17437390703707933
0.17451891163364053
0.17495824629440904
0.17140343226492405
0.17423403076827526
0.1709971991367638
0.16848325170576572
0.17405843315646052
0.17681795684620738
0.17337913904339075
0.1724946489557624
0.1723105818964541
0.16989252716302872
0.1722857621498406
0.1773279602639377
0.1748874019831419
0.17184181371703744
0.17516246531158686
0.17132800910621881
0.16711282124742866
0.17121928092092276
0.17985545098781586
0.1732681510038674
0.17316519375890493
0.1717282570898533
0.16915554786100984
0.17075612070038915
0.1801184038631618
0.17387770395725965
0.17203096812590957
0.17676930595189333
0.1757976831868291
0.1747579420916736
0.17486203974112868
0.17500938335433602
0.17458738666027784
0.17027904093265533
0.17361810617148876
0.1753359930589795
0.17403207905590534
0.1759938569739461
0.17471459275111556
0.1732280980795622
0.17350013367831707
0.1723646419122815
0.1684701656922698
0.17240093322470784
0.17735882475972176
0.17420161236077547
0.17137443320825696
0.1751161147840321
0.17207573307678103
0.17099454812705517
0.17703837994486094
0.17400381714105606
0.1735956259071827
0.17297418601810932
0.17043484095484018
0.16987351840361953
0.17423047497868538
0.1771195367909968
0.1744311647489667
0.17110436176881194
0.17586463084444404
0.17497918708249927
0.17494030902162194
0.17430100915953517
0.17532398691400886
0.17515452299267054
0.1710456539876759
0.17500438494607806
0.17381704412400723
0.17428470170125365
0.17443198105320334
0.17480113497003913
0.17104464210569859
0.17526489309966564
0.17078900430351496
0.1722121788188815
0.18109718104824424
0.17434761207550764
0.17593804001808167
0.1709946198388934
0.1761301732622087
0.17416531033813953
0.1736774519085884
0.17820791993290186
0.1745026269927621
0.17440770706161857
0.16942135524004698
0.17350023239850998
0.17525745136663318
0.17627554200589657
0.1737197758629918
0.1754498123191297
0.17246349900960922
0.17389946477487683
0.1706462949514389
0.1712930640205741
0.17900106590241194
0.17449459014460444
0.17460244707763195
0.17015920393168926
0.17265571793541312
0.17026870418339968
0.17096609203144908
0.17955918610095978
0.1733033829368651
0.173122295178473
0.1717894459143281
0.171083752065897
0.17091433284804225
0.17504239501431584
0.17619437538087368
0.17382548982277513
0.1702452413737774
0.1716307159513235
0.17422333965077996
0.1746268579736352
0.17390325898304582
0.1737431362271309
0.17242534877732396
0.17304680170491338
0.172198754735291
0.17146573588252068
0.17348546301946044
0.17743434896692634
0.17360153701156378
0.169721822720021
0.1748411450535059
0.1753124869428575
0.1739710890688002
0.17412822507321835
0.17355666309595108
0.17388603230938315
0.1710312981158495
0.17498324485495687
0.17435067193582654
0.17468605982139707
0.1744897379539907
0.1753392182290554
0.17124080937355757
0.17488382197916508
0.17073521902784705
0.16711904993280768
0.17225935170426965
0.1760055129416287
0.17407051799818873
0.17334042396396399
0.17229408770799637
0.17068004421889782
0.17561378004029393
0.17562662810087204
0.17499193595722318
0.1702684429474175
0.17125043692067266
0.1711698342114687
0.17162957368418574
0.17842669924721122
0.1734562567435205
0.1736264401115477
0.17390976380556822
0.17258874513208866
0.17130077676847577
0.17205368680879474
0.17743523186072707
0.17436885507777333
0.17044063610956073
0.17438731901347637
0.17199404910206795
0.16761636501178145
0.17864485597237945
0.17376519599929452
0.17339387303218246
0.17241636477410793
0.17143379990011454
0.17054504295811057
0.1743193482980132
0.17831985699012876
0.17380555206909776
0.16969121200963855
0.17575600882992148
0.175504167098552
0.17482122918590903
0.175920516718179
0.17330770706757903
0.17409969680011272
0.17158777080476284
0.1754679181613028
0.17460081726312637
0.1743785343132913
0.17459861235693097
0.173862568102777
0.17226117197424173
0.17415367299690843
0.17184545379132032
0.16787311621010303
0.1738202851265669
0.17526308493688703
0.1754945358261466
0.17154517397284508
0.1708333780989051
0.1711590802296996
0.1734043969772756
0.17592273093760014
0.17505074990913272
0.17180408304557204
0.17530919518321753
0.172212447039783
0.1687248251400888
0.17090295813977718
0.17954434221610427
0.17483452102169394
0.17122054239735007
0.1725488416850567
0.17388051189482212
0.17427497310563922
0.1751001961529255
0.17438671877607703
0.17147561069577932
0.17422930989414454
0.17426792019978166
0.17215351294726133
0.1732419696636498
0.17487560911104083
0.1751410011202097
0.1692813839763403
0.17272346187382936
0.17476861039176583
0.1760993511416018
0.17390215024352074
0.17382474662736058
0.17168450634926558
0.17388000385835767
0.17553691798821092
0.17298344895243645
0.1749624707736075
0.17534209927543998
0.17374436696991324
0.17072814982384443
0.17401387356221676
0.17022905172780156
0.17022568732500076
0.17781496420502663
0.17336973967030644
0.17218740144744515
0.17457552766427398
0.17222080612555146
0.17069412907585502
0.17425243789330125
0.1760714496485889
0.17419703491032124
0.1704529388807714
0.17539463099092245
0.17079484229907393
0.1687197950668633
0.18115584086626768
0.17195080686360598
0.17308210534974933
0.17179758613929152
0.17095095105469227
0.17013248475268483
0.17152496613562107
0.17668420495465398
0.17327279737219214
0.17194148199632764
0.175920816604048
0.17399139609187841
0.174350427929312
0.174012232106179
0.1745134498924017
0.17168621392920613
0.1731524458155036
0.17349572712555528
0.17229119688272476
0.17352404398843646
0.17504871217533946
0.17359022609889507
0.16948470612987876
0.17215510411188006
0.17461683601140976
0.1756835589185357
0.1735239066183567
0.17454285640269518
0.1718112202361226
0.17292717471718788
0.1754921800456941
0.17440376430749893
0.17507132096216083
0.17503925692290068
0.17387944925576448
0.17041619028896093
0.1733244420029223
0.1701117348857224
0.17051925975829363
0.17855755891650915
0.17377045704051852
0.17308151302859187
0.17245377786457539
0.17197279212996364
0.17139070807024837
0.17547298315912485
0.1750072198919952
0.17489181784912944
0.17070893896743655
0.1734095006249845
0.1703629489056766
0.16775568621233106
0.17471153009682894
0.17526045022532344
0.17197719914838672
0.17462788568809628
0.17065965523943305
0.17114804591983557
0.17965236771851778
0.17297583585605025
0.17382686818018556
0.17121571116149426
0.17340311873704195
0.17187784425914288
0.17183377919718623
0.18027583416551352
0.17185937194153666
0.1737437197007239
0.17352832481265068
0.1719155958853662
0.1713913162238896
0.1728853047825396
0.17846477311104536
0.17347814701497555
0.17028003791347146
0.17561109084635973
0.17573799518868327
0.17424575192853808
0.17484220303595066
0.1748010921292007
0.1751991380006075
0.1710203099064529
0.1740637170150876
0.17494265316054225
0.1748538240790367
0.17438226006925106
0.17628575209528208
0.17229691706597805
0.17439801106229424
0.17237369110807776
0.1707283891737461
0.17197879496961832
0.17784734768792987
0.17343713296577334
0.17149453843012452
0.1726919524371624
0.1728143678046763
0.17409579269587994
0.1763614141382277
0.17337619792670012
0.1725148819386959
0.1720680920407176
0.17435246799141169
0.1739261602051556
0.1734382789582014
0.1764004952274263
0.17446174891665578
0.1693398910574615
0.17375253606587648
0.1746417609974742
0.1742931641638279
0.1747749550268054
0.17440041713416576
0.17475114902481437
0.17195176566019654
0.17323191883042455
0.17220752779394388
0.17334272293373942
0.17622649483382702
0.174322668928653
0.17128049675375223
0.17566095804795623
0.1725943791680038
0.16876075696200132
0.1710034040734172
0.1785669457167387
0.17316250409930944
0.172320154029876
0.17114936793223023
0.17084222193807364
0.1724434639327228
0.17643605591729283
0.17444886406883597
0.1715709362179041
0.17504899110645056
0.17090247105807066
0.17059287568554282
0.17922861594706774
0.17530113365501165
0.17346058692783117
0.17054871283471584
0.1737511013634503
0.1742832437157631
0.1739340270869434
0.17427309416234493
0.17492689983919263
0.17093899985775352
0.17524341074749827
0.1758243991062045
0.17349930107593536
0.17535394988954067
0.17496041394770145
0.17491247598081827
0.17058198899030685
0.17316160909831524
0.1699136202223599
0.17033067299053073
0.1804271498695016
0.17295021656900644
0.17460633721202612
0.1724148979410529
0.17201981088146567
0.17048763809725642
0.17279586102813482
0.178206292912364
0.17402105871587992
0.17159026907756925
0.17678960924968123
0.17668473022058606
0.17970999563112855
0.17519825510680676
0.17725067492574453
0.17486649099737406
0.17164744902402163
0.17698613600805402
0.17461689980700612
0.1724299630150199
0.17350336210802197
0.17518727155402303
0.1749000158160925
0.16963693127036095
0.17201095260679722
0.17324912315234542
0.17385282507166266
0.1757312249392271
0.17443384183570743
0.1704110843129456
0.17460080701857805
0.1757735926657915
0.17403310304507613
0.17577061103656888
0.17461844626814127
0.17420310573652387
0.17136496445164084
0.17559626419097185
0.17223883606493473
0.17079228907823563
0.17598607996478677
0.17476372886449099
0.1719519980251789
0.17351910006254911
0.17334373435005546
0.17145789600908756
0.17244471469894052
0.17728063091635704
0.1737886373884976
0.16977752605453134
0.17158583085983992
0.1706299250945449
0.17141999304294586
0.1798806576989591
0.1730335378088057
0.17250962276011705
0.17326749302446842
0.17261763522401452
0.1711003719829023
0.17285525798797607
0.17759378114715219
0.17279208078980446
0.17053295532241464
0.1706712320446968
0.17105673626065254
0.17284876015037298
0.1750546763651073
0.17420482030138373
0.1716862223111093
0.17490275111049414
0.17262878129258752
0.17101195873692632
0.17351337196305394
0.17843153327703476
0.1743339691311121
0.17021791404113173
0.17437176406383514
0.1733536198735237
0.17372024897485971
0.17571537289768457
0.17356446012854576
0.17250603903084993
0.17292932514101267
0.17574624810367823
0.1743828970938921
0.1742265191860497
0.1756776962429285
0.17531920783221722
0.1705276258289814
0.171636916231364
0.17045276006683707
0.1676926650106907
0.1745263710618019
0.17460986599326134
0.17189246602356434
0.1726251021027565
0.17192317266017199
0.17183293076232076
0.1769470740109682
0.17479765322059393
0.17403357615694404
0.17047633603215218
0.17516271909698844
0.17474078899249434
0.1737233716994524
0.17497326480224729
0.17455005832016468
0.17281859926879406
0.173325021751225
0.17328575998544693
0.17133466992527246
0.1741536157205701
0.17548621585592628
0.1750774742104113
0.16989165311679244
0.17553640576079488
0.17303147120401263
0.1705325678922236
0.17858191020786762
0.17201314540579915
0.1709543950855732
0.17282627196982503
0.17394991731271148
0.1729540629312396
0.174116097856313
0.1748485048301518
0.17403523297980428
0.16961806314066052
0.16922521172091365
0.16882734885439277
0.17123546916991472
0.18013036204501987
0.17330660810694098
0.17242024978622794
0.1728719649836421
0.17252058908343315
0.1720624710433185
0.1734316241927445
0.177711830008775
0.17506872210651636
0.17023711279034615
0.17290248721837997
0.1740108709782362
0.17380438605323434
0.17478100769221783
0.17505040997639298
0.1733194780535996
0.17118883598595858
0.1760278227739036
0.17489539692178369
0.17381108179688454
0.17564163217321038
0.17492696829140186
0.17097121477127075
0.17456954019144177
0.17082192515954375
0.16831500176340342
0.1736539169214666
0.17629968794062734
0.17451060516759753
0.1729694828391075
0.17300966568291187
0.1721756672486663
0.1736211646348238
0.17515311017632484
0.17560841189697385
0.17140309885144234
0.17527046706527472
0.17235000478103757
0.169279710855335
0.1706197769381106
0.17858962481841445
0.17406974686309695
0.17219328926876187
0.17175800586119294
0.17208683211356401
0.17293286602944136
0.17767433682456613
0.17368169780820608
0.1712516718544066
0.17528637778013945
0.1739242267794907
0.17208958184346557
0.17262989981099963
0.17323503689840436
0.17236646870151162
0.17282178485766053
0.17273831460624933
0.1721023302525282
0.1733967112377286
0.1772866677492857
0.17376715363934636
0.17097113002091646
0.17560547357425094
0.17473665019497275
0.17332968628033996
0.17481544381007552
0.17428606422618032
0.17500524874776602
0.17021169792860746
0.17478176578879356
0.17496934020891786
0.17436032323166728
0.17593502718955278
0.17510363180190325
0.17280317097902298
0.17280853958800435
0.1724211829714477
0.17210095608606935
0.17460087267681956
0.1752659659832716
0.17456471920013428
0.1704209358431399
0.1757268006913364
0.17113892594352365
0.16791715007275343
0.1728571653366089
0.17602041503414512
0.17297235177829862
0.17426974372938275
0.1733401189558208
0.1713084476068616
0.17286016512662172
0.17770843487232924
0.17372076865285635
0.1708012241870165
0.17596202809363604
0.17502265563234687
0.17406203784048557
0.17484936909750104
0.17462813621386886
0.17460402566939592
0.17131683183833957
0.17466593207791448
0.17475856095552444
0.17550581693649292
0.17413609102368355
0.17558000097051263
0.17270398419350386
0.17379680275917053
0.1719273622147739
0.17237935587763786
0.17455868097022176
0.17557614063844085
0.1743617309257388
0.17018673056736588
0.17583899199962616
0.17476302990689874
0.17417140072211623
0.17430469393730164
0.17323340708389878
0.17350219888612628
0.17092439206317067
0.17393353022634983
0.1739269490353763
0.17335385037586093
0.17438678489997983
0.17484016483649611
0.16881742840632796
0.1698548118583858
0.16922835912555456
0.1701969299465418
0.18038155091926455
0.17292070062831044
0.17167526530101895
0.17364135524258018
0.17481244774535298
0.17339371796697378
0.1733934166841209
0.17710764007642865
0.17438166867941618
0.17046369891613722
0.17470245622098446
0.17501864721998572
0.1744468412362039
0.17480332404375076
0.1754510379396379
0.1741414051502943
0.17216330906376243
0.16996295098215342
0.16836197301745415
0.1706305188126862
0.17815719172358513
0.17449145391583443
0.1700457469560206
0.17485535191372037
0.17184498813003302
0.1719854543916881
0.17837482690811157
0.17460456490516663
0.17409078497439623
0.17130853421986103
0.17119825864210725
0.17094747815281153
0.17208890104666352
0.17827358981594443
0.17446873197332025
0.17098345793783665
0.17591023677960038
0.17255844036117196
0.1700364719145
0.17131148697808385
0.1719393557868898
0.17406025482341647
0.17430497333407402
0.17343958001583815
0.17213574005290866
0.17409861972555518
0.17855768464505672
0.17438222700729966
0.17082021478563547
0.17600889038294554
0.17665365105494857
0.17471261881291866
0.17587135266512632
0.17480934178456664
0.17520084185525775
0.1706276498734951
0.1750262794084847
0.1722758780233562
0.16797017958015203
0.173619591165334
0.17760406294837594
0.172856030985713
0.1747917258180678
0.17334071127697825
0.1715616169385612
0.17251121578738093
0.17796189989894629
0.17419167468324304
0.17072419309988618
0.17604931024834514
0.17578502837568521
0.17437663907185197
0.17457660799846053
0.1749345390126109
0.17513714404776692
0.16981367394328117
0.17423492902889848
0.17413739394396544
0.17387474467977881
0.17532213358208537
0.17453827196732163
0.17339897388592362
0.17396495677530766
0.17259847791865468
0.17119461437687278
0.17222189018502831
0.17745870677754283
0.1742341830395162
0.17089295899495482
0.17530769295990467
0.170602526050061
0.16870799288153648
0.18152204528450966
0.17293229326605797
0.17528783297166228
0.17373021179810166
0.1796251218765974
0.17752242786809802
0.17666184296831489
0.1771408007480204
0.17802473390474916
0.17565983207896352
0.17129332898184657
0.17383836722001433
0.17611144296824932
0.17519431002438068
0.17539501702412963
0.1762044201605022
0.17426489805802703
0.1728095654398203
0.1737576061859727
0.17275977926328778
0.17386383516713977
0.17579457582905889
0.17499224096536636
0.17252893978729844
0.17448678193613887
0.17336970893666148
0.17186892498284578
0.17409082502126694
0.1788618196733296
0.1748883598484099
0.1702772923745215
0.1744776451960206
0.17638407088816166
0.17516098823398352
0.1757446387782693
0.17547412682324648
0.17445311835035682
0.1716187810525298
0.17434594687074423
0.17527810903266072
0.1745225447230041
0.17524195229634643
0.174426828045398
0.17307002004235983
0.17238972801715136
0.17513703787699342
0.17468258691951632
0.17383815022185445
0.17498340690508485
0.17457856005057693
0.17039912892505527
0.17428840976208448
0.17389309918507934
0.1741714309900999
0.17553257616236806
0.17691160598769784
0.17371172178536654
0.17178098298609257
0.1749733597971499
0.17177623976022005
0.16751659661531448
0.1755832191556692
0.17652740562334657
0.17194862104952335
0.1758600422181189
0.17292600590735674
0.17001262865960598
0.17277032462880015
0.17841948894783854
0.17380769969895482
0.1719685262069106
0.1731684380210936
0.17363839596509933
0.17497957032173872
0.1753544919192791
0.1754367141984403
0.1735052582807839
0.17208281578496099
0.1762470998801291
0.17563867289572954
0.17585968784987926
0.17448805971071124
0.1755893030203879
0.17300601908937097
0.17427613819018006
0.1738502192310989
0.17199883190914989
0.1741744540631771
0.17683525010943413
0.17422726191580296
0.17054824577644467
0.1761238081380725
0.17623098101466894
0.17457974702119827
0.17534662876278162
0.17614357313141227
0.17470615822821856
0.17061634501442313
0.17570929927751422
0.17342571076005697
0.1705645020119846
0.17707029404118657
0.17462519370019436
0.17467102780938148
0.1755859898403287
0.17592190811410546
0.17478940403088927
0.1740799257531762
0.1754266838543117
0.17476606322452426
0.1725141378119588
0.17320819525048137
0.17119991313666105
0.16797993564978242
0.1747628878802061
0.17587605956941843
0.17506012320518494
0.170850174035877
0.17446626024320722
0.174732378218323
0.1746673029847443
0.17602357687428594
0.17504076985642314
0.17393211694434285
0.17278399085626006
0.17553033167496324
0.17555510206148028
0.17440407630056143
0.17532720416784286
0.1750829629600048
0.17084958124905825
0.17570984596386552
0.17691702162846923
0.17417607177048922
0.1752072093077004
0.17535262880846858
0.17543770978227258
0.17038856307044625
0.17513412283733487
0.17190655833110213
0.17084443010389805
0.17553963931277394
0.17419762909412384
0.17482426529750228
0.1716311820782721
0.17116178711876273
0.17078800685703754
0.17263516876846552
0.1779356300830841
0.17344941291958094
0.17092591803520918
0.17647694190964103
0.17616182612255216
0.1751929041929543
0.17557661794126034
0.17592645529657602
0.17486687377095222
0.17029075883328915
0.1756580569781363
0.17373329075053334
0.17063244199380279
0.17655159207060933
0.17528215469792485
0.17507739597931504
0.1724565289914608
0.17129248706623912
0.17019252199679613
0.17187985824421048
0.1786459470167756
0.1753238197416067
0.17028955603018403
0.17621156899258494
0.1730872569605708
0.16925597097724676
0.1714231250807643
0.17098854668438435
0.17439018283039331
0.17528491420671344
0.1728642857633531
0.1722825081087649
0.17541083972901106
0.17669000383466482
0.17545622726902366
0.17026122193783522
0.1761446287855506
0.17612169589847326
0.17493250407278538
0.17593840323388577
0.17478371039032936
0.17535403138026595
0.17157058790326118
0.17587975738570094
0.17280028387904167
0.17091787001118064
0.17642225325107574
0.17663209419697523
0.17355164512991905
0.1724013639613986
0.17470834497362375
0.17402202915400267
0.17444831877946854
0.17504243412986398
0.17534618871286511
0.17135396972298622
0.17542249895632267
0.17609185073524714
0.17404225328937173
0.1755509776994586
0.1752299969084561
0.17534290300682187
0.1719765281304717
0.17557436786592007
0.17301805689930916
0.17016970366239548
0.17415934661403298
0.1763214231468737
0.17440907983109355
0.17112958943471313
0.1735300701111555
0.173113654833287
0.1743032382801175
0.1751680546440184
0.1735920081846416
0.17114807199686766
0.17413385584950447
0.17625055508688092
0.17415108904242516
0.17555851908400655
0.17461187578737736
0.17422586400061846
0.17046047002077103
0.17583475587889552
0.17262132838368416
0.17178138392046094
0.17684895172715187
0.175036140717566
0.17296187160536647
0.17213258473202586
0.17192747816443443
0.17150508426129818
0.172967123799026
0.176640709862113
0.17505834344774485
0.1709449077025056
0.1750342659652233
0.17223484069108963
0.17085019405931234
0.17912147007882595
0.17508344491943717
0.17428650194779038
0.17077448777854443
0.1752714547328651
0.1744176596403122
0.17368635907769203
0.1757733467966318
0.174985792953521
0.17251538205891848
0.17413857905194163
0.17498747119680047
0.17336253076791763
0.17501616524532437
0.17580239521339536
0.17557068122550845
0.17132073873654008
0.17576884431764483
0.17428757203742862
0.1708687930367887
0.1723218415863812
0.17321357317268848
0.17480311216786504
0.17172142211347818
0.1722426200285554
0.17149833915755153
0.17377934511750937
0.17918061465024948
0.17437134077772498
0.17047742754220963
0.17574963718652725
0.17619655700400472
0.173957705963403
0.17587773175910115
0.175051623955369
0.17429470643401146
0.17044040514156222
0.1746553760021925
0.17382074799388647
0.17320790002122521
0.17652622004970908
0.17612759908661246
0.17538673710078
0.17089009517803788
0.17419711826369166
0.17463114159181714
0.1746400399133563
0.17389037180691957
0.17456123465672135
0.17123619001358747
0.17460580170154572
0.17669885279610753
0.1735798460431397
0.17373203905299306
0.17586383735761046
0.1755401799455285
0.17044861009344459
0.17655460676178336
0.17257014382630587
0.17183542484417558
0.17922028806060553
0.17538562696427107
0.17516116984188557
0.17162713687866926
0.17182345874607563
0.1718637039884925
0.17470173817127943
0.17651891615241766
0.17434389796108007
0.17283011274412274
0.1737284609116614
0.1756262551061809
0.17417127592489123
0.17406045086681843
0.17509594419971108
0.17543019028380513
0.16991963796317577
0.1742602870799601
0.17443166580051184
0.17436836706474423
0.17700756108388305
0.17558558704331517
0.1742910291068256
0.17105486430227757
0.1745317499153316
0.1745181018486619
0.17495201202109456
0.1748738340102136
0.17478667572140694
0.17295549204573035
0.17186313262209296
0.17526543699204922
0.17404557019472122
0.17393092578276992
0.17431421065703034
0.1746219308115542
0.16948285326361656
0.1742299860343337
0.1757989889010787
0.17648115381598473
0.1755818109959364
0.1760846427641809
0.17526390915736556
0.17102134274318814
0.1714725149795413
0.17221707105636597
0.17321312986314297
0.17695064097642899
0.17439989699050784
0.1732944780960679
0.1735446178354323
0.17624643677845597
0.17319120606407523
0.17314632888883352
0.17572633968666196
0.17447725124657154
0.16968057304620743
0.17356797633692622
0.17441567312926054
0.17507356125861406
0.17516865115612745
0.17458609398454428
0.17473656684160233
0.17014567693695426
0.16828999808058143
0.17148445500060916
0.17856695223599672
0.17327453708276153
0.17550463415682316
0.1712969671934843
0.17447742726653814
0.17219957197085023
0.17062154598534107
0.17410614667460322
0.1781192352063954
0.17399763641878963
0.17023595422506332
0.17338364711031318
0.17348936712369323
0.17379129771143198
0.1759452298283577
0.17407392477616668
0.17166551435366273
0.17371818888932467
0.17466828972101212
0.17331967782229185
0.17561486130580306
0.17447537882253528
0.17404670780524611
0.1707379030995071
0.17481363425031304
0.1742719616740942
0.1731495880521834
0.17562935454770923
0.17526556085795164
0.17325800703838468
0.17229297012090683
0.1732056438922882
0.17118633585050702
0.17319320095703006
0.17652779957279563
0.17426638584583998
0.17087092017754912
0.1763130808249116
0.1760193663649261
0.17413958394899964
0.1745006050914526
0.17469677003100514
0.17372174700722098
0.17059905407950282
0.1744031752459705
0.17455822927877307
0.17387570859864354
0.17498665628954768
0.17460218211635947
0.17266637412831187
0.17373336805030704
0.17306715482845902
0.17178729781880975
0.1731605138629675
0.17716773599386215
0.1737968628294766
0.16994994599372149
0.17559842485934496
0.17477644514292479
0.1735405740328133
0.17452833196148276
0.1738189491443336
0.1735989428125322
0.1714544859714806
0.1747135347686708
0.17395995324477553
0.17367072217166424
0.17475737305358052
0.17408918915316463
0.17108934884890914
0.1743257837370038
0.17067743139341474
0.1701548001728952
0.17636800603941083
0.17359404498711228
0.1733736228197813
0.17209545383229852
0.17518210876733065
0.1744369100779295
0.17402941035106778
0.1741346069611609
0.17438963195309043
0.1719977268949151
0.17364591266959906
0.1723250849172473
0.17095620092004538
0.17369078285992146
0.17557935183867812
0.1740913037210703
0.17190625611692667
0.17494118632748723
0.17339479830116034
0.17315534316003323
0.17445702478289604
0.17389585496857762
0.17049796599894762
0.17353110387921333
0.17418951401486993
0.17243871511891484
0.17337362188845873
0.1741920132189989
0.17552046803757548
0.16918878629803658
0.173154863063246
0.17485202196985483
0.17357513681054115
0.1748388670384884
0.1733840093947947
0.17122251400724053
0.1739158662967384
0.1746867522597313
0.17381054302677512
0.1744870701804757
0.1745969746261835
0.1738127637654543
0.17104804189875722
0.17449755733832717
0.17179243080317974
0.16936896508559585
0.175739964004606
0.17511609196662903
0.17230988992378116
0.17454554326832294
0.17235684813931584
0.17041580006480217
0.17332433769479394
0.17811900516971946
0.17324816901236773
0.16993388906121254
0.17401198204606771
0.17459181416779757
0.17369196424260736
0.1737614250741899
0.1748764687217772
0.1729318522848189
0.1718330984003842
0.1716935927979648
0.16891716327518225
0.17048340570181608
0.17825272167101502
0.17346622608602047
0.1719471369870007
0.17487914999946952
0.17384775402024388
0.17425160622224212
0.17413690593093634
0.17417505709454417
0.17216359730809927
0.1726742680184543
0.1751901381649077
0.1739606037735939
0.17458406975492835
0.1748069110326469
0.17349204886704683
0.16992343310266733
0.17448984971269965
0.17286325432360172
0.1735256160609424
0.1751628778874874
0.17511856509372592
0.17312554502859712
0.17204182082787156
0.17195055773481727
0.17156441789120436
0.17509198607876897
0.17655532574281096
0.17422805028036237
0.17005814518779516
0.17482458520680666
0.17224609293043613
0.1679372270591557
0.17268957011401653
0.17221631715074182
0.17195085296407342
0.17410713620483875
0.17129560699686408
0.16937314486131072
0.1760620647110045
0.17452773125842214
0.17409389140084386
0.17057949909940362
0.17515347199514508
0.17379977600649
0.17283319775015116
0.17492647282779217
0.17414524173364043
0.17185169691219926
0.17444138089194894
0.17278573522344232
0.17102424195036292
0.1736384890973568
0.17666671890765429
0.17408979823812842
0.17123254388570786
0.17504124576225877
0.17532882373780012
0.17377069406211376
0.17330589704215527
0.1744296490214765
0.17134802602231503
0.17285163793712854
0.1755713107995689
0.17283899895846844
0.1734722307883203
0.17428143974393606
0.17399293091148138
0.16970149707049131
0.17383841192349792
0.17394078662618995
0.17338282521814108
0.17500990210101008
0.1751016960479319
0.17285843705758452
0.17331005912274122
0.1740728011354804
0.17256239708513021
0.1725168484263122
0.1763419988565147
0.17411836329847574
0.1706472523510456
0.17416626308113337
0.17037103278562427
0.16851126262918115
0.1747362343594432
0.17545607406646013
0.17343158181756735
0.17263187933713198
0.17195041617378592
0.16929641691967845
0.17577494401484728
0.17477599577978253
0.17428791522979736
0.17114795418456197
0.17430178122594953
0.17298086313530803
0.1726847579702735
0.17685727821663022
0.17456943355500698
0.17275470495224
0.17260715877637267
0.17183447163552046
0.1708350069820881
0.17338862037286162
0.17597026098519564
0.17511232290416956
0.17072746995836496
0.17475774697959423
0.1712687029503286
0.1678167781792581
0.17370509589090943
0.17385590868070722
0.17275495128706098
0.17480816273018718
0.17082557315006852
0.17118159495294094
0.1794978561811149
0.17451479099690914
0.1752639370970428
0.17050987901166081
0.17275018384680152
0.1743203280493617
0.17477617599070072
0.17459234176203609
0.17497487226501107
0.17360045621171594
0.17198677361011505
0.17560073593631387
0.17321965377777815
0.17381860595196486
0.17559420596808195
0.17555220471695065
0.1697869091294706
0.17420118115842342
0.17395687708631158
0.17361925821751356
0.1765480008907616
0.17544311098754406
0.1750059388577938
0.17142582684755325
0.17510021524503827
0.1706638028845191
0.1684549180790782
0.17730690632015467
0.17506904294714332
0.1723454869352281
0.17519241478294134
0.17415266716852784
0.17209287406876683
0.17443166207522154
0.17759336112067103
0.17452102899551392
0.17071004677563906
0.1756995702162385
0.17604900477454066
0.17364335665479302
0.17591797793284059
0.17565050534904003
0.17429328802973032
0.17107511777430773
0.17630065884441137
0.1737834708765149
0.17311578104272485
0.1764016761444509
0.1739163431338966
0.17449305905029178
0.1717365118674934
0.17119654593989253
0.1697927312925458
0.17312046280130744
0.17868355987593532
0.17441903613507748
0.17077505216002464
0.1762002040632069
0.17577964207157493
0.1743882172740996
0.17488295631483197
0.17643120093271136
0.17423372901976109
0.17130715493112803
0.17740017781034112
0.17445881618186831
0.17209284007549286
0.17770858481526375
0.18138485588133335
0.17489788308739662
0.17102572275325656
0.17547515407204628
0.17470854287967086
0.17487282305955887
0.17768352199345827
0.17596396896988153
0.1751503120176494
0.17220381973311305
0.17010028520599008
0.17101155687123537
0.17254570592194796
0.17749853199347854
0.17495936062186956
0.17122257826849818
0.17559766490012407
0.17428021039813757
0.172068792860955
0.17500146199017763
0.178057543002069
0.1748466258868575
0.17026820499449968
0.17463683988898993
0.1755337668582797
0.17593191005289555
0.17495785793289542
0.17546055605635047
0.17501835292205215
0.17175250221043825
0.17081419378519058
0.1700801132246852
0.17239147005602717
0.1785592921078205
0.17453556787222624
0.17190398601815104
0.17575000505894423
0.17327137337997556
0.1709329029545188
0.1726036430336535
0.18004089407622814
0.17384374979883432
0.1707253227941692
0.17350915633141994
0.17541380506008863
0.17699093418195844
0.1746048927307129
0.17549431789666414
0.17492716619744897
0.17196460580453277
0.17287328373640776
0.17251361208036542
0.17441796697676182
0.17537999898195267
0.17465148400515318
0.17161276703700423
0.17551771691069007
0.17199015710502863
0.16939662490040064
0.1730491197668016
0.17789345514029264
0.17423480469733477
0.1714499881491065
0.17013621190562844
0.16877430118620396
0.1713606920093298
0.17851009126752615
0.17450085328891873
0.17086122883483768
0.17418333608657122
0.17047572694718838
0.1712563973851502
0.1806079908274114
0.17400222783908248
0.17175198905169964
0.17338674003258348
0.173224535305053
0.174230988137424
0.17474012030288577
0.17426877981051803
0.17502163583412766
0.17136606387794018
0.17604194302111864
0.17584218084812164
0.17370641883462667
0.1756651778705418
0.1753747621551156
0.17570597399026155
0.17111126892268658
0.17258737003430724
0.1719052023254335
0.1738556232303381
0.17666183784604073
0.1758007979951799
0.17561116814613342
0.17113154008984566
0.171776058152318
0.16998150711879134
0.17161480337381363
0.1775596239604056
0.1750315739773214
0.17219799710437655
0.17660535499453545
0.1738019371405244
0.17169802030548453
0.17362477909773588
0.17927258927375078
0.17335509415715933
0.17061524605378509
0.17580162920057774
0.17565472424030304
0.17487548105418682
0.17653699405491352
0.17505355086177588
0.17459708312526345
0.17220896994695067
0.1765603106468916
0.176252163015306
0.17526647122576833
0.17537727719172835
0.17540751909837127
0.17467210814356804
0.17068718327209353
0.17452177312225103
0.17454785807058215
0.1741516743786633
0.17570102587342262
0.17429582122713327
0.17203713674098253
0.17434237711131573
0.17149409325793386
0.1696549979969859
0.1764781130477786
0.1751641919836402
0.17547465302050114
0.17161330906674266
0.1753266230225563
0.1755483909510076
0.1753669180907309
0.17553352797403932
0.17536201095208526
0.17411806713789701
0.1709215473383665
0.17504145996645093
0.1754390769638121
0.17522452771663666
0.17517455108463764
0.17450027726590633
0.17234947066754103
0.1747059696353972
0.17184616113081574
0.17222539708018303
0.17834435496479273
0.173614963889122
0.17594275111332536
0.1697209388948977
0.17510987212881446
0.17562652379274368
0.1741388663649559
0.17524592205882072
0.17523082392290235
0.17464860016480088
0.1698906859382987
0.17513691075146198
0.17528743296861649
0.17575678694993258
0.17336510308086872
0.17534439265727997
0.17145221075043082
0.17440776294097304
0.17177588725462556
0.16876061772927642
0.17320824367925525
0.17696656985208392
0.17437195498496294
0.17133700475096703
0.17461566301062703
0.1726542259566486
0.17032993584871292
0.1782221901230514
0.1749848760664463
0.17355159390717745
0.17371903406456113
0.17379553010687232
0.17364615900442004
0.1743470262736082
0.17635312862694263
0.1742494641803205
0.16923023480921984
0.17099395487457514
0.16917273215949535
0.17147766472771764
0.18021353473886847
0.17372830724343657
0.17239245725795627
0.1718736793845892
0.17573125008493662
0.1744061461649835
0.1743500023148954
0.17591285286471248
0.1739161699078977
0.17065251618623734
0.1741380481980741
0.17245692294090986
0.17145033506676555
0.1766452961601317
0.17492988798767328
0.17485434096306562
0.17196237994357944
0.1729620168916881
0.17217504885047674
0.17347034392878413
0.1756020076572895
0.17455127788707614
0.17224834579974413
0.17499902099370956
0.1740325940772891
0.17230199603363872
0.17438916163519025
0.17668149201199412
0.17415136005729437
0.1700096596032381
0.1736650289967656
0.1738152438774705
0.17411524197086692
0.1756030092947185
0.17514132289215922
0.17337663192301989
0.17208751570433378
0.17493225308135152
0.1742120459675789
0.17440905421972275
0.17536422330886126
0.17426007194444537
0.1712852120399475
0.17518710996955633
0.17243573814630508
0.16971424873918295
0.17298113415017724
0.17928692931309342
0.1738762422464788
0.1712533961981535
0.17377719096839428
0.17374657606706023
0.17468822095543146
0.1738512422889471
0.17491640988737345
0.17158951796591282
0.17441030964255333
0.17478931695222855
0.175179204903543
0.17596907913684845
0.17517602490261197
0.17426431411877275
0.17151240492239594
0.17556441109627485
0.1723870080895722
0.17194729018956423
0.17818973725661635
0.17497428599745035
0.17378296284005046
0.1706904787570238
0.17478474229574203
0.17396285524591804
0.17333060083910823
0.17505148285999894
0.17448556423187256
0.17197728995233774
0.17452901089563966
0.17517318204045296
0.17370533989742398
0.1749673318117857
0.17801279900595546
0.17419632989913225
0.17137232515960932
0.17457832116633654
0.17437526397407055
0.17206629272550344
0.17437599692493677
0.17437376221641898
0.17399175697937608
0.17100965091958642
0.1732708583585918
0.1733601880259812
0.17482706811279058
0.17530281096696854
0.17424569372087717
0.1707241190597415
0.17476866208016872
0.17518481984734535
0.1740048541687429
0.17570693604648113
0.17539423797279596
0.17522483179345727
0.1709231729619205
0.17501848097890615
0.1707946890965104
0.17015477921813726
0.1795473536476493
0.17496104259043932
0.17231024289503694
0.17220503091812134
0.17307747434824705
0.1718959091231227
0.17386687127873302
0.1777101680636406
0.17456931388005614
0.1702064936980605
0.1750634517520666
0.17518142703920603
0.172486063092947
0.17419648123905063
0.17521094903349876
0.1754243290051818
0.17001455510035157
0.17435931507498026
0.17518984386697412
0.17615988804027438
0.1745172287337482
0.1760325408540666
0.1728050266392529
0.17183948401361704
0.17208525678142905
0.17133526597172022
0.17355206096544862
0.1762465750798583
0.1755157089792192
0.17077888222411275
0.1753264181315899
0.17014649789780378
0.16805719584226608
0.17312413221225142
0.17663629306480289
0.17207304760813713
0.1748354029841721
0.17254506796598434
0.17273137671872973
0.17806948721408844
0.17342757573351264
0.1752713220193982
0.1715023829601705
0.17696117842569947
0.17638213885948062
0.17554474482312799
0.17720106104388833
0.17523222509771585
0.17588648898527026
0.172832315787673
0.17772060818970203
0.17425642535090446
0.17057434935122728
0.17170784203335643
0.18032615492120385
0.17478394601494074
0.17177501041442156
0.17504561692476273
0.1758464090526104
0.17527329409494996
0.17573327524587512
0.17613399820402265
0.17537356819957495
0.17202279716730118
0.17669688910245895
0.17565890913829207
0.17575788358226418
0.1755445497110486
0.17558391811326146
0.17518815398216248
0.17070858227089047
0.174972761888057
0.175822036806494
0.17531100800260901
0.1751027680002153
0.17489582300186157
0.17333055892959237
0.17453051917254925
0.172675299923867
0.17144884075969458
0.17332063894718885
0.17851278884336352
0.1746083847247064
0.17157775070518255
0.17665951885282993
0.17513236124068499
0.17293014377355576
0.17723626317456365
0.17506664106622338
0.17505807988345623
0.17072156118229032
0.17534818779677153
0.1747799119912088
0.1752014458179474
0.17525270534679294
0.17772497981786728
0.17485270090401173
0.17180870939046144
0.17454474978148937
0.17417534813284874
0.1746633918955922
0.17677416559308767
0.17402824526652694
0.1738955951295793
0.17258555302396417
0.17586707789450884
0.17527746362611651
0.17426632158458233
0.17653187364339828
0.17375733517110348
0.17257876368239522
0.17536349268630147
0.17310137394815683
0.17109955986961722
0.17272644490003586
0.17820307612419128
0.17504422599449754
0.1707319626584649
0.1721461429260671
0.1736418609507382
0.17437628423795104
0.17656232928857207
0.17546783667057753
0.17369460873305798
0.17232376895844936
0.17570929927751422
0.17565966909751296
0.17454674700275064
0.17786047887057066
0.17429694393649697
0.1738469391129911
0.1732807233929634
0.17182875471189618
0.17099950602278113
0.17373134987428784
0.18038281705230474
0.17441158974543214
0.1705323657952249
0.16970652900636196
0.1690578698180616
0.17072203382849693
0.1823022160679102
0.17314705671742558
0.17316516395658255
0.1735309432260692
0.1767620062455535
0.17571404902264476
0.17681464785709977
0.17435844615101814
0.17574724415317178
0.1725288680754602
0.17566869733855128
0.1738570057787001
0.17267063399776816
0.17465341929346323
0.17797028692439198
0.1744390889070928
0.17111869109794497
0.17065025819465518
0.16799577372148633
0.16965726716443896
0.18059916701167822
0.17415824672207236
0.1737700761295855
0.1739807571284473
0.17689917981624603
0.17537733679637313
0.175369034986943
0.17654025182127953
0.17589353304356337
0.17330618668347597
0.17475690972059965
0.1748419781215489
0.1741911731660366
0.17507372377440333
0.17577583203092217
0.17552547855302691
0.17219642596319318
0.1738008209504187
0.17180058266967535
0.17296077078208327
0.17946731625124812
0.1756405825726688
0.17575694900006056
0.17158991424366832
0.1745366300456226
0.17185058817267418
0.17164341919124126
0.18054552702233195
0.1754862959496677
0.1733697960153222
0.17300398088991642
0.17621009098365903
0.17579858703538775
0.17540868883952498
0.17667701840400696
0.17619486106559634
0.17609211429953575
0.1725512002594769
0.1706691780127585
0.1709512649103999
0.172657439019531
0.1767421537078917
0.1751635572873056
0.17259245412424207
0.17529205698519945
0.17514848383143544
0.1740148919634521
0.17523499578237534
0.17685587611049414
0.17544262390583754
0.17064409796148539
0.17600388918071985
0.17358351917937398
0.17401289474219084
0.17656060308218002
0.17608709819614887
0.17596544092521071
0.1713295648805797
0.16992690600454807
0.1704043671488762
0.1729134931229055
0.176257211714983
0.1741447700187564
0.1712197894230485
0.1744403620250523
0.17292536469176412
0.16913761477917433
0.17121810093522072
0.1780359190888703
0.17414138233289123
0.17137567605823278
0.17196037899702787
0.170793232973665
0.17353075882419944
0.17619926622137427
0.17426630901172757
0.17036189325153828
0.17512493720278144
0.1727993660606444
0.1699716397561133
0.17302543530240655
0.1745783663354814
0.17418320896103978
0.17138534085825086
0.1707296520471573
0.16863218368962407
0.17082411097362638
0.1773638459853828
0.17438091710209846
0.17298324313014746
0.17628696095198393
0.17447991203516722
0.17402292788028717
0.1758547849021852
0.17384420288726687
0.17330091400071979
0.17152412282302976
0.17442518705502152
0.17400424927473068
0.1747874771244824
0.17559219291433692
0.1740325498394668
0.17055574199184775
0.1736310557462275
0.17537955520674586
0.1753481817431748
0.17384447902441025
0.1773159708827734
0.17405542079359293
0.1710276328958571
0.17473663203418255
0.1712238686159253
0.16890269936993718
0.17872419208288193
0.17266852920874953
0.17283455096185207
0.17215416999533772
0.17440647399052978
0.17532051028683782
0.17417264124378562
0.17609634902328253
0.17388956807553768
0.1687175971455872
0.17323012417182326
0.17462329007685184
0.17592273885384202
0.17364480067044497
0.17557002790272236
0.17426231922581792
0.17113419016823173
0.1749514928087592
0.17509227897971869
0.17426015296950936
0.17466559214517474
0.17299856478348374
0.17042190209031105
0.17410624166950583
0.17089262884110212
0.17035797191783786
0.1774390609934926
0.1724365148693323
0.1743263080716133
0.17060587788000703
0.17045809188857675
0.16828092094510794
0.1700739311054349
0.17953915242105722
0.17280976008623838
0.17005638498812914
0.1754296119324863
0.17256672773510218
0.17096978100016713
0.17571219010278583
0.17483302997425199
0.17295472417026758
0.17256098613142967
0.1707093259319663
0.17022140184417367
0.17475004168227315
0.17522724391892552
0.17362804990261793
0.17024715384468436
0.1746517987921834
0.17433152394369245
0.1730097271502018
0.17509946785867214
0.17339721461758018
0.17135315900668502
0.17365358211100101
0.17276967223733664
0.1709200548939407
0.1729786889627576
0.17650811979547143
0.1729808710515499
0.17106670374050736
0.17397321108728647
0.17308486299589276
0.17387107200920582
0.17428106861189008
0.17440547095611691
0.1711401827633381
0.17326395120471716
0.1750195799395442
0.1729278708808124
0.17320319404825568
0.1732104611583054
0.1744192079640925
0.1696389950811863
0.17196203861385584
0.17281887587159872
0.17384777730330825
0.17400517873466015
0.1735111828893423
0.1705019436776638
0.1750359288416803
0.17558165173977613
0.1729769529774785
0.17435893695801497
0.17403103923425078
0.17383758490905166
0.16977348504588008
0.17438430013135076
0.17365220515057445
0.17283375700935721
0.1739569678902626
0.17365781730040908
0.17202275479212403
0.17367582768201828
0.1706113237887621
0.1706817327067256
0.17597412783652544
0.17311584809795022
0.1726559498347342
0.17106821900233626
0.17521217884495854
0.17483484605327249
0.17499047005549073
0.17409272072836757
0.1745419497601688
0.17140085715800524
0.17346330592408776
0.17135876044631004
0.17087463522329926
0.1742909150198102
0.17582141794264317
0.17434602696448565
0.1715059820562601
0.1743638920597732
0.1731779631227255
0.17435677209869027
0.17741539236158133
0.17416625516489148
0.17287645069882274
0.1720427949912846
0.1761861927807331
0.17485048109665513
0.17378644412383437
0.17667395574972034
0.17475016694515944
0.1710749422200024
0.1757988021709025
0.1714813318103552
0.16779993986710906
0.17285669315606356
0.1768757221288979
0.1735119461081922
0.17191261891275644
0.1706815450452268
0.17039879690855742
0.17496076971292496
0.17591787921264768
0.1746048228815198
0.1698941863141954
0.17139273416250944
0.17092481581494212
0.1741581498645246
0.17583869816735387
0.17335675517097116
0.17253856034949422
0.17193002114072442
0.17070858273655176
0.17073702905327082
0.17523050075396895
0.17489248421043158
0.17270162468776107
0.1707460698671639
0.17476545413956046
0.17422962188720703
0.17334293201565742
0.17343142488971353
0.17394613893702626
0.17106134304776788
0.17412022920325398
0.17393064964562654
0.17205044021829963
0.17292954213917255
0.17773224273696542
0.1720722527243197
0.17049363115802407
0.17311195377260447
0.1727379970252514
0.1730359010398388
0.1742295571602881
0.1735470569692552
0.17047153087332845
0.17364193964749575
0.17422652803361416
0.1723906472325325
0.17310228338465095
0.1760868187993765
0.17345044296234846
0.1699191532097757
0.17326161405071616
0.1744963456876576
0.17289986973628402
0.17405265616253018
0.173740625847131
0.1696213772520423
0.17208530707284808
0.16797578101977706
0.16866126516833901
0.17778667295351624
0.1734269568696618
0.17212108243256807
0.1726021827198565
0.17291950434446335
0.1725076101720333
0.17326258774846792
0.17587281577289104
0.17352177575230598
0.16973898094147444
0.17217694595456123
0.17414707224816084
0.17552623385563493
0.17331541795283556
0.17399190971627831
0.17071874998509884
0.17345886211842299
0.17493283655494452
0.17330181691795588
0.1750358552671969
0.1738180727697909
0.17331541003659368
0.16970734996721148
0.17347181402146816
0.17359307780861855
0.17374285915866494
0.17431631591171026
0.1741152871400118
0.17193039087578654
0.1724327909760177
0.1708487938158214
0.17101066932082176
0.17794621223583817
0.1732190758921206
0.1743542579934001
0.17044498398900032
0.1755112549290061
0.17386997025460005
0.17280270718038082
0.17546571837738156
0.17407672014087439
0.1726454016752541
0.17420449387282133
0.17322394577786326
0.1718512629158795
0.17437039781361818
0.17455672984942794
0.17362305708229542
0.1702184439636767
0.17517000157386065
0.17467948189005256
0.17423634976148605
0.17462545819580555
0.17484872974455357
0.17356089921668172
0.17081334115937352
0.17364419577643275
0.17353962128981948
0.1739300601184368
0.1753120389766991
0.17335555935278535
0.17050052992999554
0.1737474068067968
0.1734786620363593
0.17331700306385756
0.17473882343620062
0.17519537871703506
0.17345407279208302
0.17127769021317363
0.17444456880912185
0.17427516775205731
0.17388950381428003
0.173705049790442
0.173021306283772
0.17056142212823033
0.17477966798469424
0.17195720598101616
0.17070711683481932
0.1779846311546862
0.1743746460415423
0.17426394298672676
0.16938970005139709
0.16896311566233635
0.16893996996805072
0.17163956305012107
0.17538284370675683
0.17408346896991134
0.1704239030368626
0.1751784346997738
0.17340084305033088
0.17136903433129191
0.17501638317480683
0.17440806003287435
0.17348393192514777
0.17340133571997285
0.17254176503047347
0.1710635768249631
0.17281342204660177
0.17737377993762493
0.17318569216877222
0.1706246198154986
0.17540447460487485
0.17387436516582966
0.17337072920054197
0.17437406070530415
0.1742851259186864
0.17301471019163728
0.17161078471690416
0.17405961407348514
0.17236222373321652
0.17333685792982578
0.1755546065978706
0.17402873979881406
0.16935671819373965
0.17359071597456932
0.17453204793855548
0.1755023179575801
0.17502988316118717
0.1750600221566856
0.17499686777591705
0.17111130617558956
0.17519682738929987
0.17445201287046075
0.17348288465291262
0.17337239999324083
0.1740729259327054
0.171357701998204
0.17332222685217857
0.1716712531633675
0.1716984841041267
0.17337170522660017
0.1764520057477057
0.17307133227586746
0.17048804415389895
0.16937843011692166
0.16889923671260476
0.17029330506920815
0.1768772453069687
0.17411610996350646
0.17004776885733008
0.17418358335271478
0.1746124722994864
0.17424524575471878
0.17307958006858826
0.1727288388647139
0.17270802287384868
0.1736116809770465
0.1712206918746233
0.16898077027872205
0.17370517877861857
0.17522303806617856
0.1738332537934184
0.17070006160065532
0.17448693187907338
0.1729677920229733
0.17059189500287175
0.17685118038207293
0.17322265915572643
0.1716843619942665
0.17453911900520325
0.1720062750391662
0.1681196908466518
0.1744209318421781
0.17509765923023224
0.17389992624521255
0.17156312195584178
0.1727546900510788
0.17274569999426603
0.17398576997220516
0.1747053791768849
0.1738519398495555
0.17050921404734254
0.17503866367042065
0.17001045728102326
0.16738962288945913
0.1738942051306367
0.17530678724870086
0.17198977386578918
0.17236924823373556
0.17040564492344856
0.1700610676780343
0.1790732671506703
0.17273241514340043
0.173590290825814
0.1698881797492504
0.1752389851026237
0.1745144068263471
0.17405633814632893
0.17423992091789842
0.17294371407479048
0.17220469610765576
0.17400353029370308
0.17174047511070967
0.17180079268291593
0.1742514311335981
0.1758957551792264
0.17363134818151593
0.17077918304130435
0.1733752298168838
0.17469249293208122
0.1743748472072184
0.17338012112304568
0.17346810176968575
0.1723211999051273
0.17291030194610357
0.1730031962506473
0.1718069058842957
0.17279442120343447
0.17578344279900193
0.17300671804696321
0.1703206328675151
0.17357511958107352
0.17270751623436809
0.17348693078383803
0.1754148006439209
0.17377185309305787
0.17101737763732672
0.17309801327064633
0.1741582159884274
0.17343991994857788
0.17528425622731447
0.17369399685412645
0.17336975317448378
0.16967221815139055
0.17355563631281257
0.1738795735873282
0.17481488408520818
0.17382933106273413
0.17460483312606812
0.17215444101020694
0.17347507225349545
0.17221982311457396
0.16977360099554062
0.17427686182782054
0.17605668399482965
0.17281946074217558
0.17147244280204177
0.1743243308737874
0.173720246180892
0.17420018184930086
0.17472891695797443
0.17367224674671888
0.17076931986957788
0.17314092675223947
0.17328035505488515
0.17110868403688073
0.17225536797195673
0.17665464105084538
0.1739493329077959
0.16967361886054277
0.17227969923987985
0.17297713598236442
0.17386144865304232
0.1743829632177949
0.17408539121970534
0.17047985410317779
0.17398611409589648
0.17442884808406234
0.1728932848200202
0.17361186305060983
0.1743984050117433
0.17447387520223856
0.16956121008843184
0.17260814318433404
0.17471847170963883
0.17308329697698355
0.17442481592297554
0.17592364083975554
0.17090545082464814
0.1717823171056807
0.1714908997528255
0.1723446329124272
0.17660947982221842
0.17494179494678974
0.17458544205874205
0.1710812379606068
0.17597148893401027
0.17417030595242977
0.17251048795878887
0.17620156472548842
0.17374143190681934
0.17411671578884125
0.1730882739648223
0.17090663500130177
0.16868103109300137
0.17004202818498015
0.17715701879933476
0.1741763986647129
0.17132192896679044
0.1750850696116686
0.1737396540120244
0.17129196226596832
0.17710478510707617
0.1722423299215734
0.17162974504753947
0.17372039845213294
0.1734521258622408
0.1710648126900196
0.17314828326925635
0.17793451203033328
0.1721755093894899
0.1716721779666841
0.17347358306869864
0.1726202559657395
0.17339482437819242
0.17406365182250738
0.17309086583554745
0.1707870438694954
0.17319929413497448
0.17418609792366624
0.1721955998800695
0.1735135898925364
0.1739246780052781
0.17363185388967395
0.17080848012119532
0.17397042037919164
0.1741781523451209
0.17360075283795595
0.1736787399277091
0.17440585000440478
0.1707600587978959
0.17307757772505283
0.1713543557561934
0.17062327405437827
0.17607360426336527
0.17308109905570745
0.1739420839585364
0.1702683549374342
0.1744643789716065
0.17379068676382303
0.1733509856276214
0.17362738959491253
0.17374137695878744
0.1704155239276588
0.17334802774712443
0.17394632985815406
0.17328900517895818
0.17389320395886898
0.17369885416701436
0.17254908476024866
0.17163198487833142
0.17255899729207158
0.17113615619018674
0.17395215993747115
0.17543644830584526
0.17438159184530377
0.16950374329462647
0.17415906116366386
0.17206150898709893
0.1718861130066216
0.17804455012083054
0.17349574901163578
0.1731146858073771
0.171730054076761
0.17157336371019483
0.1706707258708775
0.17195755103603005
0.17713312525302172
0.17394104087725282
0.1704405560158193
0.17137043178081512
0.17000047210603952
0.1705158157274127
0.18012239504605532
0.17317204223945737
0.17338082008063793
0.1738984500989318
0.17152264015749097
0.17240986227989197
0.17657538782805204
0.17501393100246787
0.17336795572191477
0.17037131590768695
0.17032308178022504
0.17051341710612178
0.17212790297344327
0.17659532139077783
0.17346121231094003
0.17160285310819745
0.17489552684128284
0.17102383775636554
0.17047384986653924
0.17730903904885054
0.17412066226825118
0.17427768791094422
0.17081224592402577
0.1730994889512658
0.17454562103375793
0.17483158595860004
0.17417109804227948
0.17365946900099516
0.17145802825689316
0.1731975143775344
0.17433081613853574
0.17286707879975438
0.17366746487095952
0.17413787823170424
0.17417366290464997
0.16948171984404325
0.17135844845324755
0.1738356128334999
0.17566478438675404
0.17169990297406912
0.17380199022591114
0.17019536579027772
0.17452891590073705
0.17504944000393152
0.17340893996879458
0.174800428096205
0.17329280218109488
0.1741001596674323
0.16946751112118363
0.17377164354547858
0.17463915003463626
0.17380206380039454
0.17403336009010673
0.17393536772578955
0.1704770172946155
0.17233391106128693
0.1712071062065661
0.17237000493332744
0.1752693927846849
0.17482621176168323
0.17388160107657313
0.17052650498226285
0.1749335927888751
0.1739455610513687
0.17529372591525316
0.17492203693836927
0.17295876890420914
0.17136071808636189
0.17395083978772163
0.17020592698827386
0.17017110576853156
0.17920023808255792
0.1732748420909047
0.17283255606889725
0.1717091123573482
0.17091724695637822
0.1698759119026363
0.17233451129868627
0.17604156117886305
0.17395363794639707
0.17086267517879605
0.17396828392520547
0.17150153312832117
0.17068465519696474
0.17806091578677297
0.17335388204082847
0.17323217540979385
0.1714034453034401
0.17041299305856228
0.1707668430171907
0.17528365878388286
0.1749384249560535
0.17374353716149926
0.1707364497706294
0.17430258402600884
0.17148133320733905
0.16994035709649324
0.17591658979654312
0.17332977708429098
0.17238851496949792
0.17362261610105634
0.17209634790197015
0.16998603381216526
0.174941741861403
0.1753759658895433
0.17329251812770963
0.17178441118448973
0.16999369207769632
0.17107955971732736
0.1733442391268909
0.17494894238188863
0.1736698360182345
0.16964828502386808
0.171621301677078
0.17206226801499724
0.1719241631217301
0.17608541809022427
0.1738474229350686
0.1716690082103014
0.1728570843115449
0.1700842077843845
0.17130986135452986
0.17859613802284002
0.171977907884866
0.17223864002153277
0.1707947188988328
0.17595727974548936
0.17370958998799324
0.17250410187989473
0.1749133262783289
0.1731756580993533
0.1730140969157219
0.17404410103335977
0.17206068895757198
0.17002490116283298
0.1721623931080103
0.1785219106823206
0.1737393750809133
0.17062621098011732
0.17180471727624536
0.17222291603684425
0.1739892871119082
0.17485180590301752
0.1725558489561081
0.17185991303995252
0.17394212214276195
0.17302258359268308
0.17262863274663687
0.1731459558941424
0.1768784332089126
0.17434433195739985
0.16964194411411881
0.1734274448826909
0.1740048541687429
0.1735929693095386
0.17441149521619081
0.1741276071406901
0.1710499613545835
0.1733758943155408
0.17432903498411179
0.17311060801148415
0.17542228009551764
0.173989815171808
0.1744015528820455
0.17010378185659647
0.17457940196618438
0.17356792511418462
0.17268360313028097
0.17501780204474926
0.17502544587478042
0.1716331853531301
0.17257495410740376
0.17225817497819662
0.1729587591253221
0.17307774303480983
0.1765550491400063
0.1734673948958516
0.16986958729103208
0.17279020184651017
0.17422852106392384
0.17392170382663608
0.17424870980903506
0.17297380743548274
0.17200548760592937
0.1722153602167964
0.17265602992847562
0.17208871198818088
0.17328461492434144
0.17714349320158362
0.1732522421516478
0.16987090418115258
0.17395489290356636
0.1744040520861745
0.17369028506800532
0.17566370079293847
0.17437730496749282
0.17299170698970556
0.17128926375880837
0.1743164686486125
0.17360869795084
0.17365880496799946
0.17478357534855604
0.1734565938822925
0.1707858657464385
0.17442418728023767
0.1730041466653347
0.17293428629636765
0.17546258307993412
0.17515949299558997
0.17364273685961962
0.17149777803570032
0.17266519321128726
0.17219422291964293
0.17292160307988524
0.1759824869222939
0.1747868680395186
0.1709465109743178
0.17561028292402625
0.1717309788800776
0.16814907314255834
0.1740001062862575
0.176144998986274
0.17362620821222663
0.17237069411203265
0.17134950496256351
0.17172384401783347
0.17658395087346435
0.17361116176471114
0.1742166201584041
0.16958876512944698
0.1753598297946155
0.17132095620036125
0.1687839929945767
0.1786997220478952
0.1727112657390535
0.17174446675926447
0.17311267601326108
0.17352564120665193
0.17268172930926085
0.17423360887914896
0.17623532004654408
0.17326238611713052
0.16930678021162748
0.168245829641819
0.16723512625321746
0.1695257150568068
0.18135508988052607
0.17320859571918845
0.17158373212441802
0.17560685891658068
0.17243583081290126
0.16892556240782142
0.1737049208022654
0.1762634781189263
0.17417181702330709
0.17191071715205908
0.1722821481525898
0.17289056396111846
0.17568388674408197
0.17659827414900064
0.1765131070278585
0.17203012900426984
0.17518738098442554
0.17707912204787135
0.17505951132625341
0.17413568263873458
0.17568635987117887
0.17385353008285165
0.1708016307093203
0.17543460289016366
0.17078511975705624
0.1701591112650931
0.1792506380006671
0.17418435215950012
0.1732382788322866
0.17163754301145673
0.17376122577115893
0.17459479626268148
0.1745451227761805
0.17438049893826246
0.17451020516455173
0.17077257297933102
0.17419142602011561
0.1757237440906465
0.17344536865130067
0.1757139042019844
0.17409230303019285
0.17401099717244506
0.16944795195013285
0.173580477014184
0.17430603224784136
0.17381389113143086
0.17529387678951025
0.17483417224138975
0.17366462480276823
0.17248156294226646
0.17147014383226633
0.1688375547528267
0.17196757439523935
0.17726776096969843
0.1742242369800806
0.17119213892146945
0.1746236402541399
0.17114008776843548
0.1683633611537516
0.17765561817213893
0.17380663380026817
0.17285423586145043
0.1742615159600973
0.17202675389125943
0.1691077840514481
0.17231163661926985
0.17709731869399548
0.17369689466431737
0.1721156039275229
0.17558032786473632
0.17480248818174005
0.17426540004089475
0.17434545326977968
0.17382463440299034
0.17228191392496228
0.1723801321350038
0.17470299219712615
0.17269497085362673
0.1734403190203011
0.17678228812292218
0.1742688030935824
0.1702380240894854
0.17373781092464924
0.1740682921372354
0.17385196406394243
0.17577229673042893
0.17423401772975922
0.1727634184062481
0.17223828611895442
0.17534313164651394
0.17432689294219017
0.17373280320316553
0.1750394282862544
0.1739622843451798
0.17176430905237794
0.17398096295073628
0.17180746467784047
0.1692471643909812
0.1725318506360054
0.17609109403565526
0.17343354504555464
0.17258849367499352
0.17348594684153795
0.17265194095671177
0.17412982881069183
0.17481975397095084
0.1743878237903118
0.17154678981751204
0.17451651580631733
0.17389561887830496
0.17179125966504216
0.174362241756171
0.17619110504165292
0.17477190494537354
0.16988614667207003
0.17274553002789617
0.17423023516312242
0.17391955014318228
0.17411033529788256
0.17399462312459946
0.17148343659937382
0.17443759413436055
0.1744376253336668
0.1723398296162486
0.17578824376687407
0.1746267583221197
0.1740951268002391
0.17018792871385813
0.17444543819874525
0.1713073682039976
0.17087891977280378
0.1788411089219153
0.17304468294605613
0.17333847703412175
0.17335922690108418
0.17264957027509809
0.17132110288366675
0.173487258143723
0.17639325000345707
0.17425803188234568
0.16961789596825838
0.17548693902790546
0.17466399678960443
0.17427439987659454
0.17457595700398088
0.17375361593440175
0.17417039815336466
0.17102001374587417
0.1743740700185299
0.17460819333791733
0.1738086468540132
0.17445442406460643
0.1743781790137291
0.17021579341962934
0.1734126592054963
0.1733923638239503
0.17427218286320567
0.17462233500555158
0.17393000284209847
0.17405250575393438
0.17140743508934975
0.17478281911462545
0.1747898068279028
0.1734769488684833
0.17422804608941078
0.17303380463272333
0.1709263469092548
0.17341733211651444
0.17184100998565555
0.17119606491178274
0.17344778776168823
0.17549549788236618
0.17441559303551912
0.17039425484836102
0.16912644915282726
0.16821417305618525
0.17136866925284266
0.1763985576108098
0.17419971292838454
0.17119783209636807
0.1751943649724126
0.1724592219106853
0.17013751016929746
0.1752648102119565
0.17347995936870575
0.17184034921228886
0.17350766714662313
0.17048940528184175
0.167980101890862
0.17462394898757339
0.1749175633303821
0.1743480390869081
0.17126643704250455
0.17498607886955142
0.17409148206934333
0.17433135258033872
0.17466541705653071
0.17319356510415673
0.17111913487315178
0.17454167129471898
0.17251252615824342
0.16941927699372172
0.17340063210576773
0.17521237023174763
0.17391504999250174
0.17241641506552696
0.17192877875640988
0.17090332321822643
0.1720666578039527
0.17680269293487072
0.17400457384064794
0.1708860658109188
0.1734196338802576
0.17045142780989408
0.17086311616003513
0.17916690604761243
0.17273737909272313
0.17331523727625608
0.17131479736417532
0.17061537969857454
0.169998147059232
0.1745878616347909
0.17708330368623137
0.17412984697148204
0.17083373107016087
0.17456536181271076
0.16995814722031355
0.16791537636891007
0.1772800856269896
0.17548134503886104
0.1726513560861349
0.1736859129741788
0.17199733573943377
0.17136064916849136
0.17378801992163062
0.17669287184253335
0.17411097092553973
0.17086991388350725
0.175587167032063
0.1742495340295136
0.1741284360177815
0.17550960695371032
0.17346484679728746
0.17311077704653144
0.17170829186215997
0.17459686193615198
0.17415673099458218
0.1738665266893804
0.17577857431024313
0.1739666829816997
0.17029075790196657
0.17466708179563284
0.17391437804326415
0.17380305379629135
0.17529452499002218
0.17464439012110233
0.17354152677580714
0.1708074570633471
0.17019384587183595
0.16976771876215935
0.171604807022959
0.17716215318068862
0.17400638526305556
0.17034651897847652
0.17287407722324133
0.17121382430195808
0.17132560117170215
0.17891716910526156
0.17358000203967094
0.1729856221936643
0.17266601976007223
0.17282310826703906
0.17184977093711495
0.17351304600015283
0.1766140810213983
0.1732938550412655
0.17059094924479723
0.1752446386963129
0.1727308058179915
0.16892618592828512
0.17283615097403526
0.17431944562122226
0.17334093432873487
0.17438589595258236
0.1720036012120545
0.17153301928192377
0.17360268998891115
0.1788068483583629
0.173019016161561
0.1692294138483703
0.1680658063851297
0.16842067195102572
0.17062065564095974
0.17806636029854417
0.17306718602776527
0.17129862075671554
0.17444920307025313
0.17104695783928037
0.1675426820293069
0.17330148722976446
0.1758451429195702
0.17357068182900548
0.17449286207556725
0.17153815180063248
0.17193455062806606
0.17757946392521262
0.17307310597971082
0.17551701795309782
0.17021140083670616
0.17524475092068315
0.17133948486298323
0.16762394784018397
0.1729041668586433
0.17848222004249692
0.17264223378151655
0.1740907202474773
0.1726927049458027
0.1708821188658476
0.171196220908314
0.17756300512701273
0.1739131691865623
0.17103208974003792
0.17425064695999026
0.17022290593013167
0.1680240291170776
0.1751881130039692
0.1759678958915174
0.17305652191862464
0.1744375890120864
0.17324460623785853
0.1730232611298561
0.17475805711001158
0.17629615683108568
0.17426195787265897
0.1703380597755313
0.17605214100331068
0.17576630786061287
0.174228941090405
0.1763481223024428
0.1744454400613904
0.17501241341233253
0.17035412602126598
0.17379504814743996
0.17522122338414192
0.17521688528358936
0.17479207180440426
0.17504724906757474
0.1727252951823175
0.17461151257157326
0.17284255614504218
0.1719749621115625
0.17399971978738904
0.1776303080841899
0.17457924922928214
0.17073995294049382
0.17715236311778426
0.1773977717384696
0.17477626912295818
0.17828098498284817
0.17640704195946455
0.17680063704028726
0.17294698674231768
0.17657442670315504
0.17706747399643064
0.174055736977607
0.17547638481482863
0.1781765939667821
0.17508355900645256
0.17141651827841997
0.17545829201117158
0.17141348076984286
0.1676949067041278
0.17278668377548456
0.17875513201579452
0.17506029084324837
0.17255495814606547
0.17662458261474967
0.17495534103363752
0.17476055305451155
0.1761858556419611
0.17453745380043983
0.17424781806766987
0.1721696429885924
0.1765207820571959
0.1751716579310596
0.1747883101925254
0.17544325813651085
0.17484751204028726
0.17254740186035633
0.17402835376560688
0.173673739656806
0.17337034037336707
0.17463465919718146
0.17617663415148854
0.1740205748938024
0.17057324200868607
0.17421192582696676
0.17535500694066286
0.17644676566123962
0.17542835185304284
0.17600926524028182
0.17452451400458813
0.17054260708391666
0.16890214988961816
0.16811772901564837
0.17136448994278908
0.17893075989559293
0.17484187288209796
0.17126885009929538
0.17566290218383074
0.17127983691170812
0.1675964118912816
0.17188241006806493
0.17678997619077563
0.17362004006281495
0.1739984480664134
0.1713739736005664
0.16811364283785224
0.17380811972543597
0.17717428179457784
0.1751893158070743
0.17110327817499638
0.17618089215829968
0.17327457992359996
0.1704391948878765
0.17610273696482182
0.17670929431915283
0.1746216551400721
0.17265332397073507
0.17556135402992368
0.1740716709755361
0.17494006408378482
0.17592964321374893
0.17549322824925184
0.17305040685459971
0.17397832684218884
0.17450619908049703
0.17409815732389688
0.1749603091739118
0.17618811363354325
0.17452208930626512
0.17102298373356462
0.1755414712242782
0.1743168798275292
0.17270541097968817
0.1741095930337906
0.17742807883769274
0.17487843101844192
0.16970305982977152
0.17380730295553803
0.1755335577763617
0.1741880662739277
0.17522851983085275
0.1759644760750234
0.1737156338058412
0.1725449962541461
0.17373063787817955
0.17257318599149585
0.17358746426180005
0.17662590509280562
0.17431582603603601
0.17218992579728365
0.17523211194202304
0.1743156281299889
0.1719117653556168
0.17479607090353966
0.17744078999385238
0.17466426081955433
0.17047510109841824
0.17374857515096664
0.1749714631587267
0.1744871512055397
0.1758896829560399
0.17480706702917814
0.17479874473065138
0.17278646398335695
0.17377532925456762
0.17169133899733424
0.172239578794688
0.17891708901152015
0.17440162505954504
0.17173191998153925
0.17500689579173923
0.17502132011577487
0.17253582878038287
0.17431272193789482
0.17667511897161603
0.17533080698922276
0.16975535405799747
0.17464518081396818
0.17528119683265686
0.1758878231048584
0.17449776316061616
0.1764928288757801
0.17513399897143245
0.17155770771205425
0.17004525614902377
0.16989784128963947
0.1719550946727395
0.17844586679711938
0.17370718298479915
0.17142134485766292
0.17558566201478243
0.17154540680348873
0.16822442738339305
0.1738352752290666
0.17691768519580364
0.1746073840186
0.1725999591872096
0.17549518309533596
0.17529133008792996
0.17471364187076688
0.17519483296200633
0.17503869207575917
0.1734184231609106
0.1731402948498726
0.17672643763944507
0.1750785862095654
0.17476317193359137
0.1750072450377047
0.17538395198062062
0.17145138420164585
0.1753040519542992
0.17362366197630763
0.16943517699837685
0.17035252787172794
0.18067806027829647
0.17360955523326993
0.17174519132822752
0.17451380705460906
0.17338634887710214
0.1745253070257604
0.17501305881887674
0.17449354426935315
0.17269351100549102
0.17291659396141768
0.17665281100198627
0.1745694619603455
0.1741465339437127
0.17586318124085665
0.17518832813948393
0.17187656182795763
0.17626565787941217
0.17209757398813963
0.1710355649702251
0.17804591311141849
0.1758993030525744
0.1742603457532823
0.17127735586836934
0.1724691018462181
0.17477129492908716
0.1750225848518312
0.17506635189056396
0.17501891497522593
0.17308833496645093
0.1716416059061885
0.17496103094890714
0.17338293185457587
0.17309954017400742
0.1764345970004797
0.17552964901551604
0.17025849083438516
0.1737583950161934
0.17418161313980818
0.17341446597129107
0.17626078613102436
0.17468330403789878
0.17500784108415246
0.17199568497017026
0.17514500580728054
0.17487161187455058
0.17454748414456844
0.17371794395148754
0.17502691131085157
0.17318295408040285
0.1721839220263064
0.17443181294947863
0.17427394026890397
0.17399783711880445
0.1760653960518539
0.17550442600622773
0.1699300417676568
0.17456780513748527
0.17391554499045014
0.1734629711136222
0.17651163088157773
0.176015917211771
0.17446077801287174
0.17107767518609762
0.17513049021363258
0.17077532596886158
0.16914357617497444
0.17685524793341756
0.17440014379099011
0.17332224268466234
0.17544111888855696
0.1742104459553957
0.17248316807672381
0.1742955418303609
0.17639523604884744
0.1738947038538754
0.1710582571104169
0.17575608287006617
0.1761073200032115
0.17462956067174673
0.1754770246334374
0.1754276561550796
0.17451465083286166
0.17091005388647318
0.1760789812542498
0.1727834870107472
0.16974013298749924
0.17653316538780928
0.1735732341185212
0.17308705998584628
0.17399754421785474
0.17309713922441006
0.1707130130380392
0.1724850288592279
0.17841293010860682
0.17457707412540913
0.17016852786764503
0.17457178281620145
0.1710499650798738
0.16745849465951324
0.1769983870908618
0.17512356117367744
0.17314925929531455
0.174458100926131
0.1728573157452047
0.16941412212327123
0.17026546085253358
0.17746935412287712
0.1747568747960031
0.1717269797809422
0.1708385101519525
0.17046597320586443
0.17123472690582275
0.17846541199833155
0.17362906271591783
0.17183445114642382
0.1745333750732243
0.17241287603974342
0.1690354091115296
0.17082571098580956
0.18023574585095048
0.17462440812960267
0.17172484286129475
0.17484762473031878
0.17421836592257023
0.17379333823919296
0.17415400687605143
0.17425964819267392
0.17230447614565492
0.17401870572939515
0.17644606763496995
0.17503170669078827
0.17507960787042975
0.1744370930828154
0.1744703548029065
0.17116318410262465
0.17574762972071767
0.17192259011790156
0.16906829923391342
0.17426458513364196
0.17676828615367413
0.1727833948098123
0.17196073941886425
0.17115229601040483
0.17066898476332426
0.1733048828318715
0.17788285901769996
0.17422326980158687
0.17030140198767185
0.1763500520028174
0.17334423400461674
0.16917843976989388
0.17042195377871394
0.16925061214715242
0.175947321113199
0.1749882441945374
0.17439486691728234
0.17206731298938394
0.1755340350791812
0.1775153987109661
0.1754182679578662
0.1706395256333053
0.17600046005100012
0.17611070396378636
0.1738376640714705
0.1764881508424878
0.17575202090665698
0.17508603679016232
0.17031749244779348
0.17387082427740097
0.1708181519061327
0.1703567709773779
0.1797949387691915
0.17376376781612635
0.1736627509817481
0.17376130307093263
0.17226933129131794
0.1712111192755401
0.17616861686110497
0.17898526601493359
0.17750027915462852
0.17169319186359644
0.1751834969036281
0.17628386383876204
0.17448144918307662
0.1758678979240358
0.17662628600373864
0.17532973876222968
0.1719623520039022
0.17514478834345937
0.17389535112306476
0.17099556513130665
0.17440251260995865
0.17780580883845687
0.17462445376440883
0.1701466296799481
0.17432637279853225
0.1752884448505938
0.17659186897799373
0.17485370906069875
0.17583792097866535
0.17469231598079205
0.1721482342109084
0.17213114583864808
0.17030951334163547
0.17169048124924302
0.17822043597698212
0.17413875693455338
0.1711890958249569
0.17564459098502994
0.1718468116596341
0.16760340612381697
0.17350719403475523
0.17745540337637067
0.17302121222019196
0.17240288201719522
0.17181289475411177
0.16965299006551504
0.17121343780308962
0.18040886195376515
0.17432758258655667
0.1709723132662475
0.1753747253678739
0.1722250678576529
0.1689121383242309
0.17434681486338377
0.17509715165942907
0.1736767217516899
0.1729582860134542
0.17208210984244943
0.17058767518028617
0.17381545435637236
0.17680792696774006
0.1740117180161178
0.17102198814973235
0.17542583821341395
0.17537720082327724
0.174736431799829
0.17578560207039118
0.17347141588106751
0.17380806664004922
0.17128886003047228
0.17562043806537986
0.1753867738880217
0.17471219692379236
0.17523745726794004
0.17500941129401326
0.17392102209851146
0.17260222928598523
0.17065611714497209
0.17062892485409975
0.17408423218876123
0.17720723198726773
0.1751799201592803
0.17055863607674837
0.1762114828452468
0.1751168081536889
0.17429032362997532
0.1750463768839836
0.17484444379806519
0.17408110667020082
0.17050685873255134
0.1749909110367298
0.17454237025231123
0.1741717830300331
0.1757198190316558
0.17470697592943907
0.17246627900749445
0.17466715211048722
0.17343626683577895
0.17028809385374188
0.17175611993297935
0.17918815091252327
0.17413089890033007
0.1703241840004921
0.1758127473294735
0.17537139309570193
0.17424009088426828
0.17453242698684335
0.1740843951702118
0.1742009506560862
0.17074786825105548
0.1742144380696118
0.17480594757944345
0.17583027621731162
0.17360784718766809
0.17527888109907508
0.17158973403275013
0.17466515908017755
0.1703818771056831
0.1673504300415516
0.174402988050133
0.1759452880360186
0.1743143880739808
0.17202677577733994
0.17532023414969444
0.17462736321613193
0.17452603159472346
0.17494443897157907
0.17439281521365047
0.17178477719426155
0.17387650115415454
0.17401914997026324
0.17283492488786578
0.17364119132980704
0.1762970951385796
0.17492900881916285
0.17010523891076446
0.17368390271440148
0.17476230021566153
0.1746066240593791
0.17429490387439728
0.17554050590842962
0.17410109797492623
0.17206510389223695
0.17586122686043382
0.17501917108893394
0.17297701630741358
0.1755550792440772
0.17364258831366897
0.1718771569430828
0.17435994883999228
0.17243771394714713
0.16935937805101275
0.169811368919909
0.1779607068747282
0.17431210912764072
0.17077640490606427
0.17123381095007062
0.1710716998204589
0.17185159400105476
0.17695223866030574
0.17466625198721886
0.17032547621056437
0.17459583515301347
0.17051022220402956
0.16742607997730374
0.17331004096195102
0.17609219485893846
0.17270335089415312
0.17448641080409288
0.1721639670431614
0.17006164835765958
0.17402535723522305
0.1771521200425923
0.1746606300584972
0.1710567930713296
0.17307166289538145
0.17103681899607182
0.17182939732447267
0.1801415765658021
0.17302350094541907
0.17231795517727733
0.17284372029826045
0.17210370814427733
0.17244720784947276
0.17258415697142482
0.1781087052077055
0.1741256737150252
0.16960245603695512
0.16897655231878161
0.16921526612713933
0.1711866818368435
0.17880232585594058
0.17432078486308455
0.17232593707740307
0.17426161700859666
0.17383449198678136
0.17147317295894027
0.174085539765656
0.17959117982536554
0.17424883507192135
0.17006536992266774
0.17456640675663948
0.17529365932568908
0.175818074028939
0.1750402208417654
0.17579993605613708
0.17469247616827488
0.17180521599948406
0.17094595218077302
0.17057972913607955
0.17309162486344576
0.17736465111374855
0.1737771350890398
0.17168137012049556
0.17539667710661888
0.17239811411127448
0.1718362532556057
0.17715503880754113
0.17523289285600185
0.17402059212327003
0.17023645574226975
0.17236118763685226
0.17294731829315424
0.17382994387298822
0.17595756240189075
0.1747853122651577
0.17254052683711052
0.17362267803400755
0.1771315117366612
0.17472221376374364
0.1744764787144959
0.17554864706471562
0.1748703857883811
0.1709847212769091
0.17346665170043707
0.17056081211194396
0.16823812806978822
0.17637575510889292
0.17527558095753193
0.17430911725386977
0.17272852081805468
0.17410650616511703
0.17314088717103004
0.17477429611608386
0.1763037657365203
0.17507480829954147
0.17155062220990658
0.1742041278630495
0.1736830109730363
0.1717297681607306
0.17365722497925162
0.17746756225824356
0.17388091795146465
0.17054793797433376
0.17355981981381774
0.17553388699889183
0.1762562021613121
0.17382671497762203
0.17465857090428472
0.1738618458621204
0.17293774895370007
0.1742002167738974
0.17316817212849855
0.17382949264720082
0.17565884999930859
0.17404968570917845
0.17101821303367615
0.17313087591901422
0.17139783361926675
0.17024964466691017
0.1797121660783887
0.1733815032057464
0.17478399816900492
0.17105175787582994
0.1710829590447247
0.17080760188400745
0.17241448815912008
0.17749511124566197
0.17407572828233242
0.17093882011249661
0.1731717837974429
0.17094676103442907
0.16838746797293425
0.17593455780297518
0.17627610405907035
0.1726468917913735
0.17486519599333405
0.17252880288287997
0.17151590716093779
0.1738113248720765
0.1780313430353999
0.17444941401481628
0.17057577380910516
0.17477471940219402
0.17588080279529095
0.17511207796633244
0.1748305750079453
0.17487902007997036
0.174986079800874
0.1711091073229909
0.17546736123040318
0.17364845192059875
0.17251138668507338
0.17668047500774264
0.17511129286140203
0.1737691080197692
0.17319809831678867
0.17491460498422384
0.1736988858319819
0.17400098592042923
0.17453311337158084
0.17496319487690926
0.17064370913431048
0.17558200797066092
0.1762687936425209
0.17302834102883935
0.1755760768428445
0.1749510858207941
0.17445216421037912
0.17103263409808278
0.1750337779521942
0.1720738341100514
0.17023295490071177
0.1758955749683082
0.1743345558643341
0.17276044469326735
0.17411011131480336
0.17203849833458662
0.17106493283063173
0.17354633007198572
0.17693752003833652
0.17472060397267342
0.1701045180670917
0.17455159360542893
0.1751742190681398
0.1750054331496358
0.1757391169667244
0.1739003132097423
0.17456333339214325
0.17013602005317807
0.17460689786821604
0.17500393418595195
0.1743501597084105
0.17557839676737785
0.17515987576916814
0.17205040389671922
0.17400971613824368
0.17191045684739947
0.17036320734769106
0.17540518706664443
0.17782742995768785
0.17605045018717647
0.17067880602553487
0.17825745232403278
0.1781760910525918
0.17663415800780058
0.17747024493291974
0.17727518593892455
0.1758836917579174
0.17330537270754576
0.1776011362671852
0.17891715187579393
0.17417379328981042
0.1738421912305057
0.17489174101501703
0.17393071064725518
0.17136669903993607
0.1740086218342185
0.17162178084254265
0.17182199517264962
0.17925778729841113
0.17422371497377753
0.17484482191503048
0.17089768778532743
0.17170244827866554
0.17057629115879536
0.17073858389630914
0.1773405079729855
0.174727575853467
0.17115978570654988
0.17501298105344176
0.17163941310718656
0.16921251127496362
0.1728645241819322
0.17724230606108904
0.17404364235699177
0.1723813829012215
0.17140819784253836
0.16901686461642385
0.16978103620931506
0.17721056705340743
0.17431229213252664
0.17073158686980605
0.17403458431363106
0.17209463100880384
0.1721930392086506
0.18044071597978473
0.17274978291243315
0.17361622769385576
0.17193276900798082
0.17125942278653383
0.1712360610254109
0.17261639516800642
0.17772558610886335
0.1746599436737597
0.17101788986474276
0.1752815912477672
0.1750288256444037
0.1747918389737606
0.17621166910976171
0.1738392780534923
0.1739032338373363
0.1707311891950667
0.1757001020014286
0.17517077969387174
0.17446217080578208
0.17503562616184354
0.17577309627085924
0.1729483869858086
0.17436481919139624
0.17295472184196115
0.17082979576662183
0.1725346790626645
0.1763137518428266
0.17519983416423202
0.16978167416527867
0.1736967940814793
0.17062471015378833
0.17069001914933324
0.18187381606549025
0.17255935398861766
0.1730543626472354
0.1728704017587006
0.17265331745147705
0.17176015116274357
0.1737515009008348
0.17841892689466476
0.17336493777111173
0.17056724801659584
0.17654976109042764
0.17654951196163893
0.17434381879866123
0.17598226899281144
0.1755670541897416
0.17384691582992673
0.1710433680564165
0.17512971721589565
0.17367894621565938
0.17196186911314726
0.1763188256882131
0.17606790410354733
0.17366150859743357
0.17239283537492156
0.17372680082917213
0.17433894611895084
0.1749887466430664
0.17476105177775025
0.17544146720319986
0.171407840680331
0.17520766612142324
0.17677408223971725
0.1740640108473599
0.17622138280421495
0.1751350169070065
0.1742738806642592
0.17136572860181332
0.17558964900672436
0.17190216900780797
0.1717226877808571
0.1785016469657421
0.1736921570263803
0.17365219816565514
0.17077708197757602
0.172921575140208
0.17472022725269198
0.17472910974174738
0.17499745823442936
0.17506782989948988
0.17142343474552035
0.17457732511684299
0.175451654009521
0.17406998900696635
0.17558169597759843
0.17527558095753193
0.1740770391188562
0.17058291612192988
0.17103391187265515
0.17059498094022274
0.17477274732664227
0.1762630450539291
0.17545609874650836
0.17410376202315092
0.17269350867718458
0.17171764001250267
0.17002430371940136
0.17038945481181145
0.17859471682459116
0.1746867368929088
0.1706555658020079
0.17489353008568287
0.17150502605363727
0.16761767398566008
0.17051166482269764
0.17337201675400138
0.17226452380418777
0.17501586396247149
0.17443646490573883
0.17339485231786966
0.17606261419132352
0.17678549187257886
0.17549195000901818
0.17058516573160887
0.1748393359594047
0.1755841039121151
0.17458944115787745
0.175829054787755
0.17473802994936705
0.17457303684204817
0.1706213247962296
0.17460801219567657
0.1750671248883009
0.173771055880934
0.17513005901128054
0.17549338703975081
0.17267341259866953
0.17491684202104807
0.17325395299121737
0.17174365604296327
0.17351364996284246
0.17726430715993047
0.17480389401316643
0.1700427709147334
0.1739583401940763
0.17193928780034184
0.16870944993570447
0.18154078675433993
0.17390895867720246
0.17249450227245688
0.17286197980865836
0.17518576281145215
0.17313281912356615
0.17480211704969406
0.17576299281790853
0.17480649799108505
0.17101783165708184
0.1744230631738901
0.17303748428821564
0.17321381298825145
0.17701585218310356
0.17485615704208612
0.1746511049568653
0.17174903489649296
0.17458066437393427
0.17253732401877642
0.17112004105001688
0.17558748228475451
0.17506915517151356
0.17337816022336483
0.17443256406113505
0.17285828804597259
0.17121647810563445
0.17194369994103909
0.17716946499422193
0.1748013999313116
0.17061075707897544
0.17568093817681074
0.17225982109084725
0.1704049170948565
0.18024977203458548
0.17318877996876836
0.17263514222577214
0.17147419694811106
0.1739614591933787
0.1732094050385058
0.17346335807815194
0.17527576722204685
0.17498257476836443
0.17011769907549024
0.17595577985048294
0.17658076202496886
0.1725899833254516
0.1742361169308424
0.17465377505868673
0.1747099943459034
0.17011490697041154
0.17423359770327806
0.1727726818062365
0.1724764658138156
0.17829288728535175
0.1731238942593336
0.17443535709753633
0.17198493611067533
0.17074793297797441
0.1722372160293162
0.17752733593806624
0.1757900039665401
0.1735272197984159
0.1708904830738902
0.1762604909017682
0.17540115490555763
0.17356445081532001
0.17566224187612534
0.17426150804385543
0.17418970214203
0.17040442721918225
0.1753340233117342
0.174762312322855
0.1736609418876469
0.17495341505855322
0.17434078874066472
0.17304508294910192
0.17411736072972417
0.17273989040404558
0.1717948247678578
0.17335657309740782
0.17884605284780264
0.1732372147962451
0.1700355396606028
0.17540498403832316
0.1753189512528479
0.1742794830352068
0.17465140018612146
0.17422738811001182
0.17312951805070043
0.17144047608599067
0.17485378496348858
0.17421274818480015
0.17516582692041993
0.17365449806675315
0.17508210614323616
0.17156027490273118
0.17362942220643163
0.17114854091778398
0.17077087331563234
0.1791012017056346
0.1742635779082775
0.1749681574292481
0.17061966797336936
0.17309580417349935
0.171047646086663
0.16792277805507183
0.17547328816726804
0.17616246500983834
0.171875003259629
0.17474230099469423
0.1711512440815568
0.16899029910564423
0.17632186133414507
0.17648548912256956
0.17418035119771957
0.1705807549878955
0.17550227511674166
0.17384891118854284
0.17210976080968976
0.17729693418368697
0.1732223671860993
0.1727733640000224
0.17451064428314567
0.17398894391953945
0.17131211096420884
0.1721681789495051
0.176976275164634
0.1747101596556604
0.17031571781262755
0.17542658699676394
0.17447817930951715
0.17426400817930698
0.17504873406141996
0.174902459140867
0.17296099569648504
0.1718657030723989
0.17422427190467715
0.17346705589443445
0.1732889269478619
0.17626111907884479
0.17429875722154975
0.17007550597190857
0.17483729822561145
0.17269095918163657
0.17381415888667107
0.17635043198242784
0.1747337868437171
0.17451313184574246
0.17100546276196837
0.1753785270266235
0.1730047850869596
0.17050118930637836
0.180004492867738
0.17263178993016481
0.17358563980087638
0.17235538316890597
0.17214210098609328
0.16948873410001397
0.17094325134530663
0.18161854892969131
0.1743429978378117
0.17121589602902532
0.17243284778669477
0.17071227030828595
0.17349468916654587
0.1782220508903265
0.1768352622166276
0.17505785077810287
0.1718319351784885
0.17652690084651113
0.17534098401665688
0.17497884621843696
0.1755762160755694
0.1752119893208146
0.17301476281136274
0.17480019805952907
0.17286079796031117
0.17004421120509505
0.17142608482390642
0.1788975428789854
0.1738793682307005
0.17092970106750727
0.17654472403228283
0.17554553085938096
0.17471684888005257
0.17486806539818645
0.17408787505701184
0.17422470916062593
0.17090469971299171
0.17513384204357862
0.17506545688956976
0.17435308592393994
0.1749158212915063
0.17408503405749798
0.1741944500245154
0.1734030288644135
0.1711794207803905
0.1710618268698454
0.17418302595615387
0.17885247385129333
0.17328812880441546
0.17083747731521726
0.17637568386271596
0.1756428861990571
0.17441825987771153
0.17453756090253592
0.17352115083485842
0.17300328193232417
0.17122052377089858
0.17497602012008429
0.17556767305359244
0.1739905560389161
0.17372703412547708
0.17498110374435782
0.1715002697892487
0.17422392591834068
0.17090165382251143
0.1677765459753573
0.17357259010896087
0.17610889580100775
0.174247395247221
0.1715749679133296
0.17540441919118166
0.17516961600631475
0.17538930429145694
0.17434385372325778
0.17414910066872835
0.17275766003876925
0.1737845647148788
0.17341437563300133
0.1725072981789708
0.17398564983159304
0.17647148296236992
0.1741737718693912
0.1701900470070541
0.1741417208686471
0.17467441875487566
0.17593076219782233
0.17410636693239212
0.17486465396359563
0.17353354394435883
0.17214791802689433
0.17481784895062447
0.17380126100033522
0.17283865716308355
0.17564658215269446
0.17282539000734687
0.17214597761631012
0.17475326592102647
0.17378603294491768
0.1713346359319985
0.17429995769634843
0.17634329572319984
0.17423587013036013
0.17001839401200414
0.17187977116554976
0.17296657897531986
0.1737370640039444
0.17513716919347644
0.17471564002335072
0.17112104408442974
0.17401992017403245
0.1761757517233491
0.1735666091553867
0.17485174583271146
0.17534611467272043
0.17354535218328238
0.16993472073227167
0.17506722174584866
0.17315049609169364
0.1736573837697506
0.17672814428806305
0.17420103074982762
0.17386270919814706
0.17169266380369663
0.1705678920261562
0.16871747002005577
0.17196673806756735
0.1775031639263034
0.17428599298000336
0.17087054485455155
0.1733246361836791
0.1719182669185102
0.17453323164954782
0.1755320830270648
0.17613759310916066
0.1735308258794248
0.17256695497781038
0.17113452777266502
0.1704970351420343
0.17208797158673406
0.17726836493238807
0.17350500170141459
0.1711377538740635
0.17366724275052547
0.17056250013411045
0.16851765988394618
0.1808550269342959
0.17239737370982766
0.1741953189484775
0.17342014191672206
0.17276690900325775
0.17181180184707046
0.17379601811990142
0.17893380811437964
0.17476261500269175
0.16961796209216118
0.16835757112130523
0.1684320238418877
0.17099389899522066
0.1788483220152557
0.17443109909072518
0.1722885170020163
0.17436322709545493
0.17387647880241275
0.1714944993145764
0.1734971390105784
0.1787214702926576
0.17445037188008428
0.1702886219136417
