0.10395014332607388
0.10452306782826781
0.10637170867994428
0.10619723377749324
0.10825273022055626
0.10887868702411652
0.11082421196624637
0.11048899125307798
0.10929574863985181
0.10858857398852706
0.10766188381239772
0.10835220431908965
0.10715047689154744
0.10894346423447132
0.11170601891353726
0.10903706029057503
0.10766808781772852
0.11069606197997928
0.10949484305456281
0.10923731327056885
0.1103282137773931
0.1096182269975543
0.10915442695841193
0.10950813302770257
0.1082877111621201
0.10661847004666924
0.10608432302251458
0.10548583371564746
0.10524124512448907
0.1070002387277782
0.10987060097977519
0.11194990901276469
0.10924872476607561
0.10756639763712883
0.11059991968795657
0.11047668708488345
0.10986086493358016
0.10961334966123104
0.11028138501569629
0.10968597000464797
0.10909434920176864
0.10880650905892253
0.10812247777357697
0.10674029402434826
0.10641419468447566
0.1096496693789959
0.11072769900783896
0.10920418379828334
0.10886189993470907
0.10853909887373447
0.10908239800482988
0.11062583792954683
0.11113748606294394
0.10897324187681079
0.10918018501251936
0.10995096480473876
0.10918118292465806
0.10793819231912494
0.1078857877291739
0.10671223001554608
0.10856344876810908
0.11054811906069517
0.1079654349014163
0.10855423286557198
0.10837236186489463
0.1082671033218503
0.10925375809893012
0.11049728514626622
0.10967616504058242
0.10915407305583358
0.10724851116538048
0.10721061006188393
0.1058590798638761
0.10586317116394639
0.10562022775411606
0.10850805463269353
0.10994083806872368
0.10915964609012008
0.10905343806371093
0.10778901726007462
0.10888888128101826
0.10945007717236876
0.1082383026368916
0.1095941779203713
0.11032971693202853
0.10962280631065369
0.10911489184945822
0.10924152890220284
0.10805467702448368
0.10649071726948023
0.10583793791010976
0.10515724774450064
0.10508116381242871
0.10639370325952768
0.10961827682331204
0.11273486074060202
0.11028328584507108
0.10762914177030325
0.1097562862560153
0.10916763637214899
0.10896983603015542
0.10950673092156649
0.10956343729048967
0.11002036510035396
0.10931333294138312
0.10942939901724458
0.10816334886476398
0.10803374508395791
0.1071179760619998
0.1088245720602572
0.11130905523896217
0.10880313906818628
0.10747267305850983
0.10962348291650414
0.10903742164373398
0.1094559351913631
0.11072863591834903
0.10859000310301781
0.10844483179971576
0.10956165520474315
0.10970979975536466
0.1081154067069292
0.10752027574926615
0.10542413918301463
0.10580000979825854
0.10574804712086916
0.10967182321473956
0.11195718310773373
0.1088649071753025
0.10790212219581008
0.10751703102141619
0.10723456600680947
0.10924206208437681
0.10911754192784429
0.1105339820496738
0.10925153130665421
0.11058429861441255
0.10976989986374974
0.10807036887854338
0.10783817572519183
0.10618806211277843
0.10625379160046577
0.10575143387541175
0.10859077796339989
0.1119668697938323
0.1081318249925971
0.10809111967682838
0.10784924915060401
0.10631544422358274
0.10858160303905606
0.10966443130746484
0.11014433857053518
0.10954560106620193
0.1085893539711833
0.10810803016647696
0.1088087628595531
0.10730248503386974
0.10503064841032028
0.10501133278012276
0.10407361295074224
0.10513998614624143
0.10450024902820587
0.10606895480304956
0.10661682859063148
0.1091210306622088
0.11108959233388305
0.10861080978065729
0.10714888572692871
0.10962286870926619
0.10995416203513741
0.10894488589838147
0.1091935345903039
0.10945696756243706
0.10835532378405333
0.1105762249790132
0.10941929416731
0.1081149741075933
0.10804772982373834
0.10625488590449095
0.10858162865042686
0.11098493589088321
0.10752015886828303
0.10836123209446669
0.10816753841936588
0.10807112790644169
0.10959317907691002
0.11069731740280986
0.10961062600836158
0.10853837989270687
0.108541717287153
0.10695909010246396
0.10510262893512845
0.1044500288553536
0.10457341512665153
0.10491387778893113
0.10475574899464846
0.10448181303218007
0.10419806186109781
0.10399714391678572
0.1043317299336195
0.10463973134756088
0.10464429296553135
0.10556556098163128
0.10677899233996868
0.10928312037140131
0.11115794815123081
0.10887660598382354
0.10753541486337781
0.11092819320037961
0.11096135899424553
0.10962034808471799
0.10920206503942609
0.10858296835795045
0.1087105399928987
0.1067644008435309
0.10714256390929222
0.10545630007982254
0.1051792767830193
0.10462283389642835
0.10458876471966505
0.10441515874117613
0.1050768899731338
0.10465737199410796
0.10747422184795141
0.11021523084491491
0.10824475903064013
0.10789928119629622
0.10884620295837522
0.10815070196986198
0.11013563210144639
0.11100606061518192
0.10987707413733006
0.10950858611613512
0.10826417710632086
0.1073563857935369
0.10521935718134046
0.10550068737939
0.10506893787533045
0.10393415810540318
0.1034990637563169
0.10430835513398051
0.10331719787791371
0.10453543672338128
0.10443143406882882
0.10453199502080679
0.10435049096122384
0.10611024778336287
0.10795492399483919
0.10963857872411609
0.11233610566705465
0.10899952799081802
0.11032452899962664
0.10977355297654867
0.1102741938084364
0.11055232770740986
0.10934326378628612
0.10785614792257547
0.10698667541146278
0.10603267280384898
0.10501138539984822
0.10561190079897642
0.1043844809755683
0.10391671629622579
0.10451865196228027
0.10469175409525633
0.10416014399379492
0.10506966290995479
0.11006269883364439
0.11280107405036688
0.10897476505488157
0.10839201603084803
0.11061626207083464
0.11126342276111245
0.10988400503993034
0.10908025270327926
0.11011181678622961
0.10904759494587779
0.1090905349701643
0.10836176807060838
0.10632909322157502
0.10563987726345658
0.10528725199401379
0.10557623114436865
0.10465833730995655
0.10999096231535077
0.11232057306915522
0.10911947302520275
0.10855414718389511
0.10917931189760566
0.10914116492494941
0.11198800522834063
0.11289131920784712
0.1103296629153192
0.10888506472110748
0.10967044997960329
0.1091948258690536
0.11073921201750636
0.11061319010332227
0.11109102005138993
0.1094345711171627
0.11034006532281637
0.11013678601011634
0.1086522270925343
0.11249116435647011
0.11144818505272269
0.1116591552272439
0.11178715480491519
0.11017341678962111
0.10881817387416959
0.10861567175015807
0.10883736098185182
0.10949710384011269
0.10871491208672523
0.1076841582544148
0.11037623230367899
0.10936839180067182
0.10958496388047934
0.11022454826161265
0.10994542902335525
0.11003520805388689
0.10869712894782424
0.1089388090185821
0.11010795272886753
0.10887094400823116
0.10852128593251109
0.10822726832702756
0.11023689294233918
0.10866052098572254
0.10717691713944077
0.10814272472634912
0.1089891716837883
0.11008139094337821
0.11094395397230983
0.10856398101896048
0.10932500706985593
0.10892695002257824
0.10926409205421805
0.10969134094193578
0.10909886006265879
0.10672886809334159
0.1080820900388062
0.11020804103463888
0.10904342494904995
0.10763510596007109
0.10822513187304139
0.1088715260848403
0.10948525322601199
0.10986535018309951
0.10933363204821944
0.10855689737945795
0.10928655182942748
0.10853455634787679
0.10655216686427593
0.10689495410770178
0.10570214409381151
0.10570016968995333
0.10534897865727544
0.10583879798650742
0.10753078386187553
0.10872284509241581
0.11115145590156317
0.10849139094352722
0.10718844877555966
0.11039583198726177
0.10993694607168436
0.10914937313646078
0.10954896174371243
0.10883327294141054
0.10981464711949229
0.10839696461334825
0.10924857901409268
0.10998122114688158
0.10866120597347617
0.10702146077528596
0.1083256141282618
0.10971183888614178
0.10839109309017658
0.10749174933880568
0.10832851193845272
0.10844367602840066
0.10868674144148827
0.10774454707279801
0.11093005770817399
0.10966160194948316
0.11031858390197158
0.10914020612835884
0.10740256728604436
0.10715188132598996
0.1048528403043747
0.1052538831718266
0.10452915215864778
0.10616960981860757
0.10746777476742864
0.10851151729002595
0.11036024615168571
0.1082402360625565
0.10690698912367225
0.10929689882323146
0.1095009851269424
0.10871052090078592
0.10899155866354704
0.1094545191153884
0.10972647368907928
0.10889748483896255
0.10857124580070376
0.10716238105669618
0.10655348189175129
0.1056025829166174
0.10651982016861439
0.10589150572195649
0.10849260771647096
0.11076843971386552
0.10843916423618793
0.10761210229247808
0.10786239197477698
0.10727046988904476
0.10651901690289378
0.10655497992411256
0.1073000393807888
0.10958045208826661
0.10927655780687928
0.10926749277859926
0.10940471524372697
0.10938596026971936
0.10852826805785298
0.10774132888764143
0.10628011589869857
0.1089083319529891
0.11135448701679707
0.10900804679840803
0.10762663837522268
0.10854674596339464
0.10782789764925838
0.10650567710399628
0.10588644305244088
0.11133019579574466
0.11091115092858672
0.10881702601909637
0.10832625813782215
0.10676340898498893
0.10736581031233072
0.10592762799933553
0.10532958572730422
0.10534682404249907
0.10517728002741933
0.1065768119879067
0.10960996802896261
0.11274416418746114
0.10982264578342438
0.10826830519363284
0.1091003161855042
0.10855190781876445
0.10983682796359062
0.1102781780064106
0.1083661406300962
0.10831099096685648
0.10868431301787496
0.10764000192284584
0.10605441778898239
0.10557657387107611
0.10415892815217376
0.10473289107903838
0.10460131289437413
0.106403524056077
0.10851329704746604
0.10905685788020492
0.11082808068022132
0.10915842931717634
0.10824303282424808
0.10873486287891865
0.10824896395206451
0.1092761280015111
0.11058742925524712
0.10894073732197285
0.10867470828816295
0.10820364579558372
0.10773987183347344
0.10646868590265512
0.1056685708463192
0.10512874694541097
0.10506826126947999
0.10549545101821423
0.10986604215577245
0.11321906791999936
0.1101254802197218
0.10800856724381447
0.10892618307843804
0.10820111585780978
0.10731542902067304
0.10747280390933156
0.1088101789355278
0.10916845127940178
0.10889327758923173
0.10855066170915961
0.1077082846313715
0.10728502599522471
0.1052566603757441
0.10531186638399959
0.10492927022278309
0.1044968911446631
0.10489673307165504
0.10906311916187406
0.11155650112777948
0.10887535102665424
0.10756959207355976
0.10771184181794524
0.10853620991110802
0.10909128515049815
0.10835045296698809
0.11028189118951559
0.10905873961746693
0.10904482984915376
0.10860967077314854
0.10802796017378569
0.10747970873489976
0.10662974882870913
0.10598677303642035
0.10452103009447455
0.10646381787955761
0.1080415309406817
0.10825985204428434
0.10937977861613035
0.10822726786136627
0.10677497321739793
0.10784414038062096
0.1078365077264607
0.10734564578160644
0.10574762709438801
0.11080262577161193
0.11017813812941313
0.10864684777334332
0.10894767986610532
0.107245032209903
0.10708019183948636
0.10870090499520302
0.10806193435564637
0.10703937383368611
0.1080355397425592
0.1097104363143444
0.10814866703003645
0.10861033294349909
0.10684101330116391
0.10807007970288396
0.10855651926249266
0.10816565435379744
0.11014669481664896
0.10900662885978818
0.10826315823942423
0.1078749680891633
0.10767307132482529
0.10664983280003071
0.10892371693626046
0.1084348801523447
0.10641724290326238
0.10866631986573339
0.10976000595837831
0.10765264928340912
0.10820706002414227
0.10796648310497403
0.1074092979542911
0.10846346104517579
0.10772217717021704
0.10861315485090017
0.10975257027894258
0.1082811220549047
0.10793787892907858
0.10923804063349962
0.10866633895784616
0.10859777498990297
0.10719550494104624
0.10580824501812458
0.10780279384925961
0.10958446189761162
0.10874622873961926
0.10755110112950206
0.10695350589230657
0.10809677187353373
0.10795861203223467
0.10788634000346065
0.1063806009478867
0.10588502371683717
0.10720707196742296
0.10860798694193363
0.10966546600684524
0.11004952806979418
0.10792953381314874
0.10874400520697236
0.10939592076465487
0.10834687296301126
0.10537532716989517
0.1089812540449202
0.110673394985497
0.10877491207793355
0.10753689706325531
0.10720787895843387
0.10757169825956225
0.10758701199665666
0.10808488493785262
0.11063588317483664
0.10978425480425358
0.10898014716804028
0.10837538680061698
0.10765898087993264
0.10698290914297104
0.10562571603804827
0.10568926203995943
0.10471236007288098
0.10461393371224403
0.10487117804586887
0.10940541699528694
0.1119248028844595
0.1086970278993249
0.10762672265991569
0.10660062311217189
0.10831565922126174
0.10847995383664966
0.1080780471675098
0.11069995677098632
0.1097312499769032
0.10841830493882298
0.1083126780577004
0.10726147098466754
0.10669449111446738
0.10561577510088682
0.10439856816083193
0.10415779473260045
0.10490440391004086
0.10421013366430998
0.1038072369992733
0.1035834844224155
0.10349260782822967
0.10328412102535367
0.10391387576237321
0.10398418130353093
0.10422414122149348
0.10479382006451488
0.10497268801555037
0.10661968775093555
0.10863003879785538
0.11181253613904119
0.10871712910011411
0.10703174909576774
0.1076723700389266
0.1083298702724278
0.11052551493048668
0.11118397722020745
0.10814728401601315
0.10821859119459987
0.10898163728415966
0.10823138291016221
0.10761871188879013
0.10634503094479442
0.10467262007296085
0.10478868614882231
0.10461746389046311
0.10421445919200778
0.1045216447673738
0.10810827789828181
0.11062124092131853
0.10826930124312639
0.10822893818840384
0.10729366121813655
0.10648639732971787
0.11107271304354072
0.11040436616167426
0.10917338309809566
0.10882629733532667
0.10755503084510565
0.1080217701382935
0.11023477325215936
0.10970580391585827
0.1091907350346446
0.10816127108410001
0.10601965896785259
0.10806870181113482
0.10967002203688025
0.10812507709488273
0.10764467716217041
0.10666066221892834
0.10569956013932824
0.11102530593052506
0.11131915496662259
0.10931245796382427
0.10826760903000832
0.10684101888909936
0.1067992108874023
0.1058501130901277
0.10666537331417203
0.10847879899665713
0.10748532507568598
0.10567570617422462
0.1053926469758153
0.1043317518197
0.10542405024170876
0.10579342301934958
0.10840244125574827
0.1119569051079452
0.10808257386088371
0.10704792523756623
0.10715789208188653
0.10884785000234842
0.1101969052106142
0.11052200431004167
0.10810290835797787
0.10848186304792762
0.11003847187384963
0.10881820693612099
0.10832735197618604
0.107502028811723
0.10516329202800989
0.10580522194504738
0.10484293103218079
0.10854290891438723
0.11085625179111958
0.10782038699835539
0.10751718794927001
0.1075935042463243
0.1067590112797916
0.11136989388614893
0.11165338614955544
0.1094497749581933
0.10846389690414071
0.10728729469701648
0.10651173396036029
0.1046851989813149
0.10606974316760898
0.10802642302587628
0.10656331945210695
0.10497457394376397
0.10471494682133198
0.10463290382176638
0.1045000459998846
0.10553922085091472
0.10901417210698128
0.11192826693877578
0.10896737081930041
0.10731321200728416
0.10636804485693574
0.1074554082006216
0.10937999514862895
0.11047093011438847
0.10986001510173082
0.1090343683026731
0.10761339589953423
0.10692545212805271
0.10482857376337051
0.1051585441455245
0.10413919296115637
0.10341116599738598
0.10408254060894251
0.10379111999645829
0.10343581205233932
0.10374532686546445
0.10446322290226817
0.10482434323057532
0.10424519097432494
0.10610280511900783
0.10704122390598059
0.10922580026090145
0.11203309427946806
0.1077594137750566
0.10713450983166695
0.10784276016056538
0.10862031485885382
0.11164439795538783
0.1122509092092514
0.1087959292344749
0.10923397215083241
0.10886621894314885
0.10787902493029833
0.10673968121409416
0.10581678431481123
0.10497621167451143
0.10481915902346373
0.1047640461474657
0.10976437106728554
0.11200002208352089
0.10849854722619057
0.10683346027508378
0.10891076782718301
0.10999154392629862
0.11067728791385889
0.11159114725887775
0.10871175304055214
0.1091901259496808
0.11042589321732521
0.10927305230870843
0.10766659490764141
0.10710611939430237
0.1059128437191248
0.10618109628558159
0.10667640622705221
0.10886678099632263
0.11043276591226459
0.10854290006682277
0.10761908208951354
0.10756176896393299
0.10812479164451361
0.109795190859586
0.10926857031881809
0.10966218635439873
0.10861447686329484
0.10724419308826327
0.10661125741899014
0.10529647767543793
0.10488595068454742
0.10690144309774041
0.10590039286762476
0.10376699594780803
0.10493196919560432
0.1050631906837225
0.10480149416252971
0.10587156703695655
0.10959854302927852
0.11182349734008312
0.10839614784345031
0.10755556588992476
0.110425746999681
0.11099479626864195
0.10923448111861944
0.11028914479538798
0.10980411805212498
0.10922696487978101
0.10753663070499897
0.10782049270346761
0.1102007757872343
0.10904895095154643
0.1065703509375453
0.1088574561290443
0.10986436624079943
0.10726469708606601
0.10780297499150038
0.10850954195484519
0.10905582597479224
0.11067185970023274
0.10945996129885316
0.10924150794744492
0.10872118966653943
0.10655138595029712
0.10716419387608767
0.10524653689935803
0.10488783102482557
0.10593158006668091
0.10728547908365726
0.10876024886965752
0.10787567310035229
0.10570374457165599
0.10919304704293609
0.11099505703896284
0.10908569628372788
0.10974832391366363
0.10700759803876281
0.1071373731829226
0.1089986632578075
0.11023361189290881
0.11266420409083366
0.11029173107817769
0.1089190561324358
0.10854648286476731
0.10615703975781798
0.10749380476772785
0.10897321393713355
0.10909363301470876
0.1103311711922288
0.1083370428532362
0.10681166872382164
0.11031057219952345
0.10930690402165055
0.11002923687919974
0.11002287501469254
0.10954482015222311
0.10961972922086716
0.10862439498305321
0.10779153322800994
0.10676272818818688
0.10634914133697748
0.10572899412363768
0.10643523512408137
0.10867886431515217
0.10895331390202045
0.110207281075418
0.10822918592020869
0.1074035819619894
0.11005368595942855
0.10971698397770524
0.10932957800105214
0.10973030887544155
0.10918419994413853
0.10992074385285378
0.10810509324073792
0.10869252309203148
0.10957123106345534
0.1090112803503871
0.10766541212797165
0.10785739403218031
0.10959670087322593
0.1079687001183629
0.10700859781354666
0.10595396067947149
0.10563200991600752
0.10759070236235857
0.10842541791498661
0.11030321009457111
0.11007293779402971
0.10870171897113323
0.10975478496402502
0.10882431827485561
0.10829237289726734
0.10681639984250069
0.10609124880284071
0.10503412084653974
0.10486260382458568
0.10441773571074009
0.10708747711032629
0.10950076393783092
0.10846038674935699
0.10916049359366298
0.10749823320657015
0.1072278548963368
0.110132928006351
0.10961632896214724
0.11031501088291407
0.10937457671388984
0.10892785526812077
0.10840911604464054
0.10869758715853095
0.1074428902938962
0.10574054718017578
0.10453024180606008
0.10393632482737303
0.10452773701399565
0.10455637937411666
0.10460331477224827
0.10557164018973708
0.10908070486038923
0.11174416495487094
0.10834256699308753
0.1080712559632957
0.10687964921817183
0.1067023347131908
0.10843028407543898
0.10975994309410453
0.11019625421613455
0.10919974092394114
0.10994025599211454
0.1098471381701529
0.10816874681040645
0.10765917878597975
0.10651069786399603
0.10634839488193393
0.10562950419262052
0.1078880769200623
0.10898924060165882
0.10847596870735288
0.10943025071173906
0.10844001360237598
0.10867755580693483
0.10874850815162063
0.1097884769551456
0.10996964201331139
0.10920451022684574
0.10815882310271263
0.10823247907683253
0.10700286645442247
0.10736376093700528
0.11016306234523654
0.10892156697809696
0.10735641606152058
0.10791210364550352
0.10941549995914102
0.1072075990960002
0.10742127010598779
0.10866217222064734
0.10814873408526182
0.11103197000920773
0.10976905096322298
0.10983652388677001
0.10899680433794856
0.10807286575436592
0.10748588386923075
0.10545660182833672
0.10610442608594894
0.10790872294455767
0.10698553873226047
0.10527800815179944
0.10567766707390547
0.10472989594563842
0.10483515495434403
0.1069217761978507
0.10785240586847067
0.1091816439293325
0.1084997826255858
0.10740304132923484
0.10599422222003341
0.10661078291013837
0.10900076990947127
0.11000902811065316
0.10954486392438412
0.10882640490308404
0.10734600992873311
0.10710491193458438
0.10586450900882483
0.1063252198509872
0.105110805016011
0.10457014525309205
0.10494519723579288
0.1045052669942379
0.10376199102029204
0.10392027301713824
0.10419949609786272
0.10446047876030207
0.10520466603338718
0.10763855325058103
0.11266636708751321
0.10782990697771311
0.10763228219002485
0.10672581288963556
0.10581284994259477
0.11141237104311585
0.11127277975901961
0.10995269240811467
0.1089547211304307
0.10863892594352365
0.10826676106080413
0.11034270795062184
0.10987462801858783
0.10795753495767713
0.10687234438955784
0.1070816870778799
0.10817594826221466
0.11029345635324717
0.10851672384887934
0.10794644802808762
0.10761372791603208
0.1078171799890697
0.11125778406858444
0.11159430211409926
0.1084422692656517
0.10837531602010131
0.10753295291215181
0.10762093495577574
0.10634403489530087
0.10468173585832119
0.10588146885856986
0.10606606770306826
0.10418392531573772
0.10494159674271941
0.10462756222113967
0.10674742190167308
0.10944735165685415
0.1078946990892291
0.10864772880449891
0.10854906495660543
0.10817988915368915
0.10895517887547612
0.10983268916606903
0.10982797807082534
0.10920950816944242
0.10865268483757973
0.10903364978730679
0.10870856791734695
0.10823352495208383
0.10707316780462861
0.10650826385244727
0.1055304235778749
0.10679645137861371
0.10629423521459103
0.10847989143803716
0.1097558569163084
0.10828733118250966
0.10710856970399618
0.10788715397939086
0.10729976929724216
0.10940805729478598
0.11051835585385561
0.10893748700618744
0.10830555483698845
0.10767023079097271
0.10680653899908066
0.10492941224947572
0.10563018498942256
0.10768171306699514
0.10725486697629094
0.10499494802206755
0.10514247696846724
0.1046696100383997
0.1065641138702631
0.10841399291530252
0.10860660998150706
0.11049081804230809
0.10816706996411085
0.10753852594643831
0.1113584148697555
0.11069337325170636
0.10927958507090807
0.10849101608619094
0.1069933301769197
0.10722438292577863
0.10614375164732337
0.1056684642098844
0.10866155009716749
0.10694628674536943
0.10524116037413478
0.10535211488604546
0.10497576417401433
0.10539457388222218
0.10626676678657532
0.10949913924559951
0.11189770326018333
0.10836891597136855
0.10733159212395549
0.1076638181693852
0.10924141807481647
0.11037241015583277
0.11053174315020442
0.1096021831035614
0.1097439699806273
0.10876235412433743
0.10840797191485763
0.1075212829746306
0.1062205876223743
0.1045903586782515
0.10525911906734109
0.10432834923267365
0.10918212588876486
0.11128580383956432
0.10831768997013569
0.10788135323673487
0.10683248890563846
0.10639279382303357
0.10841000033542514
0.10966643132269382
0.11032673623412848
0.11048285104334354
0.10864722914993763
0.10838583903387189
0.10764270229265094
0.10730823408812284
0.10706235095858574
0.10633033001795411
0.10488642286509275
0.10432139411568642
0.10478996066376567
0.10616121673956513
0.10788259003311396
0.10883837193250656
0.11076851142570376
0.10928985197097063
0.10809747921302915
0.11232829187065363
0.1112506058998406
0.10960577102378011
0.10873828874900937
0.10785028105601668
0.10704223904758692
0.1050517288967967
0.10576701397076249
0.10524007678031921
0.10520509304478765
0.1038914043456316
0.10396626824513078
0.10437337821349502
0.10591535409912467
0.10447979997843504
0.10833509312942624
0.11059724818915129
0.10838171700015664
0.10905510419979692
0.10844242293387651
0.10777661018073559
0.10969110811129212
0.11088343383744359
0.11060644406825304
0.1093446877785027
0.10765487095341086
0.10823855176568031
0.10600412636995316
0.10603583604097366
0.10537851275876164
0.10556283500045538
0.10404126113280654
0.10441036708652973
0.10483690910041332
0.10460773343220353
0.10521899303421378
0.1094176908954978
0.11216755025088787
0.10807239729911089
0.1073689991608262
0.10911538684740663
0.11004511872306466
0.10937900794669986
0.10983870225027204
0.10990057792514563
0.10939656710252166
0.10969973262399435
0.1083761602640152
0.10822746716439724
0.1069170436821878
0.10503522865474224
0.1055480563081801
0.10482274228706956
0.10919628804549575
0.11122267507016659
0.10797010734677315
0.10765906888991594
0.10634445678442717
0.10605935286730528
0.10889225592836738
0.11010591173544526
0.11064699431881309
0.11011513601988554
0.10896962881088257
0.10802872711792588
0.10660415003076196
0.10651957802474499
0.10593057796359062
0.11044943332672119
0.11331206187605858
0.10991487698629498
0.1080312835983932
0.11037125485017896
0.10954982414841652
0.10825380682945251
0.10915271006524563
0.11029080301523209
0.11146044824272394
0.10916912090033293
0.10875132167711854
0.10845605283975601
0.10847068997099996
0.10632411204278469
0.11057939101010561
0.1124821319244802
0.10862788371741772
0.10856703389436007
0.10733878193423152
0.10869215987622738
0.11018009204417467
0.11119336262345314
0.11021289881318808
0.1106944945640862
0.10971334902569652
0.10865718591958284
0.10778970597311854
0.1074705789797008
0.1054446310736239
0.10609466722235084
0.10660394513979554
0.10999356815591455
0.11235192324966192
0.10893736686557531
0.1074409931898117
0.11094498680904508
0.1104425759986043
0.10987179586663842
0.11026141420006752
0.10984399216249585
0.10922624776139855
0.10852149594575167
0.10788043728098273
0.10622088285163045
0.10598550597205758
0.10614127200096846
0.10739984503015876
0.11110798828303814
0.10867560980841517
0.10923407087102532
0.10849354695528746
0.10791033273562789
0.10928534297272563
0.11042975122109056
0.1109371930360794
0.1094204569235444
0.10777137614786625
0.10875229770317674
0.10906838113442063
0.10784672573208809
0.10582468193024397
0.10535419778898358
0.10498445481061935
0.10502870101481676
0.10545922815799713
0.10977724194526672
0.11262180516496301
0.10862125502899289
0.10834730602800846
0.10784726403653622
0.10914580104872584
0.11057290621101856
0.11139676999300718
0.1101611671037972
0.10917678195983171
0.1078464132733643
0.10770706506446004
0.10591472778469324
0.10660745995119214
0.1048559988848865
0.10558061208575964
0.10487252613529563
0.1058081230148673
0.1068655839189887
0.10936680901795626
0.11107015982270241
0.10975306015461683
0.10880374303087592
0.10922228731215
0.11129956226795912
0.11049497500061989
0.10927535500377417
0.10762506583705544
0.10821740981191397
0.10590860806405544
0.10619851294904947
0.1053545018658042
0.10510342614725232
0.10440997825935483
0.10479548713192344
0.10497858468443155
0.10530528193339705
0.10568122519180179
0.10976896295323968
0.11280587501823902
0.10910958517342806
0.10764635680243373
0.10783879272639751
0.1099548670463264
0.11020328477025032
0.1114430041052401
0.10964125208556652
0.10919800028204918
0.10816686786711216
0.1086865970864892
0.10603763908147812
0.10707075474783778
0.10564790898934007
0.10532890679314733
0.10551363881677389
0.11010181531310081
0.11258223000913858
0.10885225795209408
0.10857686633244157
0.10814994480460882
0.10916697606444359
0.11138990381732583
0.1118562719784677
0.10859616007655859
0.10860746912658215
0.10812496999278665
0.10823174985125661
0.1064161048270762
0.10993131715804338
0.1126346169039607
0.10977362841367722
0.10786333959549665
0.10990360984578729
0.11019239295274019
0.10839678719639778
0.10976923210546374
0.11067386390641332
0.11141072399914265
0.10930350935086608
0.10876410594210029
0.10763912601396441
0.10781583609059453
0.10605611000210047
0.11027766298502684
0.11254009092226624
0.10887546092271805
0.10859069367870688
0.10888872481882572
0.109329785220325
0.10661698505282402
0.10633726511150599
0.10776335839182138
0.10872519016265869
0.11250361008569598
0.11092543601989746
0.10836096573621035
0.10807500593364239
0.10716334404423833
0.10705011012032628
0.1065505719743669
0.10974357277154922
0.11165184015408158
0.1089963661506772
0.10774830495938659
0.1080473349429667
0.10962397791445255
0.1081071151420474
0.10826659621670842
0.1101800980977714
0.11019839998334646
0.10973788565024734
0.10992898605763912
0.10820943862199783
0.10728523787111044
0.10661178128793836
0.10664152074605227
0.10822736192494631
0.10981457214802504
0.11273307027295232
0.10988838318735361
0.10915036406368017
0.11066559888422489
0.1111251818947494
0.11183909326791763
0.109827337320894
0.10854882001876831
0.11029702005907893
0.10700592398643494
0.1071600723080337
0.10511764232069254
0.10510871512815356
0.10547833004966378
0.10791674768552184
0.11122753471136093
0.10874010808765888
0.10903940722346306
0.10802798205986619
0.10669254185631871
0.1119978129863739
0.11268190992996097
0.10970176896080375
0.10820723790675402
0.10814729193225503
0.10747162392362952
0.10514909401535988
0.10554839670658112
0.10531097697094083
0.1051727719604969
0.10441662324592471
0.10411158204078674
0.10419977316632867
0.10530084185302258
0.10473729204386473
0.10733412578701973
0.10986554203554988
0.1087613059207797
0.1096558147110045
0.10860446095466614
0.10798583086580038
0.11300517478957772
0.11233695922419429
0.11001590732485056
0.10972061613574624
0.11206002673134208
0.10940824588760734
0.10864691669121385
0.10935827996581793
0.1108549740165472
0.10959756607189775
0.10895415302366018
0.10978945903480053
0.10931826988235116
0.1099695460870862
0.11088805086910725
0.10978968860581517
0.10924630565568805
0.10812320001423359
0.10807315818965435
0.10663291672244668
0.10594998393207788
0.10639113606885076
0.1097361478023231
0.11189763620495796
0.1093549421057105
0.10906901396811008
0.10944778239354491
0.1090174880810082
0.10746416123583913
0.10734067298471928
0.10910255368798971
0.11081625893712044
0.11021573888137937
0.10906258644536138
0.10884627001360059
0.10730100609362125
0.10597882280126214
0.10600402066484094
0.10459275916218758
0.10696748876944184
0.10896495124325156
0.109447015915066
0.11079200403764844
0.10813466086983681
0.10766697162762284
0.1098451018333435
0.11021476099267602
0.10959058906883001
0.11023805197328329
0.10976936016231775
0.1094922386109829
0.10870231175795197
0.10895204218104482
0.10703087504953146
0.10735371196642518
0.1066294340416789
0.10928525496274233
0.11126566817983985
0.10877059819176793
0.10751441400498152
0.10757048614323139
0.10821512201800942
0.10954198520630598
0.11007103091105819
0.10985051328316331
0.10950462520122528
0.10970446933060884
0.10955777717754245
0.10791530320420861
0.10718795983120799
0.10545504512265325
0.10502366023138165
0.10489935474470258
0.10743196588009596
0.11075239814817905
0.10875513544306159
0.10870842169970274
0.10788268409669399
0.10755690606310964
0.11179272318258882
0.1111032241024077
0.10998062882572412
0.10838907398283482
0.10694605577737093
0.10814988566562533
0.11075089918449521
0.1096709156408906
0.10790522396564484
0.10779698472470045
0.1062803640961647
0.10836678883060813
0.11072617908939719
0.10807891422882676
0.10815067356452346
0.10660802107304335
0.10627668676897883
0.10801715962588787
0.10869911219924688
0.11127496464177966
0.11081306403502822
0.10819906601682305
0.1087459777481854
0.10847094189375639
0.1090667499229312
0.10854609729722142
0.10872449493035674
0.10691093420609832
0.10801555728539824
0.10910497419536114
0.10810028715059161
0.10698952293023467
0.10700378892943263
0.10603782068938017
0.11150274006649852
0.1118428036570549
0.1089887679554522
0.10851473920047283
0.10810134606435895
0.10822691209614277
0.10603530099615455
0.10655796388164163
0.10566698899492621
0.1082733147777617
0.10991626279428601
0.10857859812676907
0.1092892587184906
0.10890351375564933
0.10833141580224037
0.10895822383463383
0.10875789588317275
0.1118976860307157
0.1104769422672689
0.10965325869619846
0.10862008575350046
0.10621437197551131
0.10738528985530138
0.10571818286553025
0.10560503276064992
0.10544165596365929
0.10728783626109362
0.11041626799851656
0.10874229529872537
0.1098491083830595
0.10840612277388573
0.1073720189742744
0.10911540407687426
0.10849953582510352
0.10935545293614268
0.10969260707497597
0.10906806914135814
0.10972006665542722
0.10850907023996115
0.1082944655790925
0.1074711480177939
0.10752039402723312
0.10552746430039406
0.1093688178807497
0.1114839082583785
0.10887455614283681
0.10802969802170992
0.10729834204539657
0.10819435911253095
0.10881191398948431
0.108376853633672
0.10893674893304706
0.10934718092903495
0.1094592111185193
0.10983475623652339
0.10801605693995953
0.10802066279575229
0.1073259967379272
0.10739440191537142
0.10615559201687574
0.1094386950135231
0.11161738028749824
0.10833486123010516
0.10762127907946706
0.10764645971357822
0.10785821918398142
0.1079843258485198
0.10796711500734091
0.11130310408771038
0.110252914018929
0.10838694404810667
0.10846795933321118
0.10798689723014832
0.1074397717602551
0.11045612907037139
0.10809207195416093
0.10779325291514397
0.10848704306408763
0.10999714769423008
0.10844522714614868
0.10689074778929353
0.10729318298399448
0.10770570859313011
0.10739302076399326
0.10620177770033479
0.11160757299512625
0.11135012609884143
0.1082695359364152
0.10845171194523573
0.10793014522641897
0.10651883203536272
0.10548067791387439
0.10543136391788721
0.10450404696166515
0.10504275094717741
0.10509419487789273
0.10956008266657591
0.1123153530061245
0.10879395017400384
0.10709413094446063
0.10924990801140666
0.1089881369844079
0.10615107929334044
0.10691648069769144
0.10841463506221771
0.10936341201886535
0.10945403296500444
0.11019918601959944
0.10750104300677776
0.10737134097144008
0.10668219393119216
0.10655517317354679
0.1055602109991014
0.1062083919532597
0.10770600382238626
0.10853991890326142
0.11024669464677572
0.10855720425024629
0.10748091572895646
0.10871562920510769
0.1074212552048266
0.10606896691024303
0.10606095474213362
0.10737367393448949
0.10879052430391312
0.10966924717649817
0.11030871886759996
0.10850676614791155
0.10830418579280376
0.10714994929730892
0.10622615600004792
0.10622833296656609
0.10896692099049687
0.11161844991147518
0.10840879566967487
0.10781265236437321
0.10779417399317026
0.1080826623365283
0.10912498785182834
0.1091945031657815
0.1102645630016923
0.10921203996986151
0.11001229705289006
0.10869224742054939
0.10774253401905298
0.10716867493465543
0.10530339879915118
0.10482881031930447
0.10533160530030727
0.10630651190876961
0.10777772404253483
0.10854091495275497
0.11099598603323102
0.10858212318271399
0.10717118484899402
0.1082572229206562
0.10795082990080118
0.10747722070664167
0.10573066910728812
0.11207706015557051
0.11154231801629066
0.10950484918430448
0.10845676297321916
0.1098933438770473
0.10876925196498632
0.10603909706696868
0.1075538001023233
0.10893379896879196
0.10824579512700438
0.10870091011747718
0.108463732060045
0.10696812113747001
0.10815189778804779
0.10820199409499764
0.10940381325781345
0.1102406489662826
0.10878313472494483
0.10931743495166302
0.10944711696356535
0.10906545119360089
0.10736661311239004
0.10828767297789454
0.10605020727962255
0.10762433800846338
0.11079747602343559
0.10785074159502983
0.10784910386428237
0.10966010112315416
0.10867117205634713
0.10816966416314244
0.10861904872581363
0.10943167796358466
0.10961738135665655
0.10853957291692495
0.10801312979310751
0.10801551304757595
0.10817224299535155
0.10976514732465148
0.10828150203451514
0.10556992795318365
0.10748087521642447
0.1091033979319036
0.10839498043060303
0.10929379658773541
0.10757511388510466
0.10669748671352863
0.10810827277600765
0.10798735311254859
0.10628327913582325
0.10683841770514846
0.10809723380953074
0.10952075896784663
0.109035714995116
0.10918148420751095
0.10805060807615519
0.10771358711645007
0.1069307909347117
0.1065226998180151
0.1056696716696024
0.10696813510730863
0.10899757221341133
0.10832966677844524
0.10891127167269588
0.10796961886808276
0.10696575092151761
0.10772660002112389
0.10829172004014254
0.10638868901878595
0.10652044136077166
0.10841175075620413
0.11022574501112103
0.10866431426256895
0.10819203685969114
0.1084093889221549
0.10791016835719347
0.1094374880194664
0.10865128878504038
0.10568330809473991
0.10846309503540397
0.11012002173811197
0.10796702327206731
0.10802268795669079
0.10674171987921
0.10605048900470138
0.10807452816516161
0.10836422257125378
0.10756896901875734
0.10790876066312194
0.10897978814318776
0.10908667789772153
0.10957399429753423
0.1081752278842032
0.10646120179444551
0.10704718623310328
0.1053534778766334
0.10521521605551243
0.10524803958833218
0.1058030566200614
0.10664060665294528
0.10870532877743244
0.1113901836797595
0.10854074917733669
0.10726982075721025
0.10922752413898706
0.10905110882595181
0.10994199197739363
0.11122466810047626
0.10848147002980113
0.1091514527797699
0.10921144485473633
0.10818508500233293
0.10647594183683395
0.1075759818777442
0.10500903893262148
0.10583311785012484
0.10512373922392726
0.10864342004060745
0.11099223187193274
0.1081243809312582
0.1079084137454629
0.10606443509459496
0.10623891977593303
0.107383674941957
0.10834131995216012
0.11014117673039436
0.11054055066779256
0.10871519334614277
0.10834918497130275
0.1084569008089602
0.10783386789262295
0.10566637106239796
0.10598858678713441
0.10492541966959834
0.10500962706282735
0.10476158699020743
0.10645433096215129
0.10854816297069192
0.10808934504166245
0.11028961231932044
0.10856749908998609
0.10735207190737128
0.11066974140703678
0.11012509278953075
0.10978729603812099
0.10998038575053215
0.1096459492109716
0.10881303483620286
0.1087993779219687
0.10812173411250114
0.10607507033273578
0.10611562104895711
0.1055150511674583
0.10554088093340397
0.10636007506400347
0.10942637082189322
0.11152302892878652
0.10885522793978453
0.10754824196919799
0.10862935381010175
0.10934630502015352
0.10985877318307757
0.11111762886866927
0.10884819692000747
0.10921023320406675
0.10915727820247412
0.10804663132876158
0.10615258244797587
0.10550550324842334
0.10492540989071131
0.10614279704168439
0.10518155619502068
0.11006090976297855
0.11248366627842188
0.10870606917887926
0.10782291926443577
0.10992542514577508
0.10989945800974965
0.11091251019388437
0.11119408905506134
0.10930964583531022
0.1090007359161973
0.11014167265966535
0.10765433078631759
0.10696939006447792
0.10583869088441133
0.10596238309517503
0.10631365003064275
0.10825030319392681
0.10911196004599333
0.11133746895939112
0.10859427182003856
0.10747964540496469
0.11162134492769837
0.11100437305867672
0.11039043962955475
0.10978319775313139
0.10967989405617118
0.10907802684232593
0.10749623319134116
0.10761071369051933
0.1060501798056066
0.10597669100388885
0.10551255010068417
0.10790005000308156
0.11211527790874243
0.1081939130090177
0.10843913489952683
0.10767913470044732
0.10726767126470804
0.10867046983912587
0.1103597548790276
0.11190443392843008
0.10998968174681067
0.10854298295453191
0.10842430591583252
0.10745286894962192
0.10713579365983605
0.10566254192963243
0.10532717080786824
0.10480108391493559
0.10566499875858426
0.10509850038215518
0.11046141618862748
0.11308596795424819
0.10875027626752853
0.10952536016702652
0.10838395869359374
0.10942032840102911
0.1103890030644834
0.11146333301439881
0.10897482605651021
0.10891427006572485
0.10785363987088203
0.10745413741096854
0.11028374079614878
0.1090228003449738
0.10707149608060718
0.10996677167713642
0.11209946125745773
0.1101103420369327
0.10997255612164736
0.11114320298656821
0.11122249020263553
0.11238637240603566
0.11167851695790887
0.10915952688083053
0.1082384642213583
0.10681295488029718
0.10815577441826463
0.11060766503214836
0.11136650387197733
0.11282057594507933
0.11050606612116098
0.11055323714390397
0.10875315964221954
0.10901384288445115
0.11123223975300789
0.11102026700973511
0.1105913920328021
0.11026878328993917
0.10820503393188119
0.10759383905678988
0.10630393587052822
0.10973248491063714
0.11189959105104208
0.1092142746783793
0.10805223183706403
0.10847763996571302
0.10907263681292534
0.11122627602890134
0.11265215277671814
0.10852879518643022
0.10922361817210913
0.11011111736297607
0.11027291230857372
0.10837249271571636
0.10884250001981854
0.10673320107161999
0.1088437382131815
0.1110914177261293
0.10933022806420922
0.10813991213217378
0.11068786215037107
0.11018391698598862
0.10949316900223494
0.11046354798600078
0.10926437377929688
0.10894360998645425
0.10921987285837531
0.10840439004823565
0.10517524275928736
0.10559735400602221
0.10517267603427172
0.10561729595065117
0.10529970470815897
0.11026501888409257
0.11195992259308696
0.10878316406160593
0.10837583290413022
0.10980942007154226
0.10989112127572298
0.11005160817876458
0.11108632804825902
0.10871120588853955
0.10938307968899608
0.10973260598257184
0.10996987484395504
0.10877522174268961
0.10739756003022194
0.10630744835361838
0.10948745580390096
0.11104125482961535
0.10933422297239304
0.10807619895786047
0.1091708978638053
0.10960695520043373
0.10998726170510054
0.1102880509570241
0.10947083169594407
0.10987124219536781
0.10986984893679619
0.10914953704923391
0.10841713286936283
0.10816061170771718
0.10614649299532175
0.10788692906498909
0.10896991798654199
0.10801345808431506
0.10808841092512012
0.10856904787942767
0.10873920284211636
0.11132539575919509
0.10975526785477996
0.10961823305115104
0.10922025283798575
0.10809853114187717
0.10721035581082106
0.10572557616978884
0.10515640676021576
0.10565075790509582
0.10487414291128516
0.10425385786220431
0.1043121162801981
0.10407292563468218
0.10434501711279154
0.10481441579759121
0.1049371613189578
0.10549796931445599
0.10929332487285137
0.11181916482746601
0.10926546482369304
0.10808779392391443
0.10686124861240387
0.10737617174163461
0.11032695136964321
0.10973838716745377
0.10911872470751405
0.10983285587280989
0.10703138401731849
0.1072177249006927
0.10510205524042249
0.10558988573029637
0.10422831401228905
0.10474311606958508
0.10408307006582618
0.10411337995901704
0.10444346675649285
0.10536866402253509
0.1046947930008173
0.1059157750569284
0.10659366473555565
0.10890381084755063
0.11138987774029374
0.10903572989627719
0.10723785776644945
0.11148190777748823
0.1112658348865807
0.10924112796783447
0.10928165167570114
0.1088884905911982
0.10862187016755342
0.10617542499676347
0.10643309587612748
0.10542831290513277
0.10550416493788362
0.10639964696019888
0.10566402692347765
0.10504940710961819
0.10606778133660555
0.10578424530103803
0.10908949607983232
0.11124592693522573
0.10860753618180752
0.10773057816550136
0.10804825788363814
0.10843456769362092
0.10970917576923966
0.11009614076465368
0.10950110713019967
0.10842398460954428
0.107716612983495
0.106709951069206
0.10610962193459272
0.10630245599895716
0.10731318918988109
0.10668177204206586
0.1059065661393106
0.10607573203742504
0.10841215681284666
0.10901296278461814
0.11111119110137224
0.1101308660581708
0.10943199880421162
0.10931013291701674
0.1098795710131526
0.1107532000169158
0.10970046231523156
0.10872875340282917
0.10859955614432693
0.10664318222552538
0.10677157575264573
0.10662311315536499
0.10949833923950791
0.1126139760017395
0.10899564391002059
0.10718735726550221
0.10960757173597813
0.11014344729483128
0.10892166011035442
0.10946762003004551
0.11069382820278406
0.1107958653010428
0.10887113306671381
0.10864724591374397
0.10760907409712672
0.10762043902650476
0.10626843571662903
0.10814013378694654
0.1102455030195415
0.10905075492337346
0.10971915116533637
0.10800431715324521
0.10704575711861253
0.1107334466651082
0.11072716722264886
0.1104017929174006
0.10903593897819519
0.10959086799994111
0.10915940906852484
0.10907189873978496
0.10758318286389112
0.10621130606159568
0.10595316113904119
0.10568312602117658
0.10611787205561996
0.10756906308233738
0.10877218702808022
0.11109604220837355
0.10863254405558109
0.10738493967801332
0.11152699077501893
0.11074969079345465
0.11020866502076387
0.10954552236944437
0.10891964985057712
0.10900986986234784
0.10889385221526027
0.1073850798420608
0.10630323691293597
0.10601638210937381
0.10548024903982878
0.10570805799216032
0.10630172677338123
0.10899776592850685
0.11163205374032259
0.10911472607403994
0.10725671891123056
0.10873717721551657
0.10972349997609854
0.11001520091667771
0.11095733102411032
0.10909253638237715
0.1087183989584446
0.10828746110200882
0.10840694792568684
0.10544775007292628
0.10628872504457831
0.10484057804569602
0.10459122294560075
0.10526586696505547
0.10524808801710606
0.10642357310280204
0.10923514468595386
0.11174147063866258
0.10888043604791164
0.10755461500957608
0.11150832893326879
0.11130751110613346
0.11040369560942054
0.11031720507889986
0.10870347591117024
0.10824084281921387
0.10620589880272746
0.10614391509443521
0.10569456219673157
0.10570019902661443
0.10418496187776327
0.10472461907193065
0.10472196293994784
0.10559348296374083
0.10486937407404184
0.11005725292488933
0.11245396826416254
0.10856417194008827
0.10849081166088581
0.1103335008956492
0.11083252308890224
0.11012698989361525
0.10983982309699059
0.1092612030915916
0.10901687014847994
0.10762811591848731
0.10658296011388302
0.10538648394867778
0.10522200213745236
0.10418488504365087
0.10415102913975716
0.10495539708063006
0.10632861265912652
0.1058457549661398
0.10986631782725453
0.11308784829452634
0.10979420691728592
0.10811960091814399
0.10930106602609158
0.11010043695569038
0.11153165437281132
0.1118008610792458
0.10978594422340393
0.10839838813990355
0.10704677039757371
0.10641798097640276
0.10709814168512821
0.11061706766486168
0.11391248786821961
0.1097886823117733
0.10872846376150846
0.10958881489932537
0.1095036300830543
0.11018134607002139
0.11071699531748891
0.11096582608297467
0.10975412279367447
0.10833176411688328
0.10745312133803964
0.10565576003864408
0.10533992620185018
0.10578553006052971
0.11050697602331638
0.11352599319070578
0.10895112995058298
0.10782656027004123
0.11026486195623875
0.1096913511864841
0.10846928181126714
0.10983874183148146
0.11062354128807783
0.11172520788386464
0.10955756437033415
0.11008627619594336
0.10953136812895536
0.10836875904351473
0.1086508329026401
0.10943626193329692
0.11135474499315023
0.10855350876227021
0.10797744104638696
0.11113157635554671
0.10931092919781804
0.10978028690442443
0.11045646714046597
0.10979059804230928
0.10967221111059189
0.10843456909060478
0.10787893505766988
0.10704621532931924
0.10680945590138435
0.1061136438511312
0.1101210992783308
0.11267969431355596
0.10904359398409724
0.10878152213990688
0.1083034249022603
0.10889930417761207
0.11190941417589784
0.11290582735091448
0.1089488067664206
0.11021321872249246
0.10993805900216103
0.10843389900401235
0.1077635190449655
0.10729836486279964
0.10567850572988391
0.10995386587455869
0.11167374299839139
0.10905917081981897
0.10880663525313139
0.108375099953264
0.10694062802940607
0.10969082172960043
0.10900673968717456
0.10898035205900669
0.1097386390902102
0.10711695114150643
0.10653219791129231
0.1050229431129992
0.10570846917107701
0.10729096690192819
0.10642284899950027
0.10517649399116635
0.10496775386855006
0.1053899428807199
0.10663539823144674
0.10665841586887836
0.11088038980960846
0.11430314974859357
0.10954400105401874
0.10872973222285509
0.11002344358712435
0.11084912298247218
0.11049980064854026
0.11001186678186059
0.10877055209130049
0.10754947317764163
0.10634997906163335
0.10642976313829422
0.10739352041855454
0.10698823584243655
0.10531487362459302
0.1057149819098413
0.10606034705415368
0.1099231238476932
0.11248785117641091
0.11104304296895862
0.10918181389570236
0.11016578786075115
0.11132982978597283
0.11060120863839984
0.11001120507717133
0.10822916077449918
0.1071422677487135
0.10581732029095292
0.10535117890685797
0.1062953881919384
0.11096084397286177
0.1147131398320198
0.10976849216967821
0.10881709773093462
0.11015572492033243
0.10986856603994966
0.11057493602856994
0.1111814621835947
0.11146603431552649
0.10974998632445931
0.10933212470263243
0.10796895995736122
0.10638149315491319
0.10727142868563533
0.10847466811537743
0.10990418586879969
0.11116287019103765
0.10868339333683252
0.10827802401036024
0.11061114817857742
0.11037116218358278
0.11030428716912866
0.11082861572504044
0.11078861774876714
0.11068298108875751
0.10926043381914496
0.10872003203257918
0.10684161633253098
0.10969983087852597
0.11106554511934519
0.10903245909139514
0.10944069689139724
0.10681766085326672
0.10757325775921345
0.10997699201107025
0.11128378938883543
0.11096660327166319
0.10992219019681215
0.11110655218362808
0.10971860820427537
0.10811730707064271
0.10733073903247714
0.10613875417038798
0.1066661630757153
0.1061829449608922
0.10861291969195008
0.11096870573237538
0.10785143682733178
0.10743714310228825
0.10648294212296605
0.10743766883388162
0.10920318402349949
0.1096611456014216
0.10853392584249377
0.1082897549495101
0.10984363686293364
0.10972044756636024
0.10834867600351572
0.10749360593035817
0.10646759672090411
0.10635908367112279
0.10572467418387532
0.10601238207891583
0.10813586693257093
0.10814219666644931
0.10911514377221465
0.10783500783145428
0.1068130531348288
0.10903599485754967
0.1089331186376512
0.10943867918103933
0.11008478701114655
0.10887810913845897
0.10984593629837036
0.10910745710134506
0.10830111801624298
0.10672752605751157
0.10580888530239463
0.10460140788927674
0.104822704102844
0.10494685498997569
0.1077067838050425
0.11058222129940987
0.10831252578645945
0.10864115692675114
0.10691365506500006
0.10642698407173157
0.11062437575310469
0.11024504294618964
0.10919701913371682
0.10929660405963659
0.10931902891024947
0.10972162988036871
0.10874541103839874
0.10875444207340479
0.10937421210110188
0.10901584010571241
0.10592998936772346
0.10812481073662639
0.10985961463302374
0.1083713611587882
0.10728137427940965
0.1059630187228322
0.10615111514925957
0.10824588499963284
0.11007535923272371
0.10957201709970832
0.10868129413574934
0.10877879988402128
0.1083644232712686
0.10948936874046922
0.10915400506928563
0.10776243591681123
0.10756913386285305
0.1059894859790802
0.10554848099127412
0.10690449597314
0.10772596299648285
0.10916588315740228
0.10820303997024894
0.10738074593245983
0.1087274239398539
0.10842908499762416
0.10959803173318505
0.11006894195452332
0.10815130406990647
0.10769887827336788
0.10584416333585978
0.10705325985327363
0.10984693327918649
0.10887922020629048
0.10875464556738734
0.10796081181615591
0.10549259232357144
0.10778622003272176
0.11043016100302339
0.10813295934349298
0.10963629884645343
0.1066219205968082
0.10664266673848033
0.10998115316033363
0.1098151202313602
0.11118004471063614
0.10952785471454263
0.10911884810775518
0.10734372399747372
0.10535421222448349
0.1061454969458282
0.10691132489591837
0.10639371909201145
0.1046741520985961
0.10534198209643364
0.10455054976046085
0.10536954831331968
0.10666343895718455
0.10886998614296317
0.11122500104829669
0.10825190506875515
0.10658372193574905
0.11048720357939601
0.11072833370417356
0.10886086570098996
0.10998599417507648
0.10863839229568839
0.10799496993422508
0.11003422876819968
0.10888185584917665
0.10621559200808406
0.1073588477447629
0.10485497117042542
0.104539779946208
0.10378537513315678
0.10570237878710032
0.10720865102484822
0.10757945384830236
0.109277768060565
0.10799799067899585
0.10760745778679848
0.10987123707309365
0.10935044195502996
0.10868956707417965
0.1101369489915669
0.10807746089994907
0.10766203701496124
0.107189925853163
0.10741859395056963
0.10593563690781593
0.10592070315033197
0.10359180299565196
0.10351547505706549
0.10356331709772348
0.10360854398459196
0.1039405707269907
0.10406953003257513
0.10370829002931714
0.1042139339260757
0.10534791788086295
0.10938570369035006
0.11241072369739413
0.10804024338722229
0.1068333899602294
0.10870543820783496
0.10908057680353522
0.11056074220687151
0.1120003410615027
0.10764525039121509
0.10798349184915423
0.10992122394964099
0.10881223296746612
0.10768778622150421
0.10735872387886047
0.10499240271747112
0.10525559587404132
0.1048951530829072
0.1072547398507595
0.11075523402541876
0.10756107186898589
0.10803088499233127
0.10711755836382508
0.10730430670082569
0.11103985505178571
0.10999158257618546
0.10924070281907916
0.10933960787951946
0.10834148107096553
0.10809152480214834
0.1087423418648541
0.10779288178309798
0.1064827716909349
0.10619729198515415
0.10446897614747286
0.10440699011087418
0.10390823800116777
0.10431558405980468
0.10546899400651455
0.10948026971891522
0.11243945686146617
0.1080147554166615
0.10704737529158592
0.1093642208725214
0.10938192484900355
0.10898839309811592
0.10986772831529379
0.10902694799005985
0.10875390795990825
0.10854258574545383
0.10849578306078911
0.10743017215281725
0.10644620796665549
0.104792564176023
0.10465485882014036
0.10442904382944107
0.10453579807654023
0.10435123788192868
0.1086560869589448
0.11087829293683171
0.10795869585126638
0.10719135589897633
0.10626682406291366
0.10668219905346632
0.10712410416454077
0.10890012513846159
0.11037434125319123
0.11110017681494355
0.1082851612009108
0.1093783788383007
0.10810150997713208
0.10798302898183465
0.10731496568769217
0.10654226783663034
0.10490345023572445
0.10464904131367803
0.10463046794757247
0.10498285572975874
0.10620646830648184
0.10858096834272146
0.11053099576383829
0.10856034001335502
0.10723982006311417
0.10980227310210466
0.11002323683351278
0.10869140271097422
0.10986460093408823
0.10913940332829952
0.1092236372642219
0.10983403818681836
0.10849207732826471
0.1073007876984775
0.10645553655922413
0.1053933328948915
0.10439450666308403
0.10491751972585917
0.1068749688565731
0.11007676087319851
0.1074925190769136
0.1084089339710772
0.10818290105089545
0.10817814897745848
0.10885051498189569
0.10956569295376539
0.10898628877475858
0.10850850865244865
0.10806916188448668
0.10742103168740869
0.10539733106270432
0.10529751190915704
0.1039581811055541
0.10479862103238702
0.10355367697775364
0.10345935495570302
0.1035877950489521
0.1030694916844368
0.10342433117330074
0.10336263198405504
0.10306902090087533
0.10375893115997314
0.10396801633760333
0.10403766296803951
0.10429271776229143
0.10468991380184889
0.10668252967298031
0.1095108250156045
0.11312941275537014
0.10796327795833349
0.10663777217268944
0.11086385417729616
0.11016418086364865
0.1101168510504067
0.10990128479897976
0.10938577400520444
0.11018969072028995
0.1086603319272399
0.1080429251305759
0.10732860397547483
0.10798224806785583
0.10531423380598426
0.10914452513679862
0.1111665409989655
0.10767953610047698
0.10743776289746165
0.10683846799656749
0.10525685921311378
0.11047863680869341
0.11065203789621592
0.10911819478496909
0.10911302082240582
0.10933317104354501
0.11002880521118641
0.10881361039355397
0.10860747704282403
0.10711299674585462
0.10798841202631593
0.10645186295732856
0.1089680721051991
0.11060849903151393
0.10797601100057364
0.10763827199116349
0.10625745682045817
0.10631021484732628
0.10755601106211543
0.10834169806912541
0.11072633834555745
0.11129734385758638
0.1085688048042357
0.10938655585050583
0.10889028292149305
0.10929051227867603
0.10760354110971093
0.10772148985415697
0.10494124796241522
0.10918537713587284
0.11070600897073746
0.10799909196794033
0.107436235062778
0.10608436213806272
0.10680776415392756
0.10795521689578891
0.10984612070024014
0.10874680336564779
0.10886817192658782
0.1088562561199069
0.10836194176226854
0.11023974837735295
0.1086179269477725
0.1070528612472117
0.10753915272653103
0.1051347479224205
0.10501771979033947
0.10447392659261823
0.10847391979768872
0.11075645731762052
0.10746806021779776
0.10691336309537292
0.10783699108287692
0.10695091541856527
0.10701807402074337
0.10933244274929166
0.10918397922068834
0.10958547005429864
0.10821565706282854
0.10853193001821637
0.10927865374833345
0.10943759325891733
0.10650660982355475
0.10682889726012945
0.10550082894042134
0.10609917063266039
0.10466308891773224
0.10669575398787856
0.10832286905497313
0.10769245121628046
0.1086278548464179
0.10796239320188761
0.10669790906831622
0.10790775204077363
0.10822929674759507
0.10883450321853161
0.11028065904974937
0.10890244087204337
0.10806687781587243
0.10681643104180694
0.10654691187664866
0.10452670184895396
0.10525547107681632
0.10729046864435077
0.10596246365457773
0.10420318739488721
0.1042764000594616
0.10390748269855976
0.10398071492090821
0.10380543768405914
0.10482307942584157
0.10725956410169601
0.10922806104645133
0.11083622090518475
0.10842908918857574
0.10699568688869476
0.11042526131495833
0.11045439913868904
0.10914351604878902
0.10924454824998975
0.10825657797977328
0.10810698382556438
0.10819209180772305
0.10875967098399997
0.1070430614054203
0.10618667909875512
0.10484898183494806
0.10492393095046282
0.10421691695228219
0.10538489604368806
0.10766964871436357
0.10851697390899062
0.11048177210614085
0.10786872496828437
0.10628847079351544
0.11001707101240754
0.10960661107674241
0.10918783908709884
0.11013397295027971
0.1084562256000936
0.10886540776118636
0.10961888590827584
0.10925177624449134
0.1076974761672318
0.1077726287767291
0.10548064764589071
0.10708206286653876
0.10898106219246984
0.10791379492729902
0.1088633150793612
0.10755562596023083
0.10664169397205114
0.10925674391910434
0.10907697677612305
0.10900069866329432
0.10960432002320886
0.10873221093788743
0.10864524217322469
0.10873481212183833
0.10819024406373501
0.10657702712342143
0.10626767901703715
0.1040266826748848
0.10472429497167468
0.10344936326146126
0.10462807072326541
0.10550033207982779
0.1089007998816669
0.11178903467953205
0.10833510523661971
0.10676572797819972
0.10834828298538923
0.1084735649637878
0.10711384890601039
0.10646432405337691
0.11086122505366802
0.10997133096680045
0.10931231500580907
0.10827500000596046
0.1069961478933692
0.10687191365286708
0.10562928579747677
0.1050490802153945
0.10460943169891834
0.10451006889343262
0.10391198517754674
0.10778464982286096
0.11085885623469949
0.1083323797211051
0.10862580500543118
0.108235539868474
0.10788195068016648
0.10883872490376234
0.1088294330984354
0.10919784056022763
0.10901832301169634
0.10869574872776866
0.1097869579680264
0.1082951920107007
0.10742137208580971
0.10620756028220057
0.10606537899002433
0.1056219837628305
0.10572753800079226
0.10563958110287786
0.1092595336958766
0.11138996994122863
0.10776740172877908
0.10693570598959923
0.10757210524752736
0.10822506295517087
0.10785063216462731
0.10737859411165118
0.10881718480959535
0.10866292100399733
0.10828497912734747
0.10837316187098622
0.10820102319121361
0.10770902782678604
0.10993243474513292
0.10828675096854568
0.10557206207886338
0.10797500610351562
0.10972406202927232
0.10787704028189182
0.10857971385121346
0.10854872595518827
0.10731737967580557
0.10877051064744592
0.10808299528434873
0.10840781405568123
0.10929307760670781
0.10786713706329465
0.10861723590642214
0.10885300394147635
0.10874727787449956
0.10848944121971726
0.10765019990503788
0.10486407810822129
0.10763900494202971
0.10925978003069758
0.10796343302354217
0.10872175404801965
0.1077509974129498
0.10731712123379111
0.10772760305553675
0.10685198521241546
0.10663952166214585
0.10517104435712099
0.11040910705924034
0.11075673997402191
0.10818219976499677
0.10826656175777316
0.10761030204594135
0.10697394423186779
0.10542587330564857
0.10524887591600418
0.10415315302088857
0.10423544095829129
0.10457415459677577
0.10522018186748028
0.10810469929128885
0.10687983594834805
0.1054803361184895
0.10580014437437057
0.10719772102311254
0.1065654898993671
0.1086770580150187
0.1086663119494915
0.1074133520014584
0.10915623186156154
0.1099705658853054
0.10850589396432042
0.10936798388138413
0.10897045815363526
0.10844466276466846
0.10920645296573639
0.10860176058486104
0.10588610777631402
0.10545210912823677
0.1046074628829956
0.10316793294623494
0.10359984403476119
0.10437183920294046
0.10375157976523042
0.10457412386313081
0.10455965995788574
0.10861394880339503
0.11107945814728737
0.10781033476814628
0.10703654680401087
0.10687363194301724
0.10624138405546546
0.10673694312572479
0.10907286405563354
0.10816724505275488
0.10865968931466341
0.10848899511620402
0.10863152192905545
0.10938659822568297
0.10790063673630357
0.10572091676294804
0.10570905636996031
0.10488198790699244
0.10550817288458347
0.10404372401535511
0.1048466581851244
0.10365688800811768
0.10688411118462682
0.10954738641157746
0.10745024681091309
0.10759632335975766
0.10804412886500359
0.10740820225328207
0.1080216160044074
0.10910018673166633
0.10801916988566518
0.10806516977027059
0.10828588670119643
0.10795853519812226
0.10952818486839533
0.10929951630532742
0.10757169965654612
0.10669094789773226
0.10567979514598846
0.10538364620879292
0.10399476438760757
0.1042207800783217
0.1038721352815628
0.10703545529395342
0.11002038372680545
0.10754352388903499
0.10737149510532618
0.10763458395376801
0.10725661320611835
0.10988120082765818
0.10978050110861659
0.10851985216140747
0.10946376714855433
0.10824686894193292
0.10900598485022783
0.10890985978767276
0.10867416765540838
0.10946131683886051
0.107630365062505
0.10555794509127736
0.10805258294567466
0.10917278798297048
0.10743356915190816
0.10793511336669326
0.10714717814698815
0.1072712242603302
0.10804132698103786
0.10786335729062557
0.1095140278339386
0.1101767448708415
0.1083328272216022
0.10896635474637151
0.1088823969475925
0.10744129121303558
0.10573651595041156
0.1062096212990582
0.10477425996214151
0.10465405927971005
0.10518964007496834
0.10379197588190436
0.10456189699470997
0.10751884570345283
0.11200744938105345
0.10730601893737912
0.10664127394556999
0.1092744991183281
0.10679374122992158
0.11160229705274105
0.1103340364061296
0.11001263372600079
0.1099436292424798
0.11143416212871671
0.1101197493262589
0.10727333184331656
0.10823206091299653
0.10555137088522315
0.10651014698669314
0.10564977303147316
0.10895166918635368
0.1118460251018405
0.10819355538114905
0.10789217008277774
0.10860029235482216
0.10859937826171517
0.1114011718891561
0.1118114311248064
0.10769462492316961
0.108266263268888
0.11033055325970054
0.10848875483497977
0.10706267831847072
0.10748844919726253
0.1060153553262353
0.10580635815858841
0.10521312709897757
0.1077493135817349
0.11071548610925674
0.10781725123524666
0.10676982393488288
0.10635462682694197
0.1052788682281971
0.10944056091830134
0.11070590885356069
0.10805528797209263
0.10883232392370701
0.10787133174017072
0.10775347286835313
0.10809767991304398
0.1083159800618887
0.1060249013826251
0.10572279477491975
0.1048796372488141
0.10495246667414904
0.10442047286778688
0.10431842505931854
0.10446773003786802
0.10563964722678065
0.10793211683630943
0.1076187719590962
0.10958204511553049
0.10759215988218784
0.10641069198027253
0.10898946039378643
0.1092209997586906
0.10755683807656169
0.10676686931401491
0.10806654114276171
0.10906770406290889
0.10844902973622084
0.10807824693620205
0.10804403387010098
0.10734710469841957
0.10576887801289558
0.10576797788962722
0.10452014300972223
0.10443464992567897
0.10411283420398831
0.10661777388304472
0.10939122503623366
0.10794535418972373
0.1081791939213872
0.10766755929216743
0.10671255923807621
0.10867999121546745
0.1085250647738576
0.10811438411474228
0.10795627674087882
0.10893481131643057
0.10893217381089926
0.10895340936258435
0.10852137906476855
0.10757570900022984
0.10599410207942128
0.10501665715128183
0.10473538283258677
0.10427352599799633
0.10494171595200896
0.10528873698785901
0.1088669179007411
0.11143145384266973
0.1083826357498765
0.10676344204694033
0.10710223112255335
0.10878104995936155
0.10842771781608462
0.10901651997119188
0.10814255988225341
0.10818250104784966
0.10943698696792126
0.10907649621367455
0.10754640493541956
0.10696466220542789
0.10583758819848299
0.10530371172353625
0.1046527111902833
0.10486580710858107
0.1045393468812108
0.10797015903517604
0.11082358006387949
0.10834128595888615
0.10846466105431318
0.10802135290578008
0.10787303606048226
0.10824488895013928
0.10821415111422539
0.1088019129820168
0.10983881819993258
0.10756560787558556
0.10712537122890353
0.10767885902896523
0.10813102964311838
0.10922228405252099
0.10832574777305126
0.10661388281732798
0.10622002929449081
0.10939499409869313
0.10783898131921887
0.10776528203859925
0.1075985049828887
0.10835553286597133
0.10732003580778837
0.1070492397993803
0.10581057285889983
0.10583343170583248
0.10722735011950135
0.10854896903038025
0.10841349372640252
0.10935139190405607
0.10869602905586362
0.10836173687130213
0.10954462690278888
0.10748236533254385
0.10515221394598484
0.10547791514545679
0.10402276366949081
0.10330042336136103
0.10298090893775225
0.10362452501431108
0.10387923708185554
0.10414860304445028
0.10401140572503209
0.1052003731019795
0.10797766176983714
0.10800529597327113
0.10942241130396724
0.10774100199341774
0.10663467505946755
0.10982607677578926
0.11007741093635559
0.10865199007093906
0.10966363083571196
0.10845444537699223
0.10815180698409677
0.10844898223876953
0.10902894102036953
0.10727389482781291
0.10591063881292939
0.10435598902404308
0.10473998403176665
0.10419059125706553
0.10391341894865036
0.10396367078647017
0.10573722422122955
0.10837681824341416
0.10866566468030214
0.10987762315198779
0.10791176091879606
0.10757332714274526
0.11037683021277189
0.11016382183879614
0.109106769785285
0.10869697108864784
0.10850416170433164
0.10879458207637072
0.10931696789339185
0.10916672088205814
0.10957232303917408
0.10767938196659088
0.10505316779017448
0.10852268291637301
0.11074229003861547
0.10764134954661131
0.10753203881904483
0.10577650601044297
0.10655448399484158
0.10767785832285881
0.10904701193794608
0.1087893689982593
0.10865046083927155
0.10828787507489324
0.10777654172852635
0.109919304959476
0.10853591514751315
0.1069159023463726
0.10730189178138971
0.10630555637180805
0.10555588966235518
0.10527646588161588
0.10808425908908248
0.11030072858557105
0.10701174521818757
0.1068070949986577
0.10813475493341684
0.10807380359619856
0.11048144102096558
0.10910895001143217
0.10938313696533442
0.10834041377529502
0.10889390530064702
0.11011178605258465
0.10842586122453213
0.10812563775107265
0.10728213284164667
0.10772490594536066
0.1063695503398776
0.10695042973384261
0.10915870498865843
0.10715404711663723
0.10751939099282026
0.10839394805952907
0.10765410028398037
0.10921132005751133
0.10910636186599731
0.10917820688337088
0.10991918109357357
0.10762147000059485
0.1079658567905426
0.10880796425044537
0.10897227376699448
0.10740412818267941
0.10634637111797929
0.10474096192047
0.10479326685890555
0.10477560991421342
0.10382979363203049
0.10458189016208053
0.10769296018406749
0.11142587894573808
0.10816316585987806
0.10729977209120989
0.10603644885122776
0.10572544485330582
0.11057967413216829
0.11030512116849422
0.10904421517625451
0.10885695600882173
0.10793879488483071
0.10832204343751073
0.10996596980839968
0.10844651469960809
0.10755233373492956
0.10681609669700265
0.10495820501819253
0.10448354203253984
0.10488561727106571
0.10826076800003648
0.11068379273638129
0.10808590520173311
0.10722134727984667
0.1062945919111371
0.10691059706732631
0.10725288279354572
0.10977366892620921
0.10881751216948032
0.10853954823687673
0.10838867397978902
0.10740549908950925
0.10531336208805442
0.10635327408090234
0.10533760115504265
0.10520590515807271
0.1045199129730463
0.10439009498804808
0.10263645928353071
0.10275383200496435
0.10365506773814559
0.10345012415200472
0.10331401834264398
0.10366094717755914
0.10386443370953202
0.10404507210478187
0.10486676590517163
0.10435644118115306
0.10645080590620637
0.10967965889722109
0.11196032213047147
0.10813620500266552
0.10658224718645215
0.10986624797806144
0.10971761215478182
0.10908794868737459
0.11012434121221304
0.10898535512387753
0.1098647783510387
0.10966899804770947
0.10937752481549978
0.1100987158715725
0.10879469104111195
0.10677051590755582
0.10788129223510623
0.10942555079236627
0.10806452436372638
0.1079343119636178
0.10649039223790169
0.10536545794457197
0.1102992482483387
0.1104180309921503
0.10984070040285587
0.10932392021641135
0.10955859301611781
0.10950285103172064
0.10822674818336964
0.10741869499906898
0.10672449506819248
0.10681891301646829
0.10517606791108847
0.10561195900663733
0.10768325487151742
0.10756222996860743
0.1097120102494955
0.1079662530682981
0.10647141374647617
0.1064852518029511
0.10770615981891751
0.10932900384068489
0.10964823281392455
0.10977205401286483
0.10906759090721607
0.10936943907290697
0.10896357009187341
0.10771714663133025
0.10767459403723478
0.10639686696231365
0.10620374511927366
0.10538241919130087
0.10591385280713439
0.10641250992193818
0.10814069863408804
0.11018197238445282
0.10727725084871054
0.1064590709283948
0.11019421182572842
0.10912488307803869
0.10926542710512877
0.11014869529753923
0.10821756906807423
0.10836799815297127
0.10970115102827549
0.10786895081400871
0.10713349003344774
0.10597613779827952
0.10514306230470538
0.10533816972747445
0.10523424064740539
0.10524626076221466
0.10609221691265702
0.10824212525039911
0.11004944564774632
0.1081222859211266
0.10652658483013511
0.10795199498534203
0.10841289162635803
0.10955957835540175
0.10930424369871616
0.10884373402222991
0.1077515734359622
0.10843036090955138
0.10844633309170604
0.10849336115643382
0.10748558770865202
0.10549952881410718
0.10528259398415685
0.10375366220250726
0.10408794088289142
0.10411129985004663
0.10455495677888393
0.10443556820973754
0.10928990319371223
0.11117353895679116
0.10823515942320228
0.10721408389508724
0.10749376798048615
0.10749939177185297
0.11196916224434972
0.11085537681356072
0.10835438873618841
0.10799162928014994
0.10829033236950636
0.10836802516132593
0.10844208672642708
0.1068999283015728
0.10542102111503482
0.10533567983657122
0.1038834610953927
0.10523768467828631
0.10410638526082039
0.10697392979636788
0.11023064004257321
0.10764901479706168
0.10754222376272082
0.10755215166136622
0.10717114433646202
0.10733103286474943
0.1098020221106708
0.10909128421917558
0.10979590099304914
0.10801342967897654
0.10846444964408875
0.1089731608517468
0.10885484237223864
0.10783028788864613
0.10652150772511959
0.10499590868130326
0.1050326069816947
0.10393824288621545
0.104959427844733
0.10574626130983233
0.10885540768504143
0.1112337140366435
0.10809803800657392
0.10661757783964276
0.10594029584899545
0.10606438526883721
0.10738706681877375
0.10847170976921916
0.11033245595172048
0.10999714210629463
0.10871715703979135
0.10862043825909495
0.10856260824948549
0.10802955226972699
0.1070924149826169
0.10574778728187084
0.1047127079218626
0.10441907681524754
0.10409858636558056
0.10482447780668736
0.10671081067994237
0.10842109192162752
0.11014671204611659
0.10815379722043872
0.10694173909723759
0.10604328894987702
0.10612516477704048
0.10876373015344143
0.10967278387397528
0.11009499710053205
0.10944272903725505
0.10810738895088434
0.10806072922423482
0.10873604193329811
0.10829616710543633
0.10565634770318866
0.10474912961944938
0.10377581417560577
0.10448687616735697
0.10429646167904139
0.10452642431482673
0.1045546131208539
0.10912941442802548
0.11173152970150113
0.10819056909531355
0.10697623202577233
0.10868878290057182
0.10924241738393903
0.11114715179428458
0.11151849012821913
0.10819254722446203
0.10782300308346748
0.10888891387730837
0.10930544510483742
0.1072761039249599
0.10679076006636024
0.10512972110882401
0.10444062296301126
0.10496138501912355
0.10508551402017474
0.10651747928932309
0.10834925994277
0.11067963717505336
0.10808204393833876
0.10703726438805461
0.10670893918722868
0.10739323403686285
0.11007719999179244
0.10936798062175512
0.10900864284485579
0.10852771392092109
0.10984401730820537
0.10944906109943986
0.1080158562399447
0.10789546696469188
0.10638859495520592
0.10596688510850072
0.10572308488190174
0.10730639705434442
0.11042779218405485
0.10761982016265392
0.1075899270363152
0.10796401277184486
0.10776386177167296
0.11078845430165529
0.1100091990083456
0.10925274156033993
0.10783069301396608
0.10731631796807051
0.10723280860111117
0.11050623189657927
0.11000508395954967
0.10737360501661897
0.1081271362490952
0.10655587818473577
0.10704007605090737
0.10989961214363575
0.1070974413305521
0.10712450975552201
0.10856474423781037
0.10879470780491829
0.10911613889038563
0.10895811580121517
0.10896001383662224
0.11013726098462939
0.10846460983157158
0.10872060386464
0.10973610682412982
0.10883460007607937
0.1097526391968131
0.10818214388564229
0.10609561670571566
0.10801836382597685
0.10978413512930274
0.1071580951102078
0.10723113687708974
0.10594409005716443
0.10597961908206344
0.10764415701851249
0.10994792310521007
0.10887204902246594
0.10869413102045655
0.10910234926268458
0.10837669996544719
0.11069245683029294
0.10965238837525249
0.1090749092400074
0.1081926729530096
0.10688855685293674
0.10974684311076999
0.11039784038439393
0.10928704217076302
0.10916722659021616
0.11157640907913446
0.10981545690447092
0.11084411013871431
0.11137433629482985
0.10987377120181918
0.10925680818036199
0.10818774905055761
0.10814462509006262
0.10781538626179099
0.1112961801700294
0.11509094573557377
0.1110916598699987
0.10959085216745734
0.10996422404423356
0.10945331072434783
0.11207265127450228
0.11036093812435865
0.10944923618808389
0.10762883210554719
0.10664542159065604
0.10682873195037246
0.1055914000608027
0.10552841611206532
0.10477181896567345
0.1072572860866785
0.11046303203329444
0.10882201697677374
0.10962767200544477
0.10908268066123128
0.10822006408125162
0.10971648804843426
0.10937068378552794
0.11038787523284554
0.10950860101729631
0.10922884522005916
0.1084269150160253
0.10716817202046514
0.10723569290712476
0.10541769303381443
0.10576659720391035
0.10541659081354737
0.10510913794860244
0.10803315183147788
0.1097025629132986
0.11244827508926392
0.10954167181625962
0.10812347801402211
0.10905027482658625
0.10891665099188685
0.11032042885199189
0.11068919999524951
0.10966438287869096
0.10885487077757716
0.10810698103159666
0.1077014529146254
0.10614713886752725
0.10679377568885684
0.1051397449336946
0.10680180788040161
0.1081386711448431
0.10892673395574093
0.11108409380540252
0.10938066616654396
0.10845294687896967
0.10954498825594783
0.10855635534971952
0.11004489613696933
0.110585848800838
0.10924806399270892
0.10854181880131364
0.10861882008612156
0.10743694007396698
0.10570709919556975
0.10568782733753324
0.1054263049736619
0.10589459119364619
0.1076522720977664
0.10910220770165324
0.11197169404476881
0.10928107937797904
0.10790174175053835
0.1094947257079184
0.10916193388402462
0.11169979488477111
0.11073311837390065
0.10971787478774786
0.1090949671342969
0.10818586964160204
0.10791129292920232
0.10581523599103093
0.10569751402363181
0.10530656995251775
0.10943310102447867
0.11197532527148724
0.10832654079422355
0.10764821385964751
0.10834414511919022
0.10938601195812225
0.10939981881529093
0.1095065837725997
0.10927104577422142
0.10921423509716988
0.10973316198214889
0.10905193956568837
0.10751843405887485
0.10711900517344475
0.10537596326321363
0.1052550133317709
0.10482699703425169
0.10768490796908736
0.11167454486712813
0.1089625651948154
0.1088975421153009
0.10933079710230231
0.10887351492419839
0.10884536290541291
0.10818004980683327
0.10998988896608353
0.1106899338774383
0.10943497996777296
0.10889038816094398
0.10740672703832388
0.10747128166258335
0.10610513715073466
0.10579020529985428
0.10495223104953766
0.10598827386274934
0.10674333572387695
0.10918244114145637
0.11246746499091387
0.10992494085803628
0.1072511519305408
0.10971791297197342
0.1088879001326859
0.10941086709499359
0.10964974015951157
0.10975139494985342
0.11031555663794279
0.10904437117278576
0.10830959072336555
0.10697316704317927
0.10781601583585143
0.10560412518680096
0.10843410855159163
0.11051116697490215
0.10808886913582683
0.10871901782229543
0.10727840708568692
0.1062835082411766
0.10952690104022622
0.10971905291080475
0.10953824128955603
0.10967260226607323
0.1089154640212655
0.10862504597753286
0.10912852268666029
0.1076123109087348
0.10535446973517537
0.10521240020170808
0.10467114392668009
0.10518738441169262
0.1048592641018331
0.10662743169814348
0.10846565989777446
0.10874539706856012
0.11064898315817118
0.10826222691684961
0.107088393997401
0.1099614929407835
0.1098437481559813
0.11000862484797835
0.10941140912473202
0.1097573977895081
0.11031882977113128
0.10878970799967647
0.10772487986832857
0.10628287401050329
0.10625862795859575
0.1059498437680304
0.10609444510191679
0.1068475698120892
0.10919988108798862
0.11180515307933092
0.10893754102289677
0.10757064307108521
0.11009739385917783
0.10969223594292998
0.11002446105703712
0.10992488777264953
0.10921717714518309
0.10867358418181539
0.1083122082054615
0.1083951098844409
0.10633111977949739
0.10518960701301694
0.1050483314320445
0.10563140222802758
0.10487085906788707
0.10975577076897025
0.11200247332453728
0.10831526014953852
0.10785756912082434
0.10880512883886695
0.10824685683473945
0.10983815090730786
0.11011076997965574
0.10876122768968344
0.10888952296227217
0.11047234060242772
0.10959270503371954
0.10821277089416981
0.10742577025666833
0.10583113925531507
0.10568190040066838
0.10456451261416078
0.10836048424243927
0.11052631866186857
0.1081953477114439
0.1080700820311904
0.10748711321502924
0.10682740481570363
0.11105010099709034
0.11079473420977592
0.10995827289298177
0.1090501369908452
0.10761682130396366
0.1084278798662126
0.11048409715294838
0.10976992174983025
0.10752888070419431
0.10653907340019941
0.10621258383616805
0.10773795191198587
0.10989801911637187
0.10802386095747352
0.10801587998867035
0.10752999130636454
0.10695458902046084
0.11114175384864211
0.11100268829613924
0.10929059982299805
0.10914933308959007
0.10791987786069512
0.10786567628383636
0.1063470309600234
0.10579570708796382
0.10572117287665606
0.10482024913653731
0.10574170108884573
0.10549960983917117
0.10452970070764422
0.10478837229311466
0.10471356380730867
0.1075276411138475
0.11053472384810448
0.10766464518383145
0.10782687226310372
0.10872665606439114
0.1093388651497662
0.10989211918786168
0.10967932315543294
0.1101877000182867
0.10914071695879102
0.10737855499610305
0.10777310701087117
0.10646448098123074
0.10572129720821977
0.10551382694393396
0.10518567683175206
0.10585332289338112
0.105657325591892
0.10444455873221159
0.10452881595119834
0.10436704894527793
0.10885807638987899
0.11082691559568048
0.10799648286774755
0.10791778611019254
0.10682558501139283
0.10610625380650163
0.11171760223805904
0.11180773004889488
0.10928656673058867
0.10905646625906229
0.10763726010918617
0.1072746915742755
0.10573314689099789
0.10570336785167456
0.10475693177431822
0.10497395880520344
0.10326708387583494
0.10363901406526566
0.10339273791760206
0.10401684604585171
0.10417334828525782
0.10462077893316746
0.10409640520811081
0.1058318018913269
0.10757486196234822
0.10891662398353219
0.11138160014525056
0.1086196550168097
0.10746421106159687
0.10856841737404466
0.10959309106692672
0.1091919750906527
0.11050580814480782
0.10869208769872785
0.10789878806099296
0.1068841670639813
0.10698196617886424
0.10528124310076237
0.10455774795264006
0.10391116933897138
0.10403256770223379
0.10372566618025303
0.10414640791714191
0.10441920626908541
0.10476700076833367
0.10512275202199817
0.10878963395953178
0.1134070442058146
0.10921360598877072
0.1082771448418498
0.1105883177369833
0.1108367177657783
0.10914251999929547
0.11008489737287164
0.10898640006780624
0.10809435788542032
0.10751850996166468
0.10773175396025181
0.10515911737456918
0.10606779204681516
0.10482224402949214
0.10362988477572799
0.10421333415433764
0.10481991525739431
0.1040282710455358
0.10545645328238606
0.10747062927111983
0.10939836967736483
0.11259231995791197
0.10958966938778758
0.10828905692324042
0.10948325600475073
0.11022290773689747
0.11181890731677413
0.11031901184469461
0.10848147375509143
0.10834634816274047
0.10888373013585806
0.10723344516009092
0.10551246115937829
0.10583844501525164
0.1049311594106257
0.10535107273608446
0.1056755967438221
0.1098935161717236
0.11204113718122244
0.1093844510614872
0.10751807084307075
0.11126808915287256
0.11119786323979497
0.11020531924441457
0.10923948511481285
0.10871334606781602
0.10965768015012145
0.10854922095313668
0.10790544003248215
0.10830020718276501
0.10810305690392852
0.10629878425970674
0.10764982411637902
0.1107422299683094
0.10785999614745378
0.10872351936995983
0.1080453060567379
0.10674248775467277
0.1130084078758955
0.11226121010258794
0.10979400901123881
0.10896033700555563
0.10696225287392735
0.10706563200801611
0.10454434482380748
0.10496444534510374
0.10423098504543304
0.105843226891011
0.1075600697658956
0.11005299119278789
0.11231637420132756
0.10907748993486166
0.10762032913044095
0.10969337401911616
0.10971934115514159
0.11050434317439795
0.1107185510918498
0.11006612423807383
0.10965112643316388
0.10871722595766187
0.10815063491463661
0.10667716572061181
0.10690776538103819
0.10642850678414106
0.1100811087526381
0.11301049683243036
0.10845803888514638
0.10678867110982537
0.10959835909307003
0.10988622298464179
0.10818115482106805
0.10950388107448816
0.10942270187661052
0.11027482897043228
0.10946155013516545
0.10929850116372108
0.10868898313492537
0.1092453277669847
0.10671689594164491
0.10921592498198152
0.11105406284332275
0.10788212018087506
0.10696613090112805
0.10884219175204635
0.10922351013869047
0.10840488318353891
0.107779401820153
0.11089564021676779
0.11028102459385991
0.1093498021364212
0.10795016074553132
0.1074240580201149
0.10681137070059776
0.10531830694526434
0.10459545394405723
0.10441428795456886
0.10399424517527223
0.10446856403723359
0.10695825517177582
0.11005632998421788
0.1088337879627943
0.10983900493010879
0.10789104411378503
0.10723736183717847
0.10978761734440923
0.10915653314441442
0.10996462404727936
0.11023162119090557
0.10880361264571548
0.11003796709701419
0.10884856106713414
0.10861563822254539
0.10758126014843583
0.10747008072212338
0.10517831891775131
0.1103113628923893
0.1123380409553647
0.10799266770482063
0.10790294501930475
0.1084229564294219
0.10840592486783862
0.11114481231197715
0.11138880113139749
0.10802152706310153
0.10799647541716695
0.10995556600391865
0.1092870682477951
0.10722013283520937
0.1076560658402741
0.10588706890121102
0.10598208010196686
0.1054698140360415
0.1086992546916008
0.11127209290862083
0.10766973998397589
0.10745771275833249
0.10590565018355846
0.10632223496213555
0.10706311790272593
0.1088753491640091
0.11121040722355247
0.1119416388683021
0.10830061789602041
0.10879589058458805
0.10862828278914094
0.10797338606789708
0.10620188992470503
0.10528854979202151
0.10424930416047573
0.10488200699910522
0.10418664803728461
0.10605471907183528
0.10785961477085948
0.10915319109335542
0.11210488807410002
0.10865129996091127
0.10692351497709751
0.10781013127416372
0.10915395012125373
0.11086727818474174
0.11148381605744362
0.10909001715481281
0.10880144825205207
0.10902701085433364
0.10801005410030484
0.1097165928222239
0.10942282993346453
0.10744382301345468
0.10906340926885605
0.11012087296694517
0.1081818463280797
0.10746049974113703
0.10909894993528724
0.10931695718318224
0.11007714504376054
0.11080115381628275
0.10918481834232807
0.10916511807590723
0.10967809474095702
0.10856360290199518
0.10706215724349022
0.10701192962005734
0.10608237376436591
0.10494644427672029
0.10541913704946637
0.10932686692103744
0.11173494393005967
0.10826087137684226
0.10796176688745618
0.10895962966606021
0.10950308199971914
0.10951078776270151
0.10977946920320392
0.10919760819524527
0.10802406771108508
0.10617298306897283
0.10760920401662588
0.10649086209014058
0.10559665597975254
0.10721427202224731
0.106177126057446
0.10437078168615699
0.1052736509591341
0.10425614099949598
0.1073404080234468
0.10984254209324718
0.10962679190561175
0.11033784272149205
0.10870339209213853
0.10753765283152461
0.11458423594012856
0.11317509319633245
0.10955392010509968
0.1103466278873384
0.10889275372028351
0.11004154477268457
0.10874723177403212
0.10912542510777712
0.10759171517565846
0.10972007596865296
0.11133694089949131
0.10900487983599305
0.10812689922749996
0.11120135989040136
0.11206270987167954
0.11004625679925084
0.11051999311894178
0.10913518210873008
0.10814931616187096
0.1064622038975358
0.1060307752341032
0.10464071901515126
0.10742945922538638
0.11005184799432755
0.10909279808402061
0.11014733975753188
0.10899187996983528
0.10787154920399189
0.1093209101818502
0.1098772520199418
0.11066686315461993
0.10934528708457947
0.11011738562956452
0.10937187168747187
0.10875603882595897
0.10713159013539553
0.10499486001208425
0.10512472502887249
0.10513832792639732
0.10827940795570612
0.11264097737148404
0.10813812399283051
0.10800087125971913
0.10853849910199642
0.10920549184083939
0.10921687493100762
0.10990377934649587
0.10881173424422741
0.10850881086662412
0.1103105628862977
0.10977376066148281
0.10800810996443033
0.10815098090097308
0.10603605397045612
0.1057871812954545
0.10532337008044124
0.1095315758138895
0.11211540643125772
0.10804597288370132
0.10776105709373951
0.10868055326864123
0.10859976802021265
0.1094506080262363
0.10973438620567322
0.10977832693606615
0.10930293519049883
0.10978601686656475
0.10925960028544068
0.10784145258367062
0.10678548412397504
0.10477008484303951
0.10569871915504336
0.10408664168789983
0.10604357998818159
0.1071078828535974
0.10992376506328583
0.11248396197333932
0.10835948400199413
0.10682926373556256
0.11004323465749621
0.10943839140236378
0.11065801233053207
0.11015910282731056
0.10952662583440542
0.1098256641998887
0.10824805218726397
0.10810847580432892
0.106548763345927
0.10646515432745218
0.10558527335524559
0.107097661588341
0.10943449288606644
0.10883444407954812
0.10952655971050262
0.10745602892711759
0.10676407208666205
0.1088324268348515
0.10960914380848408
0.10853854566812515
0.110172966029495
0.10893816780298948
0.10959363216534257
0.10889982990920544
0.10873659467324615
0.10948893800377846
0.10872845584526658
0.10728576313704252
0.1088091442361474
0.11063975980505347
0.10825187619775534
0.10705280816182494
0.10779294790700078
0.10707781417295337
0.10956758307293057
0.1092594200745225
0.10911110928282142
0.10887868795543909
0.10925320722162724
0.10942612821236253
0.10787773923948407
0.10760283190757036
0.1065692831762135
0.1060612709261477
0.10539044113829732
0.10551384510472417
0.10572755802422762
0.1086296970024705
0.11145238764584064
0.1085791327059269
0.10682867420837283
0.10864969901740551
0.10896365996450186
0.11088964389637113
0.1111619588918984
0.10819985531270504
0.10821895068511367
0.1098349210806191
0.10901320306584239
0.1072269338183105
0.10695316875353456
0.10524120694026351
0.10529303876683116
0.10535968095064163
0.10771293845027685
0.111247424967587
0.10770976264029741
0.10713636269792914
0.10677635669708252
0.10662331897765398
0.11014705384150147
0.10967278387397528
0.10941048013046384
0.10933726327493787
0.1085627912543714
0.10848503606393933
0.10861729783937335
0.10763630084693432
0.10556395491585135
0.1063683689571917
0.10465276893228292
0.10511754034087062
0.10577263124287128
0.10606957413256168
0.10846814094111323
0.10819861898198724
0.1093686600215733
0.10792335029691458
0.1068812869489193
0.10763398511335254
0.1087179179303348
0.11137673817574978
0.11242549493908882
0.1080740699544549
0.10865125991404057
0.10849000792950392
0.1083684298209846
0.10589557094499469
0.1068233149126172
0.1054745209403336
0.10513916797935963
0.10535398731008172
0.1092068599537015
0.11242630798369646
0.10777171468362212
0.1080577033571899
0.10847360827028751
0.1082562799565494
0.11021937103942037
0.11006878176704049
0.10905388835817575
0.10899071116000414
0.11073928186669946
0.10933649307116866
0.1080344021320343
0.10807599080726504
0.10629756329581141
0.10570456087589264
0.10478466004133224
0.10970568703487515
0.11203766288235784
0.10913731390610337
0.1076730047352612
0.10658575082197785
0.107147634960711
0.10924732778221369
0.1094558690674603
0.1095286007039249
0.10886210994794965
0.10787624167278409
0.10775977512821555
0.10682794265449047
0.10747396806254983
0.11028372030705214
0.10767664574086666
0.1058182087726891
0.10639024386182427
0.10799840604886413
0.10805090796202421
0.10941783804446459
0.1082872049883008
0.10728776594623923
0.11044016806408763
0.11000931588932872
0.10968670109286904
0.10965256579220295
0.10842182068154216
0.10849957726895809
0.10700878500938416
0.10619592294096947
0.10518434690311551
0.10538723412901163
0.10453268606215715
0.10407441295683384
0.10469911573454738
0.1048626909032464
0.10464399587363005
0.10719279665499926
0.10942620132118464
0.10939448792487383
0.10997265763580799
0.10841985419392586
0.10810161381959915
0.10939098102971911
0.10950566874817014
0.11122235096991062
0.1099443738348782
0.10757168009877205
0.10901341214776039
0.10998668288812041
0.1075922530144453
0.1063061966560781
0.10654379334300756
0.10522626806050539
0.10735385492444038
0.10910223890095949
0.10810906393453479
0.10862495331093669
0.10929709812626243
0.10860981605947018
0.11198373790830374
0.11106277303770185
0.10981990303844213
0.10877660475671291
0.10728219011798501
0.10738891968503594
0.10534227034077048
0.10536525724455714
0.10397789813578129
0.10415841592475772
0.1042405217885971
0.10401516128331423
0.10388162778690457
0.10463379602879286
0.10477721272036433
0.1045650471933186
0.10508217429742217
0.10851564817130566
0.11355844791978598
0.10873216902837157
0.10805921675637364
0.10981954168528318
0.11033360287547112
0.10990986181423068
0.11139733297750354
0.10930080665275455
0.10815088404342532
0.10738435201346874
0.10783721785992384
0.1052558938972652
0.1059224926866591
0.104553178884089
0.10437584109604359
0.10471178498119116
0.10486575588583946
0.10489359777420759
0.10893516382202506
0.11230790382251143
0.10870860982686281
0.10849673626944423
0.10937036806717515
0.11012189881876111
0.10978896589949727
0.11023320583626628
0.11020268639549613
0.10984941013157368
0.10904720611870289
0.10867970390245318
0.10735966870561242
0.10658659506589174
0.10464934213086963
0.10598110500723124
0.10561366518959403
0.1097404626198113
0.11229725508019328
0.10865410882979631
0.10785079700872302
0.11036770092323422
0.11121480306610465
0.10934423329308629
0.11035507684573531
0.10940874787047505
0.10851827496662736
0.10703380219638348
0.10740597499534488
0.10932905413210392
0.10855244100093842
0.10632521519437432
0.10621458198875189
0.10636941995471716
0.10948123829439282
0.11154368612915277
0.11000818712636828
0.10828174604102969
0.11244265828281641
0.11124272178858519
0.10966215934604406
0.10875827679410577
0.10761924367398024
0.1072437958791852
0.10492264805361629
0.10533201694488525
0.10513197863474488
0.10484720906242728
0.1062244432978332
0.10624416265636683
0.10482951998710632
0.1058736639097333
0.1059775440953672
0.10939374705776572
0.11201873188838363
0.1087613319978118
0.10713909799233079
0.11188482120633125
0.11231676395982504
0.11015143478289247
0.10933548724278808
0.10854058898985386
0.10827705496922135
0.10668682120740414
0.1068099238909781
0.105439820792526
0.11012084595859051
0.11249105678871274
0.10949941305443645
0.10803574603050947
0.1088105458766222
0.10817933967337012
0.1068408009596169
0.10622712504118681
0.10685160802677274
0.10829497827216983
0.11169646726921201
0.11164072202518582
0.10923173232004046
0.10853667696937919
0.10767156817018986
0.10664583835750818
0.10740705393254757
0.10956982104107738
0.11241623619571328
0.11000459501519799
0.10828040214255452
0.11025259783491492
0.10894020972773433
0.10991192609071732
0.11036894330754876
0.10995599906891584
0.11027998803183436
0.10917388927191496
0.10906141623854637
0.10765642672777176
0.10687144892290235
0.10552241699770093
0.10951180104166269
0.1120513086207211
0.10882104886695743
0.10788855794817209
0.10901334322988987
0.1100150290876627
0.110148208681494
0.11065877694636583
0.10928892390802503
0.10980281699448824
0.1093918839469552
0.10813449183478951
0.10664434311911464
0.10654623387381434
0.10586884198710322
0.10526328394189477
0.10535213630646467
0.11047533387318254
0.11257568001747131
0.10885724565014243
0.1073561180382967
0.1095472751185298
0.10992173291742802
0.10898680239915848
0.10861004795879126
0.11061628442257643
0.11100016394630075
0.10909777600318193
0.10941943479701877
0.11027062917128205
0.10857902513816953
0.10665199579671025
0.10925917187705636
0.1109351348131895
0.1089290059171617
0.1073352750390768
0.1093788230791688
0.10921169118955731
0.11006059404462576
0.11106775887310505
0.10920682968571782
0.10973789962008595
0.10902206040918827
0.10912368074059486
0.10989341093227267
0.1090035941451788
0.10580114787444472
0.10943182418122888
0.11054278491064906
0.10857157502323389
0.10745992930606008
0.10835475102066994
0.10853282129392028
0.1113614970818162
0.11119763599708676
0.10835883393883705
0.10798001708462834
0.10880673909559846
0.10859350627288222
0.10699513414874673
0.10614983085542917
0.10500378534197807
0.10440454306080937
0.10412609577178955
0.1048046019859612
0.10469985194504261
0.1059962110593915
0.10818155203014612
0.10868988279253244
0.11068770382553339
0.10841688886284828
0.1070685894228518
0.11073307739570737
0.1110109412111342
0.1099983430467546
0.10946000460535288
0.10815966920927167
0.10825164755806327
0.10989224072545767
0.10985076008364558
0.10791831789538264
0.1072966898791492
0.1055236840620637
0.10886952467262745
0.11093824589625001
0.10842984169721603
0.1081373980268836
0.10697151208296418
0.10640076920390129
0.10801576264202595
0.10909030772745609
0.11022401414811611
0.11081128008663654
0.1084905918687582
0.10844411887228489
0.1080149570479989
0.10685866186395288
0.10619038389995694
0.10624510701745749
0.10429876018315554
0.10486519429832697
0.10510215070098639
0.10595974791795015
0.10706026293337345
0.10928102396428585
0.1114195859991014
0.10898317396640778
0.10730655305087566
0.11159530887380242
0.11175221391022205
0.11000199895352125
0.10936346789821982
0.10799999721348286
0.10748663917183876
0.10550362803041935
0.10588766168802977
0.10613302467390895
0.1084340289235115
0.11227116221562028
0.10888031497597694
0.10847810795530677
0.10809276718646288
0.10969635378569365
0.10899851005524397
0.10886788927018642
0.11183242965489626
0.11026352597400546
0.11027780268341303
0.10855742171406746
0.1071705468930304
0.10670530097559094
0.10558146331459284
0.10488720890134573
0.1056085922755301
0.11008150083944201
0.1122328620404005
0.10907890507951379
0.10871822200715542
0.10899670794606209
0.10888450406491756
0.10726055596023798
0.10696273297071457
0.10968547500669956
0.1104740290902555
0.1105723031796515
0.11009872565045953
0.10868098819628358
0.10796786937862635
0.10635719634592533
0.10600114287808537
0.10518941516056657
0.10944553185254335
0.1120647368952632
0.10796414501965046
0.10832169884815812
0.10642322292551398
0.10588509729132056
0.1108902906998992
0.111233439296484
0.11036836681887507
0.1106256851926446
0.11068627703934908
0.11030936380848289
0.10839022835716605
0.10849706782028079
0.10567102394998074
0.10652891406789422
0.1074181692674756
0.11045469995588064
0.11372694978490472
0.10962944198399782
0.1081089312210679
0.10904991999268532
0.10898291179910302
0.11182745872065425
0.11229430604726076
0.11122742807492614
0.10933393705636263
0.10712479194626212
0.10760629270225763
0.10518825706094503
0.10604710830375552
0.1054298672825098
0.10935736121609807
0.11184466304257512
0.10883008595556021
0.10817899880930781
0.10898077115416527
0.10918033588677645
0.10959021700546145
0.1096067214384675
0.10947117209434509
0.10850333189591765
0.10958827519789338
0.1095895660109818
0.10716791776940227
0.10722943907603621
0.1055173552595079
0.10528908018022776
0.1051541930064559
0.10861068405210972
0.11221508402377367
0.10809117369353771
0.10829509189352393
0.10612045414745808
0.10693510202690959
0.10832172073423862
0.10942131467163563
0.109986312687397
0.1101772109977901
0.1083611948415637
0.10829922836273909
0.10876557882875204
0.10837872279807925
0.11071234894916415
0.10863378504291177
0.10659341001883149
0.10825834842398763
0.11013725958764553
0.1077053900808096
0.10807013418525457
0.10695658717304468
0.10664830775931478
0.10822675796225667
0.10948214679956436
0.11040495010092854
0.11094913491979241
0.10853030672296882
0.10815811017528176
0.10701642790809274
0.10689986124634743
0.10504535771906376
0.10544814309105277
0.10446186223998666
0.10392958112061024
0.10479336883872747
0.10496089840307832
0.10434894636273384
0.10968205658718944
0.11137307994067669
0.1079498277977109
0.1082656541839242
0.1064625782892108
0.10585807915776968
0.10698451893404126
0.10837986087426543
0.11125948512926698
