0.14649468800053
0.14889639988541603
0.14748633280396461
0.1505706636235118
0.15359901310876012
0.14848245307803154
0.1476736841723323
0.14746346604079008
0.1544374842196703
0.14942100178450346
0.1536182789131999
0.15271446108818054
0.151760449167341
0.149648061953485
0.1512300348840654
0.1539090108126402
0.1523761530406773
0.15161239821463823
0.15322097577154636
0.1533678830601275
0.15170839009806514
0.1529352101497352
0.15432639000937343
0.15319198509678245
0.15271526388823986
0.15096195274963975
0.15029019676148891
0.15492118010297418
0.15182043658569455
0.1511988532729447
0.1503607309423387
0.15617374563589692
0.1499474854208529
0.14910189481452107
0.14899496594443917
0.15727474680170417
0.14948636293411255
0.149807286914438
0.14944192208349705
0.14955535484477878
0.1506251646205783
0.15361657412722707
0.15421189740300179
0.15522008202970028
0.1508087832480669
0.1526027680374682
0.15263452287763357
0.1518389661796391
0.1530224229209125
0.15513986814767122
0.15435626916587353
0.15533769875764847
0.1521262489259243
0.1535238237120211
0.15422239108011127
0.15477598505094647
0.15128737082704902
0.15333029488101602
0.1539221853017807
0.1535964929498732
0.15197448199614882
0.1549816858023405
0.15376101294532418
0.15492681320756674
0.15232185367494822
0.1532738688401878
0.15441034315153956
0.1553141181357205
0.15097144478932023
0.1541897151619196
0.15676760859787464
0.15240793908014894
0.15196629706770182
0.1542970589362085
0.1538726119324565
0.15570468921214342
0.1511800060980022
0.15278500597923994
0.15363300498574972
0.15467617195099592
0.15118153812363744
0.15374826407060027
0.154994310811162
0.1535200970247388
0.1521490952000022
0.15554812410846353
0.15396605897694826
0.1550228837877512
0.15168587397783995
0.15357979713007808
0.1538519561290741
0.15530083095654845
0.15183429699391127
0.15463934605941176
0.1538924751803279
0.15442413603886962
0.1515598939731717
0.15335403010249138
0.1515139602124691
0.1551166302524507
0.15316012874245644
0.15452668629586697
0.15586141915991902
0.15500989789143205
0.15049667190760374
0.15248252404853702
0.15479423198848963
0.15387430414557457
0.1521419701166451
0.154878965113312
0.15442443313077092
0.1561260367743671
0.15188268711790442
0.15313481679186225
0.15270899888128042
0.15360192814841866
0.15255582984536886
0.15510664880275726
0.1550677469931543
0.15423795394599438
0.15142386220395565
0.1534633575938642
0.15198874799534678
0.15519648883491755
0.15245043765753508
0.15386921679601073
0.153064857237041
0.15567625686526299
0.15086495410650969
0.1536451457068324
0.15464363107457757
0.1554158884100616
0.1514373873360455
0.15439755469560623
0.1526520336046815
0.15263211214914918
0.1528526502661407
0.15602951403707266
0.15430262312293053
0.15481559373438358
0.15229311119765043
0.15380119625478983
0.15529587911441922
0.15600786777213216
0.1508245011791587
0.15281049208715558
0.15085199382156134
0.15001728478819132
0.15578991314396262
0.1577184209600091
0.15292659401893616
0.15441598696634173
0.151497604791075
0.1546547757461667
0.15533134108409286
0.1553686922416091
0.15144489193335176
0.1538005666807294
0.1537678111344576
0.15580029413104057
0.15060998732224107
0.15239920001477003
0.150889758951962
0.15689050825312734
0.15280821407213807
0.15448222309350967
0.15537179401144385
0.15573306009173393
0.1502264137379825
0.1525382762774825
0.15218584518879652
0.15155966393649578
0.1545475241728127
0.15733012184500694
0.15477787191048265
0.15725696412846446
0.1518268147483468
0.1536191669292748
0.15419058687984943
0.15394834615290165
0.1510880161076784
0.15360615216195583
0.15206820284947753
0.15158448414877057
0.15438174176961184
0.15657572634518147
0.1544625093229115
0.15683933440595865
0.15127718774601817
0.15395922027528286
0.15780702279880643
0.15472391108050942
0.1504815141670406
0.1530690547078848
0.1508350637741387
0.156045310664922
0.15058016311377287
0.1525583998300135
0.1506939297541976
0.15726050874218345
0.15285741304978728
0.15485562663525343
0.1550226961262524
0.15584015706554055
0.15020907204598188
0.15262266900390387
0.151069023180753
0.1497238609008491
0.1554995123296976
0.15788897592574358
0.15541182085871696
0.1567346453666687
0.1513429037295282
0.15428686793893576
0.15770668908953667
0.1551091130822897
0.15060377959161997
0.15218466194346547
0.1505184667184949
0.1506592300720513
0.15363273210823536
0.15718173515051603
0.15530571015551686
0.15677462192252278
0.15143680525943637
0.15174131514504552
0.15294370986521244
0.15309366304427385
0.15205328166484833
0.15523283975198865
0.1552869202569127
0.1553301210515201
0.15052712196484208
0.1528126709163189
0.15047568688169122
0.15669347485527396
0.1521082678809762
0.15418703202158213
0.15461743529886007
0.1560269738547504
0.15125718619674444
0.15357341803610325
0.15321499994024634
0.1551217120140791
0.15200685383751988
0.1537265651859343
0.15375099703669548
0.15813238313421607
0.15219758776947856
0.15399788692593575
0.154464369174093
0.15563987288624048
0.15062758699059486
0.15218582609668374
0.15040530916303396
0.1490669660270214
0.15564627526327968
0.15801638877019286
0.15483581833541393
0.15771027700975537
0.15139728412032127
0.15082926535978913
0.14870040118694305
0.1488287472166121
0.15323915611952543
0.15672551793977618
0.15780264930799603
0.15441576018929482
0.15133623918518424
0.15361194498836994
0.15163551596924663
0.15125841181725264
0.15435887966305017
0.15753103699535131
0.15478093503043056
0.15790835581719875
0.15212047286331654
0.15288245817646384
0.15241329791024327
0.15403865231201053
0.15110517293214798
0.1538002248853445
0.1522054960951209
0.15346761886030436
0.15355279110372066
0.1564503670670092
0.15508519299328327
0.15784480795264244
0.15165306301787496
0.15190095826983452
0.15213812701404095
0.15155597869306803
0.15267145168036222
0.1572946272790432
0.1562151638790965
0.15705061610788107
0.151305987033993
0.15008190320804715
0.14997473219409585
0.1583668882958591
0.1522154058329761
0.15525856474414468
0.15581471100449562
0.15573052782565355
0.15146055072546005
0.15443536592647433
0.15370212029665709
0.15888892579823732
0.15051254723221064
0.15099169174209237
0.15134510910138488
0.1578783174045384
0.1513135777786374
0.15309300972148776
0.15185856074094772
0.15303009282797575
0.15224125515669584
0.15538484090939164
0.15547921182587743
0.15815479308366776
0.15144686726853251
0.15035959472879767
0.15010468009859324
0.157470284961164
0.15346426283940673
0.15578407514840364
0.15367126278579235
0.15773726487532258
0.15375206107273698
0.15346003184095025
0.15385353239253163
0.15974983386695385
0.15495359431952238
0.1547813080251217
0.15387838426977396
0.15741930296644568
0.1543446946889162
0.1571244769729674
0.15663445740938187
0.15753509104251862
0.15609996113926172
0.15542265493422747
0.15757681895047426
0.1567118219099939
0.1555144670419395
0.15301890904083848
0.15589691372588277
0.1556915999390185
0.15644175931811333
0.15130005404353142
0.15370499435812235
0.1518798959441483
0.15100618498399854
0.15389099484309554
0.1579613471403718
0.15600392501801252
0.15803280379623175
0.15124522102996707
0.15316890180110931
0.1526564504019916
0.15278301807120442
0.15189268765971065
0.1547971242107451
0.15430572535842657
0.1570482267998159
0.15067278873175383
0.15345651702955365
0.15159475710242987
0.15750527614727616
0.15174408769235015
0.1510991849936545
0.14995425194501877
0.15041898470371962
0.15541091281920671
0.15809766808524728
0.15707634761929512
0.15599732659757137
0.15203066682443023
0.15443914383649826
0.15451359702274203
0.15831272397190332
0.150809268001467
0.153199284337461
0.15114358998835087
0.1509811468422413
0.1520911082625389
0.15657475916668773
0.15526406513527036
0.15791268786415458
0.15126752480864525
0.15043961443006992
0.1493354788981378
0.15832270914688706
0.15240810997784138
0.15462476573884487
0.15452688094228506
0.1561023066751659
0.15073363902047276
0.15201283106580377
0.15053954534232616
0.15359026798978448
0.15212033316493034
0.1542131518945098
0.15287267696112394
0.15804127790033817
0.15147167164832354
0.15090629691258073
0.14991663908585906
0.1579853529110551
0.15217333706095815
0.15502412104979157
0.15553668094798923
0.1557516767643392
0.15064273495227098
0.1525162342004478
0.15077420510351658
0.15621720207855105
0.15224003279581666
0.15490639116615057
0.15463868901133537
0.1572992904111743
0.15227530803531408
0.1537287556566298
0.15188184194266796
0.1525530549697578
0.1520681860856712
0.15583208901807666
0.15552744083106518
0.15721964091062546
0.15222256910055876
0.15071069123223424
0.15102257300168276
0.15810151118785143
0.15183893498033285
0.1542774378322065
0.15231350669637322
0.15267528221011162
0.1530206468887627
0.15558456303551793
0.1545963673852384
0.1580489561893046
0.15153295313939452
0.15185411693528295
0.15073860110715032
0.15781150292605162
0.15190576016902924
0.1530009456910193
0.15246971789747477
0.15117269987240434
0.1536144269630313
0.15670194569975138
0.1554816998541355
0.15786518203094602
0.15035321889445186
0.149984837975353
0.1492803357541561
0.1567884050309658
0.15379030304029584
0.1550445039756596
0.15568538196384907
0.15653760684654117
0.1512694708071649
0.1526398090645671
0.15183388302102685
0.1581547767855227
0.1515982230193913
0.15110150584951043
0.15113804396241903
0.15820376900956035
0.1517624887637794
0.15248349588364363
0.15293558780103922
0.15384230902418494
0.15194806084036827
0.15368556790053844
0.1521635609678924
0.15309717180207372
0.1530485898256302
0.15571143198758364
0.15319791389629245
0.15881609404459596
0.15220447955653071
0.15558721497654915
0.15742876334115863
0.15636853594332933
0.1511886278167367
0.1534282248467207
0.15152342384681106
0.15744436718523502
0.15103271789848804
0.15050129685550928
0.15029203426092863
0.15750671969726682
0.15215893322601914
0.1544583709910512
0.15416090795770288
0.15794651303440332
0.1505167130380869
0.1521181957796216
0.15066669741645455
0.156434231903404
0.15195474587380886
0.15483655501157045
0.15435187984257936
0.1581799010746181
0.15149382408708334
0.15334961796179414
0.15372186386957765
0.15831816708669066
0.15071822796016932
0.15192293422296643
0.15221525123342872
0.15834918804466724
0.15140255773440003
0.14957393379881978
0.14937318908050656
0.15711996890604496
0.1523882858455181
0.15467727603390813
0.15447986405342817
0.1577127818018198
0.15070780785754323
0.15237631183117628
0.15067876083776355
0.15546350739896297
0.15157588804140687
0.15357166342437267
0.151736319065094
0.15765181416645646
0.15198916709050536
0.15445223823189735
0.15489006601274014
0.1585831493139267
0.15032585803419352
0.1520678368397057
0.15056667430326343
0.15527205122634768
0.1519880210980773
0.1540763359516859
0.1539919269271195
0.15857186121866107
0.1513151121325791
0.1524861929938197
0.15225357981398702
0.15741104586049914
0.15076480200514197
0.1512010027654469
0.15002035815268755
0.14845816418528557
0.15529526211321354
0.15830239793285728
0.15554775996133685
0.15736220497637987
0.1510652108117938
0.15032799914479256
0.14937371294945478
0.15706455195322633
0.1520491591654718
0.15483599295839667
0.1555644739419222
0.15529992897063494
0.15116598224267364
0.15358362905681133
0.15124180912971497
0.15736659988760948
0.15274683060124516
0.15665462287142873
0.15565009787678719
0.1573082939721644
0.15045441687107086
0.15259884297847748
0.15177775314077735
0.15779048297554255
0.15244004456326365
0.15490687312558293
0.15549135068431497
0.15701077226549387
0.15112046571448445
0.15239519625902176
0.14995598793029785
0.15567328035831451
0.1516290050931275
0.15332244103774428
0.15177250606939197
0.1582789379172027
0.15159261599183083
0.15079173306003213
0.14968719286844134
0.15749491192400455
0.15120435925200582
0.15186515217646956
0.15249674674123526
0.1528764241375029
0.1525055281817913
0.1570852342993021
0.1568185961805284
0.156691649928689
0.1509818029589951
0.15187978325411677
0.15082513075321913
0.15779125271365047
0.1523158149793744
0.15407784190028906
0.15325774811208248
0.15426310896873474
0.15140852285549045
0.15359667083248496
0.15278215380385518
0.15528304362669587
0.15113675920292735
0.15300672827288508
0.1515659880824387
0.15714781219139695
0.15146654285490513
0.15567370178177953
0.1554331691004336
0.1563420882448554
0.15104104718193412
0.15282530803233385
0.1508496841415763
0.15032094297930598
0.15303674479946494
0.1572168911807239
0.15570002561435103
0.15822224132716656
0.15102151595056057
0.15036403015255928
0.14953170716762543
0.15751511696726084
0.1512507852166891
0.1534346118569374
0.15360469417646527
0.15278802067041397
0.152594406157732
0.1560041019693017
0.15546602802351117
0.15776713006198406
0.15059671690687537
0.15020208107307553
0.14916730718687177
0.1567600630223751
0.15261315181851387
0.15486118802800775
0.15595117397606373
0.15524348616600037
0.151570538058877
0.1527201379649341
0.15103463036939502
0.1525680492632091
0.15316259115934372
0.15753804286941886
0.15556702762842178
0.15716124325990677
0.15173332812264562
0.15326642291620374
0.15209396881982684
0.15078069269657135
0.15233932435512543
0.15654259035363793
0.15611115284264088
0.15655356785282493
0.15196639811620116
0.15439600078389049
0.15442306827753782
0.1582001461647451
0.14974990114569664
0.15007741888985038
0.14927548123523593
0.14808354200795293
0.15518983965739608
0.15806953236460686
0.1560626719146967
0.1574662420898676
0.15123857418075204
0.1504710023291409
0.14966546511277556
0.15771201672032475
0.15207415027543902
0.1545891873538494
0.15524771297350526
0.15522557776421309
0.151197646278888
0.15311816707253456
0.15086214803159237
0.15613791905343533
0.15227592689916492
0.15625086426734924
0.15584818832576275
0.15623175678774714
0.15063522616401315
0.15206623123958707
0.14999534795060754
0.1487584849819541
0.1548928041011095
0.1581994527950883
0.15601467806845903
0.1581002799794078
0.15146914217621088
0.1504906970076263
0.1501935999840498
0.15061696292832494
0.15451805805787444
0.1571268388070166
0.15674962103366852
0.1550683481618762
0.15136484568938613
0.15320201590657234
0.1515763788484037
0.15759502397850156
0.15198636706918478
0.15642125578597188
0.15566974598914385
0.1565055688843131
0.14995845407247543
0.1518963100388646
0.1518878280185163
0.15701490314677358
0.15116349002346396
0.15585382375866175
0.15545341465622187
0.15972447814419866
0.15184970200061798
0.15261097205802798
0.15188222704455256
0.15804582089185715
0.15164582803845406
0.15514818858355284
0.1554064340889454
0.15799676487222314
0.1537538510747254
0.15551731316372752
0.15421505086123943
0.15670725889503956
0.153108234051615
0.1548230918124318
0.15401655109599233
0.1562803820706904
0.15464711003005505
0.15550651587545872
0.15391416009515524
0.157331348862499
0.15556895500048995
0.15438683005049825
0.1560282981954515
0.15523456316441298
0.15458386484533548
0.15279785776510835
0.15533436927944422
0.15436493000015616
0.1581461001187563
0.1521097687073052
0.1529822861775756
0.15412282198667526
0.1533259809948504
0.15189228812232614
0.15446852101013064
0.15451752208173275
0.1563205672428012
0.15143607091158628
0.1538979047909379
0.15374919027090073
0.15749787306413054
0.15108807617798448
0.15227413922548294
0.1523117278702557
0.15452709421515465
0.15068385796621442
0.15400044526904821
0.15166219929233193
0.1505988659337163
0.15400966396555305
0.1572423418983817
0.1554095591418445
0.15658372733742
0.1521223159506917
0.1533874999731779
0.15376754105091095
0.15586193278431892
0.149832502938807
0.15192856406792998
0.15111174015328288
0.1495789811015129
0.1548168919980526
0.15734182205051184
0.15439866203814745
0.15662265894934535
0.15167750231921673
0.15296113584190607
0.15239069517701864
0.15414664195850492
0.1526025109924376
0.15514076268300414
0.15581862023100257
0.15482282685115933
0.1521968343295157
0.15438874205574393
0.1539480141364038
0.15783042181283236
0.15122926607728004
0.15103080309927464
0.15233938628807664
0.15276390919461846
0.15319220395758748
0.15589114371687174
0.1550458101555705
0.1549719632603228
0.15045952703803778
0.1519311279989779
0.15034913923591375
0.15164176700636744
0.154636446852237
0.1576204258017242
0.155515864957124
0.15504108928143978
0.1520568891428411
0.1551478048786521
0.1551019148901105
0.1544546838849783
0.15210013277828693
0.1545603103004396
0.15280186710879207
0.15830988017842174
0.15079699782654643
0.14999465737491846
0.1489659189246595
0.14960683789104223
0.15341926598921418
0.1563869258388877
0.15722686098888516
0.15505004581063986
0.1519454838708043
0.1548869889229536
0.15488185826689005
0.15723788645118475
0.150856823194772
0.1536403652280569
0.15189198590815067
0.15819793194532394
0.15060304990038276
0.152695681899786
0.15224934415891767
0.15321727097034454
0.15225216001272202
0.15536094782873988
0.1545383809134364
0.15629384899511933
0.15120300464332104
0.1539357746951282
0.15452291117981076
0.15516622364521027
0.15109494095668197
0.15343786589801311
0.15237230993807316
0.15282513992860913
0.15253284061327577
0.15622025495395064
0.1549435993656516
0.15668523823842406
0.15235419385135174
0.15407355409115553
0.15368587290868163
0.1551541551016271
0.15099387941882014
0.15363040287047625
0.15346468333154917
0.15562142292037606
0.15032235067337751
0.15200575487688184
0.1505936561152339
0.15599985094740987
0.1512913261540234
0.15534876892343163
0.15447155991569161
0.15587083576247096
0.15069485688582063
0.15346136130392551
0.15426053293049335
0.15323591884225607
0.15204958291724324
0.15540503710508347
0.1549297678284347
0.15752069931477308
0.1509098270907998
0.15223511587828398
0.15129265608265996
0.15314734587445855
0.15312665421515703
0.15573003189638257
0.1554443589411676
0.1548925107344985
0.15128406882286072
0.15328172873705626
0.1507936017587781
0.15567608969286084
0.15106226177886128
0.15382516803219914
0.15206821402534842
0.15513483760878444
0.15133204497396946
0.15434534987434745
0.15472214203327894
0.15543765481561422
0.15178482187911868
0.1542380079627037
0.1538937441073358
0.1557842460460961
0.1509021781384945
0.15332162473350763
0.15239995997399092
0.15808833902701735
0.1515360614284873
0.15246932208538055
0.15428128885105252
0.15395246632397175
0.15165806375443935
0.15404068678617477
0.15378060517832637
0.1550051411613822
0.1510030939243734
0.1537673668935895
0.15261400770395994
0.1569825718179345
0.1516672750003636
0.15394449280574918
0.15474949683994055
0.15549164218828082
0.15103981317952275
0.15330845210701227
0.15219131438061595
0.15256008692085743
0.15341496001929045
0.157078396063298
0.15497473906725645
0.1562740271911025
0.15073151886463165
0.15374501515179873
0.15786668797954917
0.15404613921418786
0.1502853031270206
0.15186737896874547
0.1498667118139565
0.14890588587149978
0.15544201293960214
0.15786915319040418
0.15376036800444126
0.15725766774266958
0.150481428951025
0.15072401007637382
0.1526593011803925
0.15421751281246543
0.15238548163324594
0.15561664197593927
0.1554586598649621
0.15456220787018538
0.1507757967337966
0.15337897883728147
0.15179124101996422
0.15651448536664248
0.15261510107666254
0.15465708682313561
0.15514929639175534
0.15437113028019667
0.1508432338014245
0.15318679390475154
0.15244815405458212
0.15228282008320093
0.15321896085515618
0.1557579953223467
0.154803860001266
0.15708840591832995
0.15112601313740015
0.1526144160889089
0.15458546904847026
0.15503722382709384
0.15107936831191182
0.15285100881010294
0.1521932790055871
0.1519829761236906
0.15331259137019515
0.1568462150171399
0.15420234901830554
0.15673352498561144
0.15158533491194248
0.1550016668625176
0.15813807491213083
0.15325302723795176
0.15061761671677232
0.1523112989962101
0.15117261093109846
0.15464564505964518
0.15175746381282806
0.15592670626938343
0.1549460911192
0.15487317088991404
0.15042206598445773
0.1528824451379478
0.15464085480198264
0.15375614073127508
0.15181112615391612
0.1556045631878078
0.155302532017231
0.1564626982435584
0.1507359892129898
0.15309650218114257
0.15134782018139958
0.1538738221861422
0.15112264640629292
0.15341628203168511
0.1543706119991839
0.15595816494897008
0.15052598109468818
0.15329732419922948
0.15175520023331046
0.1529531660489738
0.1536398809403181
0.15649331966415048
0.15455433586612344
0.1567483157850802
0.15154054388403893
0.15270631713792682
0.15419818926602602
0.1552867479622364
0.15089839696884155
0.15315364301204681
0.15212023304775357
0.1539726839400828
0.15240804199129343
0.15443146415054798
0.15406582923606038
0.15691937739029527
0.15185955446213484
0.1531539368443191
0.15489960182458162
0.15516823017969728
0.15002294024452567
0.1545099252834916
0.15724847791716456
0.15401999140158296
0.1507035382091999
0.15314303990453482
0.1511727748438716
0.15637254295870662
0.1522615528665483
0.15421785041689873
0.15532318875193596
0.15516254492104053
0.15106791397556663
0.15403574611991644
0.1527925068512559
0.15466198977082968
0.15088531421497464
0.15249070106074214
0.15219011809676886
0.15552358515560627
0.15308629535138607
0.15396326314657927
0.1544340350665152
0.15449125599116087
0.1525368457660079
0.1556300730444491
0.15531206596642733
0.15372168086469173
0.1509524998255074
0.15259708790108562
0.15106686484068632
0.15085635567083955
0.15524944523349404
0.15671522822231054
0.15402691019698977
0.15501174237579107
0.15132421720772982
0.15333753498271108
0.1551614780910313
0.15456356713548303
0.15079596592113376
0.1535861873999238
0.15185216814279556
0.14986367477104068
0.15511659299954772
0.15762846684083343
0.15351204620674253
0.15417886758223176
0.1522691771388054
0.15415021404623985
0.15550027275457978
0.15517249424010515
0.15041658468544483
0.15188603894785047
0.15211102785542607
0.15183474961668253
0.1541595859453082
0.15637046936899424
0.15511386981233954
0.15441745007410645
0.1519536809064448
0.15453627426177263
0.15440609585493803
0.154899544082582
0.15148210572078824
0.152850273065269
0.1522368798032403
0.15392709709703922
0.15268261963501573
0.15426393877714872
0.15369720896705985
0.1557414559647441
0.15274819917976856
0.15492702508345246
0.1553359990939498
0.1568380342796445
0.15193700324743986
0.1530411709100008
0.15173888811841607
0.15138321183621883
0.15496845915913582
0.15779105201363564
0.15491670416668057
0.15795656805858016
0.1512318360619247
0.15245338063687086
0.1502586593851447
0.14978541107848287
0.15435043908655643
0.15669625997543335
0.15491225803270936
0.15594543097540736
0.15100112603977323
0.15412220219150186
0.15279567800462246
0.15807880414649844
0.14988362323492765
0.15223659994080663
0.15273781726136804
0.15292186895385385
0.15221309522166848
0.15619827900081873
0.1551873441785574
0.15482598775997758
0.1513695688918233
0.15404864307492971
0.1519261789508164
0.15847943304106593
0.15103110624477267
0.15412095887586474
0.15750487707555294
0.1543414918705821
0.15009508561342955
0.15183318872004747
0.15098232217133045
0.1519911359064281
0.15311826206743717
0.1562945251353085
0.15442916005849838
0.15668060770258307
0.15114868432283401
0.1546891238540411
0.15758883580565453
0.1545103876851499
0.1503723873756826
0.15285917837172747
0.1518140728585422
0.15802430035546422
0.1504743369296193
0.15105976583436131
0.15028838301077485
0.15234095184132457
0.15322134410962462
0.1556602348573506
0.15592516912147403
0.15384571393951774
0.1508677271194756
0.15417042467743158
0.15314561128616333
0.15477329958230257
0.15138022601604462
0.15376336500048637
0.15150944190099835
0.15398188401013613
0.15413779532536864
0.15553035167977214
0.15529662370681763
0.15495928702875972
0.15064651472494006
0.1535204779356718
0.1520782606676221
0.15172674041241407
0.15479411091655493
0.15607338678091764
0.1541188578121364
0.15502103604376316
0.1514859888702631
0.15324446791782975
0.15499240392819047
0.1541553600691259
0.1512105017900467
0.15461740596219897
0.15375555213540792
0.1549062361009419
0.15107834991067648
0.15317311603575945
0.15121284686028957
0.15309213381260633
0.1535016125999391
0.15474571334198117
0.1557242120616138
0.15455141477286816
0.15198341012001038
0.15468565002083778
0.15525643015280366
0.1541630388237536
0.1512547740712762
0.15364923188462853
0.15200577396899462
0.1565285250544548
0.15223057614639401
0.15420515509322286
0.15555649297311902
0.15547642717137933
0.15062230313196778
0.15255084680393338
0.15137779200449586
0.15026959870010614
0.15471508027985692
0.1579057639464736
0.15532212471589446
0.1572199291549623
0.15104692289605737
0.15380022395402193
0.15808171592652798
0.15404018620029092
0.15039464179426432
0.1520880162715912
0.15120407193899155
0.15152680315077305
0.15368610620498657
0.15672043012455106
0.1543959081172943
0.15754289086908102
0.15163335064426064
0.15492144087329507
0.15826533734798431
0.1547588580287993
0.1507585421204567
0.152787818107754
0.15174495289102197
0.15835913736373186
0.15071462094783783
0.1503091873601079
0.1493923431262374
0.15824468899518251
0.15090767899528146
0.15180947398766875
0.1527447821572423
0.154027309268713
0.15211167186498642
0.15530255995690823
0.15561131294816732
0.15521767316386104
0.1512665981426835
0.15323903318494558
0.15209234319627285
0.15845313807949424
0.1520121181383729
0.15478654392063618
0.15820507192984223
0.1539198448881507
0.1506496900692582
0.15284549491479993
0.15153949009254575
0.15619884571060538
0.15027305716648698
0.15178246796131134
0.1504254350438714
0.15698561258614063
0.15237616281956434
0.15469073224812746
0.1543389242142439
0.1545692547224462
0.15055468818172812
0.1525931879878044
0.1532870070077479
0.1535183717496693
0.15230012871325016
0.15571242989972234
0.15351821994408965
0.15669316705316305
0.1511003039777279
0.15199796529486775
0.1506923120468855
0.15130813932046294
0.1545682167634368
0.1556688449345529
0.15589484479278326
0.1545883626677096
0.15150149865075946
0.15511289099231362
0.15475900890305638
0.1563512529246509
0.1511882091872394
0.1517415908165276
0.15036594588309526
0.151597969699651
0.1538479528389871
0.1555221532471478
0.1558320140466094
0.15518235880881548
0.1513480180874467
0.1557625811547041
0.1554165850393474
0.1555602070875466
0.15196859603747725
0.15343638509511948
0.15299409488216043
0.15520993014797568
0.15144957229495049
0.15388742927461863
0.1548290252685547
0.15445993468165398
0.1510498602874577
0.15270791482180357
0.15076928306370974
0.14975645393133163
0.15542568499222398
0.15768827311694622
0.15424378542229533
0.1544711273163557
0.15200843708589673
0.1546988650225103
0.15589473582804203
0.15495188627392054
0.15082645695656538
0.1528920391574502
0.15116869378834963
0.15009568585082889
0.1552222934551537
0.15786534920334816
0.15429993299767375
0.15714231273159385
0.15104498760774732
0.15147403301671147
0.15140675008296967
0.15216551208868623
0.15444447938352823
0.15704475017264485
0.15576375788077712
0.15480342414230108
0.15105193620547652
0.1541079538874328
0.15250914683565497
0.15906761679798365
0.15152497682720423
0.15185025101527572
0.152021124958992
0.15109737403690815
0.15344468504190445
0.1564538166858256
0.15621461300179362
0.15529745304957032
0.15042255586013198
0.15286519704386592
0.15103648602962494
0.15625839214771986
0.15236163465306163
0.15422295918688178
0.15429873624816537
0.1558293430134654
0.15045776078477502
0.15516209416091442
0.1576822241768241
0.15519304806366563
0.1515364279039204
0.15441995905712247
0.15372871374711394
0.158407311886549
0.15098230075091124
0.1528363050892949
0.15155422082170844
0.15145061817020178
0.15227927593514323
0.15620105201378465
0.15616637514904141
0.15542749362066388
0.1508979769423604
0.15261699259281158
0.15147259319201112
0.15772791113704443
0.15171878784894943
0.15361709520220757
0.15367518411949277
0.15847318386659026
0.14970376901328564
0.15051522012799978
0.1495419219136238
0.14913452975451946
0.15531689673662186
0.15763391833752394
0.15548524539917707
0.15636645909398794
0.15109769999980927
0.15411089407280087
0.15310798399150372
0.1574216103181243
0.1511948499828577
0.152572485152632
0.15278477082028985
0.15469462424516678
0.15141875203698874
0.15380471013486385
0.1520951292477548
0.15354869375005364
0.15220256615430117
0.15442907996475697
0.15245972201228142
0.15789403393864632
0.15154328802600503
0.15196771314367652
0.15285561000928283
0.15360524179413915
0.1519552362151444
0.15412589209154248
0.1557039599865675
0.1548829390667379
0.15050123073160648
0.15259750140830874
0.1509455256164074
0.15056378999724984
0.1563186808489263
0.15859172260388732
0.15363432001322508
0.15461081685498357
0.1519416649825871
0.15512513695284724
0.15518076065927744
0.15454850811511278
0.15157173993065953
0.15372067783027887
0.15200240025296807
0.1577167552895844
0.15138591779395938
0.1522731827571988
0.1524179088883102
0.1535624568350613
0.1528930999338627
0.15558179281651974
0.15600805822759867
0.1546669313684106
0.1515999468974769
0.1539744338952005
0.1524619678966701
0.1584733589552343
0.15157147916033864
0.15269807213917375
0.1547155538573861
0.1547102853655815
0.1507945409975946
0.15332176303490996
0.153264201246202
0.15267606591805816
0.15193054266273975
0.15593219315633178
0.15541061898693442
0.15582411224022508
0.15213246177881956
0.15535377524793148
0.15480164997279644
0.15384870115667582
0.15036812890321016
0.1536465878598392
0.1525236712768674
0.15106069529429078
0.1528943390585482
0.15628631319850683
0.15444656275212765
0.15683643333613873
0.15037606982514262
0.1523018991574645
0.15265761828050017
0.15513360686600208
0.15130940591916442
0.153260110411793
0.15439463732764125
0.15453100809827447
0.15064044576138258
0.15268239006400108
0.1512758657336235
0.1502138082869351
0.1560152592137456
0.15808469010517
0.15432757511734962
0.1568316239863634
0.15168477036058903
0.15264616208150983
0.15439487202093005
0.15511034801602364
0.15050383703783154
0.15255961008369923
0.15454104309901595
0.1558075351640582
0.15202792873606086
0.15425971988588572
0.15245116595178843
0.1590008237399161
0.1530921091325581
0.1529530961997807
0.15528603363782167
0.15637864638119936
0.15113761415705085
0.15174458920955658
0.14998715976253152
0.15047263726592064
0.15600548731163144
0.15860029915347695
0.15422591008245945
0.15654380293563008
0.15039842994883657
0.15046853199601173
0.1508282208815217
0.15175238717347383
0.1535690757445991
0.15655922424048185
0.15575703792273998
0.15452951984480023
0.15095207234844565
0.15273867780342698
0.15114586893469095
0.15455467626452446
0.15306452475488186
0.1538537503220141
0.15340656507760286
0.1548250876367092
0.15176619263365865
0.1542064482346177
0.15576786594465375
0.1550450841896236
0.1504846061579883
0.1526288017630577
0.1519569968804717
0.15145068988204002
0.15548971900716424
0.15721073700115085
0.1531446068547666
0.1543436790816486
0.1508998409844935
0.15361920604482293
0.15543423080816865
0.1553549631498754
0.15127777867019176
0.15387266781181097
0.15297339903190732
0.1528434483334422
0.15283283405005932
0.15463995607569814
0.1539039290510118
0.15649118088185787
0.1518671428784728
0.15355790313333273
0.1551495147868991
0.1545943352393806
0.15015655709430575
0.15167256025597453
0.15115598868578672
0.15085510537028313
0.15482371300458908
0.1571303871460259
0.15468946285545826
0.1559342215768993
0.15195511607453227
0.15361998323351145
0.15504295099526644
0.15487388195469975
0.1501970337703824
0.15205477131530643
0.15227673994377255
0.15273665124550462
0.15337099693715572
0.15610171994194388
0.15474155265837908
0.15600874600932002
0.15172305656597018
0.15351292304694653
0.15443886630237103
0.1550080538727343
0.15190005116164684
0.15532096289098263
0.1550738629885018
0.15449440199881792
0.1502315867692232
0.15186788514256477
0.1504681152291596
0.15256826533004642
0.15444599930197
0.15630572522059083
0.15418674889951944
0.1546279457397759
0.15175804076716304
0.154380789026618
0.15579057298600674
0.1536058229394257
0.15160703286528587
0.15284886816516519
0.15221359580755234
0.15541511680930853
0.15319640468806028
0.15406541107222438
0.15324990916997194
0.15493970504030585
0.15175149170681834
0.15354248089715838
0.15489770425483584
0.15431786188855767
0.15182164497673512
0.1545903468504548
0.15389616508036852
0.1555178458802402
0.15113877411931753
0.1536699989810586
0.15228254906833172
0.1544078029692173
0.15190285397693515
0.15415881667286158
0.1545610330067575
0.1543857348151505
0.15165409399196506
0.15412791213020682
0.15398496482521296
0.15401061531156301
0.15201675612479448
0.1530237440019846
0.15321619110181928
0.15417654905468225
0.15229868981987238
0.15393927972763777
0.1542401546612382
0.1540950587950647
0.15225866995751858
0.1550683230161667
0.15461697708815336
0.15323316678404808
0.15189552074298263
0.15484486613422632
0.15422144019976258
0.15328142419457436
0.15195282083004713
0.15422583417966962
0.15384367806836963
0.15375143801793456
0.15241808025166392
0.15472834277898073
0.1546332873404026
0.15288692759349942
0.15185788460075855
0.15489174099639058
0.15474615525454283
0.1541378698311746
0.15220304764807224
0.15443518711254
0.1551474379375577
0.15424160799011588
0.15076947398483753
0.1534515549428761
0.15386145887896419
0.15309257106855512
0.15245529264211655
0.1560512729920447
0.15385303040966392
0.15510034281760454
0.15158870397135615
0.15317658381536603
0.15426853811368346
0.1542495903559029
0.15125911217182875
0.1543326978571713
0.15426936885342002
0.1535424287430942
0.15196122508496046
0.1552250380627811
0.15364085044711828
0.15376442903652787
0.1520852600224316
0.15362831111997366
0.1535112983547151
0.15464939502999187
0.15094124991446733
0.15285210590809584
0.154218889772892
0.15400484669953585
0.15214056195691228
0.15409891307353973
0.15414645569399
0.15374818118289113
0.15260274801403284
0.153068573679775
0.15519407484680414
0.15376050490885973
0.1519197290763259
0.15403955476358533
0.15430169878527522
0.15452839294448495
0.1514003318734467
0.153898645658046
0.15360860200598836
0.15330724092200398
0.1532423268072307
0.15245108399540186
0.15514442278072238
0.15374200697988272
0.15297189494594932
0.1543864798732102
0.15418952703475952
0.15424074791371822
0.15139563009142876
0.154478392098099
0.15379495499655604
0.15315334778279066
0.15314256493002176
0.15299158683046699
0.1560833458788693
0.1531225647777319
0.15292843198403716
0.1544272629544139
0.1530365110374987
0.15366680175065994
0.15215838700532913
0.15512469923123717
0.15320732817053795
0.15331715811043978
0.15236240904778242
0.15268920687958598
0.15543883992359042
0.1535140099003911
0.15293628396466374
0.1544721033424139
0.15366615820676088
0.15458168601617217
0.15167309204116464
0.15562391001731157
0.15437205787748098
0.15350106824189425
0.15212807012721896
0.1531224544160068
0.15235483925789595
0.1537226540967822
0.15221785381436348
0.15360159426927567
0.153589999768883
0.15454477397724986
0.15217944234609604
0.15444457298144698
0.15374586079269648
0.15185801265761256
0.15187112102285028
0.15192901017144322
0.15616296604275703
0.15298371529206634
0.15329568088054657
0.15358939906582236
0.15500333858653903
0.15388489374890924
0.1533607398159802
0.1550468490459025
0.1540191457606852
0.15297157922759652
0.1518459329381585
0.15167314000427723
0.15427067410200834
0.15373123297467828
0.15326590090990067
0.15385859506204724
0.15527083491906524
0.15242664981633425
0.15281576896086335
0.1549498187378049
0.1543769333511591
0.15199784096330404
0.15054894192144275
0.1501660430803895
0.15544443670660257
0.15217893291264772
0.1533200340345502
0.1516329301521182
0.15420053713023663
0.15250685717910528
0.15249337814748287
0.15198624413460493
0.15435209404677153
0.15120136085897684
0.151675577275455
0.15092749241739511
0.15636984026059508
0.1502307066693902
0.1540697212330997
0.15459798788651824
0.15441121999174356
0.15033825300633907
0.15097477100789547
0.15111595718190074
0.15752056008204818
0.14939121203497052
0.15077975811436772
0.15076364390552044
0.157126952894032
0.1487052422016859
0.15045130113139749
0.15079540899023414
0.1505255331285298
0.15224083000794053
0.15435106912627816
0.15370513498783112
0.15292480075731874
0.1510991328395903
0.1538777519017458
0.15230786567553878
0.1528971679508686
0.15229677921161056
0.1525712227448821
0.15511021483689547
0.15402690693736076
0.1530403229407966
0.15423919912427664
0.15372201008722186
0.1541989422403276
0.15169381583109498
0.15435873018577695
0.15352007187902927
0.15322889992967248
0.15297370590269566
0.15504456404596567
0.153672288171947
0.1533089936710894
0.15210943296551704
0.15377386240288615
0.15354995196685195
0.15273504424840212
0.1531058019027114
0.15501680597662926
0.15471134800463915
0.15362436277791858
0.15198772866278887
0.15299699362367392
0.15505736973136663
0.15313788270577788
0.15297946659848094
0.15410276362672448
0.1539643630385399
0.15364847285673022
0.15263127209618688
0.15505971107631922
0.15410076081752777
0.15375384083017707
0.15321093890815973
0.1538118328899145
0.15400406392291188
0.15386660723015666
0.15227535692974925
0.15406316006556153
0.15437832195311785
0.1543572465889156
0.15206472808495164
0.1542333522811532
0.15391008229926229
0.1528009632602334
0.1534540462307632
0.15330121293663979
0.1561392741277814
0.15395263396203518
0.1527514960616827
0.15444128308445215
0.15430809883400798
0.1541587058454752
0.15103577077388763
0.15463045006617904
0.15345903811976314
0.15387318190187216
0.15282230637967587
0.15337961679324508
0.15536935161799192
0.15423918003216386
0.15096447709947824
0.15288114175200462
0.15420394018292427
0.15453090285882354
0.1517746690660715
0.1551472363062203
0.15429439581930637
0.15385326091200113
0.15307221794500947
0.1538783200085163
0.15609165094792843
0.15561042865738273
0.1512152450159192
0.15731723606586456
0.15853284392505884
0.1552228801883757
0.15199066698551178
0.15301757212728262
0.15229362109676003
0.15842009289190173
0.15045932680368423
0.15400522807613015
0.15792122716084123
0.15468350891023874
0.1502128099091351
0.15210103942081332
0.1511342190206051
0.1554649588651955
0.14987040031701326
0.15213361382484436
0.15108831180259585
0.15703368093818426
0.15035929111763835
0.15141781978309155
0.15024186577647924
0.1528323981910944
0.15218042396008968
0.15474373241886497
0.15561575395986438
0.15528042102232575
0.15251268213614821
0.15537013905122876
0.1539693777449429
0.1537371650338173
0.15153028955683112
0.15471154963597655
0.15356982592493296
0.15519446088001132
0.15100717591121793
0.153385688085109
0.15436333930119872
0.15471084928140044
0.15123720513656735
0.15423624031245708
0.1548818820156157
0.15384119004011154
0.15179286804050207
0.1546400897204876
0.15394845278933644
0.1551683428697288
0.15138645702973008
0.15300751896575093
0.15365744568407536
0.15492797922343016
0.15117816999554634
0.1536777839064598
0.15453268541023135
0.15354257076978683
0.15178018203005195
0.15448221378028393
0.15303383115679026
0.1539221340790391
0.15328871784731746
0.15356028033420444
0.15525571489706635
0.15431312005966902
0.15210550604388118
0.15400754613801837
0.1551182959228754
0.1539160176180303
0.15082514425739646
0.15297151915729046
0.1515402663499117
0.15047616697847843
0.15560296596959233
0.15809178398922086
0.15361595805734396
0.15281932707875967
0.15272290399298072
0.15526707796379924
0.15589795215055346
0.1537473131902516
0.151342511177063
0.15468630101531744
0.1538243480026722
0.15348700573667884
0.15274485992267728
0.1546437288634479
0.1538352109491825
0.1537646520882845
0.15176109969615936
0.15391051396727562
0.1539647919125855
0.15387030085548759
0.15187582513317466
0.15504793263971806
0.15409869700670242
0.15363212581723928
0.1513422247953713
0.1534399618394673
0.1522271349094808
0.15400425577536225
0.1532707391306758
0.15402603335678577
0.154867148026824
0.15403452888131142
0.1520468988455832
0.15500404918566346
0.1548586431890726
0.15377468196675181
0.1517796851694584
0.1545768198557198
0.15290050581097603
0.15546585712581873
0.15210264921188354
0.15407308423891664
0.15473227482289076
0.15408485988155007
0.15205000713467598
0.15436740592122078
0.1552714379504323
0.1536737340502441
0.1514169736765325
0.1542887561954558
0.1523798550479114
0.15297725424170494
0.15231868205592036
0.15375306503847241
0.15396764781326056
0.1542794769629836
0.15255529200658202
0.15446719201281667
0.1545657180249691
0.15470196912065148
0.15066707832738757
0.15279861772432923
0.15285707637667656
0.15195870073512197
0.15310658374801278
0.1554072741419077
0.1541308299638331
0.15424548462033272
0.1524106659926474
0.15436409087851644
0.15391669003292918
0.154659622348845
0.15212671598419547
0.15534727787598968
0.15440948400646448
0.15348226763308048
0.15147246234118938
0.1527910679578781
0.15251618809998035
0.15385924326255918
0.15284770680591464
0.15468973712995648
0.1547154518775642
0.15469430200755596
0.15207301825284958
0.1549741211347282
0.15432003932073712
0.1536035561002791
0.1520697958767414
0.15330475009977818
0.15278413007035851
0.15453015780076385
0.15239870687946677
0.15485558938235044
0.15468521881848574
0.15467330301180482
0.15149397682398558
0.1532197818160057
0.1527049308642745
0.15216997917741537
0.15392581140622497
0.15581667982041836
0.15412059891968966
0.15365105401724577
0.152550564147532
0.15397367905825377
0.15370210772380233
0.15437248162925243
0.152037157677114
0.15481584379449487
0.15357609000056982
0.15391726000234485
0.15196936391294003
0.15417554276064038
0.15313889412209392
0.15393325500190258
0.15308415982872248
0.154202695004642
0.15406389208510518
0.1543526384048164
0.15151218511164188
0.15443058777600527
0.1543654059059918
0.15312535082921386
0.15309180226176977
0.15518034482374787
0.15350440423935652
0.15390565106645226
0.15228449320420623
0.15385606605559587
0.1537394360639155
0.15354046924039721
0.15145446499809623
0.1551768919453025
0.15427458193153143
0.1521315248683095
0.15262284222990274
0.15496915625408292
0.15385628398507833
0.15277499705553055
0.151951864361763
0.15319856302812696
0.15499469358474016
0.15429481025785208
0.15185025613754988
0.15371301118284464
0.15473090298473835
0.15347836585715413
0.15201387694105506
0.15457180235534906
0.15415922785177827
0.15349407214671373
0.15356358187273145
0.15361458994448185
0.15517027908936143
0.15374227473512292
0.1520508690737188
0.15363709069788456
0.154401957988739
0.1533689429052174
0.15171285439282656
0.15452728513628244
0.15313685405999422
0.15351266833022237
0.15313200000673532
0.1533260429278016
0.15634297393262386
0.154155686032027
0.15130075393244624
0.15352698182687163
0.15449243085458875
0.15360257681459188
0.15260811103507876
0.15555906482040882
0.15393600892275572
0.15379469096660614
0.15286540798842907
0.15284180222079158
0.15492827259004116
0.15420175716280937
0.15248287608847022
0.1549493381753564
0.15393660496920347
0.15309076802805066
0.15152813121676445
0.1543287830427289
0.1532650920562446
0.153185258153826
0.1531305769458413
0.15339990379288793
0.15657715173438191
0.15387979010120034
0.1522901961579919
0.15449747815728188
0.15464227320626378
0.1533414819277823
0.15199584513902664
0.15434096567332745
0.15273679420351982
0.1523399781435728
0.15297555597499013
0.1549871861934662
0.15387550415471196
0.15417207032442093
0.15144238714128733
0.1537299188785255
0.15404543885961175
0.1546713151037693
0.15187178319320083
0.1548112379387021
0.15407578274607658
0.1534511442296207
0.15218214830383658
0.15394266322255135
0.15398342302069068
0.1537710279226303
0.15263977693393826
0.15433285711333156
0.15430371975526214
0.15385872265323997
0.15187285374850035
0.1545745087787509
0.15315229399129748
0.1532912333495915
0.15324994316324592
0.1540002403780818
0.15418296679854393
0.15406451327726245
0.15249817492440343
0.15476764040067792
0.15440066903829575
0.15387709671631455
0.15207307832315564
0.15509763825684786
0.1541793909855187
0.15394852217286825
0.15350037580356002
0.15395791502669454
0.15516431909054518
0.15381801035255194
0.15109377121552825
0.1530866282992065
0.1542800678871572
0.15367526514455676
0.15125912614166737
0.15410624770447612
0.15284794801846147
0.15251165302470326
0.1532254978083074
0.15537738101556897
0.15345678105950356
0.15397237380966544
0.15179213881492615
0.15398128470405936
0.15414885431528091
0.15355698624625802
0.15271797170862556
0.15500088967382908
0.1534591130912304
0.15276047820225358
0.15224287193268538
0.15349726285785437
0.15411892300471663
0.15395190985873342
0.15233197109773755
0.15407827217131853
0.15394345670938492
0.15376348700374365
0.1525929537601769
0.15557338204234838
0.1542164208367467
0.15240573696792126
0.15221859980374575
0.15375480707734823
0.15355829801410437
0.1532969269901514
0.15302950888872147
0.15427372371777892
0.15525314817205071
0.1529268496669829
0.15275344578549266
0.15519995568320155
0.15477036172524095
0.15316463308408856
0.153028666973114
0.15506839472800493
0.1537779811769724
0.1535622919909656
0.15276241581887007
0.15448665991425514
0.1547472639940679
0.1540174982510507
0.1515951631590724
0.15475942892953753
0.15257015638053417
0.15456119598820806
0.1527010928839445
0.15343141509220004
0.15315191494300961
0.15428683208301663
0.15274459589272738
0.1547025591135025
0.1548810238018632
0.15378330694511533
0.15185604710131884
0.15508598322048783
0.1543668801896274
0.1543406629934907
0.1516350251622498
0.15293601294979453
0.15241930214688182
0.15479508880525827
0.1521450551226735
0.15427468391135335
0.1541847069747746
0.15549262007698417
0.15251499507576227
0.1556718908250332
0.15389503492042422
0.15583542082458735
0.1527905948460102
0.15660032304003835
0.1554381106980145
0.15470603806897998
0.1508294832892716
0.15293396078050137
0.1530966041609645
0.153083018027246
0.1517107356339693
0.1551818042062223
0.1534184841439128
0.15482547599822283
0.15160534204915166
0.15379702299833298
0.15259408578276634
0.1568794879131019
0.15098551288247108
0.15331375412642956
0.1585161299444735
0.15306178899481893
0.15021704975515604
0.1517694559879601
0.15076318103820086
0.14964247774332762
0.15522878803312778
0.15761467115953565
0.15376528119668365
0.15708693070337176
0.15125393494963646
0.15190759673714638
0.15217373287305236
0.15406410209834576
0.1522921221330762
0.15425279224291444
0.15501450700685382
0.1541970307007432
0.15197272319346666
0.15470488090068102
0.1530827572569251
0.15541701577603817
0.15243318304419518
0.15348092932254076
0.15257288189604878
0.155393841676414
0.1521823718212545
0.15525792492553592
0.15523665212094784
0.1542604649439454
0.15114704426378012
0.15276499977335334
0.1512829139828682
0.15240939799696207
0.1547432942315936
0.15607481775805354
0.15402429085224867
0.15472424030303955
0.1524302908219397
0.155308926012367
0.15510897105559707
0.15435776533558965
0.15180669771507382
0.15323867509141564
0.15172523027285933
0.15765470266342163
0.15221966709941626
0.1525576156564057
0.15176399797201157
0.15244058892130852
0.1528656710870564
0.15597709128633142
0.15536092827096581
0.15450200904160738
0.15121513092890382
0.1526056919246912
0.1512734848074615
0.15234045730903745
0.15444562304764986
0.15638312185183167
0.15408640913665295
0.15539600187912583
0.15157178603112698
0.15391970705240965
0.1553023187443614
0.1538898511789739
0.15084067592397332
0.15261713694781065
0.15147922514006495
0.1519685168750584
0.15526671893894672
0.1575029380619526
0.15412781666964293
0.15544734289869666
0.15163575066253543
0.1539779957383871
0.15524907410144806
0.15398502722382545
0.1509189112111926
0.1527816536836326
0.15112838195636868
0.1502146008424461
0.15586377028375864
0.1581791341304779
0.15450950991362333
0.1551457648165524
0.15134490141645074
0.15424093278124928
0.15534662501886487
0.15493747917935252
0.15121152298524976
0.15254269586876035
0.15177178801968694
0.15238753566518426
0.1537338555790484
0.15735062398016453
0.15478302305564284
0.15612070495262742
0.15098091401159763
0.1531549789942801
0.15281879203394055
0.15214146627113223
0.15246928669512272
0.15651335008442402
0.1558739827014506
0.15646797185763717
0.1519073392264545
0.15661067608743906
0.15764658292755485
0.15511038666591048
0.14944319799542427
0.15038239490240812
0.1497113578952849
0.15098249027505517
0.15261676209047437
0.15617634309455752
0.15472482703626156
0.15619625197723508
0.15068294480443
0.15152397006750107
0.1521498542279005
0.15392204280942678
0.15185408480465412
0.15405777329578996
0.15425946284085512
0.15399233112111688
0.1511882641352713
0.1536517832428217
0.15282829804345965
0.15233043814077973
0.1531878188252449
0.15610752487555146
0.1542601971887052
0.15339983813464642
0.15273788990452886
0.15477244509384036
0.15514036593958735
0.15415571304038167
0.15069328667595983
0.15348230628296733
0.1527347443625331
0.15303448494523764
0.15265415515750647
0.15459863608703017
0.15427580382674932
0.15463692275807261
0.15196866169571877
0.15363410115242004
0.15415463875979185
0.15509521309286356
0.1513481200672686
0.15428336802870035
0.1550663523375988
0.15331290988251567
0.15197605593129992
0.15530137717723846
0.15409707324579358
0.15384288411587477
0.15199524676427245
0.1542332568205893
0.15434756828472018
0.15445192204788327
0.1511630341410637
0.1545230532065034
0.15426507126539946
0.15336755337193608
0.15187147492542863
0.1538361692801118
0.1523864697664976
0.15396346431225538
0.15313964383676648
0.1535540441982448
0.15554028237238526
0.1532402141019702
0.1524690529331565
0.15465842420235276
0.154368428979069
0.1537410356104374
0.15121835889294744
0.15414973627775908
0.15337158693000674
0.15331463795155287
0.15260525234043598
0.15316519932821393
0.15361415687948465
0.15310768224298954
0.15248642396181822
0.1545701869763434
0.15376094914972782
0.1530530988238752
0.15266808727756143
0.15462803607806563
0.15387209877371788
0.15296481922268867
0.1527107758447528
0.15246719121932983
0.15539819095283747
0.15355600975453854
0.15279869129881263
0.15345699107274413
0.15476180613040924
0.15298746107146144
0.15206324076279998
0.1539924438111484
0.15401653805747628
0.1530777090229094
0.1530584772117436
0.15377504006028175
0.15351967932656407
0.15301812998950481
0.15309438714757562
0.15345818689092994
0.15505843004211783
0.1536098881624639
0.15225741500034928
0.15451460611075163
0.15426704566925764
0.15253986418247223
0.15312275802716613
0.15410991525277495
0.1524884793907404
0.15287543274462223
0.1532360059209168
0.1537841809913516
0.15529840299859643
0.15313947573304176
0.15254693385213614
0.1539643811993301
0.1538324081338942
0.1529557160101831
0.15288173500448465
0.15459348587319255
0.15331054711714387
0.15276754507794976
0.15320326993241906
0.15248697297647595
0.15488340333104134
0.15204970398917794
0.15354194911196828
0.15354508208110929
0.15340533899143338
0.15141540626063943
0.15317959990352392
0.15513280499726534
0.15358487889170647
0.1527191549539566
0.1513739642687142
0.1502825398929417
0.1549297058954835
0.15157367382198572
0.1514434707351029
0.14998730504885316
0.15556206600740552
0.15030610281974077
0.15004115412011743
0.15004492597654462
0.1571092950180173
0.14850824233144522
0.1492861402221024
0.14843214210122824
0.14783533290028572
0.1534918351098895
0.1555056171491742
0.1543790022842586
0.15309397922828794
0.15030048694461584
0.1537206843495369
0.15197391528636217
0.15064486302435398
0.15367926703765988
0.15607103379443288
0.15346641698852181
0.15324680181220174
0.1534776845946908
0.1546342819929123
0.15370227163657546
0.1538652922026813
0.15134051907807589
0.15407079178839922
0.15439348295331
0.15219882875680923
0.1513462164439261
0.1521031390875578
0.15261222003027797
0.15364278899505734
0.15253074606880546
0.15180601412430406
0.15458191372454166
0.1526077720336616
0.1530598672106862
0.15300307422876358
0.15408382518216968
0.153119423892349
0.15340025909245014
0.15496260533109307
0.15395295526832342
0.15302989725023508
0.15276009403169155
0.15121884504333138
0.1539896442554891
0.1529908492229879
0.1526242927648127
0.15243015764281154
0.15451718075200915
0.15279614506289363
0.15377119276672602
0.15354154724627733
0.15334925102069974
0.15129276365041733
0.1532645132392645
0.15191133180633187
0.15443466696888208
0.15116603719070554
0.1503553851507604
0.14957392401993275
0.1569090010598302
0.1496086409315467
0.14990523271262646
0.15023411205038428
0.15683113504201174
0.14875003369525075
0.15045153675600886
0.14955718303099275
0.14827087381854653
0.15333422785624862
0.15536476206034422
0.154467161744833
0.15275459503754973
0.1512847258709371
0.15432027028873563
0.1535048671066761
0.15450933575630188
0.15281613916158676
0.15409607207402587
0.15485203685238957
0.15356402471661568
0.15101380785927176
0.1535124988295138
0.15405933000147343
0.15291665587574244
0.15203389711678028
0.15440389094874263
0.15364413196220994
0.15233969129621983
0.15272588888183236
0.15270702028647065
0.1556081916205585
0.15336868586018682
0.1529777329415083
0.15391903510317206
0.15352416737005115
0.15476546110585332
0.15282730292528868
0.15410823095589876
0.15283793164417148
0.151386349927634
0.1530788247473538
0.15533966477960348
0.1529839220456779
0.15291156899183989
0.15265988698229194
0.15388203505426645
0.15390870114788413
0.15370444022119045
0.15228576119989157
0.15456257620826364
0.15330916130915284
0.15247025527060032
0.15181860281154513
0.1514403666369617
0.15601224079728127
0.15298732602968812
0.15402101818472147
0.15466160513460636
0.1555405119433999
0.15602660411968827
0.15266474103555083
0.1564187677577138
0.15416709473356605
0.15378441382199526
0.15240713534876704
0.15395660093054175
0.15473704412579536
0.15406659012660384
0.1519283400848508
0.15356411412358284
0.15328367659822106
0.153081847820431
0.15129704074934125
0.154553703032434
0.15349774714559317
0.15318364603444934
0.1520856567658484
0.15220788912847638
0.15501584811136127
0.1532719130627811
0.1530715310946107
0.1524744718335569
0.15480016265064478
0.15225276676937938
0.15240315394476056
0.15428019175305963
0.15403145318850875
0.15301473392173648
0.14991678204387426
0.14895767718553543
0.15568634402006865
0.15230175806209445
0.15348823135718703
0.15215803543105721
0.15382469212636352
0.15052424278110266
0.1510454537346959
0.15026848670095205
0.1548722367733717
0.1499294051900506
0.14944435516372323
0.14835231518372893
0.14940216625109315
0.15058443089947104
0.1544416262768209
0.15397955430671573
0.15266100876033306
0.15070870704948902
0.15328435227274895
0.1517513869330287
0.15069381101056933
0.15317512163892388
0.15467708092182875
0.15295162005349994
0.15364004578441381
0.15179765596985817
0.15324183693155646
0.15461064502596855
0.15294911619275808
0.15247825719416142
0.15486858366057277
0.15358334686607122
0.15336955012753606
0.15173614537343383
0.15440181083977222
0.15357871865853667
0.15269946493208408
0.15289652720093727
0.15330337034538388
0.15490142907947302
0.15301999310031533
0.15250694705173373
0.15381823433563113
0.1538001438602805
0.15393409319221973
0.15303749218583107
0.15498416544869542
0.1529929218813777
0.1525807878933847
0.15265760384500027
0.15343706868588924
0.15500410227105021
0.1532340720295906
0.15255155926570296
0.1544815362431109
0.15380969317629933
0.15379095310345292
0.152906296774745
0.15321249375119805
0.15188497211784124
0.15271090110763907
0.15186916990205646
0.1512337471358478
0.1537599810399115
0.15282922191545367
0.15312412893399596
0.15242464374750853
0.15481134178116918
0.1523974142037332
0.1545104798860848
0.15404728101566434
0.15378969302400947
0.15222318284213543
0.1513343290425837
0.15005390718579292
0.15581399016082287
0.1500061941333115
0.14936619624495506
0.14910870790481567
0.15593343693763018
0.14878895599395037
0.15001942915841937
0.14931165613234043
0.15673726703971624
0.1490469193086028
0.1521852440200746
0.1565199471078813
0.15261568501591682
0.14965256117284298
0.1515166680328548
0.15091242780908942
0.1511186040006578
0.1528788711875677
0.15482286689803004
0.15352912433445454
0.1525589362718165
0.15250315703451633
0.15364936599507928
0.15366751421242952
0.15291006863117218
0.15275400504469872
0.15359915886074305
0.1546611227095127
0.152992176823318
0.15257933409884572
0.15451756305992603
0.15358672617003322
0.15321717131882906
0.15346026280894876
0.1542360638268292
0.15363756474107504
0.15340459300205112
0.1526572280563414
0.1536911129951477
0.15408864989876747
0.153327367734164
0.1519742109812796
0.15377519698813558
0.15331486985087395
0.15253488393500447
0.14960552100092173
0.14914804231375456
0.15499893995001912
0.15216724388301373
0.1531599061563611
0.15172146074473858
0.15523784887045622
0.15024151699617505
0.1512122070416808
0.15115115279331803
0.15614526299759746
0.14894539397209883
0.1491864020936191
0.14901426900178194
0.15566575713455677
0.14838831033557653
0.14916334999725223
0.1476664487272501
0.1480419561266899
0.15193011332303286
0.1533992439508438
0.15535078896209598
0.15350274089723825
0.15245931036770344
0.1544348867610097
0.153844706248492
0.15340133290737867
0.15260108932852745
0.1541227763518691
0.15247737197205424
0.15258626220747828
0.1526336488313973
0.15285059809684753
0.1554431850090623
0.15339112281799316
0.1529542407952249
0.15394700830802321
0.1549866385757923
0.1526318909600377
0.15351556986570358
0.15503890393301845
0.15405343798920512
0.15276474598795176
0.15259520895779133
0.15239196876063943
0.15519107785075903
0.15346991596743464
0.1524703186005354
0.15346457995474339
0.15379208093509078
0.15278485976159573
0.1532474090345204
0.15426360489800572
0.15295307990163565
0.15266601787880063
0.1512164492160082
0.15016184514388442
0.1551072089932859
0.1528224851936102
0.15363438474014401
0.1522906171157956
0.1537209670059383
0.15125995129346848
0.15205425303429365
0.15093916468322277
0.15394351398572326
0.14898668183013797
0.15343192499130964
0.15470438776537776
0.15372993517667055
0.14954809797927737
0.14878679998219013
0.14848294388502836
0.15665710857138038
0.14842073386535048
0.14998985920101404
0.1492054215632379
0.1515030120499432
0.15324126416817307
0.15520279202610254
0.15365144470706582
0.15372765203937888
0.1516578011214733
0.15334861679002643
0.15308702317997813
0.15458265412598848
0.1506967581808567
0.1530666402541101
0.1538194320164621
0.1527493796311319
0.15295011829584837
0.15395577903836966
0.15270425286144018
0.15266689285635948
0.15323749277740717
0.1531180189922452
0.15487668989226222
0.15282616717740893
0.15258948085829616
0.1538033881224692
0.15352587308734655
0.15345025109127164
0.1527618682011962
0.15385690005496144
0.15284974221140146
0.15161482337862253
0.1513685081154108
0.14949024096131325
0.1526550971902907
0.1509050657041371
0.15109599893912673
0.14955419767647982
0.15669562108814716
0.14847158221527934
0.14848425379022956
0.14902733685448766
0.15394468884915113
0.1495120609179139
0.1539380489848554
0.15707741677761078
0.15257059037685394
0.14925201702862978
0.15176144381985068
0.15138061298057437
0.14976602466776967
0.15259027620777488
0.15493588289245963
0.15305740479379892
0.15393520705401897
0.1525233257561922
0.15349783096462488
0.15445409901440144
0.1527565410360694
0.1522257663309574
0.15413841605186462
0.15292000910267234
0.15363208297640085
0.1522299819625914
0.15418511722236872
0.15299935499206185
0.15205046301707625
0.1511767292395234
0.15001988597214222
0.15314583387225866
0.15307756699621677
0.15260854922235012
0.15009651519358158
0.1538719618692994
0.15146256377920508
0.15154643589630723
0.15125207882374525
0.1553651443682611
0.15071526588872075
0.1508345166221261
0.15032897982746363
0.1566492971032858
0.14792663790285587
0.15008648810908198
0.1489942311309278
0.14888565801084042
0.1525498847477138
0.15484701516106725
0.15355157293379307
0.15277329087257385
0.1517990413121879
0.15325891319662333
0.15204104920849204
0.15268527809530497
0.15210334304720163
0.15457352669909596
0.15370676387101412
0.15416128374636173
0.15128715988248587
0.15389152709394693
0.1537784687243402
0.15351138217374682
0.15157914999872446
0.15410456713289022
0.15427210368216038
0.15266752569004893
0.1517587029375136
0.15170856285840273
0.1545577528886497
0.1526310807093978
0.15336999902501702
0.15316836396232247
0.15548003604635596
0.1518783657811582
0.15371677093207836
0.15448964713141322
0.1536256866529584
0.1530467509292066
0.15072298794984818
0.14989802474156022
0.156277512665838
0.15204625017940998
0.15249237511307
0.15032905293628573
0.15479780081659555
0.15136017417535186
0.15185384172946215
0.1499375719577074
0.15358458505943418
0.15005914820358157
0.1495057982392609
0.1487942491658032
0.15694955503568053
0.14825375098735094
0.15103076305240393
0.14986451203003526
0.14832345210015774
0.15354872914031148
0.15516840107738972
0.15311193373054266
0.15383923612535
0.15121387783437967
0.15326662687584758
0.15182596119120717
0.15384258888661861
0.15263613499701023
0.15303712105378509
0.15487618977203965
0.15312816109508276
0.15249818190932274
0.15514465002343059
0.15384240401908755
0.15315473591908813
0.152076066005975
0.15486869029700756
0.15403473377227783
0.15351473586633801
0.1516538872383535
0.1525990911759436
0.15529547864571214
0.15305146109312773
0.15201983274891973
0.15416987473145127
0.15464009158313274
0.15453663282096386
0.15306373918429017
0.1565939993597567
0.15431032003834844
0.15428771171718836
0.15423174994066358
0.15388596476987004
0.1551012541167438
0.15486965095624328
0.14998205285519361
0.15170248923823237
0.1517639528028667
0.15234474604949355
0.15422115102410316
0.1562572461552918
0.15266008209437132
0.15322662889957428
0.15245613688603044
0.15324948728084564
0.1552345040254295
0.1535772462375462
0.1515351701527834
0.1536540910601616
0.1539408382959664
0.15395240811631083
0.1517943199723959
0.15451556211337447
0.15335564920678735
0.15223305579274893
0.15078377583995461
0.15161881502717733
0.1541862180456519
0.15268988441675901
0.15224507078528404
0.151332036126405
0.1539546032436192
0.1525053600780666
0.1542035648599267
0.15332260308787227
0.15360210370272398
0.1527634491212666
0.15368106309324503
0.1546309432014823
0.15351785998791456
0.15256284177303314
0.15174416871741414
0.15020404802635312
0.15691900672391057
0.150889802724123
0.15173180308192968
0.15109797613695264
0.15562424715608358
0.14875023998320103
0.1485266536474228
0.1482804138213396
0.1533861318603158
0.14973866986110806
0.14868642389774323
0.14926262199878693
0.15053955698385835
0.15295681590214372
0.1544127375818789
0.1544151259586215
0.15326041588559747
0.1516872849315405
0.15376181108877063
0.15347162121906877
0.15318552404642105
0.15269402507692575
0.15398186771199107
0.1542852339334786
0.15310846688225865
0.15263948496431112
0.1537381410598755
0.1546081369742751
0.15241111302748322
0.15226318407803774
0.15404729964211583
0.15356905525550246
0.1528176167048514
0.15041087614372373
0.14927059598267078
0.15573196206241846
0.15256509836763144
0.15325628779828548
0.14994569681584835
0.1529159601777792
0.1506762858480215
0.15081451693549752
0.14960701810196042
0.15657025994732976
0.14926810236647725
0.14931626012548804
0.14943227916955948
0.15610096091404557
0.148031547665596
0.14966298127546906
0.15007209219038486
0.14974616887047887
0.1528776497580111
0.15528767695650458
0.15409266017377377
0.15237270295619965
0.15200959285721183
0.15437186090275645
0.1533438372425735
0.1539446311071515
0.1523004719056189
0.15328095899894834
0.15512596908956766
0.15315534407272935
0.1516386461444199
0.1542471661232412
0.15381869208067656
0.15349626820534468
0.15115521429106593
0.15426364913582802
0.15416268026456237
0.15267792902886868
0.15274275932461023
0.1526894038543105
0.15471819369122386
0.15323113091289997
0.15382231632247567
0.1532296552322805
0.1537162265740335
0.15313246473670006
0.1522490717470646
0.15438607009127736
0.15387441031634808
0.15271087223663926
0.1520885876379907
0.15149886393919587
0.15474860602989793
0.15283373417332768
0.15353955188766122
0.15329250693321228
0.15415078587830067
0.15251944912597537
0.15323668392375112
0.15437641507014632
0.15291141578927636
0.15327061992138624
0.15203827107325196
0.1509370286948979
0.15557039203122258
0.15154091594740748
0.1523738489486277
0.14960998017340899
0.153471274767071
0.1503196870908141
0.14986990997567773
0.14978050207719207
0.1566520701162517
0.14845868479460478
0.15293961018323898
0.15455538081005216
0.15317434770986438
0.1487481389194727
0.15106548555195332
0.15034496784210205
0.1510439128614962
0.15090592997148633
0.15449331467971206
0.15365748619660735
0.15427797799929976
0.15108968503773212
0.1527260490693152
0.15200455021113157
0.1533706597983837
0.15141369309276342
0.15317920502275229
0.15376065066084266
0.152725201100111
0.15242974879220128
0.1544158780016005
0.15377886360511184
0.15275502623990178
0.1540722637437284
0.15550822392106056
0.15264917584136128
0.152467570733279
0.15345413191244006
0.15331423096358776
0.1550721051171422
0.15297727100551128
0.15263842698186636
0.15452630771324039
0.15385070024058223
0.15297280112281442
0.15125533798709512
0.149436648003757
0.1542335287667811
0.15240303659811616
0.1519830389879644
0.14966551959514618
0.1554369288496673
0.1507273749448359
0.1513182152993977
0.15025790594518185
0.15687568578869104
0.14943016972392797
0.15135845122858882
0.15048543689772487
0.15649893088266253
0.1480277250520885
0.14808635599911213
0.14744211174547672
0.14812282659113407
0.15418149204924703
0.15522667532786727
0.1536013879813254
0.15279169287532568
0.15112558705732226
0.15342808095738292
0.152867014054209
0.1517210779711604
0.1531468448229134
0.15443246439099312
0.15323736611753702
0.1528071817010641
0.15286584291607141
0.153546875808388
0.15497242799028754
0.15300616901367903
0.15290827583521605
0.15442626783624291
0.1536603062413633
0.15274622291326523
0.15283523267135024
0.15484292898327112
0.153667775914073
0.1524083619005978
0.15265942132100463
0.15372782992199063
0.154685212764889
0.15314933704212308
0.1522050960920751
0.15320003032684326
0.15329526318237185
0.1530208489857614
0.14988675713539124
0.14970093686133623
0.15643613878637552
0.1535227638669312
0.15298512997105718
0.15159403905272484
0.154446043074131
0.1522385529242456
0.15145125705748796
0.1510280412621796
0.1545434962026775
0.15009927516803145
0.1511324131861329
0.14926908211782575
0.15634222188964486
0.14862836012616754
0.15095963375642896
0.14961864706128836
0.15481870574876666
0.14838024321943521
0.1492738351225853
0.14744960190728307
0.1477866219356656
0.15490792505443096
0.15516013558954
0.15346233826130629
0.1524185398593545
0.1506162858568132
0.14994966238737106
0.15534232277423143
0.15347392670810223
0.15343279298394918
0.1520682629197836
0.15396641194820404
0.1527643958106637
0.15350834373384714
0.15265364898368716
0.15378460986539721
0.1516001271083951
0.15378702292218804
0.15404718508943915
0.15368686988949776
0.15275951707735658
0.15293603297322989
0.15038512693718076
0.15587808284908533
0.15071707498282194
0.15170169528573751
0.1516501191072166
0.15650877496227622
0.15001495508477092
0.15055045811459422
0.15142089687287807
0.1567195886746049
0.14791012601926923
0.14882193319499493
0.1476095370016992
0.14794046198949218
0.1540611870586872
0.15606824774295092
0.1548879100009799
0.15295045915991068
0.15063173091039062
0.15244937501847744
0.15166174992918968
0.1532046520151198
0.1524698412977159
0.15449557080864906
0.1549864918924868
0.15343847405165434
0.15195972518995404
0.15323378192260861
0.1539013898000121
0.15472017833963037
0.15317753981798887
0.15537382429465652
0.15470055723562837
0.15440238825976849
0.15184450428932905
0.1533297710120678
0.15422971406951547
0.15431426418945193
0.15100420592352748
0.1532062361948192
0.15364422090351582
0.15331875020638108
0.1521084839478135
0.1543085933662951
0.15326281916350126
0.15210684202611446
0.15292996913194656
0.15439302381128073
0.15308360802009702
0.15285698510706425
0.15189596777781844
0.15278027020394802
0.1544934008270502
0.1529638567008078
0.15231935121119022
0.15477966703474522
0.1539055942557752
0.15286633605137467
0.15267415577545762
0.1552625261247158
0.153820572886616
0.15308948187157512
0.15264512412250042
0.15388539526611567
0.1546967918984592
0.15319075575098395
0.1526780417189002
0.1541837491095066
0.15376411005854607
0.1527350377291441
0.15076018497347832
0.1498444196768105
0.15520071890205145
0.1521691526286304
0.15256334654986858
0.15186620969325304
0.1546871499158442
0.1512402598746121
0.1500909780152142
0.1504926849156618
0.15658273082226515
0.14935625111684203
0.15069425012916327
0.15085005899891257
0.15669613843783736
0.14775260910391808
0.14949262142181396
0.1483078571036458
0.1478828531689942
0.1527050333097577
0.15497438004240394
0.15321037732064724
0.15229251701384783
0.15066491067409515
0.15344824083149433
0.15357766672968864
0.15301262820139527
0.15183215495198965
0.1527524022385478
0.15229040570557117
0.15270054526627064
0.1514491830021143
0.15119511913508177
0.15500506572425365
0.15194532508030534
0.15254195174202323
0.15127019677311182
0.15571535006165504
0.1532252049073577
0.15466633718460798
0.15492405463010073
0.15443150885403156
0.1536512142047286
0.1505812439136207
0.1502357586286962
0.15829856973141432
0.1525331251323223
0.1537735410965979
0.15297201089560986
0.15531439613550901
0.1540275481529534
0.15418150089681149
0.1541086151264608
0.15377090265974402
0.15276555996388197
0.14984860410913825
0.14897527126595378
0.1558231762610376
0.15263366280123591
0.15392229380086064
0.15300222905352712
0.1557193319313228
0.15123632084578276
0.15220662113279104
0.1496809027157724
0.1524237049743533
0.1509733609855175
0.1502794036641717
0.14932990074157715
0.15728164091706276
0.14869504561647773
0.14885010197758675
0.1472515487112105
0.1474386490881443
0.15457196393981576
0.15519934613257647
0.15384473372250795
0.15356141002848744
0.1519633149728179
0.15540422964841127
0.15387359634041786
0.15434535732492805
0.15175531199201941
0.15313640795648098
0.15395608684048057
0.15433465084061027
0.1521357949823141
0.1543038389645517
0.15321071492508054
0.15263533126562834
0.15193563094362617
0.15532411495223641
0.15483225602656603
0.15410189796239138
0.15200868900865316
0.1531222639605403
0.15456775901839137
0.15382577199488878
0.1518133683130145
0.15424021426588297
0.15422919346019626
0.1533071747981012
0.15182387176901102
0.1545955096371472
0.1535484823398292
0.15355984587222338
0.15349189192056656
0.1530448063276708
0.15574835520237684
0.15311341593042016
0.1517110145650804
0.15391813591122627
0.15350446570664644
0.15367074264213443
0.15197861706838012
0.15503923874348402
0.15394884115085006
0.1530930851586163
0.15292738005518913
0.15344417421147227
0.15478612668812275
0.15363054675981402
0.15178984310477972
0.15404101740568876
0.15420409990474582
0.15322928270325065
0.15209521120414138
0.15499624982476234
0.1531445560976863
0.15289482194930315
0.15278361411765218
0.15267255203798413
0.15518619306385517
0.15332305431365967
0.1525629973039031
0.15395694272592664
0.15361870964989066
0.15312335966154933
0.15313739236444235
0.1545839416794479
0.15385613404214382
0.1524911648593843
0.15255619399249554
0.1517908899113536
0.15432868292555213
0.15315480483695865
0.1533083040267229
0.15309584187343717
0.15402678214013577
0.15304790902882814
0.15410086465999484
0.15437633404508233
0.15229347068816423
0.1530931512825191
0.1503862808458507
0.1503489133901894
0.15586910489946604
0.15207924786955118
0.15066182985901833
0.15002183988690376
0.15591777581721544
0.1499918601475656
0.15098800603300333
0.14984332490712404
0.15625036507844925
0.1480181128717959
0.15180061804130673
0.15456331707537174
0.15343737369403243
0.14876272389665246
0.15001153107732534
0.14821379026398063
0.14805037109181285
0.15449267998337746
0.15557490522041917
0.1538666016422212
0.15278305811807513
0.15239285305142403
0.15404951013624668
0.15352258970960975
0.15332816075533628
0.15254466887563467
0.15429984591901302
0.15468932734802365
0.15384129621088505
0.15108412597328424
0.15385164879262447
0.15402279095724225
0.15287516824901104
0.15202721394598484
0.15360828395932913
0.15384646598249674
0.15301227802410722
0.15356858307495713
0.1536248796619475
0.15448967413976789
0.1542650731280446
0.15208491031080484
0.15406018495559692
0.15433212276548147
0.15297627309337258
0.1536174458451569
0.15533361537382007
0.15477446094155312
0.15310307126492262
0.15189052186906338
0.15394027903676033
0.15413240296766162
0.15379910496994853
0.15165609121322632
0.15497426502406597
0.1535345707088709
0.15295171784237027
0.15316170267760754
0.15315019199624658
0.15562631003558636
0.15422391518950462
0.15252274181693792
0.15413159411400557
0.15412313817068934
0.1545912129804492
0.15173482103273273
0.1543751428835094
0.15411245729774237
0.15298261679708958
0.15377710480242968
0.15340498508885503
0.1562315528281033
0.15384715469554067
0.15196591475978494
0.15361287398263812
0.15433330228552222
0.15430730488151312
0.15102856885641813
0.1539239571429789
0.15402068523690104
0.153296974953264
0.15211268095299602
0.15309578413143754
0.15277930768206716
0.15380569407716393
0.15299592772498727
0.1542993811890483
0.1542985769920051
0.15333218593150377
0.15267321886494756
0.15475530084222555
0.1542198807001114
0.1525421622209251
0.15194759890437126
0.1529036001302302
0.15319548174738884
0.15346643468365073
0.1528602810576558
0.15312890196219087
0.15561986109241843
0.1536140562966466
0.1523361038416624
0.1540987710468471
0.1539689488708973
0.153134954161942
0.1531436638906598
0.15446383226662874
0.15396382566541433
0.15335681661963463
0.15354668674990535
0.15396972326561809
0.1547555923461914
0.1536806528456509
0.15291597787290812
0.15487848967313766
0.15387774212285876
0.15245407726615667
0.1538383741863072
0.15409955009818077
0.1536092422902584
0.15262971306219697
0.1530022039078176
0.15402881195768714
0.15411961963400245
0.1543297190219164
0.1514995787292719
0.15400441968813539
0.15373272402212024
0.15276399394497275
0.1515988539904356
0.15100832609459758
0.15390136884525418
0.15341997984796762
0.15379948308691382
0.15328989317640662
0.15558067802339792
0.15319759398698807
0.15366012789309025
0.15571816498413682
0.15493744099512696
0.15312202693894506
0.1529307677410543
0.15169068425893784
0.15528160613030195
0.15391732892021537
0.15354292513802648
0.1535536772571504
0.1541222003288567
0.15371646732091904
0.1529277116060257
0.15510999504476786
0.1552074239589274
0.15296106273308396
0.15398526471108198
0.15319968108087778
0.15596960997208953
0.15381259191781282
0.1515504801645875
0.15341099491342902
0.1532229082658887
0.15396539960056543
0.1524263429455459
0.15417493507266045
0.15369094209745526
0.1535773640498519
0.15266548981890082
0.1554565718397498
0.15480856830254197
0.15366692328825593
0.15293380105867982
0.15411939704790711
0.15422851406037807
0.15418946370482445
0.15163047518581152
0.15412989212200046
0.1537305018864572
0.15333335613831878
0.15311578521504998
0.1547471322119236
0.152944668661803
0.15348279196769
0.15285893762484193
0.1528677260503173
0.1548994150944054
0.15419934503734112
0.15241919830441475
0.15436464780941606
0.1539097698405385
0.15297304606065154
0.15204884577542543
0.1546594612300396
0.15387475676834583
0.15423983987420797
0.15278843510895967
0.1529733408242464
0.155201714951545
0.15411509107798338
0.1517503960058093
0.15345807233825326
0.15456881979480386
0.1543052438646555
0.15173373091965914
0.15477847401052713
0.15397757198661566
0.1533429347909987
0.15330161293968558
0.15325709898024797
0.15576410805806518
0.15293915010988712
0.15243199979886413
0.15417018067091703
0.15432447474449873
0.15295684291049838
0.15203425427898765
0.15417770482599735
0.15260373195633292
0.15245767310261726
0.15227661933749914
0.1510499301366508
0.15398426074534655
0.15334156109020114
0.15332696679979563
0.15327066415920854
0.1556394388899207
0.15385579084977508
0.1520038810558617
0.1543788961134851
0.15416783280670643
0.15356401493772864
0.15370579808950424
0.1543692909181118
0.1533706639893353
0.15332677215337753
0.15308599779382348
0.15356198186054826
0.1553681050427258
0.15374923218041658
0.15199064975604415
0.15335912397131324
0.1538677611388266
0.15361366607248783
0.15310100698843598
0.1539444630034268
0.15338673861697316
0.15333562204614282
0.15275012468919158
0.153453528881073
0.15490557486191392
0.15329005708917975
0.15289624081924558
0.15511804819107056
0.15443984605371952
0.15345805743709207
0.15311155235394835
0.15495022386312485
0.15346875321120024
0.15296587394550443
0.15197796281427145
0.15283820405602455
0.1557207489386201
0.15295246988534927
0.15233896719291806
0.1542824669741094
0.15413560066372156
0.15366994217038155
0.15265038423240185
0.15479550696909428
0.15359824383631349
0.15315884491428733
0.1529506561346352
0.1535111041739583
0.15501081896945834
0.15572370402514935
0.15272795036435127
0.1555690784007311
0.15574919385835528
0.1553390296176076
0.15143419988453388
0.15414555091410875
0.15262801107019186
0.15494156070053577
0.15240128291770816
0.15425620321184397
0.15542916674166918
0.15547293657436967
0.15167829301208258
0.15511161601170897
0.15223324531689286
0.15159420063719153
0.15233231522142887
0.15460129780694842
0.15386456297710538
0.15330080408602953
0.1521639102138579
0.15424358565360308
0.15420260885730386
0.15440839203074574
0.15083417808637023
0.15284423204138875
0.15408495208248496
0.15368119813501835
0.1520308037288487
0.15442857705056667
0.15407165605574846
0.15397882834076881
0.15264110499992967
0.15291893808171153
0.1554899881593883
0.15296897571533918
0.15221550920978189
0.15424171183258295
0.15409895172342658
0.15332004008814692
0.1514618182554841
0.15433583734557033
0.1530472580343485
0.15356776164844632
0.15307256113737822
0.15313526522368193
0.15542756905779243
0.15336031699553132
0.15212337812408805
0.153511764947325
0.15358454687520862
0.15399730298668146
0.15244293678551912
0.15500534186139703
0.1543339560739696
0.15298796305432916
0.15254470705986023
0.15244126738980412
0.1553751602768898
0.15360977919772267
0.15213837195187807
0.15370991500094533
0.15349646704271436
0.15311580477282405
0.1530575123615563
0.1560312076471746
0.1543466318398714
0.1532645169645548
0.15335665829479694
0.1533552212640643
0.15501002501696348
0.15217874199151993
0.1527991183102131
0.1547968192026019
0.15394693287089467
0.15419403091073036
0.15233188774436712
0.15279544610530138
0.1525231678970158
0.1524695768021047
0.1531757591292262
0.1532867457717657
0.15555003890767694
0.15285096317529678
0.15253193816170096
0.15476648090407252
0.15431568678468466
0.15284309815615416
0.15250519895926118
0.15425423393025994
0.1524662938900292
0.15153698483482003
0.15060378797352314
0.15029571997001767
0.1536397160962224
0.15196148585528135
0.15147134894505143
0.1495818141847849
0.1555076101794839
0.1497053699567914
0.14902850380167365
0.14874473214149475
0.15596925793215632
0.1494329860433936
0.1507395668886602
0.1506074219942093
0.1489341980777681
0.15267493296414614
0.1550739840604365
0.15445018792524934
0.1526378388516605
0.15052837505936623
0.15378190390765667
0.15275431517511606
0.1543906140141189
0.1525729512795806
0.15338086895644665
0.15251472825184464
0.15379629796370864
0.15207086503505707
0.1537690800614655
0.15401670197024941
0.15406574308872223
0.15220656478777528
0.15461019799113274
0.15403247997164726
0.15319133084267378
0.15288531268015504
0.15536101395264268
0.15422895969823003
0.15281200036406517
0.15173456631600857
0.15405689179897308
0.15343437297269702
0.15434358781203628
0.15196984773501754
0.1547123258933425
0.1535312943160534
0.15341156162321568
0.15329119376838207
0.15294928289949894
0.1559853358194232
0.15379290794953704
0.15206166403368115
0.1537152980454266
0.15417518885806203
0.15447405306622386
0.15250162407755852
0.155187395401299
0.15329309087246656
0.15354285389184952
0.15322291990742087
0.15331110917031765
0.1553049897775054
0.15384154114872217
0.15167242474853992
0.15361624723300338
0.15432936884462833
0.15425197826698422
0.15252286661416292
0.15501117706298828
0.15422639390453696
0.15438240906223655
0.15172133408486843
0.1527440631762147
0.15284355776384473
0.1541384938172996
0.15156518761068583
0.15424568485468626
0.15427333489060402
0.15396988531574607
0.15168488305062056
0.1545124938711524
0.1542922710068524
0.15290456218644977
0.15210695890709758
0.15271707996726036
0.15421010181307793
0.15418600710108876
0.15322281187400222
0.15433809999376535
0.1544824680313468
0.15329874493181705
0.1522804801352322
0.1545961033552885
0.15386300394311547
0.15269328700378537
0.15239083301275969
0.1549634770490229
0.15350767131894827
0.15314015373587608
0.15302592003718019
0.1541032358072698
0.15382367372512817
0.1539403167553246
0.1524942209944129
0.15435874508693814
0.15400119358673692
0.15304340608417988
0.15292693208903074
0.1521873320452869
0.1551992129534483
0.15288545284420252
0.15280756587162614
0.15291187493130565
0.1549619371071458
0.15366222616285086
0.15167070599272847
0.1541028288193047
0.15356013411656022
0.15321136824786663
0.15274011809378862
0.15516637219116092
0.15291055478155613
0.15284990100190043
0.15253340313211083
0.15311787091195583
0.155273349955678
0.15270795626565814
0.15386747382581234
0.15518003702163696
0.15437196381390095
0.15270972391590476
0.15125766396522522
0.15057129273191094
0.15442835725843906
0.15315685933455825
0.1537223570048809
0.15243249805644155
0.15498956758528948
0.15268221125006676
0.15375601686537266
0.15373315010219812
0.15311700804159045
0.15301945805549622
0.14931354764848948
0.14833915419876575
0.15425461623817682
0.15147883724421263
0.15321526303887367
0.15277779335156083
0.15454312600195408
0.15000567631796002
0.1494854362681508
0.14861911162734032
0.15647140285000205
0.14925722684711218
0.14895992912352085
0.1475204909220338
0.14821744337677956
0.1499850177206099
0.1508109369315207
0.15240556607022882
0.15353156486526132
0.15339048486202955
0.1530675170943141
0.15543097723275423
0.1537222946062684
0.15394674381241202
0.15502000879496336
0.1538332407362759
0.15403213119134307
0.153399673756212
0.1561921900138259
0.1534842192195356
0.1533333659172058
0.15298747923225164
0.15374768897891045
0.1547935837879777
0.15346549963578582
0.15219371300190687
0.15499385492876172
0.15463731670752168
0.15367401205003262
0.153363770339638
0.15331724286079407
0.1557268900796771
0.15371606778353453
0.1525345123372972
0.15439161285758018
0.1544247418642044
0.15326551906764507
0.15171205112710595
0.15463343262672424
0.15392779000103474
0.15300737507641315
0.15172021510079503
0.15307575231418014
0.15327818505465984
0.1535744359716773
0.1534326528199017
0.15397810377180576
0.15464366134256124
0.1534628188237548
0.15257598692551255
0.15452962927520275
0.15396211808547378
0.15246124705299735
0.1535112652927637
0.15478310594335198
0.15466045681387186
0.1533095221966505
0.15194697119295597
0.15361797390505672
0.15331772295758128
0.15422432217746973
0.15269151190295815
0.15461051417514682
0.15303885098546743
0.15292479563504457
0.15263308305293322
0.15268554305657744
0.1561024417169392
0.1540163140743971
0.15269430726766586
0.15408916119486094
0.15331845404580235
0.15455986000597477
0.1525071319192648
0.15447517298161983
0.1536971959285438
0.1524342750199139
0.1522790607996285
0.15208197524771094
0.1551764439791441
0.1539233149960637
0.15341507270932198
0.15275158919394016
0.1548599051311612
0.15364406909793615
0.15187011985108256
0.1537212789990008
0.1537252156995237
0.15289347618818283
0.15294897183775902
0.15554721420630813
0.15299336379393935
0.15245454711839557
0.15275695687159896
0.15304612461477518
0.15531284408643842
0.15299593564122915
0.1528113540261984
0.15515444101765752
0.15407917508855462
0.1529097082093358
0.15246520191431046
0.154468665830791
0.15279172779992223
0.15192374773323536
0.15206421026960015
0.15170879801735282
0.15453798277303576
0.15244537964463234
0.1533397021703422
0.15292051201686263
0.15477407397702336
0.15226885490119457
0.15441661374643445
0.15504702180624008
0.15316821774467826
0.1521859378553927
0.1506692641414702
0.15015839971601963
0.15577801503241062
0.15086407400667667
0.15095734875649214
0.15021027205511928
0.15607914328575134
0.14888916118070483
0.1478324760682881
0.14667152892798185
0.14839198300614953
0.15220357198268175
0.15523972874507308
0.1547069987282157
0.15308718523010612
0.14983785804361105
0.15184353198856115
0.15231534373015165
0.15255989227443933
0.15250995522364974
0.156035496853292
0.15444174595177174
0.15392633015289903
0.15261227684095502
0.1526242708787322
0.1546111130155623
0.153792142868042
0.15119539108127356
0.15310083329677582
0.15466376300901175
0.15518987411633134
0.1524383188225329
0.15568921994417906
0.15396955609321594
0.15536769479513168
0.15241797687485814
0.15368727501481771
0.1551955440081656
0.15495542576536536
0.15186606673523784
0.15518679888918996
0.15555243380367756
0.15465449215844274
0.15163942845538259
0.15184473618865013
0.1505514681339264
0.15291716903448105
0.15255607292056084
0.15516467532142997
0.15329530090093613
0.1536720092408359
0.15221751341596246
0.1540365549735725
0.15395258320495486
0.15427032811567187
0.15158344199880958
0.15436680102720857
0.15342233702540398
0.15257196500897408
0.15239888010546565
0.15389582002535462
0.15396135300397873
0.15371117182075977
0.15223764395341277
0.1538056442514062
0.15488526271656156
0.15245188912376761
0.15203749295324087
0.15434033190831542
0.15367031516507268
0.1527793277055025
0.1532925171777606
0.154808740131557
0.15351120615378022
0.15310580702498555
0.1530290967784822
0.15316748712211847
0.15448054112493992
0.15320032322779298
0.15226829005405307
0.15383788803592324
0.15402848087251186
0.15318141877651215
0.15323652373626828
0.15576965501531959
0.15311573399230838
0.15287701413035393
0.15285689197480679
0.15320896077901125
0.155094507150352
0.153273181989789
0.15290433121845126
0.15546110179275274
0.154609187040478
0.152797088958323
0.15341367479413748
0.15495801996439695
0.15425538131967187
0.1527873808518052
0.15198402106761932
0.15368645684793591
0.15421927999705076
0.1534794643521309
0.15230104001238942
0.15426780423149467
0.1538815568201244
0.15287725115194917
0.15270921308547258
0.15489146998152137
0.15430803876370192
0.1531214416027069
0.15197930112481117
0.15419282298535109
0.15445123054087162
0.1520922346971929
0.1521627390757203
0.1539116557687521
0.1542947399429977
0.15318310679867864
0.15027154376730323
0.15005909511819482
0.1553405369631946
0.1535194357857108
0.1535432762466371
0.15022302186116576
0.15320961410179734
0.15175656415522099
0.1504728519357741
0.14965224778279662
0.15551800606772304
0.15070535195991397
0.1492832051590085
0.14928275160491467
0.15757219307124615
0.14858008828014135
0.14978946140035987
0.14916922897100449
0.1478878939524293
0.15436672512441874
0.156116824131459
0.1539071099832654
0.15271636098623276
0.1508428561501205
0.1529560168273747
0.1513819326646626
0.1494007520377636
0.15498715825378895
0.15689901635050774
0.1530221328139305
0.15381117770448327
0.15227737603709102
0.15455360431224108
0.1540663931518793
0.15436506504192948
0.151396700181067
0.15482878079637885
0.1541560608893633
0.15331045119091868
0.15261912811547518
0.15401127189397812
0.15455181896686554
0.15374199114739895
0.1520434319972992
0.1544715352356434
0.15488346107304096
0.15311096142977476
0.15144285466521978
0.15466422820463777
0.1536058927886188
0.15327329793944955
0.15272482531145215
0.15528577705845237
0.15430219611153007
0.153786008246243
0.15222960291430354
0.1540302848443389
0.15414265263825655
0.15338503010571003
0.15265824226662517
0.1542821591719985
0.15401141485199332
0.15425242902711034
0.15334468008950353
0.15409080497920513
0.15516436100006104
0.15223974315449595
0.15153697738423944
0.1539256819523871
0.1547059710137546
0.1535618337802589
0.15117031103000045
0.15386623423546553
0.15385073516517878
0.15366938384249806
0.15336468908935785
0.15350083354860544
0.15556209860369563
0.15357718523591757
0.15219745691865683
0.1544078583829105
0.15405758703127503
0.1543427100405097
0.15123774111270905
0.15382586466148496
0.15233589569106698
0.15194865223020315
0.15342189464718103
0.15517218923196197
0.15366281662136316
0.1528521440923214
0.15199889009818435
0.15397671004757285
0.15386987896636128
0.15432784892618656
0.15260102320462465
0.15475771110504866
0.15315634617581964
0.15125006902962923
0.15320717077702284
0.1550860684365034
0.15400071535259485
0.1539792139083147
0.15331485401839018
0.15444611990824342
0.15351151209324598
0.15410685306414962
0.15155370812863111
0.1543329618871212
0.15363482432439923
0.15243439795449376
0.15252859704196453
0.1520782639272511
0.15547206159681082
0.153801912907511
0.15369678614661098
0.15287651680409908
0.15469244122505188
0.15346083184704185
0.15243390016257763
0.15422116499394178
0.15413733711466193
0.1536606689915061
0.1530353077687323
0.1535053700208664
0.15363133186474442
0.15322965197265148
0.15326732769608498
0.1533680227585137
0.15521886432543397
0.15369917079806328
0.15270507102832198
0.1548104048706591
0.15437024412676692
0.1525664017535746
0.1519676810130477
0.1502486946992576
0.15246297884732485
0.1536112930625677
0.1531452159397304
0.15199758438393474
0.15505434945225716
0.1519909519702196
0.15381642524152994
0.15352242486551404
0.15463257022202015
0.15249827597290277
0.1542128026485443
0.1555646052584052
0.15317381685599685
0.1526616900227964
0.15120062697678804
0.14970673900097609
0.15483204275369644
0.15175765613093972
0.1518316282890737
0.15088288579136133
0.15444698790088296
0.15016473922878504
0.15039596613496542
0.14816762087866664
0.15181561093777418
0.14991660276427865
0.15380077715963125
0.15187291195616126
0.1515751089900732
0.15005474211648107
0.15333170630037785
0.15216144686564803
0.14995652996003628
0.15325999585911632
0.15560910291969776
0.15342717710882425
0.155926582403481
0.15102654416114092
0.15247160103172064
0.15287025272846222
0.1535092038102448
0.15203133737668395
0.15429661981761456
0.1542057222686708
0.15420345310121775
0.1516427299939096
0.15474131284281611
0.1544719561934471
0.15399856539443135
0.1526020048186183
0.1536164516583085
0.15496278880164027
0.15416131727397442
0.15165186719968915
0.15381811885163188
0.15414912812411785
0.15367830311879516
0.15227535692974925
0.15511699300259352
0.15358820417895913
0.15425478387624025
0.15275550307705998
0.15340510802343488
0.15468885889276862
0.1539386911317706
0.15137032186612487
0.15420205984264612
0.154089093208313
0.15383081464096904
0.15194035088643432
0.1543102371506393
0.15269279712811112
0.1510538929142058
0.1541614099405706
0.15632269298657775
0.15286966180428863
0.15404194314032793
0.1521708033978939
0.15406746324151754
0.1536639640107751
0.15453727403655648
0.15193404909223318
0.15484978398308158
0.15444546239450574
0.15305720176547766
0.1520611410960555
0.15380493365228176
0.153293845243752
0.15426860563457012
0.1529753697104752
0.1539999470114708
0.15403647301718593
0.15433527994900942
0.1515411059372127
0.15410398691892624
0.15378978801891208
0.1529928268864751
0.1532486528158188
0.15535775991156697
0.1538990829139948
0.1536567802540958
0.1521612936630845
0.15401145489886403
0.15368546126410365
0.15330337407067418
0.15240371087566018
0.15515168895944953
0.1537936977110803
0.15316143399104476
0.15295916981995106
0.15509275207296014
0.15305704390630126
0.1537092193029821
0.15136634884402156
0.15337622305378318
0.1540023754350841
0.1537109361961484
0.15228112787008286
0.15488391602411866
0.15437827771529555
0.15268363989889622
0.1527647590264678
0.15267624892294407
0.15576982032507658
0.15406385203823447
0.15239546773955226
0.15401403000578284
0.15406662225723267
0.1533842463977635
0.15236130403354764
0.15461644437164068
0.15431862184777856
0.15236064000055194
0.15275240503251553
0.15502986777573824
0.15362581377848983
0.1528409356251359
0.15315929800271988
0.1541053829714656
0.15468354104086757
0.1530287628993392
0.15283948322758079
0.15511084906756878
0.1537157860584557
0.15260525606572628
0.1535267890430987
0.15385803999379277
0.15319500397890806
0.1531653581187129
0.15219444083049893
0.15416476735845208
0.15423346776515245
0.15306429285556078
0.15223434520885348
0.15428322972729802
0.1542822211049497
0.1528959651477635
0.15085863089188933
0.14989937003701925
0.1537309312261641
0.15285421814769506
0.153022316750139
0.1507076183333993
0.15465508308261633
0.15289440797641873
0.15363662876188755
0.15280231507495046
0.15571558894589543
0.1531161959283054
0.15501245483756065
0.15527880284935236
0.1547932792454958
0.15369435399770737
0.15377543400973082
0.1508403685875237
0.15394725184887648
0.15394302690401673
0.1552037289366126
0.15451364498585463
0.15617166366428137
0.15401599602773786
0.153233015909791
0.15507390908896923
0.15503631718456745
0.15345205133780837
0.15326739894226193
0.15295852022245526
0.15526857180520892
0.153492275159806
0.15241075912490487
0.15377783589065075
0.15410297783091664
0.1536263758316636
0.1525407969020307
0.15457817120477557
0.15399049688130617
0.15311450185254216
0.15244620526209474
0.15398031612858176
0.15451085520908237
0.153271886985749
0.1524231401272118
0.1537925940938294
0.15417009871453047
0.15355915063992143
0.1524779051542282
0.15461986418813467
0.15432934695854783
0.15253528067842126
0.1512566222809255
0.15027697989717126
0.1534382221288979
0.15349499322474003
0.15281300386413932
0.15190675714984536
0.15473431581631303
0.1529732858762145
0.1539174267090857
0.15362455323338509
0.15413567330688238
0.15237498609349132
0.15392404282465577
0.15521328011527658
0.15295166987925768
0.15294218994677067
0.15096406638622284
0.14972870610654354
0.15395399602130055
0.15108596393838525
0.1505325511097908
0.15058399410918355
0.1568922488950193
0.15002267621457577
0.1500042760744691
0.1494596777483821
0.15065684309229255
0.15077107911929488
0.15425909915938973
0.15356510039418936
0.1534096859395504
0.14984391070902348
0.15028303815051913
0.14964675065129995
0.1495630438439548
0.15443978598341346
0.1564342211931944
0.154247609898448
0.15500143682584167
0.15162306418642402
0.1533037549816072
0.15380527172237635
0.15338289504870772
0.1523560113273561
0.1543683367781341
0.15373766236007214
0.1536217792890966
0.15184195898473263
0.15425631031394005
0.1529983109794557
0.15192738780751824
0.15362453367561102
0.15507076494395733
0.15370086394250393
0.15340937906876206
0.15178442979231477
0.15388202900066972
0.15464182710275054
0.1532749179750681
0.1529964841902256
0.15492708189412951
0.15379048697650433
0.1534706368111074
0.15334232384338975
0.153280820697546
0.15523735573515296
0.15380636183544993
0.1522171380929649
0.15402226289734244
0.15478084003552794
0.15334677323698997
0.15150213614106178
0.1547878859564662
0.1545100212097168
0.15344981336966157
0.1522017940878868
0.15344918426126242
0.15339275123551488
0.15362410387024283
0.15219485899433494
0.1537841339595616
0.15500100096687675
0.15254970686510205
0.15237285289913416
0.15460244892165065
0.15421817498281598
0.15278854593634605
0.15144323790445924
0.15191978076472878
0.1549597280099988
0.15284763695672154
0.15310156205669045
0.15353427920490503
0.15559548884630203
0.15295012202113867
0.15294235991314054
0.15505754807963967
0.15451262472197413
0.15310242539271712
0.1536669027991593
0.15395311312749982
0.15361099690198898
0.15251246793195605
0.15343889081850648
0.15399907110258937
0.1540659382008016
0.15383558114990592
0.15240994608029723
0.15458494797348976
0.15421072719618678
0.15220186999067664
0.15079363621771336
0.14955049194395542
0.15298192435875535
0.15367227094247937
0.1533202789723873
0.15240262215957046
0.15444986103102565
0.15174206718802452
0.15219526691362262
0.15239296900108457
0.15524425590410829
0.151018429081887
0.15251420019194484
0.15138145722448826
0.15618006838485599
0.15144326305016875
0.1530758310109377
0.1520751528441906
0.1556237442418933
0.1499184318818152
0.15170381404459476
0.1509701618924737
0.1573103368282318
0.14863447891548276
0.15036471793428063
0.15005422476679087
0.15624615317210555
0.14852432487532496
0.14958782400935888
0.1485810442827642
0.15071792202070355
0.15375131973996758
