0.2480221800506115
0.25159742776304483
0.2517828540876508
0.24817979102954268
0.2497215596958995
0.2576793050393462
0.2579449391923845
0.25762488320469856
0.2584135648794472
0.2539540007710457
0.25148742692545056
0.25550570199266076
0.25800009025260806
0.2537922328338027
0.2538611115887761
0.25825188867747784
0.2587143681012094
0.25519208796322346
0.2531768251210451
0.25602337904274464
0.2605404322966933
0.255944075062871
0.2535150763578713
0.25765960197895765
0.25805016281083226
0.2547052167356014
0.2541853589937091
0.2543970178812742
0.25799050321802497
0.25560733769088984
0.25475627509877086
0.2580147460103035
0.25689478078857064
0.25398363964632154
0.2513650502078235
0.2576016220264137
0.25914322724565864
0.25392240891233087
0.2525926730595529
0.25567506114020944
0.2600473570637405
0.25581132201477885
0.2528486577793956
0.2587902848608792
0.2578396270982921
0.25678465608507395
0.25682600075379014
0.2580909770913422
0.25847036205232143
0.2547073336318135
0.25598622113466263
0.25483257323503494
0.2598764761351049
0.2520276019349694
0.25062166294083
0.2562520862556994
0.25853351736441255
0.25645046727731824
0.25654864916577935
0.25727091589942575
0.25758817372843623
0.2540700798854232
0.2557083247229457
0.25664500379934907
0.256999874021858
0.25420329812914133
0.251818492077291
0.25369338411837816
0.2577504562214017
0.25682723708450794
0.2568243476562202
0.25916006369516253
0.25895564490929246
0.2532348111271858
0.25340367620810866
0.25812788028270006
0.25975628523156047
0.25290021300315857
0.2517256671562791
0.25360160414129496
0.2605196051299572
0.2555730268359184
0.2542340699583292
0.2591854752972722
0.2601005337201059
0.2522162483073771
0.2516973470337689
0.25073145516216755
0.25602176506072283
0.25374136306345463
0.2578250621445477
0.2579643540084362
0.2601718306541443
0.2554593398235738
0.2549898959696293
0.25893285125494003
0.25848755007609725
0.2533420529216528
0.2525885282084346
0.254159901291132
0.2593913869932294
0.2557310457341373
0.2549240868538618
0.25936294021084905
0.25844875583425164
0.25294222589582205
0.25093718571588397
0.25477136485278606
0.2559109330177307
0.25583232194185257
0.25769966980442405
0.2581147807650268
0.2581329750828445
0.255254945717752
0.25423050578683615
0.2588876630179584
0.25784879038110375
0.2545776213519275
0.2544838939793408
0.25254077184945345
0.2593018049374223
0.2564947227947414
0.25372851081192493
0.2582527999766171
0.2584859593771398
0.2544013592414558
0.2537333592772484
0.2581624202430248
0.2567731379531324
0.2581882029771805
0.25862486101686954
0.25764315482228994
0.2579805552959442
0.2550364527851343
0.25490494072437286
0.2568465513177216
0.259772215038538
0.25092121632769704
0.2487483681179583
0.24884676886722445
0.2591780540533364
0.25591763434931636
0.25715837720781565
0.2586164907552302
0.2575286109931767
0.2549083037301898
0.25298885023221374
0.25283165695145726
0.2569095231592655
0.2554894150234759
0.25699168583378196
0.2589246700517833
0.25748718716204166
0.2548425979912281
0.25377966836094856
0.25690917670726776
0.2582117458805442
0.2573281950317323
0.2566740592010319
0.25806854804977775
0.25903433933854103
0.2554217469878495
0.2550600627437234
0.25663778092712164
0.25751714780926704
0.2530766110867262
0.2525840508751571
0.25629980489611626
0.25914372503757477
0.252792761195451
0.25109852384775877
0.2545740371569991
0.2576017649844289
0.25708466209471226
0.2579040159471333
0.25869265012443066
0.2573978593572974
0.25285035697743297
0.25103946682065725
0.2550049009732902
0.25939392065629363
0.25707056978717446
0.2549012931995094
0.25747314002364874
0.25871865823864937
0.25443110801279545
0.2535396469756961
0.25884553976356983
0.25713190995156765
0.2546002701856196
0.2532704737968743
0.25479979207739234
0.2593351108953357
0.2556812702678144
0.2544839642941952
0.25757581600919366
0.258038979023695
0.25468609808012843
0.2535988260060549
0.25882201828062534
0.25774291809648275
0.25626241602003574
0.25605222675949335
0.25443832622841
0.259529965929687
0.2556583797559142
0.2545350920408964
0.25653293915092945
0.2603044454008341
0.2510810070671141
0.24964761501178145
0.25106496876105666
0.2573591652326286
0.25710869627073407
0.25629707612097263
0.25872713699936867
0.25737618887797
0.25498834205791354
0.253858947660774
0.25788784166797996
0.25931109115481377
0.25496890721842647
0.2536566541530192
0.25633106427267194
0.25834256364032626
0.2577594402246177
0.2562760259024799
0.25897630490362644
0.25768277887254953
0.25497368071228266
0.2546590161509812
0.25943829771131277
0.2584335566498339
0.2527580540627241
0.25011656899005175
0.2514364835806191
0.25970624992623925
0.2549960217438638
0.25364576326683164
0.25877530174329877
0.2593985986895859
0.2544121718965471
0.25378443393856287
0.25328686414286494
0.2565122516825795
0.2577515905722976
0.2596924197860062
0.2584155909717083
0.2604391369968653
0.2519601760432124
0.2521956479176879
0.25764553202316165
0.2583929658867419
0.2537552500143647
0.2522553587332368
0.253724932204932
0.25987222511321306
0.2546525099314749
0.25397500582039356
0.26001596823334694
0.2576194438152015
0.25492227310314775
0.2529267640784383
0.25305977277457714
0.2568049021065235
0.25621994584798813
0.2576146707870066
0.25872976006940007
0.2575887721031904
0.25295125506818295
0.25187696423381567
0.2567473300732672
0.2594783417880535
0.25368608022108674
0.25156061304733157
0.254529922734946
0.2581151579506695
0.2574839750304818
0.25584157602861524
0.2588825677521527
0.25773203559219837
0.2549486099742353
0.2525235479697585
0.251207837369293
0.2574355760589242
0.2565030646510422
0.2577031538821757
0.2581115080974996
0.2568398402072489
0.25542597100138664
0.2541199577972293
0.257891533896327
0.2590840682387352
0.253641770221293
0.25160728115588427
0.25378076871857047
0.25628100289031863
0.25532728992402554
0.2575467131100595
0.25807015877217054
0.25780325289815664
0.2556036589667201
0.254365811124444
0.25591175723820925
0.2585475128144026
0.25616248371079564
0.25546210119500756
0.2580783818848431
0.25747333420440555
0.2526523908600211
0.25053752679377794
0.2507761656306684
0.2558688633143902
0.2570862420834601
0.2557182959280908
0.25666922982782125
0.2595579978078604
0.25532991206273437
0.2601872058585286
0.2587566948495805
0.25747463712468743
0.2561962250620127
0.25467073963955045
0.25441477121785283
0.2601697128266096
0.2528431541286409
0.2515151291154325
0.2572415266185999
0.25781751796603203
0.2553413324058056
0.25459323544055223
0.25455416506156325
0.25716437585651875
0.2580986889079213
0.2574878977611661
0.2575505841523409
0.2576315891928971
0.25467129005119205
0.25309699680656195
0.25875199213624
0.2573302900418639
0.2542171832174063
0.25288768066093326
0.2533020190894604
0.2569288872182369
0.2558225332759321
0.256388982757926
0.25910302391275764
0.2576998039148748
0.2545002899132669
0.25334326596930623
0.25731700472533703
0.2595083140768111
0.2555567370727658
0.2557343770749867
0.25715968012809753
0.25653788913041353
0.25314489286392927
0.2516504479572177
0.2563914889469743
0.258446108084172
0.25550166377797723
0.2529876618646085
0.25541724311187863
0.2570738662034273
0.2576885321177542
0.2543645529076457
0.258299367967993
0.25601517828181386
0.2561671696603298
0.256472737994045
0.25757877714931965
0.25781690096482635
0.2549100248143077
0.2528453138656914
0.25469149090349674
0.2588829407468438
0.25480608781799674
0.25295221991837025
0.2589375739917159
0.2572925379499793
0.2567695342004299
0.25462927436456084
0.25764996325597167
0.2572553139179945
0.2565262708812952
0.2571226069703698
0.2563970913179219
0.26042458415031433
0.25286509143188596
0.25321451108902693
0.25733461510390043
0.2593414047732949
0.2524130498059094
0.25203431816771626
0.24963498581200838
0.25338135939091444
0.2510883822105825
0.2576336283236742
0.25711040664464235
0.2569036898203194
0.2558573712594807
0.25375687098130584
0.25681842723861337
0.2562470226548612
0.2558005917817354
0.2545540099963546
0.25595772825181484
0.25696715200319886
0.25681141717359424
0.2535473979078233
0.25592671195045114
0.25785141810774803
0.25781641714274883
0.25403828686103225
0.2558455839753151
0.2577069392427802
0.2555379020050168
0.2583579858765006
0.25673774536699057
0.2588504678569734
0.2571493564173579
0.2571906172670424
0.2575017586350441
0.2570251249708235
0.25634640315547585
0.2557161250151694
0.25802802527323365
0.25698173604905605
0.2523391512222588
0.25045250821858644
0.25095072900876403
0.2550987359136343
0.2568645835854113
0.254950359929353
0.2558708777651191
0.2580874660052359
0.2556823161430657
0.25727418810129166
0.25301324808970094
0.2560412590391934
0.25444529484957457
0.2545546619221568
0.2555568879470229
0.2562398542650044
0.25690595898777246
0.254732180852443
0.25177518371492624
0.2554777660407126
0.25811627600342035
0.2502150470390916
0.252166829071939
0.2586031900718808
0.2576608806848526
0.24975221697241068
0.2516585700213909
0.257344753947109
0.2565362472087145
0.2507724151946604
0.25100542418658733
0.25101226987317204
0.2535788379609585
0.26377648301422596
0.2590195331722498
0.259134569671005
0.25878100423142314
0.25138382287696004
0.25006914511322975
0.2500966442748904
0.25936179095879197
0.2532982830889523
0.2519677150994539
0.2571426588110626
0.25916013587266207
0.2544915368780494
0.25398862129077315
0.25574342301115394
0.2586646410636604
0.2570419320836663
0.25552446488291025
0.2579839648678899
0.25818297220394015
0.2538681863807142
0.25122656766325235
0.2495302981697023
0.2570072850212455
0.25645120767876506
0.2578404457308352
0.2595698279328644
0.2580420281738043
0.25451679434627295
0.2535882010124624
0.25822688499465585
0.2589702857658267
0.25394037598744035
0.2531337421387434
0.25569949531927705
0.25709553994238377
0.2563541401177645
0.25411792239174247
0.2600181479938328
0.2586329593323171
0.2532132510095835
0.25162714114412665
0.249333709012717
0.2520205588079989
0.24980081478133798
0.254421291872859
0.2541398610919714
0.2573535540141165
0.257593278773129
0.25117466505616903
0.2536671021953225
0.2592327734455466
0.2571586980484426
0.2522540269419551
0.2532155020162463
0.25807558186352253
0.25743203703314066
0.24972398299723864
0.2516278652474284
0.2551188413053751
0.2592193242162466
0.25344965793192387
0.2538399789482355
0.25863473396748304
0.25887589901685715
0.2506134007126093
0.24980573821812868
0.2477822951041162
0.2552341688424349
0.2569455858319998
0.2566736373119056
0.25940505508333445
0.2593578761443496
0.25406666938215494
0.2532208110205829
0.25108466064557433
0.25682676397264004
0.25586988870054483
0.2571831690147519
0.25915283989161253
0.2578396019525826
0.2533171260729432
0.2513044630177319
0.2566157919354737
0.2578790970146656
0.2563089360482991
0.2552141328342259
0.2562955282628536
0.2595051391981542
0.2548932619392872
0.2529170820489526
0.2576984097249806
0.25828390195965767
0.2543355808593333
0.2532329582609236
0.252797048073262
0.25681994017213583
0.25537080271169543
0.25749733531847596
0.2584530250169337
0.25732177682220936
0.25293803587555885
0.2561042099259794
0.2587359845638275
0.2567039988934994
0.2578211221843958
0.25549332005903125
0.25573095865547657
0.25777044612914324
0.2558321198448539
0.25578815303742886
0.2581407520920038
0.2578748329542577
0.2533153439871967
0.25136357033625245
0.2526814597658813
0.25708176102489233
0.2555160718038678
0.25723220501095057
0.2577410149388015
0.25868487590923905
0.251819274853915
0.2526280749589205
0.25621420284733176
0.2591327806003392
0.25604461086913943
0.2562376959249377
0.2562322779558599
0.25972762797027826
0.25486822007223964
0.25328884134069085
0.25843845307826996
0.2577516082674265
0.2540163709782064
0.25324778305366635
0.2548427851870656
0.25818570982664824
0.2573007382452488
0.25558628886938095
0.2571755200624466
0.2569175008684397
0.25357076013460755
0.25158939603716135
0.2555370107293129
0.25738039473071694
0.2573158019222319
0.2564761112444103
0.25691969180479646
0.2581943264231086
0.2557687000371516
0.25564749585464597
0.25870552379637957
0.25811615912243724
0.2517286199145019
0.24870500527322292
0.24651376204565167
0.25489532575011253
0.258224590215832
0.2554787830449641
0.2529674079269171
0.25426929583773017
0.25322599802166224
0.2518203076906502
0.2520271921530366
0.25552887935191393
0.25338690308853984
0.2516250000335276
0.253242164850235
0.2564866472966969
0.2533942428417504
0.2555085471831262
0.25492212316021323
0.2562154089100659
0.2593691432848573
0.25369048211723566
0.25303378514945507
0.25379981519654393
0.2545479969121516
0.25685499608516693
0.2577185300178826
0.2594439568929374
0.2599906139075756
0.25154068460687995
0.2520951400510967
0.25860433373600245
0.25816858327016234
0.2548586130142212
0.25247818417847157
0.2530348738655448
0.2595991720445454
0.25327543495222926
0.2518061697483063
0.2563771237619221
0.2581855640746653
0.25847266940400004
0.2586594680324197
0.2584055522456765
0.25973696913570166
0.2549683628603816
0.25345589220523834
0.2559871282428503
0.25769502064213157
0.25276778545230627
0.2525147316046059
0.25284168031066656
0.25564373889937997
0.25744648883119226
0.25807978212833405
0.26002667797729373
0.25953994365409017
0.25137684354558587
0.2503451411612332
0.2556402129121125
0.2571337027475238
0.2584639019332826
0.25851545901969075
0.25827774265781045
0.25973219284787774
0.2536227209493518
0.2530717379413545
0.25578804360702634
0.25906179193407297
0.2533214841969311
0.25048360880464315
0.24818049604073167
0.2561919097788632
0.2579608839005232
0.25942888390272856
0.2592380838468671
0.25856763403862715
0.25460309907794
0.25395695120096207
0.2536637648008764
0.257552953902632
0.2583938501775265
0.25816792203113437
0.2570730303414166
0.260840006172657
0.2535951188765466
0.2535527148284018
0.2565892799757421
0.26021018624305725
0.2516212188638747
0.2500993530265987
0.2500648321583867
0.258779130410403
0.2570259771309793
0.25744054187089205
0.2585408021695912
0.25756987603381276
0.2546067261137068
0.25393611332401633
0.2560441452078521
0.25983385695144534
0.2547323969192803
0.25311262207105756
0.25492639979347587
0.2596304649487138
0.2552688457071781
0.25442657992243767
0.25889616971835494
0.2586627178825438
0.25493494886904955
0.2541961441747844
0.2557660900056362
0.2561897695995867
0.2571588116697967
0.2573960521258414
0.2573535549454391
0.2598641808144748
0.253489731810987
0.2525466438382864
0.2544906288385391
0.25796903669834137
0.2559442571364343
0.25535346008837223
0.2536845481954515
0.25952951377257705
0.25595003087073565
0.253618857357651
0.2557963812723756
0.2601831639185548
0.25544264214113355
0.25438867695629597
0.2582120969891548
0.26055042119696736
0.25089410273358226
0.24931038822978735
0.25377206038683653
0.2607199428603053
0.25763939414173365
0.2549992171116173
0.25699412263929844
0.26011178316548467
0.25236150389537215
0.25006824266165495
0.254435065202415
0.2574491002596915
0.2572851711884141
0.2570233242586255
0.2587840659543872
0.2612470770254731
0.253219841979444
0.2540670786984265
0.25689720874652267
0.26023402996361256
0.25165015272796154
0.24992042034864426
0.24980222480371594
0.25858081690967083
0.2578021907247603
0.2570479433052242
0.2600104152224958
0.2581980642862618
0.25607869401574135
0.25617327727377415
0.2598890862427652
0.2579943831078708
0.25174914905801415
0.2497131102718413
0.24959366908296943
0.25812060525640845
0.2558845137245953
0.255501972977072
0.259616918861866
0.2588816452771425
0.25496712513267994
0.25375937297940254
0.2536256667226553
0.2569028399884701
0.25786638306453824
0.25992802577093244
0.2598938508890569
0.26078405790030956
0.25302759604528546
0.25487414095550776
0.25603874400258064
0.25968199921771884
0.2529861880466342
0.2521252050064504
0.25442538782954216
0.25597259821370244
0.2576760542578995
0.26023087836802006
0.25856521679088473
0.2608277350664139
0.25237783370539546
0.25544584123417735
0.2592573231086135
0.26009826781228185
0.250306798145175
0.25179426511749625
0.2528951158747077
0.2592470031231642
0.2534320061095059
0.2528840806335211
0.25709970109164715
0.2592000779695809
0.2529979650862515
0.2516998928040266
0.2540730182081461
0.26107838563621044
0.2541420520283282
0.25312499003484845
0.2573678642511368
0.26041982509195805
0.2541950368322432
0.2531289621256292
0.25309499679133296
0.2559303459711373
0.25830768374726176
0.26011713733896613
0.25791403418406844
0.2600299911573529
0.2530278069898486
0.25357703771442175
0.2561446591280401
0.26109288120642304
0.2506554666906595
0.24839407205581665
0.25053262896835804
0.2568889269605279
0.25940955989062786
0.25734858913347125
0.2596708773635328
0.2586726383306086
0.25376980286091566
0.2512807119637728
0.2511961138807237
0.2562349042855203
0.2527239490300417
0.2587779466994107
0.25862227007746696
0.25918672885745764
0.25603069411590695
0.25542748207226396
0.25841392390429974
0.25881545804440975
0.2543378039263189
0.2534311106428504
0.2552666999399662
0.2602530149742961
0.2576543786562979
0.2546715373173356
0.25682939775288105
0.258262297604233
0.2532868809066713
0.2506436021067202
0.2502261842601001
0.2555585401132703
0.2519201757386327
0.2585959089919925
0.2587591512128711
0.2579550133086741
0.25799734564498067
0.25702850287780166
0.2591666257940233
0.2579762260429561
0.25593849224969745
0.25526642380282283
0.2539839087985456
0.25922763580456376
0.25472772400826216
0.25282645085826516
0.2584055815823376
0.258270476013422
0.2534063677303493
0.25314725935459137
0.2532166107557714
0.2565973335877061
0.25461661210283637
0.25741908326745033
0.25861703930422664
0.2580279572866857
0.25419311318546534
0.25376430386677384
0.25899634091183543
0.258324075024575
0.25600677682086825
0.2551295757293701
0.2535654199309647
0.25872046733275056
0.2546802246943116
0.25356687791645527
0.25834436528384686
0.2577416240237653
0.2540237847715616
0.25275942077860236
0.25258394982665777
0.25707064801827073
0.25619997922331095
0.2579330541193485
0.25852547073736787
0.25848050601780415
0.2532420880161226
0.25224069505929947
0.25697130989283323
0.25720739271491766
0.25812872778624296
0.25732081290334463
0.25742427725344896
0.26049225963652134
0.25530382292345166
0.2533581252209842
0.2555892542004585
0.2613416500389576
0.2514660498127341
0.25122738583013415
0.2539975899271667
0.26007495215162635
0.25682316394522786
0.25728069292381406
0.2558535300195217
0.26005657901987433
0.2519677812233567
0.2505953679792583
0.25558623438701034
0.25733185559511185
0.25710062496364117
0.25771067338064313
0.2585058347322047
0.2596364160999656
0.25412051612511277
0.254477241076529
0.2567218132317066
0.25868652760982513
0.2520539411343634
0.2502182191237807
0.25043742917478085
0.25634572887793183
0.2555617671459913
0.2592731178738177
0.2578487927094102
0.2580611719749868
0.25630614813417196
0.25621087895706296
0.25926847802475095
0.25779239693656564
0.2536855940707028
0.2533904737792909
0.2519231396727264
0.25873386999592185
0.2571098720654845
0.25548494001850486
0.2579304068349302
0.25856237579137087
0.2536350698210299
0.25110658211633563
0.25270955078303814
0.25728420820087194
0.2574287918396294
0.25783691788092256
0.2591041070409119
0.25906024500727654
0.2534125237725675
0.2524510370567441
0.2572191460058093
0.25916002271696925
0.25279485806822777
0.2522133672609925
0.2530987919308245
0.2591987890191376
0.25772168720141053
0.25532706873491406
0.25800336617976427
0.25724779022857547
0.2547806487418711
0.25316682690754533
0.254323098808527
0.25832940777763724
0.2572227600030601
0.2570765702985227
0.25739328702911735
0.25988468527793884
0.253511275164783
0.252681584097445
0.2577710938639939
0.25883008167147636
0.25463875010609627
0.25340224290266633
0.25331303710117936
0.25918244291096926
0.2565987636335194
0.2549239550717175
0.2580823730677366
0.2578604188747704
0.25305201625451446
0.2521187379024923
0.25187131203711033
0.255174343008548
0.25747309997677803
0.2576979072764516
0.2578442730009556
0.2590825338847935
0.2550262128934264
0.2523439428769052
0.2585378009825945
0.2603719080798328
0.25298238918185234
0.2507146061398089
0.25426806416362524
0.2608075779862702
0.2559819621965289
0.25428143609315157
0.25906927278265357
0.25841294322162867
0.25414755102247
0.25318415090441704
0.2534667979925871
0.2565101720392704
0.2581839910708368
0.2586267120204866
0.2593005783855915
0.2583820656873286
0.25491390377283096
0.2536889403127134
0.25678314408287406
0.25924246897920966
0.2528292341157794
0.25059484876692295
0.2508550873026252
0.2582456050440669
0.2572474041953683
0.257508413400501
0.25953750824555755
0.25811017770320177
0.2551626795902848
0.2529195621609688
0.25409350311383605
0.2576138311997056
0.2572445492260158
0.2577772457152605
0.2569959098473191
0.25895631313323975
0.25417810026556253
0.25324968807399273
0.2581611005589366
0.2580002970062196
0.2539439583197236
0.2529969890601933
0.2532125497236848
0.25640874775126576
0.2571390876546502
0.2575460090301931
0.25921795796602964
0.2586853448301554
0.2530706711113453
0.25195888290181756
0.2564233453013003
0.25857573887333274
0.257994179148227
0.257463444955647
0.25844340212643147
0.2568032699637115
0.2522591268643737
0.25188460713252425
0.2543219686485827
0.2589189470745623
0.2539076078683138
0.2536493642255664
0.2542569451034069
0.2575629879720509
0.25691653275862336
0.2587712639942765
0.2578754620626569
0.2595185162499547
0.25262869196012616
0.25334750674664974
0.256827135104686
0.25916083715856075
0.25311505096033216
0.2502635191194713
0.24944987101480365
0.2551125758327544
0.2526841266080737
0.2582713570445776
0.25812563905492425
0.2586750849150121
0.2576327328570187
0.256354627199471
0.25855411868542433
0.2584683680906892
0.25671384995803237
0.25540621718391776
0.2543027116917074
0.2587763532064855
0.2532892939634621
0.2514545740559697
0.2572034318000078
0.2590756150893867
0.2557984129525721
0.2556772748939693
0.2576089883223176
0.25818299502134323
0.25548546900972724
0.2559242802672088
0.25724889198318124
0.2602391028776765
0.25298241898417473
0.25297443522140384
0.25817945320159197
0.25870794616639614
0.2552253920584917
0.2531728008762002
0.2534488900564611
0.2598699270747602
0.2570175211876631
0.2561522498726845
0.25747068505734205
0.261185122653842
0.25070059299468994
0.25035051396116614
0.25248443987220526
0.25512904394418
0.25772700970992446
0.26019871700555086
0.2594425519928336
0.2587929009459913
0.2545011043548584
0.25501845590770245
0.25696888007223606
0.26010348089039326
0.2521219137124717
0.2503914278931916
0.24868332222104073
0.25791263906285167
0.25767294224351645
0.2587327170185745
0.2607801537960768
0.2598165129311383
0.25371438125148416
0.2528208098374307
0.25913218408823013
0.2602456118911505
0.251792224124074
0.2503718677908182
0.25180844170972705
0.25931677408516407
0.2544051609002054
0.2545215990394354
0.26029083086177707
0.25993475783616304
0.2556301662698388
0.2532161814160645
0.2520124074071646
0.2608805038034916
0.25782317388802767
0.25638245418667793
0.25830308673903346
0.26164041133597493
0.2529741688631475
0.25388219207525253
0.2594635710120201
0.2598398867994547
0.25126531068235636
0.24827811494469643
0.2506685950793326
0.2534505659714341
0.2614306644536555
0.2592403572052717
0.2586674392223358
0.25937158428132534
0.2517774859443307
0.2493060128763318
0.2532399380579591
0.2613115580752492
0.25802295794710517
0.2550076227635145
0.25716077210381627
0.25852602906525135
0.2534774378873408
0.2528049289248884
0.25604424672201276
0.2580217863433063
0.2570187500678003
0.25658142706379294
0.25546779623255134
0.2589202979579568
0.2528389790095389
0.2520620059221983
0.25647299317643046
0.258761886972934
0.2543779071420431
0.25277163088321686
0.2531224559061229
0.2587091503664851
0.25777455512434244
0.2556509440764785
0.2598609011620283
0.259081088937819
0.25424916110932827
0.2535224067978561
0.25935489498078823
0.259463116992265
0.2537623830139637
0.25240896409377456
0.2512222109362483
0.25961318938061595
0.25528327701613307
0.25489766290411353
0.25967022869735956
0.2607661043293774
0.2520327758975327
0.24931509094312787
0.25100019620731473
0.2599695078097284
0.25767058692872524
0.2560092550702393
0.2593857538886368
0.2586637935601175
0.25403582863509655
0.2544575547799468
0.2593573937192559
0.2606427278369665
0.25096765579655766
0.25039430195465684
0.25494311284273863
0.26131494902074337
0.2553747580386698
0.253592224791646
0.2561267111450434
0.2605984089896083
0.2528562704101205
0.25197047973051667
0.2520189159549773
0.2548495503142476
0.2543654623441398
0.2589561650529504
0.2604435249231756
0.25843105698004365
0.25551331881433725
0.25415950920432806
0.26009472645819187
0.25855650613084435
0.2529272218234837
0.25162606593221426
0.24932307517156005
0.2567250831052661
0.2563807782717049
0.25901687191799283
0.2604293921031058
0.2591830980964005
0.25551393581554294
0.2544464780949056
0.2597274477593601
0.2602498480118811
0.2513694716617465
0.25033718161284924
0.2523516430519521
0.2570159030146897
0.259745622985065
0.2589604570530355
0.25923881214112043
0.260240709874779
0.2512169471010566
0.2518002609722316
0.2587259029969573
0.2593593429774046
0.25272602727636695
0.2530168923549354
0.2513107010163367
0.2578580351546407
0.25461863819509745
0.2533037681132555
0.25878738705068827
0.25917466497048736
0.25627799797803164
0.2553048571571708
0.25417589908465743
0.2588149872608483
0.25659722462296486
0.25643066596239805
0.25716257840394974
0.2584681650623679
0.2544554308988154
0.2541325823403895
0.26005037827417254
0.2582791349850595
0.2532585458829999
0.2514223251491785
0.24982698587700725
0.2587927966378629
0.25650810124352574
0.2550259558483958
0.2589400368742645
0.2588243652135134
0.25364255998283625
0.2516055158339441
0.24995661107823253
0.25765853002667427
0.2566815288737416
0.258585755713284
0.2583984420634806
0.2578453370369971
0.2537993360310793
0.2524885330349207
0.2575507052242756
0.2594077349640429
0.2561968988738954
0.25584688503295183
0.25502163683995605
0.2596517172642052
0.2532944162376225
0.25228774826973677
0.25824071699753404
0.25943021895363927
0.25320392614230514
0.2521533933468163
0.25361393904313445
0.25849658297374845
0.2568864803761244
0.25825488520786166
0.2587259500287473
0.25923407869413495
0.2536581652238965
0.25261418987065554
0.25782302720472217
0.2605117321945727
0.2547757984139025
0.25439072120934725
0.25370816281065345
0.2599958311766386
0.2572314622811973
0.2565764239989221
0.2569917947985232
0.26065859012305737
0.25067276787012815
0.2499099150300026
0.252779726870358
0.25631267996504903
0.25890582613646984
0.2585623497143388
0.2595046190544963
0.25846562813967466
0.2530397870577872
0.2531555579043925
0.2581040342338383
0.2598195211030543
0.2511913194321096
0.2502239546738565
0.25460891611874104
0.2613446032628417
0.253459463827312
0.25277785025537014
0.25739512871950865
0.260605008341372
0.2548640137538314
0.25428430875763297
0.2532259030267596
0.25705350702628493
0.2585634249262512
0.2593973898328841
0.25810162303969264
0.25946117332205176
0.252064798027277
0.25238770293071866
0.25914691016077995
0.25957221584394574
0.25299311708658934
0.2509742472320795
0.2542862221598625
0.2598920352756977
0.2540372759103775
0.25330389477312565
0.25782881723716855
0.2595330821350217
0.2536059911362827
0.25246409606188536
0.25452485028654337
0.260411717928946
0.25754736363887787
0.2553429380059242
0.25817850418388844
0.25920449290424585
0.2521651042625308
0.25210351310670376
0.2528957398608327
0.2575102192349732
0.25907284300774336
0.2602870687842369
0.25937080290168524
0.26079232385382056
0.25205539679154754
0.2501993430778384
0.25424690870568156
0.25849676597863436
0.2548575350083411
0.25257272413000464
0.25070466799661517
0.2582257501780987
0.25791501393541694
0.2561844107694924
0.2595638050697744
0.2592611531727016
0.25374431489035487
0.2529234476387501
0.25360760604962707
0.2567141284234822
0.2578489170409739
0.25924390042200685
0.2590361060574651
0.2601152267307043
0.25124767888337374
0.2501210682094097
0.2559110950678587
0.26012811018154025
0.2549846959300339
0.25541143026202917
0.25398091319948435
0.2591611170209944
0.25495024397969246
0.2541783759370446
0.2583157252520323
0.25927296420559287
0.25138133578002453
0.24952269298955798
0.2541371639817953
0.25972357485443354
0.2564282640814781
0.2567202555947006
0.25868265237659216
0.25836601899936795
0.2536435006186366
0.25278223073109984
0.2567147179506719
0.2593198362737894
0.25518920412287116
0.2538164099678397
0.25341208232566714
0.2598093613050878
0.2554455208592117
0.25389877427369356
0.25841267220675945
0.2608967749401927
0.2534157889895141
0.2514009289443493
0.2485311240889132
0.25891266018152237
0.2570836250670254
0.25886132288724184
0.2593917488120496
0.25884445011615753
0.2533786832354963
0.2527829110622406
0.2569639668799937
0.2594793741591275
0.2550435019657016
0.2543624360114336
0.2529318481683731
0.2592437071725726
0.2555146487429738
0.25456305174157023
0.2590893618762493
0.2585835149511695
0.2550816279835999
0.2552749621681869
0.2584908748976886
0.25915548391640186
0.25297057861462235
0.25149248261004686
0.2540065008215606
0.2603913610801101
0.25386112509295344
0.25167034985497594
0.25689536798745394
0.2592705376446247
0.25630731508135796
0.2556484080851078
0.2546624606475234
0.25927541870623827
0.257317503914237
0.25608002627268434
0.25825804518535733
0.260657861828804
0.2513881023041904
0.25186510756611824
0.25879722693935037
0.2591694490984082
0.2529740259051323
0.2518918993882835
0.253490615170449
0.2594299968332052
0.2533080233260989
0.2517284327186644
0.2573642707429826
0.2593384301289916
0.25659668585285544
0.2544671627692878
0.25253371288999915
0.2585073481313884
0.2574954912997782
0.2564861150458455
0.25919425999745727
0.25867221411317587
0.25205434625968337
0.2505667479708791
0.24965176824480295
0.25666633900254965
0.25682566594332457
0.2597363358363509
0.2599092526361346
0.25758728571236134
0.2550801979377866
0.25259192287921906
0.253067668993026
0.25887678610160947
0.2586600133217871
0.2565458216704428
0.2565301381982863
0.25917082419618964
0.25350010907277465
0.25299958512187004
0.2575547667220235
0.25982569763436913
0.2529817372560501
0.2509652189910412
0.25056232791393995
0.2554925810545683
0.2552100783213973
0.2587173921056092
0.25741145433858037
0.2586186323314905
0.2577406261116266
0.2559942570514977
0.2559006540104747
0.2592095830477774
0.2565043307840824
0.2545631011016667
0.2560826390981674
0.26027738489210606
0.2530201687477529
0.2521008593030274
0.25806761998683214
0.2600666368380189
0.25243681482970715
0.25117085268720984
0.25414866022765636
0.2597727691754699
0.25517803989350796
0.2546483101323247
0.2593460399657488
0.25832599587738514
0.2543093031272292
0.2534106122329831
0.2550601167604327
0.2582049979828298
0.2567101186141372
0.2555578560568392
0.25912481686100364
0.2596368142403662
0.252970180939883
0.25206664204597473
0.25767326494678855
0.25770379276946187
0.2541596391238272
0.2527104476466775
0.2526860348880291
0.25918029714375734
0.25736071495339274
0.25580781139433384
0.2592539810575545
0.2592386738397181
0.25462968461215496
0.2537221973761916
0.25817035185173154
0.25872725807130337
0.2523599020205438
0.25045541767030954
0.2547261598519981
0.2601460269652307
0.2542815413326025
0.25148921087384224
0.2568072327412665
0.2590632070787251
0.2553065000101924
0.254998573102057
0.25392536586150527
0.25634240871295333
0.25516290217638016
0.2573897219263017
0.25906419986858964
0.2583900480531156
0.2543906681239605
0.25340256933122873
0.2542143831960857
0.2583369091153145
0.25644627399742603
0.25666486378759146
0.2577309561893344
0.2582291360013187
0.2530452571809292
0.25185797503218055
0.25597495399415493
0.26051829429343343
0.25290730129927397
0.25158427096903324
0.2545966231264174
0.25779866287484765
0.2560997009277344
0.25458340160548687
0.25864205695688725
0.2578782089985907
0.2542480700649321
0.25348700676113367
0.2572206500917673
0.25771520799025893
0.2562077506445348
0.2555526536889374
0.2575772828422487
0.2585670999251306
0.2547077629715204
0.25269094901159406
0.2582492199726403
0.26006145821884274
0.25670088082551956
0.2561843511648476
0.2559831687249243
0.25767208775505424
0.25672085490077734
0.25540090911090374
0.25699108000844717
0.2599988807924092
0.25214052898809314
0.2510381513275206
0.2559463167563081
0.25725206173956394
0.2567114410921931
0.25734802335500717
0.25795005913823843
0.2580463532358408
0.25306211691349745
0.2521117557771504
0.25640214001759887
0.2586988122202456
0.2526735980063677
0.251735292840749
0.25251175416633487
0.2572818901389837
0.257963749114424
0.25560168270021677
0.2587890410795808
0.25684814620763063
0.25641180016100407
0.25506476778537035
0.2588374447077513
0.2570863850414753
0.25522469310089946
0.2527652997523546
0.25546885188668966
0.2560481368564069
0.2530089830979705
0.2544929748401046
0.25859701726585627
0.2576707140542567
0.2561632408760488
0.2557049198076129
0.2566238041035831
0.25861073192209005
0.25506705371662974
0.25483008613809943
0.25621758913621306
0.2589114122092724
0.2516952520236373
0.25057436525821686
0.25273751700297
0.255866059102118
0.2557331011630595
0.25608908804133534
0.25695197004824877
0.25852876203134656
0.2547743418253958
0.2592558008618653
0.2580759320408106
0.2569361887872219
0.2584317699074745
0.25706983311101794
0.25701042218133807
0.2587388609535992
0.2538024508394301
0.25155454222112894
0.25581178907305
0.2574041150510311
0.2555006109178066
0.25562995998188853
0.2565167509019375
0.2590460437349975
0.2573594939894974
0.257232575211674
0.25617194874212146
0.2591189439408481
0.25157859083265066
0.2501446339301765
0.25607535196468234
0.25853464379906654
0.2556344512850046
0.25653936387971044
0.2568987272679806
0.2589548877440393
0.25491752615198493
0.2543834028765559
0.2575105861760676
0.2581639220006764
0.2522902740165591
0.24982535792514682
0.25035127392038703
0.25667012110352516
0.25761441281065345
0.25679325219243765
0.25858585396781564
0.2573830406181514
0.25569337513297796
0.25431248219683766
0.25854582991451025
0.25807088101282716
0.2581052929162979
0.2569975699298084
0.25707857636734843
0.2599781979806721
0.2526426729746163
0.2530123838223517
0.2573834238573909
0.2579270377755165
0.2540398268029094
0.25391327776014805
0.25292591797187924
0.25622607627883554
0.2556008002720773
0.2570909932255745
0.2584832152351737
0.25761862797662616
0.2528164037503302
0.2524830079637468
0.25661828787997365
0.2586129466071725
0.25607840484008193
0.25531838927417994
0.2568344520404935
0.25595924677327275
0.2532943207770586
0.2511783470399678
0.2570345979183912
0.25878182891756296
0.25522273359820247
0.2525523151271045
0.2560009486041963
0.25679364101961255
0.2574842539615929
0.25485748006030917
0.2583607090637088
0.2582159321755171
0.2540508462116122
0.2555262940004468
0.25818110909312963
0.25720347510650754
0.25593848107382655
0.254742325283587
0.25433359295129776
0.2569164573214948
0.2554923561401665
0.2558656050823629
0.2589177438057959
0.25612323824316263
0.2559564276598394
0.254543281160295
0.2575144600123167
0.25574810383841395
0.25709383422508836
0.25630718376487494
0.2552495952695608
0.2590390960685909
0.25471386406570673
0.2538787913508713
0.25784114096313715
0.25722087919712067
0.2530558407306671
0.25203514378517866
0.24972443422302604
0.2551728938706219
0.2547363159246743
0.25693219201639295
0.2572874156758189
0.2586226547136903
0.2560486691072583
0.2569892490282655
0.25713931815698743
0.258454208727926
0.2552911890670657
0.2551943347789347
0.25761014921590686
0.2581009678542614
0.2550491401925683
0.2531510191038251
0.25805327389389277
0.25541514717042446
0.2570352479815483
0.2550895563326776
0.25560251669958234
0.25723375007510185
0.2534833690151572
0.2543093073181808
0.258030753582716
0.25696387561038136
0.2548481090925634
0.25430269492790103
0.25752180302515626
0.25866094091907144
0.25426883064210415
0.25440168706700206
0.2576801599934697
0.25724726216867566
0.2544320970773697
0.25593323074281216
0.258138544857502
0.25724642584100366
0.25432717707008123
0.25406380789354444
0.2553315772674978
0.25864940602332354
0.2553704306483269
0.2555236341431737
0.2577601741068065
0.2575239120051265
0.25397615507245064
0.25513489823788404
0.25659995386376977
0.25843534618616104
0.2559326281771064
0.25427047023549676
0.2562952907755971
0.25931318616494536
0.2517262161709368
0.2509953021071851
0.2552708303555846
0.25868119206279516
0.2551417639479041
0.25475543597713113
0.2580558988265693
0.25903293676674366
0.254159445874393
0.25235039088875055
0.2576230471022427
0.2586629129946232
0.25781500432640314
0.25777890300378203
0.2592312889173627
0.2595395017415285
0.2555876630358398
0.2533070147037506
0.2532016411423683
0.2601431403309107
0.25276429019868374
0.25152073381468654
0.25683832494542
0.2584822569042444
0.2563079260289669
0.2570389402098954
0.2579108038917184
0.25782384211197495
0.2533215517178178
0.252103369217366
0.256323479115963
0.2576033091172576
0.253844581078738
0.2529359529726207
0.2583654811605811
0.2591747776605189
0.25355199817568064
0.2515431991778314
0.254562103189528
0.2576470668427646
0.25528566306456923
0.257859876845032
0.25852897902950644
0.25778715312480927
0.2555916290730238
0.2537367367185652
0.2548107239417732
0.25863372441381216
0.2558204992674291
0.2548689432442188
0.2590737580321729
0.25958863738924265
0.25368470326066017
0.25307674519717693
0.2576012359932065
0.2595122358761728
0.2566210348159075
0.2570639280602336
0.2568686823360622
0.26057004695758224
0.25105279218405485
0.2508443919941783
0.25460928305983543
0.2572756358422339
0.2544647599570453
0.25435013603419065
0.2532574040815234
0.2567912507802248
0.25661408388987184
0.2574840630404651
0.25850632321089506
0.2590944920666516
0.2542146830819547
0.25298890098929405
0.25815742276608944
0.2595449439249933
0.2546743690036237
0.2542021148838103
0.2519803219474852
0.25897361896932125
0.2539931726641953
0.2514083907008171
0.256365321110934
0.258793278131634
0.25746200093999505
0.2586617302149534
0.2591782920062542
0.2584235370159149
0.2558246529661119
0.25674410490319133
0.256466100923717
0.26049595791846514
0.2534507508389652
0.25461952295154333
0.2597419172525406
0.2592737120576203
0.25037503289058805
0.24884627806022763
0.2503324458375573
0.25923494808375835
0.2557178386487067
0.25504778511822224
0.2593235280364752
0.2590581811964512
0.2535298098810017
0.251992124132812
0.25010743737220764
0.25822191685438156
0.2562660751864314
0.25803403509780765
0.25946019869297743
0.2599049839191139
0.2539589833468199
0.2539340849034488
0.25831814482808113
0.2601822870783508
0.25291185919195414
0.25177464727312326
0.2524769422598183
0.2595772407948971
0.25543965911492705
0.25433573639020324
0.2585554881952703
0.26066454919055104
0.2536593549884856
0.25299194222316146
0.2521558809094131
0.2600543578155339
0.25626754108816385
0.2544595170766115
0.25826421892270446
0.26034728391095996
0.25308037688955665
0.2510727900080383
0.25464918510988355
0.2571807960048318
0.2584961848333478
0.25812228489667177
0.2575985509902239
0.2605952122248709
0.2539600469172001
0.2530739838257432
0.2564341891556978
0.2599468850530684
0.25167703023180366
0.25032009882852435
0.251709823962301
0.25980457989498973
0.25898326421156526
0.25723355961963534
0.26032103784382343
0.25927475467324257
0.254154194612056
0.25420621735975146
0.26051156083121896
0.25906012672930956
0.2510434379801154
0.24910409888252616
0.2514971527270973
0.2593339588493109
0.2550955009646714
0.2533441325649619
0.2598986732773483
0.2597021432593465
0.2552060424350202
0.2544318991713226
0.25270526576787233
0.2595283850096166
0.2570122592151165
0.2565887728706002
0.25808000611141324
0.26221123011782765
0.2513537206687033
0.253637891728431
0.26041276287287474
0.2589134881272912
0.25177117716521025
0.24991281377151608
0.25417265202850103
0.2623109179548919
0.2521976688876748
0.2519328682683408
0.25715565495193005
0.26110692182555795
0.25572579726576805
0.25421531684696674
0.253235949203372
0.2593327439390123
0.2575790318660438
0.2578563140705228
0.25908027216792107
0.25917754508554935
0.2530519561842084
0.2537821619771421
0.2585161072202027
0.2612261441536248
0.2509864876046777
0.2493325718678534
0.2489527896977961
0.25832424918189645
0.25658821500837803
0.2553137941285968
0.259630243293941
0.26157350512221456
0.252172929700464
0.24970393301919103
0.25046600168570876
0.25939667504280806
0.25850128196179867
0.2597259529866278
0.260530904866755
0.2587965498678386
0.25159199396148324
0.25278651621192694
0.25907909916713834
0.25966062722727656
0.2521643568761647
0.25064097391441464
0.2541250716894865
0.261676964815706
0.2540679560042918
0.25198593689128757
0.25808086479082704
0.2603621440939605
0.2551401536911726
0.25351671874523163
0.25167982606217265
0.2591440351679921
0.25646380381658673
0.25557301472872496
0.2588258497416973
0.2599659380502999
0.2535651531070471
0.2522476641461253
0.2533139497973025
0.25727807078510523
0.2580329980701208
0.25995596684515476
0.25969411293044686
0.25814348505809903
0.2516890438273549
0.2530061397701502
0.25980401458218694
0.25890796119347215
0.2513738530687988
0.2503571789711714
0.2542171338573098
0.26105789095163345
0.2542678317986429
0.2540159411728382
0.2572924569249153
0.2615441819652915
0.2536709578707814
0.25190545711666346
0.2516279430128634
0.2584947790019214
0.26076052011922
0.2599316700361669
0.25897518871352077
0.25941699696704745
0.25248820008710027
0.2550303330644965
0.2594802868552506
0.25950630800798535
0.25075126299634576
0.25185568584129214
0.2559947231784463
0.25491253612563014
0.2579042143188417
0.258453625254333
0.2597912698984146
0.25996468868106604
0.2503644749522209
0.25152759486809373
0.25501926988363266
0.2585845086723566
0.2530756266787648
0.2524649971164763
0.25360311800614
0.26046164706349373
0.25342899980023503
0.25245448714122176
0.25738415494561195
0.26100350078195333
0.253161630127579
0.2521136128343642
0.2550461729988456
0.2612770381383598
0.2560260221362114
0.25358183681964874
0.256596015766263
0.25955004896968603
0.25405213981866837
0.2540041240863502
0.2594104828312993
0.25878693209961057
0.2551183761097491
0.25420665089040995
0.25329285208135843
0.25950319645926356
0.2529849777929485
0.25248891580849886
0.257298581302166
0.261085145175457
0.2532420321367681
0.2518432233482599
0.25113208033144474
0.25883803237229586
0.2580920238979161
0.25747440895065665
0.2588624428026378
0.25923881214112043
0.2518873638473451
0.2517935689538717
0.25406826194375753
0.25917440792545676
0.2571625760756433
0.256597138941288
0.25642778165638447
0.26044074399396777
0.2533627049997449
0.25239062029868364
0.25739251589402556
0.2608019090257585
0.253277865704149
0.25240179104730487
0.2501906529068947
0.25855291401967406
0.2586463619954884
0.2569690113887191
0.2592961573973298
0.2594304410740733
0.25386247504502535
0.2532390942797065
0.2584736468270421
0.26028857193887234
0.2532744291238487
0.2519529671408236
0.2532442077063024
0.26054738694801927
0.2539303479716182
0.25257330806925893
0.25794475292786956
0.2601223811507225
0.2546810577623546
0.2540176301263273
0.2535291169770062
0.25914603285491467
0.2561393566429615
0.25619447603821754
0.2592269694432616
0.25894181383773685
0.25155187817290425
0.2518043597228825
0.25192256597802043
0.2555383909493685
0.2560299811884761
0.2583900592289865
0.25951706478372216
0.2592226266860962
0.25677524879574776
0.2572774956934154
0.2582854717038572
0.25699791871011257
0.2536402251571417
0.25122166285291314
0.2499914336949587
0.25965586164966226
0.255147279240191
0.25459999591112137
0.2593266870826483
0.25922491820529103
0.2539732651785016
0.25139326322823763
0.24968490097671747
0.2572440109215677
0.25734345288947225
0.2582490569911897
0.2596116759814322
0.2592294178903103
0.2536767451092601
0.2526312037371099
0.2576379659585655
0.26000813907012343
0.25478242291137576
0.2536208089441061
0.2525750589556992
0.25890078861266375
0.25529235880821943
0.2549680299125612
0.260157551150769
0.25938199600204825
0.2557672872208059
0.25590007891878486
0.25939904898405075
0.25886945985257626
0.2521074363030493
0.2503856220282614
0.2503588767722249
0.25900083500891924
0.25715772388502955
0.25478258403018117
0.2606275137513876
0.2599255573004484
0.2524025924503803
0.24938902584835887
0.25154590466991067
0.26014076778665185
0.25866828486323357
0.25664199981838465
0.2590641062706709
0.25851883366703987
0.25372413313016295
0.25380665622651577
0.25923987198621035
0.2600478511303663
0.2514505870640278
0.2509609619155526
0.2546809362247586
0.25979899102821946
0.25515373470261693
0.25525664584711194
0.25913041923195124
0.2612059600651264
0.2526723127812147
0.25107514671981335
0.2520034541375935
0.25933979311957955
0.2567431163042784
0.2571835988201201
0.2581602311693132
0.2614100887440145
0.2536516897380352
0.2549255322664976
0.2592934654094279
0.2589391558431089
0.2519293767400086
0.2517647701315582
0.2527444288134575
0.25953969080001116
0.258889876306057
0.25802963646128774
0.2592545938678086
0.25818935688585043
0.2524656690657139
0.25376976607367396
0.25866536889225245
0.2598075130954385
0.25149133102968335
0.24919407395645976
0.248773954808712
0.25869893189519644
0.2580388099886477
0.25790945068001747
0.2600757828913629
0.25907853711396456
0.2524730572476983
0.25100939022377133
0.2514627603814006
0.25879037100821733
0.25893362890928984
0.25914430106058717
0.2601239262148738
0.2586654871702194
0.2507969872094691
0.25250170892104506
0.2595999948680401
0.2577637960202992
0.2551863198168576
0.2558978358283639
0.2544505661353469
0.25607316568493843
0.25614517694339156
0.2573332511819899
0.2581354472786188
0.25882498221471906
0.2517758309841156
0.2521299631334841
0.2538375221192837
0.25922821927815676
0.2543694330379367
0.25197952799499035
0.2581020090728998
0.26234826212748885
0.2540731029585004
0.25478552700951695
0.2608481771312654
0.2601635968312621
0.2527449349872768
0.25218692189082503
0.25208219001069665
0.2596924128010869
0.2556700990535319
0.2565548908896744
0.2609838810749352
0.2590290321968496
0.2513783471658826
0.25022782385349274
0.25323891919106245
0.2512246943078935
0.2630925578996539
0.2603561286814511
0.26121486024931073
0.2600870681926608
0.25191702973097563
0.25296393735334277
0.25835710810497403
0.26158637506887317
0.2516155974008143
0.2529235379770398
0.2603380810469389
0.2576624513603747
0.25103429798036814
0.24940856778994203
0.252101955935359
0.25725680589675903
0.2596586658619344
0.25887311017140746
0.26041476568207145
0.2597053279168904
0.2509518852457404
0.24999720603227615
0.25472981901839375
0.2618861999362707
0.2521608676761389
0.2532006399706006
0.25973277166485786
0.25644479505717754
0.25469863368198276
0.25458916928619146
0.2539322837255895
0.260286670178175
0.2549731871113181
0.25604423927143216
0.260475373826921
0.26285431580618024
0.250483226031065
0.2526405821554363
0.25790663342922926
0.2554137953557074
0.2554949806071818
0.2537895021960139
0.2542573972605169
0.2601248240098357
0.2511622509919107
0.2510173679329455
0.2535271421074867
0.2527580722235143
0.26094353990629315
0.25962266605347395
0.26066308887675405
0.2604880821891129
0.25214852299541235
0.25406849291175604
0.2601828146725893
0.2601408753544092
0.25162845803424716
0.25296556018292904
0.25793450605124235
0.2544474732130766
0.256696994882077
0.25599226681515574
0.25456307316198945
0.2584112389013171
0.251314181368798
0.24989366484805942
0.24899221677333117
0.25705511774867773
0.25967593118548393
0.25723602110520005
0.259754606988281
0.2594435550272465
0.25225174659863114
0.2511192671954632
0.2509166309610009
0.25840322067961097
0.25901498831808567
0.25694418605417013
0.2578445631079376
0.2590533848851919
0.2532716910354793
0.2531039169989526
0.2585244458168745
0.25916041200980544
0.2544369320385158
0.25356455333530903
0.2521035992540419
0.25813295505940914
0.2545100566931069
0.2532594441436231
0.2584501192905009
0.25822723703458905
0.2561332010664046
0.2550361533649266
0.25399984465911984
0.25930158281698823
0.2571033602580428
0.25563136115670204
0.25758977979421616
0.25968877598643303
0.2517288397066295
0.2504005739465356
0.252866436727345
0.2560104401782155
0.25801916886121035
0.25956951593980193
0.2593631260097027
0.25852332590147853
0.253960944712162
0.2533106463961303
0.25718741584569216
0.25953924283385277
0.2531492351554334
0.2512952350080013
0.2501668557524681
0.25855565909296274
0.2577926991507411
0.25698991399258375
0.25855413312092423
0.2570130033418536
0.2546083112247288
0.25341685488820076
0.2544680587016046
0.2569488501176238
0.2566392361186445
0.25534288911148906
0.2571678529493511
0.25837258622050285
0.253458249848336
0.25127826211974025
0.2557088127359748
0.2570602260529995
0.25807861099019647
0.2560049369931221
0.257396899163723
0.26040759589523077
0.25546096777543426
0.25278945500031114
0.25647515524178743
0.2586088590323925
0.25213902816176414
0.2510176389478147
0.24765074998140335
0.25414005713537335
0.25338245602324605
0.2532692411914468
0.25137521233409643
0.25647469609975815
0.25876441271975636
0.2515075537376106
0.25288600381463766
0.25958761386573315
0.2567871166393161
0.25027262326329947
0.2508870018646121
0.25494578294456005
0.2596478071063757
0.25036671617999673
0.24771301727741957
0.24980169907212257
0.2554221609607339
0.2599986200220883
0.2590248240157962
0.258123021107167
0.2585765291005373
0.2526066140271723
0.2506109173409641
0.25328023033216596
0.26060788379982114
0.2566278171725571
0.2545733251608908
0.25800037709996104
0.2590966150164604
0.2534247040748596
0.2510336833074689
0.2505115610547364
0.2567208260297775
0.2559600849635899
0.25849889079108834
0.2590909209102392
0.2581842099316418
0.2528560650534928
0.2513283407315612
0.2548587191849947
0.2573474650271237
0.2587420749478042
0.25880044139921665
0.2588342661038041
0.2578606861643493
0.2561264242976904
0.25681712897494435
0.2566876979544759
0.25988113414496183
0.25117630092427135
0.25180372316390276
0.25625606486573815
0.25881780590862036
0.25353034725412726
0.2518450594507158
0.25465955631807446
0.25858572125434875
0.2557230140082538
0.2549517438746989
0.2578466311097145
0.2569354069419205
0.25551377423107624
0.2533870069310069
0.2536002700217068
0.25966493505984545
0.25471714278683066
0.25205539306625724
0.25720513006672263
0.25985790183767676
0.2535049980506301
0.2506667631678283
0.25092551903799176
0.25605097180232406
0.2588130668736994
0.2566563789732754
0.2605924317613244
0.25759692722931504
0.2569593549706042
0.25677103316411376
0.2603647857904434
0.25841794395819306
0.2554619600996375
0.25293495459482074
0.2520920638926327
0.25404909579083323
0.25353810377418995
0.2573205390945077
0.25748399598523974
0.25766526674851775
0.25614996906369925
0.25410146871581674
0.2585877198725939
0.25766309816390276
0.25870155775919557
0.2580093829892576
0.2564301141537726
0.2596376589499414
0.2524600876495242
0.2514174529351294
0.25445378199219704
0.2577104358933866
0.2542434697970748
0.2521601370535791
0.24897255888208747
0.2544869459234178
0.2567988270893693
0.25504215992987156
0.2531443042680621
0.25613213796168566
0.2566160000860691
0.254315628670156
0.2557147117331624
0.2580219809897244
0.2572840480133891
0.2553228889591992
0.25324314879253507
0.2568418886512518
0.2579742567613721
0.2508928067982197
0.25301620177924633
0.2582053793594241
0.25660239439457655
0.2510820897296071
0.2488933140411973
0.25310037611052394
0.2555252490565181
0.25338410632684827
0.25466421199962497
0.2529774629510939
0.25953693920746446
0.2507039299234748
0.25134915579110384
0.25668848026543856
0.26008449820801616
0.25275293411687016
0.2511759209446609
0.2545887175947428
0.2571172621101141
0.2591069801710546
0.2574829407967627
0.2584997499361634
0.25800182577222586
0.25260326778516173
0.251068111974746
0.2495099902153015
0.2561647449620068
0.257438724860549
0.2570468313060701
0.25820440612733364
0.25825397996231914
0.2557712933048606
0.25485764909535646
0.2582716681063175
0.2577335173264146
0.25586694898083806
0.2544335671700537
0.2523421701043844
0.25812375405803323
0.2544976999051869
0.2522417549043894
0.25685152504593134
0.25968760531395674
0.2540911273099482
0.25254657957702875
0.2544343280605972
0.25843707099556923
0.2553600138053298
0.25484250392764807
0.2594346050173044
0.2569290059618652
0.2557421727105975
0.25690041203051805
0.25945468386635184
0.25731424055993557
0.2536857947707176
0.25237670401111245
0.25453729508444667
0.2601707191206515
0.25359079288318753
0.25149193592369556
0.25542080914601684
0.25793173909187317
0.2566443351097405
0.25591892283409834
0.2571572191081941
0.25827107671648264
0.25599481211975217
0.2560383351519704
0.2572047528810799
0.257561553735286
0.2546096369624138
0.25207350915297866
0.25723856780678034
0.2574212602339685
0.2568713859654963
0.25616518734022975
0.2552598682232201
0.2577737900428474
0.25365361012518406
0.2533003119751811
0.2587302001193166
0.25690161203965545
0.25524300476536155
0.2560190288349986
0.2584849037230015
0.2574012284167111
0.2541656889952719
0.25293031707406044
0.2545762578956783
0.2594807529821992
0.25296040810644627
0.2509973202832043
0.2562178960070014
0.25786220002919436
0.2543742433190346
0.25329194497317076
0.2562835472635925
0.2575500220991671
0.2554450612515211
0.2544478722847998
0.25736769987270236
0.2564347661100328
0.25656148698180914
0.25548340985551476
0.25011963210999966
0.2548244269564748
0.2549486132338643
0.25294481590390205
0.24990907311439514
0.2550470973365009
0.25574485771358013
0.24940906278789043
0.24985838681459427
0.2508954210206866
0.2578199007548392
0.2541344459168613
0.2554430849850178
0.2595792608335614
0.25765818217769265
0.25019890489056706
0.24711489211767912
0.2504005702212453
0.2566153039224446
0.2548379101790488
0.255583637394011
0.25079811830073595
0.25571824284270406
0.2578699542209506
0.2553359209559858
0.256087101995945
0.2568676909431815
0.2574079451151192
0.2567963059991598
0.25455641094595194
0.25657072104513645
0.25726005900651217
0.25504971807822585
0.2578400340862572
0.2587351109832525
0.25731611298397183
0.2544750808738172
0.25794832268729806
0.25763688515871763
0.25525020295754075
0.2561712400056422
0.2582120029255748
0.25533668091520667
0.2564639812335372
0.25445841485634446
0.2564772549085319
0.2569070318713784
0.2533121220767498
0.2502869591116905
0.25561874406412244
0.2580903419293463
0.2546592531725764
0.25347344670444727
0.25690216524526477
0.2558447988703847
0.2563439682126045
0.25568119203671813
0.2558775139041245
0.25737005239352584
0.256058010738343
0.25321439607068896
0.2516336599364877
0.25642479909583926
0.25503652822226286
0.25324682565405965
0.2521372432820499
0.25549002457410097
0.25580816715955734
0.2505839178338647
0.25284217670559883
0.25800236500799656
0.2561816480010748
0.2502960078418255
0.2512921248562634
0.257096853107214
0.257403546012938
0.2508094999939203
0.24809372331947088
0.24986507138237357
0.2574231680482626
0.2558631650172174
0.25767054688185453
0.25851803505793214
0.25644370121881366
0.2580968807451427
0.2564373482018709
0.25436798110604286
0.2586817326955497
0.25540844164788723
0.2537160059437156
0.25522940419614315
0.2564529157243669
0.2572283549234271
0.2562122968956828
0.2578270290978253
0.25687516015022993
0.25438877008855343
0.25193390995264053
0.2543284338898957
0.25825236504897475
0.25481134420260787
0.2529353923164308
0.25817623315379024
0.2570017781108618
0.2556962170638144
0.254394946154207
0.2528370637446642
0.25580616667866707
0.2555521731264889
0.2555808718316257
0.25752528896555305
0.25728201400488615
0.25511781871318817
0.25816585402935743
0.2574138371273875
0.2564596072770655
0.25599343283101916
0.2563583259470761
0.25637875497341156
0.2567521589808166
0.25509424321353436
0.2552566328085959
0.25723660411313176
0.2558209029957652
0.25559609290212393
0.2545759789645672
0.25833390885964036
0.25765133928507566
0.2562198550440371
0.2548060971312225
0.25658506201580167
0.25769964000210166
0.2537823999300599
0.25116010569036007
0.2553333919495344
0.25593425892293453
0.25541483238339424
0.2548019648529589
0.256334925070405
0.2575856000185013
0.2553790588863194
0.2520231530070305
0.2561105559580028
0.256951994728297
0.2559970240108669
0.2548182671889663
0.2539244294166565
0.2566013471223414
0.25398215372115374
0.2547177723608911
0.2564044869504869
0.25716569973155856
0.25547095900401473
0.2530353330075741
0.25078544626012444
0.25591320684179664
0.2539153918623924
0.2489575552754104
0.2501897788606584
0.25195967871695757
0.25907081831246614
0.25001493329182267
0.2473346320912242
0.24997403100132942
0.25557551393285394
0.25827117497101426
0.2577976998873055
0.25710040517151356
0.25555315194651484
0.2566844457760453
0.25643509766086936
0.25644147116690874
0.2578104198910296
0.25631923181936145
0.2546622450463474
0.25716981990262866
0.25805825600400567
0.25111602805554867
0.250946540851146
0.2550207460299134
0.2566960882395506
0.25709596602246165
0.25578824803233147
0.2576302429661155
0.25565421860665083
0.2568369582295418
0.2547110044397414
0.2581307590007782
0.25706129986792803
0.2539596688002348
0.2526418180204928
0.2549347672611475
0.25602302700281143
0.2565716141834855
0.25602433690801263
0.2580430028028786
0.2573961620219052
0.2552598989568651
0.2562627987936139
0.2574867494404316
0.25814452301710844
0.25566265312954783
0.2545910538174212
0.25228405464440584
0.25676070898771286
0.25578140188008547
0.25466162618249655
0.2585556339472532
0.2557409917935729
0.2541703856550157
0.25731501495465636
0.2576575130224228
0.25717432983219624
0.2560292752459645
0.25420646416023374
0.25698429672047496
0.25670216092839837
0.2562041520141065
0.2542482172138989
0.2568438439629972
0.2569031766615808
0.2537847738713026
0.25358192808926105
0.2555023296736181
0.2569781029596925
0.2548461267724633
0.25549080967903137
0.2574112587608397
0.255681146401912
0.2570237680338323
0.2556081200018525
0.2561318539083004
0.2570484201423824
0.25572088081389666
0.2546475133858621
0.25682180607691407
0.2543693343177438
0.2562359836883843
0.2547532790340483
0.25630738912150264
0.25678715808317065
0.2547931890003383
0.25371919199824333
0.2553252191282809
0.2574646882712841
0.2553527210839093
0.25376437045633793
0.25648114597424865
0.25730129331350327
0.25485102739185095
0.25549617409706116
0.25028917100280523
0.25616918271407485
0.25481432396918535
0.25156643567606807
0.25062110600993037
0.24653651798143983
0.25672185607254505
0.24909794004634023
0.24832619121298194
0.25109862722456455
0.2536823768168688
0.2584638181142509
0.25747312931343913
0.2566041392274201
0.2582301879301667
0.25604270631447434
0.2546823979355395
0.25669044628739357
0.25716280983760953
0.2538574277423322
0.25292436871677637
0.25685657374560833
0.257147132884711
0.2564607351087034
0.2556133819743991
0.257437514141202
0.2579995938576758
0.25473326491191983
0.2544009112752974
0.2572473199106753
0.25731924176216125
0.25379163958132267
0.2533431267365813
0.257425706833601
0.25856219232082367
0.2550334292463958
0.252773767337203
0.25730902003124356
0.25691256718710065
0.2553100320510566
0.25507301930338144
0.25687378784641623
0.25688536604866385
0.25638288538903
0.25453561497852206
0.255457007791847
0.2564653381705284
0.2539397403597832
0.2517615808174014
0.25653862906619906
0.25738294515758753
0.2547199591062963
0.252133347094059
0.2566352328285575
0.2561531323008239
0.25651229033246636
0.2540218639187515
0.25642821099609137
0.2581389034166932
0.2568015931174159
0.2552618966437876
0.25173803605139256
0.25615266198292375
0.2564177829772234
0.2519711903296411
0.2533616838045418
0.25746445963159204
0.2554402598179877
0.24960963521152735
0.25181544199585915
0.25824275286868215
0.2569043058902025
0.2506029889918864
0.24862642493098974
0.2497169990092516
0.25838595908135176
0.2551949708722532
0.25322770420461893
0.25236754212528467
0.25601275777444243
0.2556957919150591
0.25769681483507156
0.25873372284695506
0.2586685148999095
0.25416440796107054
0.25378585793077946
0.2560364087112248
0.2597158751450479
0.2523277341388166
0.2506355200894177
0.25447222124785185
0.25888499803841114
0.2559156008064747
0.2546528675593436
0.25783167174085975
0.25870762998238206
0.2543664830736816
0.25297080678865314
0.2528294692747295
0.25675233034417033
0.25662493892014027
0.25456904200837016
0.2585870958864689
0.25575764663517475
0.25593894999474287
0.2535183602012694
0.25784737011417747
0.2584803909994662
0.2563651269301772
0.2550067692063749
0.26322752609848976
0.25686520198360085
0.2553180712275207
0.25527594378218055
0.2580332509241998
0.2575642899610102
0.25135599123314023
0.2485770182684064
0.247541980817914
0.2543123187497258
0.25643834192305803
0.25305360183119774
0.2500554546713829
0.25343025103211403
0.25342362094670534
0.24957222072407603
0.24899829318746924
0.251174648758024
0.2549194460734725
0.25830929074436426
0.2576977889984846
0.25815011700615287
0.2573914099484682
0.2523842151276767
0.25038937991485
0.25395462522283196
0.25631296914070845
0.25682889902964234
0.25659685395658016
0.25672793900594115
0.25985288340598345
0.2529135840013623
0.25013160798698664
0.25377121614292264
0.25793963810428977
0.25564361410215497
0.25558564625680447
0.2585133397951722
0.2569611119106412
0.256557404063642
0.2553962557576597
0.2539239809848368
0.25453373696655035
0.255967577919364
0.2565770400688052
0.2570080189034343
0.2574229659512639
0.2533941357396543
0.25262374989688396
0.25319134211167693
0.2548700598999858
0.25457384483888745
0.25777678471058607
0.25859421491622925
0.2571038147434592
0.2562079029157758
0.25442588794976473
0.2577063599601388
0.2566710952669382
0.25681825913488865
0.2544866492971778
0.2576223206706345
0.25631725834682584
0.25544512597844005
0.25651337392628193
0.2579459799453616
0.2571054049767554
0.2554963999427855
0.2542619579471648
0.2546837558038533
0.257397576700896
0.2554636327549815
0.25659434916451573
0.2582154800184071
0.25696108816191554
0.25410172203555703
0.25441244803369045
0.2579326671548188
0.2582018692046404
0.2571929646655917
0.256746256724
0.2564842840656638
0.2591703268699348
0.25605036271736026
0.25492590200155973
0.2573183970525861
0.25669952761381865
0.25252348091453314
0.2510951519943774
0.25239596189931035
0.2552593220025301
0.2549679121002555
0.2560647949576378
0.2584321042522788
0.2570080109871924
0.2574855238199234
0.2563238888978958
0.25815719785168767
0.25526261795312166
0.2553014801815152
0.2536321668885648
0.2541469680145383
0.25721988920122385
0.25561384903267026
0.2546226563863456
0.2583100418560207
0.2557031949982047
0.25583952805027366
0.25398666225373745
0.25732180289924145
0.2573011051863432
0.2561554261483252
0.2552568353712559
0.25735068693757057
0.25627301167696714
0.2531194072216749
0.2524440009146929
0.2574690766632557
0.25776525400578976
0.25643546087667346
0.2558604832738638
0.25744345085695386
0.2576815946958959
0.2562693511135876
0.2545588198117912
0.2570476997643709
0.2556448392570019
0.2565068919211626
0.25598553800955415
0.2561066001653671
0.25604047905653715
0.25474578188732266
0.2530671018175781
0.25470723072066903
0.25832514511421323
0.2547210417687893
0.2520809038542211
0.256716076284647
0.2574818078428507
0.25543683115392923
0.25448329001665115
0.25616250699386
0.256555057130754
0.2558508040383458
0.25403214432299137
0.25700089801102877
0.2563258819282055
0.25720628816634417
0.2565373918041587
0.2541356268338859
0.25606161216273904
0.2550571779720485
0.25447917683050036
0.25641086092218757
0.25605584122240543
0.2558060218580067
0.2560994680970907
0.2559261848218739
0.25696814991533756
0.2541038431227207
0.2526450823061168
0.2560225408524275
0.2572643281891942
0.2564558619633317
0.2529474259354174
0.25086808297783136
0.2537544360384345
0.25174484215676785
0.25000821286812425
0.24985082307830453
0.248554774094373
0.25724257063120604
0.25461727287620306
0.2527705659158528
0.25135913863778114
0.25552539806813
0.25542303640395403
0.257555291056633
0.25727539602667093
0.25663898792117834
0.25373090896755457
0.2531538549810648
0.25079968478530645
0.2518282672390342
0.25384611636400223
0.25311392825096846
0.2535349610261619
0.25765634793788195
0.25540940975770354
0.25234030093997717
0.25282776495441794
0.2596155353821814
0.2553060404025018
0.2523933011107147
0.25358257768675685
0.2571833608672023
0.25791438994929194
0.24965146416798234
0.252090104855597
0.2546206428669393
0.25952908815816045
0.251514523755759
0.25021372316405177
0.2541072051972151
0.2585452739149332
0.25468649296090007
0.25241211894899607
0.25511668715626
0.25722311809659004
0.2550309500657022
0.25150696421042085
0.2579134162515402
0.257752881385386
0.2562362030148506
0.2565230210311711
0.2566521898843348
0.26002938486635685
0.25507676880806684
0.25392229994758964
0.2575160930864513
0.25715808710083365
0.2530974540859461
0.25078493822366
0.2508316752500832
0.2556438813917339
0.25807483587414026
0.2562296548858285
0.25865723099559546
0.25749401887878776
0.2540681380778551
0.2573383250273764
0.2580809541977942
0.2572145592421293
0.2559369117952883
0.25487735914066434
0.25464203814044595
0.2587026138789952
0.25386799219995737
0.2510630893521011
0.2563051972538233
0.2573973946273327
0.25732721481472254
0.25626953411847353
0.2572234100662172
0.2573827891610563
0.2552650049328804
0.2547290069051087
0.25609000120311975
0.2563286912627518
0.25586414197459817
0.25452057598158717
0.2565394677221775
0.25836683390662074
0.25546222599223256
0.25509878899902105
0.2568898997269571
0.25728772999718785
0.2530777999199927
0.2503725062124431
0.25398244010284543
0.25621158676221967
0.2552415346726775
0.2523556691594422
0.2552989558316767
0.2570109781809151
0.2560505089350045
0.25215966906398535
0.25375652173534036
0.25668533984571695
0.25483479304239154
0.25040433602407575
0.25089548574760556
0.2518357718363404
0.2584459241479635
0.24940482387319207
0.25013146875426173
0.2507052728906274
0.25838935980573297
0.2540098042227328
0.25282407691702247
0.2569057531654835
0.25757952919229865
0.25538034411147237
0.2548342221416533
0.254613702185452
0.2569144400767982
0.2564726257696748
0.25643413001671433
0.2581946551799774
0.25599196599796414
0.2530791340395808
0.251446139998734
0.25751047395169735
0.25845734728500247
0.25441084476187825
0.2552206190302968
0.25703527592122555
0.25817489717155695
0.2551365848630667
0.2545882039703429
0.25687664095312357
0.2573272860608995
0.25377193884924054
0.25331655889749527
0.253939947579056
0.25563173880800605
0.2556838672608137
0.2543640839867294
0.255919152405113
0.25726317428052425
0.2548303510993719
0.25534507166594267
0.2515523717738688
0.2554055550135672
0.2548262462951243
0.25310722179710865
0.2501735221594572
0.24706622818484902
0.2579382713884115
0.2508938149549067
0.24854712979868054
0.2525659161619842
0.2604094692505896
0.25292856292799115
0.251512938644737
0.25612759916111827
0.2577634691260755
0.2569997566752136
0.2560650082305074
0.255193208809942
0.2571028182283044
0.25629898998886347
0.25654863798990846
0.25796697195619345
0.2600644528865814
0.25256178341805935
0.2519026338122785
0.2557947267778218
0.25852224277332425
0.25451161013916135
0.2530167130753398
0.25538096530362964
0.256499458104372
0.25589663395658135
0.25195970805361867
0.2573249377310276
0.2580572050064802
0.25438879942521453
0.2526275380514562
0.25335530331358314
0.2563837147317827
0.2553989472799003
0.2577632940374315
0.25947037944570184
0.2571005439385772
0.25339021626859903
0.25697241304442286
0.25768361892551184
0.2569269873201847
0.257035749964416
0.2546681477688253
0.25671530282124877
0.2570522418245673
0.25427146069705486
0.25411113910377026
0.25748838391155005
0.2570852623321116
0.255597114097327
0.25458625610917807
0.258160344325006
0.2587153809145093
0.25792032899335027
0.2564335693605244
0.25545074697583914
0.2588801453821361
0.2513535702601075
0.24978637415915728
0.25486667919903994
0.2590543939732015
0.25591377494856715
0.2549968361854553
0.255978686735034
0.2572598196566105
0.2548627071082592
0.2552672550082207
0.25853621074929833
0.2572543527930975
0.25399662693962455
0.252426328137517
0.2549993908032775
0.25640527019277215
0.25492565613240004
0.2546041482128203
0.2575954427011311
0.25774967996403575
0.25582708697766066
0.2573717129416764
0.25765338679775596
0.25632751267403364
0.2561228219419718
0.25516272289678454
0.256380558013916
0.257847772911191
0.25475633330643177
0.25572849391028285
0.2581440005451441
0.25580669939517975
0.2557023507542908
0.25517758913338184
0.25801218627020717
0.2578777428716421
0.2564152777194977
0.25484974682331085
0.25542105780914426
0.25919416593387723
0.2548960489220917
0.25352297630161047
0.25706515507772565
0.25703854113817215
0.25395229598507285
0.2530850092880428
0.25273309787735343
0.2569809569977224
0.25540582370013
0.2553804749622941
0.25813595578074455
0.2564349570311606
0.2563652382232249
0.2556538521312177
0.25497802905738354
0.2581943399272859
0.2574389688670635
0.2566408282145858
0.25806200597435236
0.2589356671087444
0.2532944409176707
0.25305369263514876
0.2573795900680125
0.25733198458328843
0.25556943099945784
0.25608626613393426
0.2536128922365606
0.25642408477142453
0.25680085783824325
0.2556180371902883
0.2570099360309541
0.256179082673043
0.25311869103461504
0.25171284889802337
0.2546894019469619
0.25708435010164976
0.2557195737026632
0.2553490810096264
0.2570683090016246
0.2574196229688823
0.25573545694351196
0.25651213014498353
0.2580280168913305
0.2574528646655381
0.2544884840026498
0.2523982999846339
0.2552281217649579
0.2573357210494578
0.25639142701402307
0.2547614499926567
0.2577120806090534
0.2554012471809983
0.25369937578216195
0.2575277457945049
0.2560995160602033
0.25634864065796137
0.2552717449143529
0.2544312849640846
0.257237256038934
0.25554099725559354
0.25692047690972686
0.25473523000255227
0.25656400388106704
0.25608248403295875
0.2554204170592129
0.2545205191709101
0.25609902665019035
0.2563787642866373
0.256343862041831
0.25440311478450894
0.25681949872523546
0.25666554691269994
0.2567457049153745
0.25558018404990435
0.25124316196888685
0.2557292301207781
0.25359588069841266
0.2547057559713721
0.2546970942057669
0.2582537210546434
0.2547828406095505
0.2534665218554437
0.2513349768705666
0.25559396063908935
0.2560041272081435
0.24960013292729855
0.24713745014742017
0.2506049582734704
0.25571905821561813
0.2548459102399647
0.2554845907725394
0.2559769847430289
0.25965636875480413
0.2510609342716634
0.24998007202520967
0.25550262723118067
0.25901037687435746
0.25317856715992093
0.25037378212437034
0.2543483739718795
0.25775420432910323
0.2558574569411576
0.25440702633932233
0.25780896795913577
0.2559009729884565
0.25747724203392863
0.25745047396048903
0.2573575568385422
0.25709791388362646
0.2558688670396805
0.25556845497339964
0.25596427312120795
0.25859780376777053
0.2542470907792449
0.2515543829649687
0.2568274191580713
0.25855043390765786
0.25486686173826456
0.2528039077296853
0.252900751773268
0.25671149510890245
0.2552042221650481
0.2568727903999388
0.2578223291784525
0.25847782706841826
0.25591747695580125
0.2579966806806624
0.2577449791133404
0.25707861175760627
0.2566812322475016
0.25451480969786644
0.25265876203775406
0.2543328460305929
0.25449858978390694
0.25883969897404313
0.2581426780670881
0.25863384176045656
0.2551169600337744
0.2543471143580973
0.25421665143221617
0.2572867930866778
0.25690810522064567
0.2564400536939502
0.25805069971829653
0.2566751120612025
0.25394432293251157
0.2519234176725149
0.2573078740388155
0.2581159211695194
0.25525719998404384
0.25332361878827214
0.2562669520266354
0.2570806029252708
0.2566766901873052
0.2553377980366349
0.258801163174212
0.25560187082737684
0.2557577430270612
0.2554969829507172
0.25686400197446346
0.25877867825329304
0.25554200494661927
0.25611843494698405
0.2578050666488707
0.2593131992034614
0.2517225341871381
0.2503373250365257
0.2553155021741986
0.2595347003079951
0.2535994662903249
0.2522904872894287
0.25616286415606737
0.2587000788189471
0.2552421041764319
0.2561357980594039
0.2585482499562204
0.25582109903916717
0.25628424854949117
0.25573230208829045
0.2575544728897512
0.25901168026030064
0.2548356242477894
0.25418603606522083
0.2553113386966288
0.2570404727011919
0.25357950991019607
0.25206967117264867
0.2584357541054487
0.2576814340427518
0.2560628652572632
0.25592994689941406
0.25742739625275135
0.2577349008060992
0.25492538465186954
0.2546113827265799
0.2567637050524354
0.25872917799279094
0.2532097869552672
0.2518094088882208
0.2579132178798318
0.2582752099260688
0.25559770688414574
0.2557110353372991
0.25384099408984184
0.25899036694318056
0.25515123503282666
0.2546124798245728
0.25831841537728906
0.2585295522585511
0.25482452008873224
0.25387511821463704
0.2552973828278482
0.2574881869368255
0.255037359893322
0.25454366113990545
0.25661690440028906
0.2564966678619385
0.25505886040627956
0.2539675566367805
0.2590651218779385
0.25847212690860033
0.2549828998744488
0.25330641819164157
0.25176353100687265
0.25765221007168293
0.2563991528004408
0.2576950457878411
0.25866261264309287
0.25666438275948167
0.2552063399925828
0.2543509900569916
0.2589417779818177
0.25731417210772634
0.25633522775024176
0.2545227217487991
0.25204346887767315
0.2582749309949577
0.2560792420990765
0.25483840657398105
0.25861510867252946
0.25769897969439626
0.25342153990641236
0.25232490012422204
0.2517128400504589
0.2573029110208154
0.25548856565728784
0.25586507888510823
0.2593246018514037
0.25812024576589465
0.25541510060429573
0.2539030918851495
0.2601339938119054
0.2574260518886149
0.25739080272614956
0.25781596964225173
0.2571691246703267
0.25402373587712646
0.25712175108492374
0.2565786740742624
0.2580584208481014
0.2585999220609665
0.2517960243858397
0.25126710580661893
0.25316550489515066
0.2550501669757068
0.2543762233108282
0.25812140572816133
0.2585877659730613
0.2570527959614992
0.2535880273208022
0.252418405842036
0.2579511911608279
0.2598660960793495
0.25468897074460983
0.25367170199751854
0.25600288435816765
0.2571238069795072
0.2565295877866447
0.25409253779798746
0.25910089211538434
0.2563002579845488
0.2547864094376564
0.25359894102439284
0.2514130496419966
0.2580214608460665
0.25507821375504136
0.2572877793572843
0.25844060676172376
0.2573065608739853
0.2560103898867965
0.25586552219465375
0.25828558998182416
0.2596041960641742
0.2516350890509784
0.2509812908247113
0.2551982211880386
0.2587265148758888
0.2579928538762033
0.2554563032463193
0.258460964076221
0.25818055402487516
0.2530813473276794
0.2518809041939676
0.24986816290766
0.25525908824056387
0.2538762059994042
0.25834329100325704
0.258051382843405
0.25823558028787374
0.2561353580094874
0.2554090558551252
0.2586339609697461
0.2587345722131431
0.2574990959838033
0.2575123440474272
0.25748727982863784
0.26079686312004924
0.25476333405822515
0.25431296322494745
0.25699766958132386
0.258820213843137
0.25093427021056414
0.24920443492010236
0.25397883309051394
0.25966680608689785
0.2555254837498069
0.2547100647352636
0.2584747392684221
0.259301230777055
0.2522496487945318
0.24961866671219468
0.24892556993290782
0.25116918701678514
0.25330724427476525
0.2536844741553068
0.2540183588862419
0.25822604028508067
0.2577866418287158
0.25304442131891847
0.2547436971217394
0.25939948996528983
0.25727496901527047
0.2522354871034622
0.24807610921561718
0.25551136676222086
0.26054098922759295
0.25046139070764184
0.2520485566928983
0.25901679787784815
0.2588077480904758
0.25116577139124274
0.24934909911826253
0.25384459272027016
0.26074693258851767
0.25354580488055944
0.2528977757319808
0.25241401232779026
0.25969148613512516
0.2553231096826494
0.2543873661197722
0.2576731452718377
0.26028014020994306
0.25216060876846313
0.24977054074406624
0.24978014174848795
0.25214724522084
0.2487061507999897
0.2577326470054686
0.2553468360565603
0.2577767428010702
0.2565443031489849
0.25572753790766
0.25705082109197974
0.2599222231656313
0.25930886808782816
0.25634945603087544
0.25970176327973604
0.25943864276632667
0.25740081211552024
0.25570249930024147
0.259664046112448
0.25854157097637653
0.25353407207876444
0.25364776607602835
0.258201383985579
0.2579740872606635
0.2544989068992436
0.2526752226985991
0.25281720282509923
0.25524593191221356
0.2588749178685248
0.2569342362694442
0.25818229699507356
0.2581808287650347
0.2531005097553134
0.2513990271836519
0.24958578124642372
0.25474702194333076
0.25719934282824397
0.25879046600311995
0.2591892280615866
0.2595370812341571
0.25391074921935797
0.25304577173665166
0.2534917611628771
0.2576499809511006
0.25872985925525427
0.25822123792022467
0.2587345940992236
0.25813225423917174
0.2548533142544329
0.25380847696214914
0.25735160801559687
0.2602911186404526
0.25213624769821763
0.24991130037233233
0.25130171282216907
0.2568491827696562
0.25672454573214054
0.25928721157833934
0.2594088134355843
0.25930516002699733
0.2542816046625376
0.25387223716825247
0.258827093988657
0.25920836068689823
0.25224196491762996
0.25072075705975294
0.2517285239882767
0.2559412461705506
0.25651460886001587
0.25982792815193534
0.2598997335880995
0.25886648101732135
0.2543075103312731
0.25327899493277073
0.25287435622885823
0.255646632052958
0.2574175181798637
0.2595924949273467
0.2601320310495794
0.25686010299250484
0.2550562541000545
0.2535365093499422
0.25720376893877983
0.26006232388317585
0.25121854757890105
0.24973765620961785
0.25128259183838964
0.25307961786165833
0.26211259001865983
0.25809751776978374
0.259940133895725
0.25788556318730116
0.25518957199528813
0.2545917280949652
0.25850498862564564
0.2597027593292296
0.25199679285287857
0.2507050931453705
0.25165203399956226
0.2559612919576466
0.25854062801226974
0.2574162567034364
0.2581166890449822
0.2568179010413587
0.25482424115762115
0.25258933333680034
0.2518818713724613
0.25721177412196994
0.2571238181553781
0.2574381879530847
0.2579865069128573
0.2582339318469167
0.2525837002322078
0.2520754118449986
0.2574533117003739
0.2589380154386163
0.25679195718839765
0.2576196570880711
0.2592540760524571
0.25747043592855334
0.25405715592205524
0.2522387788631022
0.25580862211063504
0.25943715730682015
0.25585683761164546
0.25661985529586673
0.2594984481111169
0.2592546520754695
0.25110129406675696
0.2504274910315871
0.25192516716197133
0.2558635859750211
0.2607584139332175
0.25841208593919873
0.25936041167005897
0.2593858316540718
0.2514069830067456
0.25081713404506445
0.24896456021815538
0.2561478731222451
0.2551957629621029
0.2586161019280553
0.2591535518877208
0.259402790106833
0.2539933677762747
0.2532593528740108
0.25725279096513987
0.2599627859890461
0.25675626331940293
0.2556193261407316
0.2541450997814536
0.25889960397034883
0.25442882301285863
0.2538996799848974
0.2582040010020137
0.2593455580063164
0.25424688355997205
0.2532721059396863
0.25277148000895977
0.259190543089062
0.25474909506738186
0.2545512653887272
0.2580524357035756
0.25917555717751384
0.25492657301947474
0.2538608368486166
0.25286084366962314
0.2574008801020682
0.25699587911367416
0.2574222758412361
0.2594690374098718
0.25947631569579244
0.2525705392472446
0.25284821819514036
0.2571012848056853
0.2596140718087554
0.2527573751285672
0.25116486568003893
0.2524405778385699
0.25919402623549104
0.2570583219639957
0.2551725939847529
0.25910426769405603
0.25725951604545116
0.2546833027154207
0.2520498870871961
0.2512458027340472
0.256482046097517
0.25521077681332827
0.25772417010739446
0.25835869181901217
0.258109746966511
0.2559441518969834
0.25487097818404436
0.2586524640209973
0.25729801412671804
0.25402037100866437
0.253393464256078
0.2522227242588997
0.25667682103812695
0.25701722130179405
0.25712741212919354
0.2588217449374497
0.25756282778456807
0.2543308110907674
0.25303622614592314
0.2536373343318701
0.25726989563554525
0.25889371056109667
0.25829823734238744
0.25771093368530273
0.2604871476069093
0.2527019917033613
0.2522956896573305
0.257295158226043
0.259597210213542
0.25245746318250895
0.2505360161885619
0.2528345976024866
0.256860617082566
0.25715913623571396
0.2566950973123312
0.2586501631885767
0.2577996370382607
0.25479261204600334
0.2528188219293952
0.2574992482550442
0.2581555466167629
0.2572752023115754
0.2557787112891674
0.2555032828822732
0.2595109948888421
0.2530459640547633
0.2521003857254982
0.25720165111124516
0.258173568174243
0.2553306841291487
0.25526758562773466
0.2550943740643561
0.2565338029526174
0.25536357425153255
0.2565431580878794
0.2584093138575554
0.2570181302726269
0.2548282206989825
0.25341969495639205
0.2549026869237423
0.2580629480071366
0.25624239817261696
0.25480768317356706
0.2575756572186947
0.2575123570859432
0.25505618285387754
0.253513022325933
0.2582250852137804
0.2578285960480571
0.25404814817011356
0.2546043349429965
0.2536291051656008
0.2563187060877681
0.2531210230663419
0.25770864728838205
0.2587159899994731
0.25736002204939723
0.2550416300073266
0.2532686688937247
0.2531206258572638
0.25671254470944405
0.2554036919027567
0.25774086313322186
0.25863089179620147
0.25788287818431854
0.25410487223416567
0.2538605169393122
0.25845205318182707
0.2568521979264915
0.25602273689582944
0.25477522797882557
0.25413732789456844
0.25689020240679383
0.2545429370366037
0.25622455682605505
0.25881856633350253
0.25788982398808
0.2549304342828691
0.25370063493028283
0.25834560208022594
0.25732586765661836
0.25595047418028116
0.25490643782541156
0.2542028287425637
0.259215478785336
0.25511802919209003
0.25468935212120414
0.2579993763938546
0.25706387776881456
0.25284624891355634
0.2516944878734648
0.25164672266691923
0.256351409945637
0.25704549392685294
0.2575746811926365
0.2578907646238804
0.25714193703606725
0.256089448928833
0.2570960232988
0.25969414692372084
0.2555819721892476
0.2557473350316286
0.2551501910202205
0.25480295764282346
0.2594959638081491
0.25454919692128897
0.25425023725256324
0.25829697493463755
0.25738465087488294
0.25275895558297634
0.2511564353480935
0.24827720411121845
0.25115480879321694
0.25590189499780536
0.2537584761157632
0.2513086930848658
0.2570596388541162
0.2591613922268152
0.2510071028955281
0.25301577989012003
0.257699822075665
0.25706748897209764
0.2508285967633128
0.25360292522236705
0.2581716082058847
0.25956262135878205
0.25011118594557047
0.25146090099588037
0.2546142037026584
0.2556950091384351
0.25428142584860325
0.2541413540020585
0.2577228778973222
0.26038128277286887
0.2508122348226607
0.24820097303017974
0.24983658315613866
0.2553479359485209
0.2620911030098796
0.2600587969645858
0.25916551193222404
0.25993602396920323
0.2526387148536742
0.25096071884036064
0.25129271298646927
0.2553674951195717
0.2559723020531237
0.2590094469487667
0.2604110180400312
0.26014369213953614
0.25540312798693776
0.25447436422109604
0.259130897000432
0.25994414603337646
0.251458419021219
0.2504088459536433
0.25134912226349115
0.25948775792494416
0.2548846071586013
0.25389952724799514
0.25800178898498416
0.25897999480366707
0.25459803780540824
0.25495798885822296
0.2586675947532058
0.2597452918998897
0.2534649861045182
0.25063090678304434
0.25038324436172843
0.2582623427733779
0.2576276636682451
0.25609340192750096
0.25934208603575826
0.2589444690383971
0.2525646877475083
0.2514020521193743
0.25199568131938577
0.2568593672476709
0.25663009006530046
0.25817421497777104
0.259267324116081
0.2592283100821078
0.25522715505212545
0.2541741947643459
0.2590934061445296
0.2586944247595966
0.25120285898447037
0.2501000687479973
0.2539839302189648
0.2599416612647474
0.2562281438149512
0.2550594271160662
0.2592714377678931
0.2577374237589538
0.2545003714039922
0.2534826737828553
0.2589351860806346
0.2578508462756872
0.2546756621450186
0.2533355550840497
0.2504727616906166
0.2577440873719752
0.25646159891039133
0.257560224737972
0.26037252927199006
0.25772339291870594
0.25453104078769684
0.2538278652355075
0.25543496292084455
0.2598376590758562
0.25626154989004135
0.25644050212576985
0.25780477467924356
0.2596665769815445
0.2508599408902228
0.24961983691900969
0.25484938314184546
0.2596079222857952
0.25438730930909514
0.2523029586300254
0.25518696615472436
0.258970158174634
0.25921809300780296
0.2574292072094977
0.25885554030537605
0.2588360528461635
0.2522836970165372
0.2527437931858003
0.2575032031163573
0.26059447787702084
0.25239727972075343
0.2513328972272575
0.25239636516198516
0.2591313528828323
0.25422791205346584
0.2540439278818667
0.25883279321715236
0.25854355888441205
0.2558201141655445
0.25495733693242073
0.254680419806391
0.2578018279746175
0.2563345870003104
0.257304563652724
0.258328921161592
0.2588465199805796
0.2534710159525275
0.25181727996096015
0.25705020083114505
0.2579167578369379
0.2549598361365497
0.2540668840520084
0.2528212107717991
0.2596934507600963
0.25587888341397047
0.25457666208967566
0.2581229950301349
0.25908980006352067
0.25324298022314906
0.25214871065691113
0.247992395889014
0.2555388053879142
0.25860391510650516
0.25653861509636045
0.25774191599339247
0.25843671057373285
0.25637420220300555
0.25505200400948524
0.25890814466401935
0.2580307419411838
0.256126276217401
0.25550196785479784
0.25369749404489994
0.25827075401321054
0.255402899812907
0.25371285807341337
0.2584164426662028
0.257166878785938
0.2547230930067599
0.25346008501946926
0.25164736714214087
0.2569541032426059
0.2563252570107579
0.25753497378900647
0.2588119930587709
0.2569830953143537
0.2533353762701154
0.25205029593780637
0.2577355778776109
0.25802737521007657
0.25726989610120654
0.25714618107303977
0.25723640713840723
0.2599068023264408
0.25535112991929054
0.25451285019516945
0.2564638089388609
0.2586098639294505
0.2510156398639083
0.2487829108722508
0.25295887188985944
0.2573892450891435
0.2576264110393822
0.25529691111296415
0.25831260811537504
0.25544329918920994
0.25600986322388053
0.2554520140402019
0.2578310309909284
0.25762156397104263
0.25735777290537953
0.25553714483976364
0.25764121813699603
0.25806878693401814
0.2516696350648999
0.25018410384655
0.25546818785369396
0.2586497659794986
0.2562864408828318
0.25616032583639026
0.25779140507802367
0.25829767202958465
0.25493970420211554
0.25430834712460637
0.2580268797464669
0.25713197980076075
0.2545611150562763
0.25400212220847607
0.2582055530510843
0.25578103959560394
0.2567022838629782
0.2550674178637564
0.2575641321018338
0.25905690900981426
0.2519841962493956
0.2503266748972237
0.25615418097004294
0.25798813207075
0.256552514154464
0.2561686998233199
0.25733908638358116
0.25808327784761786
0.2549525070935488
0.2546481089666486
0.2582081388682127
0.25736122392117977
0.2529129022732377
0.25366097688674927
0.25804477697238326
0.2562185861170292
0.25739406794309616
0.25583051331341267
0.255237621255219
0.26015480421483517
0.2547094151377678
0.2533774161711335
0.2575774509459734
0.25866908812895417
0.25215990375727415
0.25172335002571344
0.251336176879704
0.2564166677184403
0.2564023029990494
0.25420252373442054
0.25783627899363637
0.2591223451308906
0.25430363323539495
0.25727579602971673
0.25640850607305765
0.25747684808447957
0.2571926647797227
0.2561206091195345
0.2555798520334065
0.257732433732599
0.2548995101824403
0.25616238731890917
0.2579881181009114
0.25672165444120765
0.2545538358390331
0.25386641593649983
0.25881418492645025
0.2571202120743692
0.25694479420781136
0.2542291679419577
0.25208259420469403
0.2600886980071664
0.25382693903520703
0.2523496742360294
0.25758984265848994
0.2586618890054524
0.2569324020296335
0.255641870200634
0.25574380485340953
0.25768277421593666
0.2551050460897386
0.2548281019553542
0.2577255731448531
0.257489831186831
0.2522698799148202
0.24987644515931606
0.249658172018826
0.2551619098521769
0.25156796583905816
0.2532642772421241
0.25398505525663495
0.25895079178735614
0.2543014381080866
0.25259007420390844
0.255083744879812
0.25785530637949705
0.2563306209631264
0.24952532583847642
0.2515139449387789
0.25664478400722146
0.25757687957957387
0.24988045170903206
0.2509647379629314
0.25014752987772226
0.25865746196359396
0.25298591889441013
0.25180183397606015
0.25742317736148834
0.2592436671257019
0.2553082937374711
0.2549267439171672
0.2563829980790615
0.25898968195542693
0.2573938029818237
0.2558537102304399
0.25781166506931186
0.26039911713451147
0.2518932269886136
0.25232447730377316
0.25914269033819437
0.25821585208177567
0.2535717049613595
0.2514132228679955
0.252488796133548
0.260051145683974
0.2534753242507577
0.2516186451539397
0.2576480400748551
0.2581720231100917
0.2556001078337431
0.2542371922172606
0.25400274619460106
0.2578812791034579
0.25563407223671675
0.25780118675902486
0.25891493493691087
0.2574595473706722
0.2544737341813743
0.25647745886817575
0.2589196991175413
0.2574905911460519
0.2543974779546261
0.25406491523608565
0.2534304987639189
0.2598080327734351
0.2555530942045152
0.25395726319402456
0.25757827376946807
0.25982129015028477
0.2531396043486893
0.25230868300423026
0.24963179510086775
0.2554058162495494
0.2562328721396625
0.25939442217350006
0.2596601932309568
0.25800173357129097
0.2545898212119937
0.25388066098093987
0.2558234902098775
0.259516469668597
0.2552349870093167
0.25333358300849795
0.25607477221637964
0.2574854018166661
0.2538631437346339
0.2529890560545027
0.25820170482620597
0.2594949039630592
0.2562111266888678
0.2559219980612397
0.2559416168369353
0.2585050049237907
0.256546129938215
0.25596053106710315
0.25738598918542266
0.25881802570074797
0.25207875296473503
0.2506259214133024
0.2522289049811661
0.25675736321136355
0.25740845315158367
0.257968433201313
0.25913343019783497
0.25844773603603244
0.25497244810685515
0.25446051312610507
0.2596981371752918
0.2589448718354106
0.25152768986299634
0.24977982370182872
0.2520045507699251
0.26010659290477633
0.25811467692255974
0.2565695601515472
0.2586957239545882
0.258740178309381
0.2519091418944299
0.2508488302119076
0.25609260285273194
0.2582203969359398
0.2566845049150288
0.25533681316301227
0.2560387048870325
0.2601789804175496
0.25720535311847925
0.2552720452658832
0.2579939942806959
0.25890695117414
0.25202495185658336
0.2505984790623188
0.24940413795411587
0.2564808581955731
0.2575883409008384
0.2583623891696334
0.2597178779542446
0.25809562020003796
0.2550366669893265
0.25485482765361667
0.2594235185533762
0.2581148939207196
0.25489605497568846
0.253909173887223
0.25304804602637887
0.2593952310271561
0.25368298776447773
0.2527110390365124
0.25757556315511465
0.2588916881941259
0.2544633033685386
0.25361111480742693
0.2540082409977913
0.2564523289911449
0.2563732457347214
0.2585110110230744
0.2589798392727971
0.25942286290228367
0.25221400801092386
0.250362248159945
0.2553378092125058
0.2588607999496162
0.2571843978948891
0.257122035138309
0.25691639399155974
0.2592621319927275
0.25537418061867356
0.2539481851272285
0.25742823723703623
0.26074533304199576
0.2529597161337733
0.25447704596444964
0.2591011142358184
0.2600835910998285
0.25087082013487816
0.2504183021374047
0.2539965328760445
0.26058591715991497
0.2538884412497282
0.25251722102984786
0.256987527012825
0.2597686559893191
0.25450351228937507
0.25372612476348877
0.25287860399112105
0.25991600565612316
0.2569525698199868
0.2553937155753374
0.2589266700670123
0.257917364127934
0.25443874299526215
0.2548555978573859
0.259350982028991
0.2587772188708186
0.25326466001570225
0.252114568836987
0.25099042197689414
0.2584501816891134
0.2565843486227095
0.2546633770689368
0.2598571330308914
0.25990755995735526
0.25162977539002895
0.2500471519306302
0.2545780069194734
0.26075169164687395
0.25724407425150275
0.2563273929990828
0.25779138365760446
0.26115857204422355
0.2522634109482169
0.2522206399589777
0.25816068379208446
0.25969501305371523
0.2532873786985874
0.2520085871219635
0.25499223731458187
0.2604574612341821
0.2529588150791824
0.25219001108780503
0.25753931188955903
0.26100950920954347
0.25272398302331567
0.2518823300488293
0.2503079599700868
0.2573856180533767
0.25345279509201646
0.2592746317386627
0.2618601731956005
0.25997074181213975
0.2555844858288765
0.25544022116810083
0.2604451752267778
0.259332156740129
0.25181132508441806
0.2503034854307771
0.24845894519239664
0.2576520759612322
0.2570488238707185
0.2572006587870419
0.25992755871266127
0.25736298598349094
0.25429504085332155
0.2540673897601664
0.2543043289333582
0.25881680427119136
0.25794496666640043
0.25784554006531835
0.2572125690057874
0.25962968496605754
0.25268850196152925
0.25235071033239365
0.25767452409490943
0.2596624749712646
0.2533181798644364
0.25182729307562113
0.25035563111305237
0.2575216512195766
0.2590987989678979
0.25857516610994935
0.25869232416152954
0.25888877222314477
0.2534108152613044
0.2533108829520643
0.2542949286289513
0.2589471647515893
0.25596351316198707
0.2531358851119876
0.25563141610473394
0.258715049829334
0.25405192002654076
0.2513298559933901
0.2578999688848853
0.25801826221868396
0.25783604430034757
0.25566030107438564
0.2567512192763388
0.25785598484799266
0.25630108499899507
0.2556602703407407
0.2575880470685661
0.25858048303052783
0.25378536619246006
0.252264556940645
0.25425888411700726
0.2584753641858697
0.2565527306869626
0.256094329059124
0.2561722360551357
0.2597101926803589
0.2520182579755783
0.24979510391131043
0.2554607018828392
0.25760270608589053
0.25781033700332046
0.257037419360131
0.25667415000498295
0.2595164100639522
0.25493531208485365
0.2535708020441234
0.2570028407499194
0.2587027489207685
0.2532737422734499
0.25118487421423197
0.25128876278176904
0.25689062289893627
0.2528559183701873
0.25853592436760664
0.2592536909505725
0.25946479942649603
0.2549292240291834
0.2540343408472836
0.25432938197627664
0.2579903961159289
0.2560317609459162
0.256776450201869
0.2573462529107928
0.2597976238466799
0.2539175949059427
0.25269736535847187
0.25710794841870666
0.2591959503479302
0.25271541345864534
0.25054923398420215
0.25301665998995304
0.2579633891582489
0.25597865181043744
0.2564549529924989
0.2589640701189637
0.25749747175723314
0.25626018084585667
0.2552622607909143
0.2589852181263268
0.25715853180736303
0.25472063198685646
0.2538874940946698
0.25472846487537026
0.25849911384284496
0.2569497171789408
0.25598972430452704
0.2575732949189842
0.2584948339499533
0.2522259778343141
0.2503507900983095
0.2549454099498689
0.25655788416042924
0.25765843177214265
0.25808958895504475
0.2582929180935025
0.2599636660888791
0.25295722484588623
0.2524676062166691
0.2568575218319893
0.2577046765945852
0.255796801764518
0.25476437201723456
0.2525430438108742
0.2581898160278797
0.25519333174452186
