0.24593714717775583
0.2475692476145923
0.24755022022873163
0.24996061297133565
0.2547952616587281
0.2521164217032492
0.2471119542606175
0.24716743268072605
0.25252397870644927
0.25647544162347913
0.2533297948539257
0.254122078884393
0.2551191980019212
0.2557259229943156
0.25382538605481386
0.25404135091230273
0.2557933200150728
0.2551750550046563
0.2541521741077304
0.2513744872994721
0.2548952898941934
0.25759355491027236
0.2555781239643693
0.24999857367947698
0.2506432980298996
0.2579246060922742
0.25592864817008376
0.24916044622659683
0.2502933139912784
0.25684255873784423
0.2574499687179923
0.2526527186855674
0.25310488510876894
0.25580964889377356
0.2577928937971592
0.25226835906505585
0.24852309608832002
0.2533113188110292
0.2603985359892249
0.2532102852128446
0.251823868136853
0.25836664671078324
0.2595705147832632
0.25497591169551015
0.25360048096626997
0.2560780355706811
0.2602290720678866
0.25517442682757974
0.2540036169812083
0.25807751109823585
0.26047998014837503
0.25259043416008353
0.2518462068401277
0.25329100294038653
0.25353707605972886
0.25713422102853656
0.25889890268445015
0.2585901599377394
0.25800799392163754
0.25620910292491317
0.25653068255633116
0.2593408818356693
0.2585395649075508
0.25409664306789637
0.2536586909554899
0.25601291796192527
0.2613385673612356
0.2558229509741068
0.25617655785754323
0.2576078022830188
0.2617655131034553
0.2512315772473812
0.25270405877381563
0.2603730368427932
0.2608738229610026
0.24940254027023911
0.2479903190396726
0.25275303004309535
0.26062277564778924
0.25532885920256376
0.25427682790905237
0.25881364196538925
0.26060469821095467
0.2543071252293885
0.2536145681515336
0.25661924201995134
0.25406367890536785
0.25831669894978404
0.2617126670666039
0.2601072071120143
0.25944646587595344
0.25140172336250544
0.25258287228643894
0.25856266263872385
0.26105985324829817
0.2516740192659199
0.25137457018718123
0.25913579715415835
0.2561952588148415
0.25694049429148436
0.25535441981628537
0.25872308434918523
0.2597147091291845
0.25354584492743015
0.25432026386260986
0.2597798868082464
0.26088464818894863
0.2515840488485992
0.2514906292781234
0.2586188712157309
0.25371819036081433
0.261369070969522
0.2594430078752339
0.2615603720769286
0.2618662263266742
0.25428392505273223
0.2499259072355926
0.253862411249429
0.2562192287296057
0.2559344321489334
0.2578318743035197
0.26370396092534065
0.26103065023198724
0.25870899483561516
0.26141964504495263
0.2611159407533705
0.2612006710842252
0.2612067358568311
0.2605669912882149
0.2595632649026811
0.2517374772578478
0.2527632061392069
0.2577789071947336
0.26220728317275643
0.2511103507131338
0.25211656698957086
0.26044532284140587
0.25583988102152944
0.25697758374735713
0.25687048211693764
0.26086863316595554
0.2544972631148994
0.2552263760007918
0.2545200497843325
0.2591334651224315
0.25808480102568865
0.25431861681863666
0.25698136631399393
0.26067834720015526
0.26104316487908363
0.25726968236267567
0.25872349832206964
0.26088261185213923
0.25900313118472695
0.25820137979462743
0.25976122403517365
0.2600961681455374
0.25450620288029313
0.2540892451070249
0.2587954648770392
0.26188082341104746
0.25256913993507624
0.24997090781107545
0.25335731683298945
0.2619866468012333
0.25935445073992014
0.25806739879772067
0.25949624087661505
0.2614206541329622
0.2531598797068
0.2530340705998242
0.259564362000674
0.26189602073282003
0.2528148856945336
0.2535193390212953
0.26105774799361825
0.26102405320852995
0.25230048410594463
0.24897477868944407
0.25451223738491535
0.26014700904488564
0.2528061862103641
0.2546565602533519
0.25986513774842024
0.260300796944648
0.2512263027019799
0.24924984481185675
0.25303978100419044
0.26172952027991414
0.25669046165421605
0.2581740696914494
0.26163114700466394
0.2613003416918218
0.2518092510290444
0.2520158248953521
0.2587480158545077
0.25551951583474874
0.256132529117167
0.2535774908028543
0.2597756450995803
0.253876572009176
0.25729883182793856
0.2556490250863135
0.2603520890697837
0.2607458527199924
0.2520208889618516
0.25202732300385833
0.2586751193739474
0.2571367849595845
0.2554774768650532
0.25442795595154166
0.25577256735414267
0.24821131583303213
0.2629810059443116
0.26102214213460684
0.2617246420122683
0.2600024719722569
0.25887626875191927
0.25861378898844123
0.2569906706921756
0.26065763691440225
0.2609458710066974
0.2610009382478893
0.26237680297344923
0.2549256612546742
0.25324470177292824
0.25605417415499687
0.26115473825484514
0.25275920797139406
0.2533010449260473
0.2596603059209883
0.2623446290381253
0.2512176912277937
0.24880653200671077
0.2543628979474306
0.26055819913744926
0.25466553028672934
0.2544046980328858
0.25578594487160444
0.2612218991853297
0.2550303488969803
0.2540782270953059
0.2606562818400562
0.2590599488466978
0.25570961786434054
0.2563116969540715
0.26254573790356517
0.26073052221909165
0.25406775530427694
0.2500850483775139
0.25365963391959667
0.25736640440300107
0.2545472411438823
0.25657235365360975
0.2602857039310038
0.2594387009739876
0.2551324679516256
0.25433151377364993
0.261420417111367
0.26280613290145993
0.2590648992918432
0.258631126023829
0.26287639793008566
0.2564743170514703
0.2547938684001565
0.2595045049674809
0.26121549494564533
0.2548101581633091
0.25422615511342883
0.2596727958880365
0.2619055421091616
0.25216237595304847
0.2510914853774011
0.2551225800998509
0.26004876708611846
0.25799655821174383
0.25721516320481896
0.25871042208746076
0.26071323500946164
0.2528344518505037
0.2532894192263484
0.25931361271068454
0.25820100540295243
0.2538890209980309
0.2530788341537118
0.25864342087879777
0.25433714920654893
0.25650768959894776
0.25553394900634885
0.26022015511989594
0.2601876286789775
0.25095584988594055
0.25120934611186385
0.25830421363934875
0.2504816250875592
0.2633354081772268
0.26008170982822776
0.26147254509851336
0.2605822579935193
0.2575728390365839
0.25732826767489314
0.2603283440694213
0.262116237077862
0.2603037222288549
0.26069097872823477
0.26130341179668903
0.25490835402160883
0.2542089829221368
0.2596932831220329
0.26014846889302135
0.25320296827703714
0.25207466911524534
0.2589712138287723
0.2570310877636075
0.2566164741292596
0.25640250323340297
0.2602490629069507
0.26130435429513454
0.25181807577610016
0.2511635101400316
0.2568856538273394
0.2611601767130196
0.2526953388005495
0.25235005002468824
0.2600608770735562
0.25724523700773716
0.2567430348135531
0.25495946034789085
0.25844736816361547
0.25697971414774656
0.2527839168906212
0.2526748348027468
0.25870343018323183
0.25684915482997894
0.25369558995589614
0.2527368627488613
0.2563380040228367
0.26024170173332095
0.25336874416098
0.252511790022254
0.25850967690348625
0.26163240103051066
0.25269912695512176
0.2524595339782536
0.2602503299713135
0.2541218586266041
0.2582117891870439
0.2568510230630636
0.2615382056683302
0.2609718441963196
0.25407935911789536
0.2520818868651986
0.25655881501734257
0.25129299191758037
0.2600666838698089
0.2623705808073282
0.2623387770727277
0.26042226888239384
0.2588325962424278
0.26166911888867617
0.2612996557727456
0.257580588106066
0.2566543179564178
0.25817108899354935
0.2558347056619823
0.25839430000633
0.25663417112082243
0.2582739647477865
0.2603957229293883
0.25315901543945074
0.2532511129975319
0.25921760499477386
0.2617899337783456
0.25267154909670353
0.25381363555788994
0.2609015218913555
0.26069842278957367
0.2507844679057598
0.24989347904920578
0.2541653416119516
0.26103028003126383
0.25320858135819435
0.25231246603652835
0.26031066523864865
0.2556684226728976
0.2585503291338682
0.2595386868342757
0.26178861130028963
0.2615399928763509
0.2538463124074042
0.24973567388951778
0.25387396663427353
0.25809709541499615
0.25430999835953116
0.25567339919507504
0.2597541199065745
0.25868027564138174
0.2525404249317944
0.25400093710049987
0.26153312623500824
0.26147855864837766
0.2538184798322618
0.24973772931843996
0.25352240540087223
0.25518639804795384
0.2558088139630854
0.2579053808003664
0.2609890359453857
0.2604345609433949
0.2539040078409016
0.24945760890841484
0.25219089398160577
0.2486755419522524
0.2620819993317127
0.26074487110599875
0.26198942214250565
0.2617226210422814
0.25523943174630404
0.25779844308272004
0.26190194906666875
0.25785214779898524
0.25712692737579346
0.259584974963218
0.26235282607376575
0.2602439341135323
0.25966861564666033
0.2597061670385301
0.26187767507508397
0.25404494628310204
0.25266076112166047
0.2580171609297395
0.26097114523872733
0.25297950813546777
0.25401265686377883
0.26103099063038826
0.2596138543449342
0.2508762520737946
0.2517843786627054
0.25948102213442326
0.25779776368290186
0.25305979093536735
0.25235834578052163
0.25783470924943686
0.2567495172843337
0.25538515485823154
0.25681789917871356
0.2626267410814762
0.2608497040346265
0.2552050710655749
0.25631481874734163
0.25823005428537726
0.2569332248531282
0.2557442863471806
0.2536627152003348
0.2580384728498757
0.2588886748999357
0.25558126578107476
0.2580470028333366
0.2615269529633224
0.2581764399074018
0.2566722449846566
0.26058035623282194
0.2615915257483721
0.2567574540153146
0.2561397892422974
0.25779413618147373
0.260115965269506
0.2550260401330888
0.2544100913219154
0.2600650889798999
0.2625199272297323
0.25092387525364757
0.2485448746010661
0.25298338010907173
0.26276357425376773
0.2565231737680733
0.25662064366042614
0.2568518826738
0.2610316779464483
0.2545539368875325
0.2544360118918121
0.26001720456406474
0.2587175187654793
0.2548490078188479
0.2554029091261327
0.26111974380910397
0.2601674101315439
0.2536266092211008
0.25229519605636597
0.25777146499603987
0.2614188571460545
0.25548270903527737
0.25466326205059886
0.26059806998819113
0.2592807477340102
0.25670358911156654
0.25870731193572283
0.2620368837378919
0.25912673864513636
0.2600173447281122
0.26018618512898684
0.2611506301909685
0.2541461540386081
0.2520537469536066
0.2543470412492752
0.261482453905046
0.2527278559282422
0.2526120343245566
0.25975510012358427
0.26182899298146367
0.2505963151343167
0.24798013269901276
0.252044390887022
0.26057210471481085
0.256283525377512
0.25534291798248887
0.25950985588133335
0.26178535306826234
0.2524260231293738
0.24978085421025753
0.25302153918892145
0.26084610214456916
0.25675692688673735
0.2579743000678718
0.25825960701331496
0.2593581201508641
0.2559056458994746
0.25558857107535005
0.25708020431920886
0.2610431248322129
0.2520861644297838
0.25104246009141207
0.2573285289108753
0.25320828100666404
0.25803537014871836
0.2605534791946411
0.2597851804457605
0.2598337852396071
0.2530101942829788
0.2519748951308429
0.25755323097109795
0.26027940306812525
0.2519257334060967
0.25320932595059276
0.25956565979868174
0.25333676394075155
0.2584390938282013
0.25570419197902083
0.25899389991536736
0.2605192130431533
0.25249504391103983
0.25300193717703223
0.25820063473656774
0.2609731173142791
0.24949136609211564
0.24683585111051798
0.2523395800963044
0.26243250677362084
0.2549821687862277
0.25328885531052947
0.2569585428573191
0.26099826442077756
0.2531813681125641
0.2506900797598064
0.2550550871528685
0.2605625339783728
0.25594055000692606
0.25606948928907514
0.2568801250308752
0.25978442979976535
0.2544548362493515
0.2551262299530208
0.2600490781478584
0.2597766569815576
0.25280200503766537
0.25047639897093177
0.25617278181016445
0.2599374409765005
0.25454246113076806
0.25266100326552987
0.2554027852602303
0.2615842670202255
0.25086779380217195
0.2489530728198588
0.2529790517874062
0.2620719582773745
0.25942335557192564
0.25688555324450135
0.25889848824590445
0.26252458430826664
0.25373500399291515
0.2528837909922004
0.2576845409348607
0.2644291752949357
0.25171854021027684
0.2517830482684076
0.2579496609978378
0.2546122306957841
0.2603306411765516
0.2590947267599404
0.2607666631229222
0.25944142462685704
0.2517832489684224
0.2502009910531342
0.25710501708090305
0.2608439470641315
0.25117158284410834
0.2514700898900628
0.2587621291168034
0.2583974013105035
0.252834620885551
0.2523699211888015
0.2569629163481295
0.26030670292675495
0.25296813109889627
0.2531275851652026
0.2587659708224237
0.2611387078650296
0.2496026810258627
0.24845394911244512
0.25537633895874023
0.25836990401148796
0.2541745980270207
0.2535623167641461
0.2568699182011187
0.26068541780114174
0.25210780929774046
0.2506618592888117
0.2541678692214191
0.2604765258729458
0.2556632678024471
0.2558795949444175
0.2564602722413838
0.26148627419024706
0.25444222800433636
0.2547162380069494
0.25948544777929783
0.26015123492106795
0.2544866600073874
0.25408566603437066
0.26082028402015567
0.25868655601516366
0.252602961845696
0.2510687978938222
0.25445585092529655
0.26042777905240655
0.25445211911574006
0.2555052861571312
0.2608934217132628
0.2603868502192199
0.2504871031269431
0.25099204294383526
0.25908916909247637
0.25609698705375195
0.2569231577217579
0.25451903557404876
0.2557525560259819
0.26061335299164057
0.2523406371474266
0.25338856037706137
0.2596275391988456
0.25675529008731246
0.25510029401630163
0.2557462751865387
0.25829724222421646
0.2567644976079464
0.25264177983626723
0.25217812275514007
0.25775299686938524
0.261092321947217
0.25116585521027446
0.24753294605761766
0.25248668203130364
0.2628017021343112
0.2544804089702666
0.2528686160221696
0.256662136875093
0.26242467667907476
0.25230314303189516
0.2494982499629259
0.25305149611085653
0.2606187961064279
0.2560018631629646
0.25444277096539736
0.25682532507926226
0.26197267696261406
0.25463443621993065
0.25353168975561857
0.2570089972577989
0.26010217191651464
0.2541615557856858
0.2529898611828685
0.25683992030099034
0.26183905079960823
0.25399357778951526
0.2529346323572099
0.2554923892021179
0.26018573390319943
0.2527189557440579
0.25104064866900444
0.2572183134034276
0.2611772548407316
0.25456110667437315
0.2530721058137715
0.25593247497454286
0.26008888706564903
0.25424859393388033
0.25313617615029216
0.25671601900830865
0.2612387933768332
0.252243063878268
0.24979053111746907
0.2529609641060233
0.2604611199349165
0.2562894420698285
0.25505813490599394
0.25785444397479296
0.2618662831373513
0.2526821931824088
0.2511399332433939
0.2553753489628434
0.25515871634706855
0.25920697720721364
0.2603002330288291
0.2592132589779794
0.26152985356748104
0.25148446718230844
0.2492842199280858
0.25321086635813117
0.25693040201440454
0.26004295982420444
0.2597471927292645
0.26079393923282623
0.257106876000762
0.2517590275965631
0.25139526883140206
0.2540151202119887
0.2611297657713294
0.25338970590382814
0.25240461295470595
0.2589378389529884
0.2601691288873553
0.2526637390255928
0.25164295407012105
0.25478555308654904
0.26142640644684434
0.2527937148697674
0.25071416702121496
0.25604197895154357
0.26138906786218286
0.25631327694281936
0.2553279451094568
0.25787247996777296
0.25980124715715647
0.2555497530847788
0.2539885719306767
0.25566173531115055
0.2602276438847184
0.25266948668286204
0.2526608877815306
0.2599617703817785
0.26251704106107354
0.25108343781903386
0.24767871899530292
0.25241771386936307
0.26144449273124337
0.2580833500251174
0.2589607173576951
0.2579886522144079
0.2616371107287705
0.25222877599298954
0.25332469400018454
0.2587124570272863
0.25991382682695985
0.252764246892184
0.25266995932906866
0.2583091198466718
0.25448378594592214
0.25564682530239224
0.25556766195222735
0.2570918961428106
0.26033537089824677
0.2520409571006894
0.25400431314483285
0.2595495041459799
0.2610392631031573
0.2499969801865518
0.24830246903002262
0.2519815741106868
0.260572571773082
0.25499387877061963
0.2535888641141355
0.25704361824318767
0.26110668014734983
0.2539189448580146
0.2535150940530002
0.2577136089093983
0.25962108839303255
0.25666396832093596
0.25707052228972316
0.2572475569322705
0.26049375208094716
0.25320751266554
0.2522612037137151
0.2547630798071623
0.2618710370734334
0.25006505008786917
0.24740584893152118
0.25227277213707566
0.2604426322504878
0.2590591749176383
0.2572803609073162
0.2573325913399458
0.2599425772204995
0.2543392716906965
0.25476902071386576
0.2595226657576859
0.25952129578217864
0.2508690566755831
0.2487193658016622
0.2541957451030612
0.2627706271596253
0.2558115082792938
0.25243643997237086
0.2556679528206587
0.26154810981824994
0.25324262119829655
0.25074455374851823
0.2541769831441343
0.2592242732644081
0.2563427179120481
0.2585572861135006
0.25785360019654036
0.26012898283079267
0.255862136837095
0.256219781935215
0.25644434010609984
0.2605556487105787
0.25233708368614316
0.25382139813154936
0.25832748506218195
0.2557668648660183
0.25603054789826274
0.25646485295146704
0.2592582800425589
0.2585658128373325
0.25207761116325855
0.2533163633197546
0.2596506457775831
0.26090394984930754
0.24956057500094175
0.24747431697323918
0.25310439616441727
0.2611988363787532
0.2545120771974325
0.2527834977954626
0.2564315511845052
0.26284279208630323
0.25107349501922727
0.2478568940423429
0.25238975789397955
0.2620949619449675
0.2591904173605144
0.2595114051364362
0.25834250496700406
0.2605732590891421
0.25244657089933753
0.2507366049103439
0.2546613020822406
0.26121778413653374
0.25537349143996835
0.2565404740162194
0.2597835399210453
0.25712687196210027
0.2542020622640848
0.2558948202058673
0.25818879902362823
0.2599493209272623
0.2530916170217097
0.2502289521507919
0.2540478063747287
0.26145671773701906
0.2516533047892153
0.2523817177861929
0.2571792802773416
0.260854909196496
0.25296278996393085
0.2504244586452842
0.25476880511268973
0.2601934443227947
0.2535418849438429
0.25286378618329763
0.25552178593352437
0.2597237881273031
0.255143356975168
0.25467799697071314
0.256171434186399
0.25973240192979574
0.25472512375563383
0.2534817634150386
0.2581060752272606
0.25980586698278785
0.2520462963730097
0.2509717638604343
0.253898894879967
0.26135028433054686
0.2539254422299564
0.2530856290832162
0.2578940032981336
0.25929362513124943
0.2535741967149079
0.25288892490789294
0.25359478406608105
0.25363494688645005
0.25887936912477016
0.25832801777869463
0.2575943418778479
0.2598985070362687
0.25391548639163375
0.2528902729973197
0.25878002820536494
0.2590386290103197
0.2538555790670216
0.2533901119604707
0.2554561570286751
0.2606372213922441
0.2547057271003723
0.2534194150939584
0.25795452017337084
0.26154102711007
0.25212948489934206
0.2501928200945258
0.25380498776212335
0.2601331453770399
0.2567837443202734
0.257870536763221
0.25715142907574773
0.2594508263282478
0.25438040122389793
0.2539225919172168
0.25741502409800887
0.25946955010294914
0.2520333221182227
0.24981359113007784
0.2535636858083308
0.25991303473711014
0.25714938901364803
0.2566791111603379
0.2594218449667096
0.25906921923160553
0.252547481097281
0.25076267775148153
0.25511474907398224
0.260443571023643
0.2555071688257158
0.2569615510292351
0.25773520302027464
0.25885310769081116
0.2547483551315963
0.25690222438424826
0.25592847168445587
0.2596384729258716
0.25141968578100204
0.247897292021662
0.2520871418528259
0.2609390043653548
0.25572955003008246
0.25529021490365267
0.25915685622021556
0.2586245839484036
0.2579428688623011
0.2555893766693771
0.2579636899754405
0.26023426186293364
0.2511314949952066
0.24918677425011992
0.2536648246459663
0.2605049582198262
0.2561421231366694
0.2562666260637343
0.2567992131225765
0.2595325130969286
0.2533221188932657
0.2519196579232812
0.25718907499685884
0.2602679901756346
0.2535530813038349
0.2515174397267401
0.25454596569761634
0.2622042181901634
0.2547263498418033
0.2532345340587199
0.2583120451308787
0.2599532990716398
0.2519647506996989
0.25037062214687467
0.2530881459824741
0.26006801379844546
0.2553713330999017
0.2546468488872051
0.2595981960184872
0.2594664362259209
0.25431321235373616
0.25261698802933097
0.25767940701916814
0.26102206390351057
0.2517967480234802
0.25071107083931565
0.25414401199668646
0.25939504289999604
0.25794631987810135
0.2578440848737955
0.2575517608784139
0.2577623501420021
0.25377384340390563
0.25293533597141504
0.2542210230603814
0.25490742130205035
0.2587991338223219
0.2584630916826427
0.25853650411590934
0.25902616372331977
0.2562847579829395
0.25632922537624836
0.25666491501033306
0.25936507200822234
0.2524957279674709
0.25177906174212694
0.25764828315004706
0.26109625212848186
0.2530082641169429
0.25119302375242114
0.25408350909128785
0.2611697097308934
0.25093820597976446
0.24936511320993304
0.2552805650047958
0.255186156835407
0.26034892769530416
0.25902580097317696
0.25805244082584977
0.25875241681933403
0.25733029283583164
0.25737402867525816
0.2585459887050092
0.25904211681336164
0.25218662107363343
0.2518345802091062
0.25609494000673294
0.2598503320477903
0.2517702369950712
0.24994115810841322
0.2534755291417241
0.2611140739172697
0.25378888472914696
0.2503547347150743
0.257591828238219
0.26106895320117474
0.25569031154736876
0.2537109279073775
0.25657413015142083
0.2560610678046942
0.25955407228320837
0.25856164330616593
0.2586053223349154
0.2595743089914322
0.2564935050904751
0.25613596523180604
0.25781318824738264
0.25944905588403344
0.25062743481248617
0.2506048958748579
0.2577214352786541
0.2533129220828414
0.25829841615632176
0.26145118614658713
0.2586985258385539
0.2593905199319124
0.2511293622665107
0.25152427423745394
0.25921567901968956
0.260088412091136
0.252488621044904
0.2521763499826193
0.2576257511973381
0.2548999609425664
0.25598982675001025
0.254605436231941
0.2566782170906663
0.2598429578356445
0.25261589977890253
0.24913664907217026
0.25463938992470503
0.26054438995197415
0.25546534778550267
0.25582143664360046
0.2576410840265453
0.2601079810410738
0.25216278806328773
0.2533527510240674
0.25938359880819917
0.2579157641157508
0.2525364556349814
0.25007779197767377
0.2530237906612456
0.2605834072455764
0.25247439136728644
0.25097482139244676
0.2583030769601464
0.25957287661731243
0.25436331797391176
0.2530311709269881
0.2553109023720026
0.26189956208691
0.2546728579327464
0.2532285531051457
0.2579530831426382
0.26021916326135397
0.25403057504445314
0.25343439634889364
0.25913276616483927
0.2590971039608121
0.2556401309557259
0.25484101893380284
0.25732777127996087
0.25969205191358924
0.25420867186039686
0.25239938916638494
0.255021242890507
0.2590968022122979
0.2534526102244854
0.25142484717071056
0.2548770932480693
0.25529904710128903
0.2572606597095728
0.25864680390805006
0.25877626705914736
0.2571772253140807
0.25411674100905657
0.2533152080141008
0.25860908906906843
0.26029269490391016
0.252429551910609
0.24995215702801943
0.2531742537394166
0.25951740331947803
0.2587094260379672
0.25820340123027563
0.25849695783108473
0.2585529121570289
0.2522169053554535
0.25059287203475833
0.25633825175464153
0.25836709002032876
0.2524449359625578
0.2508212788961828
0.25459577003493905
0.25968082807958126
0.25600963179022074
0.2540598129853606
0.25938531616702676
0.25998528208583593
0.2540445988997817
0.25272428011521697
0.25823640497401357
0.25851956475526094
0.25297345127910376
0.25398418586701155
0.2581581939011812
0.2604528348892927
0.2532851486466825
0.25117559311911464
0.2580016772262752
0.2592694996856153
0.2532449150457978
0.2513931142166257
0.254646057728678
0.26072568306699395
0.25376220792531967
0.25432804971933365
0.25729643320664763
0.258843410294503
0.2552617359906435
0.2561729131266475
0.25775337498635054
0.257949304766953
0.2543970150873065
0.25207253731787205
0.2553794137202203
0.25978998420760036
0.25506138196215034
0.2544635380618274
0.2584568727761507
0.2589133447036147
0.2552516949363053
0.25452618999406695
0.2562774261459708
0.25783871160820127
0.2563527808524668
0.2569676488637924
0.2568189073354006
0.2575491750612855
0.2540303380228579
0.25411650398746133
0.25809518713504076
0.2583193411119282
0.2532623549923301
0.2512949318625033
0.2540268748998642
0.26008040830492973
0.2539277230389416
0.2531369091011584
0.2577728582546115
0.2598566981032491
0.25383893586695194
0.2531190039590001
0.2578394878655672
0.25849143508821726
0.2552442760206759
0.25686357263475657
0.25728251598775387
0.258908161893487
0.254905360750854
0.2539579691365361
0.2573484848253429
0.25977389328181744
0.2522738631814718
0.2506733271293342
0.25435084477066994
0.25984329683706164
0.2537243296392262
0.2530459179542959
0.25931638991460204
0.2601583977229893
0.2543367207981646
0.2534880698658526
0.2547001587226987
0.25439662393182516
0.25712493900209665
0.25820490485057235
0.2587759830057621
0.25832760287448764
0.25517591973766685
0.253886048682034
0.25771770998835564
0.2593459663912654
0.25539298029616475
0.2559480029158294
0.2576412409543991
0.25979407876729965
0.2522822539322078
0.2518023098818958
0.25538607919588685
0.26003864919766784
0.25270565086975694
0.25160423340275884
0.25290746986866
0.25393569795414805
0.2590758679434657
0.25723238941282034
0.25798793928697705
0.2596592912450433
0.2528662569820881
0.2523266891948879
0.25740479910746217
0.2596773970872164
0.25444778287783265
0.25484452629461884
0.25690023601055145
0.25965521298348904
0.25502403173595667
0.2536684558726847
0.2586656832136214
0.25893530808389187
0.2542822668328881
0.25373029010370374
0.2578340847976506
0.2601809059269726
0.25393079640343785
0.25356627395376563
0.2560527459718287
0.25973812071606517
0.25308818696066737
0.25224505830556154
0.2569723380729556
0.25914761889725924
0.25345198018476367
0.2549766027368605
0.2574269319884479
0.26123141311109066
0.2574686100706458
0.2572594308294356
0.25819848431274295
0.25745411682873964
0.2531757289543748
0.2552720387466252
0.2599516371265054
0.2615692219696939
0.24996978417038918
0.247434894554317
0.2529397397302091
0.25987462792545557
0.255327460821718
0.25371572095900774
0.2583044278435409
0.26042948476970196
0.25372885493561625
0.2500262730754912
0.2541802250780165
0.2600000943057239
0.25560277281329036
0.25773704471066594
0.257172463927418
0.25901339622214437
0.2546990839764476
0.25447681080549955
0.2582478350959718
0.2596490690484643
0.25155215291306376
0.24958845879882574
0.2534480579197407
0.2601428017951548
0.2571061928756535
0.2553846179507673
0.25758003909140825
0.2584249908104539
0.25125068007037044
0.24945914605632424
0.2555443290621042
0.2536892360076308
0.25841327803209424
0.2584492499008775
0.2580974893644452
0.25830731308087707
0.25480744196102023
0.25405295891687274
0.2576656751334667
0.2616482120938599
0.2529099928215146
0.2505675577558577
0.25400548288598657
0.2610432291403413
0.2546777301467955
0.2534353476949036
0.25713378516957164
0.2604113928973675
0.25398815888911486
0.2517189150676131
0.2571119600906968
0.25661267479881644
0.25664051668718457
0.2589551252312958
0.25946288323029876
0.2594367628917098
0.2556058191694319
0.2553738970309496
0.25709163397550583
0.26124904211610556
0.251038771122694
0.2526590060442686
0.2589699821546674
0.2604177347384393
0.2507128529250622
0.24737306078895926
0.25169937731698155
0.25900321593508124
0.25749619118869305
0.25741363409906626
0.2585948724299669
0.2589169633574784
0.252661794424057
0.25175887485966086
0.2556779528968036
0.2611494241282344
0.25537703558802605
0.2584648667834699
0.2581359650939703
0.25884178187698126
0.25294507574290037
0.25131309824064374
0.2565321889705956
0.2609832398593426
0.25364267406985164
0.2512737321667373
0.2543052760884166
0.2589480369351804
0.2570496080443263
0.25497735384851694
0.2583675323985517
0.2589770909398794
0.2530630398541689
0.25215512374415994
0.25787589978426695
0.260049250908196
0.25159591622650623
0.24999688565731049
0.25441939616575837
0.26066164998337626
0.2559594218619168
0.2554269516840577
0.26006787177175283
0.25979092018678784
0.25248988159000874
0.25142180221155286
0.2559025539085269
0.2606908017769456
0.25416419515386224
0.2535789776593447
0.25725479889661074
0.26068099215626717
0.2533727250993252
0.2515710541047156
0.2574010519310832
0.26034770300611854
0.25329267885535955
0.251390446908772
0.25453443499282
0.2611851957626641
0.25671339174732566
0.2544829063117504
0.25865364680066705
0.25978481117635965
0.2529133791103959
0.2515122606419027
0.25486098881810904
0.259724001865834
0.2571089221164584
0.25852440297603607
0.2579416590742767
0.26096298499032855
0.253011894878
0.2512026377953589
0.25479180412366986
0.26133148511871696
0.2538034711033106
0.2543399790301919
0.257865522056818
0.25921701127663255
0.253266962710768
0.25283230980858207
0.2555820308625698
0.2604745337739587
0.2534281653352082
0.2525380617007613
0.25781416799873114
0.2607149719260633
0.25534324906766415
0.2554318089969456
0.2585668829269707
0.2599107837304473
0.25495890714228153
0.25460456777364016
0.2562227579765022
0.26131721585989
0.2502138018608093
0.2473784708417952
0.2526223687455058
0.26202023681253195
0.2529809228144586
0.25110832834616303
0.25725453812628984
0.2606116170063615
0.25713900569826365
0.25845741713419557
0.259963808581233
0.2602659319527447
0.25100768776610494
0.2498465166427195
0.25284164818003774
0.2608605590648949
0.2564942352473736
0.25588630698621273
0.25913332402706146
0.26123112393543124
0.2513593561016023
0.25035459687933326
0.257611446082592
0.2555454741232097
0.25757076404988766
0.2605626252479851
0.26010738778859377
0.25865110708400607
0.25316128693521023
0.25435347529128194
0.2603196850977838
0.2606503376737237
0.24986927909776568
0.25019110925495625
0.25866697588935494
0.25559982005506754
0.25687014777213335
0.2557003181427717
0.2571223280392587
0.2615702208131552
0.24938297318294644
0.2523065279237926
0.25925834057852626
0.25327239418402314
0.2578746620565653
0.2587472959421575
0.2610004348680377
0.2583385659381747
0.2505131019279361
0.2506512659601867
0.25641528191044927
0.26006260281428695
0.2508343528024852
0.2495968472212553
0.25372445210814476
0.25995990075170994
0.2569140079431236
0.2575244870968163
0.2578824800439179
0.2620659349486232
0.25098454020917416
0.2522998093627393
0.2601666059345007
0.256408351007849
0.2529660533182323
0.2545016626827419
0.2558211167342961
0.2605339358560741
0.25127066671848297
0.25339925521984696
0.25984327076002955
0.2612064848653972
0.2521191816776991
0.25034599797800183
0.2560733878053725
0.26139251282438636
0.2537003541365266
0.25172456819564104
0.2554021570831537
0.26175091322511435
0.25225877529010177
0.2511571911163628
0.2548579922877252
0.2598996562883258
0.2575641479343176
0.25864242389798164
0.25864419899880886
0.2597067872993648
0.2523056757636368
0.25265338039025664
0.25858888030052185
0.26102578081190586
0.25060300808399916
0.24779051402583718
0.2514697057195008
0.2612393070012331
0.25645615393295884
0.25508663104847074
0.2586466488428414
0.26031799940392375
0.254550667013973
0.2540798829868436
0.25982973305508494
0.260908919852227
0.2512916550040245
0.2487602960318327
0.253221636172384
0.26020568888634443
0.25850019324570894
0.2584968311712146
0.25872120214626193
0.25956703582778573
0.25233791396021843
0.25265217013657093
0.2586578647606075
0.25956113915890455
0.25100868102163076
0.24774537794291973
0.2524262508377433
0.2608310878276825
0.255397732835263
0.25308083975687623
0.25812951289117336
0.2615814032033086
0.25223022093996406
0.24964632093906403
0.25340687204152346
0.2614482413046062
0.25360130332410336
0.2530875848606229
0.2583243092522025
0.2598915873095393
0.2556776418350637
0.2542589376680553
0.25943278009071946
0.25983594032004476
0.25379484286531806
0.2525547659024596
0.2557267900556326
0.2593341018073261
0.25770104117691517
0.25786811811849475
0.25747263990342617
0.25927298702299595
0.2528222189284861
0.25236125476658344
0.2593826721422374
0.2601728509180248
0.2537337960675359
0.25457340525463223
0.2576395799405873
0.25806454895064235
0.2524001472629607
0.2507642023265362
0.25581335788592696
0.26146911177784204
0.2522642049007118
0.2496799761429429
0.25346537586301565
0.26010473491624
0.2558201439678669
0.2548156538978219
0.257947436068207
0.2592981830239296
0.25578058091923594
0.25500928796827793
0.25914097065106034
0.2603518827818334
0.25245754327625036
0.25082909082993865
0.254227795638144
0.26010086527094245
0.25272405007854104
0.2518034460954368
0.2571500423364341
0.2601330988109112
0.2537186248227954
0.25208312598988414
0.2547401278279722
0.26005097990855575
0.2570087928324938
0.25782535783946514
0.25816006399691105
0.2580471718683839
0.2543101320043206
0.25333926314488053
0.2584642036817968
0.2606107369065285
0.2524248519912362
0.250712460372597
0.2545623518526554
0.2608906286768615
0.25410724291577935
0.2544396477751434
0.25788401486352086
0.260043126065284
0.2529285862110555
0.2526678810827434
0.25719157699495554
0.25864303577691317
0.25431446079164743
0.2532398719340563
0.2554644229821861
0.25986600667238235
0.2558421199209988
0.2549055772833526
0.2578651290386915
0.2598904906772077
0.2510510249994695
0.24891425715759397
0.25218083895742893
0.25371410278603435
0.25507397297769785
0.2584300101734698
0.2580491080880165
0.2610146519728005
0.2535853162407875
0.25608056504279375
0.25940645998343825
0.2596028558909893
0.25368253281340003
0.25154065107926726
0.2543007479980588
0.2601516409777105
0.25698686204850674
0.25802025524899364
0.2578804469667375
0.25925018126145005
0.25586373871192336
0.2561722546815872
0.25783904967829585
0.2577821519225836
0.25284078903496265
0.25002581626176834
0.2540690856985748
0.25922098010778427
0.25470823189243674
0.25538302678614855
0.25749543588608503
0.25786483520641923
0.2550630569458008
0.25358015298843384
0.25816617580130696
0.259020724799484
0.25365314492955804
0.2527615977451205
0.2554657058790326
0.25961096910759807
0.2545040394179523
0.25316536286845803
0.2583218808285892
0.2599569112062454
0.25226481491699815
0.2512027285993099
0.254374535754323
0.26028900500386953
0.2536266818642616
0.2540017059072852
0.2588182659819722
0.2610983173362911
0.25141951302066445
0.2500110240653157
0.254539767280221
0.2545639928430319
0.2585026719607413
0.25836556730791926
0.2578813205473125
0.25943922623991966
0.25491349725052714
0.2532638357952237
0.25862992415204644
0.25935745192691684
0.2536349706351757
0.25287621514871716
0.2533171218819916
0.253487145062536
0.2550827939994633
0.25695347413420677
0.2572355018928647
0.2599544650875032
0.2564815073274076
0.25644419621676207
0.25875473069027066
0.25893947714939713
0.2553648008033633
0.25500065367668867
0.2570625930093229
0.26061874628067017
0.2557150600478053
0.25569804199039936
0.2570276251062751
0.257743245922029
0.25237326975911856
0.2517608506605029
0.2572332201525569
0.258848185185343
0.2544594439677894
0.25265703396871686
0.2552108848467469
0.25958159705623984
0.25228760903701186
0.2510299771092832
0.2560692480765283
0.260785894934088
0.2535887137055397
0.2507828832603991
0.2556608533486724
0.2630982520058751
0.25486977072432637
0.2541642510332167
0.2583314538933337
0.2608054359443486
0.2546996199525893
0.25295477034524083
0.25474619306623936
0.2580182277597487
0.2543835202232003
0.25320835690945387
0.25674445275217295
0.259878643322736
0.25407637702301145
0.2532697292044759
0.2576893079094589
0.2595479041337967
0.25346202217042446
0.25305782398208976
0.25540118385106325
0.25803548423573375
0.25487233977764845
0.253182303160429
0.25767615670338273
0.25761026283726096
0.25442325696349144
0.2534493082202971
0.25748105766251683
0.2570993062108755
0.2557854033075273
0.25679345708340406
0.2587327640503645
0.25987662468105555
0.2527788570150733
0.2508486551232636
0.257666592951864
0.2583682960830629
0.25819732528179884
0.25718318624421954
0.2584275659173727
0.2569505888968706
0.2564998767338693
0.2563849100843072
0.25763244507834315
0.2577057131566107
0.2555484510958195
0.25674992613494396
0.2564859539270401
0.2573988507501781
0.25087842578068376
0.2488490859977901
0.25229830713942647
0.26183495623990893
0.252818257547915
0.25033259904012084
0.25771517818793654
0.2592520350590348
0.255442364141345
0.25513692386448383
0.2577034351415932
0.26021250197663903
0.25420674169436097
0.2542865830473602
0.25689737126231194
0.25806501181796193
0.2530702259391546
0.2510289461351931
0.257125164847821
0.26042430801317096
0.25296141766011715
0.25026104087010026
0.25465640192851424
0.2603303990326822
0.25595480762422085
0.25420405669137836
0.2587722926400602
0.2587385601364076
0.2557777017354965
0.2565765706822276
0.2592286039143801
0.2574434522539377
0.2551304171793163
0.2557579870335758
0.2580658309161663
0.25873549235984683
0.25355491507798433
0.2527753380127251
0.2568352771922946
0.2610948062501848
0.2511005690321326
0.24975751619786024
0.2555730710737407
0.259687049780041
0.25511342473328114
0.2532251109369099
0.2563478737138212
0.25876064924523234
0.25683431001380086
0.25689289811998606
0.25948800100013614
0.25829348200932145
0.25351884216070175
0.2518137306906283
0.2556209471076727
0.260507735889405
0.25551381381228566
0.2558952048420906
0.25674774311482906
0.25878501404076815
0.2561402218416333
0.25585859501734376
0.25800025602802634
0.25778719363734126
0.25320329423993826
0.2520612087100744
0.25851350696757436
0.2572441194206476
0.25483734626322985
0.256665525957942
0.257498349994421
0.2602739632129669
0.24995297892019153
0.24888084409758449
0.2547392421402037
0.2539495062083006
0.2581079979427159
0.2578243422321975
0.25847076531499624
0.2588201379403472
0.2551255179569125
0.2536372411996126
0.2578715980052948
0.25981146190315485
0.25293523957952857
0.25030001625418663
0.2534059602767229
0.26008515199646354
0.25662851706147194
0.25562907196581364
0.2586734830401838
0.2595118130557239
0.25290650222450495
0.2522043753415346
0.2581342039629817
0.26134336087852716
0.2526649269275367
0.25133751379325986
0.2553908107802272
0.25988703733310103
0.2563303639180958
0.2567067532800138
0.2568124821409583
0.2579738888889551
0.25515041686594486
0.25466329976916313
0.25942247407510877
0.258863880764693
0.25198227213695645
0.24981459695845842
0.25399756990373135
0.26178673515096307
0.2547414330765605
0.2547262441366911
0.2582852728664875
0.25757638085633516
0.2536972602829337
0.2512277369387448
0.25412598717957735
0.25413277791813016
0.25837182998657227
0.2592738731764257
0.25735981203615665
0.2577541936188936
0.2549981833435595
0.2541846069507301
0.2582241790369153
0.2611034489236772
0.2511656619608402
0.24979527201503515
0.25420889630913734
0.26068167481571436
0.2545601539313793
0.2539295298047364
0.2582347756251693
0.26030206494033337
0.25370862195268273
0.25202740589156747
0.2569859712384641
0.25976691069081426
0.25319645507261157
0.2518992773257196
0.2556955120526254
0.26066300785169005
0.2579459771513939
0.25721851643174887
0.2581959352828562
0.26014511520043015
0.2516931528225541
0.24819587683305144
0.24768226174637675
0.2534004678018391
0.253278274089098
0.2573654097504914
0.256199904717505
0.2551169437356293
0.2602210841141641
0.2547944011166692
0.2544546751305461
0.25986306462436914
0.2562805414199829
0.2555279340595007
0.25943521689623594
0.2603816678747535
0.2563558341935277
0.2551913792267442
0.25933787832036614
0.2597512938082218
0.2547099138610065
0.2539497669786215
0.2569691869430244
0.2606852180324495
0.2538461717776954
0.25581336999312043
0.25751633010804653
0.2605215050280094
0.25126364873722196
0.2504070186987519
0.25658633932471275
0.26052895095199347
0.2532503008842468
0.2523412029258907
0.2559063178487122
0.26173130981624126
0.25757567724213004
0.25909000588580966
0.2582266121171415
0.25813378440216184
0.2519069379195571
0.2521167518571019
0.260596317704767
0.26105904020369053
0.24997528409585357
0.24884327361360192
0.252870068885386
0.2615437782369554
0.25613210489973426
0.2571931309066713
0.2597833923064172
0.2589426077902317
0.2518945802003145
0.24994949204847217
0.25411758897826076
0.259048406034708
0.25762653164565563
0.2560319141484797
0.2576008508913219
0.25958634819835424
0.251148359850049
0.2504676626995206
0.2555010733194649
0.25937153911218047
0.25618149433285
0.25722468411549926
0.2584831789135933
0.25963217997923493
0.254678881727159
0.25543584395200014
0.25655736587941647
0.2592352950014174
0.2512669931165874
0.24969525821506977
0.254715452902019
0.26014648377895355
0.25687889801338315
0.25777147337794304
0.25840887427330017
0.26120061706751585
0.25328115094453096
0.25284009892493486
0.25567063177004457
0.2597123379819095
0.2515476197004318
0.2498628948815167
0.2534324391745031
0.2613850673660636
0.25695112999528646
0.25541074480861425
0.25682582380250096
0.25927292415872216
0.25295500876381993
0.25247987592592835
0.25845053512603045
0.25997069338336587
0.2523310510441661
0.2518804306164384
0.25525366282090545
0.2602092078886926
0.25468508899211884
0.2536869579926133
0.2576821791008115
0.2603559088893235
0.2526575978845358
0.25191714707762003
0.25548711931332946
0.2607717467471957
0.25517011201009154
0.2571677519008517
0.2575114769861102
0.26076039392501116
0.2509658387862146
0.2501996885985136
0.2560108373872936
0.2598820519633591
0.2552559869363904
0.25685804011300206
0.2576478449627757
0.2601090772077441
0.25462497817352414
0.25521554006263614
0.25656365510076284
0.2594411647878587
0.24963866919279099
0.24828982818871737
0.2527260431088507
0.2609716081060469
0.2576003549620509
0.2583752837963402
0.2578556132502854
0.2592597003094852
0.2538690431974828
0.25475247483700514
0.25726639200001955
0.25774962501600385
0.25303400307893753
0.2505899481475353
0.2533208420500159
0.259446457028389
0.2547953836619854
0.2537611071020365
0.25833475310355425
0.25839032512158155
0.2541441209614277
0.2534398790448904
0.2562816753052175
0.2547373422421515
0.2561840731650591
0.25606218399479985
0.25733570801094174
0.2585374228656292
0.25668630516156554
0.2565068807452917
0.25777406617999077
0.2578620286658406
0.2522191172465682
0.2510775397531688
0.25452029798179865
0.26022581988945603
0.2540601743385196
0.25345831783488393
0.25763533683493733
0.25951250083744526
0.25409620301797986
0.25362011417746544
0.2544622262939811
0.25503049278631806
0.2565859369933605
0.2576947039924562
0.2580285877920687
0.2585403900593519
0.2531393589451909
0.251042396761477
0.2573471423238516
0.25896952021867037
0.2569103380665183
0.25733725912868977
0.256706649903208
0.2591297081671655
0.2545730392448604
0.25278436904773116
0.2559814350679517
0.2580798608250916
0.2517943591810763
0.25169843481853604
0.2574415262788534
0.2556152609176934
0.25886449171230197
0.25821868190541863
0.25788879580795765
0.258044539950788
0.25479666283354163
0.2538692750968039
0.2578974571079016
0.2583194449543953
0.2540114060975611
0.25440760469064116
0.2567385779693723
0.2596286563202739
0.2528184778057039
0.2517534331418574
0.25516885286197066
0.2596465009264648
0.25307529978454113
0.25105255423113704
0.2572022140957415
0.25598542066290975
0.25820812536403537
0.2583480426110327
0.2578233522363007
0.2596869710832834
0.2552540493197739
0.2561082555912435
0.2580729559995234
0.2574014491401613
0.254132938105613
0.25473760114982724
0.25727682281285524
0.25851495703682303
0.25169913098216057
0.2495769807137549
0.25361724104732275
0.2601539031602442
0.25688105914741755
0.25659851636737585
0.25799503084272146
0.25832984782755375
0.25477345008403063
0.2538285879418254
0.25836475007236004
0.25853452691808343
0.2520990022458136
0.2504185903817415
0.2539755078032613
0.2601458467543125
0.25460315495729446
0.2535578100942075
0.25795884896069765
0.2598432609811425
0.2540753362700343
0.2537103667855263
0.25834884587675333
0.25990357575938106
0.25705409282818437
0.25704395305365324
0.2581186508759856
0.25837210984900594
0.25463868910446763
0.2560111409984529
0.25682600075379014
0.2579437498934567
0.2525596423074603
0.25209272699430585
0.25822233175858855
0.2603334588930011
0.25190199771896005
0.2518520411103964
0.25499754399061203
0.25812069699168205
0.2549636196345091
0.253764393273741
0.25876576267182827
0.2601261092349887
0.2526162746362388
0.2513788649812341
0.25423930399119854
0.25998585810884833
0.25686090672388673
0.25608973391354084
0.25819547288119793
0.2596305632032454
0.25560777401551604
0.2555930791422725
0.25808129692450166
0.2602976141497493
0.249945187009871
0.24807246075943112
0.25215266225859523
0.26033677626401186
0.2547009028494358
0.2533064913004637
0.25888471491634846
0.2596803540363908
0.2543575270101428
0.25380836008116603
0.25650401413440704
0.25921720499172807
0.2550772284157574
0.2572383563965559
0.25800675014033914
0.25971609307453036
0.25458442512899637
0.2550925938412547
0.2577164750546217
0.2589266700670123
0.2522848239168525
0.24949560314416885
0.2541119144298136
0.26034946320578456
0.25596560072153807
0.25721389800310135
0.25832287687808275
0.25981151033192873
0.25124552194029093
0.2498624469153583
0.2553900619968772
0.2565563013777137
0.25691073201596737
0.2588189640082419
0.25707522314041853
0.26043441519141197
0.25294270692393184
0.2515538758598268
0.2571610431186855
0.2612737100571394
0.2526668640784919
0.25179414404556155
0.2553549245931208
0.2604843811132014
0.2558493698015809
0.2566858073696494
0.25712439604103565
0.26066790521144867
0.25311355711892247
0.25321395182982087
0.25877549732103944
0.25883662328124046
0.2510225400328636
0.24966750014573336
0.25399854965507984
0.2598892883397639
0.2562311817891896
0.2541207168251276
0.25794684095308185
0.2599440719932318
0.25413893116638064
0.25536507880315185
0.2575969621539116
0.25908348290249705
0.2529608062468469
0.2525920309126377
0.2564965677447617
0.2605292471125722
0.2517530731856823
0.250082166865468
0.2559884125366807
0.253696464933455
0.25926188891753554
0.2596302293241024
0.2580875880084932
0.2593939281068742
0.25298195192590356
0.2528498168103397
0.2583490121178329
0.2604687577113509
0.25280051212757826
0.2520217802375555
0.25573293399065733
0.2606650460511446
0.2536404971033335
0.2551542171277106
0.2577331499196589
0.25853896886110306
0.25366024393588305
0.2518724421970546
0.25862972205504775
0.2598227309063077
0.2550536240451038
0.25419074995443225
0.25639806408435106
0.2604017402045429
0.2533213570713997
0.2511945851147175
0.2571028368547559
0.259995159227401
0.25273110903799534
0.2516987700946629
0.25518603483214974
0.26087883627042174
0.25598077895119786
0.2559107020497322
0.2575388168916106
0.25925711495801806
0.2527837152592838
0.2537461407482624
0.2581649976782501
0.25964641105383635
0.25264989817515016
0.25120874494314194
0.2540578292682767
0.2606851253658533
0.25356695894151926
0.2517302823252976
0.25730864703655243
0.25958102103322744
0.25514333276078105
0.25361743569374084
0.2564425142481923
0.2603376032784581
0.25484558707103133
0.2537437858991325
0.2575242700986564
0.26004684902727604
0.25520694302394986
0.2544539081864059
0.2585252928547561
0.25992559967562556
0.25247555365785956
0.252677162643522
0.2556801997125149
0.2608083412051201
0.25383611489087343
0.2545549371279776
0.25766930961981416
0.2598735583014786
0.25357525423169136
0.25322790537029505
0.258573183324188
0.2594871590845287
0.2541486332193017
0.2555462629534304
0.2579863159917295
0.260030766017735
0.2515664570964873
0.24977124761790037
0.2544140419922769
0.2614819901064038
0.2530733747407794
0.2521996176801622
0.2561590396799147
0.260510646738112
0.2557179667055607
0.25596274016425014
0.2577022002078593
0.2625212948769331
0.2516221646219492
0.2502610292285681
0.2562315692193806
0.26063797576352954
0.2557341209612787
0.25644234707579017
0.25890185683965683
0.255141100846231
0.25524839060381055
0.25552244717255235
0.25772043177857995
0.26112210704013705
0.2515913499519229
0.2518083043396473
0.2589558088220656
0.2594805187545717
0.2510213032364845
0.24991075694561005
0.2544772159308195
0.261677254922688
0.25242682499811053
0.25036529498174787
0.25610461411997676
0.2575523308478296
0.2560240663588047
0.25652402685955167
0.25626607285812497
0.2587672579102218
0.256225423887372
0.2550176242366433
0.25721237901598215
0.2589594149030745
0.2528068320825696
0.25031363870948553
0.2552482499741018
0.25471017602831125
0.2584483311511576
0.2580894869752228
0.2579289651475847
0.2582233431749046
0.25625262316316366
0.2541715311817825
0.25750930327922106
0.2596830786205828
0.25117974216118455
0.2474339879117906
0.2488140701316297
0.25425177114084363
0.25242652418091893
0.25477358838543296
0.25532265566289425
0.25695634726434946
0.2591355722397566
0.25117266084998846
0.2532117245718837
0.25929873576387763
0.2588217188604176
0.25181001611053944
0.25137703213840723
0.257383702788502
0.2584111806936562
0.25025314511731267
0.2510195388458669
0.25778066320344806
0.25407770136371255
0.25582219706848264
0.25770543375983834
0.2597191999666393
0.260354720056057
0.2501885830424726
0.25228472985327244
0.26069613080471754
0.2557854247279465
0.2515244330279529
0.25237778993323445
0.25816449895501137
0.26071882201358676
0.24917447427287698
0.24669676180928946
0.2523013222962618
0.26223640562966466
0.2540670270100236
0.2539649661630392
0.25750498566776514
0.2599580669775605
0.2530224360525608
0.24948989180848002
0.2523205201141536
0.26024115923792124
0.2568255546502769
0.2564793489873409
0.25749758910387754
0.2588692591525614
0.25433798506855965
0.25197475496679544
0.25731339026242495
0.2587925032712519
0.25477713579311967
0.25434949109330773
0.25667080469429493
0.2572042108513415
0.25529016414657235
0.2562430598773062
0.25689437612891197
0.2577384798787534
0.2537785372696817
0.25251459004357457
0.25654445588588715
0.25930441496893764
0.2561657899059355
0.25771791115403175
0.2563889813609421
0.25847357604652643
0.2535405238159001
0.25180240301415324
0.2574006263166666
0.25833986699581146
0.25395965203642845
0.25153750693425536
0.25443950993940234
0.2589035229757428
0.25446096109226346
0.25222863629460335
0.257010986097157
0.25903120962902904
0.2529618162661791
0.25326239177957177
0.252562849316746
0.25450726924464107
0.25667442474514246
0.25576057098805904
0.2554086116142571
0.2584813218563795
0.25757260294631124
0.25645968271419406
0.2574709029868245
0.25773396203294396
0.25595551589503884
0.2573511670343578
0.257051529828459
0.2592050349339843
0.25457132840529084
0.2524699969217181
0.25719062332063913
0.2582036159001291
0.25310875196009874
0.25136836897581816
0.2503150850534439
0.25329110119491816
0.25370897306129336
0.2525915871374309
0.2531570279970765
0.25850920379161835
0.25563220912590623
0.2518962752074003
0.25141758332028985
0.2577873752452433
0.2504189210012555
0.2552622207440436
0.2555017024278641
0.25761992717161775
0.2571190199814737
0.2506638658232987
0.247059372253716
0.25132555793970823
0.2596951788291335
0.2547370991669595
0.2552727391012013
0.25736922305077314
0.25717143807560205
0.2528815190307796
0.2528165108524263
0.2557003712281585
0.25769812520593405
0.25426792120561004
0.251269553322345
0.2566856499761343
0.25578130781650543
0.2593845031224191
0.25792762776836753
0.25714596174657345
0.259070101659745
0.25419005285948515
0.25401876028627157
0.25643886299803853
0.26075037103146315
0.25096460338681936
0.24878701101988554
0.25239913491532207
0.253282078076154
0.2536554760299623
0.25653795385733247
0.2574112410657108
0.25773086212575436
0.259564409032464
0.25560730881989
0.2495735064148903
0.2529820338822901
0.25195720698684454
0.2508097877725959
0.2508854269981384
0.255304257851094
0.260606343857944
0.24998293910175562
0.24947510473430157
0.2561913593672216
0.2591702570207417
0.25221829768270254
0.24943244084715843
0.2537926631048322
0.2601079922169447
0.2523282738402486
0.24952730583027005
0.2523170872591436
0.26069868402555585
0.25562951201573014
0.2539530978538096
0.25800815084949136
0.25823688181117177
0.256744802929461
0.25608724588528275
0.2596678351983428
0.25936484104022384
0.2532296283170581
0.25140671199187636
0.25446207681670785
0.26028861897066236
0.25430510472506285
0.2515843650326133
0.2567425537854433
0.2578367288224399
0.25573203805834055
0.25286480505019426
0.25281669199466705
0.2549259909428656
0.25602088076993823
0.2561372062191367
0.2575830058194697
0.25774626387283206
0.2560464320704341
0.2565884538926184
0.257554872892797
0.25691235018894076
0.25918699195608497
0.25701462710276246
0.25776328099891543
0.2582687819376588
0.2525157956406474
0.2520989771001041
0.2556802430190146
0.25915800826624036
0.2528528021648526
0.2506657661870122
0.2577148461714387
0.2593752318061888
0.25418364023789763
0.2524455492384732
0.2547408123500645
0.25855656899511814
0.2558397250249982
0.25419234624132514
0.2590067912824452
0.25884570088237524
0.25468106381595135
0.2540780156850815
0.2569354469887912
0.2572885383851826
0.2560878889635205
0.2558953049592674
0.257086013443768
0.2578430902212858
0.2530258339829743
0.2505576550029218
0.25507629103958607
0.2558298041112721
0.2589605967514217
0.2560411198064685
0.2551709203980863
0.2568654245696962
0.25725977309048176
0.256311465986073
0.2573114079423249
0.25826684571802616
0.25651967991143465
0.2559642968699336
0.2580671841278672
0.2572863339446485
0.25267010321840644
0.25177663285285234
0.2544621769338846
0.2583882790058851
0.2571253371424973
0.25633194763213396
0.25695167668163776
0.25699634198099375
0.25484611792489886
0.2533419388346374
0.2524726199917495
0.2524802116677165
0.25239315815269947
0.25460359221324325
0.2525606700219214
0.25481373723596334
0.2542739538475871
0.2525924537330866
0.2530670277774334
0.2603984749875963
0.25417359825223684
0.25274709705263376
0.2538319271989167
0.25807703100144863
0.2556756972335279
0.25097689079120755
0.24889069283381104
0.25315622705966234
0.2600517449900508
0.2531920298933983
0.2528220801614225
0.2560810777358711
0.2603678349405527
0.25482179829850793
0.2552479808218777
0.2556517762131989
0.25950914481654763
0.2522310479544103
0.24968398083001375
0.25539103569462895
0.2532570422627032
0.25827332213521004
0.25760137010365725
0.2583588119596243
0.25848261499777436
0.25612270599231124
0.2544704028405249
0.2578546991571784
0.25971425510942936
0.25060145603492856
0.24738732911646366
0.24819099204614758
0.2541436408646405
0.2542106583714485
0.2550727599300444
0.2537129926495254
0.25514328107237816
0.25693840999156237
0.25003834068775177
0.2504843808710575
0.25879158824682236
0.2529152426868677
0.2517275377176702
0.2513973619788885
0.25843450520187616
0.2610508380457759
0.2509041610173881
0.248161057010293
0.25138090597465634
0.2592772119678557
0.2562399753369391
0.25477445498108864
0.25787533540278673
0.25882941018790007
0.2534054657444358
0.25156897073611617
0.2543002446182072
0.26071956288069487
0.25391470780596137
0.25298340804874897
0.2576453941874206
0.25935795763507485
0.2535555032081902
0.25102488370612264
0.2535937079228461
0.2613476039841771
0.25511065404862165
0.2546052928082645
0.25892808102071285
0.2597698112949729
0.2527083861641586
0.25048119481652975
0.2570090228691697
0.2546633048914373
0.26000001607462764
0.2584671387448907
0.2577765458263457
0.25887420726940036
0.2570323389954865
0.2563745314255357
0.2566055697388947
0.2579175247810781
0.25364157278090715
0.25277775106951594
0.25827208487316966
0.25877883192151785
0.25347475707530975
0.2512666480615735
0.2538169617764652
0.2612330811098218
0.25409788312390447
0.2533434578217566
0.2576843579299748
0.25884941266849637
0.2533320072107017
0.2512275609187782
0.25371467508375645
0.25931812822818756
0.2533512697555125
0.2525164317339659
0.25687268003821373
0.25841167801991105
0.25445016706362367
0.25176869332790375
0.25561675196513534
0.2575783049687743
0.2569567309692502
0.2567804609425366
0.25709780771285295
0.2595235789194703
0.2552231098525226
0.25445981742814183
0.2587319640442729
0.25779426330700517
0.2545248898677528
0.25490213511511683
0.2557386001572013
0.25906428089365363
0.255030635278672
0.2540533756837249
0.2573052067309618
0.2575493804179132
0.25550252897664905
0.2534641018137336
0.2577878930605948
0.2588838809169829
0.2561197942122817
0.2558788717724383
0.25719585409387946
0.25894463900476694
0.2533618910238147
0.25180174177512527
0.2567423819564283
0.2589200781658292
0.2517846957780421
0.2501085880212486
0.2524845073930919
0.25882274005562067
0.2556947083212435
0.25369519693776965
0.25828658416867256
0.26006262795999646
0.2550378288142383
0.2537555149756372
0.2572087147273123
0.25736431078985333
0.2551011461764574
0.25610717199742794
0.25736601604148746
0.25781708769500256
0.2533681788481772
0.2546210289001465
0.25873388908803463
0.2585957180708647
0.2549364357255399
0.25389588298276067
0.25508131785318255
0.25813549384474754
0.25356143387034535
0.2516141361556947
0.2568652671761811
0.25730040995404124
0.25603870302438736
0.2551896427758038
0.2568981018848717
0.25731139816343784
0.2538609900511801
0.254266956821084
0.25765576772391796
0.2570963748730719
0.25680204201489687
0.2565432460978627
0.25681561417877674
0.25731388572603464
0.25595700088888407
0.25598448095843196
0.2564742211252451
0.25829264894127846
0.25398564292117953
0.25187621591612697
0.25632844492793083
0.2578692086972296
0.25228736409917474
0.25025865575298667
0.25503223296254873
0.2582908971235156
0.257238554302603
0.25358814699575305
0.2566124387085438
0.25858854316174984
0.2544087879359722
0.2569643398746848
0.2556506642140448
0.25644826609641314
0.2575103910639882
0.25296994065865874
0.25307392701506615
0.2592944740317762
0.2552166790701449
0.2538489489816129
0.2557706511579454
0.25477074598893523
0.2601563357748091
0.2535495492629707
0.24996129097416997
0.25580772291868925
0.2566373203881085
0.25232767779380083
0.24912491580471396
0.25323485117405653
0.2542293998412788
0.25219698529690504
0.25202845595777035
0.2568479683250189
0.259546326007694
0.25214467803016305
0.2493833051994443
0.2537082242779434
0.26052721915766597
0.25244727823883295
0.24883178295567632
0.25239487597718835
0.25908838026225567
0.25513620814308524
0.2548375311307609
0.2584257749840617
0.2596807121299207
0.2547557237558067
0.25235568964853883
0.2580968299880624
0.2602045629173517
0.2564012287184596
0.25773782981559634
0.25650948099792004
0.2588782371021807
0.25268270587548614
0.25265695294365287
0.2579097091220319
0.25854807905852795
0.25375915179029107
0.2503015738911927
0.25360864493995905
0.2608732213266194
0.25451513892039657
0.253849214874208
0.2574646179564297
0.25921975122764707
0.2532668700441718
0.2518394407816231
0.25494580809026957
0.2545808129943907
0.2565614599734545
0.25413373997434974
0.2564940666779876
0.25990312779322267
0.25608340417966247
0.2564483233727515
0.257408345118165
0.25853873416781425
0.25458441488444805
0.2545022857375443
0.25362082896754146
0.2546243197284639
0.25658529810607433
0.2555465819314122
0.2570275557227433
0.2589304530993104
0.25498567428439856
0.2564982520416379
0.2578663737513125
0.25835260283201933
0.25514634093269706
0.25352251809090376
0.2518897778354585
0.2532149231992662
0.25559268705546856
0.25440371176227927
0.25367673533037305
0.25488060619682074
0.25925603695213795
0.25122132105752826
0.25272433273494244
0.25775185134261847
0.25617527309805155
0.24959215009585023
0.2493923408910632
0.2549955421127379
0.25898285396397114
0.24798212526366115
0.24856576463207603
0.2521514971740544
0.2590813930146396
0.253753162920475
0.25184866786003113
0.25768338004127145
0.2602202077396214
0.2527505191974342
0.2515162480995059
0.25369482673704624
0.258742846082896
0.25690888706594706
0.2569456622004509
0.2580645512789488
0.25880838837474585
0.2532954579219222
0.2510762778110802
0.248489570338279
0.2520924457348883
0.2533736457116902
0.25434117298573256
0.25344428699463606
0.2566796210594475
0.25792991975322366
0.24859266029670835
0.2505243280902505
0.25786139303818345
0.2542212037369609
0.2516135023906827
0.25135171599686146
0.2575412578880787
0.2596638686954975
0.25102853262797
0.25096668396145105
0.25385814905166626
0.2592371222563088
0.254380454774946
0.25126579217612743
0.2582527589984238
0.258427067194134
0.25492849480360746
0.25409940583631396
0.2554129627533257
0.2605310850776732
0.25307956989854574
0.25282538682222366
0.25706332037225366
0.25922662392258644
0.25306625198572874
0.2510112929157913
0.249178112950176
0.254493267275393
0.257154512219131
0.2553003723733127
0.25553427496924996
0.25935529824346304
0.2556411409750581
0.2566334120929241
0.25283614080399275
0.2521008769981563
0.2536334050819278
0.25105115212500095
0.2502518496476114
0.2570520401932299
0.2577528366819024
0.2493144152686
0.24982866505160928
0.2569905063137412
0.2541640857234597
0.2550104930996895
0.2556748450733721
0.2569447630085051
0.2579459911212325
0.2507903780788183
0.24709420325234532
0.2512077218852937
0.25942612206563354
0.2545227441005409
0.25355014903470874
0.2578934230841696
0.2580443569459021
0.2545150560326874
0.25438590394333005
0.25695443572476506
0.25772738410159945
0.2557259523309767
0.25342325726523995
0.25634450605139136
0.2592431688681245
0.2532727029174566
0.2543146158568561
0.25805963994935155
0.2580102370120585
0.25611523212864995
0.25571822188794613
0.2557652359828353
0.25754527328535914
0.25534915598109365
0.2540460303425789
0.25634905183687806
0.25707907881587744
0.2546344702132046
0.25668545393273234
0.2575751109980047
0.2577341222204268
0.25419614696875215
0.252470126375556
0.2543970588594675
0.2586386143229902
0.25288332998752594
0.25247358111664653
0.2565438188612461
0.25821007415652275
0.2549693868495524
0.2534168278798461
0.2561264280229807
0.2569872993044555
0.25506535125896335
0.2530982340686023
0.25520280888304114
0.25736978463828564
0.25783261097967625
0.2534658359363675
0.24990612966939807
0.25668420596048236
0.2542294063605368
0.2493317350745201
0.25072601111605763
0.2553740250878036
0.25797348190099
0.24827717524021864
0.24547189474105835
0.2501180521212518
0.25938649009913206
0.253358889836818
0.2536069848574698
0.2577121062204242
0.25572159234434366
0.2554929321631789
0.25582793820649385
0.25722677214071155
0.2570345001295209
0.25512914918363094
0.2516895360313356
0.25748647190630436
0.25864277174696326
0.25439070723950863
0.2527704229578376
0.2561693089082837
0.25598844792693853
0.25555602367967367
0.2542579476721585
0.25587391620501876
0.2586742793209851
0.25369299994781613
0.25465606432408094
0.25161100598052144
0.2546487390063703
0.2553132101893425
0.25012054666876793
0.2503058617003262
0.25633019115775824
0.2552888230420649
0.24972082395106554
0.24847418814897537
0.25322240870445967
0.2599803642369807
0.25009177904576063
0.2484163581393659
0.2540571503341198
0.25390091072767973
0.25928528094664216
0.25637984322384
0.2558691701851785
0.2594855451025069
0.2544044251553714
0.2529261652380228
0.2571179191581905
0.25806279480457306
0.25743950717151165
0.2559312400408089
0.2575672292150557
0.25910898204892874
0.2524711531586945
0.2504478138871491
0.25557098584249616
0.25750125013291836
0.25472916290163994
0.2580467420630157
0.2577059050090611
0.257726919837296
0.2543358579277992
0.25423023477196693
0.25542545411735773
0.25867737689986825
0.25342804472893476
0.2514877109788358
0.2555172271095216
0.25892663514241576
0.2557155811227858
0.2540691141039133
0.2576201190240681
0.2563203079625964
0.25654067331925035
0.25587757118046284
0.2562017501331866
0.2574091670103371
0.2550461678765714
0.25561795476824045
0.25593173410743475
0.2573077450506389
0.255278246011585
0.2542430320754647
0.25539225386455655
0.25762437703087926
0.25531590124592185
0.25313414726406336
0.25734336813911796
0.2571810041554272
0.25463325902819633
0.25556281488388777
0.25409058202058077
0.2557169129140675
0.2566160876303911
0.25413452507928014
0.2548692747950554
0.2573809651657939
0.2517264927737415
0.2505854316987097
0.24933617701753974
0.25588793586939573
0.2510839053429663
0.2534618549980223
0.2547639929689467
0.25628402596339583
0.25721258763223886
0.24914091313257813
0.24585332162678242
0.2508519347757101
0.2594614429399371
0.2552942889742553
0.25479625491425395
0.25811324594542384
0.2571849459782243
0.2546575148589909
0.2529438901692629
0.25554278306663036
0.2593627297319472
0.2532553542405367
0.2521869488991797
0.2577783027663827
0.25856238417327404
0.25671000499278307
0.2550351801328361
0.256910536903888
0.258139721583575
0.2542782770469785
0.25422777933999896
0.25698766857385635
0.2573302402161062
0.25516297901049256
0.25398756517097354
0.25832899706438184
0.2571596223860979
0.25491463113576174
0.2537576244212687
0.25317621510475874
0.2547444039955735
0.2557093696668744
0.2543688048608601
0.25522843981161714
0.25745553290471435
0.2556632203049958
0.25535067496821284
0.2522514541633427
0.2548976531252265
0.25620144279673696
0.250984491314739
0.24808028200641274
0.25282419798895717
0.2581155248917639
0.2479241662658751
0.24638372799381614
0.25083542289212346
0.25937415612861514
0.25354397809132934
0.25202050199732184
0.2578568928875029
0.25730050075799227
0.25539870373904705
0.2544372361153364
0.25711058592423797
0.25739312171936035
0.25549110071733594
0.25398830883204937
0.2583746649324894
0.2588275191374123
0.253125824034214
0.2518535563722253
0.2515368750318885
0.2551213656552136
0.254948265850544
0.25436270190402865
0.2528258813545108
0.2530563538894057
0.25496121123433113
0.2498472398146987
0.25098558608442545
0.2566950898617506
0.2521368209272623
0.25489610619843006
0.25557526759803295
0.2586322710849345
0.25727379182353616
0.25046900659799576
0.24850473506376147
0.25232083490118384
0.25863347481936216
0.25296276109293103
0.25187275232747197
0.2546296240761876
0.25969720585271716
0.25312624219805
0.2522896998561919
0.2575339460745454
0.25917411409318447
0.25467210775241256
0.25442789075896144
0.25831496715545654
0.25738797010853887
0.2542098802514374
0.25208833580836654
0.2563779866322875
0.2575721237808466
0.25627243099734187
0.2556151389144361
0.25776196038350463
0.25870854081586003
0.25479611614719033
0.25316125666722655
0.2520731841214001
0.25326515594497323
0.254817727021873
0.25400849618017673
0.25152559112757444
0.253668162971735
0.2564230798743665
0.24968619970604777
0.24920830316841602
0.2553623039275408
0.2587060951627791
0.24977409886196256
0.2509172009304166
0.2567081390880048
0.2542554708197713
0.25369852501899004
0.2542755017057061
0.2573944889008999
0.25770254572853446
0.25438961014151573
0.25164766563102603
0.25626727705821395
0.25908889109268785
0.25325984600931406
0.25244041020050645
0.2561646653339267
0.25942527689039707
0.25333918491378427
0.25183009216561913
0.25592907099053264
0.25676541589200497
0.2550431969575584
0.2553355358541012
0.25696891732513905
0.2594379293732345
0.2550641600973904
0.2543378178961575
0.25784501107409596
0.2571812537498772
0.25420248601585627
0.2530501843430102
0.2546009630896151
0.25825837533921003
0.255129880271852
0.25359983555972576
0.2575753699056804
0.25661248806864023
0.2560574980452657
0.2569840243086219
0.25681745586916804
0.25763527769595385
0.25400915229693055
0.254071940202266
0.25698112417012453
0.25689018005505204
0.25643083918839693
0.25513857416808605
0.25631043082103133
0.25881509063765407
0.25269137090072036
0.25180086586624384
0.2527790633030236
0.2585466969758272
0.2559393527917564
0.2543085878714919
0.2557312152348459
0.2576769879087806
0.25589616782963276
0.2563662510365248
0.25302592292428017
0.2539043137803674
0.2581478366628289
0.25489145005121827
0.2579337051138282
0.25865483796224
0.2555093760602176
0.25580487214028835
0.25674884719774127
0.25735028414055705
0.25556807685643435
0.25584774604067206
0.2507199300453067
0.25441018771380186
0.2549221911467612
0.2524570389650762
0.2499393909238279
0.25482859602198005
0.2583143441006541
0.24781675869598985
0.24947832198813558
0.25561682833358645
0.25506289722397923
0.25502289878204465
0.2545446278527379
0.25600722106173635
0.25673828506842256
0.2535110409371555
0.250505018979311
0.25398318003863096
0.25864053471013904
0.2541084550321102
0.2517620902508497
0.25741996616125107
0.2565872762352228
0.25451625185087323
0.2528415219858289
0.2523187780752778
0.2546349558979273
0.2557043428532779
0.2539693829603493
0.25301765324547887
0.25375094590708613
0.258174245711416
0.248620742931962
0.24900379590690136
0.25649187713861465
0.2523844828829169
0.25566275510936975
0.25548833468928933
0.2570539219304919
0.25947969127446413
0.24806894594803452
0.2488864460028708
0.25259375385940075
0.2579762488603592
0.2545181349851191
0.2515011327341199
0.25727436784654856
0.2575885523110628
0.25647881999611855
0.25501684099435806
0.2559189759194851
0.25874601397663355
0.2543120631016791
0.2548492169007659
0.2573152859695256
0.25744072906672955
0.25383339170366526
0.2525631142780185
0.2564774830825627
0.2566212946549058
0.25501877209171653
0.2549777599051595
0.25650731567293406
0.2585555361583829
0.25276607600972056
0.24927336210384965
0.25513951294124126
0.25349229061976075
0.25866391975432634
0.253320325165987
0.25485639786347747
0.2595455343835056
0.2564701237715781
0.2542319311760366
0.257094772066921
0.25841459911316633
0.2575991991907358
0.2557799620553851
0.2508244779892266
0.2536949422210455
0.2563854339532554
0.25242202496156096
0.24880633410066366
0.2528753369115293
0.2570168487727642
0.2499967347830534
0.2499910918995738
0.2547196322120726
0.25911644008010626
0.2501851632259786
0.24864546209573746
0.2531402469612658
0.2526604449376464
0.2580982046201825
0.258012255653739
0.25677367812022567
0.2588022379204631
0.2558948411606252
0.25486234901472926
0.2574569620192051
0.259407389909029
0.251753909047693
0.24965553684160113
0.24913134891539812
0.2555171591229737
0.257703788112849
0.25555059779435396
0.2576378220692277
0.2581775928847492
0.25607880391180515
0.257070817053318
0.25731791416183114
0.25690225418657064
0.2629366610199213
0.252428927924484
0.25527546973899007
0.25842211302369833
0.25478624925017357
0.25602547265589237
0.2571443812921643
0.2578490530140698
0.2527714050374925
0.2505433321930468
0.25524658197537065
0.2566214301623404
0.2573823072016239
0.25668524904176593
0.2566533447243273
0.25850248290225863
0.25456609204411507
0.25247371988371015
0.25770758278667927
0.25824404042214155
0.25245734630152583
0.24978150380775332
0.25361395813524723
0.2580943889915943
0.2573428573086858
0.2547870269045234
0.2557238079607487
0.25842322083190084
0.25637098401784897
0.25696274312213063
0.2567790150642395
0.2586666657589376
0.25649468787014484
0.25494992593303323
0.2564907157793641
0.2577989180572331
0.2588548790663481
0.2576270876452327
0.25628883531317115
0.25696423323825
0.25414779409766197
0.2518495349213481
0.2579004839062691
0.25671451026573777
0.25646029179915786
0.2554832110181451
0.25592115707695484
0.2591162449680269
0.2532409788109362
0.2534101689234376
0.2564388117752969
0.2577728349715471
0.25310594914481044
0.2521509611979127
0.25566659215837717
0.2543364781886339
0.25530149322003126
0.25597773864865303
0.2569561027921736
0.2585052507929504
0.254589986987412
0.25780585687607527
0.25701121520251036
0.25738768884912133
0.2532222750596702
0.2525376002304256
0.2565178722143173
0.2587518962100148
0.255423201713711
0.25335698993876576
0.25752275716513395
0.2587168631143868
0.25471122190356255
0.2561626057140529
0.25351913226768374
0.2542492710053921
0.2568057579919696
0.25385984405875206
0.25612282659858465
0.25843336805701256
0.2578992028720677
0.25639371713623405
0.2553408797830343
0.2571517243050039
0.25464163860306144
0.2543016280978918
0.25589277874678373
0.25757271610200405
0.2565173408947885
0.255033727735281
0.2570137302391231
0.25817835703492165
0.25674855383113027
0.25650575291365385
0.2571795149706304
0.2583463857881725
0.2537062228657305
0.25315044866874814
0.2563662212342024
0.25831566005945206
0.2537178690545261
0.2530222940258682
0.2571513350121677
0.2583673093467951
0.2526462790556252
0.2510442677885294
0.2564738988876343
0.258774243760854
0.25416203401982784
0.2526850285939872
0.2572935251519084
0.25769854383543134
0.2569336397573352
0.256497064139694
0.2550023081712425
0.25548744667321444
0.259108561091125
0.2562254909425974
0.25475569488480687
0.25759953586384654
0.2548211831599474
0.2518828269094229
0.25580533500760794
0.2533684098161757
0.25936985993757844
0.25075089326128364
0.25122913997620344
0.25680957920849323
0.2555700112134218
0.24914665706455708
0.250192629173398
0.2560467519797385
0.252395692281425
0.2542980411089957
0.25569485407322645
0.25706177577376366
0.25834316201508045
0.25057421484962106
0.2511211191304028
0.2573555908165872
0.2596890917047858
0.25201329216361046
0.25025214767083526
0.25283899158239365
0.2589889243245125
0.2526252279058099
0.25207799673080444
0.2570973080582917
0.25552765326574445
0.25884497817605734
0.2569551789201796
0.2567574828863144
0.2584650688804686
0.25542645202949643
0.25569666316732764
0.2574192229658365
0.2588736959733069
0.2530814930796623
0.251473817974329
0.2575112651102245
0.2581865373067558
0.2542719589546323
0.253189604729414
0.25582282803952694
0.25759981106966734
0.2552980282343924
0.25301630795001984
0.2577332006767392
0.2584255840629339
0.25440604612231255
0.25264150369912386
0.2567117651924491
0.2569245737977326
0.257116521243006
0.2569729909300804
0.25725609716027975
0.2575706238858402
0.2542026708833873
0.25282988883554935
0.25693585770204663
0.25859173806384206
0.2548540742136538
0.2555232886224985
0.2565539348870516
0.2589077209122479
0.2541257250122726
0.25341120176017284
0.2563144313171506
0.25786705408245325
0.25557134207338095
0.25672144489362836
0.25755091616883874
0.25694491621106863
0.25369107397273183
0.25325914565473795
0.2558105238713324
0.258780422154814
0.25389806600287557
0.25300217140465975
0.2577733527868986
0.25751003809273243
0.25691395718604326
0.25661083217710257
0.2571834488771856
0.25735151255503297
0.2546599027700722
0.2551535973325372
0.25665239803493023
0.25651440396904945
0.2546677812933922
0.25346250692382455
0.25842922925949097
0.2572462516836822
0.2536263819783926
0.2534399488940835
0.25328421918675303
0.2530179168097675
0.25317774480208755
0.254933703225106
0.2541865319944918
0.25368487322703004
0.25536340195685625
0.2503963829949498
0.25113529711961746
0.2571602095849812
0.2560648024082184
0.2504361690953374
0.25177869386970997
0.25776292104274035
0.25197473308071494
0.25748125882819295
0.2569870939478278
0.2571356282569468
0.25869805132970214
0.2503397879190743
0.25170244509354234
0.2574650407768786
0.25923284608870745
0.25169331673532724
0.2507127709686756
0.2540131229907274
0.2605274599045515
0.25575094670057297
0.25704766111448407
0.2580786421895027
0.2577147879637778
0.25237347511574626
0.2510892478749156
0.25477567967027426
0.2578564449213445
0.25617325073108077
0.2545429179444909
0.2584073329344392
0.2579921269789338
0.254300091881305
0.25345939211547375
0.25756251299753785
0.25905631203204393
0.25334358401596546
0.2503859428688884
0.2544038170017302
0.2591528659686446
0.25312504498288035
0.25263271760195494
0.25831363163888454
0.2575488300062716
0.25680902088060975
0.2558529651723802
0.25763688422739506
0.25829934887588024
0.25474022794514894
0.254029565025121
0.25723570957779884
0.25873372703790665
0.25502174301072955
0.25300232600420713
0.2583854291588068
0.25896579679101706
0.2538430541753769
0.2524596368893981
0.25486131897196174
0.2587518566288054
0.25366282369941473
0.25308912387117743
0.25870817294344306
0.259036161005497
0.25571504700928926
0.25560740986838937
0.25892077619209886
0.2579975421540439
0.25379057601094246
0.2531793969683349
0.2558759939856827
0.2586435042321682
0.25524198496714234
0.2530701928772032
0.2576285218819976
0.25839503994211555
0.25531505793333054
0.255845561157912
0.2576157422736287
0.2580049312673509
0.25361212715506554
0.25266718305647373
0.25545729184523225
0.2592019410803914
0.2543722139671445
0.25318138487637043
0.2567756590433419
0.25893433298915625
0.2526917359791696
0.2509618937037885
0.25499611441046
0.25961864879354835
0.2544787032529712
0.2542843362316489
0.25884318817406893
0.2575494688935578
0.2584553579799831
0.25740340119227767
0.2567936391569674
0.25742991315200925
0.2536179181188345
0.25294350320473313
0.25615162728354335
0.2582535040564835
0.2558085727505386
0.25402462715283036
0.25794647494331
0.2586988168768585
0.25558242993429303
0.253563417121768
0.2556913737207651
0.25934349186718464
0.25504050496965647
0.2564366953447461
0.25691742030903697
0.25844223611056805
0.2530331979505718
0.25114671932533383
0.25649351393803954
0.2590807192027569
0.25313206436112523
0.2543333997018635
0.25670619821175933
0.2577039017342031
0.2562938188202679
0.2570676486939192
0.25725266290828586
0.2600598051212728
0.25433990685269237
0.2525254897773266
0.25619784416630864
0.26089882012456656
0.25533616868779063
0.2553275153040886
0.25588409090414643
0.2577421022579074
0.25443584518507123
0.25323102017864585
0.2577821919694543
0.25820857286453247
0.25205803103744984
0.25187626108527184
0.2549770846962929
0.2598668448626995
0.25467209285125136
0.25344829307869077
0.2562893941067159
0.25742638716474175
0.25509127881377935
0.2550104563124478
0.25586541509255767
0.256089286878705
0.2554077496752143
0.25577218597754836
0.25801191898062825
0.2576472843065858
0.2553749717772007
0.25445211213082075
0.25781119987368584
0.258419768884778
0.25302699115127325
0.25246028136461973
0.25564660085365176
0.2573151336982846
0.25387625908479095
0.25131197599694133
0.256889880169183
0.2597988829948008
0.25288552278652787
0.25048764515668154
0.25459724897518754
0.2584001678042114
0.25530905509367585
0.2517232927493751
0.250060903839767
0.2557258475571871
0.2568079908378422
0.2482477519661188
0.24682266497984529
0.2517540571279824
0.25987911503762007
0.2523864349350333
0.2495540282689035
0.25320305535569787
0.25998275307938457
0.2552323122508824
0.25327421771362424
0.25785983400419354
0.2592862141318619
0.25307486299425364
0.2506403918378055
0.2549463859759271
0.25339320907369256
0.2564118108712137
0.2557529010809958
0.2565311109647155
0.25931459199637175
0.2558769267052412
0.2570564500056207
0.2580120447091758
0.25893027801066637
0.2534916908480227
0.2523114141076803
0.2512076930142939
0.25452078273519874
0.2569609461352229
0.25545882899314165
0.2561290683224797
0.25870806397870183
0.25726677803322673
0.25886076083406806
0.25778869492933154
0.2584576210938394
0.25690911477431655
0.2568472372367978
0.2575976583175361
0.25768845109269023
0.2547661801800132
0.255115631967783
0.25577242113649845
0.2580875610001385
0.2544467272236943
0.2531167617999017
0.2568355449475348
0.2580866441130638
0.25482796505093575
0.2552365893498063
0.25679037999361753
0.2569564771838486
0.2560344319790602
0.25597415771335363
0.255873107817024
0.2583986730314791
0.25268799997866154
0.2503297529183328
0.25615175254642963
0.2560212863609195
0.25612617190927267
0.2571855098940432
0.2567933350801468
0.25825971411541104
0.25581708922982216
0.25523752719163895
0.25712562585249543
0.2576091829687357
0.2538545881398022
0.2530158110894263
0.253890591673553
0.25389836821705103
0.25685774022713304
0.2556582181714475
0.2578542232513428
0.2576646660454571
0.25530027505010366
0.25438118586316705
0.2581461379304528
0.25707083102315664
0.2562315729446709
0.25708056380972266
0.2549872831441462
0.25911668315529823
0.2554664667695761
0.25509591586887836
0.25655697286129
0.25727437203750014
0.25301038520410657
0.25111754704266787
0.25661869579926133
0.25718664936721325
0.2539584571495652
0.25449015386402607
0.2577341077849269
0.25959425512701273
0.2536385436542332
0.2551539521664381
0.2581899408251047
0.25640961714088917
0.2545543569140136
0.2531882217153907
0.2552640326321125
0.25848662992939353
0.2533199228346348
0.25310704903677106
0.25726089533418417
0.25871952809393406
0.25651999237015843
0.25695421220734715
0.25547447707504034
0.256735818926245
0.25572597375139594
0.2547744819894433
0.2564087603241205
0.25800407119095325
0.25542127480730414
0.2536946702748537
0.2570839221589267
0.2576861931011081
0.2551876497454941
0.25618664687499404
0.2562639848329127
0.2581529747694731
0.25347406696528196
0.2543355440720916
0.2556533240713179
0.2583682779222727
0.2533044330775738
0.25219066720455885
0.25679640332236886
0.2564999060705304
0.25596847105771303
0.2534852330572903
0.2562174163758755
0.2572469669394195
0.2540585710667074
0.252255329862237
0.25532355485484004
0.252823191229254
0.25882893009111285
0.24928326485678554
0.2517656167037785
0.25680600479245186
0.25533264596015215
0.2488776813261211
0.2500145989470184
0.25529348803684115
0.256986556109041
0.2514803381636739
0.25049007777124643
0.25391985289752483
0.25924828136339784
0.2510603121481836
0.2510311338119209
0.255620873067528
0.25603503501042724
0.25733706494793296
0.2560944859869778
0.2565253986977041
0.25743732787668705
0.2540940302424133
0.2547219698317349
0.2572858529165387
0.25747627578675747
0.2562398398295045
0.25537429796531796
0.2570497556589544
0.25859073270112276
0.25461204536259174
0.2546758968383074
0.25702388770878315
0.2578400787897408
0.2535550338216126
0.2545077232643962
0.25706467404961586
0.2581038479693234
0.2546830950304866
0.2547021801583469
0.2561464332975447
0.2578182960860431
0.25449242210015655
0.25471189990639687
0.2580817686393857
0.2580455718562007
0.2557812910526991
0.25719949323683977
0.25851665111258626
0.25928378803655505
0.25240461295470595
0.25119830295443535
0.25475458009168506
0.25916292099282146
0.25240278942510486
0.25277068885043263
0.2580174608156085
0.2575542158447206
0.2548455339856446
0.2549530230462551
0.25602811807766557
0.25774629320949316
0.25404464919120073
0.2528704139403999
0.2571150450967252
0.2589354650117457
0.2565997359342873
0.25739661464467645
0.2565151029266417
0.2563532469794154
0.2563313590362668
0.25592719996348023
0.25650457572191954
0.25910815224051476
0.2539799208752811
0.2529067639261484
0.2566251247189939
0.2577802068553865
0.25369487702846527
0.2527952357195318
0.2573520918376744
0.25767642678692937
0.25399464974179864
0.2550309752114117
0.2572352481074631
0.25744211999699473
0.25711465114727616
0.2565150149166584
0.2570421430282295
0.2575538093224168
0.2538693193346262
0.25169316167011857
0.25149471685290337
0.25442871637642384
0.2559885331429541
0.25437782471999526
0.25447293370962143
0.2537359120324254
0.2588156736455858
0.2508980566635728
0.2527597458101809
0.25763360410928726
0.25597726367414
0.2510814582929015
0.25181888323277235
0.25674430886283517
0.25330664310604334
0.2511485079303384
0.2523155570961535
0.2553862612694502
0.2577184932306409
0.25047504296526313
0.24797103041782975
0.2521019587293267
0.2595610860735178
0.25473810685798526
0.2537190872244537
0.2577060330659151
0.2588310413993895
0.2534743412397802
0.25635608518496156
0.25823709508404136
0.25765802012756467
0.25451650796458125
0.2553575807251036
0.2562479870393872
0.25752834882587194
0.25467111077159643
0.2535505839623511
0.2575978930108249
0.2575457999482751
0.25483586685732007
0.2553731999360025
0.2557395282201469
0.25713233510032296
0.254208501894027
0.25500707793980837
0.2572241430170834
0.2578074079938233
0.2542363968677819
0.25311889313161373
0.2576538538560271
0.25724024418741465
0.2573264967650175
0.2571175158955157
0.25858542090281844
0.25974770775064826
0.25170662300661206
0.251132789067924
0.2569428379647434
0.25808514188975096
0.25356416683644056
0.2522159502841532
0.25735844671726227
0.25768893864005804
0.25475297309458256
0.2554417089559138
0.2577059059403837
0.25970183685421944
0.25138572603464127
0.25008725421503186
0.25618935003876686
0.2553941011428833
0.2585203880444169
0.25664195185527205
0.25641413405537605
0.25932591408491135
0.25466833217069507
0.2522415639832616
0.25701369903981686
0.25953419832512736
0.25262073893100023
0.2588035031221807
0.2564312922768295
0.25981026282534003
0.2556411218829453
0.25599919678643346
0.2573102479800582
0.25902595138177276
0.25355371506884694
0.25526719400659204
0.2573198899626732
0.25881843734532595
0.2533542378805578
0.251377257052809
0.2570666978135705
0.2584389359690249
0.25546916807070374
0.25699230981990695
0.25666329776868224
0.2577363778837025
0.25650700088590384
0.25541614601388574
0.25723788095638156
0.25882185297086835
0.25189451687037945
0.25007245829328895
0.2528739278204739
0.2616802826523781
0.25353893591091037
0.2507320321165025
0.2581603666767478
0.25935377506539226
0.2556982571259141
0.25657459488138556
0.25696092704311013
0.259555752389133
0.2535894848406315
0.2545473910868168
0.256258939858526
0.2565756570547819
0.25366339227184653
0.2520047193393111
0.2580904890783131
0.2596617517992854
0.2535298280417919
0.25206358218565583
0.25521638384088874
0.26128672203049064
0.2545332279987633
0.25385693879798055
0.2575153838843107
0.2599364770576358
0.2525829393416643
0.25184079725295305
0.2569591891951859
0.25544132897630334
0.25710377376526594
0.2569856829941273
0.2599154240451753
0.25953397480770946
0.2568738260306418
0.2556935176253319
0.2584142489358783
0.25748263113200665
0.25365244410932064
0.25112296687439084
0.2557306531816721
0.25689578521996737
0.2565493197180331
0.2591967387124896
0.2580324290320277
0.2604249087162316
0.254472189117223
0.2543061268515885
0.25593122001737356
0.25849498389288783
0.25194522365927696
0.2490146397612989
0.25401257118210196
0.2596377828158438
0.25546017987653613
0.2573624118231237
0.25689661130309105
0.2589580840431154
0.2546618222258985
0.2542063146829605
0.25847425078973174
0.25833461713045835
0.252156644128263
0.24956458201631904
0.2534841289743781
0.2619173610582948
0.2546975901350379
0.2539622439071536
0.25851790700107813
0.25879716174677014
0.25477238185703754
0.25348417181521654
0.256782041862607
0.258826341945678
0.2552219252102077
0.2562732049264014
0.25726070161908865
0.2605271441861987
0.2555623110383749
0.2550859726034105
0.25811713514849544
0.26031820196658373
0.25196041027083993
0.24944982444867492
0.2567130862735212
0.2623659251257777
0.2555040642619133
0.25496503012254834
0.25807803589850664
0.2619004799053073
0.2535468712449074
0.2524809390306473
0.2551418826915324
0.2622527130879462
0.24975196784362197
0.2504005981609225
0.25467899814248085
0.2614078908227384
0.2569366618990898
0.2559487968683243
0.25725449388846755
0.2605869919061661
0.25177507009357214
0.2519525997340679
0.259416411165148
0.26176175521686673
0.2519251527264714
0.25099734822288156
0.25436440110206604
0.2599506778642535
0.256946646142751
0.2556274808011949
0.25702199805527925
0.25936230598017573
0.2513745091855526
0.2478913040831685
0.2526282202452421
0.26022943994030356
0.2572042071260512
0.25481119379401207
0.2582709793932736
0.25920299300923944
0.25286545837298036
0.25006019603461027
0.2534361593425274
0.2604026743210852
0.25496302312240005
0.25524832401424646
0.25910812988877296
0.25837250892072916
0.2548842169344425
0.25267907278612256
0.2580665987916291
0.2597008887678385
0.25569409877061844
0.25629718881100416
0.25844581378623843
0.25984935322776437
0.25325457798317075
0.2531300550326705
0.25566481333225965
0.259509134106338
0.2547481316141784
0.2538768667727709
0.25923200510442257
0.2602353189140558
0.2523708059452474
0.2506836839020252
0.2541055530309677
0.2604077570140362
0.2526699919253588
0.251173198223114
0.2564602280035615
0.26104623079299927
0.25305371498689055
0.24998849723488092
0.2541731223464012
0.26032703882083297
0.2574903448112309
0.2570203230716288
0.2597449878230691
0.26035000290721655
0.2530922410078347
0.25192790292203426
0.25697920424863696
0.2606370970606804
0.2512626703828573
0.249937211163342
0.25356584787368774
0.26045059971511364
0.2558756419457495
0.25597128737717867
0.258880372159183
0.25948684196919203
0.25581400841474533
0.25557307386770844
0.2580828401260078
0.2582057788968086
0.25467329379171133
0.2555919731967151
0.25715031707659364
0.26035327184945345
0.25313390186056495
0.2524913549423218
0.25960860634222627
0.26037603011354804
0.2497599208727479
0.24769221199676394
0.252632156945765
0.2602048353292048
0.2569281477481127
0.2581451926380396
0.2600126201286912
0.25840757600963116
0.25417449977248907
0.25332523230463266
0.2575626508332789
0.25897965067997575
0.25700628105551004
0.2554806498810649
0.25831817323341966
0.2598261828534305
0.2509303502738476
0.2512256130576134
0.25896956492215395
0.26096937200054526
0.25002411799505353
0.24980182433500886
0.25423262687399983
0.26067223213613033
0.2533434610813856
0.2514645759947598
0.25773167703300714
0.26129951886832714
0.2527563548646867
0.25045615527778864
0.25393144600093365
0.2611114690080285
0.2575525362044573
0.2588759227655828
0.2579868449829519
0.25949445739388466
0.25314064836129546
0.2513566566631198
0.2565249768085778
0.26093527767807245
0.25226759584620595
0.2503224788233638
0.2538910759612918
0.2609891938045621
0.25919855758547783
0.2597949430346489
0.25818098010495305
0.259970978833735
0.2546679540537298
0.25552197080105543
0.2567889648489654
0.2587440009228885
0.2513547749258578
0.24916368583217263
0.2548641976900399
0.2591162286698818
0.2572803571820259
0.2570642470382154
0.25738906813785434
0.2611358631402254
0.25085389893501997
0.2516222312115133
0.25832210713997483
0.259708683937788
0.25073321210220456
0.24948613671585917
0.25327075785025954
0.2603009957820177
0.257025090046227
0.25453114602714777
0.2588320509530604
0.259665017016232
0.25266942707821727
0.2512447857297957
0.2553474106825888
0.2597039733082056
0.2536789388395846
0.2540402146987617
0.2565688546746969
0.26096401177346706
0.25316157285124063
0.2505579390563071
0.25676460983231664
0.25568807404488325
0.25640342477709055
0.25836760411038995
0.25749237230047584
0.25966154085472226
0.25478659803047776
0.25275952694937587
0.25770493503659964
0.26003828132525086
0.252837467007339
0.2502075848169625
0.24941783398389816
0.25446694903075695
0.2557719280011952
0.25886929174885154
0.25927794026210904
0.2609435520134866
0.25421253871172667
0.253287295345217
0.2583652730099857
0.25978616904467344
0.25548401894047856
0.25509295985102654
0.25669405702501535
0.2608797992579639
0.25423233956098557
0.2527781380340457
0.25655119214206934
0.2618821859359741
0.25115968473255634
0.24966831505298615
0.24896859098225832
0.25099596893414855
0.2515274006873369
0.25745188631117344
0.2552735027857125
0.2555332649499178
0.26039422396570444
0.2504357839934528
0.25228700786828995
0.25769142992794514
0.25649332208558917
0.2520081209950149
0.2510766535997391
0.2569025387056172
0.2522823209874332
0.25692781899124384
0.25934958504512906
0.2616124739870429
0.2592354789376259
0.2542492118664086
0.2545315930619836
0.25807992089539766
0.2532892609015107
0.2538929507136345
0.2546440679579973
0.2607845491729677
0.25982637982815504
0.2510738749988377
0.252060174010694
0.25785562163218856
0.25466493982821703
0.2569523360580206
0.2566040768288076
0.2616743100807071
0.2585213710553944
0.24974618898704648
0.2507121651433408
0.25696968706324697
0.25303978472948074
0.25710628367960453
0.25607535475865006
0.2601463869214058
0.2586004608310759
0.2509935712441802
0.25203138403594494
0.25843252893537283
0.25566210597753525
0.2511107809841633
0.24936683475971222
0.2533261156640947
0.2610601088963449
0.25445254100486636
0.2541486769914627
0.25950700882822275
0.2551620709709823
0.25639168778434396
0.2561837420798838
0.25830805208534
0.2610773015767336
0.25280252285301685
0.25377550814300776
0.2585157286375761
0.26088490430265665
0.2508988189511001
0.2525655501522124
0.2589249350130558
0.2558873640373349
0.254800571128726
0.25254106521606445
0.25464198226109147
0.26230024080723524
0.250563976354897
0.24758024513721466
0.25240736827254295
0.26162297977134585
0.25618183799088
0.2570132501423359
0.25755100697278976
0.26112355291843414
0.25122391106560826
0.24947886308655143
0.25517913000658154
0.26064132107421756
0.2584614362567663
0.2566997311078012
0.2583147529512644
0.2605560780502856
0.2528922879137099
0.25006005074828863
0.253520336933434
0.2626011222600937
0.25307812402024865
0.25118693290278316
0.25649299705401063
0.26022877311334014
0.2558147758245468
0.2548575522378087
0.25672770012170076
0.25950814969837666
0.25641659973189235
0.25755940983071923
0.26091828430071473
0.2587627209722996
0.2506870133802295
0.25124045833945274
0.2586565432138741
0.251648488920182
0.26153181586414576
0.2578117079101503
0.25879181176424026
0.2589580179192126
0.2533230884000659
0.2533326833508909
0.25894617615267634
0.26105057494714856
0.24960089707747102
0.25011579087004066
0.2570737530477345
0.25241758907213807
0.25759664410725236
0.25796088203787804
0.2576786791905761
0.26044309325516224
0.25056053092703223
0.2516561532393098
0.2591674402356148
0.2522637499496341
0.25848787231370807
0.2596333706751466
0.259787084069103
0.2579399482347071
0.2515206141397357
0.25250627379864454
0.25798846036195755
0.2607796252705157
0.25107090920209885
0.24930732930079103
0.2539717969484627
0.26025067502632737
0.25309800496324897
0.2513825879432261
0.2560380334034562
0.26076105888932943
0.2525139288045466
0.2504838709719479
0.2534671728499234
0.26228240970522165
0.2570905536413193
0.2558113792911172
0.2570273340679705
0.2606233861297369
0.254488178063184
0.2547401222400367
0.2595297512598336
0.2599041620269418
0.2516373232938349
0.24938329216092825
0.25384824723005295
0.2598569639958441
0.25872965110465884
0.2578927520662546
0.25807608710601926
0.26015196181833744
0.25244359485805035
0.25372700905427337
0.2586331209167838
0.2614529705606401
0.24930544523522258
0.2510020197369158
0.25474029406905174
0.26056601479649544
0.25255529722198844
0.2510677222162485
0.2568933218717575
0.26074706902727485
0.2538292771205306
0.2531659761443734
0.2557613863609731
0.2611870034597814
0.25444519240409136
0.252936583943665
0.2562265140004456
0.26043169805780053
0.2542715659365058
0.2539566117338836
0.258580069988966
0.26101331785321236
0.2523438688367605
0.25030852807685733
0.25377553422003984
0.2613408169709146
0.255572312977165
0.25333420373499393
0.2577862609177828
0.26116972509771585
0.2525130920112133
0.25018698116764426
0.25314255990087986
0.2602166193537414
0.2556112604215741
0.2543513593263924
0.2581836059689522
0.2595020402222872
0.2544290707446635
0.25319990888237953
0.2577345189638436
0.25922986399382353
0.2547908825799823
0.2523441598750651
0.25481398310512304
0.2598047680221498
0.25448733987286687
0.2526275161653757
0.25714811868965626
0.2597446381114423
0.25538970762863755
0.25645019533112645
0.2587836952880025
0.2592139719054103
0.25413314579054713
0.25205715931952
0.254010827280581
0.25818578200414777
0.25477520609274507
0.25335561763495207
0.2585429912433028
0.2591084479354322
0.25565980141982436
0.2552423607558012
0.25860504899173975
0.25717024598270655
0.25633374229073524
0.25752568198367953
0.25858555221930146
0.2599257449619472
0.25245162611827254
0.2536549190990627
0.25790883880108595
0.25812741462141275
0.25146909011527896
0.24925493262708187
0.25319080986082554
0.26006429363042116
0.2547967890277505
0.25343185290694237
0.2584598478861153
0.25987889571115375
0.2526184171438217
0.2507906937971711
0.25392395444214344
0.2613053312525153
0.25718719931319356
0.25666564889252186
0.25700182281434536
0.26204323023557663
0.25353584811091423
0.25412059016525745
0.25789198419079185
