0.25110348779708147
0.2528799129649997
0.2520573688670993
0.25060333497822285
0.25578279606997967
0.2584933238103986
0.2580977091565728
0.2563617848791182
0.2575968657620251
0.2588185961358249
0.2533018351532519
0.25211145216599107
0.2579883127473295
0.2599587612785399
0.2542487042956054
0.2533424887806177
0.2572654327377677
0.26069100573658943
0.2566492301411927
0.2536252662539482
0.25691294856369495
0.2606421420350671
0.25421523535624146
0.2541318596340716
0.2597772912122309
0.26052699889987707
0.2528958432376385
0.2551776631735265
0.2606180226430297
0.2569316388107836
0.25444663083180785
0.25195628870278597
0.25690893922001123
0.26052024215459824
0.2546328459866345
0.2558332411572337
0.2609984898008406
0.25998789677396417
0.2534305453300476
0.2550082951784134
0.26111715426668525
0.25983015820384026
0.25533267203718424
0.25359762785956264
0.257233913987875
0.2506117420271039
0.2594301123172045
0.259708970785141
0.2614705450832844
0.26036558393388987
0.2580983340740204
0.2584929382428527
0.2584864189848304
0.2610361180268228
0.2616903870366514
0.26093283388763666
0.26160408090800047
0.2549214940518141
0.251715580932796
0.2567919986322522
0.2628890941850841
0.2534728981554508
0.25520417001098394
0.2610205761156976
0.2596671995706856
0.2520835818722844
0.25354522513225675
0.26120499335229397
0.25949575984850526
0.25494901183992624
0.25115138199180365
0.2580698882229626
0.26471129711717367
0.2529520820826292
0.2528684171847999
0.2580871107056737
0.2587420237250626
0.2554805902764201
0.2517869360744953
0.2562301573343575
0.2525407690554857
0.259784490801394
0.25925039034336805
0.2637774758040905
0.25812742626294494
0.2529868520796299
0.25698019890114665
0.26169043499976397
0.2606285591609776
0.2581704049371183
0.26058205822482705
0.2627400909550488
0.2581403208896518
0.25763559387996793
0.26266275299713016
0.25665073236450553
0.25670159608125687
0.25547497998923063
0.25969047425314784
0.26243070466443896
0.2563581885769963
0.2564742327667773
0.2624383862130344
0.26297131227329373
0.2588150850497186
0.2599327461794019
0.264937627594918
0.2561544766649604
0.253313846886158
0.25650149304419756
0.2661522929556668
0.255286896135658
0.25252702832221985
0.25713742384687066
0.26621594885364175
0.2529843342490494
0.2541798069141805
0.2591831679455936
0.25700624100863934
0.258471286855638
0.2581975101493299
0.26263849483802915
0.2631314662285149
0.26225252263247967
0.2621152903884649
0.26292878203094006
0.2583611789159477
0.2596197472885251
0.2646192838437855
0.2618905841372907
0.2580583072267473
0.2589930328540504
0.2649103947915137
0.25830884324386716
0.2564878328703344
0.2602681741118431
0.2633912549354136
0.2562602390535176
0.25387511495500803
0.257166703697294
0.26473619882017374
0.2548560588620603
0.25588117400184274
0.26046858401969075
0.25959810288622975
0.25544561306014657
0.2554131783545017
0.2610120540484786
0.25832271622493863
0.2573726852424443
0.2537091262638569
0.25698406668379903
0.2516156183555722
0.2617522939108312
0.2596990312449634
0.25902363331988454
0.2637644289061427
0.2622683998197317
0.2625031531788409
0.26303105102851987
0.2558241789229214
0.257149635348469
0.26190499728545547
0.25826652999967337
0.25426868721842766
0.2543198149651289
0.26040409645065665
0.2591582629829645
0.2591096409596503
0.25851179426535964
0.25865676859393716
0.2651673541404307
0.2622003969736397
0.261573183350265
0.26296659326180816
0.2563814762979746
0.25599038461223245
0.26027380395680666
0.2629056912846863
0.25293182488530874
0.25369272101670504
0.2606551209464669
0.257986593991518
0.2586391940712929
0.25817280588671565
0.2623045928776264
0.2607784657739103
0.26196767715737224
0.2618712563998997
0.2638651477172971
0.257576955948025
0.2564382152631879
0.2591317920014262
0.26337751606479287
0.2525455257855356
0.2540582958608866
0.25857690535485744
0.25875104777514935
0.2558872038498521
0.2563552879728377
0.2618764559738338
0.2603126629255712
0.25874453224241734
0.258455169852823
0.26374144526198506
0.26196285523474216
0.26189891062676907
0.2618297887966037
0.2622513300739229
0.25712914019823074
0.25266306987032294
0.2546443631872535
0.25200387882068753
0.2635757462121546
0.2634329432621598
0.2629057071171701
0.261358599178493
0.2630799626931548
0.2606952008791268
0.26354750618338585
0.2563571371138096
0.2552798097021878
0.261938801035285
0.2650064639747143
0.2549555944278836
0.254969151224941
0.2613040958531201
0.2582644037902355
0.2567722541280091
0.25675687519833446
0.25941403210163116
0.2585462471470237
0.2594663039781153
0.2574446960352361
0.25755907827988267
0.26351678697392344
0.26168087124824524
0.2630312740802765
0.26293161418288946
0.25282021006569266
0.2532566199079156
0.26017539016902447
0.2554701282642782
0.26155791198834777
0.2598960557952523
0.2620254112407565
0.2637269413098693
0.25953484885394573
0.2606751760467887
0.26272183284163475
0.2618942712433636
0.2614066721871495
0.2617897246964276
0.2631868729367852
0.2541537727229297
0.2489429716952145
0.25715055828914046
0.2628121101297438
0.2546658590435982
0.2553293192759156
0.2601802828721702
0.2604260519146919
0.2578553962521255
0.25896849669516087
0.2636276432313025
0.2598283737897873
0.2572189550846815
0.25905248522758484
0.2616846268065274
0.25936143519356847
0.25832110177725554
0.2597708706744015
0.26310732401907444
0.25315548619255424
0.26151282619684935
0.2637421670369804
0.2611269219778478
0.2629713863134384
0.26148577965795994
0.2631854061037302
0.2558913151733577
0.2557239271700382
0.2609951398335397
0.2638258342631161
0.2528307382017374
0.2546320501714945
0.2604611380957067
0.2589952750131488
0.25405965419486165
0.2544112759642303
0.26137488009408116
0.2590449331328273
0.25582275819033384
0.25082439091056585
0.25306827016174793
0.25435390789061785
0.2588800801895559
0.2587873754091561
0.2635293691419065
0.2612338890321553
0.2582927527837455
0.2618423611856997
0.26340646715834737
0.2599697127006948
0.25751784490421414
0.2596849789842963
0.25804454693570733
0.25603352626785636
0.25543654104694724
0.25934976199641824
0.2637060498818755
0.2527206651866436
0.2535346210934222
0.2587497369386256
0.25743143586441875
0.25685000885277987
0.25699953315779567
0.2626463659107685
0.26118938717991114
0.2591642043553293
0.2577239698730409
0.26280098501592875
0.25612586783245206
0.2542674313299358
0.2589615751057863
0.262554838322103
0.2572721838951111
0.2561460928991437
0.2633936288766563
0.26095279911533
0.2535660616122186
0.25435170717537403
0.26169841969385743
0.257457721978426
0.2588967466726899
0.25572453206405044
0.25520341377705336
0.2580264238640666
0.25637476705014706
0.25747269624844193
0.26091439463198185
0.26248690392822027
0.26314658112823963
0.25911448430269957
0.26393905468285084
0.25697997584939003
0.2562905070371926
0.2584767360240221
0.25508866971358657
0.2613076660782099
0.2604764560237527
0.26146805193275213
0.25917899515479803
0.25350171932950616
0.25221644435077906
0.2562219821847975
0.25538408383727074
0.2556172697804868
0.25555655686184764
0.26223776396363974
0.26064707431942225
0.2555056279525161
0.25115476502105594
0.2547617061063647
0.2570097539573908
0.2563817659392953
0.2566990670748055
0.2614448037929833
0.2601125626824796
0.259271876886487
0.26022324385121465
0.2649727212265134
0.25649750605225563
0.25268583418801427
0.25722679775208235
0.26377955498173833
0.26000841381028295
0.2597012217156589
0.26200930774211884
0.26381115708500147
0.2542052837088704
0.25098702777177095
0.2579598999582231
0.2624833593145013
0.25356421899050474
0.2539398209191859
0.25872094510123134
0.2577098268084228
0.25740257697179914
0.2550727319903672
0.26166361290961504
0.26168319629505277
0.26108969608321786
0.2613498284481466
0.26261058496311307
0.2578109158203006
0.2565851570107043
0.2613305221311748
0.262693973723799
0.2546477457508445
0.25471010990440845
0.25830091070383787
0.256717577110976
0.2562075541354716
0.2543175248429179
0.2603203421458602
0.2562168459407985
0.2570050461217761
0.2537332512438297
0.25482627330347896
0.25657924031838775
0.25608293525874615
0.2555365040898323
0.2603803388774395
0.26418097829446197
0.2589979902841151
0.2602084712125361
0.26345176436007023
0.25855036405846477
0.2571664461866021
0.2592761632986367
0.26464564679190516
0.25429751677438617
0.2551413211040199
0.26059431210160255
0.26332531264051795
0.25436275266110897
0.2550533078610897
0.25949076982215047
0.25786749878898263
0.2587768570519984
0.258871884085238
0.2617891887202859
0.26077984971925616
0.2597058196552098
0.2618812480941415
0.26233389787375927
0.25598851405084133
0.2533630058169365
0.2562743849121034
0.26406945288181305
0.2542910370975733
0.2547985608689487
0.26094138668850064
0.25730397598817945
0.2554745078086853
0.2549155233427882
0.26089150086045265
0.2590174740180373
0.2550189457833767
0.25103755109012127
0.2534523718059063
0.26111845672130585
0.254283934365958
0.255872065667063
0.26029314612969756
0.26011387817561626
0.2563447658903897
0.25672970712184906
0.2603891692124307
0.2571147009730339
0.26206173934042454
0.2605779250152409
0.26444976264610887
0.2598285973072052
0.2573966272175312
0.25893667014315724
0.2634434448555112
0.2535462509840727
0.25272161420434713
0.25637132581323385
0.26478397008031607
0.2536079897545278
0.2531731119379401
0.25942128570750356
0.2558436328545213
0.25602406403049827
0.2550637279637158
0.26190517004579306
0.25746309105306864
0.25694391410797834
0.25399874011054635
0.25591471791267395
0.2515368117019534
0.26303247595205903
0.26184267504140735
0.26291970489546657
0.2604791522026062
0.2587429862469435
0.2601632927544415
0.2615457121282816
0.2566964947618544
0.25564918015152216
0.25885584065690637
0.2579991831444204
0.2596266348846257
0.2590073039755225
0.26047135423868895
0.2568436274304986
0.25438135815784335
0.2534223226830363
0.25671903789043427
0.2556645218282938
0.25748200435191393
0.2573338057845831
0.2627731510438025
0.2597266142256558
0.258558367844671
0.25850772531703115
0.2617765669710934
0.260617109015584
0.26189877931028605
0.2617148468270898
0.2628633459098637
0.25477182725444436
0.2542719068005681
0.2574958372861147
0.2630088720470667
0.2542034238576889
0.25526407500728965
0.26027225283905864
0.25777094392105937
0.25487474212422967
0.2534639239311218
0.25993351405486465
0.2567818076349795
0.2583849150687456
0.25562405912205577
0.2555633280426264
0.25993493432179093
0.254550744779408
0.2547148000448942
0.25965172704309225
0.25916604371741414
0.25992741575464606
0.26021362794563174
0.2636605561710894
0.26240789284929633
0.2586193080060184
0.260648958850652
0.2598033300600946
0.2564611746929586
0.2536139548756182
0.2585205682553351
0.262818839866668
0.252708675339818
0.2521080430597067
0.25922275707125664
0.2632973329164088
0.2563114622607827
0.25628680689260364
0.26106276409700513
0.25998794520273805
0.26080718310549855
0.26026784209534526
0.2640441069379449
0.25761516811326146
0.25597272207960486
0.26075592497363687
0.2648615720681846
0.25460704509168863
0.252726580016315
0.2586795468814671
0.2630627900362015
0.2550419671460986
0.2557731820270419
0.2610365222208202
0.2586542936041951
0.2583993459120393
0.2570084040053189
0.26176917599514127
0.2616647076793015
0.25766424695029855
0.26143595296889544
0.2639892529696226
0.25777086801826954
0.256872083991766
0.25952739315107465
0.2630933318287134
0.2529011592268944
0.2523811860010028
0.2584293792024255
0.2558416621759534
0.25765779381617904
0.2577144531533122
0.2633760147728026
0.2625354598276317
0.25973267294466496
0.259142919909209
0.26465536560863256
0.25805083476006985
0.2555883228778839
0.2584615368396044
0.26336597790941596
0.2562458859756589
0.25508082564920187
0.2621104409918189
0.2599973143078387
0.2541313706897199
0.2535060797818005
0.2577106701210141
0.2541016386821866
0.2600558432750404
0.2576921060681343
0.2593249320052564
0.25395239097997546
0.2577480599284172
0.2571689859032631
0.260481006000191
0.26321107195690274
0.26100862212479115
0.26034832699224353
0.2626134636811912
0.26007676124572754
0.2604764043353498
0.2632526410743594
0.26117361010983586
0.25396343087777495
0.25282597821205854
0.26186553575098515
0.25843162182718515
0.2584992479532957
0.25685132713988423
0.25984761118888855
0.2649469319730997
0.2609392567537725
0.25861789379268885
0.2623693821951747
0.2568810801021755
0.25768736423924565
0.2617933410219848
0.26131829572841525
0.25389916030690074
0.25409881491214037
0.2591055096127093
0.25795013597235084
0.25386900920420885
0.25405207462608814
0.2610814948566258
0.2577219600789249
0.25631168484687805
0.2540574870072305
0.25939388386905193
0.2615989907644689
0.25753874983638525
0.2514754496514797
0.2529264581389725
0.25173415476456285
0.26016085175797343
0.2583011453971267
0.2599142910912633
0.2572332890704274
0.2608986529521644
0.25925672659650445
0.2620525509119034
0.2580122295767069
0.2557607349008322
0.26047657197341323
0.2650446933694184
0.2526644649915397
0.2520290859974921
0.25955549720674753
0.25791667588055134
0.26073334319517016
0.26005940698087215
0.2627180307172239
0.2617309461347759
0.25744584295898676
0.2545565590262413
0.2570400810800493
0.26366168912500143
0.2593380380421877
0.2574424729682505
0.26284891134127975
0.25619426695629954
0.2529381769709289
0.25637774262577295
0.25959795201197267
0.25891339778900146
0.25771264592185616
0.25953911803662777
0.2625233568251133
0.2549642310477793
0.2529323911294341
0.25641862116754055
0.2656915499828756
0.25278138974681497
0.25340273696929216
0.2595655620098114
0.2565484279766679
0.2560492791235447
0.2542571551166475
0.2599657899700105
0.256403889041394
0.2586600612848997
0.2551499279215932
0.2560744169168174
0.2614513230510056
0.25456654094159603
0.25355767738074064
0.2573962681926787
0.25797044299542904
0.25998716708272696
0.2597970422357321
0.2645876230672002
0.25895899161696434
0.2570986980572343
0.2609840827062726
0.26432305993512273
0.25659790681675076
0.2532968809828162
0.25646305875852704
0.26433786284178495
0.2543583489023149
0.25428746500983834
0.25943219009786844
0.25682596070691943
0.25582385109737515
0.25552399223670363
0.26079556019976735
0.2585726208053529
0.25892461696639657
0.2578918361105025
0.2623430257663131
0.26223311480134726
0.25877701584249735
0.2620005300268531
0.2623649640008807
0.2557831150479615
0.2550427741371095
0.26059380639344454
0.26359291607514024
0.25454901484772563
0.255439470987767
0.2594873886555433
0.25794239388778806
0.25568606005981565
0.25541360955685377
0.261731896083802
0.25905955396592617
0.25925353169441223
0.257679034024477
0.26242134906351566
0.2599328961223364
0.25700138695538044
0.2614704188890755
0.262325590942055
0.25602946197614074
0.25483278557658195
0.2603430422022939
0.2630885411053896
0.25391861284151673
0.25402201525866985
0.2594224656932056
0.25581594044342637
0.2605608971789479
0.25870773382484913
0.26302638091146946
0.2604987286031246
0.260487322229892
0.2598059861920774
0.2628365969285369
0.2582614296115935
0.2559029581025243
0.25855346908792853
0.264294661115855
0.25576054817065597
0.25641895178705454
0.2612889390438795
0.25910696806386113
0.25507266307249665
0.25602197693660855
0.2622043062001467
0.26003018394112587
0.25854833889752626
0.2592537458986044
0.26351824030280113
0.2615779829211533
0.26180733833462
0.2609391249716282
0.25918789813295007
0.2556899068877101
0.25495544355362654
0.2571309944614768
0.26261220406740904
0.25338073493912816
0.25457881996408105
0.26060525607317686
0.25939228385686874
0.2522906460799277
0.255801809951663
0.2621630672365427
0.2591661708429456
0.25960373505949974
0.25831392826512456
0.25743013294413686
0.26592864003032446
0.2624642732553184
0.26237438805401325
0.264535928145051
0.25442283181473613
0.2545032734051347
0.2594539523124695
0.25953518506139517
0.25547883193939924
0.2561587789095938
0.26164818927645683
0.25799663504585624
0.25701457681134343
0.2547517721541226
0.2575982161797583
0.25037999311462045
0.26160024479031563
0.25864832010120153
0.2583631481975317
0.26271109795197845
0.2634615218266845
0.2615923769772053
0.26318297209218144
0.25412690406665206
0.2545146159827709
0.26068222196772695
0.2563964519649744
0.2600173489190638
0.2577842492610216
0.26485573733225465
0.2629110012203455
0.25868972297757864
0.25850455183535814
0.26207815622910857
0.26076405495405197
0.25897907512262464
0.26156646106392145
0.263595009688288
0.2544522983953357
0.2543438710272312
0.259251173119992
0.26400809176266193
0.25412919698283076
0.25499776704236865
0.25954226218163967
0.2569852191954851
0.256764676887542
0.2561367638409138
0.2622547810897231
0.25990532990545034
0.2600586828775704
0.2593366508372128
0.2638704748824239
0.2574310824275017
0.256300528999418
0.25978710409253836
0.26211780216544867
0.25413982197642326
0.253678719047457
0.2593660210259259
0.2532426752150059
0.2631021267734468
0.2622209880501032
0.2629971602000296
0.26312396908178926
0.25822232523933053
0.26021665101870894
0.2642992129549384
0.25759467482566833
0.2546922233887017
0.2572209248319268
0.26297943806275725
0.2579463431611657
0.25470697367563844
0.2570378943346441
0.2638766570016742
0.2528902366757393
0.2530679269693792
0.259823493193835
0.26316456869244576
0.25588141521438956
0.25652050925418735
0.2609977750107646
0.2604817859828472
0.257118440233171
0.2574190623126924
0.26182155683636665
0.25940667232498527
0.25591975497081876
0.25982464384287596
0.26327036786824465
0.257503520231694
0.25491388980299234
0.25765734631568193
0.2626912076957524
0.25399162992835045
0.2533920877613127
0.259250498842448
0.2632234017364681
0.2521221060305834
0.2530052079819143
0.2606101897545159
0.2588165351189673
0.2590437768958509
0.2578025236725807
0.2638290151953697
0.2609083540737629
0.2613028925843537
0.26059229765087366
0.26203853683546185
0.25591741083189845
0.2535543437115848
0.25836549373343587
0.2643969850614667
0.2556155431084335
0.2559236800298095
0.2623439743183553
0.26163559267297387
0.25274535501375794
0.25354453502222896
0.2592662558890879
0.25334104616194963
0.2616912848316133
0.2597077852115035
0.2585409991443157
0.25307082664221525
0.25966504821553826
0.2579125352203846
0.25795069010928273
0.2620574990287423
0.2608926701359451
0.26059876289218664
0.263117051217705
0.25843622209504247
0.2589232437312603
0.26269806222990155
0.2624551490880549
0.25423355028033257
0.25173977902159095
0.25951089709997177
0.25897995522245765
0.2544769812375307
0.2540361830033362
0.2602138565853238
0.26012467592954636
0.25619897805154324
0.25741270324215293
0.261818062979728
0.26258314587175846
0.2616074779070914
0.26105442689731717
0.26365726022049785
0.25772563414648175
0.2554006208665669
0.2587494356557727
0.2574100471101701
0.2575946068391204
0.25807827012613416
0.2621602579019964
0.2595281098037958
0.2569656390696764
0.2547616842202842
0.25800834875553846
0.25630561588332057
0.26011810824275017
0.25951481703668833
0.2652818881906569
0.2590490900911391
0.2566248760558665
0.25830321200191975
0.2635421948507428
0.2563001587986946
0.25410347897559404
0.2569104479625821
0.2638539872132242
0.2547266948968172
0.25470897695049644
0.26116122398525476
0.2596273571252823
0.256061761174351
0.25584276812151074
0.26143676694482565
0.26051956601440907
0.2599642560817301
0.2594152083620429
0.2652857890352607
0.25890011806041
0.25808454491198063
0.2594823371618986
0.264106635004282
0.2536797891370952
0.2532406677491963
0.25880619417876005
0.26372041599825025
0.25322994915768504
0.2548811621963978
0.2599799740128219
0.25733254477381706
0.25563367921859026
0.25519093964248896
0.2617098670452833
0.2617836771532893
0.25759112229570746
0.2540444917976856
0.26051231008023024
0.26100768707692623
0.26254691276699305
0.26227507274597883
0.26144956005737185
0.2577126296237111
0.2566605289466679
0.26115774689242244
0.26164013985544443
0.25319023709744215
0.25474411714822054
0.2605723007582128
0.2600698312744498
0.256514729000628
0.2557369167916477
0.260606334079057
0.25770923774689436
0.259030032902956
0.25746475672349334
0.2586853541433811
0.26442071609199047
0.26227489206939936
0.262875160202384
0.26311513176187873
0.25762426387518644
0.2553166118450463
0.2604989530518651
0.2622203421778977
0.2546693151816726
0.2537731807678938
0.25719770416617393
0.25388006027787924
0.26052909763529897
0.25895808497443795
0.2580494312569499
0.26605050917714834
0.263041565194726
0.2616741117089987
0.2624866529367864
0.25617253594100475
0.25602849991992116
0.261333332862705
0.2635116851888597
0.25346958730369806
0.2534756250679493
0.25846174778416753
0.2573653277941048
0.25707532092928886
0.25426527904346585
0.2568966397084296
0.25260954769328237
0.25823708809912205
0.2573695811443031
0.2621033960022032
0.2611316591501236
0.2570471311919391
0.261566000059247
0.2604605806991458
0.2607531868852675
0.2603687159717083
0.2615631939843297
0.26079029869288206
0.2545979912392795
0.25325841223821044
0.25898083625361323
0.2563120098784566
0.2579884869046509
0.2578675542026758
0.26295726001262665
0.26473347283899784
0.2598705613054335
0.25644562812522054
0.2588137546554208
0.26344547187909484
0.2621215437538922
0.26304652402177453
0.26412834506481886
0.2542462609708309
0.2545620989985764
0.2609861809760332
0.25881057884544134
0.25550944125279784
0.2537659709341824
0.2600389909930527
0.25616062711924314
0.2590147000737488
0.25709478463977575
0.25729747116565704
0.26301849726587534
0.26281748013570905
0.26184387411922216
0.2620292450301349
0.2578070070594549
0.2562788538634777
0.2624178510159254
0.2606750032864511
0.2529603182338178
0.25115505373105407
0.25667168013751507
0.2608793661929667
0.25408810609951615
0.25489500584080815
0.2601894587278366
0.2576987976208329
0.25683198077604175
0.25730061903595924
0.2624250650405884
0.2621428179554641
0.2587894042953849
0.2597319073975086
0.264664800837636
0.2583377258852124
0.25468025309965014
0.25700824288651347
0.2636915980838239
0.2562406864017248
0.2560227969661355
0.26017987122759223
0.2649291008710861
0.2532594259828329
0.2531367070041597
0.2585831261239946
0.25613885186612606
0.2573937610723078
0.2573663601651788
0.26300826389342546
0.2607272630557418
0.259082249365747
0.25789182679727674
0.2619131007231772
0.26263372926041484
0.2624638481065631
0.2616554847918451
0.2634944608435035
0.25353849586099386
0.2516547190025449
0.2569810380227864
0.25928047997877
0.2554851109161973
0.25647171400487423
0.2616859660483897
0.2608560402877629
0.25686761923134327
0.2557716490700841
0.26150737702846527
0.26175076700747013
0.2599082258529961
0.2607116661965847
0.2637423239648342
0.25971945468336344
0.25844571413472295
0.2599706002511084
0.25871417112648487
0.2541113547049463
0.2541308058425784
0.26004533004015684
0.2620519809424877
0.2541737067513168
0.2546082390472293
0.26066661486402154
0.25798692600801587
0.2587082190439105
0.2581896046176553
0.26181402476504445
0.26191544299945235
0.2616654047742486
0.26056908583268523
0.2641649800352752
0.2564913611859083
0.255364122800529
0.2583046252839267
0.2579329367727041
0.25771492533385754
0.2578841121867299
0.2625564727932215
0.2599105411209166
0.25710816588252783
0.25330943521112204
0.25742956902831793
0.25644782884046435
0.25916353426873684
0.26037272391840816
0.2648005480878055
0.2600095667876303
0.25865152571350336
0.2601212980225682
0.2634553359821439
0.2550531206652522
0.2518804641440511
0.2559195659123361
0.2634340599179268
0.2556101679801941
0.25569562520831823
0.2613132665865123
0.2580675221979618
0.2536161793395877
0.2535717720165849
0.26017755502834916
0.2560041989199817
0.2586775552481413
0.25685906782746315
0.2594318948686123
0.2518154480494559
0.25955579662695527
0.25772732961922884
0.2610353259369731
0.26059270184487104
0.2558968737721443
0.25573037890717387
0.2566607636399567
0.2604575399309397
0.26242781803011894
0.2607915699481964
0.26318129105493426
0.2569203283637762
0.2551732612773776
0.2599897482432425
0.2585499589331448
0.2583224819973111
0.25786696188151836
0.2620998192578554
0.26346644200384617
0.2610217281617224
0.25899849692359567
0.26299412874504924
0.25662834476679564
0.25550043815746903
0.26177083421498537
0.2625762652605772
0.25352756259962916
0.25387472892180085
0.26194600062444806
0.258342273067683
0.25713738100603223
0.2560503180138767
0.26377166993916035
0.2604794539511204
0.2573159681633115
0.25377722177654505
0.25647188164293766
0.2634788090363145
0.26021860679611564
0.2572196340188384
0.2623794889077544
0.25822831178084016
0.25715388637036085
0.2613760642707348
0.26411101315170527
0.2542197438888252
0.2548884777352214
0.2626109882257879
0.2588846371509135
0.2577033438719809
0.25416674092411995
0.25890059070661664
0.2543635223992169
0.2598177227191627
0.25748731195926666
0.2620303868316114
0.2628968427889049
0.2603387190029025
0.26384033309295774
0.2639679298736155
0.25697681214660406
0.25618506595492363
0.2612170400097966
0.25945580285042524
0.25427230820059776
0.2543283733539283
0.26129422383382916
0.2588167218491435
0.25587334111332893
0.2513742297887802
0.2580525646917522
0.2634506053291261
0.25623088236898184
0.2504880200140178
0.2532490650191903
0.25243779085576534
0.2638752539642155
0.2631533853709698
0.2645110893063247
0.2638013828545809
0.2615562700666487
0.26197162037715316
0.26226703682914376
0.2551499269902706
0.25382413901388645
0.26070772809907794
0.2569090463221073
0.25896911323070526
0.25650509539991617
0.25874182721599936
0.26112318504601717
0.255267052911222
0.25377897499129176
0.2583930748514831
0.25900206714868546
0.2606072397902608
0.26037079002708197
0.2651706379838288
0.25931772077456117
0.2577822799794376
0.25964596029371023
0.2647309876047075
0.2538819028995931
0.2533559729345143
0.25931256590411067
0.2632726659066975
0.2549857744015753
0.2562576839700341
0.2612501089461148
0.26476978976279497
0.2601251429878175
0.26029289700090885
0.26417423225939274
0.25949528999626637
0.25810209196060896
0.2602878916077316
0.25960204377770424
0.2591191288083792
0.25878993701189756
0.2634475170634687
0.2629175139591098
0.26034433022141457
0.2602847348898649
0.2628900636918843
0.25996083626523614
0.2570141698233783
0.2591786631383002
0.2627038457430899
0.2550154961645603
0.25435560615733266
0.2600571708753705
0.2571904878132045
0.25431147776544094
0.25405743392184377
0.26112408516928554
0.2575679486617446
0.2567807277664542
0.253729198127985
0.2569417520426214
0.2537051378749311
0.25801717303693295
0.2582000261172652
0.26180457323789597
0.26204486191272736
0.25962504697963595
0.2602205080911517
0.2652475000359118
0.2610681466758251
0.26112383510917425
0.26256724121049047
0.2617930890992284
0.2545882617123425
0.2552679469808936
0.2615535445511341
0.25799179915338755
0.2589177810586989
0.2580512068234384
0.2623483072966337
0.25971286185085773
0.25966227520257235
0.2619520011357963
0.2630186933092773
0.2567108520306647
0.2553574228659272
0.26163005363196135
0.2596279769204557
0.2545024370774627
0.2555748368613422
0.2611976470798254
0.25767363980412483
0.25555216195061803
0.25541679887101054
0.2617980632930994
0.25938692409545183
0.2598903779871762
0.2576189902611077
0.258191823028028
0.2638771841302514
0.26181555492803454
0.26163329603150487
0.2628411748446524
0.25613468885421753
0.2569202180020511
0.26139097288250923
0.25898217409849167
0.2548731570132077
0.2551391660235822
0.26053723227232695
0.25833164202049375
0.2576025011949241
0.25585811771452427
0.26199617190286517
0.2627030168659985
0.26131790364161134
0.26206092815846205
0.2640391709282994
0.2566444627009332
0.2570768278092146
0.2608945998363197
0.25701938616111875
0.25614355877041817
0.25678690802305937
0.26127395825460553
0.2599161402322352
0.25489293364807963
0.2561171231791377
0.2609435641206801
0.2602060129866004
0.2603720580227673
0.2608246407471597
0.26109255105257034
0.2581973010674119
0.2550671538338065
0.25782159715890884
0.2627984471619129
0.2559796548448503
0.2556060799397528
0.26049386290833354
0.2634151871316135
0.2536900620907545
0.25523991975933313
0.2591464980505407
0.2579393866471946
0.2531587341800332
0.25321007100865245
0.260030010715127
0.2553600282408297
0.2549950829707086
0.2536129653453827
0.2590247131884098
0.25958789279684424
0.25434232130646706
0.25474825222045183
0.2607066440396011
0.2567618996836245
0.25705600203946233
0.2536872592754662
0.2573781399987638
0.2503881920129061
0.26164573803544044
0.25979257421568036
0.26202297070994973
0.26199366757646203
0.2592346668243408
0.260569772683084
0.2632982898503542
0.2567518847063184
0.25431687431409955
0.26076682191342115
0.25708143692463636
0.26018307730555534
0.2598784891888499
0.26451794896274805
0.2632153439335525
0.26069382205605507
0.2609994891099632
0.2647158680483699
0.2584621561691165
0.2561587621457875
0.2584333848208189
0.26308078318834305
0.2546998909674585
0.25543658901005983
0.26005494873970747
0.26340902829542756
0.2536153211258352
0.25367095321416855
0.25925007881596684
0.25556829990819097
0.2589873750694096
0.257469757925719
0.2595919482409954
0.2566801127977669
0.2610207749530673
0.25958613911643624
0.25881711579859257
0.26420102128759027
0.2620694641955197
0.2628656579181552
0.2637205347418785
0.2543835248798132
0.25375179713591933
0.25916283298283815
0.2580014322884381
0.2571153938770294
0.2580902869813144
0.2637816849164665
0.2652840707451105
0.2642113249748945
0.26334006106480956
0.25931127835065126
0.2613836759701371
0.2566630160436034
0.2627517352811992
0.2619111258536577
0.2586836479604244
0.25858392799273133
0.2636715550906956
0.25886812014505267
0.2564812256023288
0.25992566626518965
0.2645975179038942
0.2561396611854434
0.2531920210458338
0.256777985021472
0.2639454430900514
0.25604669377207756
0.25734469294548035
0.26190902665257454
0.26009235298261046
0.25439918506890535
0.2557364315725863
0.2611126876436174
0.259459569118917
0.2586420550942421
0.25918503711000085
0.2635404160246253
0.25962197314947844
0.2552858912386
0.2593361330218613
0.26308941608294845
0.25851282896474004
0.25869658775627613
0.26011523324996233
0.2579402308911085
0.2562728840857744
0.2563656731508672
0.26077257422730327
0.260229276958853
0.25534020084887743
0.25663986522704363
0.2613964369520545
0.260855077765882
0.2598307067528367
0.2613039775751531
0.2626966410316527
0.26026124274358153
0.2556735430844128
0.2570475609973073
0.2625254839658737
0.2541422098875046
0.254157735966146
0.2598974369466305
0.2626654631458223
0.2543851141817868
0.25498713413253427
0.260449537076056
0.2576329540461302
0.2567684091627598
0.2563097379170358
0.2616522288881242
0.25754808401688933
0.2605750039219856
0.2595894727855921
0.26173851313069463
0.2593531790189445
0.2568271257914603
0.260245397221297
0.2632660367526114
0.2540995180606842
0.25368087319657207
0.2595977932214737
0.2566971522755921
0.2581552998162806
0.2586535681039095
0.26319131534546614
0.2597879711538553
0.25550687219947577
0.2518423991277814
0.255454292986542
0.2517108847387135
0.260536408983171
0.25990581372752786
0.2618284421041608
0.25966233294457197
0.2548885140568018
0.25717899994924664
0.2594140791334212
0.26218313025310636
0.2619710140861571
0.2604037160053849
0.26134957280009985
0.2558985040523112
0.25268002692610025
0.2564900806173682
0.2629717169329524
0.25421264907345176
0.2549135722219944
0.26077062310650945
0.2629294809885323
0.25410443590953946
0.25501351384446025
0.2598123298957944
0.2579745128750801
0.2580539849586785
0.257999898865819
0.2607185118831694
0.2585791158489883
0.2618938139639795
0.26032949099317193
0.26275621773675084
0.2562614376656711
0.2550848312675953
0.2609125622548163
0.26317740185186267
0.2539600869640708
0.2543232231400907
0.26011087698861957
0.2569808913394809
0.25563651975244284
0.25620138878002763
0.26173588121309876
0.2569201197475195
0.2542342967353761
0.25382231641560793
0.25832792092114687
0.2561577339656651
0.2570957629941404
0.2571399128064513
0.2620115829631686
0.26182331005111337
0.25844285264611244
0.25962057104334235
0.26311706798151135
0.2595827355980873
0.25614841701462865
0.25885901087895036
0.2592355473898351
0.2596260979771614
0.2592849978245795
0.262334244325757
0.262389515992254
0.2536951550282538
0.25251252111047506
0.25685637909919024
0.25623214384540915
0.2564001311548054
0.25537979789078236
0.26084772078320384
0.25860980805009604
0.25727741001173854
0.25177882984280586
0.2550762598402798
0.2576940879225731
0.25695076305419207
0.2582245827652514
0.2614726470783353
0.2592887468636036
0.2554886881262064
0.2604920449666679
0.263332542963326
0.26038628490641713
0.25690836599096656
0.2588969976641238
0.26322088576853275
0.2564718867652118
0.2566446359269321
0.2608347958885133
0.2588692307472229
0.2529832785949111
0.25357438903301954
0.2594711519777775
0.26243135379627347
0.2555587268434465
0.25698603596538305
0.2607777160592377
0.26219871966168284
0.2614686260931194
0.26106319623067975
0.26445520389825106
0.2560929087921977
0.25309538189321756
0.25667868135496974
0.262420526240021
0.2558364747092128
0.256533641833812
0.2601973032578826
0.2630733270198107
0.2538990178145468
0.25242071179673076
0.2564342371188104
0.25545147992670536
0.2577434852719307
0.2579833301715553
0.26333375787362456
0.262992215808481
0.2602758198045194
0.2608756641857326
0.26317516434937716
0.25952113000676036
0.25757276406511664
0.25930055882781744
0.2625986197963357
0.2540157097391784
0.2527441321872175
0.2576223071664572
0.26263854559510946
0.25420109601691365
0.2552067758515477
0.2606298951432109
0.25723062874749303
0.2561306073330343
0.2564890580251813
0.2625793879851699
0.2614540499635041
0.2615023721009493
0.2601945106871426
0.2619473203085363
0.2578172190114856
0.2564582019113004
0.2592387171462178
0.2635253588669002
0.25445686141029
0.25404752185568213
0.26033288100734353
0.2604564242064953
0.25472220312803984
0.2542550889775157
0.26305924309417605
0.25974181527271867
0.2575949151068926
0.25668944930657744
0.2576768700964749
0.25377333210781217
0.2609151052311063
0.25727479020133615
0.2592460000887513
0.2627639779821038
0.2628462049178779
0.26381654292345047
0.2646422050893307
0.25632017478346825
0.2569362451322377
0.26128282211720943
0.2602180098183453
0.2557656723074615
0.257078108843416
0.259815672878176
0.2599238520488143
0.2609809199348092
0.26018880400806665
0.2615497442893684
0.2576785427518189
0.2552796248346567
0.25865053525194526
0.2630909108556807
0.2557058781385422
0.2560518360696733
0.261342850048095
0.2632936551235616
0.2533066929318011
0.25559222465381026
0.26007536612451077
0.2622231477871537
0.25668126018717885
0.25756416423246264
0.2611881517805159
0.2602297500707209
0.2609363361261785
0.261110523249954
0.261805634945631
0.2572232177481055
0.2547434172593057
0.25847049290314317
0.2626089882105589
0.2539602848701179
0.25426387693732977
0.2584976991638541
0.26322364481166005
0.2533052498474717
0.25481437984853983
0.261277767829597
0.2592065059579909
0.2547463201917708
0.2540634060278535
0.26104272715747356
0.25845677917823195
0.2585537191480398
0.2577188638970256
0.2585762310773134
0.2631587381474674
0.2612765352241695
0.2602038411423564
0.2603530320338905
0.2558314106427133
0.25513088004663587
0.2611780920997262
0.2579081919975579
0.25497317779809237
0.25474117463454604
0.2614603438414633
0.25726522505283356
0.25648953625932336
0.2540754498913884
0.2563730110414326
0.261398509144783
0.2536297356709838
0.2548008100129664
0.2593640382401645
0.2574512609280646
0.2552894679829478
0.253842837177217
0.2611135742627084
0.2567097027786076
0.25697863195091486
0.25320730870589614
0.2581449239514768
0.2633199729025364
0.25860587088391185
0.2590915742330253
0.2585585629567504
0.26159869879484177
0.2625586739741266
0.26177994115278125
0.26280419901013374
0.2533475221134722
0.25214984407648444
0.25793386483564973
0.2579688159748912
0.25609242683276534
0.2560668271034956
0.26063803723081946
0.2601573867723346
0.2544858017936349
0.255628171376884
0.26099652936682105
0.25957212736830115
0.25809077778831124
0.25852020969614387
0.2623932370916009
0.25930242892354727
0.2565649109892547
0.26005439925938845
0.26399838412180543
0.2579886778257787
0.2581578567624092
0.2595099448226392
0.2616710988804698
0.2541792178526521
0.2546221800148487
0.26104320771992207
0.2571781990118325
0.2539535039104521
0.25510780280455947
0.26173423510044813
0.25963945500552654
0.257664758246392
0.2557650599628687
0.25794141413643956
0.2645881278440356
0.2626728699542582
0.26074105594307184
0.26385287707671523
0.25582629395648837
0.25673673301935196
0.26241485588252544
0.26410339307039976
0.2526842439547181
0.2534778518602252
0.2600350850261748
0.2579723200760782
0.25728357303887606
0.25598891312256455
0.2620150502771139
0.25920953787863255
0.26002184208482504
0.2599795120768249
0.2641801945865154
0.25789954373613
0.25778722297400236
0.26002044696360826
0.26440782891586423
0.2544333101250231
0.25527572026476264
0.26177531480789185
0.2591451951302588
0.254471346270293
0.25548109225928783
0.26230913400650024
0.2583162058144808
0.25791676016524434
0.2552526518702507
0.26155087584629655
0.26357348822057247
0.26079415110871196
0.26211924012750387
0.26434633415192366
0.2561015239916742
0.2566770897246897
0.2611250369809568
0.2639003051444888
0.2528876638971269
0.2530286111868918
0.2579748360440135
0.2554915710352361
0.2586612110026181
0.258188390173018
0.2641603806987405
0.2623098250478506
0.2612349558621645
0.2612319700419903
0.26387501507997513
0.25823720591142774
0.25798041513189673
0.26013843389227986
0.2579168830998242
0.2549010976217687
0.25550034921616316
0.25919299107044935
0.2584428093396127
0.2544102850370109
0.2550154938362539
0.26078368397429585
0.2591289463452995
0.2593932910822332
0.2583991177380085
0.2577921459451318
0.25469215866178274
0.2627211781218648
0.26050531305372715
0.2627641479484737
0.25774645199999213
0.25765712512657046
0.2627819967456162
0.2640705080702901
0.25498678302392364
0.25543056800961494
0.2610245952382684
0.25937121408060193
0.25745597621425986
0.25746304308995605
0.26242393674328923
0.26113889273256063
0.2613611351698637
0.26244089379906654
0.26419221004471183
0.2569011407904327
0.2535036401823163
0.25657773204147816
0.2630827468819916
0.25386950839310884
0.25332691706717014
0.2593035660684109
0.263266384601593
0.2556799645535648
0.2557747890241444
0.26065680012106895
0.25881630601361394
0.2587107769213617
0.2566600739955902
0.2626546868123114
0.26165597420185804
0.25867018522694707
0.26223813788965344
0.26684289099648595
0.2555383020080626
0.2529336386360228
0.2565987380221486
0.2647291482426226
0.2539946590550244
0.2538493569009006
0.2588917831890285
0.25757715897634625
0.25804506801068783
0.25813885824754834
0.26289258897304535
0.2619690168648958
0.2603106671012938
0.2606118321418762
0.2621854986064136
0.26165687199682
0.2573785986751318
0.25964436400681734
0.25764243211597204
0.2584124109707773
0.2588421939872205
0.2623820989392698
0.25863695703446865
0.2578382617793977
0.2522265836596489
0.25411080894991755
0.2550305179320276
0.2577680409885943
0.2581577110104263
0.2630854658782482
0.261272419244051
0.2604706878773868
0.2611305876635015
0.2641705935820937
0.25856124283745885
0.25637732027098536
0.2591909309849143
0.2636403599753976
0.2555382256396115
0.25389420986175537
0.25808067386969924
0.2560136569663882
0.2597196800634265
0.2599123897962272
0.26486056111752987
0.26223890017718077
0.2595674484036863
0.261000769212842
0.26359207602217793
0.25761378090828657
0.25660112127661705
0.2597987181507051
0.2579987579956651
0.2587716584093869
0.25632777996361256
0.2591005121357739
0.25568928103893995
0.25833133002743125
0.2583475629799068
0.26281186612322927
0.26111489441245794
0.26390291005373
0.2607897249981761
0.26409571012482047
0.25648877676576376
0.25523446314036846
0.26154198590666056
0.26476509729400277
0.254079578910023
0.25552953593432903
0.26133144181221724
0.2594391880556941
0.2585152080282569
0.25777611089870334
0.2621409227140248
0.2625921010039747
0.26096250768750906
0.2621126384474337
0.2647662959061563
0.2551704468205571
0.2527196160517633
0.25703362561762333
0.26345158321782947
0.25454789586365223
0.2560035143978894
0.259896753821522
0.258432918228209
0.25437035225331783
0.2545537236146629
0.26053232001140714
0.2590098991058767
0.2561986427754164
0.25227114697918296
0.25735750515013933
0.25246169324964285
0.25992759922519326
0.25917170383036137
0.26347093004733324
0.2609410942532122
0.25797341484576464
0.2629274916835129
0.26226230803877115
0.2579506179317832
0.257178972940892
0.2631165608763695
0.2602819218300283
0.25374446576461196
0.25438296142965555
0.2609535586088896
0.25734995817765594
0.2572790449485183
0.2543926350772381
0.25640206690877676
0.2509748567827046
0.2604319779202342
0.2608116432093084
0.2638243278488517
0.2619666871614754
0.2592548839747906
0.2596282418817282
0.25820600893348455
0.26177250500768423
0.2620955677703023
0.26291809184476733
0.26103513361886144
0.2539693880826235
0.25431034294888377
0.26172840502113104
0.25839400198310614
0.2569117066450417
0.25359523529186845
0.25603839103132486
0.2595482040196657
0.2551071927882731
0.25405228277668357
0.2580048511736095
0.25809141620993614
0.25871977815404534
0.25696435710415244
0.26168172527104616
0.26177032105624676
0.2586599439382553
0.26184337493032217
0.2617075708694756
0.25789374532178044
0.2560485019348562
0.257799101062119
0.2651363150216639
0.25406371988356113
0.2533232672140002
0.2577693806961179
0.25594071578234434
0.25635716086253524
0.2556968512944877
0.26195284305140376
0.2589283431880176
0.25708865374326706
0.25418687611818314
0.25661640195176005
0.26214845571666956
0.2574774110689759
0.25577528588473797
0.25725840870290995
0.2623104746453464
0.2635749392211437
0.262047927826643
0.26396485418081284
0.25492718210443854
0.25397666124626994
0.2612772067077458
0.25643828278407454
0.26058593299239874
0.2597163380123675
0.2641129307448864
0.26179735409095883
0.26102585531771183
0.26052472786977887
0.26400815369561315
0.25952125107869506
0.2569638239219785
0.2590099801309407
0.2633031806908548
0.25367417791858315
0.25339769991114736
0.2599226157180965
0.2627699081785977
0.2548731490969658
0.25556188402697444
0.2599217388778925
0.2594694900326431
0.2603845028206706
0.26025098422542214
0.2657922087237239
0.26110148895531893
0.2603790611028671
0.26175739523023367
0.25855646282434464
0.258966620080173
0.2587824510410428
0.26374298986047506
0.2626322079449892
0.2612751591950655
0.26009079487994313
0.2639202973805368
0.25822922168299556
0.25563554000109434
0.25844745012000203
0.2644408796913922
0.25450499076396227
0.25550318136811256
0.2598349340260029
0.25779957976192236
0.257611480075866
0.25793488323688507
0.2632721387781203
0.2603746522217989
0.25728525407612324
0.2614327888004482
0.2648362573236227
0.26000663870945573
0.25668388698250055
0.25919196335598826
0.2635235548950732
0.25574434688314795
0.2519802269525826
0.25795233715325594
0.26306955609470606
0.2544089569710195
0.2557567204348743
0.25956139201298356
0.25809491286054254
0.25677151000127196
0.25763001199811697
0.26195110799744725
0.2597893183119595
0.2611731393262744
0.26138629484921694
0.2639507087878883
0.2602424770593643
0.25759951025247574
0.26044085109606385
0.2592075588181615
0.25915929628536105
0.25750016886740923
0.26361842826008797
0.261221406981349
0.2596067958511412
0.259507127571851
0.2633286598138511
0.2590805306099355
0.2560420520603657
0.26061143493279815
0.2644227077253163
0.25669097900390625
0.2575134099461138
0.26214295579120517
0.2609290387481451
0.2538740667514503
0.25422691088169813
0.25870466232299805
0.25896065309643745
0.2576420968398452
0.2568836729042232
0.2598720625974238
0.25845397636294365
0.26275451434776187
0.26080350996926427
0.26477713184431195
0.25654707569628954
0.25388371804729104
0.257253450807184
0.2637323751114309
0.2551532359793782
0.2542645731009543
0.260969131719321
0.25925678899511695
0.25754887610673904
0.25804899586364627
0.2634057393297553
0.26219531521201134
0.25982640823349357
0.261372793931514
0.26408448815345764
0.2594866151921451
0.2596532138995826
0.26226135110482574
0.25680952286347747
0.25888503389433026
0.25645783822983503
0.25639042677357793
0.2522070659324527
0.26157579803839326
0.26119445404037833
0.26415186235681176
0.262599668931216
0.26054320484399796
0.26272503286600113
0.26509824115782976
0.25521377427503467
0.25505257956683636
0.2614074172452092
0.26466993894428015
0.25463707419112325
0.2562341382727027
0.26096950843930244
0.2613536100834608
0.25798160303384066
0.2603941699489951
0.2640049448236823
0.261290327180177
0.2608131770975888
0.2622348959557712
0.2587865451350808
0.2564594796858728
0.2560575110837817
0.26175872795283794
0.2565420810133219
0.25531627889722586
0.2551236590370536
0.26123497309163213
0.2606586632318795
0.2579610892571509
0.25187360402196646
0.25656524719670415
0.256051448173821
0.2609523111023009
0.2610096288844943
0.2636970398016274
0.2591564944013953
0.25845339708030224
0.26155296014621854
0.2630711020901799
0.25581499421969056
0.25436597177758813
0.25842385785654187
0.26326947985216975
0.2544321110472083
0.25403503188863397
0.25801563914865255
0.2577972006984055
0.2547695799730718
0.25578441098332405
0.2618325063958764
0.2601927872747183
0.2578674708493054
0.2545958240516484
0.25700657814741135
0.2637155349366367
0.26379366079345345
0.2615417060442269
0.26475644391030073
0.25647505186498165
0.25699784606695175
0.26214617816731334
0.2645881548523903
0.254072274081409
0.2623380310833454
0.2636503870598972
0.26121401926502585
0.2591845910064876
0.25925558991730213
0.2573081930167973
0.2625540182925761
0.26253564888611436
0.2630715910345316
0.2613860620185733
0.25588924158364534
0.25660304771736264
0.26173943700268865
0.2596556399948895
0.2602290268987417
0.26135967392474413
0.2620150903239846
0.25870588095858693
0.256093739066273
0.2586538437753916
0.2642554258927703
0.2553672972135246
0.25571442721411586
0.26039409497752786
0.260091922711581
0.25412829918786883
0.25570742692798376
0.2618527286686003
0.25961173605173826
0.26061025774106383
0.25828269915655255
0.26307851914316416
0.2617774298414588
0.2617160240188241
0.26153393369168043
0.26504685496911407
0.2537249121814966
0.25405827490612864
0.25909161008894444
0.25792366033419967
0.25676949182525277
0.2578413891606033
0.2616725782863796
0.26160281524062157
0.258866080082953
0.26014267886057496
0.26425500540062785
0.2617049617692828
0.26068249996751547
0.26241709385067225
0.26141451532021165
0.25296758487820625
0.25572102004662156
0.26187513023614883
0.2575277257710695
0.25540440576151013
0.2535236859694123
0.2603395958431065
0.2621452151797712
0.2584098558872938
0.25338114565238357
0.2557417149655521
0.25871137296780944
0.26161606004461646
0.2611768892966211
0.26455166283994913
0.2616327521391213
0.26168637489899993
0.2632469520904124
0.2627030201256275
0.2554208622314036
0.2573339622467756
0.2630645828321576
0.2619259445928037
0.2610757453367114
0.26176666421815753
0.26328917779028416
0.2571367030031979
0.2547091478481889
0.2573085450567305
0.2645719926804304
0.2535593151114881
0.25363067584112287
0.2599061420187354
0.25601821206510067
0.257752554025501
0.25880011077970266
0.2654895158484578
0.2633895701728761
0.26133133191615343
0.26037223264575005
0.26505063520744443
0.2581835058517754
0.25820526387542486
0.2629762948490679
0.260410666000098
0.25613628001883626
0.255628963932395
0.26285480987280607
0.2594391070306301
0.25956950103864074
0.25874888664111495
0.25818789890035987
0.26421574922278523
0.2621339848265052
0.2623844319023192
0.26489595090970397
0.2534808646887541
0.2524316953495145
0.25913098780438304
0.25610802974551916
0.25756925996392965
0.257923174649477
0.2629046067595482
0.26002577086910605
0.2583439592272043
0.2588201048783958
0.26207523699849844
0.2581999022513628
0.2556979521177709
0.260406332090497
0.2636405099183321
0.2541601061820984
0.25381150795146823
0.25972553016617894
0.26227021869271994
0.25576936872676015
0.25476902024820447
0.2614094978198409
0.25859362119808793
0.25572773767635226
0.25538506964221597
0.2624092660844326
0.2597638089209795
0.2567960638552904
0.25395144196227193
0.2566851177252829
0.25056393491104245
0.25901862187311053
0.25797822093591094
0.262334899045527
0.2609069040045142
0.2569463048130274
0.2605434888973832
0.2633733185939491
0.26084938226267695
0.2597902459092438
0.26159986294806004
0.26103172404691577
0.2543388609774411
0.2515984051860869
0.2577040959149599
0.26326892897486687
0.25340000493451953
0.2519020549952984
0.25637677777558565
0.25406813668087125
0.26121619902551174
0.2610604506917298
0.26366968639194965
0.26324328500777483
0.25906391674652696
0.26079783914610744
0.2632275251671672
0.26110366079956293
0.2598962150514126
0.26236003544181585
0.25999524304643273
0.2561813876964152
0.25565865775570273
0.26109391497448087
0.25957633880898356
0.25499094603583217
0.25052479887381196
0.2535734260454774
0.25374002708122134
0.2590827071107924
0.25824215868487954
0.2631327109411359
0.26255048997700214
0.2582323462702334
0.26081504113972187
0.2622129390947521
0.26206810027360916
0.2586303809657693
0.25923211593180895
0.25757293310016394
0.2570407232269645
0.2568460791371763
0.2604651339352131
0.26247553806751966
0.2529411828145385
0.2516782791353762
0.25697198370471597
0.25566316302865744
0.2605547960847616
0.2582681090570986
0.25884278398007154
0.25732235703617334
0.2583511429838836
0.25491260504350066
0.2578736743889749
0.26316189020872116
0.26101646898314357
0.26174778304994106
0.2620986788533628
0.2572992159985006
0.2561671850271523
0.2620988762937486
0.26009874837473035
0.25382382003590465
0.25257213274016976
0.2591092144139111
0.2581426822580397
0.2579507059417665
0.2569652902893722
0.26163306599482894
0.26167501183226705
0.26064632227644324
0.25634409207850695
0.2553623798303306
0.2622762592509389
0.2623881078325212
0.26167607540264726
0.2632713643833995
0.2557487105950713
0.2545065889135003
0.26130631612613797
0.25756226014345884
0.2591755851171911
0.2578469794243574
0.2630441258661449
0.25985319167375565
0.2596621559932828
0.25931546883657575
0.26266869017854333
0.2605285318568349
0.25836361292749643
0.2601614180020988
0.26296032732352614
0.25407652789726853
0.25461095524951816
0.26014084462076426
0.2622373513877392
0.2540211728774011
0.25336418813094497
0.2590110059827566
0.2574879927560687
0.25751073518767953
0.2575622359290719
0.26262439088895917
0.26125110406428576
0.25814741710200906
0.2593536637723446
0.26291055511683226
0.26042332081124187
0.2592844278551638
0.2590885707177222
0.2606192482635379
0.25641602417454123
0.2544440096244216
0.25800010468810797
0.2632574811577797
0.2542223078198731
0.25411195307970047
0.2598905051127076
0.2602928839623928
0.2539816149510443
0.25331823294982314
0.25996000971645117
0.2559928330592811
0.25638974318280816
0.2526990449987352
0.2565752170048654
0.25888029858469963
0.25534156197682023
0.2554957689717412
0.26083994284272194
0.2586431778036058
0.25829448783770204
0.2565435329452157
0.25686355866491795
0.2530165989883244
0.26175031205639243
0.2593528041616082
0.25915329484269023
0.26130169816315174
0.2609678409062326
0.2615758329629898
0.2627721899189055
0.253754619974643
0.2538116769865155
0.26020621228963137
0.25553561793640256
0.26186238415539265
0.2595161381177604
0.2628288855776191
0.2610833668150008
0.25826785480603576
0.26144089410081506
0.2641094159334898
0.2578221708536148
0.25476305186748505
0.25719233928248286
0.26394468173384666
0.25569961592555046
0.2558246459811926
0.2613613470457494
0.26382484706118703
0.25312729412689805
0.25150609528645873
0.2586328121833503
0.26302952133119106
0.25499194115400314
0.2551437299698591
0.2608293863013387
0.25896238489076495
0.26011934597045183
0.2586387898772955
0.2636702209711075
0.2591014029458165
0.25713462801650167
0.25990417785942554
0.2628290359862149
0.25560977403074503
0.2543073929846287
0.2600617902353406
0.26315506640821695
0.2541548260487616
0.25332210306078196
0.2585638780146837
0.2551473490893841
0.26123017398640513
0.25844742683693767
0.2567332317121327
0.2512039137072861
0.26120336772874
0.2601000564172864
0.261963970027864
0.2637963970191777
0.2621239530853927
0.26158711360767484
0.2622344586998224
0.2536689289845526
0.2509045680053532
0.2560669220983982
0.2557478412054479
0.26250133058056235
0.26063579972833395
0.2630056752823293
0.26357322093099356
0.25489310128614306
0.24983004992827773
0.2531235730275512
0.2533436589874327
0.26064266078174114
0.2589398231357336
0.2632567738182843
0.26166320824995637
0.2592169130221009
0.2600144068710506
0.2631951137445867
0.2595580848865211
0.25600111205130816
0.2581815761514008
0.262378565967083
0.2557619879953563
0.25295362900942564
0.25528479693457484
0.2648093067109585
0.2539676739834249
0.252811330370605
0.25846057245507836
0.2548060747794807
0.2630947111174464
0.26095429761335254
0.26333991484716535
0.26215635472908616
0.25966963497921824
0.2604029201902449
0.26236350275576115
0.2593581322580576
0.2566878511570394
0.25809788377955556
0.2630228130146861
0.25591561011970043
0.2557872938923538
0.2602270347997546
0.263094836845994
0.2527957479469478
0.2516807997599244
0.25851673213765025
0.26267930027097464
0.2551281610503793
0.25324396463111043
0.2604253222234547
0.25992774311453104
0.2573005370795727
0.2532382099889219
0.2547656688839197
0.25991700729355216
0.25924592511728406
0.25911089312285185
0.25999997835606337
0.2625060169957578
0.2619791249744594
0.26203080266714096
0.26214325334876776
0.25676726503297687
0.2572792968712747
0.26243768306449056
0.26080926787108183
0.2582286773249507
0.25836349511519074
0.262724167201668
0.25952477380633354
0.25631055794656277
0.2601037509739399
0.26404743595048785
0.25577465584501624
0.25404008803889155
0.25886966520920396
0.26277434872463346
0.2554650390520692
0.2539401687681675
0.25971552124246955
0.2561663119122386
0.2614073744043708
0.25971682788804173
0.263418766669929
0.261051198001951
0.2586232968606055
0.2606667010113597
0.2627778761088848
0.2596810539253056
0.2562940511852503
0.25785069912672043
0.26359863905236125
0.2543140510097146
0.25299506075680256
0.25831274315714836
0.2635253123007715
0.255641917232424
0.2547101927921176
0.2596766888163984
0.25612527690827847
0.25689799757674336
0.25690104626119137
0.2629618579521775
0.26050415076315403
0.2598656518384814
0.2589662941172719
0.2613440938293934
0.25922016985714436
0.25603711185976863
0.26013512210920453
0.2638071500696242
0.25377328880131245
0.25335304997861385
0.25975088868290186
0.2623884091153741
0.2539759841747582
0.25325526809319854
0.2600237438455224
0.25576685927808285
0.2590366252698004
0.25838635209947824
0.26278328197076917
0.26263043470680714
0.2601358559913933
0.2583200098015368
0.26236363034695387
0.26012510200962424
0.25897852797061205
0.26102159917354584
0.26288569485768676
0.25423715682700276
0.254885524045676
0.2587467669509351
0.2626225911080837
0.2540808729827404
0.253398893866688
0.2591018029488623
0.2634095922112465
0.254195608664304
0.2552330191247165
0.260598239954561
0.2600745321251452
0.25870834523811936
0.2566512329503894
0.2618946977891028
0.2590264459140599
0.2583698518574238
0.26129571814090014
0.2622053329832852
0.2571040508337319
0.2569458936341107
0.26104124914854765
0.26500664791092277
0.2522106971591711
0.25292906118556857
0.26055261259898543
0.2600275119766593
0.2586745289154351
0.25772990519180894
0.2625287380069494
0.2618920663371682
0.25876539712771773
0.2609480628743768
0.263560906983912
0.25743177626281977
0.2571568372659385
0.260971300303936
0.26359456591308117
0.2533995630219579
0.2522136210463941
0.2569254715926945
0.2566999630071223
0.25564577290788293
0.25443785823881626
0.2619139510206878
0.26100073801353574
0.2562103639356792
0.25267000775784254
0.2563410298898816
0.2595620802603662
0.2559512238949537
0.25577774504199624
0.2599949990399182
0.2617653841152787
0.2607826259918511
0.2609859458170831
0.2635559397749603
0.25850987061858177
0.25712923519313335
0.25932343676686287
0.2565250117331743
0.25905112316831946
0.2573418593965471
0.26154549419879913
0.2614718941040337
0.2565293572843075
0.25274042086675763
0.2575473333708942
0.2586799841374159
0.2578923311084509
0.2572084218263626
0.261031455360353
0.2617361661978066
0.26056206598877907
0.2607459630817175
0.2607560157775879
0.261194562073797
0.25950167793780565
0.2601136597804725
0.2587624713778496
0.25576268695294857
0.25580640556290746
0.260189947206527
0.26124062296003103
0.25413245195522904
0.2543718689121306
0.2598293558694422
0.26001727813854814
0.26070550130680203
0.26001092698425055
0.2637078887782991
0.26036949502304196
0.2570937699638307
0.25887000979855657
0.25948820309713483
0.2562559680081904
0.25480102375149727
0.2588756219483912
0.262803974095732
0.2557218698784709
0.2558257090859115
0.2604252099990845
0.2599437930621207
0.25511494604870677
0.2557374211028218
0.26029583206400275
0.2578078671358526
0.26133598992601037
0.26021422632038593
0.26390108512714505
0.25716453790664673
0.25461947405710816
0.2581027736887336
0.2644028849899769
0.2539775799959898
0.2525931429117918
0.2608888656832278
0.2562446352094412
0.26111100893467665
0.26076945709064603
0.2630589958280325
0.2634659120813012
0.257174558006227
0.25930970488116145
0.26272431621327996
0.2600795030593872
0.2582755940966308
0.2603564839810133
0.2626744229346514
0.2575826430693269
0.25689357286319137
0.25968764489516616
0.2576455040834844
0.2536905910819769
0.2539819651283324
0.2601140169426799
0.25690754782408476
0.25550003396347165
0.255039201118052
0.2611325909383595
0.2605746202170849
0.2572232182137668
0.2530869320034981
0.2570995958521962
0.2629236471839249
0.25944436294957995
0.25617544166743755
0.2612320380285382
0.26060268096625805
0.25841691391542554
0.26043738471344113
0.263199876062572
0.25527348602190614
0.25454031815752387
0.2610408868640661
0.2563635199330747
0.26177800679579377
0.25920449243858457
0.2629983718506992
0.26084879972040653
0.2598448977805674
0.2578833750449121
0.2625129031948745
0.2588310888968408
0.255902464967221
0.2594208000227809
0.261857345700264
0.2554119639098644
0.2533389669843018
0.2604148034006357
0.26255088998004794
0.25264218216761947
0.2524597579613328
0.2594462060369551
0.2558013186790049
0.26139484997838736
0.2592761511914432
0.2633841927163303
0.2619853229261935
0.25816145120188594
0.25673796981573105
0.2590718506835401
0.2613223111256957
0.25979257095605135
0.2605667090974748
0.2613849909976125
0.2554280301555991
0.25395933305844665
0.26037293998524547
0.2554919817484915
0.2589123910292983
0.259304182138294
0.26258866069838405
0.2607586029917002
0.25406766729429364
0.24909271392971277
0.2528711799532175
0.25909394584596157
0.25363635038957
0.25334312906488776
0.2588078659027815
0.25239343335852027
0.26284691970795393
0.2603675280697644
0.2631637919694185
0.2616904149763286
0.2603651867248118
0.2595499539747834
0.2634617448784411
0.25755841890349984
0.25451629934832454
0.2579489150084555
0.26152457669377327
0.2555048377253115
0.2546002399176359
0.26003452809527516
0.26272441493347287
0.25480712531134486
0.25488395616412163
0.2602676749229431
0.25909667601808906
0.25330809876322746
0.2504966761916876
0.2574933050200343
0.26237070513889194
0.2527398937381804
0.2523937691003084
0.2575699910521507
0.25477588875219226
0.25873197289183736
0.25742917973548174
0.2624842240475118
0.25965382577851415
0.25802958384156227
0.2578122019767761
0.2586889648810029
0.26335415011271834
0.2600229592062533
0.260964788030833
0.26191190956160426
0.25578386103734374
0.2540918169543147
0.2592820059508085
0.2633808380924165
0.2555712596513331
0.2553693689405918
0.2602898576296866
0.2591967168264091
0.25444920593872666
0.2543543819338083
0.2607394279912114
0.25711361318826675
0.254593291785568
0.25218148110434413
0.25451110396534204
0.2530710268765688
0.26125470409169793
0.2592704901471734
0.2640354270115495
0.26214438304305077
0.25903945695608854
0.26006928319111466
0.2616523471660912
0.2574473498389125
0.25524421501904726
0.25766631681472063
0.2631785240955651
0.2537275538779795
0.25384972617030144
0.260157672688365
0.2633714759722352
0.2528190272860229
0.25303164310753345
0.26064025703817606
0.2558198720216751
0.25985213089734316
0.2581214252859354
0.2634942391887307
0.26104871509596705
0.25660872319713235
0.2556847268715501
0.26115087140351534
0.25899218302220106
0.25790733424946666
0.2616219250485301
0.26341830287128687
0.2554353610612452
0.2540132268331945
0.2601617877371609
0.2634607497602701
0.25283793406561017
0.2523678201250732
0.25937994103878736
0.256773182656616
0.2579399487003684
0.25463742995634675
0.25744769675657153
0.2574628456495702
0.25526729598641396
0.25451222294941545
0.25987420231103897
0.2593902419321239
0.25308506516739726
0.2535662748850882
0.2604350410401821
0.25626756669953465
0.25777011178433895
0.25350427022203803
0.25469835428521037
0.2563570002093911
0.2571220360696316
0.2573857791721821
0.26050625601783395
0.25946700666099787
0.2572742570191622
0.2575138839893043
0.2617422738112509
0.26248893002048135
0.26150878332555294
0.2618468781001866
0.26523540494963527
0.25649887416511774
0.25298176798969507
0.2563543049618602
0.26029538782313466
0.2544080619700253
0.25372057035565376
0.25931646628305316
0.2580064991489053
0.25549792498350143
0.25407846877351403
0.2596956789493561
0.25607147766277194
0.2599364472553134
0.2574046668596566
0.2579321810044348
0.25191117776557803
0.2607661299407482
0.2594552938826382
0.2610507342033088
0.26304068276658654
0.26011664094403386
0.2618710291571915
0.2631964450702071
0.2541397730819881
0.2516436609439552
0.2556933290325105
0.2555447700433433
0.263732320163399
0.26146906008943915
0.26258554914966226
0.26227065408602357
0.2550249779596925
0.24880135525017977
0.25118519738316536
0.25249151000753045
0.2629759698174894
0.26103406911715865
0.2634905339218676
0.26099085062742233
0.25740670692175627
0.26085220789536834
0.26403933903202415
0.25923692528158426
0.2570121712051332
0.25882204296067357
0.2624578601680696
0.2541944719851017
0.25133041525259614
0.2544516990892589
0.2660958240740001
0.25592976436018944
0.2555232900194824
0.26048824191093445
0.25981624610722065
0.25342788826674223
0.25352322636172175
0.25979404896497726
0.25493126176297665
0.2601523189805448
0.2559547978453338
0.2558490112423897
0.2596553061157465
0.2557757548056543
0.2550899051129818
0.2601316627115011
0.26222194777801633
0.26075569493696094
0.26128596905618906
0.262451499234885
0.26095743430778384
0.2594291758723557
0.26300920033827424
0.25967102218419313
0.2546204929240048
0.2509735692292452
0.2549334829673171
0.2546511343680322
0.2581751560792327
0.25761860981583595
0.26388541236519814
0.2629606928676367
0.25869141798466444
0.25891856802627444
0.2644887287169695
0.2592897368595004
0.256583362352103
0.2575328927487135
0.2620373680256307
0.25746318604797125
0.25456236163154244
0.25580964982509613
0.2645895662717521
0.2541104657575488
0.2537121260538697
0.25989186484366655
0.2577673867344856
0.2569338707253337
0.25756478775292635
0.2627615788951516
0.2620374523103237
0.25701625598594546
0.2573919137939811
0.2625634949654341
0.25788832921534777
0.2550100632943213
0.2601875187829137
0.2638326259329915
0.25738742016255856
0.2542910170741379
0.258484560996294
0.2644257228821516
0.2527833320200443
0.2532500922679901
0.2595651978626847
0.2547488226555288
0.2607752517797053
0.2595880199223757
0.2636633380316198
0.2621609182097018
0.2566880537196994
0.2560160933062434
0.2562366211786866
0.2523706047795713
0.26022898592054844
0.25832047313451767
0.25796774914488196
0.2641417826525867
0.26162593998014927
0.2626464692875743
0.2638706136494875
0.255576737690717
0.2553742700256407
0.2619637721218169
0.2598592541180551
0.2537499638274312
0.25338558107614517
0.25989609910175204
0.2549816519021988
0.25824546115472913
0.2557560815475881
0.25579867186024785
0.25862501794472337
0.25581027613952756
0.2557891341857612
0.2607613606378436
0.26202427595853806
0.2602117769420147
0.25998717499896884
0.2616414912045002
0.2597952298820019
0.256208810955286
0.258060266263783
0.2623107177205384
0.25391948502510786
0.25427638785913587
0.258082655724138
0.26260420214384794
0.2576791509054601
0.2572319647297263
0.26076975697651505
0.26201797602698207
0.2545904768630862
0.2543024090118706
0.2585423863492906
0.25958982529118657
0.26085253804922104
0.2598923947662115
0.2616937607526779
0.26031873375177383
0.2583429738879204
0.25918436888605356
0.2630088063888252
0.2559541529044509
0.2559243580326438
0.2603687639348209
0.2600159328430891
0.252827201038599
0.25311436178162694
0.25845559500157833
0.25569266406819224
0.2577283028513193
0.25634239614009857
0.2611408778466284
0.26146523002535105
0.2567504709586501
0.2533279601484537
0.2567213191650808
0.2626442718319595
0.259335161652416
0.254261486697942
0.2555692452006042
0.2609854550100863
0.2637644140049815
0.261281989980489
0.2608567806892097
0.2582652769051492
0.25792866200208664
0.2635107710957527
0.26125421607866883
0.2559169130399823
0.2550877882167697
0.2587759899906814
0.25739756505936384
0.25678213592618704
0.2504625781439245
0.2521381131373346
0.2523586140014231
0.26073471968993545
0.25927815306931734
0.26375278178602457
0.26225104415789247
0.2610701979137957
0.26110808504745364
0.2618905291892588
0.25854539405554533
0.2571033909916878
0.2589721130207181
0.26172494888305664
0.25385184539482
0.2538794237188995
0.2590280547738075
0.263093797955662
0.2540179151110351
0.25442039407789707
0.25925495009869337
0.2577017107978463
0.25643422920256853
0.25440092384815216
0.2602453175932169
0.2590985968708992
0.2578177759423852
0.253921190276742
0.2564630447886884
0.2638595961034298
0.2621940663084388
0.26186372293159366
0.26425725081935525
0.25687453523278236
0.25499614095315337
0.2611839734017849
0.25785462092608213
0.2561002541333437
0.25717681273818016
0.2622844851575792
0.26077691931277514
0.25628942996263504
0.2565958071500063
0.25905427476391196
0.2590343737974763
0.2585387099534273
0.25662890588864684
0.262307601980865
0.26058992696926
0.26027505472302437
0.2610977557487786
0.262684668879956
0.2553753941319883
0.2548997662961483
0.26139060826972127
0.2612913469783962
0.25352813489735126
0.2540031969547272
0.26045697880908847
0.2571548270061612
0.25588739570230246
0.2529607047326863
0.2568126851692796
0.2561328881420195
0.25673650577664375
0.25674915313720703
0.2621966851875186
0.2618657401762903
0.25837999070063233
0.25918629206717014
0.262810492888093
0.26053506787866354
0.2578341490589082
0.2587690129876137
0.26071299333125353
0.2556064957752824
0.25595177384093404
0.25880173686891794
0.26364979380741715
0.25398951675742865
0.25421688379719853
0.2595413667149842
0.25765613466501236
0.2555222250521183
0.25485202576965094
0.26091488637030125
0.2580086560919881
0.258196113165468
0.2575329951941967
0.25867235800251365
0.26399739319458604
0.26062488090246916
0.25825154408812523
0.2626931071281433
0.255081158131361
0.2519556931219995
0.25522453198209405
0.26184316677972674
0.25827317917719483
0.25765848625451326
0.2585839917883277
0.25789289781823754
0.25558482203632593
0.2548538548871875
0.2591398940421641
0.26218613469973207
0.25421024300158024
0.25431338232010603
0.2596753230318427
0.2570323529653251
0.2568111587315798
0.2568713901564479
0.2626450569368899
0.26097523467615247
0.2584998202510178
0.2563542388379574
0.2620074450969696
0.2573873340152204
0.25510405097156763
0.2599197900854051
0.2631128770299256
0.2564367619343102
0.2561321393586695
0.2607566877268255
0.25826967414468527
0.2559925178065896
0.2554488629102707
0.2595690442249179
0.2582936640828848
0.25763779785484076
0.2566098887473345
0.26047739339992404
0.26134357415139675
0.25707739731296897
0.25041009578853846
0.2512035300023854
0.25275455275550485
0.2600690326653421
0.2577279410324991
0.2630582773126662
0.2599299568682909
0.2612948981113732
0.2592345797456801
0.2632405604235828
0.25763609586283565
0.25451794592663646
0.25805364921689034
0.26303576212376356
0.2554106619209051
0.254751814994961
0.2612350098788738
0.25991326989606023
0.2532047759741545
0.25110029987990856
0.25653174985200167
0.25528718577697873
0.26068967394530773
0.2593221664428711
0.26123197888955474
0.26470503583550453
0.25498718582093716
0.2498928909189999
0.25254560075700283
0.2525442959740758
0.26097625214606524
0.25941109098494053
0.26299032708629966
0.2625502641312778
0.25747699616476893
0.2610141932964325
0.2630932219326496
0.25958688696846366
0.25626071682199836
0.2583671733736992
0.26228373777121305
0.25381059711799026
0.25368554377928376
0.25823697727173567
0.2650802521966398
0.2542702229693532
0.2549017281271517
0.2599520948715508
0.2579708402045071
0.25536451395601034
0.25447600428014994
0.2604217450134456
0.25846028281375766
0.2560073398053646
0.2529461523517966
0.2556542409583926
0.26011632196605206
0.25408619130030274
0.25448156893253326
0.259204319678247
0.25975955417379737
0.2589665069244802
0.2592840869911015
0.2640088368207216
0.2607845929451287
0.2593587818555534
0.25896354811266065
0.2640923960134387
0.25469680689275265
0.25094868103042245
0.25442644814029336
0.26387510914355516
0.2572867348790169
0.25648415787145495
0.26124373683705926
0.2615305338986218
0.2549957693554461
0.25522278202697635
0.2602979065850377
0.25776715110987425
0.2598738679662347
0.2596789742819965
0.264873624779284
0.25848693307489157
0.2561252638697624
0.25969473691657186
0.26264694100245833
0.2540370663627982
0.2533559100702405
0.25870607467368245
0.26027977000921965
0.25467693293467164
0.25522638065740466
0.2597572719678283
0.2593195769004524
0.25792437698692083
0.25618091225624084
0.2570060081779957
0.25337707670405507
0.25882130581885576
0.2583003812469542
0.2619692189618945
0.2624400411732495
0.2581739639863372
0.2598328720778227
0.2624615808017552
0.2604961637407541
0.2591836228966713
0.2611221428960562
0.2608916503377259
0.25601133378222585
0.25267260801047087
0.25580320600420237
0.2627396872267127
0.25439622392877936
0.2545022079721093
0.2595534357242286
0.2584418002516031
0.2552758539095521
0.25552656035870314
0.26075024297460914
0.2579540670849383
0.2567730648443103
0.2553990469314158
0.25907763792201877
0.2537276172079146
0.26195255015045404
0.25961795914918184
0.25901509588584304
0.26482189586386085
0.26350949704647064
0.2634605234488845
0.26162195298820734
0.257116022054106
0.25791870104148984
0.2606394588947296
0.26039830408990383
0.2546910769306123
0.2556557939387858
0.25912439497187734
0.25870054587721825
0.26048731384798884
0.2592272348701954
0.26269977120682597
0.2563017220236361
0.253638019785285
0.25880354596301913
0.2626848625950515
0.2571711800992489
0.25598456198349595
0.26149982307106256
0.2635541381314397
0.25200565764680505
0.25290308706462383
0.25947750080376863
0.25546638015657663
0.2599039878696203
0.25620631827041507
0.25569798797369003
0.25202026730403304
0.2601651041768491
0.2594789080321789
0.26233984204009175
0.2593540931120515
0.25681036291643977
0.25128393387421966
0.2580548538826406
0.26229639630764723
0.2602096628397703
0.2608385179191828
0.2635792586952448
0.258631884586066
0.25683000683784485
0.2592768673785031
0.2624708986841142
0.25494998693466187
0.25449742935597897
0.2585842511616647
0.2633530078455806
0.25309647992253304
0.25283407187089324
0.2585646961815655
0.2559307157061994
0.2563744238577783
0.2557237329892814
0.2617453522980213
0.2591302995570004
0.2569561479613185
0.2549344366416335
0.2568077249452472
0.26295111095532775
0.25925286673009396
0.25667207781225443
0.2556978431530297
0.2635715827345848
0.26239642314612865
0.2623693640343845
0.2643360267393291
0.252542357891798
0.25347943510860205
0.25986973801627755
0.2555360090918839
0.2605460211634636
0.2547291237860918
0.2548469682224095
0.26094581140205264
0.2533622467890382
0.2542040152475238
0.2586870859377086
0.2568459138274193
0.25713391602039337
0.25576679687947035
0.2610093099065125
0.25888971891254187
0.26074217492714524
0.260548354126513
0.26347633404657245
0.2591824298724532
0.2578502530232072
0.26085049100220203
0.2631774530746043
0.2563411947339773
0.25667983619496226
0.2610382423736155
0.26414506137371063
0.2541132881306112
0.25199011201038957
0.25625051092356443
0.2569247051142156
0.25879336008802056
0.2581015429459512
0.25974821066483855
0.25708275008946657
0.26243270514532924
0.2612624471075833
0.2629841738380492
0.2595268748700619
0.2580099441111088
0.26120050298050046
0.26347387908026576
0.25453610625118017
0.25539358891546726
0.2602418581955135
0.25895400205627084
0.2563442448154092
0.25605527218431234
0.2625663382932544
0.2621123059652746
0.26071138912811875
0.2606972181238234
0.2646032846532762
0.2600310370326042
0.2565392181277275
0.25880466401576996
0.256509686820209
0.2577468007802963
0.257057401817292
0.26060115778818727
0.26308886893093586
0.25392647506669164
0.2528277989476919
0.2583196349442005
0.2572008389979601
0.2569930008612573
0.2514508683234453
0.2543742968700826
0.251130186021328
0.2636535339988768
0.2630080347880721
0.26419073808938265
0.26394034968689084
0.26060176780447364
0.26146055292338133
0.26495840307325125
0.2544726110063493
0.2545014708302915
0.26165204495191574
0.2575856102630496
0.25962780974805355
0.256743298843503
0.26191764092072845
0.2586929681710899
0.2588650300167501
0.25761073315516114
0.25963942008093
0.2638433431275189
0.26215570187196136
0.26187627809122205
0.26500906981527805
0.25491215055808425
0.2549071959219873
0.2605644096620381
0.25863840198144317
0.25425634486600757
0.2541251336224377
0.2604360240511596
0.25707957800477743
0.2581291077658534
0.2556688250042498
0.25793585600331426
0.2630607783794403
0.25778644997626543
0.2524828100576997
0.25650659995153546
0.2600524518638849
0.26018169010058045
0.26050121104344726
0.26442264299839735
0.25880098436027765
0.258708318695426
0.26170078478753567
0.2599797658622265
0.25711056869477034
0.2574608027935028
0.26343026710674167
0.26136655220761895
0.2593690110370517
0.2588344127871096
0.2635556631721556
0.2568667121231556
0.2544567668810487
0.2598829292692244
0.2622199021279812
0.2581509933806956
0.25746497279033065
0.26225384417921305
0.26320883771404624
0.25295665487647057
0.2538988972082734
0.26063481625169516
0.25716782081872225
0.2569518657401204
0.2564498479478061
0.2632650379091501
0.2594073419459164
0.2617332232184708
0.2608358208090067
0.26287210220471025
0.2579208118841052
0.2555901659652591
0.2585158101283014
0.26314665004611015
0.25635409262031317
0.2569272229447961
0.2606640700250864
0.2596600572578609
0.2546517481096089
0.25604012608528137
0.2607240458019078
0.260229610837996
0.25513042882084846
0.2548110359348357
0.2596323871985078
0.25828401604667306
0.26043022191151977
0.26014344301074743
0.2648258819244802
0.2590593150816858
0.25682130036875606
0.26072097290307283
0.2640707571990788
0.2537723081186414
0.2540467460639775
0.2588218627497554
0.2578278500586748
0.2559504029341042
0.2551943641155958
0.260662566870451
0.2579853837378323
0.25707786064594984
0.25632286071777344
0.2594631309621036
0.25607657991349697
0.258760544937104
0.2581347110681236
0.2605049526318908
0.2632663333788514
0.2620317032560706
0.2626042910851538
0.26394544960930943
0.2543592541478574
0.2542347367852926
0.26030292734503746
0.2573870038613677
0.25636802101507783
0.2553497892804444
0.26229980681091547
0.261867041233927
0.2558058057911694
0.2518403818830848
0.2561087226495147
0.2507028039544821
0.26023570355027914
0.26011232705786824
0.2633306127972901
0.2615965153090656
0.2590111782774329
0.2603263449855149
0.2630652701482177
0.25875092670321465
0.25848445389419794
0.2618945697322488
0.260049169883132
0.25704266084358096
0.25714333495125175
0.26256912387907505
0.26037311600521207
0.2587261600419879
0.25754226790741086
0.2580003198236227
0.2639520699158311
0.2607805049046874
0.2612814591266215
0.2631323356181383
0.25572143215686083
0.25587949389591813
0.2614642227999866
0.2594411689788103
0.25437353970482945
0.2546641328372061
0.26115957694128156
0.2603110559284687
0.25700229685753584
0.2562757492996752
0.25736069632694125
0.2536344169639051
0.2608503461815417
0.2593055493198335
0.2598260371014476
0.26232352992519736
0.2600312577560544
0.26281524915248156
0.26475726813077927
0.2542540030553937
0.2546794740483165
0.2600242202170193
0.2560577839612961
0.259320761077106
0.25901686400175095
0.26374464482069016
0.2599150533787906
0.2601081752218306
0.259846705943346
0.2637306903488934
0.25903475610539317
0.2576461280696094
0.2604521536268294
0.2625217759050429
0.2557824649848044
0.25643291929736733
0.2609221120364964
0.25917083863168955
0.254595706705004
0.25444650696590543
0.26100404001772404
0.2583438348956406
0.2564338520169258
0.254161961376667
0.25778750190511346
0.2520371819846332
0.26136855222284794
0.2587189278565347
0.2581431893631816
0.26298057474195957
0.26244465494528413
0.26193107897415757
0.2635761280544102
0.25435125129297376
0.25356345996260643
0.26007946906611323
0.25648096622899175
0.25941704120486975
0.25882107857614756
0.2637581289745867
0.26082383980974555
0.2584855081513524
0.25786203891038895
0.25894119776785374
0.2657093992456794
0.2604116750881076
0.26009238604456186
0.2621292592957616
0.25548039795830846
0.2547546369023621
0.26042068004608154
0.2632649475708604
0.2546752789057791
0.25556547986343503
0.2602202561683953
0.25847502378746867
0.25360477017238736
0.25416134437546134
0.2606328330002725
0.25692604668438435
0.2568150949664414
0.25312971509993076
0.2545714844018221
0.2557958448305726
0.25560626992955804
0.2562473611906171
0.26280129002407193
0.2620657333172858
0.2592894467525184
0.2596046030521393
0.2654187045991421
0.25785141671076417
0.2546863849274814
0.25728931091725826
0.26441041426733136
0.2558797891251743
0.256797828245908
0.26109335757791996
0.2623027181252837
0.2532418370246887
0.25329392217099667
0.25861955992877483
0.25732467183843255
0.2578963600099087
0.25723849702626467
0.26276203989982605
0.26197677198797464
0.2599881859496236
0.2604703982360661
0.2634225841611624
0.25775108113884926
0.2538361079059541
0.25596060371026397
0.2641231897287071
0.2541894046589732
0.25392986088991165
0.26027663610875607
0.26365395868197083
0.25234313076362014
0.25372847728431225
0.26144847087562084
0.2578094587661326
0.258328455965966
0.2569126528687775
0.262795761693269
0.2618584409356117
0.25874700117856264
0.25774498423561454
0.26151811983436346
0.2578370040282607
0.2559319930151105
0.26088753063231707
0.26418018201366067
0.2541618091054261
0.25383195700123906
0.2610224802047014
0.25663359370082617
0.25827459432184696
0.2575533543713391
0.26309747714549303
0.26123887207359076
0.2549430192448199
0.2509633111767471
0.2566725551150739
0.26373565196990967
0.25525638181716204
0.2514585987664759
0.2581100231036544
0.26247218484058976
0.25651088170707226
0.25883999234065413
0.26242817379534245
0.2603067960590124
0.25736998999491334
0.2594590079970658
0.2628762857057154
0.25728237675502896
0.25506105087697506
0.25833684811368585
0.26316739805042744
0.2533666496165097
0.2526527480222285
0.25760470842942595
0.262646172195673
0.25411273119971156
0.25404641777276993
0.2602909938432276
0.25999367889016867
0.2550654821097851
0.2542183278128505
0.2609414388425648
0.257962167263031
0.25705494498834014
0.25081501994282007
0.2565319510176778
0.2601035628467798
0.25791205698624253
0.2588652358390391
0.26334705017507076
0.26255315262824297
0.2598110940307379
0.2613085461780429
0.2579502770677209
0.2600248958915472
0.2585847871378064
0.2625247430987656
0.25975655065849423
0.2566560269333422
0.25500759528949857
0.2568284459412098
0.25041292421519756
0.2623093412257731
0.2615304719656706
0.2614083420485258
0.2633633320219815
0.2621619598940015
0.2626626640558243
0.2611311823129654
0.2557534300722182
0.25475092185661197
0.26161063415929675
0.25982960127294064
0.2531268550083041
0.2535077100619674
0.26065324898809195
0.2588969268836081
0.25599523494020104
0.2548121865838766
0.25795212807133794
0.25658140098676085
0.2556515238247812
0.25516861863434315
0.2601520302705467
0.26037255115807056
0.2585219289176166
0.2585345609113574
0.2622961038723588
0.26109417201951146
0.25736626982688904
0.2607650039717555
0.2631534072570503
0.25756338564679027
0.2557951295748353
0.25713088316842914
0.2636887179687619
0.2542861169204116
0.25480977492406964
0.2581057958304882
0.25747130485251546
0.25690082320943475
0.2571955733001232
0.2625929731875658
0.25949794379994273
0.25988219399005175
0.25953875994309783
0.26368603110313416
0.2601733300834894
0.2591900248080492
0.259448432829231
0.26342794904485345
0.2532465308904648
0.2530562379397452
0.25822399090975523
0.26294487807899714
0.25433672685176134
0.2549914768896997
0.2602290599606931
0.25815549679100513
0.25436112377792597
0.2540818969719112
0.260534695815295
0.2561526671051979
0.25850428361445665
0.25422385102137923
0.2561638420447707
0.25937356799840927
0.25427790684625506
0.2549404874444008
0.2598236929625273
0.26029269117861986
0.2595690740272403
0.2596469330601394
0.263976673129946
0.25915722316130996
0.2566965939477086
0.25875251833349466
0.26387374522164464
0.25658086501061916
0.2533593261614442
0.2566439011134207
0.26238599605858326
0.2561833839863539
0.2567975106649101
0.26024690503254533
0.25916899973526597
0.2558764321729541
0.25661078793928027
0.26105223363265395
0.26053865905851126
0.2592535871081054
0.260178919415921
0.2644273405894637
0.260517300106585
0.2597683472558856
0.2623789696954191
0.26248017232865095
0.25376415392383933
0.2518425462767482
0.2563886628486216
0.2623299597762525
0.2546380329877138
0.25480914302170277
0.2591173010878265
0.25799586111679673
0.25281783333048224
0.253506937995553
0.2601752709597349
0.25473489006981254
0.26008838322013617
0.2550531569868326
0.2549663372337818
0.2565100099891424
0.2576479809358716
0.25887942500412464
0.2613495020195842
0.26174362283200026
0.2614198769442737
0.2611756590195
0.2640711939893663
0.25827208487316966
0.25698121823370457
0.260603619273752
0.2568459860049188
0.2600225517526269
0.25788560789078474
0.2575908498838544
0.2536147148348391
0.25927486224099994
0.2593905278481543
0.26278285775333643
0.2603562818840146
0.25762774515897036
0.2617189842276275
0.2611541049554944
0.25994092877954245
0.2599546257406473
0.2623553522862494
0.2608190309256315
0.2542670560069382
0.25355395721271634
0.2611989500001073
0.25781274819746614
0.25788802886381745
0.25601972499862313
0.25763519993051887
0.26133655197918415
0.25465421890839934
0.25349007872864604
0.2583582210354507
0.2587931351736188
0.26023338409140706
0.2595511432737112
0.26319460291415453
0.26048194989562035
0.2582405121065676
0.25975240115076303
0.2644506278447807
0.25480370316654444
0.25423425901681185
0.2582007138989866
0.26300061121582985
0.254738659132272
0.255482560954988
0.2605825047940016
0.2586871008388698
0.2582494248636067
0.26025708904489875
0.26178715471178293
0.2624506540596485
0.26212958712130785
0.2618766319938004
0.26145637407898903
0.25617138110101223
0.2528977287001908
0.2563868146389723
0.2641775910742581
0.25362138263881207
0.2534681083634496
0.25839878572151065
0.2571105118840933
0.2551872138865292
0.254736911971122
0.26187617192044854
0.25836309092119336
0.256594518199563
0.251862192992121
0.254334629047662
0.2591745280660689
0.2558742146939039
0.2559927017427981
0.26175518799573183
0.2592489062808454
0.25842861691489816
0.25837448285892606
0.26204264303669333
0.2594369249418378
0.25494173588231206
0.26055561611428857
0.26409578416496515
0.257523394189775
0.25494952499866486
0.2591109098866582
0.2642011852003634
0.25582426600158215
0.2557752807624638
0.26207895623520017
0.26246583368629217
0.25446799024939537
0.25650686491280794
0.260366965085268
0.25992339896038175
0.26036212407052517
0.2599538047797978
0.262705581728369
0.26042315270751715
0.25618614070117474
0.25992712611332536
0.2635859032161534
0.25643068132922053
0.2548915268853307
0.2610295880585909
0.2636125939898193
0.2579247420653701
0.2531160810030997
0.254999294411391
0.2548567298799753
0.25813480326905847
0.2574294679798186
0.26230180310085416
0.26202269922941923
0.2617173488251865
0.26175661105662584
0.2624958832748234
0.2575781671330333
0.25537510868161917
0.2580550932325423
0.26225654361769557
0.25486532878130674
0.25367542495951056
0.2588882530108094
0.2633826113305986
0.25335046323016286
0.2536207577213645
0.260187660343945
0.2572936532087624
0.25657510617747903
0.2563928198069334
0.26317388378083706
0.2612597569823265
0.2611543037928641
0.2603341192007065
0.2609322746284306
0.25942252203822136
0.2580105112865567
0.2594733899459243
0.2633495079353452
0.2536586681380868
0.2531202230602503
0.2594318990595639
0.2635059617459774
0.2543645719997585
0.25388271594420075
0.2580426479689777
0.2563485009595752
0.2549484889023006
0.2535918792709708
0.2614887850359082
0.2584022511728108
0.25702129676938057
0.25345310289412737
0.25474580377340317
0.25607819203287363
0.2551445630379021
0.25638961512595415
0.2618839838542044
0.2607912910170853
0.26040420215576887
0.2594648068770766
0.2634526127949357
0.2584917019121349
0.25741388695314527
0.2589628738351166
0.2623456148430705
0.2557982923462987
0.25515166809782386
0.25932975485920906
0.2638718169182539
0.2525112028233707
0.2527734530158341
0.25893433578312397
0.25821684394031763
0.2557598100975156
0.25583943305537105
0.26147363893687725
0.25854479894042015
0.25890178931877017
0.2573839412070811
0.2594811590388417
0.26488835783675313
0.2614804510958493
0.26163850724697113
0.2624282808974385
0.2565431878902018
0.2553039728663862
0.2605988276191056
0.26271619787439704
0.25431581074371934
0.2558690239675343
0.2603875990025699
0.2631871411576867
0.25598378479480743
0.25814196607097983
0.2615567478351295
0.26107614301145077
0.2600298682227731
0.2610249728895724
0.2634368338622153
0.2543639447540045
0.2517604539170861
0.25662331795319915
0.2634571520611644
0.25427965773269534
0.25392266595736146
0.26029475405812263
0.2577037950977683
0.2586809969507158
0.25882425904273987
0.2627453929744661
0.2626594272442162
0.2569759087637067
0.25766948563978076
0.2612039251253009
0.2606373019516468
0.2564637246541679
0.25969561887905
0.26256846683099866
0.2591329892165959
0.25865771109238267
0.26076069101691246
0.260227853897959
0.25461703119799495
0.2531622461974621
0.25910537829622626
0.25899587059393525
0.2546745198778808
0.2546664699912071
0.2604452162049711
0.2570210322737694
0.25668608117848635
0.25442737992852926
0.25772535195574164
0.2543783960863948
0.25814345572143793
0.25781753519549966
0.2619280740618706
0.2603907911106944
0.25686048390343785
0.2558849398046732
0.2557334052398801
0.259089810308069
0.26175907673314214
0.26167741790413857
0.26428047893568873
0.25612759683281183
0.2560584773309529
0.25909978384152055
0.2568239779211581
0.25771335884928703
0.2582260691560805
0.26289098197594285
0.2607473419047892
0.2596276723779738
0.2562293987721205
0.25912652211263776
0.2618707907386124
0.26215887535363436
0.26194102922454476
0.2615659940056503
0.2560999570414424
0.25537464627996087
0.2618557112291455
0.258915132842958
0.25536224991083145
0.25225092424079776
0.2589202569797635
0.25636955816298723
0.2560130297206342
0.25551924481987953
0.2607907960191369
0.2629177225753665
0.25316481525078416
0.2538186199963093
0.2584318188019097
0.2565542492084205
0.25842138892039657
0.2573158140294254
0.2575059258379042
0.2541391961276531
0.2606640043668449
0.2589353150688112
0.25901610124856234
0.2625999520532787
0.26267637917771935
0.2614835831336677
0.2641986282542348
0.2542266920208931
0.25450357841327786
0.26056620525196195
0.2574332379736006
0.25759059004485607
0.2578865848481655
0.2629286088049412
0.2592663047835231
0.2598801995627582
0.2599692177027464
0.2638304331339896
0.25759330205619335
0.25480517698451877
0.2595807430334389
0.2651782431639731
0.2562695979140699
0.25628760922700167
0.2613023640587926
0.2641198942437768
0.25329694198444486
0.25319766206666827
0.2588892593048513
0.2572417827323079
0.2551462408155203
0.2538442797958851
0.2624873798340559
0.2614196971990168
0.2589133591391146
0.25805500196292996
0.258068080060184
0.26389941200613976
0.26085774786770344
0.26184211391955614
0.26265772990882397
0.25416348269209266
0.253420480992645
0.25924644293263555
0.2537359120324254
0.2652583350427449
0.2635788028128445
0.26273631723597646
0.2600460182875395
0.25743510434404016
0.2621189523488283
0.2652878062799573
0.261530467774719
0.26245822105556726
0.26554788928478956
0.26260957960039377
0.25842952262610197
0.2606863519176841
0.26456722524017096
0.2615594039671123
0.259881432633847
0.26082112081348896
0.2618371001444757
0.2532136021181941
0.25146984308958054
0.25675681978464127
0.263429356738925
0.2534225578419864
0.25380328902974725
0.25893579609692097
0.2563458955846727
0.25622511096298695
0.2552719018422067
0.26122266612946987
0.25826439121738076
0.25562025187537074
0.2499981289729476
0.2525313012301922
0.2611066158860922
0.25432735681533813
0.25499940384179354
0.26139818131923676
0.2577862860634923
0.255619497038424
0.2568280356936157
0.26297139981761575
0.2615354382432997
0.25984508357942104
0.2595743238925934
0.26326973689720035
0.2612506509758532
0.2592381755821407
0.2602578126825392
0.2628120961599052
0.25389717426151037
0.2528082998469472
0.2581961899995804
0.2570911510847509
0.25737067265436053
0.25742167700082064
0.26298419618979096
0.26123022800311446
0.2581687537021935
0.25908422004431486
0.2632921151816845
0.2617852040566504
0.26141090504825115
0.2621420328505337
0.26119643822312355
0.255024045240134
0.2524451049976051
0.2568547180853784
0.26365742087364197
0.25446905102580786
0.25574804563075304
0.2607418638654053
0.2604197459295392
0.2551032043993473
0.2565639023669064
0.26054301718249917
0.2598785487934947
0.260589174926281
0.26052143098786473
0.2614669050090015
0.2595660979859531
0.25777567783370614
0.25921971211209893
0.26412506913766265
0.25390799390152097
0.2530647190287709
0.25563736725598574
0.26312164310365915
0.25462984200567007
0.2543967473320663
0.2600943651050329
0.2579268729314208
0.2567853545770049
0.2570795752108097
0.26219329284504056
0.2597480178810656
0.25926160113886
0.2583773802034557
0.2627926482819021
0.25798184890300035
0.25632499530911446
0.26083026034757495
0.2641439288854599
0.2544614621438086
0.25459416303783655
0.26057792780920863
0.2639103848487139
0.2531189499422908
0.2530529606156051
0.26007204316556454
0.2577500999905169
0.2568925069645047
0.2527748909778893
0.25371309695765376
0.26085628382861614
0.25475536938756704
0.25553179485723376
0.26098791882395744
0.2587152258493006
0.2557804835960269
0.25631464179605246
0.26140649104490876
0.26025476213544607
0.26061041187494993
0.2600961532443762
0.26420187344774604
0.25821084901690483
0.25555370608344674
0.2587570999749005
0.2651930497959256
0.25444588204845786
0.2544984412379563
0.2614028169773519
0.2573982928879559
0.25409440184012055
0.25405463110655546
0.2607505116611719
0.2572912788018584
0.2572573199868202
0.25716972490772605
0.26332913618534803
0.26047471771016717
0.2588313086889684
0.2580708460882306
0.26281110290437937
0.2579255439341068
0.2560349591076374
0.2599560674279928
0.26524599315598607
0.2559035597369075
0.2567145712673664
0.26225314382463694
0.25919721834361553
0.2539132800884545
0.25490368623286486
0.2609695689752698
0.25896497117355466
0.2569202589802444
0.2560961809940636
0.25977698527276516
0.2646472384221852
0.26097465213388205
0.26098836306482553
0.2644475707784295
0.25782355992123485
0.2562175840139389
0.2593381740152836
0.26413574488833547
0.2526386473327875
0.25317972898483276
0.25916541600599885
0.2565032369457185
0.2560106944292784
0.2554167630150914
0.2616507448256016
0.25826474092900753
0.25706459395587444
0.25205318024381995
0.256040302105248
0.251856526825577
0.26098076393827796
0.26017800997942686
0.2634297311306
0.25954916095361114
0.25637128902599216
0.2546761413104832
0.2557684467174113
0.2581114643253386
0.26334564201533794
0.2625151132233441
0.26441001100465655
0.256772527936846
0.2532521849498153
0.2566151856444776
0.26460771914571524
0.25504340464249253
0.2541108438745141
0.25964873004704714
0.26358894631266594
0.2535232789814472
0.252845189999789
0.257825696375221
0.25551188737154007
0.2589507079683244
0.2576310648582876
0.2634028592146933
0.26300158770754933
0.2613950651139021
0.2618837566114962
0.2627698890864849
0.25824884278699756
0.2560987891629338
0.2596402778290212
0.2626431789249182
0.2551691411063075
0.2528507523238659
0.2560282340273261
0.2553219269029796
0.2584876329638064
0.2590242079459131
0.2646458358503878
0.2611200683750212
0.25770105700939894
0.26184595189988613
0.2658058893866837
0.25759763922542334
0.25520032830536366
0.25830511888489127
0.2628579889424145
0.25665494007989764
0.2528269337490201
0.2567810961045325
0.26389950700104237
0.2547430768609047
0.2545899352990091
0.2591008981689811
0.2577490359544754
0.25734736770391464
0.2577477088198066
0.2627310398966074
0.2621897882781923
0.26130727399140596
0.2629504008218646
0.2653872021473944
0.2565836417488754
0.2543315109796822
0.2580947680398822
0.2635802929289639
0.2550546592101455
0.2531750979833305
0.2581691690720618
0.26396994292736053
0.25391558231785893
0.25306187896057963
0.2582787931896746
0.25676793372258544
0.25939380191266537
0.2573475781828165
0.2627350790426135
0.2601055530831218
0.26165114203467965
0.2607470639050007
0.2639873796142638
0.25818876875564456
0.2550692930817604
0.25827722530812025
0.26457050209864974
0.25618374394252896
0.2570766983553767
0.26065879687666893
0.26341288397088647
0.25370610784739256
0.2530271280556917
0.25776945101097226
0.25702227698639035
0.2583540938794613
0.2574645122513175
0.2599791628308594
0.2639583609998226
0.26121767004951835
0.26177938701584935
0.2626781207509339
0.2579536456614733
0.25719622103497386
0.26035969192162156
0.2641231371089816
0.25506373727694154
0.25406560581177473
0.2592705343849957
0.26109718903899193
0.2550018159672618
0.2566835442557931
0.26095622265711427
0.262221893761307
0.26137227518483996
0.2613509092479944
0.2635611528530717
0.25915655633434653
0.25908300280570984
0.2624717550352216
0.25915602315217257
0.25386257702484727
0.25060041807591915
0.2563047301955521
0.26456945994868875
0.25382167287170887
0.25254900800064206
0.2568521546199918
0.2553222430869937
0.2595341610722244
0.25926066981628537
0.2638374278321862
0.26284013176336884
0.2615472381003201
0.2620256287045777
0.2633293359540403
0.25789795303717256
0.25766312098130584
0.2611190928146243
0.25723426789045334
0.2581197367981076
0.2566590108908713
