0.4113546861335635
0.41629722574725747
0.4176832768134773
0.4185610180720687
0.4172613569535315
0.42212137300521135
0.4212774890474975
0.4204240762628615
0.4209406850859523
0.4211211847141385
0.42140244878828526
0.42189116310328245
0.4099118700250983
0.410158553160727
0.4100224249996245
0.41069673374295235
0.40984553983435035
0.41305276891216636
0.4089322262443602
0.40955450711771846
0.4104222157038748
0.4132538652047515
0.409083086065948
0.4088668660260737
0.4099077736027539
0.41005419520661235
0.40916353510692716
0.4096670001745224
0.4093787712045014
0.40937875024974346
0.4132663239724934
0.40943690203130245
0.4092167541384697
0.41310293693095446
0.42939128493890166
0.4271764000877738
0.42707771714776754
0.42804038478061557
0.42683022003620863
0.4287987588904798
0.42712835781276226
0.42734909895807505
0.42901567788794637
0.4304803912527859
0.42213684786111116
0.4114953516982496
0.40886620385572314
0.40846097841858864
0.4096104991622269
0.41000493289902806
0.40975215611979365
0.40938549721613526
0.40898405481129885
0.4094844018109143
0.4098692932166159
0.4096046588383615
0.4097983562387526
0.40910958405584097
0.4098931159824133
0.40952633414417505
0.41024017706513405
0.4089439371600747
0.4085594560019672
0.41051507787778974
0.40967835299670696
0.40677591506391764
0.4112567948177457
0.4099441058933735
0.4100326378829777
0.4115242911502719
0.410164091270417
0.41038799611851573
0.40995643520727754
0.4103227071464062
0.42208457039669156
0.42285181675106287
0.43238748610019684
0.4314138130284846
0.43058856995776296
0.4324318552389741
0.432327002286911
0.43264134181663394
0.4314233409240842
0.4298296789638698
0.41730966372415423
0.467640174087137
0.45808198396116495
0.449046703055501
0.44101951410993934
0.4362244540825486
0.43365523079410195
0.43328949715942144
0.4325926620513201
0.4334598877467215
0.4323136890307069
0.4324930692091584
0.4337266026996076
0.43216563016176224
0.42594513623043895
0.42717280704528093
0.428655335213989
0.42539122281596065
0.42692068591713905
0.4271954311989248
0.4274090211838484
0.4280938101001084
0.4310871008783579
0.4287183079868555
0.42896524304524064
0.41279017459601164
0.41006353683769703
0.41059237997978926
0.4127242439426482
0.41037729708477855
0.410449868068099
0.41220863489434123
0.4119192832149565
0.4098422769457102
0.4109844104386866
0.4101446089334786
0.41161618707701564
0.41003393987193704
0.41111557418480515
0.4101730869151652
0.4114659740589559
0.4452941329218447
0.4453545408323407
0.4418590711429715
0.4406694732606411
0.4379096939228475
0.43573667388409376
0.43201779667288065
0.4365709386765957
0.42894415790215135
0.43321220204234123
0.43210505601018667
0.43399703688919544
0.43237043963745236
0.43253415171056986
0.4300978980027139
0.4122920073568821
0.4113266607746482
0.40961272083222866
0.41013628197833896
0.40984841296449304
0.4136373670771718
0.4108954598195851
0.4117090832442045
0.41017261799424887
0.4127258616499603
0.4498244868591428
0.44674770114943385
0.441888471134007
0.436982745770365
0.43418250093236566
0.4329007030464709
0.4272628463804722
0.4323171149007976
0.42792028235271573
0.42825501412153244
0.427775370888412
0.42840334912762046
0.4297979180701077
0.427245216909796
0.4297634740360081
0.42980816727504134
0.4309791550040245
0.4165816390886903
0.4099727082066238
0.4105199300684035
0.40992742497473955
0.41896547889336944
0.4294573999941349
0.42666313517838717
0.42853591591119766
0.42764523485675454
0.4271581079810858
0.42730080196633935
0.4278792547993362
0.42933461582288146
0.4286731514148414
0.4239665446802974
0.4136892780661583
0.4106332720257342
0.4104900546371937
0.4095939639955759
0.40925311762839556
0.41084514325484633
0.4097668989561498
0.4107731133699417
0.4125792058184743
0.43070474499836564
0.4367857496254146
0.4326552548445761
0.4337831591255963
0.4338036081753671
0.4333684779703617
0.4349986179731786
0.433191339019686
0.42427929816767573
0.4236155697144568
0.4302310962229967
0.4271137253381312
0.4303453229367733
0.4283238351345062
0.4294484150595963
0.42775110388174653
0.42956657195463777
0.42830512300133705
0.4249862600117922
0.4255118928849697
0.4164439211599529
0.42929093400016427
0.4263820401392877
0.4272797922603786
0.42731464933604
0.42745690094307065
0.4270428232848644
0.42741820216178894
0.4286041953600943
0.42898355098441243
0.42970919189974666
0.4141577919945121
0.413230006583035
0.41051120590418577
0.4105092086829245
0.4100688248872757
0.4102700399234891
0.4095363076776266
0.40983271319419146
0.4109883140772581
0.4123215381987393
0.4406043509952724
0.4381336150690913
0.43604576773941517
0.4342926451936364
0.43201703298836946
0.43205691408365965
0.43051137728616595
0.4307631482370198
0.4133547702804208
0.4093411243520677
0.41077311569824815
0.4124706578440964
0.4097966989502311
0.4096355722285807
0.4099546940997243
0.41599153308197856
0.427239335142076
0.42845738027244806
0.42967327730730176
0.42596800392493606
0.4280374590307474
0.42791376914829016
0.42942920373752713
0.43048823112621903
0.42871362436562777
0.4247041381895542
0.41898553585633636
0.411173137370497
0.40946840588003397
0.41503017861396074
0.4293216709047556
0.42773420363664627
0.4288178840652108
0.42845169687643647
0.4288262645713985
0.42707446590065956
0.4269060757942498
0.4290427123196423
0.42758083064109087
0.42890072567388415
0.41438570711761713
0.4126292560249567
0.4098104457370937
0.41029836470261216
0.408903235103935
0.4110602498985827
0.4104110929183662
0.4102354273200035
0.4095141622237861
0.4103174349293113
0.41461503505706787
0.4114622250199318
0.409992597065866
0.4122367696836591
0.4497978570871055
0.44670018227770925
0.44232086976990104
0.4398466367274523
0.43756089312955737
0.4349070889875293
0.4268247587606311
0.43323418870568275
0.42851530481129885
0.4300145381130278
0.4284288063645363
0.43098158203065395
0.4319163719192147
0.4320031809620559
0.4318437553010881
0.4186665900051594
0.415805933997035
0.40958830434828997
0.409919916652143
0.4098309688270092
0.4099878133274615
0.4100814927369356
0.40966152492910624
0.4086979809217155
0.40982465585693717
0.41071632225066423
0.40982769476249814
0.40922290086746216
0.412440984044224
0.42635789699852467
0.4357417612336576
0.43091720389202237
0.4326154477894306
0.4320508260279894
0.4325412977486849
0.43328139232471585
0.4333413220010698
0.43366743065416813
0.42513494240120053
0.4322302951477468
0.4296394479461014
0.4289199048653245
0.43137188209220767
0.4321097768843174
0.43203999707475305
0.43251614226028323
0.42966228723526
0.42463317373767495
0.41255862871184945
0.4099058732390404
0.41862235963344574
0.4098326079547405
0.4183161938562989
0.4318115566857159
0.4278013641014695
0.43009834503754973
0.4288178440183401
0.4268908239901066
0.4276993880048394
0.43039201898500323
0.4283162741921842
0.42982287518680096
0.4170999377965927
0.41076053911820054
0.4097589789889753
0.41415628604590893
0.40971245197579265
0.4095556098036468
0.4101595007814467
0.42390009202063084
0.4289549640379846
0.42784560192376375
0.4267565282061696
0.42683204682543874
0.4273126251064241
0.42794277612119913
0.42981939669698477
0.42887789895758033
0.4302903492935002
0.41198900807648897
0.414872357621789
0.4142950810492039
0.41025196528062224
0.4088350688107312
0.4097765260376036
0.4103289828635752
0.41039387322962284
0.41012822184711695
0.4106197291985154
0.4113514223136008
0.41063452512025833
0.41137922927737236
0.4102171752601862
0.41760162729769945
0.43112407671287656
0.4286850728094578
0.43002967024222016
0.42770962603390217
0.42711447505280375
0.42789835995063186
0.42866916907951236
0.4283869219943881
0.42824421683326364
0.4217363861389458
0.4142293008044362
0.41350409435108304
0.41034537414088845
0.4085552031174302
0.41247834730893373
0.4124689516611397
0.4478903291746974
0.4453524509444833
0.4424855546094477
0.43906491063535213
0.43564813025295734
0.43383941520005465
0.43022937001660466
0.4332330278120935
0.42644021986052394
0.42798385117202997
0.4274869509972632
0.4287737710401416
0.42917930660769343
0.4270594399422407
0.42836005380377173
0.42825842928141356
0.42931679310277104
0.4119664658792317
0.40968577191233635
0.4100968758575618
0.4106298699043691
0.4096422023139894
0.4095543548464775
0.41016624588519335
0.409770751837641
0.4094435409642756
0.40944685880094767
0.4133444521576166
0.41018818598240614
0.409788453951478
0.40919917495921254
0.40971305314451456
0.4184322417713702
0.43244157638400793
0.42954510031268
0.4288706579245627
0.4284327900968492
0.4271901329047978
0.42977795796468854
0.4312833631411195
0.4317887695506215
0.4292806792072952
0.4156605373136699
0.41276376927271485
0.40945799462497234
0.40950938407331705
0.4090785556472838
0.40942315477877855
0.4107560361735523
0.4101428468711674
0.40999020589515567
0.410096428822726
0.41926074400544167
0.412091129925102
0.4110162197612226
0.44242119416594505
0.44003388565033674
0.4398578144609928
0.43971403408795595
0.44050151482224464
0.44174616876989603
0.43848398234695196
0.4350719260983169
0.4327923571690917
0.435301564168185
0.4346823366358876
0.43370702117681503
0.43369996501132846
0.4320273259654641
0.4245608118362725
0.42472587898373604
0.43096748692914844
0.42631401726976037
0.4273616122081876
0.4267633892595768
0.42693118192255497
0.42753112176433206
0.43073585629463196
0.42879674723371863
0.4310845541767776
0.41286974027752876
0.4107812871225178
0.410444974899292
0.41138201020658016
0.4102424466982484
0.4097927799448371
0.40925438795238733
0.41172652086243033
0.4103288659825921
0.4111894532106817
0.40917330607771873
0.4091412229463458
0.4098959509283304
0.41058408096432686
0.4092116612009704
0.4094297266565263
0.4091120450757444
0.4101307992823422
0.41311314096674323
0.41123959701508284
0.41037713596597314
0.4125824607908726
0.4523696731775999
0.4470226429402828
0.44398638093844056
0.43971255514770746
0.43917851662263274
0.4367642463184893
0.4303560769185424
0.43213617615401745
0.4285687059164047
0.4311588513664901
0.43232117174193263
0.43218342028558254
0.4312976626679301
0.4327387730590999
0.4315949841402471
0.42402872117236257
0.419731801841408
0.4295186488889158
0.4270285051316023
0.43171599227935076
0.4272985947318375
0.42715389328077435
0.4266611482016742
0.4282135949470103
0.4277464272454381
0.4277624189853668
0.42498702881857753
0.41055166721343994
0.41021578665822744
0.40969904186204076
0.4093125341460109
0.4081915710121393
0.40944220731034875
0.4106195801869035
0.4099596403539181
0.40915019577369094
0.4086623121984303
0.40904063964262605
0.4119103318080306
0.4101723083294928
0.40953095396980643
0.40921260323375463
0.4096339619718492
0.41014660289511085
0.4094066717661917
0.40956331230700016
0.4090832150541246
0.41448668437078595
0.41207985673099756
0.4091972876340151
0.413325441069901
0.4437628258019686
0.44720022892579436
0.4465792099945247
0.44675044622272253
0.4449429288506508
0.4422725550830364
0.4383871383033693
0.4332286580465734
0.438016208820045
0.4358882000669837
0.4355565868318081
0.434079070109874
0.4327687742188573
0.42494448693469167
0.4244211409240961
0.42852111579850316
0.4276609499938786
0.42972315987572074
0.4306978229433298
0.43093405570834875
0.42929399106651545
0.4282994782552123
0.4282070738263428
0.42365698888897896
0.4174015619792044
0.41006914200261235
0.4087903597392142
0.409123414196074
0.40945614501833916
0.4097434119321406
0.41025160904973745
0.4088266221806407
0.4100764631293714
0.4097315822727978
0.41021725768223405
0.41019459487870336
0.4094382398761809
0.40940265683457255
0.41074961004778743
0.4096437250263989
0.40912514133378863
0.4089242033660412
0.409450710285455
0.41003666212782264
0.40993240289390087
0.4088453119620681
0.40868313517421484
0.41017331881448627
0.411142157856375
0.4108846951276064
0.40885058557614684
0.40947473095729947
0.4098827037960291
0.4098385819233954
0.41059368709102273
0.4120625462383032
0.4122531986795366
0.4479829422198236
0.44716403586789966
0.4470216981135309
0.4388469038531184
0.4332044441252947
0.42817566404119134
0.4199316301383078
0.4151386287994683
0.41590969171375036
0.4163890238851309
0.41386936930939555
0.4112411327660084
0.40995753975585103
0.40805228101089597
0.40937577094882727
0.40836341120302677
0.40860539581626654
0.4083788120187819
0.4082287400960922
0.4081700495444238
0.40888452809304
0.40943704079836607
0.40926434518769383
0.4108051466755569
0.4100227770395577
0.4090259219519794
0.41104042902588844
0.41023166198283434
0.4110118029639125
0.4098852458409965
0.41104869497939944
0.41345644323155284
0.41179579123854637
0.4108023992739618
0.41231987113133073
0.4130390868522227
0.41161769488826394
0.41311137191951275
0.41478141536936164
0.4148837006650865
0.4137833621352911
0.41130091110244393
0.4155058478936553
0.41492157708853483
0.4157803328707814
0.41409744415432215
0.41565770097076893
0.41548053873702884
0.4144202312454581
0.4171900418587029
0.41613988671451807
0.41827191784977913
0.41977001586928964
0.41865768702700734
0.41710961190983653
0.41859422577545047
0.4181582131423056
0.41835000086575747
0.41864825086668134
0.41681097308173776
0.41761599015444517
0.40991018200293183
0.4098508097231388
0.40838600508868694
0.4093893989920616
0.41161653865128756
0.40948973735794425
0.40953936614096165
0.40782172279432416
0.4211882818490267
0.4098710948601365
0.40838100016117096
0.40772330621257424
0.4095247332006693
0.41227828012779355
0.40843365201726556
0.4080807529389858
0.4092931388877332
0.4093249458819628
0.41438084561377764
0.40853106789290905
0.4124105698429048
0.4228810681961477
0.4262496791779995
0.4240826377645135
0.426507072057575
0.4261103328317404
0.4256323189474642
0.42808167403563857
0.42550623835995793
0.4251469890587032
0.4264770867303014
0.42521293787285686
0.42672028578817844
0.4116058009676635
0.4095216440036893
0.40887095872312784
0.4104194981046021
0.41151374904438853
0.41060234513133764
0.40857437811791897
0.4088021791540086
0.41087308805435896
0.4097132608294487
0.4090861682780087
0.40959165897220373
0.4125780970789492
0.41815227968618274
0.4102353900671005
0.41481691040098667
0.42947850096970797
0.4266881770454347
0.4289586031809449
0.4273245958611369
0.42801790963858366
0.4279503202997148
0.4273194381967187
0.4297175812534988
0.4294437221251428
0.4270699447952211
0.41233817813917994
0.40960286976769567
0.4108883370645344
0.40943014016374946
0.4095894303172827
0.4082586388103664
0.41261622309684753
0.4203134970739484
0.4163073510862887
0.4289581631310284
0.4272474851459265
0.42718386510387063
0.42765198601409793
0.42828568490222096
0.4283228642307222
0.4270011209882796
0.42927457578480244
0.4299360732547939
0.4292045347392559
0.41225021705031395
0.4107554326765239
0.42953570233657956
0.4257613020017743
0.42724277963861823
0.4267542050220072
0.4269579891115427
0.4275138471275568
0.42827326618134975
0.4283890160731971
0.4289265498518944
0.4291479461826384
0.41205883817747235
0.41223667608574033
0.41142070898786187
0.40946018183603883
0.4125051023438573
0.4089738610200584
0.41024061013013124
0.4111222573556006
0.409486411139369
0.4121153689920902
0.41221902379766107
0.41869978606700897
0.4101475803181529
0.4106894750148058
0.4291198719292879
0.42954079573974013
0.4296875293366611
0.42691319016739726
0.42704207403585315
0.4269188712351024
0.42772328993305564
0.4290625541470945
0.42915273178368807
0.4305865322239697
0.41290178801864386
0.4095074702054262
0.4105632589198649
0.41071914602071047
0.41024116333574057
0.4158398727886379
0.409439031034708
0.40989885991439223
0.4154066857881844
0.42847144789993763
0.4281003032810986
0.4307098030112684
0.4282287969253957
0.4290669048205018
0.4276766078546643
0.4291834910400212
0.4290156029164791
0.42898152070119977
0.4228696911595762
0.41080087004229426
0.41154912719503045
0.41187963308766484
0.41128585394471884
0.4107292131520808
0.4259244087152183
0.43228312907740474
0.4278173199854791
0.4267267449758947
0.4295011661015451
0.4295765249989927
0.43090469809249043
0.42950210394337773
0.4292274983599782
0.42815735191106796
0.411981962621212
0.4105754988268018
0.4106933157891035
0.4099517031572759
0.40866559091955423
0.40953357610851526
0.4103119228966534
0.40986722987145185
0.41002914728596807
0.4088623686693609
0.41469855792820454
0.45971628930419683
0.45298794098198414
0.44286787416785955
0.4366519171744585
0.4326340891420841
0.43240960501134396
0.42200998729094863
0.43109690118581057
0.4271745360456407
0.42851123632863164
0.428228828124702
0.4281077403575182
0.4272403880022466
0.4271737667731941
0.4291175277903676
0.4288420667871833
0.42608989495784044
0.4120301650837064
0.4100326639600098
0.40922093391418457
0.40911410190165043
0.4085337109863758
0.408719717990607
0.4104138221591711
0.41085875406861305
0.41211691964417696
0.4097405541688204
0.41073328303173184
0.41033703181892633
0.4108260655775666
0.40878806496039033
0.4097299478016794
0.410159626044333
0.4099492868408561
0.4099288182333112
0.4086988759227097
0.4099638587795198
0.4118221839889884
0.41066058492287993
0.4109171093441546
0.4102353109046817
0.42059905687347054
0.4320292230695486
0.43055088724941015
0.4263479858636856
0.4276098469272256
0.4268284081481397
0.42715579317882657
0.42851993907243013
0.430945647880435
0.43196542700752616
0.41427262127399445
0.4104733089916408
0.410676471889019
0.412353852763772
0.4099126337096095
0.41026521287858486
0.4105311129242182
0.40951160714030266
0.4100689720362425
0.4091524686664343
0.4140857607126236
0.40971215814352036
0.4091795291751623
0.4102265750989318
0.40991637855768204
0.4308627350255847
0.4407119774259627
0.44089451897889376
0.44074281584471464
0.4393023159354925
0.43932177498936653
0.4409071090631187
0.4401752259582281
0.43294742424041033
0.43542316276580095
0.4341055420227349
0.43389903381466866
0.4346462697722018
0.43519736267626286
0.4330561151728034
0.433172763325274
0.4287941218353808
0.4280683449469507
0.4295646878890693
0.4294086950831115
0.4295936422422528
0.43054225109517574
0.42916414607316256
0.42707104701548815
0.4296630220487714
0.4193185940384865
0.4278178671374917
0.4266733736731112
0.4256039639003575
0.42635695822536945
0.42781226010993123
0.4286949788220227
0.4292768449522555
0.4278605803847313
0.4289386859163642
0.4308501039631665
0.41756106493994594
0.4114516666159034
0.40988958114758134
0.41018303483724594
0.40930169308558106
0.41074337903410196
0.4106809343211353
0.4094465612433851
0.4086840986274183
0.409267736133188
0.40971094369888306
0.4125416539609432
0.4091376131400466
0.4087189049459994
0.4098280561156571
0.41110833920538425
0.4114657021127641
0.41434231400489807
0.4265678431838751
0.431217301171273
0.42972748493775725
0.4275082922540605
0.4283391530625522
0.42941003385931253
0.42710285913199186
0.4291353961452842
0.4287667730823159
0.4303243048489094
0.41224171314388514
0.40999509673565626
0.4098575250245631
0.40944094816222787
0.4093987890519202
0.40951320296153426
0.4129253178834915
0.4099333267658949
0.40886441292241216
0.40962705621495843
0.41645999113097787
0.4093848019838333
0.41551853297278285
0.43136456282809377
0.4299931959249079
0.43091050116345286
0.42632254818454385
0.42758247908204794
0.4269839581102133
0.42715094005689025
0.4277454139664769
0.42885138001292944
0.42552537517622113
0.4124669060111046
0.41014832630753517
0.4147550081834197
0.40894672414287925
0.4097399669699371
0.41195266135036945
0.44865481508895755
0.44561308715492487
0.44101870991289616
0.4387064604088664
0.4353094510734081
0.4337292620912194
0.4298470071516931
0.4348313878290355
0.42734099132940173
0.42995382798835635
0.4304973753169179
0.4315070752054453
0.4292224901728332
0.4309582840651274
0.4286466580815613
0.429492156021297
0.41079546697437763
0.4091151640750468
0.4192452020943165
0.4131252816878259
0.41129694785922766
0.4117459477856755
0.42910564970225096
0.42789636459201574
0.4280880419537425
0.4264716268517077
0.42782215122133493
0.4283055788837373
0.42777362605556846
0.428831588011235
0.42912917817011476
0.43062602868303657
0.41718475986272097
0.4112619636580348
0.40984098706394434
0.4095492581836879
0.4090176899917424
0.40997077198699117
0.40984158031642437
0.40943556278944016
0.4118229360319674
0.41139269480481744
0.4269804763607681
0.43293884629383683
0.42935017915442586
0.4314637118950486
0.43151906691491604
0.4316115747205913
0.42964026192203164
0.43020989233627915
0.4303798428736627
0.41851266007870436
0.41100131208077073
0.4109771391376853
0.4112234888598323
0.40926916943863034
0.4088217318058014
0.41160494973883033
0.4168447032570839
0.40957703813910484
0.40913157211616635
0.41048313304781914
0.43038498098030686
0.43237194512039423
0.43236845498904586
0.4316314859315753
0.4314535232260823
0.4329659631475806
0.431918250862509
0.43228326505050063
0.42712939577177167
0.4151850803755224
0.40915398905053735
0.41151411877945065
0.42913163313642144
0.4284493620507419
0.4278570241294801
0.42659625597298145
0.42812231788411736
0.4297289098612964
0.4285317398607731
0.4294049823656678
0.42852421570569277
0.4298523096367717
0.4125876151956618
0.41000843327492476
0.4102407428435981
0.4096974600106478
0.4119940958917141
0.4163858131505549
0.4121761596761644
0.4091814081184566
0.41106274304911494
0.42933890130370855
0.429008049890399
0.42959267599508166
0.4269489785656333
0.4269787911325693
0.4277980918996036
0.4283414292149246
0.430288374889642
0.42708320217207074
0.43085822090506554
0.4184843599796295
0.4102048669010401
0.40980764012783766
0.4099084446206689
0.42429379280656576
0.42898897686973214
0.42729584174230695
0.42671772884204984
0.4272792637348175
0.4275355222634971
0.42929174890741706
0.4282633187249303
0.429490108974278
0.42910366225987673
0.41463544964790344
0.41507333097979426
0.410330121871084
0.4095010180026293
0.4084590831771493
0.4104134780354798
0.4102470828220248
0.40963827073574066
0.40924784960225224
0.40833617793396115
0.41011329600587487
0.410585505887866
0.4102802029810846
0.4097465071827173
0.40977156488224864
0.41083119018003345
0.41080511221662164
0.41030641505494714
0.4088195636868477
0.4095659931190312
0.4106741528958082
0.40922305081039667
0.4097065101377666
0.40953503688797355
0.4106331788934767
0.4101665671914816
0.4103786121122539
0.41106319008395076
0.41302629467099905
0.44265580689534545
0.44535920582711697
0.4472790672443807
0.43837752006947994
0.43301315093412995
0.4286876250989735
0.4198396219871938
0.4139315658248961
0.4171517239883542
0.4168154960498214
0.41307771811261773
0.41199077386409044
0.4104051389731467
0.4090486248023808
0.408943054266274
0.4073880398645997
0.40747069707140326
0.4080072119832039
0.4087331062182784
0.4081600271165371
0.4096853178925812
0.4076249529607594
0.40719753224402666
0.40809670789167285
0.40854427870362997
0.4100400381721556
0.4080670648254454
0.4089983641169965
0.4084265292622149
0.4073178698308766
0.4091942426748574
0.4087025262415409
0.41065340768545866
0.40801844000816345
0.40998943196609616
0.41062468802556396
0.4113152832724154
0.40804135566577315
0.40735019324347377
0.41046191612258554
0.41153077920898795
0.40943210013210773
0.4093015370890498
0.4109408990480006
0.41001410223543644
0.40907752187922597
0.41117175621911883
0.4099325193092227
0.4094495573081076
0.40919577004387975
0.41447676392272115
0.41039778711274266
0.4099356881342828
0.4125924068503082
0.4088799119926989
0.4080660860054195
0.4094075271859765
0.4132020049728453
0.42308687791228294
0.4214387871325016
0.41942624608054757
0.42178435204550624
0.4226047298870981
0.4201538199558854
0.4206299101933837
0.422046507243067
0.42076228093355894
0.4227434960193932
0.4222913412377238
0.42215430084615946
0.42162244534119964
0.4211851190775633
0.418441676069051
0.42229492776095867
0.41016981936991215
0.4090780857950449
0.4079236015677452
0.4099414348602295
0.41099749132990837
0.4105405369773507
0.41112978383898735
0.41354377614334226
0.41106422571465373
0.41045001801103354
0.40907537983730435
0.40964147401973605
0.4121360881254077
0.41063645808026195
0.40940669970586896
0.408954338170588
0.41595032112672925
0.4292364832945168
0.4260540511459112
0.42707341397181153
0.4283625171519816
0.42875510500743985
0.42864670185372233
0.42774633364751935
0.42831502528861165
0.4287607087753713
0.4303603731095791
0.41280902177095413
0.41174933360889554
0.4116985257714987
0.41027557337656617
0.4117062520235777
0.41670661186799407
0.4294015779159963
0.4255369561724365
0.4272582959383726
0.4278885778039694
0.4287028210237622
0.42818598123267293
0.4278402659110725
0.42860586382448673
0.42787962406873703
0.4309098585508764
0.4164626579731703
0.41015794314444065
0.4102937327697873
0.41016725869849324
0.4143006429076195
0.42997150821611285
0.42738788900896907
0.42751143500208855
0.4275702270679176
0.42947328463196754
0.4282668908126652
0.42777343839406967
0.43037740886211395
0.42970076482743025
0.4264778313226998
0.4141327361576259
0.4132234491407871
0.4101351983845234
0.4102179128676653
0.4093189872801304
0.41048642015084624
0.41489342972636223
0.41310127172619104
0.4227952929213643
0.4301943350583315
0.427675505168736
0.4276114860549569
0.42773971799761057
0.4274910828098655
0.42756079509854317
0.4308153078891337
0.42973297787830234
0.4299513599835336
0.41247344110161066
0.41030730586498976
0.4113596952520311
0.4108735811896622
0.41076783183962107
0.41225376818329096
0.4106971248984337
0.4106067051179707
0.4093450806103647
0.40947204688563943
0.414688590914011
0.4295315728522837
0.4289543298073113
0.43042607605457306
0.4285762123763561
0.42959870910272
0.4273862671107054
0.4274238250218332
0.4285484650172293
0.42799019860103726
0.4281980087980628
0.4142514863051474
0.4110325719229877
0.41033817594870925
0.4107100451365113
0.4102060729637742
0.412082162220031
0.4104715441353619
0.40976055013015866
0.41017234791070223
0.4319691928103566
0.4362564287148416
0.43522756500169635
0.43475502729415894
0.43591526011005044
0.4346195627003908
0.43445015978068113
0.4318851181305945
0.426798939704895
0.42972880974411964
0.4265779182314873
0.4274215209297836
0.4275127314031124
0.42778612300753593
0.4293922558426857
0.42909020697697997
0.42896229214966297
0.43147379998117685
0.4301334461197257
0.4140352513641119
0.4211743697524071
0.42792911594733596
0.4254360808990896
0.4297437509521842
0.42742954241111875
0.42721793008968234
0.4274390968494117
0.42907805228605866
0.42907277727499604
0.4285665908828378
0.42406079499050975
0.41134698409587145
0.4109828579239547
0.41179426573216915
0.40948795108124614
0.4097840478643775
0.4115871647372842
0.4103524419479072
0.40988188004121184
0.40893028816208243
0.41051962599158287
0.41942449286580086
0.42974002100527287
0.4271657392382622
0.4298295979388058
0.4280006163753569
0.4271986177191138
0.4274363610893488
0.42932807793840766
0.4296953063458204
0.4288300508633256
0.42170499404892325
0.4129949891939759
0.4113639392890036
0.41021595103666186
0.4097681241109967
0.4131922689266503
0.4199706711806357
0.41143190301954746
0.4235846698284149
0.4314183541573584
0.43113265186548233
0.42884498508647084
0.42908875783905387
0.4309265757910907
0.43360968865454197
0.4300200901925564
0.43014519894495606
0.41928124614059925
0.41461011301726103
0.41133586037904024
0.42465883307158947
0.4288252289406955
0.4270165073685348
0.42722186585888267
0.42823626892641187
0.4279068149626255
0.4281872371211648
0.42972326511517167
0.42873882967978716
0.43135594204068184
0.41252552811056376
0.4097415520809591
0.41125551983714104
0.4112759931012988
0.4106049300171435
0.40920726116746664
0.40972505789250135
0.4104849020950496
0.4108129548840225
0.4098201161250472
0.41238035075366497
0.41332773771137
0.45081269508227706
0.44684525905176997
0.4417647169902921
0.4366594711318612
0.4342073383741081
0.43138810992240906
0.4252581759355962
0.4154376247897744
0.409893318079412
0.40838507283478975
0.40992007963359356
0.4146392261609435
0.4284353842958808
0.4276308757252991
0.4299651039764285
0.4277257821522653
0.42750047519803047
0.4272841759957373
0.42745458614081144
0.4295391603372991
0.4279529023915529
0.42455705581232905
0.4133337619714439
0.41234640404582024
0.4096304392442107
0.40953382942825556
0.4118705140426755
0.4113527899608016
0.4099056380800903
0.4102671858854592
0.4120197151787579
0.41256715077906847
0.44805991975590587
0.4423719849437475
0.43942035315558314
0.43676847079768777
0.433627069927752
0.43295209808275104
0.4302801792509854
0.4221332003362477
0.42234903015196323
0.428502359893173
0.4274209327995777
0.4304387574084103
0.4288980490528047
0.42938109301030636
0.42726639611646533
0.42888232320547104
0.42895379196852446
0.4244831493124366
0.4279000940732658
0.4138265261426568
0.42524593509733677
0.4274824089370668
0.42514639627188444
0.42722970619797707
0.42693035770207644
0.42697624675929546
0.427547852974385
0.4284987528808415
0.42724689096212387
0.4273907379247248
0.4210635921917856
0.4130015270784497
0.4132909053005278
0.4100820659659803
0.4094243021681905
0.4098504171706736
0.4108762792311609
0.4107319521717727
0.41032899217680097
0.408761618193239
0.41017049411311746
0.4117114320397377
0.410853274166584
0.4092806186527014
0.41021512681618333
0.4183680978603661
0.4322618399746716
0.42833971278741956
0.4289634898304939
0.4275205382145941
0.42697490472346544
0.42829517275094986
0.4308847417123616
0.42926085041835904
0.4291491908952594
0.41644443199038506
0.411282726097852
0.41274482291191816
0.410233570728451
0.41003956785425544
0.4102175557054579
0.410857314709574
0.4104317631572485
0.41023504408076406
0.40975126484408975
0.4098668619990349
0.4104855665937066
0.4113596696406603
0.40892843110486865
0.41046827798709273
0.41583885718137026
0.4101197379641235
0.4106215708889067
0.423107392154634
0.4365779939107597
0.4321394679136574
0.4325485061854124
0.43314527394250035
0.4330362710170448
0.4347965307533741
0.4348058640025556
0.42857064958661795
0.43415112514048815
0.43027100106701255
0.43045571679249406
0.42882962292060256
0.4317873031832278
0.4300765269435942
0.4321597032248974
0.4337634169496596
0.4296377878636122
0.41324327094480395
0.4115831940434873
0.4103751489892602
0.4100220506079495
0.4090200178325176
0.4159620371647179
0.4293303517624736
0.42803048295900226
0.429674678016454
0.4276158092543483
0.4276759438216686
0.42751197377219796
0.4270307240076363
0.4295830689370632
0.42925797309726477
0.42741703102365136
0.41177776036784053
0.41170785017311573
0.4102465780451894
0.41011166712269187
0.408597765956074
0.40920991776511073
0.41026001796126366
0.4094956060871482
0.4097856171429157
0.4089810042642057
0.4101645387709141
0.41029895516112447
0.40966228675097227
0.40909163607284427
0.4093294651247561
0.40901964297518134
0.41061819856986403
0.40918974904343486
0.410613302141428
0.4089564955793321
0.40971253998577595
0.40976999001577497
0.41151526803150773
0.41278512217104435
0.4132759780623019
0.4686507978476584
0.4742744332179427
0.45790765387937427
0.4468242381699383
0.43231439031660557
0.42540598614141345
0.42132336599752307
0.41784124728292227
0.4142578630708158
0.41225792886689305
0.411831327714026
0.41024089604616165
0.4088331223465502
0.4085842831991613
0.4077542903833091
0.4077790561132133
0.4087253059260547
0.4082755772396922
0.40862420201301575
0.4069021553732455
0.40822957176715136
0.4078985881060362
0.4083660030737519
0.40894542913883924
0.4091695500537753
0.4089192049577832
0.40876965038478374
0.4088131645694375
0.4080448290333152
0.4096323661506176
0.41178899677470326
0.4106044927611947
0.4104869528673589
0.41146153304725885
0.41179949091747403
0.4111786838620901
0.41175580862909555
0.4119162452407181
0.4111628457903862
0.4125442602671683
0.4143519550561905
0.41472631972283125
0.4146691616624594
0.4144354183226824
0.4141051438637078
0.41640701284632087
0.41578076779842377
0.4158801189623773
0.41566339088603854
0.4173254519701004
0.4164439579471946
0.41617365926504135
0.4167483919300139
0.41766171902418137
0.41774281999096274
0.41826874064281583
0.41504403576254845
0.40937788505107164
0.41784354392439127
0.41565992403775454
0.40794931072741747
0.4083347348496318
0.40880159102380276
0.4105323189869523
0.4093288779258728
0.4082290758378804
0.40804902417585254
0.4216103879734874
0.4127719793468714
0.40929537871852517
0.4119221158325672
0.42287836875766516
0.4210252510383725
0.421621385961771
0.4244683999568224
0.4225865360349417
0.42322477605193853
0.42246185010299087
0.4237133078277111
0.4236494852229953
0.4233616250567138
0.42308786092326045
0.4234782652929425
0.4224611287936568
0.41858029924333096
0.4111578958109021
0.4113026326522231
0.4126497390680015
0.40927412174642086
0.408921392634511
0.41161164082586765
0.413827002979815
0.4104690831154585
0.40998817700892687
0.4091936433687806
0.4145434331148863
0.42948987195268273
0.426517884247005
0.42546784272417426
0.4262205888517201
0.4265358499251306
0.42727998411282897
0.42804399598389864
0.42685515619814396
0.4268620158545673
0.42722411965951324
0.4268477177247405
0.41481100395321846
0.409140907227993
0.4084296030923724
0.41051683900877833
0.40984902903437614
0.4124186458066106
0.4095651931129396
0.4092610483057797
0.4095702078193426
0.4103058450855315
0.4094180972315371
0.40896722488105297
0.4090445311740041
0.41071596276015043
0.410417424980551
0.4094967367127538
0.40929263085126877
0.40962123591452837
0.41075370321050286
0.4095354969613254
0.4097251477651298
0.40980508690699935
0.4107846040278673
0.41732115065678954
0.4098356761969626
0.4104308448731899
0.42062234319746494
0.43339280411601067
0.43031786289066076
0.4267176673747599
0.42700323509052396
0.4270590269006789
0.42895184690132737
0.4310147659853101
0.4322351519949734
0.43066687090322375
0.4131007636897266
0.4098832909949124
0.41911385022103786
0.40977042401209474
0.41165301809087396
0.44317111372947693
0.44361774111166596
0.44234425900503993
0.44077640026807785
0.43983097886666656
0.43649600027129054
0.4323501791805029
0.4334268746897578
0.42906766198575497
0.43059847597032785
0.431815595831722
0.4322555400431156
0.43199343187734485
0.43083456298336387
0.4297550180926919
0.4118941533379257
0.4094754010438919
0.41147617995738983
0.4099884042516351
0.4102576579898596
0.41117340372875333
0.4093786086887121
0.41088777920231223
0.41012061666697264
0.4094738671556115
0.40876945201307535
0.411626058164984
0.41056713927537203
0.4100522641092539
0.4087990350089967
0.4115059277974069
0.4157045930624008
0.410540662240237
0.4096899260766804
0.4179979688487947
0.43124230625107884
0.43196201138198376
0.4290978368371725
0.43073517736047506
0.4319868730381131
0.4313086559996009
0.43230926478281617
0.4322523339651525
0.4197181281633675
0.41003873106092215
0.41069146804511547
0.41273765778169036
0.4156289570964873
0.4102681144140661
0.40956343803554773
0.41218279022723436
0.44903267128393054
0.4462246187031269
0.44685696111992
0.44134692708030343
0.44159334897994995
0.437631418928504
0.4311145627871156
0.43072354700416327
0.431028566788882
0.43083627289161086
0.4316650750115514
0.43182101706042886
0.432130288798362
0.431104829069227
0.4271827591583133
0.41962851118296385
0.41883263597264886
0.4310814649797976
0.42474167700856924
0.42659409111365676
0.42680076509714127
0.42685944912955165
0.4280657987110317
0.4271970451809466
0.4281896138563752
0.42835445422679186
0.42924852995201945
0.41230430407449603
0.4089618343859911
0.4114947668276727
0.41091901902109385
0.40977512998506427
0.40964609617367387
0.4091164101846516
0.40987008810043335
0.4124148120172322
0.41127613792195916
0.4101094948127866
0.4165919851511717
0.42880486603826284
0.42899588868021965
0.42997997906059027
0.4262104448862374
0.42764795664697886
0.42808462772518396
0.42902998020872474
0.42887379601597786
0.429126197937876
0.4297201931476593
0.4141645892523229
0.4094801899045706
0.4099371349439025
0.40958825312554836
0.4104789011180401
0.4237879100255668
0.4268979257903993
0.42860182700678706
0.4274749490432441
0.4275494981557131
0.4278764040209353
0.4279320319183171
0.42904131626710296
0.4298013187944889
0.429430543910712
0.42222359776496887
0.4208859847858548
0.4103268329054117
0.4094927692785859
0.42211704701185226
0.4283676459454
0.4271599240601063
0.4258638462051749
0.4272589781321585
0.4271615957841277
0.42677327897399664
0.42811933998018503
0.43014228995889425
0.42801754642277956
0.42396711790934205
0.41855116514489055
0.4110344569198787
0.4106773752719164
0.41017123218625784
0.4196263989433646
0.41073201783001423
0.42707313504070044
0.4278722000308335
0.4278781763277948
0.42743984796106815
0.4273014343343675
0.42691399715840816
0.42958210594952106
0.4293894409202039
0.4292204389348626
0.4309093803167343
0.41188862174749374
0.4151002769358456
0.4109327718615532
0.40937694394961
0.4096054299734533
0.40982144931331277
0.4233429282903671
0.43238708190619946
0.4269687049090862
0.42686491925269365
0.42723668785765767
0.42796339001506567
0.42748277774080634
0.42880645813420415
0.4287564270198345
0.4311617040075362
0.4118903218768537
0.41093979496508837
0.41105260979384184
0.4098209831863642
0.41060948465019464
0.4098281511105597
0.41008398216217756
0.41099506709724665
0.4111440978012979
0.41097918432205915
0.4094021753408015
0.4099090211093426
0.41073744371533394
0.4128314149565995
0.4102666759863496
0.41146394284442067
0.42181437322869897
0.4213505438528955
0.428184871096164
0.4306389349512756
0.4290343979373574
0.42982862098142505
0.4272545799612999
0.42972498293966055
0.42950244387611747
0.42946064099669456
0.4229735191911459
0.41239381628111005
0.41115299379453063
0.40989263681694865
0.4125676630064845
0.41315854899585247
0.4476029430516064
0.4457170460373163
0.44182290975004435
0.4395180828869343
0.43549097795039415
0.43501139571890235
0.43107318598777056
0.43197112111374736
0.4281536010093987
0.4288202840834856
0.42738705314695835
0.4295703964307904
0.4295776588842273
0.43082629004493356
0.43203818099573255
0.4304371029138565
0.4164249119348824
0.4124785182066262
0.41138991294428706
0.4104379126802087
0.410010086838156
0.409653402864933
0.41082476964220405
0.41173320915549994
0.40968164522200823
0.4101217067800462
0.4114213907159865
0.44296777015551925
0.44090357376262546
0.4388325633481145
0.4357930729165673
0.4357792246155441
0.4337577628903091
0.4331442639231682
0.423361805267632
0.4152222918346524
0.4300305782817304
0.4266576827503741
0.4267228548415005
0.4274726822040975
0.42749879602342844
0.42813421320170164
0.42896691197529435
0.4295707172714174
0.43183801881968975
0.430203964933753
0.4143090797588229
0.41615893319249153
0.4293007953092456
0.4256383250467479
0.42827728018164635
0.4272268698550761
0.429337453097105
0.42803700594231486
0.4273926131427288
0.42961414996534586
0.42817671690136194
0.4284001491032541
0.4150079791434109
0.41091027297079563
0.4094649120233953
0.40919418912380934
0.40979423513635993
0.41263577807694674
0.41081807669252157
0.40924940910190344
0.4100051783025265
0.4144403226673603
0.4290981451049447
0.42870652908459306
0.4300064751878381
0.4278101520612836
0.42827957682311535
0.42724520713090897
0.4279818800278008
0.43091597314924
0.42892469000071287
0.4220364377833903
0.4114816803485155
0.4125101203098893
0.41093476209789515
0.410217794124037
0.4097547922283411
0.4119041650556028
0.41044238582253456
0.4099385170266032
0.4101083967834711
0.4165317709557712
0.4292242811061442
0.4296173918992281
0.4303458100184798
0.42868913477286696
0.42983857402577996
0.4278206848539412
0.42899411590769887
0.43038187408819795
0.42910540429875255
0.4216298460960388
0.4122175103984773
0.4128540731035173
0.4105453169904649
0.41033829376101494
0.410455625038594
0.4137976081110537
0.41006138594821095
0.4094387670047581
0.41066617891192436
0.4320888500660658
0.4354129550047219
0.4355951049365103
0.4342411351390183
0.43556963792070746
0.4342651041224599
0.4346767202951014
0.4322210908867419
0.42362353205680847
0.422796790022403
0.42857481399551034
0.4280078411102295
0.4313728669658303
0.4294634531252086
0.42780662002041936
0.42972961300984025
0.42917263275012374
0.4290512911975384
0.4248890341259539
0.42081385385245085
0.4130971156992018
0.4236699240282178
0.4272724939510226
0.4249697937630117
0.4298480120487511
0.4275845377705991
0.42692761216312647
0.42699134442955256
0.4289331310428679
0.4280831511132419
0.42824095487594604
0.4245255282148719
0.4134654370136559
0.4110688650980592
0.40941025223582983
0.4091719859279692
0.4097928307019174
0.41127962013706565
0.4096379498951137
0.4100273950025439
0.4099728399887681
0.4102209508419037
0.42608017614111304
0.4333034669980407
0.4289680733345449
0.42852236796170473
0.4281542832031846
0.43088403809815645
0.4314264189451933
0.43065014807507396
0.4315507570281625
0.42676544608548284
0.4138115029782057
0.41109859477728605
0.408772936090827
0.4093948742374778
0.4111996768042445
0.42928980896249413
0.42758236499503255
0.42783533688634634
0.4272900093346834
0.429131287150085
0.4294659625738859
0.4275970421731472
0.4291361621581018
0.42834131699055433
0.4289317699149251
0.41319687385112047
0.41378742828965187
0.41199333034455776
0.4108525514602661
0.41305741434916854
0.4308730927295983
0.42897092131897807
0.4286998249590397
0.4284736285917461
0.42918193293735385
0.42720108991488814
0.4268629397265613
0.4284798358567059
0.42969947727397084
0.4284100718796253
0.4143074657768011
0.41136184614151716
0.4100067466497421
0.40916904574260116
0.4118918711319566
0.4111649030819535
0.41031191777437925
0.4097043410874903
0.40908423997461796
0.4098303918726742
0.41218989016488194
0.41075637796893716
0.4091024589724839
0.4093585582450032
0.41139499796554446
0.4363737558014691
0.43374907318502665
0.434331689029932
0.4342191619798541
0.43498095078393817
0.43337438302114606
0.43333041528239846
0.43131429702043533
0.4248944856226444
0.42451639426872134
0.4286187198013067
0.4277769229374826
0.4301762939430773
0.43137438502162695
0.4300576653331518
0.4288635980337858
0.43096408480778337
0.4293615077622235
0.4183804839849472
0.4176230407319963
0.4106109859421849
0.40940912906080484
0.41534865694120526
0.41190966591238976
0.41254564514383674
0.4227363122627139
0.429886267054826
0.4269392970018089
0.42865859856829047
0.42906152084469795
0.42804053612053394
0.4272733237594366
0.43107292195782065
0.42950257612392306
0.42941947001963854
0.41253891913220286
0.40970463678240776
0.40997258201241493
0.411254963837564
0.4099111263640225
0.4109364664182067
0.41135422931984067
0.41377447126433253
0.4120035422965884
0.41355534503236413
0.42997784493491054
0.4300181772559881
0.43027435103431344
0.42709070118144155
0.42892169766128063
0.4294727840460837
0.428221148904413
0.4299867497757077
0.4290153980255127
0.42135626589879394
0.41266046836972237
0.4104992006905377
0.41112573398277164
0.4103828947991133
0.40933965565636754
0.4127482119947672
0.4250688967294991
0.4330075392499566
0.42894788878038526
0.42938108975067735
0.4321224563755095
0.4318715129047632
0.43161435099318624
0.43226586002856493
0.43236491037532687
0.42518566781654954
0.42118646996095777
0.4310894622467458
0.42779686115682125
0.43122672103345394
0.42854820378124714
0.4278599051758647
0.42957617016509175
0.4296367149800062
0.4284776267595589
0.42984831565991044
0.411593914963305
0.40996062010526657
0.40998564660549164
0.41281537199392915
0.4107167972251773
0.40905671706423163
0.4097171500325203
0.410297020804137
0.41575626377016306
0.409544815775007
0.40982481092214584
0.41118071926757693
0.4324573269113898
0.43202647008001804
0.4317080988548696
0.43184951692819595
0.43233448499813676
0.43323016399517655
0.4325244058854878
0.43188233487308025
0.42961646895855665
0.4160935189574957
0.4252079240977764
0.42722632084041834
0.42433204082772136
0.42740533500909805
0.4277970129624009
0.42702380381524563
0.4277445753104985
0.4304632041603327
0.4287298647686839
0.4275754923000932
0.42137333005666733
0.4099688841961324
0.4113057469949126
0.4111853730864823
0.41003547608852386
0.4098840933293104
0.413757988717407
0.4110608138144016
0.4093204322271049
0.40936842607334256
0.40979578299447894
0.42313501704484224
0.4298205669037998
0.42777198599651456
0.42794223222881556
0.4278831761330366
0.4280342571437359
0.43003519997000694
0.42911001993343234
0.42987716710194945
0.4297604481689632
0.4143854510039091
0.41295467782765627
0.40971685061231256
0.4103360092267394
0.41009927121922374
0.410584500990808
0.41370845725759864
0.4099345956929028
0.409895159304142
0.40940510109066963
0.4133978420868516
0.41050368174910545
0.41029808577150106
0.41065799491479993
0.42870250390842557
0.43236992694437504
0.43195877503603697
0.4305212548933923
0.43131240690127015
0.43224284797906876
0.4325683508068323
0.43200589902698994
0.4301921441219747
0.4193961760029197
0.43025968689471483
0.42809699894860387
0.42853653337806463
0.42787640495225787
0.4291924610733986
0.4295054296962917
0.4278947217389941
0.4298924682661891
0.4279903592541814
0.43009933177381754
0.41271130181849003
0.41046401485800743
0.41156961861997843
0.41096853092312813
0.4117789543233812
0.4295096821151674
0.42700241692364216
0.4284105161204934
0.4285139008425176
0.42897428618744016
0.42932984372600913
0.42766197910532355
0.430671954061836
0.42772490018978715
0.42996318312361836
0.418308827560395
0.4107389501295984
0.4123031049966812
0.4165674261748791
0.42891009990125895
0.42642595805227757
0.42823455203324556
0.4289601258933544
0.4283429700881243
0.42757593374699354
0.42820608615875244
0.4301000810228288
0.42873097909614444
0.4246533839032054
0.4113169829361141
0.4098946088925004
0.41332398308441043
0.40956891514360905
0.41420175367966294
0.43086066329851747
0.42713776091113687
0.4280906757339835
0.42751589184626937
0.4277331163175404
0.4298712476156652
0.42985896207392216
0.4295647209510207
0.4280823930166662
0.4302485780790448
0.41185996728017926
0.4110699640586972
0.4103735680691898
0.41023871675133705
0.41248770290985703
0.4177300948649645
0.4141822080127895
0.41221140092238784
0.4298638477921486
0.42846889421343803
0.4291566889733076
0.42779630795121193
0.4292858620174229
0.4291417240165174
0.42867434909567237
0.42877390468493104
0.4302010331302881
0.4274862129241228
0.412361859343946
0.4283646000549197
0.42641161661595106
0.4258673652075231
0.4273636997677386
0.42760139098390937
0.4286959683522582
0.4286344670690596
0.42909377673640847
0.42917073518037796
0.4301374922506511
0.41199368378147483
0.41110071493312716
0.4120861617848277
0.4106219820678234
0.40927007002756
0.41063579684123397
0.41100142197683454
0.41278424207121134
0.41008545318618417
0.4109072000719607
0.4209409072063863
0.42510627675801516
0.43093556398525834
0.43008365482091904
0.42940911604091525
0.42960883723571897
0.4288010513409972
0.4327320088632405
0.4327025809325278
0.43144312873482704
0.413638586178422
0.410025869961828
0.4133677901700139
0.4100415469147265
0.410241617821157
0.4196658730506897
0.4153587552718818
0.42970751505345106
0.4286595289595425
0.4279285711236298
0.42902319924905896
0.43039503414183855
0.42932082107290626
0.42801653826609254
0.43041636468842626
0.4315990749746561
0.42178082512691617
0.41339491680264473
0.42048713099211454
0.43037840723991394
0.42695031501352787
0.4302860167808831
0.42808682983741164
0.42776792822405696
0.4280283539555967
0.4319048640318215
0.42933230102062225
0.4297119961120188
0.4137169602327049
0.4094929751008749
0.41022907802835107
0.41217972710728645
0.41102845314890146
0.41026358399540186
0.41334642888978124
0.4217372378334403
0.4303183387964964
0.42847390472888947
0.4274918772280216
0.4284676592797041
0.42612919490784407
0.42736786510795355
0.4289522571489215
0.4272115156054497
0.42832345282658935
0.423520440235734
0.4148682141676545
0.41016913019120693
0.4084216495975852
0.40844877529889345
0.4114204850047827
0.4104732209816575
0.40981161314994097
0.4085469590499997
0.4083100687712431
0.40913477912545204
0.410334643907845
0.40918427193537354
0.4100576560012996
0.4096561851911247
0.40827776212245226
0.40927863866090775
0.4121128339320421
0.40923971915617585
0.41074462700635195
0.40900184493511915
0.4095059218816459
0.4101445241831243
0.4095138111151755
0.4104836042970419
0.414056358858943
0.4414797951467335
0.4380558840930462
0.4384179296903312
0.43877430399879813
0.4361780430190265
0.4302591001614928
0.42670795414596796
0.4149520914070308
0.4129480249248445
0.4112518159672618
0.412267136387527
0.4132012790068984
0.4109176262281835
0.4083665367215872
0.40713384468108416
0.4080942068248987
0.4066623579710722
0.4075753637589514
0.4070992493070662
0.40966399386525154
0.40879036905243993
0.40786066139116883
0.4100877079181373
0.40978064201772213
0.40905215591192245
0.40792148001492023
0.407898124307394
0.4094879748299718
0.4110996420495212
0.4120578239671886
0.41059524193406105
0.4111759811639786
0.4096078830771148
0.41301601426675916
0.40928641939535737
0.40873269317671657
0.4071800308302045
0.41283706901594996
0.4125512493774295
0.40893204836174846
0.40709250792860985
0.4071393641643226
0.415618309751153
0.4092887598089874
0.4071132051758468
0.40729979192838073
0.40893115289509296
0.41042100405320525
0.4116278747096658
0.4075729358009994
0.40786596480757
0.41021676594391465
0.4104955270886421
0.41221586568281054
0.4081651037558913
0.40845566103234887
0.40735573833808303
0.41859395476058125
0.41066153813153505
0.4084006529301405
0.40675007505342364
0.4081542450003326
0.40968146501109004
0.41205054288730025
0.4095386816188693
0.40836960496380925
0.4073567884042859
0.4100010930560529
0.4127879086881876
0.41000107815489173
0.40916201658546925
0.40931663988158107
0.4099596389569342
0.4110493469052017
0.40918526193127036
0.40894011268392205
0.4086257857270539
0.40866152895614505
0.40905746538192034
0.410006919875741
0.41065506683662534
0.4118038769811392
0.40890328027307987
0.40816366905346513
0.4105930579826236
0.41020948672667146
0.40864178305491805
0.4084292366169393
0.41045339312404394
0.41046936996281147
0.4088585269637406
0.41213764203712344
0.41035661520436406
0.4083236870355904
0.41000252356752753
0.40985762793570757
0.4088599686510861
0.40854538697749376
0.4087796648964286
0.40923542622476816
0.41119354497641325
0.40962781803682446
0.40901718381792307
0.40940280305221677
0.40981042571365833
0.410649074241519
0.4108480461873114
0.4108101511374116
0.41225941106677055
0.41759512294083834
0.5164388110861182
0.4896740480326116
0.4660425088368356
0.4246607250533998
0.42164385691285133
0.420847331173718
0.4173527960665524
0.4146027700044215
0.4144799108617008
0.411689565051347
0.40952323330566287
0.4086139379069209
0.40788171300664544
0.407448073849082
0.4074528687633574
0.4089770633727312
0.4087220770306885
0.40911271795630455
0.40873400401324034
0.4089112039655447
0.4090801449492574
0.4089645789936185
0.40896258782595396
0.4095326131209731
0.4094977118074894
0.410275864880532
0.40963528398424387
0.4102235301397741
0.41177558386698365
0.411901218816638
0.4123341771773994
0.41174553986638784
0.41127318190410733
0.413025526329875
0.4123881198465824
0.41473236586898565
0.41349366307258606
0.4140552030876279
0.41399845900014043
0.41452685091644526
0.41526222275570035
0.4141803798265755
0.41513219801709056
0.41445708461105824
0.4144228952936828
0.4156912169419229
0.4148920187726617
0.41628609225153923
0.41343399323523045
0.4099907800555229
0.41533191222697496
0.41574479173868895
0.4098979798145592
0.4097873498685658
0.40949781611561775
0.4104526909068227
0.408238064032048
0.41165932221338153
0.40658708941191435
0.40933356573805213
0.4118790291249752
0.40818233834579587
0.41161983786150813
0.409720784984529
0.40804139943793416
0.4098554076626897
0.4102543257176876
0.41080032801255584
0.4076695297844708
0.4103681752458215
0.41239024605602026
0.4095662469044328
0.41009369026869535
0.40864233300089836
0.4081118758767843
0.411190670914948
0.40880237612873316
0.4107623281888664
0.40861502289772034
0.40857891691848636
0.40871760295704007
0.41026830207556486
0.4134284951724112
0.4083379921503365
0.4107127171009779
0.41017478611320257
0.40909713599830866
0.40977695770561695
0.40995065309107304
0.40898442175239325
0.40908246161416173
0.4099285211414099
0.4090065290220082
0.4087723568081856
0.4084087312221527
0.4105711467564106
0.41722703306004405
0.4080214877612889
0.40849060099571943
0.40901480382308364
0.4097462031058967
0.40896198665723205
0.40922200307250023
0.40931507013738155
0.4105446860194206
0.41343862004578114
0.40865217614918947
0.4093710542656481
0.41385594895109534
0.44405411602929235
0.44817604403942823
0.4479057821445167
0.4473680108785629
0.44719050731509924
0.4456681520678103
0.44001959823071957
0.4391503822989762
0.43926565162837505
0.4381880471482873
0.439983035903424
0.4382850551046431
0.4308397239074111
0.43315219692885876
0.42853195779025555
0.43052395805716515
0.4303169338963926
0.4307306231930852
0.4312706757336855
0.43189875688403845
0.43112350022420287
0.4297922169789672
0.4232794023118913
0.4277789732441306
0.42621537996456027
0.43006689473986626
0.4284213399514556
0.42584407329559326
0.4269376336596906
0.4278208175674081
0.4276759438216686
0.4284146041609347
0.4252064689062536
0.41003560833632946
0.409377196803689
0.41103036561980844
0.4090486941859126
0.41005589766427875
0.4084453801624477
0.4100303277373314
0.4114439389668405
0.4094803761690855
0.4085035780444741
0.4093487560749054
0.4109141952358186
0.4115077368915081
0.40907299891114235
0.4103889758698642
0.41285308077931404
0.4153239391744137
0.4084801999852061
0.40819354681298137
0.4112886101938784
0.42350192414596677
0.43213543435558677
0.4297241740860045
0.42984668305143714
0.4310228228569031
0.4310143869370222
0.43130886694416404
0.4320489279925823
0.4316223571076989
0.4279363118112087
0.4206734639592469
0.43024448677897453
0.42720069270581007
0.4300813488662243
0.42628373904153705
0.4279356338083744
0.4278705110773444
0.42696239287033677
0.4271742030978203
0.42822458036243916
0.427362980786711
0.4119078409858048
0.40921015990898013
0.40956772584468126
0.40955867106094956
0.4091592188924551
0.40859020687639713
0.4089090311899781
0.41109523084014654
0.4097797591239214
0.4109555068425834
0.4098537201061845
0.40970012499019504
0.4133017393760383
0.40868479618802667
0.41055781627073884
0.4167529703117907
0.4758372283540666
0.46394880022853613
0.4477961282245815
0.4416091609746218
0.43449763022363186
0.43328060396015644
0.4305777489207685
0.4335091928951442
0.43105036625638604
0.4307730896398425
0.4312721509486437
0.4307414563372731
0.431359323207289
0.4187236647121608
0.4182225516997278
0.42760957311838865
0.42630500718951225
0.4271421697922051
0.42823901074007154
0.4275413961149752
0.4295551008544862
0.4279982652515173
0.42699472699314356
0.42714568180963397
0.4277600129134953
0.42852575331926346
0.4118608068674803
0.41392185213044286
0.42848719423636794
0.42524115974083543
0.4260998978279531
0.4260872923769057
0.42623666394501925
0.42718869633972645
0.42837684927508235
0.4298056033439934
0.4274584259837866
0.42752316081896424
0.41290993615984917
0.4174332618713379
0.41626141499727964
0.4112632479518652
0.40924084885045886
0.4099083449691534
0.42415364319458604
0.43094113375991583
0.4254206088371575
0.42792769987136126
0.428973866160959
0.42764890380203724
0.42854781821370125
0.4286590018309653
0.4278464592061937
0.4285595277324319
0.428907650988549
0.41157233621925116
0.4078343198634684
0.4090514359995723
0.40947595704346895
0.41187325259670615
0.40814132429659367
0.40841884398832917
0.40834864182397723
0.4095805939286947
0.4086911818012595
0.40981793217360973
0.4105674740858376
0.4106845250353217
0.41337865171954036
0.4103438048623502
0.40965249901637435
0.410383976995945
0.40989280492067337
0.42903813207522035
0.43559535685926676
0.43320989003404975
0.4332669312134385
0.43231847090646625
0.43390390602871776
0.43294019205495715
0.43222336703911424
0.4227013778872788
0.41384559124708176
0.40777061600238085
0.41158911492675543
0.43046367913484573
0.4326914669945836
0.4308501370251179
0.434650719165802
0.43266564793884754
0.43413050193339586
0.4324689800851047
0.43179213581606746
0.422554865013808
0.4211737420409918
0.42054881481453776
0.4303789008408785
0.4259187988936901
0.4275634870864451
0.4276022259145975
0.42849726509302855
0.42765480605885386
0.4277063379995525
0.42836440075188875
0.4291713712736964
0.4288994730450213
0.41323278611525893
0.4102211440913379
0.4080529878847301
0.4081849390640855
0.4082923410460353
0.4114277777262032
0.4094934668391943
0.412223766092211
0.40749037312343717
0.4080865387804806
0.4081601770594716
0.4088382232002914
0.40996110206469893
0.40841573383659124
0.4085652129724622
0.4119085823185742
0.41032319189980626
0.409246610943228
0.40828720992431045
0.40877850726246834
0.408009918872267
0.40903359604999423
0.41052182391285896
0.40920928912237287
0.41056277696043253
0.408818488009274
0.40999039728194475
0.41258948110044
0.40910999896004796
0.4113246649503708
0.4139738669618964
0.4325530370697379
0.43177545303478837
0.4323396887630224
0.42766981292515993
0.42878165701404214
0.4261549939401448
0.42200144194066525
0.4206201480701566
0.41855156468227506
0.41583287063986063
0.414052021689713
0.4124710778705776
0.4093424738384783
0.40998670971021056
0.4085154919885099
0.40894161025062203
0.4093806487508118
0.40866144793108106
0.4095823997631669
0.4088131319731474
0.4092435701750219
0.4094140762463212
0.4092245763167739
0.4101936686784029
0.409615783020854
0.41023113392293453
0.410816989839077
0.4107583458535373
0.4096256080083549
0.410008667036891
0.40993555588647723
0.4113871483132243
0.4119989210739732
0.4117257599718869
0.41361095616593957
0.41065502632409334
0.40928950579836965
0.41106640826910734
0.41480031982064247
0.4122438137419522
0.4108704496175051
0.40704940678551793
0.40856260200962424
0.414715891238302
0.41313800401985645
0.40823583398014307
0.40676419204100966
0.40887082694098353
0.4098888481967151
0.4103080052882433
0.4072686550207436
0.4117476800456643
0.40997910499572754
0.41131991194561124
0.4085200782865286
0.4113920023664832
0.4090635348111391
0.41107317991554737
0.40990190766751766
0.40810093469917774
0.41113593243062496
0.4071466703899205
0.4077264820225537
0.40892852563411
0.4113662373274565
0.4092478137463331
0.40878202486783266
0.410814865026623
0.409348591696471
0.4110333970747888
0.4085248042829335
0.4096620683558285
0.40895385295152664
0.40774757601320744
0.4200288807041943
0.41330004716292024
0.4114398928359151
0.4188611889258027
0.428018587641418
0.42496970389038324
0.4267304828390479
0.4267564988695085
0.4283387460745871
0.4259229148738086
0.42685540579259396
0.42763277189806104
0.428062841296196
0.42770434403792024
0.42807811219245195
0.4140072241425514
0.40840829303488135
0.4207646157592535
0.42754970816895366
0.4235208099707961
0.4270522501319647
0.42512348713353276
0.4267543996684253
0.4263198934495449
0.4260720950551331
0.4260780978947878
0.4266239400021732
0.42590477829799056
0.42780353128910065
0.41130412416532636
0.4077836088836193
0.40764189092442393
0.41170530300587416
0.41261248383671045
0.4089879458770156
0.40769305592402816
0.4082031911239028
0.40812970185652375
0.4100450770929456
0.4092251220718026
0.4115651627071202
0.40802748315036297
0.4109654212370515
0.41239727521315217
0.40902509028092027
0.4090225859545171
0.4089058409444988
0.4087101621553302
0.4101641713641584
0.4088926510885358
0.4081693789921701
0.40861829789355397
0.4086638600565493
0.4094440219923854
0.41043870709836483
0.4098066962324083
0.40855183778330684
0.40889073070138693
0.41127693094313145
0.41217430774122477
0.4092285349033773
0.4081982932984829
0.4121404578909278
0.41155182383954525
0.4150902680121362
0.41145575512200594
0.4133222717791796
0.4538538660854101
0.44974247133359313
0.4397610640153289
0.43109580827876925
0.42469321889802814
0.4196234908886254
0.41724820993840694
0.4154975302517414
0.41370647866278887
0.40973586309701204
0.4109786949120462
0.40822983300313354
0.4082504422403872
0.4064877210184932
0.40956257190555334
0.40948814200237393
0.40839783707633615
0.4103893139399588
0.40971648693084717
0.41065786499530077
0.4096377561800182
0.40851154597476125
0.4109227480366826
0.41093637328594923
0.40993220498785377
0.4080823576077819
0.4121415480040014
0.4116732529364526
0.4087678389623761
0.4092716472223401
0.40779383573681116
0.41265849908813834
0.4141094973310828
0.40890980791300535
0.40950589859858155
0.40982705587521195
0.41459809709340334
0.40833987295627594
0.4064766182564199
0.40780169796198606
0.40908314986154437
0.4102025511674583
0.4097075671888888
0.4080667831003666
0.4129708372056484
0.4070264268666506
0.41919720405712724
0.41043696319684386
0.4066763697192073
0.40638271486386657
0.40962801966816187
0.411116739269346
0.40883970260620117
0.41244191071018577
0.4073712769895792
0.41133605502545834
0.413412160705775
0.4098285944201052
0.4085353692062199
0.40918118925765157
0.41580310836434364
0.41035693418234587
0.41106271697208285
0.4155582278035581
0.4261001721024513
0.4246542388573289
0.42284614918753505
0.42618265841156244
0.4238104010000825
0.42276981472969055
0.4243339290842414
0.424595404881984
0.42651854222640395
0.4252607338130474
0.4241182371042669
0.4249634216539562
0.4246688508428633
0.4176455270498991
0.42268487298861146
0.42261761287227273
0.42248851945623755
0.4226527437567711
0.4227082999423146
0.4243532018736005
0.4249977907165885
0.42372721480205655
0.42319056391716003
0.42581247398629785
0.4246355630457401
0.42545733600854874
0.4222842389717698
0.41035916190594435
0.4090766222216189
0.41151105985045433
0.4102738811634481
0.40801474172621965
0.40770632214844227
0.4098821603693068
0.41056692972779274
0.4114559390582144
0.4087391602806747
0.41030060360208154
0.40921127796173096
0.4089147080667317
0.4108561831526458
0.40896280482411385
0.40804106602445245
0.40764971310272813
0.4090759800747037
0.40965762780979276
0.41041467105969787
0.40875726379454136
0.4088753731921315
0.4178022388368845
0.4115603086538613
0.408237602096051
0.40785090113058686
0.4083191701211035
0.40940376184880733
0.4099764972925186
0.4091523950919509
0.40867929765954614
0.4104031468741596
0.41050274623557925
0.4124625027179718
0.4087453931570053
0.4092196971178055
0.4104952858760953
0.41093131015077233
0.41447700606659055
0.41153375897556543
0.41114617697894573
0.445718992035836
0.45050106290727854
0.44080390268936753
0.4307036940008402
0.42640886502340436
0.4202585178427398
0.41610889695584774
0.4133496009744704
0.4122820287011564
0.41036721831187606
0.4087744611315429
0.4082722091116011
0.40797073813155293
0.40820565400645137
0.4070556592196226
0.40968347480520606
0.4091511438600719
0.41050581308081746
0.4082150338217616
0.4078097469173372
0.4098699218593538
0.41036746883764863
0.4098933129571378
0.41002398170530796
0.4107195301912725
0.41038948437198997
0.411602689884603
0.4110758868046105
0.41211981186643243
0.412224265281111
0.4108147728256881
0.4129338879138231
0.41352649917826056
0.40973770897835493
0.4089314751327038
0.41089590499177575
0.4138756808824837
0.41211365861818194
0.40773239685222507
0.4092645342461765
0.4093869337812066
0.4093561992049217
0.4104472892358899
0.4072927008382976
0.40762158343568444
0.4181966776959598
0.41064381366595626
0.4081570338457823
0.4076549089513719
0.40676180412992835
0.4165058513171971
0.4100348921492696
0.4069309770129621
0.4076019572094083
0.4073395929299295
0.40905764093622565
0.41132506309077144
0.4085323242470622
0.41155282873660326
0.40816393215209246
0.4088480011560023
0.4124546619132161
0.4098442397080362
0.4081901591271162
0.408162001054734
0.40969277219846845
0.4096549157984555
0.41184614272788167
0.4090318609960377
0.4089421066455543
0.41417579306289554
0.41151106590405107
0.4120226139202714
0.41037258226424456
0.41248600790277123
0.42819178523495793
0.42819465370848775
0.4278234299272299
0.42619669577106833
0.4267834001220763
0.4269962362013757
0.4274617410264909
0.42766617564484477
0.4284805511124432
0.4298450415953994
0.42958713602274656
0.4128268379718065
0.40911032911390066
0.41885172901675105
0.4095863248221576
0.4212358221411705
0.42903064331039786
0.42684515099972486
0.42644124990329146
0.42581835575401783
0.4270326471887529
0.4263679962605238
0.42680814675986767
0.4285014201886952
0.4299676432274282
0.42721177265048027
0.4127140431664884
0.4105093842372298
0.40903786895796657
0.4091743170283735
0.4081489471718669
0.4098623422905803
0.4093589009717107
0.41183461621403694
0.40837053395807743
0.40839020209386945
0.4090539189055562
0.4093939568847418
0.4130325773730874
0.4104908318258822
0.4091570717282593
0.4089620211161673
0.41215022606775165
0.4094116217456758
0.40900223795324564
0.40842717606574297
0.4091258211992681
0.4108387790620327
0.4277447680942714
0.43110154615715146
0.43006682116538286
0.42709987284615636
0.4281668937765062
0.42941132886335254
0.42842485709115863
0.42923737689852715
0.4279129561036825
0.4313460788689554
0.4206603611819446
0.41196103300899267
0.40944688813760877
0.4097764720208943
0.4331912286579609
0.43697990011423826
0.43636166816577315
0.4346594079397619
0.43591499142348766
0.4361542873084545
0.43554961821064353
0.4325090260244906
0.43568408861756325
0.42969572730362415
0.4307820270769298
0.4315908858552575
0.4311106260865927
0.431252873968333
0.43117245426401496
0.4310163939371705
0.42995023960247636
0.4182096249423921
0.42949509527534246
0.42755398293957114
0.42648981511592865
0.42633889988064766
0.426194888073951
0.42749731009826064
0.42828878900036216
0.42816640017554164
0.42809698870405555
0.42974304500967264
0.41196811804547906
0.4165670881047845
0.4153685527853668
0.4105766490101814
0.41033196775242686
0.4096714030019939
0.4178979806602001
0.4092063750140369
0.40924067702144384
0.4209493389353156
0.4316233191639185
0.4268137039616704
0.42633170494809747
0.4274025890044868
0.42835311591625214
0.4268116601742804
0.42930023092776537
0.42861620616167784
0.4285381883382797
0.42259347485378385
0.4106620382517576
0.41022195667028427
0.4087056661956012
0.4087139619514346
0.4087079307064414
0.40835356805473566
0.41015154821798205
0.4096339368261397
0.40924928104504943
0.40904786717146635
0.4109128378331661
0.4127084109932184
0.4095072029158473
0.4088842920027673
0.40883426694199443
0.4088714178651571
0.4103860235773027
0.40922387409955263
0.4086176371201873
0.4093931629322469
0.40902579110115767
0.41010867711156607
0.4090274339541793
0.41145291924476624
0.4099210132844746
0.4110686229541898
0.4125797301530838
0.41726243076846004
0.41508315224200487
0.4605495170690119
0.45334842521697283
0.4417713191360235
0.4325696472078562
0.42630476132035255
0.4170923554338515
0.4165344280190766
0.41289201006293297
0.4128133091144264
0.4119665566831827
0.40593549981713295
0.4062537867575884
0.4062845236621797
0.4068909022025764
0.40730693377554417
0.40857755905017257
0.40850071515887976
0.40870464593172073
0.4096004101447761
0.4070497606880963
0.4067868567071855
0.40834675915539265
0.40924464585259557
0.40973520185798407
0.4098494560457766
0.4101303736679256
0.41015000408515334
0.41114074690267444
0.4113101111724973
0.4095210749655962
0.40982165979221463
0.41127729788422585
0.4117349460721016
0.4107070961035788
0.40800885623320937
0.41168032493442297
0.41330344369634986
0.41135812224820256
0.4077172363176942
0.40628354996442795
0.41447474202141166
0.41257106978446245
0.4085457962937653
0.4080572831444442
0.4088000049814582
0.41067086113616824
0.40801999904215336
0.41092743910849094
0.40683742612600327
0.41793594416230917
0.41126189567148685
0.40718867303803563
0.4070221739821136
0.41117775114253163
0.41273090383037925
0.4088224172592163
0.40753296203911304
0.4071997939608991
0.4072083472274244
0.41970692994073033
0.41059281723573804
0.4066849807277322
0.40736807184293866
0.4077600110322237
0.41009689308702946
0.4098736960440874
0.4087176681496203
0.4096424989402294
0.412688756827265
0.4105162578634918
0.4082403490319848
0.40847045090049505
0.40806033182889223
0.4086220087483525
0.40976961189880967
0.41138629196211696
0.4092984599992633
0.4087561657652259
0.4076991770416498
0.4091309169307351
0.41040759114548564
0.40867556584998965
0.41153730917721987
0.40855003567412496
0.40987101988866925
0.40986991208046675
0.409682041965425
0.4086831142194569
0.4091895571909845
0.4096222911030054
0.4104036670178175
0.4107361934147775
0.4085301449522376
0.4084586058743298
0.4094762750901282
0.41064437478780746
0.41021560318768024
0.41117799188941717
0.4103886731900275
0.41191658843308687
0.4189995708875358
0.41515383310616016
0.4272378799505532
0.4290306163020432
0.4239118932746351
0.4242127691395581
0.42264956422150135
0.4203684306703508
0.41911593126133084
0.41463611414656043
0.4135379823856056
0.4106773301027715
0.41054789908230305
0.40937415370717645
0.40804290724918246
0.4084374443627894
0.40892510302364826
0.4098518006503582
0.40848672529682517
0.41046518785879016
0.40893410705029964
0.40943609783425927
0.4104369436390698
0.4109790539368987
0.4107949840836227
0.41075410414487123
0.4115268038585782
0.4109797431156039
0.41173956310376525
0.4122897437773645
0.4135315753519535
0.4131436147727072
0.4129305840469897
0.4133308599703014
0.4133828221820295
0.4137228219769895
0.4133964413776994
0.4147707521915436
0.4151549581438303
0.41460726503282785
0.41434922628104687
0.4113024603575468
0.4111276799812913
0.41706997575238347
0.4138188138604164
0.4113948419690132
0.40803339099511504
0.4111481253057718
0.4107517199590802
0.4080273797735572
0.4116394156590104
0.40966852894052863
0.4095975998789072
0.4118823939934373
0.4088207110762596
0.4082221952266991
0.4077751301229
0.4097007103264332
0.4127779542468488
0.40973338810727
0.4077878803946078
0.41098644863814116
0.411803110036999
0.4085040222853422
0.4119145101867616
0.4082933799363673
0.4089186512865126
0.4103489466942847
0.40960580203682184
0.41078863805159926
0.4087413940578699
0.4108037333935499
0.4123644772917032
0.408008323982358
0.4098535990342498
0.4084541779011488
0.40892742620781064
0.4095646049827337
0.41181400790810585
0.41040939930826426
0.4120225543156266
0.4268079763278365
0.429598324932158
0.42887589568272233
0.42611419409513474
0.42669829493388534
0.42660528142005205
0.4289923468604684
0.4283177722245455
0.42822827538475394
0.43101336993277073
0.4143277797847986
0.41051353607326746
0.412388670258224
0.40973091032356024
0.408308622892946
0.409766576718539
0.4109463021159172
0.40968495793640614
0.40882391994819045
0.4102892419323325
0.41036606719717383
0.41072593722492456
0.40965198539197445
0.40897286497056484
0.41024727281183004
0.4089919631369412
0.4109569559805095
0.40931476978585124
0.40970609663054347
0.40925970394164324
0.4139052010141313
0.413797605317086
0.41222874308004975
0.41754984809085727
0.4693066910840571
0.46102525293827057
0.4480776689015329
0.4365703109651804
0.4268870181404054
0.4236304182559252
0.4161474909633398
0.41277813725173473
0.4124014060944319
0.4107308960519731
0.4080763589590788
0.40761610493063927
0.4076667232438922
0.40737972501665354
0.40890595223754644
0.40839257603511214
0.4080890538170934
0.40773984882980585
0.40855354769155383
0.4086912074126303
0.40816677594557405
0.4104015529155731
0.4083361946977675
0.4103819658048451
0.4118886459618807
0.41156680695712566
0.4105071728117764
0.41044904105365276
0.41244363877922297
0.4112259838730097
0.4115295601077378
0.4121917081065476
0.4137228918261826
0.4127411087974906
0.4127054209820926
0.4140620152465999
0.4148255339823663
0.41582321375608444
0.416134521830827
0.4149891510605812
0.4147818638011813
0.4156735157594085
0.41635224130004644
0.41509007615968585
0.41767294192686677
0.41811278322711587
0.4166651531122625
0.4184798621572554
0.41800223430618644
0.4192570620216429
0.4182907538488507
0.4185810680501163
0.41883068485185504
0.4177383640781045
0.41917833499610424
0.4155494491569698
0.40960512729361653
0.408790176268667
0.418946600984782
0.4101456608623266
0.4080493850633502
0.4109253091737628
0.4091435722075403
0.410938723012805
0.4083583219908178
0.40999644808471203
0.41020979592576623
0.41016656300053
0.4126732121221721
0.40955789014697075
0.40971714025363326
0.4099173229187727
0.42195661598816514
0.42601273069158196
0.42533757258206606
0.42659970419481397
0.4268167791888118
0.42782906675711274
0.4259305321611464
0.42561013996601105
0.4260903908871114
0.42776490189135075
0.427758377045393
0.42764249490574
0.4116104352287948
0.4139186991378665
0.4276299048215151
0.4248395012691617
0.4241412593983114
0.4265253799967468
0.42582337372004986
0.4274459658190608
0.42750184424221516
0.42724931240081787
0.4275719439610839
0.4255667831748724
0.42624216713011265
0.4241481958888471
0.4112860672175884
0.40925060817971826
0.41313121607527137
0.4085224228911102
0.40871057007461786
0.409357288852334
0.41244870610535145
0.42876189202070236
0.42637606989592314
0.42679380299523473
0.426979708019644
0.42650600289925933
0.4284631391055882
0.42803371185436845
0.42716596694663167
0.42842866759747267
0.42648777598515153
0.42896564630791545
0.4130236520431936
0.40887293173000216
0.4097394538111985
0.41779415123164654
0.41154778003692627
0.41036994429305196
0.42480505583807826
0.42838077107444406
0.4264194439165294
0.42651876993477345
0.4267304418608546
0.4269610131159425
0.4272093907929957
0.4310751371085644
0.42888805782422423
0.4287958783097565
0.42037766706198454
0.4092028122395277
0.41524227196350694
0.4116251580417156
0.4088989980518818
0.4092371379956603
0.4111441057175398
0.42891712579876184
0.4289980190806091
0.4280854891985655
0.42735976818948984
0.426974861882627
0.4285032330080867
0.4292159266769886
0.4294037641957402
0.4287101342342794
0.4267204604111612
0.41353106405586004
0.4112257258966565
0.40976219484582543
0.4090251340530813
0.40895130997523665
0.4111214838922024
0.41109335888177156
0.40968665899708867
0.4104977468959987
0.41454361705109477
0.41081993002444506
0.4104636269621551
0.41012430284172297
0.41107324324548244
0.4376153410412371
0.4351556207984686
0.4373542261309922
0.4374479711987078
0.43624398997053504
0.43821445712819695
0.4383367048576474
0.4332453119568527
0.4379529501311481
0.43148158118128777
0.4351784409955144
0.43452651100233197
0.43477262323722243
0.4349611019715667
0.43419533781707287
0.42789280926808715
0.42459258111193776
0.4292714558541775
0.42768308194354177
0.42960900999605656
0.42882046615704894
0.4317882782779634
0.43152210069820285
0.4285842380486429
0.43085688818246126
0.4296184731647372
0.4132515471428633
0.4098700829781592
0.41898447601124644
0.4291980150155723
0.4266053172759712
0.4297665529884398
0.42821156419813633
0.4286944828927517
0.4277817071415484
0.43068263586610556
0.4291277374140918
0.4290917292237282
0.41497589321807027
0.4170230538584292
0.4115021377801895
0.4094901029020548
0.40927966916933656
0.41202087700366974
0.4114804146811366
0.41013308707624674
0.4103397442959249
0.41281610121950507
0.42979721585288644
0.4298967933282256
0.4302557148039341
0.42847893899306655
0.42954282090067863
0.4283701931126416
0.42916414234787226
0.43059868831187487
0.42885122587904334
0.4226326271891594
0.409418024122715
0.4107295600697398
0.412291350774467
0.4108807663433254
0.4092261870391667
0.4087854432873428
0.41008593002334237
0.410509483423084
0.4099996602162719
0.41001374181360006
0.40942179085686803
0.4098672023974359
0.410513152834028
0.41055856877937913
0.4097740938887
0.411304519046098
0.4163361368700862
0.4892435008659959
0.4672034322284162
0.4518500459380448
0.44541088212281466
0.4390052929520607
0.43513688910752535
0.4387452998198569
0.4385191537439823
0.4371096878312528
0.4368773470632732
0.43483434384688735
0.4361076978966594
0.4290188127197325
0.43237771512940526
0.431644800119102
0.43199397809803486
0.4324961439706385
0.43253906024619937
0.42966192588210106
0.4303743508644402
0.4199122400023043
0.4300395813770592
0.42731480579823256
0.42842231085523963
0.42708552116528153
0.42821272695437074
0.4282714989967644
0.4275946207344532
0.4286202993243933
0.42919707810506225
0.42801694897934794
0.41761823603883386
0.4098973977379501
0.4087974587455392
0.41156195709481835
0.4229383999481797
0.4325021547265351
0.4261931600049138
0.42725112196058035
0.4262534319423139
0.42651014495640993
0.42739073699340224
0.4305505519732833
0.42912859423086047
0.42893637204542756
0.41443314030766487
0.41182922990992665
0.4130749520845711
0.4090727069415152
0.41209479328244925
0.40925596607849
0.41030999599024653
0.4106127140112221
0.4093430847860873
0.4096478661522269
0.41180048882961273
0.4114643088541925
0.4097504117526114
0.40960299829021096
0.40901003312319517
0.40989758213981986
0.40961567498743534
0.4094727919436991
0.4091493161395192
0.41228865506127477
0.4134669159539044
0.40924861561506987
0.41219208342954516
0.4117494523525238
0.4374082130379975
0.4436437631957233
0.4430761747062206
0.43857843102887273
0.43383169872686267
0.4282220220193267
0.4242438180372119
0.4207418318837881
0.41338086500763893
0.4159246268682182
0.4139171657152474
0.412339658010751
0.4100881121121347
0.40933421812951565
0.4089040281251073
0.40807593474164605
0.40784083073958755
0.4085730859078467
0.4098986526951194
0.40920548513531685
0.4073981191031635
0.40936506213620305
0.40930939884856343
0.40759680792689323
0.40659360820427537
0.4094667141325772
0.4106252728961408
0.4135617883875966
0.4109745528548956
0.40689524728804827
0.4081820137798786
0.4087603222578764
0.41369904624298215
0.41101799299940467
0.4079968729056418
0.40907354233786464
0.41617765882983804
0.41460649110376835
0.41484003560617566
0.4166382718831301
0.41620306577533484
0.4166218708269298
0.41984598571434617
0.4170887558721006
0.4159121639095247
0.4158709212206304
0.4181258478201926
0.41771594900637865
0.4188527660444379
0.41898798616603017
0.4192027300596237
0.42021049093455076
0.41943260934203863
0.4208644921891391
0.419309149030596
0.42078927019611
0.4189235148951411
0.4198727388866246
0.41060473723337054
0.40825390815734863
0.4163575950078666
0.41083804005756974
0.40882768714800477
0.4074901361018419
0.4075283049605787
0.42319586127996445
0.4109624130651355
0.4119218811392784
0.4255479872226715
0.423339462839067
0.42212512716650963
0.42580826999619603
0.42468460416421294
0.4236711207777262
0.4252478969283402
0.4239484700374305
0.42317296704277396
0.42420939495787024
0.4243250107392669
0.4265776942484081
0.4265926191583276
0.41266564885154366
0.4093021173030138
0.4122378299944103
0.40908684115856886
0.4083715029992163
0.4086594539694488
0.40904828580096364
0.4103212538175285
0.4089205418713391
0.4108705469407141
0.4099382348358631
0.4099078429862857
0.42248404771089554
0.4252039510756731
0.428684548009187
0.4297249228693545
0.42919260635972023
0.42629564041271806
0.42708710208535194
0.4310077438130975
0.428625597152859
0.43090186174958944
0.4191670063883066
0.41849054489284754
0.4091109558939934
0.41158684715628624
0.4181056027300656
0.41243983106687665
0.4167609577998519
0.4289361988194287
0.4265324641019106
0.429462319239974
0.42776195984333754
0.42852363735437393
0.42644298216328025
0.4269226691685617
0.42758410703390837
0.4295958550646901
0.4265038832090795
0.4112677900120616
0.4095018319785595
0.41275622602552176
0.4088056581094861
0.40847926307469606
0.4092367049306631
0.40905953710898757
0.4119926090352237
0.4108245298266411
0.4093745700083673
0.40917351888492703
0.4158536624163389
0.4098735717125237
0.40942823700606823
0.41047488804906607
0.4289212035946548
0.43272942770272493
0.43245777720585465
0.4293124172836542
0.42925448110327125
0.43072701431810856
0.4322089087218046
0.43077304074540734
0.4305097572505474
0.4241026099771261
0.41999735590070486
0.42756909178569913
0.4266412500292063
0.4295977880246937
0.42839800380170345
0.4287822498008609
0.4264336861670017
0.4279343830421567
0.4292386630550027
0.42844336200505495
0.4240306387655437
0.41052227560430765
0.41248639579862356
0.41036856221035123
0.4109333702363074
0.4128447100520134
0.42507119197398424
0.43212378956377506
0.42833610996603966
0.43074971018359065
0.43220725003629923
0.43172482028603554
0.4316701637580991
0.4315094477497041
0.4306306061334908
0.42588871298357844
0.41806094627827406
0.42951402394101024
0.42752978298813105
0.42794455401599407
0.42653073091059923
0.4283034042455256
0.42832314735278487
0.427232023794204
0.42850433429703116
0.4286505673080683
0.42494502989575267
0.4133679112419486
0.41364184208214283
0.4118823120370507
0.40967554738745093
0.40894546499475837
0.41198017401620746
0.40959312207996845
0.40880160266533494
0.4112742240540683
0.41146699571982026
0.4345057839527726
0.43142908113077283
0.43367948941886425
0.43400312401354313
0.4340438419021666
0.43387353606522083
0.4337067101150751
0.4315096200443804
0.4201615988276899
0.4141197572462261
0.40920008160173893
0.4097967757843435
0.4255914790555835
0.43022542586550117
0.4274535099975765
0.42679477017372847
0.4269422781653702
0.42890644632279873
0.4295753659680486
0.4291873830370605
0.42953842878341675
0.43057191371917725
0.41552471881732345
0.4115401953458786
0.409616625867784
0.40883807791396976
0.4091966962441802
0.4097425821237266
0.4098982051946223
0.4094652272760868
0.4098975211381912
0.4087582561187446
0.4094760757870972
0.41074472991749644
0.4121810640208423
0.4093553489074111
0.41180276684463024
0.4171189549379051
0.4831895353272557
0.4648745381273329
0.45136087108403444
0.44251968804746866
0.4403776987455785
0.43518185801804066
0.43515898985788226
0.4370441189967096
0.4352153320796788
0.43416710617020726
0.4316391749307513
0.4233931349590421
0.41551069309934974
0.4102259362116456
0.41054404713213444
0.41172741213813424
0.42933117412030697
0.42867049062624574
0.4296965291723609
0.42846413934603333
0.42990170791745186
0.4290129370056093
0.42710994090884924
0.4280716278590262
0.42924242885783315
0.42769417399540544
0.41497356072068214
0.4170827209018171
0.40917883161455393
0.4132146490737796
0.42998194694519043
0.42860071221366525
0.42990667512640357
0.42709336383268237
0.42741175601258874
0.42810288863256574
0.42711944598704576
0.4286910812370479
0.43097028229385614
0.42612992925569415
0.4116050358861685
0.41041239770129323
0.4096307260915637
0.409719770308584
0.4081866010092199
0.4087124988436699
0.41106595285236835
0.4097224739380181
0.4093068242073059
0.40910610603168607
0.41093042306602
0.410588672850281
0.41416563000530005
0.40933630196377635
0.4098157989792526
0.4107593954540789
0.43662821827456355
0.4356866590678692
0.4362878310494125
0.4368722881190479
0.43552586575970054
0.436951105017215
0.4370453800074756
0.4318092539906502
0.4309224192984402
0.43164304411038756
0.4324895949102938
0.43167933030053973
0.43253894662484527
0.4320376510731876
0.4330823691561818
0.4320149482227862
0.42916698567569256
0.4309354657307267
0.4297317801974714
0.4269599951803684
0.4269035439938307
0.42674357583746314
0.4284577490761876
0.4277392663061619
0.42881429102271795
0.4292090702801943
0.43010756839066744
0.41896613128483295
0.4106749892234802
0.4094411521218717
0.41273339185863733
0.42581738997250795
0.42900387197732925
0.42750074667856097
0.4267735560424626
0.4270110637880862
0.42699729977175593
0.42879363894462585
0.4303444726392627
0.42879132786765695
0.42951611429452896
0.43017323268577456
0.4133307449519634
0.41515613812953234
0.4271033597178757
0.42674091598019004
0.4275075448676944
0.4270318215712905
0.42643502494320273
0.4290808951482177
0.4294521235860884
0.43064554687589407
0.42632693191990256
0.43181501887738705
0.41264096973463893
0.409070692025125
0.4127365290187299
0.4110173461958766
0.41411898378282785
0.4294030391611159
0.4273562841117382
0.42790955817326903
0.4272368527017534
0.4282321613281965
0.4293985543772578
0.42586660105735064
0.42881797812879086
0.42933274572715163
0.4304469060152769
0.419858624227345
0.4109933180734515
0.4096767180599272
0.40906638093292713
0.41050793416798115
0.41467513237148523
0.40963922813534737
0.41269206209108233
0.41294967709109187
0.42845771089196205
0.4280896261334419
0.4303798000328243
0.4266887749545276
0.42814312502741814
0.4288292918354273
0.42722366703674197
0.42910739220678806
0.4280045786872506
0.42711220495402813
0.4119026721455157
0.41062650084495544
0.4107073522172868
0.40978466998785734
0.41179402312263846
0.4170043719932437
0.4302643961273134
0.42683409107849
0.4290042407810688
0.42641178285703063
0.42740186117589474
0.4266740307211876
0.42688903398811817
0.42694232799112797
0.42932215007022023
0.42877286300063133
0.41734990291297436
0.4101543570868671
0.4100703690201044
0.40896601090207696
0.40874219918623567
0.4123693839646876
0.4099053740501404
0.40853778133168817
0.40937089128419757
0.41098162438720465
0.41037156200036407
0.4097692957147956
0.4088711692020297
0.40955914417281747
0.41399238305166364
0.4106992669403553
0.41052773920819163
0.40945122530683875
0.4186900118365884
0.4323246590793133
0.4317173780873418
0.4297700459137559
0.4309019888751209
0.4320123493671417
0.43170890770852566
0.4325797250494361
0.4313482833094895
0.4279825179837644
0.4145746319554746
0.4287850158289075
0.42965444829314947
0.4300160612910986
0.4287544130347669
0.42899693502113223
0.4270776710473001
0.4271654589101672
0.42958321096375585
0.428812094964087
0.43139454489573836
0.41782924765720963
0.4098017499782145
0.4085515537299216
0.40926598431542516
0.41724753892049193
0.431017616763711
0.4283879278227687
0.43133881175890565
0.4288197159767151
0.4269802160561085
0.4273679587058723
0.43025530874729156
0.42858328064903617
0.4306398928165436
0.4130048700608313
0.4112883391790092
0.4125288291834295
0.410659858956933
0.4095945288427174
0.4084829520434141
0.4117374983616173
0.41301419911906123
0.41057542618364096
0.40874330699443817
0.4120319038629532
0.4122664351016283
0.44483336387202144
0.4455868359655142
0.44147522328421474
0.44054786302149296
0.43891701102256775
0.4380781501531601
0.43526049004867673
0.43380838399752975
0.4298684117384255
0.4331255997531116
0.43251856695860624
0.43284221598878503
0.43300886917859316
0.4313816260546446
0.42781341494992375
0.4198362212628126
0.4134084586985409
0.40913219517096877
0.40938395634293556
0.4184779613278806
0.4101353967562318
0.41261410200968385
0.4296674686484039
0.427421763073653
0.43111472716555
0.4295106837525964
0.4294012589380145
0.42844526609405875
0.4305010908283293
0.4277515569701791
0.4300327221862972
0.41817199904471636
0.408428646158427
0.4115493078716099
0.41042878199368715
0.4109566742554307
0.4094819277524948
0.4092524549923837
0.4107204619795084
0.4097812008112669
0.40960966795682907
0.4123017410747707
0.41881756298244
0.4316976070404053
0.42900810297578573
0.4277563989162445
0.4267341997474432
0.4271254423074424
0.42690618010237813
0.4279156750999391
0.43042417988181114
0.43047917587682605
0.4256229908205569
0.41382955200970173
0.40970670338720083
0.4094463880173862
0.409717904869467
0.41018222365528345
0.412166646681726
0.40917935501784086
0.40875307796522975
0.4115605941042304
0.4281117939390242
0.438199401833117
0.4332245700061321
0.434586807154119
0.43404045794159174
0.4342422070913017
0.4351591756567359
0.43390078330412507
0.4255983750335872
0.42468153731897473
0.4287938349880278
0.4281725510954857
0.4281942080706358
0.42982397228479385
0.43093277886509895
0.42985382582992315
0.43115077214315534
0.4305804488249123
0.41664430079981685
0.4135373760946095
0.4123781640082598
0.40965303499251604
0.4090923457406461
0.4092398821376264
0.4107495849020779
0.41027518175542355
0.4106297050602734
0.4092071452178061
0.40952357510104775
0.41029450902715325
0.412954690400511
0.409581386949867
0.40932762902230024
0.41652256436645985
0.4786829110234976
0.46336684096604586
0.4493471677415073
0.4425998870283365
0.44120702520012856
0.43417213624343276
0.4337755860760808
0.43243660079315305
0.43244896410033107
0.43115753401070833
0.4326316020451486
0.4313323521055281
0.4284477783367038
0.41859597200527787
0.4304577368311584
0.4256444592028856
0.4278587680310011
0.42770044691860676
0.4284066017717123
0.4283140259794891
0.42760829580947757
0.4288225150667131
0.42971433605998755
0.42843320267274976
0.4129301840439439
0.414901880081743
0.4292891980148852
0.4255341892130673
0.42541320621967316
0.42644935799762607
0.4273112351074815
0.42713453900069
0.42906431714072824
0.4272829471156001
0.4285705219954252
0.42652628710493445
0.42874589702114463
0.41181430872529745
0.41096737794578075
0.4100623610429466
0.41097415005788207
0.40931647224351764
0.4107528650201857
0.40980871114879847
0.4104106668382883
0.42905923817306757
0.4286572299897671
0.42736227391287684
0.4270744970999658
0.42831667186692357
0.4292220058850944
0.42756390292197466
0.4291685023345053
0.4291773089207709
0.42985796462744474
0.4205867238342762
0.4121035309508443
0.40910679940134287
0.40977080073207617
0.4131446899846196
0.4104284141212702
0.4097446850501001
0.4090599878691137
0.4117523659951985
0.42887209402397275
0.42866536509245634
0.4291105978190899
0.42688014078885317
0.42951485188677907
0.43068269919604063
0.4283560933545232
0.42995911184698343
0.4290776723064482
0.4235425153747201
0.41056317975744605
0.41207064082846045
0.41048994520679116
0.40957879088819027
0.4092165292240679
0.40962402056902647
0.41060280380770564
0.41038649110123515
0.4102539368905127
0.4088902762159705
0.40970481000840664
0.41056852927431464
0.4102700902149081
0.4107610620558262
0.4137940825894475
0.43012499809265137
0.42933651991188526
0.42992263101041317
0.4273197497241199
0.42839592741802335
0.42900797398760915
0.4269002960063517
0.42938087694346905
0.43023982364684343
0.42842685524374247
0.41476247599348426
0.4104825770482421
0.41102260537445545
0.4088406069204211
0.40950112603604794
0.4111370728351176
0.41018297616392374
0.41176090901717544
0.41431329026818275
0.4297184841707349
0.4302744301967323
0.4302152250893414
0.428637086879462
0.4297220502048731
0.4285164950415492
0.4285129318013787
0.43068854324519634
0.4286125502549112
0.4233895340003073
0.41126986779272556
0.40937099093571305
0.41266669798642397
0.4090040628798306
0.4091530838049948
0.4097096002660692
0.41204340383410454
0.409694982226938
0.41216704109683633
0.4103752081282437
0.4322523935697973
0.43591876793652773
0.4359558909200132
0.4343323912471533
0.4346942254342139
0.4336598920635879
0.4353401521220803
0.43426248244941235
0.43484865920618176
0.4294317034073174
0.42928576841950417
0.43159017991274595
0.43242725636810064
0.4316978440620005
0.43184622609987855
0.4318463858217001
0.4293834059499204
0.41274969885125756
0.40964175993576646
0.41228885715827346
0.4100270699709654
0.4094317052513361
0.40860652504488826
0.40959207667037845
0.4105020263232291
0.4098125630989671
0.409287772141397
0.4118964336812496
0.4118672236800194
0.43681080592796206
0.43330975715070963
0.43432296300306916
0.4334071269258857
0.43408069387078285
0.43362545408308506
0.43453464191406965
0.4328262540511787
0.4282159302383661
0.43159104278311133
0.4275611490011215
0.4272623108699918
0.427175962831825
0.42760257329791784
0.42876872094348073
0.42882333090528846
0.4295412297360599
0.4295130488462746
0.42924774484708905
0.41314700711518526
0.4089552662335336
0.41181166283786297
0.4289835379458964
0.42714572977274656
0.4266712130047381
0.4267436908558011
0.4269382623024285
0.4281495469622314
0.4289717208594084
0.4276453102938831
0.42924739979207516
0.4308067737147212
0.4220142560079694
0.41244202200323343
0.4132683239877224
0.4236096767708659
0.4275275091640651
0.42554638301953673
0.4275526669807732
0.4272601599805057
0.4275866700336337
0.42798130214214325
0.4303444749675691
0.42894497606903315
0.4273027000017464
0.4186463737860322
0.41156964004039764
0.41115354374051094
0.41001847805455327
0.4092966550961137
0.4104774696752429
0.4109433679841459
0.4109642328694463
0.41040897695347667
0.4098934200592339
0.4102494837716222
0.4105840977281332
0.4101671241223812
0.4115795218385756
0.41242783796042204
0.4237744500860572
0.4233308117836714
0.4284881977364421
0.43045266019180417
0.4264088738709688
0.42880435613915324
0.42909600073471665
0.4289892390370369
0.42856172705069184
0.42842681892216206
0.42191764479503036
0.41532435920089483
0.41074320673942566
0.41026733722537756
0.4125424553640187
0.4170757569372654
0.42899835109710693
0.4273024811409414
0.43019851576536894
0.4284263988956809
0.4290026752278209
0.4274021601304412
0.42760788509622216
0.43080883100628853
0.42846566066145897
0.42416201904416084
0.41761486791074276
0.4106948170810938
0.40902890358120203
0.40947263967245817
0.4106395342387259
0.4097496811300516
0.40985451778396964
0.4097942030057311
0.41566732292994857
0.42934350576251745
0.4297114796936512
0.42946344800293446
0.428657294716686
0.4295099088922143
0.4274695380590856
0.4276309930719435
0.4308702349662781
0.4288798519410193
0.4240333968773484
0.41865012934431434
0.4100459320470691
0.4098393050953746
0.40957216266542673
0.4126933831721544
0.4104514289647341
0.40959392208606005
0.409622001927346
0.4124981760978699
0.45200266409665346
0.445583735127002
0.4414269821718335
0.43629312375560403
0.4340198216959834
0.43190966034308076
0.4237512871623039
0.42284073401242495
0.4219809169881046
0.42853768030181527
0.4275942691601813
0.4283422762528062
0.4299308843910694
0.42882677679881454
0.4276156439445913
0.4309256658889353
0.42856214893981814
0.4235809459351003
0.4122502082027495
0.41366452304646373
0.4105161991901696
0.40980497607961297
0.4097324567846954
0.40990161383524537
0.4132724590599537
0.4097104435786605
0.40994520066305995
0.41156754177063704
0.4389771642163396
0.4353397940285504
0.43620464112609625
0.43683796375989914
0.4341509286314249
0.43252111691981554
0.431976187042892
0.4264432000927627
0.4182368703186512
0.4131492362357676
0.410123182926327
0.42367262300103903
0.429879582952708
0.4249582118354738
0.42631193716078997
0.42689787270501256
0.42681293841451406
0.4273033970966935
0.42875149520114064
0.4273244091309607
0.4282682831399143
0.4237597631290555
0.4109991639852524
0.4110547718591988
0.410442803055048
0.4097528248094022
0.4096394660882652
0.4097067047841847
0.4110514228232205
0.4126195991411805
0.40912908408790827
0.41044144658371806
0.41736365482211113
0.4313804027624428
0.4284108728170395
0.43068185774609447
0.4273830922320485
0.4267779500223696
0.4275053138844669
0.42767051002010703
0.42934126080945134
0.4287592279724777
0.42411243403330445
0.4187812199816108
0.41237606201320887
0.4136106949299574
0.42445718217641115
0.4292130167596042
0.42662816401571035
0.4275997979566455
0.4273354788310826
0.4268280831165612
0.4281395128928125
0.4306699908338487
0.42994349310174584
0.4321472877636552
0.4157303520478308
0.4124187408015132
0.410920113325119
0.40946495439857244
0.4099620869383216
0.4099234454333782
0.41020693723112345
0.4107132419012487
0.40920247277244925
0.4096857816912234
