Performing C++ SOURCE FILE Test HAVE_FFMPEG_MAX_ANALYZE_DURATION2 failed with the following output:
Change Dir: /home/mobilitylab/Pangolin/build/CMakeFiles/CMakeTmp

Run Build Command:"/usr/bin/make" "cmTC_980fa/fast"
/usr/bin/make -f CMakeFiles/cmTC_980fa.dir/build.make CMakeFiles/cmTC_980fa.dir/build
make[1]: Entering directory '/home/mobilitylab/Pangolin/build/CMakeFiles/CMakeTmp'
Building CXX object CMakeFiles/cmTC_980fa.dir/src.cxx.o
/usr/bin/c++   -I/usr/include/x86_64-linux-gnu  -std=c++0x -Wall -Wextra  -DHAVE_FFMPEG_MAX_ANALYZE_DURATION2   -o CMakeFiles/cmTC_980fa.dir/src.cxx.o -c /home/mobilitylab/Pangolin/build/CMakeFiles/CMakeTmp/src.cxx
/home/mobilitylab/Pangolin/build/CMakeFiles/CMakeTmp/src.cxx: In function 'int main()':
/home/mobilitylab/Pangolin/build/CMakeFiles/CMakeTmp/src.cxx:3:33: error: 'max_analyze_duration2' is not a member of 'AVFormatContext'
         sizeof(AVFormatContext::max_analyze_duration2);
                                 ^~~~~~~~~~~~~~~~~~~~~
CMakeFiles/cmTC_980fa.dir/build.make:65: recipe for target 'CMakeFiles/cmTC_980fa.dir/src.cxx.o' failed
make[1]: *** [CMakeFiles/cmTC_980fa.dir/src.cxx.o] Error 1
make[1]: Leaving directory '/home/mobilitylab/Pangolin/build/CMakeFiles/CMakeTmp'
Makefile:126: recipe for target 'cmTC_980fa/fast' failed
make: *** [cmTC_980fa/fast] Error 2

Source file was:
#include "/usr/include/x86_64-linux-gnu/libavformat/avformat.h"
      int main() {
        sizeof(AVFormatContext::max_analyze_duration2);
      }
