50.245285
91.88342099999991
67.82698599999992
61.558723
49.246311
32.631159
33.382177
22.107362000000002
38.342237000000004
24.212122
33.841848
24.289369
34.664392
21.943808
32.21964800000001
21.934986
38.354636000000006
23.210525000000004
33.303976
22.027731000000003
33.104658
22.606373
34.682035
21.648883
33.528805
23.207425999999998
33.559322
24.861574
33.17904499999991
22.116423000000005
32.981157
23.481369
35.29930100000001
21.849632
36.605358
23.247719
32.889843
23.824692000000002
35.449028
25.804043000000004
36.636829000000006
23.5641
34.591198000000006
24.844408
35.791159
23.377657000000003
32.942056
24.183988
35.105705
23.223877
34.775973
23.573399000000002
34.528732
21.844387
36.69405
21.539688
35.182238000000005
22.995233
35.442114000000004
23.747921
35.904884
21.757603
35.28595000000001
21.795989000000002
34.481764000000005
24.146318
35.38537
27.712345000000003
37.62626600000001
21.392107
34.31773200000001
22.968054000000002
35.018444
25.456429000000004
35.943747
23.231029
35.091162000000004
21.389722
35.533428
21.962403999999935
33.853054
21.867514
33.157587
22.241831
34.119367000000004
23.829222
35.302162
21.613359000000003
35.700321
23.63491
34.979820000000004
24.853706000000003
36.006212000000005
22.38369
33.043147000000005
21.365880999999998
35.477162
23.177624
34.945488000000005
21.582365000000003
33.423899999999996
21.593571
32.88269
24.537801
35.638809
23.287296999999985
33.538342
22.802353
34.914494000000005
23.414851
35.991669
21.968364
34.159422
23.180962000000005
35.479307
21.770716000000004
32.735586000000005
24.750948
34.564018000000004
21.590471
33.964634000000004
23.967981
34.750461
21.14892
36.25345300000001
22.799969
34.142256
22.452354
35.54773300000001
22.632361
34.18064199999993
22.663355000000003
33.51640700000001
24.506092
35.301208
23.590087000000004
35.217285000000004
22.629261
32.422304
23.329258000000003
32.90247900000001
23.254633000000002
34.285546
21.209478
35.119057000000005
23.358584
35.732508
22.285700000000002
32.555342
21.511554000000004
33.054113
21.569490000000002
34.981728000000004
23.308516
34.563541
21.431685
33.908606
23.127317
32.57918300000001
22.028446
33.465147
23.181439
32.867670000000004
23.785591
35.466910000000006
22.710324
36.540508
26.051999000000002
37.30917
22.101879
33.279419000000004
21.479368
33.457279
22.183656000000003
36.694765000000004
22.789240000000003
33.138276000000005
21.575212
35.507917
22.665501000000003
32.754421
23.350477
34.600258
22.767544
33.160448
23.332119000000002
33.641338
23.153544
39.896488
23.299218
33.578395
21.495343
35.438537
24.079323000000002
37.362098
24.502277000000003
37.323475
23.880959
34.31701700000001
25.821209
38.713217
22.816896
33.612251
22.374153
34.603118
24.526358000000002
34.145832
23.706913000000004
38.511038000000006
22.520066000000003
33.740282
24.631977000000003
33.192158
21.546125000000004
32.941341
21.325111
32.207966000000006
23.176193
33.774853
21.820545
32.454014
24.096012
37.751913
23.474932
34.92045400000001
21.733284
33.031702
24.938345
33.57625
23.271561000000002
35.772562
23.88525
35.662175000000005
22.511483000000002
34.652949
21.639585000000004
32.495022000000006
21.090031000000003
35.341024000000004
22.020340000000004
32.233000000000004
23.484469
36.17310500000001
25.246143000000004
33.368826000000006
23.460388000000002
36.304474000000006
23.691892000000003
32.240152
20.999432000000002
35.002708
21.646738000000003
36.246777
22.281170000000003
33.30946
22.697926
33.746481
21.487236
34.156322
23.25344099999993
33.833027
21.880388
32.69648600000001
22.538424000000003
33.564806000000004
22.820950000000003
34.422875000000005
21.669388
35.619021000000004
23.141622
32.972336000000006
22.194386
32.295465
21.298170000000002
33.483505
21.433354
37.178516
23.093224000000003
34.640312
23.937702
38.324832
25.346280000000004
36.876202000000006
22.840261
41.95785499999993
25.283813000000002
37.342549000000005
21.796465
33.9818
21.726609
34.58809900000001
24.671316
36.381482999999996
21.743536000000002
34.574509000000006
21.410227
33.977271
22.108555000000003
35.81047100000001
21.788836000000003
35.547018
22.211075
37.148952
22.479772
32.773494
23.11802
36.39626500000001
21.790981000000002
34.01041000000001
22.883177
34.910440999999956
22.248268000000003
35.497427
23.726940000000003
36.036015000000006
21.606445
37.606001
23.431301
35.174131
21.383763000000002
36.723137
22.288322000000004
35.206318
21.330833000000002
36.739826
22.014857000000003
33.165693000000005
23.585796000000002
33.211231
22.717476
33.70881
22.893429
34.276962000000005
22.272587
34.281969000000004
24.266482000000003
34.47389599999995
22.997617
33.501625
23.057461
33.48541300000001
24.877786000000004
35.903454
21.260023000000004
35.540342
22.585631000000003
34.459591
23.206711000000002
32.984733000000006
23.939609
32.694340000000004
23.587942
36.201715
23.023129
37.744999
22.508145
36.987781000000005
21.910190000000004
32.953262
21.900654000000003
32.462358
21.427631
35.09759899999998
22.77708
37.488937
23.924112
38.070441
23.909092
37.119151
25.637150000000002
35.459041000000006
24.145365
35.771847
25.183916
36.85402800000001
22.43495
37.609339000000006
23.541928
35.371304
22.073984000000003
32.948255
23.044109
36.334038
21.911383000000004
34.91973900000001
21.835804
34.692049000000004
21.353245
33.31375199999997
22.805691000000003
33.29634600000001
23.213625
35.608768
23.329497
34.749746
22.704601
33.817530000000005
21.377802000000003
35.419465
20.815611
33.89859200000001
22.08972
34.566641000000004
22.739411
36.142826
22.025824000000004
34.317494
21.742344
35.80403400000001
22.902012000000003
33.042669000000004
23.51141
35.177946
22.618294000000002
36.719561000000006
23.642302
37.256479
23.303747000000005
33.888578
23.46921
34.181595
22.557497
35.555600999999996
24.474859000000002
35.437345
25.103092
34.662485
23.121119000000004
32.989740000000005
22.735357
36.187172000000004
23.217202000000004
34.202574999999996
21.254539
35.447359000000006
22.324801
34.659624
23.948431000000003
35.502672
22.495985000000005
36.915064
23.676634000000004
37.101746000000006
23.802995
36.670447
21.272898
33.672572
22.784948000000004
34.454346
21.35849
33.38027
23.326397000000004
32.927036
25.532723
33.768415000000005
21.676540000000003
33.218146000000004
24.015903
36.538124
22.436619
33.518076
21.806956000000003
32.892466
21.811247
35.947085
24.07813
35.370349000000004
23.497105
35.666227
25.780678
36.8855
22.253991
34.840107
22.392511
34.068346
22.420883000000003
34.751177
22.356272
35.479307
23.433923000000004
35.932303
22.021294
35.18343
21.906615000000002
37.375927000000004
23.004532
36.487341
23.085356
36.673785
23.281098
35.62378899999996
24.168968000000003
35.080672
21.670103000000005
36.671162
23.833513
34.501076000000005
22.878885
37.25791
23.777723
35.241843
22.288561
38.938523
24.030686000000003
39.435863000000005
24.168252000000003
38.100481
23.564815000000003
36.495209
23.04554
38.043260000000004
21.853447000000003
34.66033900000001
21.416187
34.659147000000004
22.852898
38.362979999999936
25.412798
34.266472
20.969152
33.364296
23.716450000000002
33.726693000000004
23.629904
35.373926
21.137238000000004
33.105612
23.541212
32.845021
21.855116000000002
35.480261
23.485898000000002
34.54566
23.786784
32.925367
21.933317000000002
36.517858
21.261931
33.785343000000005
21.795511
36.723614000000005
23.071289
36.81659699999995
23.171901000000002
36.007881000000005
22.508382
35.048961000000006
22.265196
34.621478
22.155762000000003
33.568382
24.792671000000002
34.558535
22.872209
35.675049
22.035122
36.887885000000004
20.986795
33.675194000000005
24.592876000000004
34.464836
22.988319
35.908461
23.477793000000002
32.948494000000004
22.600412
34.383773
23.496866
32.463789
21.65699
32.560587000000005
23.892403
33.533812000000005
21.833420000000004
38.768530000000005
21.353006
35.354853000000006
22.426605000000002
36.760569
24.254799000000002
35.881281
23.969889000000002
36.69548
23.291826
36.410809
23.137331
35.239935
23.968935000000002
35.93587900000001
22.416115
34.597873
24.457932000000003
34.798623
22.205113999999917
34.268618000000004
24.353504
34.06167
21.829605
32.748699
22.974253
33.148289000000005
22.941827
33.398866
22.789479
35.148382
24.314880000000002
34.541845
23.166418
34.638644000000006
23.935079
34.482240000000004
21.934032000000002
34.683465000000005
21.320104000000004
32.404423
22.097111
32.649994
22.830248
35.708904
21.84462499999995
32.838344000000006
21.267891000000002
34.664392
21.801233
35.24947100000001
24.286031000000005
34.905195
22.002697
34.78837
22.723913000000003
35.28738
21.780253000000002
33.384562
23.703099
34.276962000000005
22.530317
34.02709900000001
23.242712
35.807371
21.90733
34.691096
23.615598000000002
34.80863600000001
21.54994
34.686088000000005
23.18096099999989
34.529447000000005
22.775889
33.587217
24.471282000000002
35.809279
21.713495
33.117771000000005
21.888495000000002
33.177376
23.443937000000002
33.642053000000004
26.03674
36.354780000000005
23.927927
37.132978
23.248673
33.323526
22.995949000000003
35.050869000000006
24.05405
33.589601
22.863865
36.167384000000006
21.873474
36.396503
22.25184399999991
35.093784
23.757458000000003
36.249638
24.013996000000002
37.197589
23.733616
36.37099200000001
24.248600000000003
33.094168
25.120258000000003
33.116579
23.092508000000002
33.059359
22.474289000000002
32.93633500000001
22.158861
35.278559
20.915508000000003
33.145666000000006
22.671937000000003
34.86085
23.652792
36.239862
21.926642
36.0093119999999
23.781061
35.960198
23.186683000000002
36.087513
22.634028999999998
36.46183
24.053574
33.168078
24.856091
34.189701
23.570299000000002
34.262419
21.604537
35.025358
24.972439
34.695149
21.614313000000003
33.316851
22.797347000000002
35.071134
22.886753000000002
34.61575500000001
23.171902000000003
35.335541000000006
21.270991000000002
35.604714999999956
24.407625000000003
37.436247
25.007009
35.997391
24.553299
34.959555
22.930384
37.238597000000006
22.692442
36.110639
24.921894
35.99143000000001
23.137331
34.98458900000001
20.969629
32.947063
21.486521
32.88841300000001
21.15202
34.583807
25.263787000000004
36.114931000000006
23.180485
34.810782
23.443699000000002
35.421609999999994
22.590876
35.998821
23.756504
33.552408
22.962570000000003
34.944534
22.147656
33.851862000000004
24.767875
33.382654
24.334907
34.184694
21.353244
33.865213000000004
23.672819
34.160375
21.425485000000002
33.321142
21.580696
35.673857000000005
21.517992
32.994507999999996
21.605253
35.757780000000004
22.690297
34.049748999999906
23.020506000000005
33.968211000000004
21.456003000000003
36.020994
23.759126000000002
37.691354000000004
23.845911
38.199186000000005
21.778821999999998
35.218001
23.347616000000002
36.929846000000005
22.641658000000003
35.268783000000006
22.635699000000002
33.871889
24.499655
33.315182
25.809765000000002
34.09648000000001
21.304608
35.832644
21.252394000000002
33.925533
23.073673000000003
35.663605000000004
21.589279
34.206152
21.772146000000003
33.737660000000005
21.237611
35.629511
23.3562
34.265279
23.037434
33.515215
22.234917
37.362576000000004
25.485039
34.607172000000006
21.463633
34.386396
23.411989000000002
33.819199000000005
21.785736
34.041405000000005
21.366119
33.50520100000001
21.326303000000003
34.845352000000005
21.98123899999993
33.977747
22.442341000000003
36.608934000000005
21.425486
33.519983
25.891066000000002
34.56592500000001
22.573948
35.735368
21.160602
34.07764400000001
23.700476000000002
35.329104
26.110888000000003
39.358616
24.356604
40.730953
22.833825
37.457228
22.009849000000003
36.794901
21.064519999999998
34.341335
21.344424
35.29119499999989
24.999381
35.180330000000005
23.337364000000004
35.27951300000001
21.415472
34.444332
21.453858000000004
35.9025
25.929451000000004
34.258604000000005
22.810697
34.556151
21.732569
33.911466000000004
21.398545000000002
34.127950000000006
21.062851000000002
36.106825
23.324013
36.444664
21.301985000000002
39.582253
21.475076
38.577318
22.109509000000003
34.80458199999992
23.664951
33.853054
21.961689000000003
37.556171
21.570444000000002
35.72940800000001
23.616314000000003
37.427901999999996
22.22538
37.152291000000005
21.616221000000003
38.015604
24.663210000000003
33.90193000000001
21.417618000000004
33.910752
22.435903
36.324501000000005
23.807526000000003
33.642053000000004
21.429777
34.902096
22.757292000000003
35.81810000000001
23.42558
35.982371
22.956133
35.116911
21.414757
34.28411500000001
22.817373000000003
36.732435
22.590399
35.598755000000004
21.903277000000003
37.424564000000004
23.919821000000002
35.288810000000005
23.118973
36.39316600000001
22.163868
36.637544
24.032354
37.840366
22.107601000000003
36.131382
23.402452
34.873724
21.612644
37.858963
22.45664599999997
36.933423
22.150755
38.940668
22.222519000000002
36.134005
26.645899
34.106255000000004
23.735046000000004
33.842802000000006
25.697947000000003
34.71613000000001
23.504734000000003
34.394740999999996
22.966385000000002
37.832975000000005
24.336338
37.783861
21.76404
37.626981
24.684667
36.379099000000004
21.712780000000002
36.763906
22.956372
34.178257
22.474526999999966
34.526109999999996
23.590565
36.584139
22.322417
35.595417000000005
24.851799
37.642717
22.917748000000003
38.26189
25.363922000000002
34.307718
23.317337000000002
36.192894
23.825407
37.932396
21.363973
34.330845
21.727324000000003
34.334421000000006
23.179054
36.200762000000005
22.864341
34.260273
21.460057000000003
33.995867
21.902323000000003
34.982443
24.335622
37.580966000000004
21.532774
38.786412
24.893045
39.856433
23.396731
35.333872
23.330927000000003
36.77582700000001
23.448229
35.369158000000006
21.58022
36.403656
23.236990000000002
34.577847
25.522471000000003
36.277056
23.717404000000002
34.858704
22.913218000000004
36.780358
25.162697
39.40939899999996
24.655342
38.63573
23.736
35.866023000000006
23.433685000000004
37.441015
22.013903000000003
35.915613
21.363974000000002
36.354303
22.080899000000002
35.843134000000006
22.261858000000004
34.457207000000004
22.064209
35.415888
24.022579000000004
34.06357800000001
24.738551
35.982132
21.196843
37.512541000000006
23.238182000000002
33.912659000000005
21.726131000000002
35.953759999999946
23.129463
36.972046
23.364544000000002
33.964396
23.560285
37.675142
23.966790000000003
37.159681
22.759676000000002
38.541078
22.348881000000002
36.523581
21.023988
38.096666
22.122621000000002
34.184695
21.365166000000002
36.218405000000004
24.168015
36.28158500000001
21.755219000000004
40.030241000000004
25.358916
35.382032
23.994207
37.79220599999999
23.753405
34.489631
24.877548000000004
39.164543
21.878481
36.067248000000006
21.463871
34.163237
21.982908000000002
36.472082
22.001504
39.159775
23.571015
36.945104
21.999359000000002
37.342310000000005
23.048401000000002
38.864374
23.8235
36.039114000000005
22.826195000000002
35.143613
21.128893
33.983707
23.82493099999994
34.7507
21.252632000000002
33.689499000000005
24.042368
39.150953
23.123503
37.081718
22.851467
35.254001
21.502972000000003
34.302712
22.732020000000002
34.463167000000006
24.694443
36.47399000000001
21.749497
35.416126
23.666858
36.941767
22.269726
37.217617000000004
22.124052000000002
35.582304
21.565437
34.726142999999986
21.857024000000003
33.56361400000001
22.574664000000002
36.790609
23.030996000000002
34.060716000000006
24.125814000000002
34.556627
23.701906
36.42082200000001
23.8235
34.028769
24.738312
34.53445500000001
21.641732
34.931183000000004
26.530266
38.558483
24.740934000000003
37.327289
24.502993
35.332919000000004
21.621704
36.619664
23.454904000000003
34.1298579999999
21.596670000000003
36.220789
23.431063
37.454605
22.063494000000002
37.019015
23.809671
34.368277000000006
21.574497
35.944700000000005
23.231745
35.875082000000006
24.686814000000002
37.791491
21.382094000000002
38.161993
23.442745000000002
37.577629
22.598505000000003
36.469221000000005
22.913933
36.487579
22.233963000000003
36.206484
23.892164
35.97211899999997
21.99769
37.846088
23.079872
36.661625
23.062229
36.395312
22.617102
35.973787
21.911382
35.674096000000006
21.734238
35.037279000000005
22.486448000000003
37.55784
22.803068000000003
33.540011
22.926569
37.470102000000004
21.61336
36.960363
22.785902
34.638405000000006
21.463156
34.423351000000004
22.013187
35.93587900000001
22.552967
34.218311
23.594618
36.053181
23.567676000000002
38.032293
24.93906
37.101269
24.42193
38.829803000000005
22.926092
39.022446
22.957564
37.593603
23.936271
34.566164
22.209168000000002
36.087275000000005
23.172379
36.197900000000004
22.785902
39.783239
21.952867
35.852194000000004
23.898602
36.099911000000006
22.039414
34.311057
23.238421000000002
35.386085
21.401167
33.93483200000001
21.468400000000003
34.018993
21.753788000000004
36.287785
24.015904000000003
34.29508200000001
21.338224000000004
35.28738
23.482084
35.42232500000001
22.969961
33.909082
21.784544000000004
36.024809000000005
23.327589000000003
33.382415
22.380829000000002
35.810709
21.366834
37.780523
24.087906000000004
36.631107
20.916701000000003
36.231517000000004
21.876096
36.399603
24.350404
35.464287000000006
21.297932000000003
36.196947
21.392346000000003
33.727169
25.692224000000003
39.71314400000001
23.37265
35.778523
22.068978
35.153628
23.720264
34.366846
23.304701
37.254095
24.787665
35.535335
22.037029999999902
35.964251000000004
22.783995
36.266565
23.493529000000002
34.812927
22.032499
33.992529
21.193028
37.081957
23.618460000000002
37.230253000000005
23.408890000000003
36.915302000000004
23.926258
37.250996
22.599459000000003
33.411264
21.665335000000002
35.977602000000005
23.906231
35.521507
22.077083000000002
34.54089200000001
25.187731000000003
35.707235000000004
23.287773
36.567449
24.752379
33.794642
23.871422
33.776045
23.735046000000004
34.574986
21.560907
33.882380000000005
21.492004
34.026623
53.818464000000006
108.694792
78.684092
72.10230800000001
59.38339200000001
41.919469
32.705546000000005
28.931141
19.194603
28.448820000000005
21.65246
21.763564000000002
17.357349000000003
25.340795000000004
18.374682
21.554708
17.436027
26.292086
20.557881000000002
23.286819
20.167589
23.413897000000002
17.662287000000003
24.112463
20.337820999999924
21.554231
19.731283
21.872282
19.823074
22.880792
21.613598
24.193764
19.520044
21.179438
17.045021000000002
23.731232000000002
21.792412000000002
24.507045
18.868208
21.845102
20.112276
23.227215
21.604299
21.992684
17.631769000000002
24.668693
19.997358
22.375346
17.689943
23.437738000000003
19.413948
22.171020000000002
22.462844000000004
25.847673
22.352933
23.182392000000004
17.587661
22.310257
19.727230000000002
22.078037000000002
20.032882
23.803711000000003
20.337821
22.501469000000004
18.490315
21.906376
19.790411000000002
22.222995
20.756006
24.315357000000002
18.81218
23.484946000000004
19.449949
22.903920000000003
19.726991
23.065328999999913
17.420291000000002
24.128437
22.636414000000002
25.198936000000003
19.936562000000002
22.979737
21.766663
22.256613
19.386530000000004
22.013903000000003
19.967795
22.953033
19.810677000000002
21.653414
20.052433
22.082806
17.475605
21.708250000000003
17.467022000000004
21.729708
18.524647
21.473646000000002
17.630816
23.893356
18.059492
22.674322
19.696474000000002
22.436380000000003
17.290115
21.184206
19.088745
22.133350000000004
17.350673
22.701025000000005
20.482064
22.823334
18.170119000000003
22.833825
19.806146000000002
21.221638000000002
17.876386
21.505832
19.400358
21.330118000000002
17.551422000000002
21.757841
19.964218000000002
21.575213
18.194676
23.159504000000002
18.341303
22.97306
19.539357
22.006273
17.155170000000002
22.378921000000002
19.909143
22.128582
20.125151000000002
22.781849
19.452095000000003
21.36755
18.015147000000002
21.721124
19.023896
22.82691
17.306328000000004
23.409844000000003
20.358801000000003
22.568703000000003
20.585775
22.839546000000002
18.664598
24.361133
19.225359
21.878242000000004
17.19141
23.840666
17.371654
21.538735
18.260002
21.398544
17.47322
22.303104
20.278692
24.465084
19.434452
22.125006000000003
17.949819
21.319390000000002
20.231724
23.904324000000003
18.670797000000004
21.371365
19.193173
21.993875000000003
17.632246000000002
24.017811000000002
20.268201
25.375128
19.718409
21.292687
19.937991999999905
22.105694000000003
22.262334000000003
21.057845
17.148972
21.107197000000003
20.212174000000005
21.333695
17.351150000000004
22.882939
19.719839000000004
21.64197
19.975900000000003
21.60573
19.130468
24.283409000000002
19.404173
23.239374
17.279625
23.24748
21.646738000000003
24.389028
20.679712000000002
22.216797
18.362761000000003
23.661852
19.852876000000002
21.106959
17.506361000000002
24.178744000000002
19.49501
21.136045000000003
18.640041
22.000074
19.160986
25.669575000000002
20.069838
22.675991000000003
22.701502
22.410393
19.883872
21.152019000000003
17.929077000000003
22.427082000000002
18.182278
22.479057
17.52615
21.751643
19.480467
23.863077
21.389008
24.018288000000002
21.175146
23.825169
20.296097000000003
21.213294
17.238617
22.907496000000002
19.70601
21.689415
19.640922000000003
24.466276
17.88497
21.188021000000003
18.590927
24.189472
17.790556000000002
21.408558000000003
17.201185000000002
21.202564
17.008305
23.237228
20.976066000000003
21.856070000000003
17.504931000000003
21.143198
17.017603
23.53215199999992
17.142057
23.578167
19.939422
21.417856000000004
20.986318
24.48225
20.568371000000003
21.959066000000004
18.239975
23.593664
22.666216000000002
22.457599000000002
19.839287000000002
22.188425000000002
17.960548
23.899555000000003
18.86034
20.935059000000003
17.484903
22.047758
17.887353
21.745442999999998
20.159244
21.481752
20.725727000000003
22.354126
18.444538
23.721695
18.615245
22.129297
19.256115
24.014711000000002
18.197298
23.24295
21.073818000000003
22.219896000000002
19.398689
21.823883000000002
17.638921000000003
24.137974000000003
19.881486
22.093773000000002
17.947674
22.810221000000002
19.293785
21.211386
20.628691
21.176815
20.696879000000003
22.335291
19.966364
22.847652000000004
20.515919
23.139
19.250155000000003
24.740219
20.73431
21.662474
18.84985
21.562338
17.488003000000003
22.012234000000003
20.742178
24.740934000000003
19.33527
21.84081
17.19594
22.818089
17.343282000000002
21.548509
19.274473
22.042036
20.890236
22.508860000000002
20.029545000000002
23.4375
19.693612999999942
22.493123999999998
17.087698000000003
21.23785
18.764973
24.124622000000002
21.030664
24.086952
19.625187000000004
21.535397
18.250465000000002
23.061752000000002
18.92519
24.537563000000002
18.896341
21.787405000000003
17.768383000000004
21.987438
19.508839000000002
24.947881000000002
20.347833
21.079778
20.155191000000002
22.454977
21.111489000000002
21.387339
18.665790999999988
21.734953
17.148256
23.374557
17.57574
23.355484000000004
19.466161000000003
21.498680000000004
20.150662
23.915529000000003
20.501137000000003
24.636746000000002
19.312859000000003
21.535873000000002
18.101692000000003
23.946762
17.719745000000003
22.146225
17.431736
21.99316
17.369032
22.547722000000004
18.325567
21.535873000000002
19.901275
22.217750000000002
17.712830999999984
23.338079
20.340443
21.799565
20.231724
23.36502
20.353794
22.969008000000002
23.689032
21.614313000000003
19.261837
22.822857000000003
19.73176
21.233559000000003
19.459247
21.377326000000004
20.216465000000003
21.572828
17.685413
22.885561000000003
17.481327
23.541451000000002
20.645618000000002
23.889065000000002
20.095587000000002
21.965981000000003
37.094832000000004
48.989057
29.445648000000002
29.274225
27.396917000000002
36.623955
35.44497500000001
25.368214000000002
22.720576
22.155523
22.800446
21.620274000000002
20.410061
23.286581
21.16704
23.322344
17.335177
23.922921
17.462492
22.94302
19.371272
21.511078
20.822048000000002
21.988869
20.748853
24.520397000000003
21.269083000000002
21.853924
19.548417
24.681568000000002
20.29562
23.413420000000002
21.069765
23.733378000000002
19.934416
22.708655
19.803524000000003
24.654627
19.127846
22.741556000000003
18.492699
21.700859
18.752337
22.351026000000005
20.541907000000002
22.769928
18.412589999999952
22.221804000000002
20.603180000000002
21.778821999999998
20.920754
21.258831
18.417358
21.644354
17.899275000000003
21.549224000000002
18.850803000000003
22.194147
20.125389000000002
22.53747
20.175933999999998
23.052215
21.056890000000003
23.32282
17.88497
23.55504
21.373510000000003
22.634983000000002
21.149397
23.871183000000002
19.871712
22.513628
19.847393
23.602247
20.135641000000003
23.338557
21.011114
22.843838
18.095016
22.474051000000003
20.02883
