13.35764
9.546995
6.1655050000000005
7.0486070000000005
6.142139
5.967617000000001
4.9033169999999995
5.932569
5.165577
4.602194000000001
6.202697
4.609108000000001
6.28066
5.568028
4.971743000000001
6.091356
5.128145000000001
4.7841070000000006
6.076336
5.005598
6.209373
6.042242000000001
5.242825000000001
6.088973
5.1283840000000005
4.860162000000001
6.421328000000001
5.09286
6.192445
5.938053
5.262613
5.6982040000000005
5.08213
4.611969
6.192207000000001
4.676342
6.160260000000001
5.845308
5.218029
6.005287000000001
5.204439
4.752398
6.160260000000001
4.594326000000001
5.951643000000001
6.011725000000001
6.198883
7.577896000000001
5.074024
4.980802000000001
5.955220000000001
4.7891140000000005
6.0558320000000005
5.979300000000001
5.292177000000001
6.159305000000001
5.049944000000001
4.756213000000001
5.908966
4.649877
6.042004
6.0324670000000005
6.389856
5.814552000000001
5.572558
4.736901
5.713940000000001
4.5540329999999996
5.833865
5.712510000000001
5.037069
5.911112
5.053043
4.609108000000001
5.812406
4.441976
5.906105
5.817652000000001
4.951239
6.927729
4.949569
4.809857000000001
5.862475000000001
4.518986
6.172657000000001
6.7646500000000005
5.403757000000001
5.661965
5.227804
4.8727990000000005
5.83744
4.441739
5.85103
5.732775000000001
5.7892790000000005
6.179095000000001
5.034924
5.201101
6.018639
4.485607
6.043672000000001
6.304979
5.284548
6.370306
5.72586
4.652500000000001
5.927562000000001
4.513502
5.964041000000001
6.020069
4.906654
6.035328000000001
4.867792000000001
4.62842
7.569551000000001
5.02038
6.151438000000001
5.807639000000001
4.941464000000001
5.872965
6.943465000000001
4.771709
6.04844
4.629374
6.0732360000000005
5.668163000000001
5.157471
6.2127110000000005
5.7146550000000005
5.365610000000001
6.071091000000001
4.694462
6.112814
5.944014
5.416631000000001
6.162405000000001
5.159139
4.931450000000001
6.245851
4.706145
6.3567160000000005
5.998134
5.181313
5.965471
5.523205000000001
5.145312
5.949974
4.6885010000000005
6.175041
6.905556
5.097389
5.764723
5.017042
4.929543000000001
6.00791
4.380226
6.1175820000000005
5.940199
5.25117
5.8934690000000005
5.215406000000001
4.667521
6.000757000000001
4.703760000000001
6.1404700000000005
6.083489
5.42736
6.224633
5.054474000000001
4.885674000000001
5.976439
4.6770570000000005
5.987406000000001
5.901336
5.075931000000001
5.801439
4.966496999999959
4.616976
6.130457000000001
4.682779000000001
5.958319
5.760193
5.160332
5.886317
5.438089
4.781246
5.762815
4.484891999999999
6.015062
5.732537000000001
5.097628000000001
6.131649
5.260706000000001
4.631757
6.082058000000001
4.491806
6.113768
6.922483
6.190300000000001
7.231950000000001
4.987001
5.9337610000000005
7.250786000000001
4.75359
6.412745
6.0846800000000005
5.687714
6.438494
5.4705140000000005
4.645347
6.1116220000000006
4.553318000000001
6.174564
6.4737800000000005
5.510807000000001
6.377697
5.481243
4.697323000000001
5.9781070000000005
4.536868
6.0961240000000005
6.59895
5.407095000000001
6.451606
5.14102
4.632473000000001
6.054163000000001
4.578113
6.334781
6.175757000000001
6.074905
6.1028
5.210877
4.713058
6.052255000000001
4.708290000000001
6.203889
6.069899
5.06568
5.984306
6.553173000000001
5.1393510000000004
6.383657
4.634857
6.139278000000001
5.806446000000001
5.058766
6.066083999999972
5.512476
4.761696000000001
5.919218000000001
4.7886370000000005
6.183625000000001
7.147074000000001
6.600857
6.177663000000001
5.711794
4.651308000000001
6.042004
4.513025000000001
6.025553
6.4024920000000005
5.494117000000001
6.5748690000000005
5.023003000000001
4.691362
6.587505
4.580498
6.195306
5.862713
5.154848
7.315159
5.309343
4.723311
6.036997
4.550219
6.56414
6.164312000000001
5.310536
6.404161
5.295991000000001
4.708051
5.944014
4.659891
6.155729
6.5519810000000005
5.5816170000000005
6.7024230000000005
5.523682
5.66864
6.61087
5.044937
6.489515000000001
6.444216
5.766392000000001
6.3288210000000005
5.417109000000001
5.303383
6.767988000000001
4.978419000000001
6.583214000000001
6.060838
5.132914
5.8650970000000004
5.0232410000000005
4.9002170000000005
5.857706
4.42195
6.422281
7.085562
6.208182000000001
6.571293000000001
5.503655
4.894256
6.088495
4.628896
6.099939
7.2717670000000005
6.428479999999959
6.8871970000000005
5.132675000000001
4.774571
6.673813000000001
5.088091
6.449461
6.822347000000001
5.6245330000000004
6.4463610000000005
5.266905
5.279303
6.587028
5.0396920000000005
6.4404010000000005
6.038189
5.456924
6.3667300000000004
5.029679000000001
4.622698000000001
6.329775000000001
4.5888420000000005
6.448269000000001
6.413698000000001
5.551099000000001
6.571293000000001
5.241632
4.829407
6.211519
4.568576
6.32739
6.9315430000000005
5.486727
6.302119
6.237507000000001
5.025386000000001
6.394148
5.020142
6.057739000000001
6.277561
5.872965
6.3617230000000005
5.453825000000001
5.299091000000001
6.555557
4.985333000000001
6.399631
6.280184
5.668402
6.601095000000001
6.014824
5.225658
6.675959000000001
5.053282
6.937742
5.917073
5.6986810000000006
6.517410000000001
5.602360000000001
5.102157
6.606579000000001
5.130529
6.7193510000000005
6.469250000000001
5.896091
6.344557000000001
5.223512
5.317211
6.607056
4.644871
6.429673
6.048202000000001
6.534815
6.813049
5.553723
5.072117
7.291793
5.606652
7.437706
7.316828
5.375147
6.534338000000001
5.151749000000001
4.811526
6.029129
4.650354000000001
6.779194
6.287813000000001
5.554438
6.457091000000001
5.577087000000001
4.647493
6.0896870000000005
4.5201780000000005
5.99575
7.306099000000001
6.325245
6.268978000000001
5.305052
5.005837
6.091118000000001
4.557132
5.887509
6.742477
5.5298810000000005
6.360531
5.191565000000001
4.742145000000001
5.945206000000001
4.606247
6.092787
6.473542
5.600214
6.93655
5.367041
5.061864
6.3393120000000005
4.695892
5.98526
6.057501000000001
5.13506
6.190777000000001
5.182028
4.701853000000001
6.090402
4.514695
7.141113
6.5579410000000005
5.699635000000001
6.547689000000001
5.268335
4.742146
7.291794
5.075217
6.366014000000001
6.449223000000001
5.3968430000000005
6.463528
5.111456
4.92096
6.325245
5.010128
6.363392000000001
6.2515730000000005
5.572319
6.258487
5.5093760000000005
4.517078
6.181717000000001
5.467415000000001
6.3402650000000005
5.984068000000001
5.500316000000001
7.682324
5.0117970000000005
6.195069
5.894899999999925
4.694223
6.305218000000001
6.036043
5.003691
6.147623
5.031824
4.693031
6.103754
4.73237
6.108761
6.166697
5.1457880000000005
5.941391
5.091429000000001
4.788399
6.0567850000000005
4.85897
5.959749
7.038594000000001
5.0373079999999995
6.656408000000001
5.291939000000001
4.739046
6.038666000000001
4.692792000000001
6.03652
6.108284
5.205631
6.501436
5.100727
4.785061
6.245374000000001
4.574299000000001
6.198406
5.767822000000001
5.037069
6.07419
4.996300000000001
4.5709610000000005
5.936146000000001
4.621983
6.143809
5.97477
5.322695
6.309748000000001
6.300449
4.992962
6.072282
4.7886370000000005
6.59441999999999
6.1116220000000006
5.607605
5.656958
5.022765000000001
5.852223
6.144286
4.574299000000001
5.94449
6.0005180000000005
5.104304000000001
6.22797
5.279779
4.852295000000001
6.175279000000001
4.470587000000001
6.3796040000000005
6.106615000000001
5.273104000000001
6.891727
5.210161
4.5988560000000005
6.391049000000001
4.740477
6.097316
6.101608000000001
5.245447
6.320239
6.302118000000001
5.301237
6.305217
4.738569000000001
5.959511000000001
7.363319
5.279064
7.337809000000001
5.235672
4.928827
6.010771000000001
4.668713
6.210804
6.582260000000001
5.370856
6.346464
5.492449
4.653215
6.093979
4.804373000000001
6.467580000000001
6.425381
5.5034160000000005
6.071329
5.393505000000001
5.076886
6.460905
4.8613550000000005
6.4687730000000006
6.754398
5.404473
6.046295
5.231619000000001
4.745722
6.723404
4.784584000000001
6.502152000000001
6.515979000000001
5.265713
6.566525
5.094051
4.749298
5.9881210000000005
4.5151710000000005
5.919218000000001
6.500721
5.496979
6.516219
