load checkpoint from http path: https://dl.cv.ethz.ch/bdd100k/sem_seg/models/deeplabv3+_r50-d8_769x769_40k_sem_seg_bdd100k.pth
'CLASSES' not found in meta, use dataset.CLASSES instead
'PALETTE' not found in meta, use dataset.PALETTE instead
timely function starting...
2 1 1 0.22395086288452148 0.002716541290283203 0.2266674041748047 1
96 95 1 0.18990588188171387 0.0020012855529785156 0.19190716743469238 2
102 96 6 0.1868295669555664 0.002069234848022461 0.18889880180358887 3
108 106 2 0.1904444694519043 0.0025589466094970703 0.19300341606140137 4
114 108 6 0.18453001976013184 0.0020537376403808594 0.1865837574005127 5
120 113 6 0.1871647834777832 0.025151729583740234 0.21231651306152344 6
125 119 6 0.19463777542114258 0.0019774436950683594 0.19661521911621094 7
131 125 6 0.1857774257659912 0.0149993896484375 0.2007768154144287 8
137 131 6 0.1851334571838379 0.002225160598754883 0.18735861778259277 9
142 136 6 0.1948394775390625 0.002203702926635742 0.19704318046569824 10
148 142 6 0.18344473838806152 0.002305746078491211 0.18575048446655273 11
153 147 6 0.18677735328674316 0.0023844242095947266 0.1891617774963379 12
159 158 1 0.19066476821899414 0.005211830139160156 0.1958765983581543 13
165 159 6 0.18698835372924805 0.0020520687103271484 0.1890404224395752 14
171 170 1 0.19435882568359375 0.008445024490356445 0.2028038501739502 15
177 171 6 0.1952040195465088 0.005742073059082031 0.20094609260559082 16
183 182 1 0.18627166748046875 0.003201007843017578 0.18947267532348633 17
188 183 5 0.19386053085327148 0.01139974594116211 0.2052602767944336 18
194 193 1 0.18518853187561035 0.002266407012939453 0.1874549388885498 19
200 194 6 0.18578171730041504 0.0021195411682128906 0.18790125846862793 20
206 205 1 0.18528056144714355 0.0023910999298095703 0.18767166137695312 21
212 206 6 0.18558025360107422 0.0022842884063720703 0.1878645420074463 22
218 216 2 0.18656373023986816 0.0022170543670654297 0.1887807846069336 23
223 217 6 0.19758033752441406 0.002243518829345703 0.19982385635375977 24
229 228 1 0.1946566104888916 0.013783693313598633 0.20844030380249023 25
236 230 6 0.19073104858398438 0.002599000930786133 0.1933300495147705 26
242 238 4 0.18490386009216309 0.002166271209716797 0.18707013130187988 27
248 242 6 0.18725252151489258 0.0022547245025634766 0.18950724601745605 28
253 247 6 0.18340253829956055 0.001996755599975586 0.18539929389953613 29
259 252 6 0.19314074516296387 0.0022575855255126953 0.19539833068847656 30
265 264 1 0.19086313247680664 0.009032726287841797 0.19989585876464844 31
271 265 6 0.19430041313171387 0.002237558364868164 0.19653797149658203 32
277 276 1 0.19168591499328613 0.0030405521392822266 0.19472646713256836 33
283 277 5 0.18601226806640625 0.0021703243255615234 0.18818259239196777 34
288 282 6 0.18865489959716797 0.002080678939819336 0.1907355785369873 35
294 288 6 0.1873335838317871 0.002038717269897461 0.18937230110168457 36
300 294 6 0.18630337715148926 0.0021500587463378906 0.18845343589782715 37
306 300 6 0.18546652793884277 0.002691507339477539 0.1881580352783203 38
312 306 6 0.19432830810546875 0.015487432479858398 0.20981574058532715 39
318 312 6 0.19998526573181152 0.010605335235595703 0.21059060096740723 40
324 318 6 0.20395326614379883 0.0023012161254882812 0.2062544822692871 41
330 324 6 0.19258642196655273 0.0019137859344482422 0.19450020790100098 42
337 335 2 0.1860356330871582 0.002088785171508789 0.188124418258667 43
343 336 6 0.18853759765625 0.003229856491088867 0.19176745414733887 44
348 347 1 0.18581080436706543 0.0023207664489746094 0.18813157081604004 45
354 348 6 0.19188475608825684 0.0022499561309814453 0.19413471221923828 46
360 358 2 0.18583440780639648 0.004118442535400391 0.18995285034179688 47
366 360 6 0.1933753490447998 0.007523059844970703 0.2008984088897705 48
372 366 6 0.19877409934997559 0.008507490158081055 0.20728158950805664 49
378 372 6 0.1858837604522705 0.002238035202026367 0.18812179565429688 50
384 378 6 0.18718504905700684 0.0022940635681152344 0.18947911262512207 51
389 383 6 0.18774890899658203 0.0021445751190185547 0.18989348411560059 52
395 389 6 0.18625378608703613 0.0022017955780029297 0.18845558166503906 53
401 395 6 0.18517470359802246 0.008689641952514648 0.1938643455505371 54
407 401 6 0.20133757591247559 0.012605428695678711 0.2139430046081543 55
413 407 6 0.19411230087280273 0.013754844665527344 0.20786714553833008 56
420 413 6 0.18751978874206543 0.0021698474884033203 0.18968963623046875 57
425 419 6 0.18582415580749512 0.0021491050720214844 0.1879732608795166 58
431 425 6 0.18562817573547363 0.0077800750732421875 0.19340825080871582 59
437 431 6 0.19813919067382812 0.026906251907348633 0.22504544258117676 60
442 436 6 0.19957256317138672 0.003972053527832031 0.20354461669921875 61
448 442 6 0.1887979507446289 0.0068950653076171875 0.1956930160522461 62
453 447 6 0.23046088218688965 0.005391359329223633 0.23585224151611328 63
460 453 6 0.2297677993774414 0.002913236618041992 0.2326810359954834 64
466 460 6 0.21477890014648438 0.008719921112060547 0.22349882125854492 65
471 465 6 0.21807074546813965 0.0071544647216796875 0.22522521018981934 66
476 470 6 0.23876690864562988 0.015416383743286133 0.254183292388916 67
482 476 6 0.21112561225891113 0.003063201904296875 0.214188814163208 68
488 482 6 0.19272851943969727 0.013569831848144531 0.2062983512878418 69
493 487 6 0.20422005653381348 0.012052297592163086 0.21627235412597656 70
498 492 6 0.20329904556274414 0.002199411392211914 0.20549845695495605 71
504 498 6 0.19321727752685547 0.0070040225982666016 0.20022130012512207 72
509 503 6 0.25001025199890137 0.0021054744720458984 0.25211572647094727 73
514 508 6 0.1858978271484375 0.0021986961364746094 0.1880965232849121 74
520 514 6 0.1873915195465088 0.00241851806640625 0.18981003761291504 75
526 520 6 0.19013285636901855 0.0024073123931884766 0.19254016876220703 76
532 526 6 0.19761323928833008 0.0022830963134765625 0.19989633560180664 77
539 538 1 0.19079017639160156 0.020371437072753906 0.21116161346435547 78
545 539 6 0.2284531593322754 0.008290529251098633 0.23674368858337402 79
552 551 1 0.18558001518249512 0.013291120529174805 0.19887113571166992 80
558 552 6 0.20441246032714844 0.02247142791748047 0.2268838882446289 81
565 563 2 0.1925184726715088 0.004405021667480469 0.19692349433898926 82
571 564 6 0.1899549961090088 0.0025091171264648438 0.19246411323547363 83
576 570 6 0.21561121940612793 0.014568090438842773 0.2301793098449707 84
581 575 6 0.20472192764282227 0.013474225997924805 0.21819615364074707 85
588 587 1 0.21009612083435059 0.006014347076416016 0.2161104679107666 86
593 588 5 0.24168896675109863 0.011702299118041992 0.2533912658691406 87
600 598 2 0.22088336944580078 0.00522160530090332 0.2261049747467041 88
606 600 6 0.22393131256103516 0.012375593185424805 0.23630690574645996 89
612 606 6 0.2453310489654541 0.0025894641876220703 0.24792051315307617 90
618 612 6 0.23516201972961426 0.0040760040283203125 0.23923802375793457 91
624 618 6 0.20131850242614746 0.0076105594635009766 0.20892906188964844 92
629 623 6 0.2012462615966797 0.0069122314453125 0.2081584930419922 93
634 628 6 0.18901515007019043 0.0019447803497314453 0.19095993041992188 94
638 633 5 0.19385933876037598 0.016191959381103516 0.2100512981414795 95
643 637 6 0.21787786483764648 0.00646662712097168 0.22434449195861816 96
649 642 6 0.20091605186462402 0.021872758865356445 0.22278881072998047 97
654 648 6 0.20369935035705566 0.011904716491699219 0.21560406684875488 98
659 653 6 0.22761988639831543 0.008844614028930664 0.2364645004272461 99
664 658 6 0.21830058097839355 0.007894277572631836 0.2261948585510254 100
670 664 6 0.20770931243896484 0.01688528060913086 0.2245945930480957 101
675 669 6 0.22762012481689453 0.014096260070800781 0.2417163848876953 102
680 674 6 0.22102069854736328 0.007033586502075195 0.22805428504943848 103
686 679 6 0.22728347778320312 0.012943744659423828 0.24022722244262695 104
690 684 6 0.21639680862426758 0.0030298233032226562 0.21942663192749023 105
697 690 6 0.22212648391723633 0.011334657669067383 0.2334611415863037 106
703 697 6 0.21770763397216797 0.008846282958984375 0.22655391693115234 107
708 702 6 0.2461555004119873 0.019373178482055664 0.26552867889404297 108
714 713 1 0.21099257469177246 0.0021347999572753906 0.21312737464904785 109
720 714 6 0.20963335037231445 0.0047457218170166016 0.21437907218933105 110
727 725 1 0.18613243103027344 0.001960277557373047 0.18809270858764648 111
732 726 6 0.1890418529510498 0.0019271373748779297 0.19096899032592773 112
738 737 1 0.1883556842803955 0.001949310302734375 0.19030499458312988 113
744 738 6 0.18735599517822266 0.0017800331115722656 0.18913602828979492 114
750 749 1 0.18895912170410156 0.0018765926361083984 0.19083571434020996 115
756 750 6 0.188385009765625 0.004762172698974609 0.1931471824645996 116
762 761 1 0.19216418266296387 0.0024428367614746094 0.19460701942443848 117
768 762 6 0.2042853832244873 0.0023818016052246094 0.20666718482971191 118
775 773 2 0.19548940658569336 0.011809349060058594 0.20729875564575195 119
781 775 6 0.18919920921325684 0.0021486282348632812 0.19134783744812012 120
787 781 6 0.18795204162597656 0.0021512508392333984 0.19010329246520996 121
793 787 6 0.18703699111938477 0.0021631717681884766 0.18920016288757324 122
799 793 6 0.18814802169799805 0.0021245479583740234 0.19027256965637207 123
804 798 6 0.18793225288391113 0.0022945404052734375 0.19022679328918457 124
810 804 6 0.19030356407165527 0.0029571056365966797 0.19326066970825195 125
816 810 6 0.19070744514465332 0.0020751953125 0.19278264045715332 126
823 822 1 0.19685101509094238 0.005803823471069336 0.20265483856201172 127
829 823 6 0.19217777252197266 0.005906820297241211 0.19808459281921387 128
835 828 6 0.20287466049194336 0.0078012943267822266 0.21067595481872559 129
841 835 6 0.19734573364257812 0.0027151107788085938 0.20006084442138672 130
848 841 6 0.19206666946411133 0.005303621292114258 0.19737029075622559 131
854 848 6 0.18866920471191406 0.0019469261169433594 0.19061613082885742 132
860 853 6 0.18916916847229004 0.0019059181213378906 0.19107508659362793 133
866 864 2 0.18912959098815918 0.0025510787963867188 0.1916806697845459 134
872 865 6 0.19088029861450195 0.0018131732940673828 0.19269347190856934 135
878 876 2 0.1963789463043213 0.002973318099975586 0.19935226440429688 136
884 878 6 0.19871187210083008 0.0019850730895996094 0.2006969451904297 137
890 884 6 0.19415068626403809 0.013587474822998047 0.20773816108703613 138
896 890 6 0.2013254165649414 0.00993490219116211 0.21126031875610352 139
903 901 2 0.19083809852600098 0.0021779537200927734 0.19301605224609375 140
909 903 6 0.18907499313354492 0.002004861831665039 0.19107985496520996 141
915 909 6 0.18876266479492188 0.0020096302032470703 0.19077229499816895 142
921 915 6 0.18880343437194824 0.001993894577026367 0.1907973289489746 143
926 920 6 0.1879286766052246 0.0020258426666259766 0.18995451927185059 144
932 926 6 0.18842148780822754 0.0021326541900634766 0.19055414199829102 145
938 932 6 0.19071054458618164 0.001850128173828125 0.19256067276000977 146
945 939 6 0.1988818645477295 0.0019958019256591797 0.20087766647338867 147
951 945 6 0.19426417350769043 0.010604143142700195 0.20486831665039062 148
957 951 6 0.18874406814575195 0.008259773254394531 0.19700384140014648 149
962 956 6 0.19652295112609863 0.005758762359619141 0.20228171348571777 150
969 968 1 0.19658780097961426 0.0022127628326416016 0.19880056381225586 151
975 969 6 0.18761467933654785 0.001977682113647461 0.1895923614501953 152
981 980 1 0.18854546546936035 0.0022258758544921875 0.19077134132385254 153
987 981 6 0.19060063362121582 0.002110004425048828 0.19271063804626465 154
993 992 1 0.18748736381530762 0.0026311874389648438 0.19011855125427246 155
999 993 6 0.18944311141967773 0.0021033287048339844 0.19154644012451172 156
1005 1003 2 0.1888887882232666 0.002269744873046875 0.19115853309631348 157
1010 1004 6 0.19183731079101562 0.002238750457763672 0.1940760612487793 158
1016 1015 1 0.18794703483581543 0.002003908157348633 0.18995094299316406 159
1021 1016 5 0.1938915252685547 0.0017483234405517578 0.19563984870910645 160
1027 1025 2 0.19004368782043457 0.001888275146484375 0.19193196296691895 161
1032 1026 6 0.20175933837890625 0.0018219947814941406 0.2035813331604004 162
1039 1037 2 0.19516277313232422 0.002797365188598633 0.19796013832092285 163
1044 1038 6 0.205003023147583 0.0019390583038330078 0.20694208145141602 164
1050 1043 6 0.2195146083831787 0.005079507827758789 0.2245941162109375 165
1055 1049 6 0.21479392051696777 0.00705718994140625 0.22185111045837402 166
1061 1055 6 0.19067835807800293 0.0018279552459716797 0.1925063133239746 167
1067 1061 6 0.1912825107574463 0.002257108688354492 0.19353961944580078 168
1073 1067 6 0.19122982025146484 0.001964569091796875 0.19319438934326172 169
1079 1073 6 0.19256830215454102 0.0016696453094482422 0.19423794746398926 170
1085 1079 6 0.19090914726257324 0.0016775131225585938 0.19258666038513184 171
1090 1084 6 0.18955159187316895 0.0018417835235595703 0.19139337539672852 172
1096 1095 1 0.19626426696777344 0.001943349838256836 0.19820761680603027 173
1102 1096 6 0.19383764266967773 0.0020258426666259766 0.1958634853363037 174
1108 1107 1 0.1968672275543213 0.0025937557220458984 0.1994609832763672 175
1114 1108 6 0.19712042808532715 0.0018205642700195312 0.19894099235534668 176
1120 1119 1 0.20283150672912598 0.001748800277709961 0.20458030700683594 177
1127 1121 6 0.19205284118652344 0.0017886161804199219 0.19384145736694336 178
1133 1127 6 0.18745803833007812 0.0020384788513183594 0.18949651718139648 179
1139 1133 6 0.18848180770874023 0.0014824867248535156 0.18996429443359375 180
1145 1139 6 0.18832945823669434 0.0018477439880371094 0.19017720222473145 181
1151 1144 6 0.19118952751159668 0.0018134117126464844 0.19300293922424316 182
1156 1150 6 0.19009804725646973 0.001905679702758789 0.19200372695922852 183
1162 1156 6 0.20205950736999512 0.0020215511322021484 0.20408105850219727 184
1169 1168 1 0.19960308074951172 0.007653951644897461 0.20725703239440918 185
1175 1169 6 0.20690321922302246 0.0027382373809814453 0.2096414566040039 186
1182 1180 2 0.1970198154449463 0.001554250717163086 0.19857406616210938 187
1188 1182 6 0.19057726860046387 0.0017054080963134766 0.19228267669677734 188
1194 1188 6 0.18982481956481934 0.002711057662963867 0.1925358772277832 189
1200 1194 6 0.19556140899658203 0.0027573108673095703 0.1983187198638916 190
1206 1200 6 0.19985342025756836 0.0021452903747558594 0.20199871063232422 191
1212 1206 6 0.1950836181640625 0.009272336959838867 0.20435595512390137 192
1218 1212 6 0.20384788513183594 0.004790067672729492 0.20863795280456543 193
1224 1218 6 0.1970822811126709 0.002300262451171875 0.19938254356384277 194
1230 1224 6 0.19149374961853027 0.0018608570098876953 0.19335460662841797 195
1236 1230 6 0.19866323471069336 0.0020074844360351562 0.20067071914672852 196
1242 1236 6 0.18994140625 0.0022437572479248047 0.1921851634979248 197
1247 1241 6 0.18872594833374023 0.0017077922821044922 0.19043374061584473 198
1253 1252 1 0.18867731094360352 0.00185394287109375 0.19053125381469727 199
1259 1253 6 0.18862128257751465 0.001955270767211914 0.19057655334472656 200
1265 1264 1 0.18907737731933594 0.0017268657684326172 0.19080424308776855 201
1271 1265 6 0.191817045211792 0.0017778873443603516 0.19359493255615234 202
1277 1276 1 0.19934988021850586 0.001718282699584961 0.20106816291809082 203
1283 1277 6 0.19195914268493652 0.0017919540405273438 0.19375109672546387 204
1289 1288 1 0.2001357078552246 0.002259969711303711 0.20239567756652832 205
1295 1289 6 0.2126762866973877 0.0131378173828125 0.2258141040802002 206
1302 1301 1 0.19143915176391602 0.0018780231475830078 0.19331717491149902 207
1308 1302 6 0.19368648529052734 0.0016415119171142578 0.1953279972076416 208
1314 1312 2 0.1878490447998047 0.001802682876586914 0.1896517276763916 209
1320 1313 6 0.19185757637023926 0.0018537044525146484 0.1937112808227539 210
1326 1325 1 0.19322657585144043 0.0018177032470703125 0.19504427909851074 211
1331 1326 5 0.19612455368041992 0.001973867416381836 0.19809842109680176 212
1337 1336 1 0.20487332344055176 0.0019443035125732422 0.206817626953125 213
1343 1337 6 0.19182085990905762 0.0018489360809326172 0.19366979598999023 214
1349 1347 2 0.19817233085632324 0.00899958610534668 0.20717191696166992 215
1355 1349 6 0.20503497123718262 0.005745887756347656 0.21078085899353027 216
1361 1355 6 0.19147777557373047 0.0062983036041259766 0.19777607917785645 217
1367 1361 6 0.18901824951171875 0.0017976760864257812 0.19081592559814453 218
1372 1366 6 0.19172048568725586 0.0018095970153808594 0.19353008270263672 219
1378 1371 6 0.192122220993042 0.0017113685607910156 0.193833589553833 220
1383 1377 6 0.19121217727661133 0.0018639564514160156 0.19307613372802734 221
1389 1383 6 0.18828034400939941 0.001967906951904297 0.1902482509613037 222
1395 1389 6 0.19144630432128906 0.0017290115356445312 0.1931753158569336 223
1400 1394 6 0.19225311279296875 0.006043672561645508 0.19829678535461426 224
1405 1399 6 0.1897735595703125 0.0017392635345458984 0.1915128231048584 225
1410 1404 6 0.19671893119812012 0.0015082359313964844 0.1982271671295166 226
1417 1415 2 0.19205951690673828 0.001600503921508789 0.19366002082824707 227
1423 1417 6 0.19881582260131836 0.0025229454040527344 0.2013387680053711 228
1429 1423 6 0.19558978080749512 0.008785486221313477 0.2043752670288086 229
1435 1429 6 0.20632219314575195 0.009497404098510742 0.2158195972442627 230
1441 1435 6 0.19311285018920898 0.004363059997558594 0.19747591018676758 231
1447 1441 6 0.1910545825958252 0.001825094223022461 0.19287967681884766 232
1453 1447 6 0.19014954566955566 0.00180816650390625 0.19195771217346191 233
1458 1452 6 0.199052095413208 0.0025033950805664062 0.20155549049377441 234
1465 1463 2 0.20110702514648438 0.012900114059448242 0.21400713920593262 235
1471 1464 6 0.1973879337310791 0.009924650192260742 0.20731258392333984 236
1476 1470 6 0.19109272956848145 0.0015044212341308594 0.1925971508026123 237
1482 1476 6 0.1907813549041748 0.0017993450164794922 0.1925806999206543 238
1488 1482 6 0.1995408535003662 0.0017282962799072266 0.20126914978027344 239
1494 1487 6 0.1994783878326416 0.0024442672729492188 0.20192265510559082 240
1500 1499 1 0.20339202880859375 0.009774446487426758 0.2131664752960205 241
1506 1500 6 0.1924123764038086 0.001821756362915039 0.19423413276672363 242
1512 1511 1 0.19056463241577148 0.0017278194427490234 0.1922924518585205 243
1517 1512 5 0.19528460502624512 0.0018467903137207031 0.19713139533996582 244
1523 1522 1 0.1925373077392578 0.0019137859344482422 0.19445109367370605 245
1528 1523 5 0.19988322257995605 0.0018014907836914062 0.20168471336364746 246
1534 1532 2 0.19028544425964355 0.0018727779388427734 0.19215822219848633 247
1539 1533 6 0.21477127075195312 0.010308504104614258 0.22507977485656738 248
1546 1545 1 0.21864914894104004 0.00975942611694336 0.2284085750579834 249
1552 1546 6 0.21515274047851562 0.0019838809967041016 0.21713662147521973 250
1559 1558 1 0.21681547164916992 0.002076387405395508 0.21889185905456543 251
1565 1559 6 0.1921682357788086 0.003305673599243164 0.19547390937805176 252
1570 1564 6 0.19388771057128906 0.0019066333770751953 0.19579434394836426 253
1576 1570 6 0.19203686714172363 0.002954721450805664 0.1949915885925293 254
1582 1575 6 0.18773770332336426 0.0024480819702148438 0.1901857852935791 255
1588 1581 6 0.19267940521240234 0.002184629440307617 0.19486403465270996 256
1594 1588 6 0.19491958618164062 0.0021424293518066406 0.19706201553344727 257
1599 1593 6 0.19640898704528809 0.001842498779296875 0.19825148582458496 258
1606 1604 2 0.19942378997802734 0.012907981872558594 0.21233177185058594 259
1612 1606 6 0.20897126197814941 0.0017731189727783203 0.21074438095092773 260
1619 1617 2 0.19176983833312988 0.0017824172973632812 0.19355225563049316 261
1624 1618 6 0.19216537475585938 0.0018496513366699219 0.1940150260925293 262
1630 1629 1 0.1912994384765625 0.001737356185913086 0.19303679466247559 263
1636 1630 6 0.19440960884094238 0.0018124580383300781 0.19622206687927246 264
1642 1641 1 0.19922590255737305 0.0020859241485595703 0.20131182670593262 265
1648 1642 6 0.19701480865478516 0.0020036697387695312 0.1990184783935547 266
1654 1653 1 0.19567584991455078 0.0028667449951171875 0.19854259490966797 267
1659 1654 5 0.19470429420471191 0.002317667007446289 0.1970219612121582 268
1665 1663 2 0.19028592109680176 0.0018208026885986328 0.1921067237854004 269
1670 1664 5 0.1947927474975586 0.0018358230590820312 0.19662857055664062 270
1676 1674 2 0.19278836250305176 0.010835409164428711 0.20362377166748047 271
1681 1675 6 0.1960291862487793 0.0017495155334472656 0.19777870178222656 272
1687 1686 1 0.19972753524780273 0.01397848129272461 0.21370601654052734 273
1693 1687 6 0.20314669609069824 0.0020821094512939453 0.2052288055419922 274
1699 1698 1 0.21142864227294922 0.002053976058959961 0.21348261833190918 275
1706 1700 6 0.19817876815795898 0.0016326904296875 0.19981145858764648 276
1712 1706 6 0.19325542449951172 0.0018935203552246094 0.19514894485473633 277
1717 1711 6 0.19264602661132812 0.002199888229370117 0.19484591484069824 278
1723 1716 6 0.19534945487976074 0.0016903877258300781 0.19703984260559082 279
1727 1721 6 0.19773030281066895 0.003309011459350586 0.20103931427001953 280
1732 1726 6 0.21429824829101562 0.001901865005493164 0.2162001132965088 281
1739 1733 6 0.22768044471740723 0.023821115493774414 0.25150156021118164 282
1746 1744 2 0.19431233406066895 0.01861429214477539 0.21292662620544434 283
1752 1746 6 0.19347667694091797 0.0024466514587402344 0.1959233283996582 284
1757 1751 6 0.20025157928466797 0.0020263195037841797 0.20227789878845215 285
1762 1756 6 0.1929013729095459 0.0022478103637695312 0.19514918327331543 286
1767 1761 6 0.2330174446105957 0.002721071243286133 0.23573851585388184 287
1773 1767 6 0.19591021537780762 0.002068042755126953 0.19797825813293457 288
1780 1774 6 0.19095301628112793 0.0021009445190429688 0.1930539608001709 289
1785 1779 6 0.19866204261779785 0.002063274383544922 0.20072531700134277 290
1790 1784 6 0.20186901092529297 0.0017535686492919922 0.20362257957458496 291
1795 1789 6 0.1914815902709961 0.0018918514251708984 0.193373441696167 292
1800 1794 6 0.1912081241607666 0.0030107498168945312 0.19421887397766113 293
1806 1800 6 0.1927049160003662 0.002178192138671875 0.19488310813903809 294
1812 1805 6 0.1929323673248291 0.0024650096893310547 0.19539737701416016 295
1817 1811 6 0.21514344215393066 0.0019648075103759766 0.21710824966430664 296
1822 1816 6 0.20433855056762695 0.006608724594116211 0.21094727516174316 297
1828 1822 6 0.2026691436767578 0.002064943313598633 0.20473408699035645 298
1834 1828 6 0.19353246688842773 0.002034902572631836 0.19556736946105957 299
1840 1834 6 0.1943657398223877 0.0018992424011230469 0.19626498222351074 300
1846 1840 6 0.19196629524230957 0.0022084712982177734 0.19417476654052734 301
1851 1845 6 0.19277381896972656 0.0023789405822753906 0.19515275955200195 302
1856 1850 6 0.19137811660766602 0.0020837783813476562 0.19346189498901367 303
1861 1855 6 0.19649124145507812 0.0025005340576171875 0.1989917755126953 304
1867 1861 6 0.19453001022338867 0.0019049644470214844 0.19643497467041016 305
1873 1867 6 0.19162511825561523 0.0024361610412597656 0.194061279296875 306
1878 1872 6 0.1917276382446289 0.0024938583374023438 0.19422149658203125 307
1883 1877 6 0.19118523597717285 0.0021810531616210938 0.19336628913879395 308
1889 1883 6 0.1914350986480713 0.003528594970703125 0.19496369361877441 309
1895 1889 6 0.19133877754211426 0.0020635128021240234 0.19340229034423828 310
1900 1894 6 0.20765066146850586 0.001834869384765625 0.20948553085327148 311
1906 1900 6 0.2050926685333252 0.008787393569946289 0.21388006210327148 312
1911 1905 6 0.21516919136047363 0.0045964717864990234 0.21976566314697266 313
1917 1916 1 0.22561430931091309 0.0023047924041748047 0.2279191017150879 314
1923 1917 6 0.19626116752624512 0.0020661354064941406 0.19832730293273926 315
1928 1922 6 0.19423890113830566 0.0021355152130126953 0.19637441635131836 316
1934 1928 6 0.19174742698669434 0.0019066333770751953 0.19365406036376953 317
1939 1933 6 0.19076824188232422 0.0021588802337646484 0.19292712211608887 318
1945 1939 6 0.1952075958251953 0.0019028186798095703 0.19711041450500488 319
1951 1944 6 0.19124245643615723 0.0019245147705078125 0.19316697120666504 320
1956 1950 6 0.2223680019378662 0.008440732955932617 0.23080873489379883 321
1963 1956 6 0.1951897144317627 0.015718460083007812 0.2109081745147705 322
1969 1967 2 0.19971156120300293 0.0017955303192138672 0.2015070915222168 323
1974 1968 6 0.19406747817993164 0.00417017936706543 0.19823765754699707 324
1980 1973 6 0.19711875915527344 0.007992744445800781 0.20511150360107422 325
1985 1979 6 0.19527053833007812 0.002286195755004883 0.197556734085083 326
1991 1985 6 0.19129705429077148 0.0026214122772216797 0.19391846656799316 327
1997 1991 6 0.19199562072753906 0.0020880699157714844 0.19408369064331055 328
2002 1996 6 0.19809937477111816 0.0019371509552001953 0.20003652572631836 329
2008 2002 6 0.21714496612548828 0.0025482177734375 0.21969318389892578 330
2013 2007 6 0.20819544792175293 0.0023670196533203125 0.21056246757507324 331
2019 2013 6 0.21770691871643066 0.0020024776458740234 0.2197093963623047 332
2025 2019 6 0.19686388969421387 0.0030760765075683594 0.19993996620178223 333
2031 2025 6 0.20240283012390137 0.002585172653198242 0.2049880027770996 334
2037 2031 6 0.22553539276123047 0.0019731521606445312 0.227508544921875 335
2042 2036 6 0.20024967193603516 0.002008199691772461 0.20225787162780762 336
2048 2042 6 0.2024061679840088 0.0020177364349365234 0.2044239044189453 337
2053 2047 6 0.1925644874572754 0.0018339157104492188 0.1943984031677246 338
2058 2052 6 0.19520068168640137 0.0017571449279785156 0.19695782661437988 339
2063 2057 6 0.19121170043945312 0.0022153854370117188 0.19342708587646484 340
2069 2063 6 0.19503545761108398 0.0031862258911132812 0.19822168350219727 341
2074 2068 6 0.19426536560058594 0.001971006393432617 0.19623637199401855 342
2080 2079 1 0.19298601150512695 0.006075382232666016 0.19906139373779297 343
2086 2080 5 0.1977231502532959 0.008442401885986328 0.20616555213928223 344
2091 2085 6 0.21871399879455566 0.007296323776245117 0.22601032257080078 345
2097 2091 6 0.2128455638885498 0.0018334388732910156 0.21467900276184082 346
2103 2097 6 0.21055889129638672 0.002439737319946289 0.212998628616333 347
2109 2103 6 0.20892047882080078 0.013088703155517578 0.22200918197631836 348
2114 2108 6 0.22715091705322266 0.020160675048828125 0.24731159210205078 349
2121 2114 6 0.2240734100341797 0.0029120445251464844 0.22698545455932617 350
2127 2121 6 0.2277071475982666 0.01328277587890625 0.24098992347717285 351
2133 2127 6 0.19336509704589844 0.011410236358642578 0.20477533340454102 352
2138 2132 6 0.19193744659423828 0.013066768646240234 0.20500421524047852 353
2144 2138 6 0.2050611972808838 0.008443593978881836 0.21350479125976562 354
2148 2143 5 0.2091536521911621 0.007860183715820312 0.21701383590698242 355
2154 2148 6 0.20383310317993164 0.008984804153442383 0.21281790733337402 356
2159 2153 6 0.19703459739685059 0.0018923282623291016 0.1989269256591797 357
2165 2158 6 0.1903526782989502 0.0022716522216796875 0.19262433052062988 358
2170 2164 6 0.1913468837738037 0.0019724369049072266 0.19331932067871094 359
2175 2169 6 0.19583892822265625 0.013765096664428711 0.20960402488708496 360
2181 2175 6 0.21479034423828125 0.005229473114013672 0.22001981735229492 361
2187 2181 6 0.2206408977508545 0.0019450187683105469 0.22258591651916504 362
2194 2188 6 0.19699311256408691 0.013262748718261719 0.21025586128234863 363
2200 2194 6 0.19463133811950684 0.0031747817993164062 0.19780611991882324 364
2206 2200 6 0.1932849884033203 0.06856751441955566 0.261852502822876 365
2212 2206 6 0.20456266403198242 0.014930486679077148 0.21949315071105957 366
2217 2211 6 0.21931195259094238 0.010939359664916992 0.23025131225585938 367
2223 2217 6 0.21624302864074707 0.01600050926208496 0.23224353790283203 368
2230 2224 6 0.19821858406066895 0.0022711753845214844 0.20048975944519043 369
2235 2229 6 0.19085431098937988 0.0017862319946289062 0.1926405429840088 370
2240 2234 6 0.19361519813537598 0.0020904541015625 0.19570565223693848 371
2246 2240 6 0.1942274570465088 0.0026085376739501953 0.19683599472045898 372
2252 2246 6 0.20034146308898926 0.0017647743225097656 0.20210623741149902 373
2259 2257 2 0.2014312744140625 0.008154630661010742 0.20958590507507324 374
2265 2259 6 0.2035820484161377 0.001558065414428711 0.2051401138305664 375
2271 2265 6 0.19077563285827637 0.0061914920806884766 0.19696712493896484 376
2276 2270 6 0.21686315536499023 0.002038717269897461 0.2189018726348877 377
2282 2281 1 0.1921703815460205 0.009722709655761719 0.20189309120178223 378
2288 2282 6 0.20214247703552246 0.007532358169555664 0.20967483520507812 379
2294 2292 2 0.19601988792419434 0.008266448974609375 0.2042863368988037 380
2300 2294 6 0.2062993049621582 0.009199857711791992 0.2154991626739502 381
2305 2299 6 0.20672941207885742 0.012945413589477539 0.21967482566833496 382
2309 2304 5 0.19530940055847168 0.002698183059692383 0.19800758361816406 383
2315 2309 6 0.1988661289215088 0.0017766952514648438 0.20064282417297363 384
2321 2315 6 0.2018580436706543 0.00815439224243164 0.21001243591308594 385
2328 2326 2 0.1911633014678955 0.0019106864929199219 0.19307398796081543 386
2333 2327 6 0.19414520263671875 0.001898050308227539 0.1960432529449463 387
2339 2332 6 0.1933908462524414 0.0018477439880371094 0.19523859024047852 388
2344 2338 6 0.20366191864013672 0.0017826557159423828 0.2054445743560791 389
2351 2349 2 0.19854354858398438 0.0034160614013671875 0.20195960998535156 390
2357 2351 6 0.20411467552185059 0.002214193344116211 0.2063288688659668 391
2363 2357 6 0.21062922477722168 0.001871347427368164 0.21250057220458984 392
2369 2362 6 0.20605206489562988 0.007127523422241211 0.2131795883178711 393
2375 2373 2 0.19267606735229492 0.0018439292907714844 0.1945199966430664 394
2381 2374 6 0.19878196716308594 0.001817464828491211 0.20059943199157715 395
2387 2385 2 0.19254589080810547 0.0016984939575195312 0.194244384765625 396
2392 2386 6 0.19527220726013184 0.0020606517791748047 0.19733285903930664 397
2398 2395 3 0.20464444160461426 0.001905202865600586 0.20654964447021484 398
2403 2397 6 0.19645404815673828 0.0016837120056152344 0.19813776016235352 399
2409 2408 1 0.19185113906860352 0.00299835205078125 0.19484949111938477 400
2415 2409 6 0.19887471199035645 0.0023369789123535156 0.20121169090270996 401
2421 2420 1 0.1929023265838623 0.0016574859619140625 0.19455981254577637 402
2426 2421 5 0.1947638988494873 0.0015721321105957031 0.196336030960083 403
2433 2431 2 0.19290828704833984 0.0015239715576171875 0.19443225860595703 404
2439 2433 6 0.19269871711730957 0.0024061203002929688 0.19510483741760254 405
2445 2439 6 0.19248747825622559 0.001611948013305664 0.19409942626953125 406
2451 2445 6 0.19737529754638672 0.001832723617553711 0.19920802116394043 407
2457 2451 6 0.19286131858825684 0.0017025470733642578 0.1945638656616211 408
2462 2456 6 0.19684886932373047 0.003947257995605469 0.20079612731933594 409
2468 2467 1 0.21220922470092773 0.002218484878540039 0.21442770957946777 410
2474 2468 6 0.19425249099731445 0.0026743412017822266 0.19692683219909668 411
2481 2479 2 0.19840145111083984 0.0016674995422363281 0.20006895065307617 412
2487 2481 6 0.2018756866455078 0.0017578601837158203 0.20363354682922363 413
2493 2487 6 0.1958465576171875 0.010814189910888672 0.20666074752807617 414
2499 2493 6 0.1986980438232422 0.009491682052612305 0.2081897258758545 415
2506 2504 2 0.19460582733154297 0.0067310333251953125 0.20133686065673828 416
2513 2506 6 0.19331645965576172 0.0017948150634765625 0.19511127471923828 417
2519 2518 1 0.1923971176147461 0.0018372535705566406 0.19423437118530273 418
2525 2519 6 0.19451403617858887 0.001775979995727539 0.1962900161743164 419
2531 2530 1 0.19299006462097168 0.0016782283782958984 0.19466829299926758 420
2538 2532 6 0.19601750373840332 0.002544403076171875 0.1985619068145752 421
2544 2538 6 0.19920921325683594 0.002630472183227539 0.20183968544006348 422
2550 2544 6 0.19489574432373047 0.003274679183959961 0.19817042350769043 423
2555 2549 6 0.19521594047546387 0.0051517486572265625 0.20036768913269043 424
2561 2555 6 0.19232892990112305 0.0018115043640136719 0.19414043426513672 425
2567 2561 6 0.1939852237701416 0.001775503158569336 0.19576072692871094 426
2574 2568 6 0.1961050033569336 0.0014891624450683594 0.19759416580200195 427
2580 2574 6 0.19153213500976562 0.0016052722930908203 0.19313740730285645 428
2586 2580 6 0.19166779518127441 0.0019636154174804688 0.19363141059875488 429
2592 2586 6 0.19534564018249512 0.001638174057006836 0.19698381423950195 430
2598 2592 6 0.2157728672027588 0.0013873577117919922 0.21716022491455078 431
2605 2599 6 0.2070932388305664 0.013708114624023438 0.22080135345458984 432
2612 2611 1 0.198195219039917 0.01007533073425293 0.20827054977416992 433
2618 2612 6 0.19468998908996582 0.002877950668334961 0.19756793975830078 434
2624 2622 2 0.19678163528442383 0.0017323493957519531 0.19851398468017578 435
2630 2624 6 0.19757986068725586 0.001730203628540039 0.1993100643157959 436
2637 2636 1 0.19123125076293945 0.0015442371368408203 0.19277548789978027 437
2643 2637 6 0.19794940948486328 0.0015413761138916016 0.19949078559875488 438
2649 2648 1 0.1934056282043457 0.001688241958618164 0.19509387016296387 439
2655 2649 6 0.19639325141906738 0.001733541488647461 0.19812679290771484 440
2661 2654 6 0.19578170776367188 0.0015349388122558594 0.19731664657592773 441
2667 2661 6 0.1930851936340332 0.0013661384582519531 0.19445133209228516 442
2673 2667 6 0.19747400283813477 0.0014553070068359375 0.1989293098449707 443
2680 2674 6 0.19236373901367188 0.0014801025390625 0.19384384155273438 444
2685 2679 6 0.19817280769348145 0.009537696838378906 0.20771050453186035 445
2691 2690 1 0.21748042106628418 0.0015292167663574219 0.2190096378326416 446
2697 2691 6 0.19532108306884766 0.001665353775024414 0.19698643684387207 447
2703 2701 2 0.1954348087310791 0.0016202926635742188 0.19705510139465332 448
2709 2703 6 0.19402670860290527 0.0014145374298095703 0.19544124603271484 449
2715 2709 6 0.19580864906311035 0.0018253326416015625 0.19763398170471191 450
2720 2714 6 0.20162224769592285 0.001558542251586914 0.20318078994750977 451
2725 2719 6 0.19765782356262207 0.0029065608978271484 0.20056438446044922 452
2731 2725 6 0.19433951377868652 0.0022535324096679688 0.1965930461883545 453
2737 2731 6 0.19498777389526367 0.0036613941192626953 0.19864916801452637 454
2742 2736 6 0.1931624412536621 0.008437871932983398 0.2016003131866455 455
2748 2742 6 0.19257354736328125 0.0019407272338867188 0.19451427459716797 456
2754 2748 6 0.19341731071472168 0.003480195999145508 0.1968975067138672 457
2759 2753 6 0.19762301445007324 0.008182525634765625 0.20580554008483887 458
2765 2759 6 0.19977116584777832 0.0019378662109375 0.20170903205871582 459
2771 2765 6 0.194840669631958 0.008935213088989258 0.20377588272094727 460
2777 2771 6 0.23432350158691406 0.0019421577453613281 0.2362656593322754 461
2783 2777 6 0.19466090202331543 0.0018503665924072266 0.19651126861572266 462
2790 2783 6 0.19367146492004395 0.004935503005981445 0.1986069679260254 463
2796 2790 6 0.20018553733825684 0.006535053253173828 0.20672059059143066 464
2802 2796 6 0.22586393356323242 0.0019655227661132812 0.2278294563293457 465
2808 2802 6 0.1923847198486328 0.010415315628051758 0.20280003547668457 466
2814 2808 6 0.2181708812713623 0.002816915512084961 0.22098779678344727 467
2819 2813 6 0.22774624824523926 0.002518177032470703 0.23026442527770996 468
2825 2818 6 0.2303476333618164 0.009261131286621094 0.2396087646484375 469
2830 2824 6 0.21256422996520996 0.0014879703521728516 0.2140522003173828 470
2837 2831 6 0.19192886352539062 0.002171754837036133 0.19410061836242676 471
2843 2837 6 0.2040266990661621 0.002174854278564453 0.20620155334472656 472
2849 2843 6 0.194899320602417 0.0015978813171386719 0.19649720191955566 473
2855 2849 6 0.1966395378112793 0.0018765926361083984 0.1985161304473877 474
2861 2855 6 0.19524765014648438 0.0024404525756835938 0.19768810272216797 475
2868 2862 6 0.19465303421020508 0.001657247543334961 0.19631028175354004 476
2874 2868 6 0.19392156600952148 0.0025701522827148438 0.19649171829223633 477
2880 2874 6 0.1986532211303711 0.0016522407531738281 0.20030546188354492 478
2887 2881 6 0.1962418556213379 0.0017969608306884766 0.19803881645202637 479
2893 2887 6 0.19991278648376465 0.0033125877380371094 0.20322537422180176 480
2900 2894 6 0.2028803825378418 0.009874105453491211 0.212754487991333 481
2906 2900 6 0.1931300163269043 0.003869295120239258 0.19699931144714355 482
2912 2906 6 0.2308492660522461 0.02626490592956543 0.2571141719818115 483
2918 2912 6 0.20615220069885254 0.013771772384643555 0.2199239730834961 484
2925 2924 1 0.22800326347351074 0.011615991592407227 0.23961925506591797 485
2931 2925 6 0.2145700454711914 0.0035233497619628906 0.2180933952331543 486
2938 2936 1 0.22942876815795898 0.003924369812011719 0.2333531379699707 487
2942 2937 5 0.26923632621765137 0.004750490188598633 0.27398681640625 488
2949 2947 2 0.23688936233520508 0.010749340057373047 0.24763870239257812 489
2956 2950 6 0.19637584686279297 0.02342391014099121 0.21979975700378418 490
2962 2956 6 0.2212216854095459 0.01300048828125 0.2342221736907959 491
2967 2961 6 0.2410593032836914 0.002657175064086914 0.24371647834777832 492
2973 2967 6 0.22049975395202637 0.016005992889404297 0.23650574684143066 493
2979 2973 6 0.22084760665893555 0.03862261772155762 0.25947022438049316 494
2986 2985 1 0.21663284301757812 0.009376764297485352 0.22600960731506348 495
2992 2986 5 0.2339646816253662 0.0031707286834716797 0.2371354103088379 496
2998 2996 2 0.21936416625976562 0.0018219947814941406 0.22118616104125977 497
3003 2997 6 0.22637605667114258 0.013728857040405273 0.24010491371154785 498
3009 3008 1 0.20299649238586426 0.012064695358276367 0.21506118774414062 499
3014 3009 5 0.2294788360595703 0.011897563934326172 0.24137639999389648 500
3020 3019 1 0.20530390739440918 0.0036039352416992188 0.2089078426361084 501
3026 3020 6 0.19747543334960938 0.0018088817596435547 0.19928431510925293 502
3032 3031 1 0.2105271816253662 0.006811857223510742 0.21733903884887695 503
3037 3032 5 0.21700477600097656 0.012935161590576172 0.22993993759155273 504
3043 3042 1 0.2357478141784668 0.003236532211303711 0.2389843463897705 505
3049 3043 6 0.20668673515319824 0.0059413909912109375 0.21262812614440918 506
3053 3048 5 0.22194576263427734 0.009824514389038086 0.23177027702331543 507
3058 3052 6 0.2485365867614746 0.016526460647583008 0.2650630474090576 508
3065 3063 2 0.2186880111694336 0.005055665969848633 0.22374367713928223 509
3070 3064 6 0.20324182510375977 0.002407073974609375 0.20564889907836914 510
3075 3069 6 0.2153463363647461 0.013257741928100586 0.22860407829284668 511
3080 3074 6 0.19864130020141602 0.013007164001464844 0.21164846420288086 512
3085 3079 6 0.21490764617919922 0.0016176700592041016 0.21652531623840332 513
3091 3085 6 0.20851731300354004 0.012775182723999023 0.22129249572753906 514
3097 3091 6 0.23953890800476074 0.006068229675292969 0.2456071376800537 515
3103 3097 6 0.19648957252502441 0.0020160675048828125 0.19850564002990723 516
3109 3103 6 0.21896958351135254 0.006784200668334961 0.2257537841796875 517
3116 3115 1 0.20104742050170898 0.0017361640930175781 0.20278358459472656 518
3122 3116 6 0.1980595588684082 0.005116462707519531 0.20317602157592773 519
3127 3121 6 0.2065582275390625 0.007288455963134766 0.21384668350219727 520
3132 3126 6 0.20233440399169922 0.01433706283569336 0.21667146682739258 521
3137 3131 6 0.2133951187133789 0.008927583694458008 0.22232270240783691 522
3142 3136 6 0.20816469192504883 0.0026106834411621094 0.21077537536621094 523
3148 3142 6 0.19268059730529785 0.002167224884033203 0.19484782218933105 524
3154 3148 6 0.20664143562316895 0.008815765380859375 0.21545720100402832 525
3161 3155 6 0.20841026306152344 0.008741617202758789 0.21715188026428223 526
3166 3160 6 0.24682235717773438 0.008832454681396484 0.25565481185913086 527
3172 3165 6 0.23659658432006836 0.03583979606628418 0.27243638038635254 528
3179 3173 6 0.22678232192993164 0.0072553157806396484 0.2340376377105713 529
3185 3179 6 0.22447824478149414 0.0021810531616210938 0.22665929794311523 530
3191 3185 6 0.19383549690246582 0.009483098983764648 0.20331859588623047 531
3197 3191 6 0.19797015190124512 0.0025968551635742188 0.20056700706481934 532
3204 3197 6 0.19634485244750977 0.002377748489379883 0.19872260093688965 533
3210 3204 6 0.20130586624145508 0.003426074981689453 0.20473194122314453 534
3217 3211 6 0.19463610649108887 0.0016794204711914062 0.19631552696228027 535
3224 3218 6 0.19188547134399414 0.001981019973754883 0.19386649131774902 536
3230 3224 6 0.19353437423706055 0.0018084049224853516 0.1953427791595459 537
3236 3230 6 0.19947504997253418 0.0019788742065429688 0.20145392417907715 538
3242 3236 6 0.1941671371459961 0.0020945072174072266 0.19626164436340332 539
3248 3242 6 0.19304108619689941 0.0019025802612304688 0.19494366645812988 540
3254 3248 6 0.19321751594543457 0.0023412704467773438 0.19555878639221191 541
3260 3254 6 0.19460511207580566 0.0037565231323242188 0.19836163520812988 542
3265 3259 6 0.19834113121032715 0.002064228057861328 0.20040535926818848 543
3271 3265 6 0.19479680061340332 0.0018172264099121094 0.19661402702331543 544
3276 3270 6 0.1944136619567871 0.0019559860229492188 0.19636964797973633 545
3283 3282 1 0.19525885581970215 0.013723134994506836 0.20898199081420898 546
3289 3283 6 0.23415398597717285 0.0020570755004882812 0.23621106147766113 547
3295 3294 1 0.1929776668548584 0.001967906951904297 0.1949455738067627 548
3300 3295 5 0.1958293914794922 0.0020046234130859375 0.19783401489257812 549
3306 3305 1 0.21486210823059082 0.014433860778808594 0.22929596900939941 550
3312 3306 6 0.2241978645324707 0.009863138198852539 0.23406100273132324 551
3319 3317 2 0.24255013465881348 0.020160675048828125 0.2627108097076416 552
3325 3319 6 0.2560439109802246 0.011265277862548828 0.26730918884277344 553
3331 3325 6 0.2248673439025879 0.00568842887878418 0.23055577278137207 554
3338 3332 6 0.19378280639648438 0.00834798812866211 0.20213079452514648 555
3343 3337 6 0.2147352695465088 0.010393857955932617 0.2251291275024414 556
3349 3343 6 0.19656825065612793 0.01726531982421875 0.21383357048034668 557
3354 3348 6 0.222639799118042 0.007326602935791016 0.229966402053833 558
3359 3353 6 0.2117307186126709 0.03582930564880371 0.2475600242614746 559
3365 3359 6 0.2087550163269043 0.004047393798828125 0.21280241012573242 560
3370 3364 6 0.2051990032196045 0.005724668502807617 0.2109236717224121 561
3375 3369 6 0.20435857772827148 0.002077817916870117 0.2064363956451416 562
3381 3375 6 0.19362616539001465 0.009745121002197266 0.20337128639221191 563
3387 3381 6 0.20784759521484375 0.006118059158325195 0.21396565437316895 564
3392 3386 6 0.19746780395507812 0.00225830078125 0.19972610473632812 565
3398 3391 6 0.19629573822021484 0.01353311538696289 0.20982885360717773 566
3402 3396 6 0.19739389419555664 0.012804508209228516 0.21019840240478516 567
3407 3401 6 0.24447250366210938 0.001959085464477539 0.24643158912658691 568
3415 3413 2 0.1942763328552246 0.0017976760864257812 0.1960740089416504 569
3420 3414 6 0.20603418350219727 0.0017998218536376953 0.20783400535583496 570
3426 3424 2 0.2110583782196045 0.008188247680664062 0.21924662590026855 571
3432 3426 6 0.2124791145324707 0.012637853622436523 0.22511696815490723 572
3440 3438 2 0.2244558334350586 0.014066934585571289 0.23852276802062988 573
3447 3441 6 0.21133065223693848 0.0018184185028076172 0.2131490707397461 574
3452 3446 6 0.19588494300842285 0.0018091201782226562 0.1976940631866455 575
3458 3452 6 0.19528746604919434 0.0019690990447998047 0.19725656509399414 576
3464 3458 6 0.20805883407592773 0.0017876625061035156 0.20984649658203125 577
3470 3464 6 0.20210766792297363 0.001794576644897461 0.2039022445678711 578
3475 3469 6 0.2006063461303711 0.0017917156219482422 0.20239806175231934 579
3482 3480 1 0.1963956356048584 0.001737356185913086 0.19813299179077148 580
3487 3481 6 0.20338821411132812 0.0016388893127441406 0.20502710342407227 581
3494 3492 2 0.20697641372680664 0.0017366409301757812 0.20871305465698242 582
3501 3495 6 0.20628595352172852 0.01234126091003418 0.2186272144317627 583
3507 3501 6 0.2162632942199707 0.019848108291625977 0.23611140251159668 584
3514 3507 6 0.19574880599975586 0.00491642951965332 0.20066523551940918 585
3518 3512 6 0.19420099258422852 0.002244234085083008 0.19644522666931152 586
3525 3518 6 0.19552373886108398 0.002073526382446289 0.19759726524353027 587
3531 3525 6 0.19389772415161133 0.0015778541564941406 0.19547557830810547 588
3537 3531 6 0.19533896446228027 0.001996755599975586 0.19733572006225586 589
3544 3537 6 0.19609856605529785 0.0020704269409179688 0.19816899299621582 590
3549 3543 6 0.21817374229431152 0.0017828941345214844 0.219956636428833 591
3556 3555 1 0.20992016792297363 0.003556489944458008 0.21347665786743164 592
3563 3557 6 0.19818949699401855 0.0018694400787353516 0.2000589370727539 593
3570 3569 1 0.19543075561523438 0.0021665096282958984 0.19759726524353027 594
3576 3570 6 0.19695377349853516 0.0027916431427001953 0.19974541664123535 595
3581 3575 6 0.19603514671325684 0.0020532608032226562 0.1980884075164795 596
3587 3581 6 0.19557952880859375 0.0018646717071533203 0.19744420051574707 597
3594 3592 2 0.19608712196350098 0.002437114715576172 0.19852423667907715 598
3600 3594 6 0.1961679458618164 0.012445449829101562 0.20861339569091797 599
3607 3606 1 0.19455218315124512 0.001995086669921875 0.196547269821167 600
3613 3607 6 0.1976938247680664 0.0019314289093017578 0.19962525367736816 601
3619 3617 2 0.19423222541809082 0.001955747604370117 0.19618797302246094 602
3625 3619 6 0.19985628128051758 0.002213001251220703 0.20206928253173828 603
3632 3625 6 0.2041153907775879 0.002183198928833008 0.2062985897064209 604
3638 3632 6 0.19814443588256836 0.002083301544189453 0.2002277374267578 605
3644 3638 6 0.20689034461975098 0.008484125137329102 0.21537446975708008 606
3650 3644 6 0.19608736038208008 0.0020253658294677734 0.19811272621154785 607
3656 3650 6 0.19620800018310547 0.0019664764404296875 0.19817447662353516 608
3663 3656 6 0.19663119316101074 0.013008594512939453 0.2096397876739502 609
3669 3663 6 0.21210908889770508 0.0018281936645507812 0.21393728256225586 610
3676 3669 6 0.19362354278564453 0.0031981468200683594 0.1968216896057129 611
3681 3675 6 0.21885967254638672 0.010090351104736328 0.22895002365112305 612
3688 3682 6 0.2139744758605957 0.0023975372314453125 0.21637201309204102 613
3695 3689 6 0.19549107551574707 0.0021088123321533203 0.1975998878479004 614
3701 3695 6 0.19591188430786133 0.0020296573638916016 0.19794154167175293 615
3707 3701 6 0.19458532333374023 0.002917766571044922 0.19750308990478516 616
3713 3707 6 0.19585108757019043 0.0019996166229248047 0.19785070419311523 617
3719 3713 6 0.19663357734680176 0.0020232200622558594 0.19865679740905762 618
3725 3719 6 0.19412755966186523 0.004960536956787109 0.19908809661865234 619
3731 3725 6 0.19770264625549316 0.0025148391723632812 0.20021748542785645 620
3737 3731 6 0.1975235939025879 0.0020084381103515625 0.19953203201293945 621
3743 3737 6 0.20414996147155762 0.012810468673706055 0.21696043014526367 622
3750 3744 6 0.19965147972106934 0.010880708694458008 0.21053218841552734 623
3757 3750 6 0.20114827156066895 0.0018079280853271484 0.2029561996459961 624
3762 3756 6 0.19787931442260742 0.0021514892578125 0.20003080368041992 625
3769 3763 6 0.20565080642700195 0.0021572113037109375 0.2078080177307129 626
3775 3769 6 0.20028162002563477 0.012610435485839844 0.2128920555114746 627
3781 3775 6 0.20008587837219238 0.0018763542175292969 0.20196223258972168 628
3787 3781 6 0.19384241104125977 0.0019049644470214844 0.19574737548828125 629
3793 3787 6 0.19424915313720703 0.0019230842590332031 0.19617223739624023 630
3798 3792 6 0.19802641868591309 0.001956462860107422 0.1999828815460205 631
3804 3798 6 0.19738411903381348 0.0018563270568847656 0.19924044609069824 632
3810 3804 6 0.1964092254638672 0.0018410682678222656 0.19825029373168945 633
3816 3809 6 0.19815921783447266 0.0019659996032714844 0.20012521743774414 634
3821 3815 6 0.20943570137023926 0.013094902038574219 0.22253060340881348 635
3828 3822 6 0.21827912330627441 0.007308006286621094 0.2255871295928955 636
3834 3828 6 0.2093362808227539 0.002094745635986328 0.21143102645874023 637
3841 3839 2 0.1962108612060547 0.004121303558349609 0.2003321647644043 638
3847 3841 6 0.20181727409362793 0.005375862121582031 0.20719313621520996 639
3854 3847 6 0.19960784912109375 0.002657651901245117 0.20226550102233887 640
3860 3854 6 0.19523310661315918 0.0020966529846191406 0.19732975959777832 641
3866 3860 6 0.19320988655090332 0.0022885799407958984 0.19549846649169922 642
3872 3866 6 0.1952683925628662 0.0018963813781738281 0.19716477394104004 643
3878 3872 6 0.19768214225769043 0.001990079879760742 0.19967222213745117 644
3884 3878 6 0.2112274169921875 0.0021746158599853516 0.21340203285217285 645
3891 3885 6 0.19760537147521973 0.011090517044067383 0.2086958885192871 646
3898 3892 6 0.20508956909179688 0.0020673274993896484 0.20715689659118652 647
3904 3898 6 0.1961205005645752 0.009451627731323242 0.20557212829589844 648
3909 3903 6 0.21237635612487793 0.00212860107421875 0.21450495719909668 649
3916 3914 2 0.1947786808013916 0.0018901824951171875 0.1966688632965088 650
3922 3916 6 0.19634556770324707 0.0018954277038574219 0.1982409954071045 651
3929 3922 6 0.19806551933288574 0.0019350051879882812 0.20000052452087402 652
3935 3928 6 0.19814682006835938 0.002621173858642578 0.20076799392700195 653
3941 3939 2 0.20412755012512207 0.0018773078918457031 0.20600485801696777 654
3947 3941 6 0.20401930809020996 0.0027670860290527344 0.2067863941192627 655
3954 3952 2 0.20703697204589844 0.002066373825073242 0.20910334587097168 656
3960 3954 6 0.20722103118896484 0.002059459686279297 0.20928049087524414 657
3967 3965 2 0.19903326034545898 0.0024602413177490234 0.201493501663208 658
3973 3967 6 0.20003461837768555 0.01306915283203125 0.2131037712097168 659
3979 3973 6 0.23287343978881836 0.0020940303802490234 0.23496747016906738 660
3986 3979 6 0.1987144947052002 0.0025992393493652344 0.20131373405456543 661
3992 3990 2 0.22372102737426758 0.005409955978393555 0.22913098335266113 662
3997 3991 6 0.20155954360961914 0.008055925369262695 0.20961546897888184 663
4002 3996 6 0.20790576934814453 0.0022547245025634766 0.210160493850708 664
4008 4002 6 0.19742107391357422 0.0066034793853759766 0.2040245532989502 665
4013 4007 6 0.202101469039917 0.0019783973693847656 0.20407986640930176 666
4019 4013 6 0.19814229011535645 0.0019707679748535156 0.20011305809020996 667
4026 4020 6 0.1962440013885498 0.013154745101928711 0.20939874649047852 668
4031 4025 6 0.20875906944274902 0.003370046615600586 0.2121291160583496 669
4036 4030 6 0.20078015327453613 0.005692481994628906 0.20647263526916504 670
4041 4035 6 0.224212646484375 0.0022373199462890625 0.22644996643066406 671
4047 4046 1 0.20194602012634277 0.0035178661346435547 0.20546388626098633 672
4053 4047 6 0.2008056640625 0.002358675003051758 0.20316433906555176 673
4060 4058 1 0.2015535831451416 0.008715152740478516 0.21026873588562012 674
4065 4059 6 0.21619939804077148 0.00579833984375 0.22199773788452148 675
4071 4070 1 0.23362207412719727 0.009056329727172852 0.24267840385437012 676
4077 4071 5 0.2270059585571289 0.021285533905029297 0.2482914924621582 677
4083 4082 1 0.22007322311401367 0.04264998435974121 0.2627232074737549 678
4089 4083 6 0.2099149227142334 0.021564722061157227 0.23147964477539062 679
4095 4094 1 0.22497129440307617 0.022539854049682617 0.2475111484527588 680
4100 4095 5 0.23546123504638672 0.023243427276611328 0.25870466232299805 681
4106 4104 2 0.2241382598876953 0.002269268035888672 0.22640752792358398 682
4112 4106 6 0.21124577522277832 0.0030896663665771484 0.21433544158935547 683
4118 4112 6 0.20619654655456543 0.011740446090698242 0.21793699264526367 684
4123 4117 5 0.221343994140625 0.003347158432006836 0.22469115257263184 685
4128 4122 6 0.23092317581176758 0.0024251937866210938 0.23334836959838867 686
4135 4128 6 0.19858479499816895 0.013385295867919922 0.21197009086608887 687
4142 4140 2 0.21751928329467773 0.013146400451660156 0.2306656837463379 688
4148 4142 6 0.20646357536315918 0.013775110244750977 0.22023868560791016 689
4154 4148 6 0.21718406677246094 0.02440023422241211 0.24158430099487305 690
4159 4153 5 0.22133588790893555 0.009138822555541992 0.23047471046447754 691
4163 4158 5 0.20208239555358887 0.002480030059814453 0.20456242561340332 692
4170 4164 6 0.19991302490234375 0.023668766021728516 0.22358179092407227 693
4175 4169 6 0.2228834629058838 0.0021932125091552734 0.22507667541503906 694
4182 4181 1 0.21695637702941895 0.011257648468017578 0.22821402549743652 695
4187 4182 5 0.23930096626281738 0.014928579330444336 0.2542295455932617 696
4194 4193 1 0.24446558952331543 0.004038810729980469 0.2485044002532959 697
4201 4194 6 0.20940423011779785 0.004648923873901367 0.21405315399169922 698
4206 4205 1 0.1979656219482422 0.011582374572753906 0.2095479965209961 699
4212 4206 6 0.20922207832336426 0.002138376235961914 0.21136045455932617 700
4218 4217 1 0.22070097923278809 0.005964994430541992 0.22666597366333008 701
4224 4218 6 0.22042632102966309 0.019299030303955078 0.23972535133361816 702
4230 4229 1 0.20105457305908203 0.002251863479614258 0.2033064365386963 703
4236 4230 6 0.20214128494262695 0.0022764205932617188 0.20441770553588867 704
4242 4241 1 0.19881415367126465 0.011886835098266602 0.21070098876953125 705
4249 4242 6 0.21155476570129395 0.02415776252746582 0.23571252822875977 706
4255 4253 2 0.2179405689239502 0.01100921630859375 0.22894978523254395 707
4261 4255 6 0.21120619773864746 0.012038946151733398 0.22324514389038086 708
4268 4267 1 0.19937586784362793 0.013645648956298828 0.21302151679992676 709
4275 4269 6 0.19476056098937988 0.0022058486938476562 0.19696640968322754 710
4281 4275 6 0.19760632514953613 0.002815723419189453 0.20042204856872559 711
4286 4280 6 0.21141743659973145 0.0020585060119628906 0.21347594261169434 712
4292 4291 1 0.19567251205444336 0.013477325439453125 0.20914983749389648 713
4298 4292 6 0.21091961860656738 0.0033152103424072266 0.2142348289489746 714
4305 4303 2 0.19986653327941895 0.013401508331298828 0.21326804161071777 715
4311 4304 6 0.21811890602111816 0.009140491485595703 0.22725939750671387 716
4316 4310 6 0.21150803565979004 0.00859522819519043 0.22010326385498047 717
4321 4315 6 0.23226594924926758 0.008429527282714844 0.24069547653198242 718
4327 4326 1 0.21335744857788086 0.022940635681152344 0.2362980842590332 719
4333 4327 6 0.21878480911254883 0.009129047393798828 0.22791385650634766 720
4339 4338 1 0.24701380729675293 0.004062652587890625 0.25107645988464355 721
4345 4339 6 0.26110005378723145 0.008156538009643555 0.269256591796875 722
4350 4344 6 0.25037288665771484 0.023496150970458984 0.27386903762817383 723
4358 4352 6 0.21518301963806152 0.00950479507446289 0.22468781471252441 724
4364 4358 6 0.21043848991394043 0.025315046310424805 0.23575353622436523 725
4370 4364 6 0.2187051773071289 0.012795686721801758 0.23150086402893066 726
4376 4370 6 0.21068763732910156 0.009328603744506836 0.2200162410736084 727
4381 4375 6 0.22388005256652832 0.01207280158996582 0.23595285415649414 728
4386 4380 6 0.2265310287475586 0.0062541961669921875 0.23278522491455078 729
4392 4386 6 0.24132299423217773 0.010242938995361328 0.25156593322753906 730
4398 4392 6 0.2209031581878662 0.017456531524658203 0.23835968971252441 731
4403 4397 6 0.20334982872009277 0.013290166854858398 0.21663999557495117 732
4410 4403 6 0.24559974670410156 0.013568401336669922 0.2591681480407715 733
4416 4409 6 0.21157407760620117 0.022253036499023438 0.2338271141052246 734
4422 4421 1 0.2120668888092041 0.003682374954223633 0.21574926376342773 735
4427 4422 5 0.2404346466064453 0.012104034423828125 0.25253868103027344 736
4433 4432 1 0.20602178573608398 0.013467788696289062 0.21948957443237305 737
4438 4433 5 0.21239018440246582 0.013053655624389648 0.22544384002685547 738
4444 4443 1 0.21160006523132324 0.013059377670288086 0.22465944290161133 739
4449 4444 5 0.21809887886047363 0.0026941299438476562 0.2207930088043213 740
4453 4447 6 0.23194026947021484 0.01606154441833496 0.2480018138885498 741
4459 4453 6 0.26548051834106445 0.015152931213378906 0.28063344955444336 742
4466 4460 6 0.24475312232971191 0.011536598205566406 0.2562897205352783 743
4472 4466 6 0.23445487022399902 0.013874292373657227 0.24832916259765625 744
4477 4471 6 0.24983954429626465 0.011360406875610352 0.261199951171875 745
4484 4478 6 0.2231733798980713 0.010766983032226562 0.23394036293029785 746
4489 4483 6 0.20986652374267578 0.014171600341796875 0.22403812408447266 747
4494 4488 6 0.2566497325897217 0.013806343078613281 0.27045607566833496 748
4502 4495 6 0.2626667022705078 0.00982975959777832 0.27249646186828613 749
4508 4502 6 0.255826473236084 0.005378246307373047 0.26120471954345703 750
4514 4508 6 0.24216222763061523 0.013356685638427734 0.25551891326904297 751
4522 4520 2 0.22948575019836426 0.02701592445373535 0.2565016746520996 752
4529 4523 6 0.21147990226745605 0.005084514617919922 0.21656441688537598 753
4535 4529 6 0.21488308906555176 0.01105356216430664 0.2259366512298584 754
4540 4534 6 0.20400285720825195 0.0019562244415283203 0.20595908164978027 755
4544 4539 5 0.2523057460784912 0.011437416076660156 0.26374316215515137 756
4549 4543 6 0.24163198471069336 0.010879755020141602 0.25251173973083496 757
4556 4555 1 0.23150300979614258 0.03150749206542969 0.26301050186157227 758
4560 4556 4 0.24335646629333496 0.016228199005126953 0.2595846652984619 759
4567 4565 2 0.2252509593963623 0.04241776466369629 0.2676687240600586 760
4574 4567 6 0.21419548988342285 0.016944169998168945 0.2311396598815918 761
4580 4574 6 0.21582961082458496 0.006479024887084961 0.22230863571166992 762
4586 4580 6 0.22612547874450684 0.004843950271606445 0.23096942901611328 763
4591 4585 6 0.20516061782836914 0.013289690017700195 0.21845030784606934 764
4597 4591 6 0.2585785388946533 0.024314165115356445 0.28289270401000977 765
4604 4598 6 0.23189473152160645 0.024838685989379883 0.25673341751098633 766
4611 4605 6 0.24573755264282227 0.007204294204711914 0.2529418468475342 767
4617 4611 6 0.21447110176086426 0.024131059646606445 0.2386021614074707 768
4624 4622 2 0.21064376831054688 0.006546735763549805 0.21719050407409668 769
4629 4623 6 0.21790599822998047 0.010447263717651367 0.22835326194763184 770
4634 4628 6 0.2059471607208252 0.01291799545288086 0.21886515617370605 771
4638 4633 5 0.21058154106140137 0.01339268684387207 0.22397422790527344 772
4644 4643 1 0.23299574851989746 0.006740570068359375 0.23973631858825684 773
4651 4644 6 0.21115422248840332 0.01333308219909668 0.2244873046875 774
4657 4650 6 0.2143547534942627 0.004103899002075195 0.2184586524963379 775
4662 4656 6 0.23488450050354004 0.004542827606201172 0.2394273281097412 776
4668 4662 6 0.22139811515808105 0.0306854248046875 0.25208353996276855 777
4674 4668 6 0.25846385955810547 0.025695323944091797 0.28415918350219727 778
4680 4674 6 0.2610151767730713 0.031548500061035156 0.29256367683410645 779
4687 4681 6 0.21718931198120117 0.015056371688842773 0.23224568367004395 780
4692 4686 6 0.2272038459777832 0.015385627746582031 0.24258947372436523 781
4698 4692 6 0.2337932586669922 0.013964414596557617 0.2477576732635498 782
4704 4698 6 0.20474481582641602 0.0193326473236084 0.22407746315002441 783
4710 4704 5 0.2139875888824463 0.006829261779785156 0.22081685066223145 784
4716 4710 6 0.24275922775268555 0.0025856494903564453 0.245344877243042 785
4722 4715 6 0.20836400985717773 0.008252143859863281 0.21661615371704102 786
4726 4720 6 0.2051541805267334 0.011627435684204102 0.2167816162109375 787
4732 4726 6 0.21769428253173828 0.004169464111328125 0.2218637466430664 788
4737 4731 6 0.23094844818115234 0.014950037002563477 0.24589848518371582 789
4742 4736 6 0.20652222633361816 0.011110544204711914 0.21763277053833008 790
4748 4742 6 0.23167896270751953 0.004717588424682617 0.23639655113220215 791
4754 4748 6 0.218902587890625 0.009992361068725586 0.22889494895935059 792
4759 4753 6 0.22327041625976562 0.00951528549194336 0.23278570175170898 793
4764 4758 6 0.20197439193725586 0.013421773910522461 0.21539616584777832 794
4768 4763 5 0.22153878211975098 0.0134429931640625 0.23498177528381348 795
4775 4768 6 0.24269986152648926 0.01298379898071289 0.25568366050720215 796
4782 4776 6 0.21144819259643555 0.004884243011474609 0.21633243560791016 797
4788 4782 6 0.264906644821167 0.014000415802001953 0.27890706062316895 798
4795 4794 1 0.23112726211547852 0.013365030288696289 0.2444922924041748 799
4801 4795 6 0.24423646926879883 0.013318777084350586 0.2575552463531494 800
4808 4806 2 0.20991277694702148 0.007174015045166016 0.2170867919921875 801
4813 4807 6 0.24026966094970703 0.013320446014404297 0.25359010696411133 802
stop segmentation node
