load checkpoint from http path: https://dl.cv.ethz.ch/bdd100k/sem_seg/models/deeplabv3+_r50-d8_769x769_40k_sem_seg_bdd100k.pth
'CLASSES' not found in meta, use dataset.CLASSES instead
'PALETTE' not found in meta, use dataset.PALETTE instead
timely function starting...
2 1 1 0.21630120277404785 0.003404378890991211 0.21970558166503906 1
90 89 1 0.1974325180053711 0.0020148754119873047 0.1994473934173584 2
96 90 6 0.1973271369934082 0.001971006393432617 0.19929814338684082 3
102 101 1 0.18866395950317383 0.0020279884338378906 0.19069194793701172 4
108 102 6 0.18933701515197754 0.003132343292236328 0.19246935844421387 5
114 113 1 0.19194626808166504 0.009796142578125 0.20174241065979004 6
119 114 5 0.18931293487548828 0.002379179000854492 0.19169211387634277 7
125 124 1 0.18737101554870605 0.0019855499267578125 0.18935656547546387 8
130 125 5 0.18889451026916504 0.0027213096618652344 0.19161581993103027 9
136 135 1 0.18787145614624023 0.002063751220703125 0.18993520736694336 10
142 136 6 0.19043684005737305 0.002294778823852539 0.19273161888122559 11
148 146 2 0.19358325004577637 0.00374603271484375 0.19732928276062012 12
153 147 6 0.19566059112548828 0.007148265838623047 0.20280885696411133 13
159 157 2 0.18926191329956055 0.001924753189086914 0.19118666648864746 14
164 158 6 0.19060540199279785 0.0029315948486328125 0.19353699684143066 15
170 169 1 0.1971721649169922 0.001965045928955078 0.19913721084594727 16
176 170 6 0.19045376777648926 0.002073049545288086 0.19252681732177734 17
181 175 6 0.1895442008972168 0.0020720958709716797 0.19161629676818848 18
187 181 6 0.189225435256958 0.002151966094970703 0.1913774013519287 19
192 186 6 0.1875617504119873 0.002538919448852539 0.19010066986083984 20
197 191 6 0.18800640106201172 0.002172708511352539 0.19017910957336426 21
203 197 6 0.18994474411010742 0.0022644996643066406 0.19220924377441406 22
209 203 6 0.1868913173675537 0.0026803016662597656 0.18957161903381348 23
215 208 6 0.18570351600646973 0.003847360610961914 0.18955087661743164 24
220 214 6 0.18651938438415527 0.0038819313049316406 0.19040131568908691 25
225 219 6 0.18908286094665527 0.003677845001220703 0.19276070594787598 26
231 225 6 0.19593286514282227 0.0023796558380126953 0.19831252098083496 27
237 231 6 0.20352578163146973 0.0025010108947753906 0.20602679252624512 28
244 242 2 0.18912553787231445 0.007612943649291992 0.19673848152160645 29
249 243 6 0.19045186042785645 0.005765199661254883 0.19621706008911133 30
255 254 1 0.19020700454711914 0.0020623207092285156 0.19226932525634766 31
261 255 6 0.20372414588928223 0.0023348331451416016 0.20605897903442383 32
267 266 1 0.19958019256591797 0.0021309852600097656 0.20171117782592773 33
272 267 5 0.20192384719848633 0.0021398067474365234 0.20406365394592285 34
279 277 2 0.19064855575561523 0.016110897064208984 0.20675945281982422 35
284 278 6 0.18759822845458984 0.0022575855255126953 0.18985581398010254 36
290 289 1 0.1922142505645752 0.00822591781616211 0.2004401683807373 37
296 290 6 0.19119620323181152 0.0021479129791259766 0.1933441162109375 38
301 295 6 0.205733060836792 0.0034515857696533203 0.2091846466064453 39
307 301 6 0.20216774940490723 0.0026907920837402344 0.20485854148864746 40
313 307 6 0.20273590087890625 0.0028083324432373047 0.20554423332214355 41
319 313 6 0.1908130645751953 0.0019626617431640625 0.19277572631835938 42
325 319 6 0.18862271308898926 0.002145528793334961 0.19076824188232422 43
330 324 6 0.18870329856872559 0.0025403499603271484 0.19124364852905273 44
336 330 6 0.18814444541931152 0.0021638870239257812 0.1903083324432373 45
341 335 6 0.19275140762329102 0.0025742053985595703 0.19532561302185059 46
347 346 1 0.20026111602783203 0.0020971298217773438 0.20235824584960938 47
353 347 6 0.20113778114318848 0.005177021026611328 0.2063148021697998 48
359 358 1 0.19212651252746582 0.0032286643981933594 0.19535517692565918 49
365 359 6 0.19201111793518066 0.0034019947052001953 0.19541311264038086 50
371 369 2 0.192793607711792 0.0022563934326171875 0.19505000114440918 51
376 370 6 0.1911945343017578 0.0025038719177246094 0.19369840621948242 52
382 381 1 0.1902141571044922 0.0024330615997314453 0.19264721870422363 53
388 382 6 0.193115234375 0.0022521018981933594 0.19536733627319336 54
394 392 2 0.19109845161437988 0.0018317699432373047 0.1929302215576172 55
399 393 6 0.19362759590148926 0.0018351078033447266 0.19546270370483398 56
405 404 1 0.19704294204711914 0.0027642250061035156 0.19980716705322266 57
411 405 6 0.19731831550598145 0.0021698474884033203 0.19948816299438477 58
417 415 2 0.20382046699523926 0.013542652130126953 0.2173631191253662 59
423 417 6 0.19551825523376465 0.0022385120391845703 0.19775676727294922 60
429 423 6 0.19011187553405762 0.005442619323730469 0.19555449485778809 61
435 429 6 0.19958233833312988 0.02156543731689453 0.22114777565002441 62
440 434 6 0.21837639808654785 0.009959220886230469 0.22833561897277832 63
445 439 6 0.18770503997802734 0.005018711090087891 0.19272375106811523 64
450 444 6 0.22767949104309082 0.002010822296142578 0.2296903133392334 65
456 450 6 0.1892385482788086 0.011427640914916992 0.20066618919372559 66
461 455 6 0.20363926887512207 0.002366304397583008 0.20600557327270508 67
466 460 6 0.27056884765625 0.009849309921264648 0.28041815757751465 68
472 466 6 0.26439523696899414 0.01840519905090332 0.28280043601989746 69
478 472 6 0.2057185173034668 0.015970945358276367 0.22168946266174316 70
483 477 6 0.2158949375152588 0.003152132034301758 0.21904706954956055 71
489 483 6 0.1990947723388672 0.019314289093017578 0.21840906143188477 72
494 488 6 0.21998119354248047 0.0059850215911865234 0.225966215133667 73
499 493 6 0.1911768913269043 0.0020258426666259766 0.19320273399353027 74
505 499 6 0.19011569023132324 0.005243778228759766 0.195359468460083 75
510 504 6 0.20700597763061523 0.002206087112426758 0.209212064743042 76
514 508 6 0.19008302688598633 0.002429962158203125 0.19251298904418945 77
520 514 6 0.18819808959960938 0.0027527809143066406 0.19095087051391602 78
525 519 6 0.18961191177368164 0.0022656917572021484 0.1918776035308838 79
531 530 1 0.2019650936126709 0.012186765670776367 0.21415185928344727 80
537 531 6 0.19975948333740234 0.002924680709838867 0.2026841640472412 81
543 542 1 0.19402074813842773 0.011821269989013672 0.2058420181274414 82
548 543 5 0.21463847160339355 0.006369113922119141 0.2210075855255127 83
555 554 1 0.18770384788513184 0.00896310806274414 0.19666695594787598 84
560 555 5 0.22132658958435059 0.0024919509887695312 0.22381854057312012 85
566 565 1 0.1923387050628662 0.002246856689453125 0.19458556175231934 86
572 566 6 0.19432926177978516 0.0020465850830078125 0.19637584686279297 87
578 576 2 0.23051905632019043 0.002881765365600586 0.23340082168579102 88
583 577 6 0.20127511024475098 0.008011817932128906 0.20928692817687988 89
589 587 2 0.23359155654907227 0.029125213623046875 0.26271677017211914 90
594 588 6 0.2237412929534912 0.024280309677124023 0.24802160263061523 91
601 599 2 0.19069266319274902 0.01307225227355957 0.2037649154663086 92
606 600 6 0.2091524600982666 0.007818937301635742 0.21697139739990234 93
611 605 6 0.27933478355407715 0.02466750144958496 0.3040022850036621 94
619 613 6 0.22195172309875488 0.0063021183013916016 0.22825384140014648 95
624 618 6 0.2034602165222168 0.006304264068603516 0.2097644805908203 96
629 623 6 0.2392117977142334 0.010614395141601562 0.24982619285583496 97
635 629 6 0.2110884189605713 0.007924079895019531 0.21901249885559082 98
640 634 6 0.20881342887878418 0.01338338851928711 0.2221968173980713 99
645 639 6 0.2320704460144043 0.04718637466430664 0.27925682067871094 100
651 645 6 0.23415160179138184 0.014977693557739258 0.2491292953491211 101
657 651 6 0.22375941276550293 0.012828588485717773 0.2365880012512207 102
663 657 6 0.22130393981933594 0.002024412155151367 0.2233283519744873 103
668 662 6 0.20520925521850586 0.013148307800292969 0.21835756301879883 104
672 667 5 0.20765304565429688 0.010114431381225586 0.21776747703552246 105
677 671 5 0.21084809303283691 0.013862848281860352 0.22471094131469727 106
682 676 6 0.20674800872802734 0.010824441909790039 0.21757245063781738 107
687 681 6 0.24162793159484863 0.0017893314361572266 0.24341726303100586 108
693 692 1 0.20594334602355957 0.015468835830688477 0.22141218185424805 109
698 693 5 0.23892736434936523 0.014536857604980469 0.2534642219543457 110
705 704 1 0.20247483253479004 0.014187812805175781 0.21666264533996582 111
710 705 5 0.21765732765197754 0.013852357864379883 0.23150968551635742 112
716 715 1 0.18836045265197754 0.012923240661621094 0.20128369331359863 113
721 716 5 0.20374345779418945 0.002549409866333008 0.20629286766052246 114
727 726 1 0.19136810302734375 0.0019292831420898438 0.1932973861694336 115
733 727 6 0.1911933422088623 0.0018796920776367188 0.19307303428649902 116
739 737 2 0.19097304344177246 0.0018701553344726562 0.19284319877624512 117
745 739 6 0.2021346092224121 0.0019991397857666016 0.2041337490081787 118
751 745 6 0.19551801681518555 0.012243270874023438 0.20776128768920898 119
757 751 6 0.1979045867919922 0.0019822120666503906 0.19988679885864258 120
763 757 6 0.19472360610961914 0.00196075439453125 0.1966843605041504 121
769 763 6 0.19317889213562012 0.0026807785034179688 0.19585967063903809 122
775 769 6 0.19716358184814453 0.011265039443969727 0.20842862129211426 123
781 775 6 0.19168949127197266 0.0035088062286376953 0.19519829750061035 124
787 781 6 0.19210100173950195 0.002172231674194336 0.1942732334136963 125
793 786 6 0.19371676445007324 0.0023813247680664062 0.19609808921813965 126
798 792 6 0.19297146797180176 0.0022192001342773438 0.1951906681060791 127
803 797 6 0.19547724723815918 0.0022344589233398438 0.19771170616149902 128
809 808 1 0.1996774673461914 0.0019459724426269531 0.20162343978881836 129
815 809 6 0.19983625411987305 0.0022318363189697266 0.20206809043884277 130
821 820 1 0.20506978034973145 0.006798982620239258 0.2118687629699707 131
827 821 6 0.20130443572998047 0.0028297901153564453 0.20413422584533691 132
833 832 1 0.19190359115600586 0.0022335052490234375 0.1941370964050293 133
839 833 6 0.19596576690673828 0.0021436214447021484 0.19810938835144043 134
845 844 1 0.19234967231750488 0.0037496089935302734 0.19609928131103516 135
851 845 6 0.2506382465362549 0.007987737655639648 0.25862598419189453 136
859 858 1 0.19116926193237305 0.002006053924560547 0.1931753158569336 137
864 859 5 0.1948397159576416 0.011965274810791016 0.20680499076843262 138
871 869 2 0.19346284866333008 0.0020499229431152344 0.1955127716064453 139
877 871 6 0.1960744857788086 0.0020325183868408203 0.19810700416564941 140
883 877 6 0.1919867992401123 0.010526657104492188 0.2025134563446045 141
889 883 6 0.1899881362915039 0.002354145050048828 0.19234228134155273 142
894 888 6 0.19336795806884766 0.0018839836120605469 0.1952519416809082 143
900 894 6 0.19109463691711426 0.00209808349609375 0.193192720413208 144
906 900 6 0.19213581085205078 0.0018391609191894531 0.19397497177124023 145
912 906 6 0.19167089462280273 0.01372218132019043 0.20539307594299316 146
918 912 6 0.20454859733581543 0.0069239139556884766 0.2114725112915039 147
924 918 6 0.19195914268493652 0.005888700485229492 0.19784784317016602 148
930 924 6 0.19772815704345703 0.0018992424011230469 0.19962739944458008 149
936 930 6 0.1923069953918457 0.0019507408142089844 0.1942577362060547 150
942 936 6 0.19583940505981445 0.0017430782318115234 0.19758248329162598 151
948 942 6 0.19744348526000977 0.0017077922821044922 0.19915127754211426 152
954 947 6 0.19251728057861328 0.002149343490600586 0.19466662406921387 153
959 953 6 0.19133877754211426 0.002196788787841797 0.19353556632995605 154
965 959 6 0.1935744285583496 0.0019266605377197266 0.19550108909606934 155
971 965 6 0.18947672843933105 0.0018842220306396484 0.1913609504699707 156
976 970 6 0.19391751289367676 0.0044939517974853516 0.1984114646911621 157
982 976 6 0.22260403633117676 0.0024824142456054688 0.22508645057678223 158
989 983 6 0.2037642002105713 0.011072158813476562 0.21483635902404785 159
995 989 6 0.19578289985656738 0.002049684524536133 0.19783258438110352 160
1001 994 6 0.22202444076538086 0.0025959014892578125 0.22462034225463867 161
1007 1006 1 0.2167973518371582 0.002496957778930664 0.21929430961608887 162
1013 1007 6 0.19416570663452148 0.0021839141845703125 0.1963496208190918 163
1019 1018 1 0.1909809112548828 0.0020313262939453125 0.19301223754882812 164
1024 1019 4 0.21590304374694824 0.0018243789672851562 0.2177274227142334 165
1030 1029 1 0.22109127044677734 0.005453824996948242 0.22654509544372559 166
1036 1030 6 0.20034289360046387 0.006469249725341797 0.20681214332580566 167
1042 1040 2 0.19058465957641602 0.0019485950469970703 0.19253325462341309 168
1047 1041 6 0.19750308990478516 0.00229644775390625 0.1997995376586914 169
1053 1052 1 0.19297504425048828 0.0018641948699951172 0.1948392391204834 170
1058 1053 5 0.20326852798461914 0.0018162727355957031 0.20508480072021484 171
1064 1063 1 0.19211840629577637 0.0022172927856445312 0.1943356990814209 172
1070 1064 5 0.19667673110961914 0.0018572807312011719 0.1985340118408203 173
1076 1074 2 0.20645594596862793 0.0019083023071289062 0.20836424827575684 174
1082 1076 6 0.20700955390930176 0.0017330646514892578 0.20874261856079102 175
1088 1082 6 0.20545363426208496 0.00497746467590332 0.21043109893798828 176
1094 1088 6 0.19974732398986816 0.0019774436950683594 0.20172476768493652 177
1100 1094 6 0.2249164581298828 0.002094268798828125 0.22701072692871094 178
1106 1100 6 0.19362664222717285 0.004353046417236328 0.19797968864440918 179
1112 1106 6 0.20028185844421387 0.0018665790557861328 0.2021484375 180
1118 1112 6 0.19217944145202637 0.0019507408142089844 0.19413018226623535 181
1124 1118 6 0.19310450553894043 0.0028388500213623047 0.19594335556030273 182
1130 1123 6 0.19234514236450195 0.002504587173461914 0.19484972953796387 183
1135 1129 6 0.19428777694702148 0.0018901824951171875 0.19617795944213867 184
1141 1135 6 0.19157195091247559 0.001981019973754883 0.19355297088623047 185
1147 1141 6 0.2006218433380127 0.0015599727630615234 0.20218181610107422 186
1152 1146 6 0.2108445167541504 0.013195037841796875 0.22403955459594727 187
1159 1152 6 0.20177674293518066 0.006799936294555664 0.20857667922973633 188
1165 1159 6 0.19317865371704102 0.002865314483642578 0.1960439682006836 189
1171 1165 6 0.19313526153564453 0.0018470287322998047 0.19498229026794434 190
1176 1170 6 0.1917116641998291 0.0015153884887695312 0.19322705268859863 191
1182 1176 6 0.19504880905151367 0.001687765121459961 0.19673657417297363 192
1188 1181 6 0.19277381896972656 0.001611948013305664 0.19438576698303223 193
1194 1187 6 0.19107532501220703 0.0020427703857421875 0.19311809539794922 194
1199 1193 6 0.2028825283050537 0.0024547576904296875 0.2053372859954834 195
1206 1199 6 0.21524786949157715 0.0021424293518066406 0.2173902988433838 196
1212 1206 6 0.19711565971374512 0.011311054229736328 0.20842671394348145 197
1218 1212 6 0.1984570026397705 0.004348039627075195 0.2028050422668457 198
1224 1218 6 0.1961348056793213 0.0016984939575195312 0.19783329963684082 199
1230 1223 6 0.19242215156555176 0.0017905235290527344 0.1942126750946045 200
1236 1229 6 0.19163799285888672 0.003283977508544922 0.19492197036743164 201
1241 1235 6 0.19469070434570312 0.0029480457305908203 0.19763875007629395 202
1247 1241 6 0.19238662719726562 0.0017652511596679688 0.1941518783569336 203
1252 1246 6 0.19471120834350586 0.001798391342163086 0.19650959968566895 204
1259 1257 2 0.19417142868041992 0.010679006576538086 0.204850435256958 205
1265 1259 6 0.19847345352172852 0.0019450187683105469 0.20041847229003906 206
1271 1265 6 0.19178462028503418 0.007769107818603516 0.1995537281036377 207
1276 1270 6 0.20357370376586914 0.008224248886108398 0.21179795265197754 208
1283 1281 1 0.2050478458404541 0.0017802715301513672 0.20682811737060547 209
1289 1282 6 0.20845317840576172 0.0023152828216552734 0.210768461227417 210
1295 1294 1 0.1929781436920166 0.013138771057128906 0.2061169147491455 211
1301 1295 6 0.1924576759338379 0.002171754837036133 0.19462943077087402 212
1307 1306 1 0.19118523597717285 0.0017704963684082031 0.19295573234558105 213
1312 1307 5 0.19656014442443848 0.0018165111541748047 0.19837665557861328 214
1318 1317 1 0.20134806632995605 0.004970073699951172 0.20631814002990723 215
1324 1318 6 0.20897245407104492 0.005623817443847656 0.21459627151489258 216
1331 1329 2 0.19800925254821777 0.01199650764465332 0.2100057601928711 217
1337 1331 6 0.19325995445251465 0.0018749237060546875 0.19513487815856934 218
1342 1336 6 0.19185137748718262 0.0018496513366699219 0.19370102882385254 219
1347 1341 6 0.19415926933288574 0.0030999183654785156 0.19725918769836426 220
1353 1347 6 0.19286823272705078 0.002350330352783203 0.19521856307983398 221
1359 1353 6 0.19552326202392578 0.002028226852416992 0.19755148887634277 222
1364 1358 6 0.21932339668273926 0.004132747650146484 0.22345614433288574 223
1371 1365 6 0.20528960227966309 0.0016987323760986328 0.20698833465576172 224
1376 1370 6 0.20716476440429688 0.005378007888793945 0.21254277229309082 225
1382 1381 1 0.21263504028320312 0.0018398761749267578 0.21447491645812988 226
1388 1382 6 0.1966261863708496 0.0073587894439697266 0.20398497581481934 227
1394 1393 1 0.20508980751037598 0.0039098262786865234 0.2089996337890625 228
1400 1394 6 0.19702577590942383 0.0016269683837890625 0.1986527442932129 229
1405 1399 6 0.19661307334899902 0.0018310546875 0.19844412803649902 230
1411 1405 6 0.1950082778930664 0.001592874526977539 0.19660115242004395 231
1417 1411 6 0.19213557243347168 0.0016353130340576172 0.1937708854675293 232
1423 1416 6 0.19781064987182617 0.001535654067993164 0.19934630393981934 233
1428 1422 6 0.1937551498413086 0.0018932819366455078 0.1956484317779541 234
1434 1428 6 0.19313788414001465 0.0019159317016601562 0.1950538158416748 235
1439 1433 6 0.19850564002990723 0.001741647720336914 0.20024728775024414 236
1444 1438 6 0.21346592903137207 0.00194549560546875 0.21541142463684082 237
1450 1444 6 0.21366333961486816 0.0019366741180419922 0.21560001373291016 238
1456 1450 6 0.22748661041259766 0.002975940704345703 0.23046255111694336 239
1463 1461 2 0.2162034511566162 0.005226850509643555 0.22143030166625977 240
1468 1462 6 0.21182727813720703 0.0016453266143798828 0.21347260475158691 241
1473 1467 6 0.20841765403747559 0.002085447311401367 0.21050310134887695 242
1479 1473 6 0.19474530220031738 0.002074003219604492 0.19681930541992188 243
1485 1479 6 0.1968669891357422 0.0015745162963867188 0.1984415054321289 244
1491 1485 6 0.2038285732269287 0.0025234222412109375 0.20635199546813965 245
1497 1491 6 0.194777250289917 0.002778768539428711 0.1975560188293457 246
1502 1496 6 0.19564247131347656 0.001848459243774414 0.19749093055725098 247
1508 1507 1 0.21294641494750977 0.011168479919433594 0.22411489486694336 248
1514 1508 6 0.1956348419189453 0.0017948150634765625 0.19742965698242188 249
1520 1518 2 0.2132246494293213 0.011554718017578125 0.22477936744689941 250
1526 1520 6 0.19544482231140137 0.0019087791442871094 0.19735360145568848 251
1531 1525 6 0.19852900505065918 0.0017154216766357422 0.20024442672729492 252
1537 1531 6 0.1924290657043457 0.001791238784790039 0.19422030448913574 253
1542 1536 6 0.19993925094604492 0.002040386199951172 0.2019796371459961 254
1548 1542 6 0.21424627304077148 0.004682302474975586 0.21892857551574707 255
1554 1548 6 0.20519423484802246 0.002083301544189453 0.20727753639221191 256
1560 1554 6 0.20463180541992188 0.0022199153900146484 0.20685172080993652 257
1566 1560 6 0.20583105087280273 0.007240772247314453 0.2130718231201172 258
1572 1566 6 0.19871282577514648 0.013590574264526367 0.21230340003967285 259
1578 1572 6 0.20892047882080078 0.013624191284179688 0.22254467010498047 260
1585 1583 2 0.19625401496887207 0.0018863677978515625 0.19814038276672363 261
1591 1585 6 0.19504117965698242 0.0025556087493896484 0.19759678840637207 262
1596 1590 6 0.19243478775024414 0.0017507076263427734 0.19418549537658691 263
1602 1596 6 0.19402599334716797 0.0019490718841552734 0.19597506523132324 264
1608 1601 6 0.1922450065612793 0.001728057861328125 0.19397306442260742 265
1613 1607 6 0.19629383087158203 0.0017192363739013672 0.1980130672454834 266
1619 1613 6 0.22684264183044434 0.011506080627441406 0.23834872245788574 267
1626 1625 1 0.2052478790283203 0.011997222900390625 0.21724510192871094 268
1632 1626 6 0.20212674140930176 0.004570484161376953 0.2066972255706787 269
1638 1636 2 0.20944547653198242 0.002061605453491211 0.21150708198547363 270
1644 1638 6 0.20494842529296875 0.005694866180419922 0.21064329147338867 271
1650 1644 6 0.19806599617004395 0.0017936229705810547 0.199859619140625 272
1656 1650 6 0.19629931449890137 0.0017688274383544922 0.19806814193725586 273
1661 1655 6 0.19677972793579102 0.0041828155517578125 0.20096254348754883 274
1666 1660 6 0.19383001327514648 0.0017344951629638672 0.19556450843811035 275
1672 1666 6 0.19348669052124023 0.0063419342041015625 0.1998286247253418 276
1677 1671 6 0.19605374336242676 0.0016171932220458984 0.19767093658447266 277
1682 1676 6 0.19726967811584473 0.002349853515625 0.19961953163146973 278
1688 1682 6 0.1968696117401123 0.0026259422302246094 0.19949555397033691 279
1694 1688 6 0.1957991123199463 0.001998424530029297 0.19779753684997559 280
1699 1693 6 0.20090937614440918 0.0017921924591064453 0.20270156860351562 281
1704 1698 6 0.19176888465881348 0.002313852310180664 0.19408273696899414 282
1709 1703 6 0.21676182746887207 0.001978635787963867 0.21874046325683594 283
1716 1710 6 0.2044048309326172 0.014809846878051758 0.21921467781066895 284
1721 1715 6 0.21414661407470703 0.010915040969848633 0.22506165504455566 285
1727 1721 6 0.2341454029083252 0.002888202667236328 0.23703360557556152 286
1734 1727 6 0.2286062240600586 0.002512216567993164 0.23111844062805176 287
1740 1739 1 0.2016279697418213 0.0021381378173828125 0.2037661075592041 288
1745 1740 5 0.2169642448425293 0.0017185211181640625 0.21868276596069336 289
1752 1751 1 0.19694805145263672 0.0033960342407226562 0.20034408569335938 290
1757 1752 5 0.19769549369812012 0.0038285255432128906 0.201524019241333 291
1762 1756 6 0.20531511306762695 0.009801149368286133 0.21511626243591309 292
1768 1762 6 0.2234516143798828 0.0026776790618896484 0.22612929344177246 293
1774 1768 6 0.19477462768554688 0.0018527507781982422 0.19662737846374512 294
1780 1774 6 0.19464969635009766 0.001959085464477539 0.1966087818145752 295
1786 1780 6 0.2253251075744629 0.0018229484558105469 0.22714805603027344 296
1792 1786 6 0.2059316635131836 0.0019423961639404297 0.20787405967712402 297
1798 1792 6 0.19861698150634766 0.0021660327911376953 0.20078301429748535 298
1804 1798 6 0.19943857192993164 0.0018215179443359375 0.20126008987426758 299
1809 1803 6 0.1980574131011963 0.00847625732421875 0.20653367042541504 300
1815 1809 6 0.19591617584228516 0.003960132598876953 0.1998763084411621 301
1820 1814 6 0.1965041160583496 0.0019016265869140625 0.19840574264526367 302
1825 1819 6 0.1965935230255127 0.0017070770263671875 0.19830060005187988 303
1830 1824 6 0.1929469108581543 0.002790212631225586 0.19573712348937988 304
1834 1829 5 0.19765686988830566 0.001800537109375 0.19945740699768066 305
1840 1834 6 0.2170555591583252 0.001817941665649414 0.2188735008239746 306
1846 1840 6 0.19972825050354004 0.016442060470581055 0.2161703109741211 307
1852 1846 6 0.21270227432250977 0.0019071102142333984 0.21460938453674316 308
1858 1852 6 0.19441890716552734 0.002075672149658203 0.19649457931518555 309
1863 1857 6 0.20040345191955566 0.0018210411071777344 0.2022244930267334 310
1869 1867 2 0.2001023292541504 0.0021686553955078125 0.2022709846496582 311
1874 1868 6 0.19613337516784668 0.002022981643676758 0.19815635681152344 312
1879 1873 6 0.1924135684967041 0.0018076896667480469 0.19422125816345215 313
1884 1878 6 0.19280147552490234 0.00183868408203125 0.1946401596069336 314
1890 1884 6 0.1957705020904541 0.0019812583923339844 0.19775176048278809 315
1896 1890 6 0.19752049446105957 0.0019042491912841797 0.19942474365234375 316
1901 1895 6 0.19402790069580078 0.005968332290649414 0.1999962329864502 317
1906 1900 6 0.1959090232849121 0.014011144638061523 0.20992016792297363 318
1911 1905 6 0.1973421573638916 0.0024976730346679688 0.19983983039855957 319
1917 1911 6 0.19496488571166992 0.0018649101257324219 0.19682979583740234 320
1922 1916 6 0.1916799545288086 0.003214597702026367 0.19489455223083496 321
1927 1921 6 0.19467949867248535 0.006909370422363281 0.20158886909484863 322
1933 1927 6 0.1937851905822754 0.0019676685333251953 0.19575285911560059 323
1939 1933 6 0.2226095199584961 0.0020515918731689453 0.22466111183166504 324
1945 1939 6 0.2040085792541504 0.0021147727966308594 0.20612335205078125 325
1950 1944 6 0.19783926010131836 0.0019409656524658203 0.19978022575378418 326
1954 1949 5 0.19568538665771484 0.0023949146270751953 0.19808030128479004 327
1959 1953 6 0.19350767135620117 0.0018851757049560547 0.19539284706115723 328
1964 1958 6 0.19672036170959473 0.0021975040435791016 0.19891786575317383 329
1968 1963 5 0.20046734809875488 0.002937793731689453 0.20340514183044434 330
1974 1973 1 0.19242119789123535 0.002130746841430664 0.19455194473266602 331
1980 1974 6 0.20422720909118652 0.007338285446166992 0.21156549453735352 332
1985 1979 6 0.19693326950073242 0.004449605941772461 0.20138287544250488 333
1990 1984 6 0.19745683670043945 0.001972198486328125 0.19942903518676758 334
1996 1995 1 0.21025395393371582 0.001962900161743164 0.21221685409545898 335
2001 1996 5 0.19706273078918457 0.01587963104248047 0.21294236183166504 336
2007 2006 1 0.22004175186157227 0.016492366790771484 0.23653411865234375 337
2013 2007 6 0.22271037101745605 0.005911350250244141 0.2286217212677002 338
2019 2018 1 0.19426441192626953 0.0022432804107666016 0.19650769233703613 339
2025 2019 6 0.1934983730316162 0.0021505355834960938 0.1956489086151123 340
2030 2024 6 0.2057509422302246 0.0020055770874023438 0.20775651931762695 341
2037 2030 6 0.20321965217590332 0.014961957931518555 0.21818161010742188 342
2042 2036 6 0.19884777069091797 0.0018992424011230469 0.20074701309204102 343
2047 2041 6 0.1931898593902588 0.0020751953125 0.1952650547027588 344
2052 2046 6 0.2007153034210205 0.015297412872314453 0.21601271629333496 345
2058 2052 6 0.19965243339538574 0.0017406940460205078 0.20139312744140625 346
2064 2057 6 0.19288015365600586 0.002379179000854492 0.19525933265686035 347
2069 2063 6 0.20125770568847656 0.0018193721771240234 0.20307707786560059 348
2074 2068 6 0.1962583065032959 0.0018165111541748047 0.1980748176574707 349
2079 2073 6 0.1966381072998047 0.0019273757934570312 0.19856548309326172 350
2084 2078 6 0.20318818092346191 0.0163881778717041 0.21957635879516602 351
2089 2083 6 0.20741057395935059 0.004133462905883789 0.21154403686523438 352
2095 2089 6 0.23969078063964844 0.0019550323486328125 0.24164581298828125 353
2101 2095 6 0.2004392147064209 0.011029958724975586 0.21146917343139648 354
2107 2100 6 0.20538091659545898 0.001962423324584961 0.20734333992004395 355
2111 2106 5 0.21860837936401367 0.01259922981262207 0.23120760917663574 356
2117 2111 6 0.2154989242553711 0.016657114028930664 0.23215603828430176 357
2123 2117 6 0.20347857475280762 0.02006244659423828 0.2235410213470459 358
2128 2122 6 0.23424339294433594 0.006522417068481445 0.24076581001281738 359
2133 2127 6 0.19540095329284668 0.013942480087280273 0.20934343338012695 360
2138 2132 6 0.203629732131958 0.02691483497619629 0.2305445671081543 361
2144 2143 1 0.22348403930664062 0.004191160202026367 0.227675199508667 362
2148 2144 4 0.19982314109802246 0.0074880123138427734 0.20731115341186523 363
2153 2147 6 0.21048259735107422 0.007981300354003906 0.21846389770507812 364
2158 2152 6 0.20188689231872559 0.0019316673278808594 0.20381855964660645 365
2163 2157 6 0.19366741180419922 0.003817319869995117 0.19748473167419434 366
2169 2163 6 0.19244050979614258 0.00777745246887207 0.20021796226501465 367
2174 2168 6 0.19695305824279785 0.009245872497558594 0.20619893074035645 368
2179 2173 6 0.20935487747192383 0.004433631896972656 0.21378850936889648 369
2184 2178 6 0.19480538368225098 0.010954618453979492 0.20576000213623047 370
2190 2184 6 0.2159252166748047 0.0019867420196533203 0.217911958694458 371
2197 2191 6 0.19645929336547852 0.0037190914154052734 0.2001783847808838 372
2203 2197 6 0.20415306091308594 0.013292074203491211 0.21744513511657715 373
2209 2203 6 0.22334861755371094 0.014751672744750977 0.23810029029846191 374
2214 2208 6 0.2430133819580078 0.0022013187408447266 0.24521470069885254 375
2219 2213 6 0.22692275047302246 0.03375124931335449 0.26067399978637695 376
2226 2220 6 0.22749638557434082 0.016654491424560547 0.24415087699890137 377
2232 2226 6 0.22788596153259277 0.001768350601196289 0.22965431213378906 378
2237 2231 6 0.19425392150878906 0.003129720687866211 0.19738364219665527 379
2243 2237 6 0.19677495956420898 0.002296924591064453 0.19907188415527344 380
2249 2243 6 0.20811152458190918 0.009795904159545898 0.21790742874145508 381
2255 2249 6 0.19573616981506348 0.0017113685607910156 0.1974475383758545 382
2261 2255 6 0.19628262519836426 0.0023889541625976562 0.19867157936096191 383
2267 2261 6 0.19540929794311523 0.0017023086547851562 0.1971116065979004 384
2272 2266 6 0.19707942008972168 0.005736827850341797 0.20281624794006348 385
2278 2272 6 0.21483349800109863 0.0018126964569091797 0.2166461944580078 386
2284 2278 6 0.1948540210723877 0.008634567260742188 0.20348858833312988 387
2290 2284 6 0.21886825561523438 0.01073002815246582 0.2295982837677002 388
2295 2289 6 0.20110058784484863 0.007740497589111328 0.20884108543395996 389
2301 2299 2 0.20677924156188965 0.019899606704711914 0.22667884826660156 390
2306 2300 6 0.23561644554138184 0.014666080474853516 0.25028252601623535 391
2312 2311 1 0.23481440544128418 0.0031189918518066406 0.23793339729309082 392
2319 2312 6 0.1934516429901123 0.0025157928466796875 0.195967435836792 393
2325 2323 2 0.19319558143615723 0.0035903453826904297 0.19678592681884766 394
2330 2324 6 0.1994788646697998 0.008204936981201172 0.20768380165100098 395
2336 2335 1 0.1951746940612793 0.002872467041015625 0.19804716110229492 396
2342 2336 6 0.1979074478149414 0.0030961036682128906 0.2010035514831543 397
2348 2346 2 0.20057010650634766 0.0022735595703125 0.20284366607666016 398
2353 2347 6 0.1962752342224121 0.0021033287048339844 0.1983785629272461 399
2359 2358 1 0.19339466094970703 0.0018398761749267578 0.1952345371246338 400
2365 2359 6 0.19652271270751953 0.0017375946044921875 0.19826030731201172 401
2370 2364 6 0.19553112983703613 0.0023376941680908203 0.19786882400512695 402
2375 2369 6 0.19949650764465332 0.0017199516296386719 0.201216459274292 403
2381 2374 6 0.20777487754821777 0.0018544197082519531 0.20962929725646973 404
2386 2380 6 0.20057272911071777 0.008233785629272461 0.20880651473999023 405
2392 2386 6 0.19577980041503906 0.007967710494995117 0.20374751091003418 406
2397 2391 6 0.1959855556488037 0.0019974708557128906 0.1979830265045166 407
2403 2397 6 0.19464564323425293 0.001758575439453125 0.19640421867370605 408
2408 2402 6 0.1954810619354248 0.00183868408203125 0.19731974601745605 409
2414 2408 6 0.1963036060333252 0.003001689910888672 0.19930529594421387 410
2420 2414 6 0.19779300689697266 0.0016565322875976562 0.1994495391845703 411
2426 2420 6 0.19620370864868164 0.0019383430480957031 0.19814205169677734 412
2432 2426 6 0.20252704620361328 0.007657051086425781 0.21018409729003906 413
2438 2432 6 0.1950359344482422 0.001531362533569336 0.19656729698181152 414
2444 2438 6 0.19536948204040527 0.0015454292297363281 0.1969149112701416 415
2449 2443 6 0.19903850555419922 0.001806497573852539 0.20084500312805176 416
2455 2449 6 0.19487810134887695 0.0014183521270751953 0.19629645347595215 417
2460 2454 6 0.19606995582580566 0.0016398429870605469 0.1977097988128662 418
2465 2459 6 0.20423197746276855 0.0020203590393066406 0.2062523365020752 419
2471 2465 6 0.2028348445892334 0.002094268798828125 0.20492911338806152 420
2477 2471 6 0.20730018615722656 0.0015802383422851562 0.20888042449951172 421
2484 2477 6 0.20080804824829102 0.005724906921386719 0.20653295516967773 422
2490 2489 1 0.1983177661895752 0.0021486282348632812 0.20046639442443848 423
2495 2490 5 0.20514774322509766 0.0018463134765625 0.20699405670166016 424
2502 2500 2 0.19802594184875488 0.0018851757049560547 0.19991111755371094 425
2508 2502 6 0.19826436042785645 0.0023908615112304688 0.20065522193908691 426
2514 2508 6 0.19486570358276367 0.002028226852416992 0.19689393043518066 427
2520 2514 6 0.19918489456176758 0.002858877182006836 0.20204377174377441 428
2527 2525 2 0.2034306526184082 0.005879878997802734 0.20931053161621094 429
2533 2526 6 0.20744037628173828 0.0020482540130615234 0.2094886302947998 430
2539 2537 2 0.2367384433746338 0.002052783966064453 0.23879122734069824 431
2546 2540 6 0.1973872184753418 0.010644912719726562 0.20803213119506836 432
2553 2546 6 0.1964271068572998 0.003058195114135742 0.19948530197143555 433
2558 2552 6 0.19368553161621094 0.001986265182495117 0.19567179679870605 434
2564 2558 6 0.1965198516845703 0.0017409324645996094 0.19826078414916992 435
2570 2564 6 0.19609999656677246 0.0015473365783691406 0.1976473331451416 436
2576 2570 6 0.1968531608581543 0.0016512870788574219 0.19850444793701172 437
2582 2576 6 0.20881962776184082 0.007462739944458008 0.21628236770629883 438
2588 2582 6 0.21520066261291504 0.0016474723815917969 0.21684813499450684 439
2594 2588 6 0.20736265182495117 0.0013391971588134766 0.20870184898376465 440
2601 2594 6 0.20156645774841309 0.005930900573730469 0.20749735832214355 441
2607 2601 6 0.2142636775970459 0.005697011947631836 0.21996068954467773 442
2613 2607 6 0.2333080768585205 0.0017631053924560547 0.23507118225097656 443
2620 2619 1 0.196091890335083 0.0015685558319091797 0.1976604461669922 444
2625 2620 5 0.19716930389404297 0.0017910003662109375 0.1989603042602539 445
2632 2630 2 0.19516754150390625 0.0022759437561035156 0.19744348526000977 446
2638 2632 6 0.19645977020263672 0.0018582344055175781 0.1983180046081543 447
2644 2638 6 0.19775724411010742 0.002798795700073242 0.20055603981018066 448
2650 2644 6 0.19757461547851562 0.0015790462493896484 0.19915366172790527 449
2656 2650 6 0.20644664764404297 0.0014197826385498047 0.20786643028259277 450
2662 2655 6 0.2096261978149414 0.003664255142211914 0.21329045295715332 451
2668 2667 1 0.20068049430847168 0.0014317035675048828 0.20211219787597656 452
2674 2668 6 0.20101141929626465 0.00673222541809082 0.20774364471435547 453
2681 2679 2 0.21641921997070312 0.0017085075378417969 0.21812772750854492 454
2686 2680 6 0.22417688369750977 0.0027780532836914062 0.22695493698120117 455
2692 2691 1 0.1955716609954834 0.0016319751739501953 0.1972036361694336 456
2697 2692 5 0.20313358306884766 0.0019872188568115234 0.20512080192565918 457
2703 2702 1 0.1976158618927002 0.0014450550079345703 0.19906091690063477 458
2710 2703 6 0.19600892066955566 0.0013763904571533203 0.19738531112670898 459
2715 2709 6 0.19429302215576172 0.0017917156219482422 0.19608473777770996 460
2720 2714 6 0.19601893424987793 0.01057744026184082 0.20659637451171875 461
2726 2720 6 0.20447397232055664 0.0018901824951171875 0.20636415481567383 462
2731 2725 6 0.19863677024841309 0.0017423629760742188 0.2003791332244873 463
2738 2736 2 0.19950485229492188 0.013160467147827148 0.21266531944274902 464
2743 2737 6 0.2145228385925293 0.008919715881347656 0.22344255447387695 465
2750 2748 2 0.19548296928405762 0.011299610137939453 0.20678257942199707 466
2756 2750 6 0.20107197761535645 0.011227130889892578 0.21229910850524902 467
2761 2755 6 0.21215105056762695 0.0025975704193115234 0.21474862098693848 468
2767 2761 6 0.19486784934997559 0.012185335159301758 0.20705318450927734 469
2774 2768 6 0.20804333686828613 0.007372140884399414 0.21541547775268555 470
2778 2773 5 0.21110963821411133 0.0018620491027832031 0.21297168731689453 471
2784 2783 1 0.19504785537719727 0.0021300315856933594 0.19717788696289062 472
2790 2784 6 0.19785070419311523 0.0018732547760009766 0.1997239589691162 473
2796 2795 1 0.21329140663146973 0.013674736022949219 0.22696614265441895 474
2802 2796 6 0.23589110374450684 0.0019872188568115234 0.23787832260131836 475
2809 2808 1 0.20287799835205078 0.01869821548461914 0.22157621383666992 476
2815 2809 5 0.2140817642211914 0.024031639099121094 0.2381134033203125 477
2820 2814 6 0.2419123649597168 0.026510953903198242 0.26842331886291504 478
2827 2821 6 0.22315502166748047 0.003692150115966797 0.22684717178344727 479
2833 2827 6 0.198927640914917 0.009450197219848633 0.20837783813476562 480
2839 2833 6 0.19627046585083008 0.0018017292022705078 0.19807219505310059 481
2845 2839 6 0.1976635456085205 0.003251791000366211 0.20091533660888672 482
2851 2845 6 0.19471263885498047 0.0019974708557128906 0.19671010971069336 483
2857 2851 6 0.19665241241455078 0.0021219253540039062 0.1987743377685547 484
2863 2857 6 0.19926762580871582 0.0014183521270751953 0.20068597793579102 485
2869 2863 6 0.1969747543334961 0.002154111862182617 0.1991288661956787 486
2876 2870 6 0.19866204261779785 0.0017135143280029297 0.20037555694580078 487
2882 2875 6 0.201005220413208 0.001828908920288086 0.2028341293334961 488
2888 2886 2 0.20077109336853027 0.004215717315673828 0.2049868106842041 489
2894 2888 6 0.19486021995544434 0.0018951892852783203 0.19675540924072266 490
2900 2894 6 0.19863247871398926 0.0015552043914794922 0.20018768310546875 491
2906 2900 6 0.19896697998046875 0.009549856185913086 0.20851683616638184 492
2912 2906 6 0.22858595848083496 0.013153314590454102 0.24173927307128906 493
2917 2911 6 0.25331568717956543 0.020087480545043945 0.2734031677246094 494
2925 2924 1 0.23815631866455078 0.013321876525878906 0.2514781951904297 495
2931 2925 6 0.20470809936523438 0.0027391910552978516 0.20744729042053223 496
2937 2936 1 0.22232985496520996 0.013860225677490234 0.2361900806427002 497
2943 2937 6 0.24014878273010254 0.01575016975402832 0.25589895248413086 498
2949 2948 1 0.24605464935302734 0.001817941665649414 0.24787259101867676 499
2956 2950 6 0.19494032859802246 0.0024614334106445312 0.197401762008667 500
2962 2956 6 0.22642755508422852 0.008189201354980469 0.23461675643920898 501
2967 2961 6 0.21197199821472168 0.012610197067260742 0.22458219528198242 502
2974 2972 2 0.2185521125793457 0.016893863677978516 0.23544597625732422 503
2979 2973 6 0.22750616073608398 0.012148380279541016 0.239654541015625 504
2986 2984 2 0.25748229026794434 0.008523225784301758 0.2660055160522461 505
2992 2986 6 0.24079537391662598 0.009714365005493164 0.25050973892211914 506
2997 2991 6 0.259868860244751 0.013565778732299805 0.2734346389770508 507
3004 2998 6 0.2555522918701172 0.013869047164916992 0.2694213390350342 508
3010 3004 6 0.23986172676086426 0.04693341255187988 0.28679513931274414 509
3016 3010 6 0.2268679141998291 0.013591766357421875 0.24045968055725098 510
3022 3016 6 0.23319578170776367 0.0023632049560546875 0.23555898666381836 511
3029 3027 2 0.19536209106445312 0.006238222122192383 0.2016003131866455 512
3034 3028 6 0.2081139087677002 0.009412527084350586 0.21752643585205078 513
3039 3033 6 0.23236727714538574 0.008270025253295898 0.24063730239868164 514
3045 3039 6 0.2122044563293457 0.013103246688842773 0.22530770301818848 515
3051 3044 6 0.20461773872375488 0.011189460754394531 0.21580719947814941 516
3056 3050 6 0.238936185836792 0.010359048843383789 0.24929523468017578 517
3062 3056 6 0.23572993278503418 0.009630441665649414 0.2453603744506836 518
3068 3062 6 0.22997379302978516 0.013225317001342773 0.24319911003112793 519
3074 3068 6 0.2558009624481201 0.013037681579589844 0.26883864402770996 520
3081 3074 6 0.2376711368560791 0.005330801010131836 0.24300193786621094 521
3086 3080 6 0.2452397346496582 0.010790109634399414 0.2560298442840576 522
3092 3086 6 0.21255230903625488 0.021108627319335938 0.23366093635559082 523
3099 3092 6 0.20569777488708496 0.0025634765625 0.20826125144958496 524
3104 3098 6 0.2002124786376953 0.0023806095123291016 0.20259308815002441 525
3110 3104 6 0.20103049278259277 0.0017631053924560547 0.20279359817504883 526
3116 3109 6 0.2049551010131836 0.0031363964080810547 0.20809149742126465 527
3121 3115 6 0.21155428886413574 0.005854129791259766 0.2174084186553955 528
3126 3120 6 0.22939038276672363 0.012856721878051758 0.2422471046447754 529
3132 3131 1 0.2403888702392578 0.01311349868774414 0.25350236892700195 530
3137 3132 5 0.23224472999572754 0.014751434326171875 0.24699616432189941 531
3144 3142 2 0.22155523300170898 0.005934953689575195 0.22749018669128418 532
3150 3144 6 0.199296236038208 0.020613431930541992 0.21990966796875 533
3156 3150 6 0.2134857177734375 0.0343167781829834 0.2478024959564209 534
3161 3155 6 0.23682951927185059 0.01559305191040039 0.252422571182251 535
3168 3166 2 0.21454882621765137 0.020520925521850586 0.23506975173950195 536
3174 3167 6 0.24804306030273438 0.013603687286376953 0.26164674758911133 537
3180 3179 1 0.2251448631286621 0.011140108108520508 0.23628497123718262 538
3186 3180 6 0.21370315551757812 0.0018455982208251953 0.21554875373840332 539
3191 3185 6 0.1992626190185547 0.0018868446350097656 0.20114946365356445 540
3197 3191 6 0.19986963272094727 0.0022852420806884766 0.20215487480163574 541
3203 3197 6 0.20027422904968262 0.0019245147705078125 0.20219874382019043 542
3210 3203 6 0.20041179656982422 0.0018508434295654297 0.20226263999938965 543
3216 3215 1 0.2067420482635498 0.0023202896118164062 0.2090623378753662 544
3222 3216 6 0.2180469036102295 0.007692813873291016 0.2257397174835205 545
3229 3228 1 0.19936299324035645 0.0018918514251708984 0.20125484466552734 546
3235 3229 6 0.19884657859802246 0.0024497509002685547 0.20129632949829102 547
3241 3240 1 0.19959425926208496 0.0020341873168945312 0.2016284465789795 548
3248 3241 6 0.20154047012329102 0.003168821334838867 0.20470929145812988 549
3254 3253 1 0.19904565811157227 0.00213623046875 0.20118188858032227 550
3260 3254 6 0.20174551010131836 0.011562824249267578 0.21330833435058594 551
3266 3264 2 0.21023249626159668 0.0025169849395751953 0.21274948120117188 552
3271 3265 6 0.20877861976623535 0.002171754837036133 0.21095037460327148 553
3278 3276 2 0.21446585655212402 0.01199650764465332 0.22646236419677734 554
3284 3278 6 0.20756244659423828 0.019384145736694336 0.22694659233093262 555
3291 3289 2 0.2280406951904297 0.012444496154785156 0.24048519134521484 556
3298 3292 6 0.19945859909057617 0.00218963623046875 0.20164823532104492 557
3304 3298 6 0.19953346252441406 0.0018324851989746094 0.20136594772338867 558
3309 3303 6 0.2125072479248047 0.0020394325256347656 0.21454668045043945 559
3314 3308 6 0.20252585411071777 0.010517597198486328 0.2130434513092041 560
3319 3313 6 0.21714115142822266 0.025104999542236328 0.24224615097045898 561
3325 3319 6 0.22702598571777344 0.026129961013793945 0.2531559467315674 562
3330 3324 6 0.27413439750671387 0.0022423267364501953 0.27637672424316406 563
3338 3337 1 0.1963210105895996 0.009997844696044922 0.20631885528564453 564
3344 3338 6 0.2141721248626709 0.002342700958251953 0.21651482582092285 565
3350 3349 1 0.2002239227294922 0.013050556182861328 0.21327447891235352 566
3355 3350 5 0.22513556480407715 0.0017750263214111328 0.22691059112548828 567
3361 3355 6 0.20241260528564453 0.009172439575195312 0.21158504486083984 568
3367 3361 6 0.2132875919342041 0.010553836822509766 0.22384142875671387 569
3372 3366 6 0.22853875160217285 0.003020048141479492 0.23155879974365234 570
3379 3372 6 0.20433998107910156 0.0028808116912841797 0.20722079277038574 571
3385 3379 6 0.21492528915405273 0.009268999099731445 0.22419428825378418 572
3390 3384 6 0.21506309509277344 0.0019404888153076172 0.21700358390808105 573
3396 3395 1 0.21007966995239258 0.007308244705200195 0.21738791465759277 574
3402 3396 6 0.2290024757385254 0.008372306823730469 0.23737478256225586 575
3408 3407 1 0.23062825202941895 0.001817464828491211 0.23244571685791016 576
3414 3408 6 0.20533084869384766 0.002166748046875 0.20749759674072266 577
3419 3413 6 0.21129250526428223 0.002096891403198242 0.21338939666748047 578
3425 3419 6 0.2138378620147705 0.001775503158569336 0.21561336517333984 579
3431 3425 6 0.2203369140625 0.0019257068634033203 0.22226262092590332 580
3437 3431 6 0.21415495872497559 0.0033669471740722656 0.21752190589904785 581
3443 3437 6 0.21061325073242188 0.009359359741210938 0.2199726104736328 582
3448 3442 6 0.258075475692749 0.002053976058959961 0.260129451751709 583
3455 3453 2 0.21587491035461426 0.0019195079803466797 0.21779441833496094 584
3462 3456 6 0.21774053573608398 0.013416051864624023 0.231156587600708 585
3468 3461 6 0.21120786666870117 0.003827333450317383 0.21503520011901855 586
3473 3467 6 0.2110912799835205 0.0018193721771240234 0.21291065216064453 587
3479 3473 6 0.1986403465270996 0.0020186901092529297 0.20065903663635254 588
3485 3478 6 0.2027273178100586 0.013286590576171875 0.21601390838623047 589
3491 3485 6 0.1999199390411377 0.001583099365234375 0.20150303840637207 590
3497 3491 6 0.19875645637512207 0.0022001266479492188 0.2009565830230713 591
3504 3497 6 0.20245981216430664 0.0017054080963134766 0.20416522026062012 592
3509 3503 6 0.200667142868042 0.0016438961029052734 0.20231103897094727 593
3515 3509 6 0.19688177108764648 0.001878499984741211 0.1987602710723877 594
3520 3514 6 0.20263409614562988 0.0016760826110839844 0.20431017875671387 595
3527 3525 2 0.200181245803833 0.002049684524536133 0.20223093032836914 596
3532 3526 6 0.19982647895812988 0.0018858909606933594 0.20171236991882324 597
3539 3537 2 0.20195412635803223 0.005421876907348633 0.20737600326538086 598
3545 3539 6 0.19936084747314453 0.0015919208526611328 0.20095276832580566 599
3551 3545 6 0.19862151145935059 0.00191497802734375 0.20053648948669434 600
3557 3551 6 0.1965193748474121 0.0020759105682373047 0.19859528541564941 601
3563 3557 6 0.1974625587463379 0.001768350601196289 0.19923090934753418 602
3569 3563 6 0.19892096519470215 0.002315521240234375 0.20123648643493652 603
3575 3569 6 0.19748497009277344 0.0021026134490966797 0.19958758354187012 604
3581 3575 6 0.19812393188476562 0.0018510818481445312 0.19997501373291016 605
3587 3581 6 0.19572830200195312 0.0023543834686279297 0.19808268547058105 606
3593 3586 6 0.19618892669677734 0.002058267593383789 0.19824719429016113 607
3599 3598 1 0.19951772689819336 0.0018701553344726562 0.20138788223266602 608
3605 3599 6 0.20287203788757324 0.0019876956939697266 0.20485973358154297 609
3611 3610 1 0.21793889999389648 0.0021114349365234375 0.22005033493041992 610
3618 3612 6 0.19986915588378906 0.002095460891723633 0.2019646167755127 611
3624 3618 6 0.19947457313537598 0.0025072097778320312 0.201981782913208 612
3630 3624 6 0.19973325729370117 0.00487518310546875 0.20460844039916992 613
3636 3630 6 0.20310592651367188 0.0021588802337646484 0.20526480674743652 614
3642 3636 6 0.21197724342346191 0.0060727596282958984 0.2180500030517578 615
3648 3642 6 0.1995842456817627 0.0021364688873291016 0.2017207145690918 616
3654 3648 6 0.19947028160095215 0.0018150806427001953 0.20128536224365234 617
3661 3659 2 0.19975948333740234 0.002013683319091797 0.20177316665649414 618
3667 3660 6 0.1989285945892334 0.0018923282623291016 0.2008209228515625 619
3672 3666 6 0.2032639980316162 0.001963376998901367 0.20522737503051758 620
3678 3672 6 0.20488715171813965 0.002104520797729492 0.20699167251586914 621
3684 3678 6 0.19748353958129883 0.0027565956115722656 0.2002401351928711 622
3690 3684 6 0.19895529747009277 0.002465963363647461 0.20142126083374023 623
3696 3690 6 0.21236610412597656 0.002207040786743164 0.21457314491271973 624
3703 3697 6 0.2052905559539795 0.012151002883911133 0.21744155883789062 625
3709 3703 6 0.19930481910705566 0.0020661354064941406 0.2013709545135498 626
3715 3709 6 0.19719290733337402 0.0023140907287597656 0.1995069980621338 627
3721 3715 6 0.19834470748901367 0.002067089080810547 0.20041179656982422 628
3727 3721 6 0.19846701622009277 0.001956939697265625 0.2004239559173584 629
3733 3727 6 0.200639009475708 0.005675554275512695 0.2063145637512207 630
3739 3733 6 0.20210051536560059 0.0020127296447753906 0.20411324501037598 631
3745 3739 6 0.20858287811279297 0.0035254955291748047 0.21210837364196777 632
3751 3745 6 0.209244966506958 0.001856088638305664 0.21110105514526367 633
3757 3751 6 0.20231080055236816 0.0018470287322998047 0.20415782928466797 634
3763 3757 6 0.21593165397644043 0.0026845932006835938 0.21861624717712402 635
3769 3763 6 0.2069692611694336 0.005037784576416016 0.2120070457458496 636
3775 3769 6 0.20641255378723145 0.00782155990600586 0.2142341136932373 637
3782 3775 6 0.20741510391235352 0.0036394596099853516 0.21105456352233887 638
3787 3781 6 0.19984960556030273 0.0021295547485351562 0.2019791603088379 639
3793 3787 6 0.2028036117553711 0.0021376609802246094 0.2049412727355957 640
3799 3793 6 0.19933414459228516 0.0018002986907958984 0.20113444328308105 641
3804 3798 6 0.20090675354003906 0.001964569091796875 0.20287132263183594 642
3810 3804 6 0.20255827903747559 0.0025665760040283203 0.2051248550415039 643
3816 3810 6 0.21129846572875977 0.0030744075775146484 0.21437287330627441 644
3821 3815 6 0.21173620223999023 0.013158798217773438 0.22489500045776367 645
3828 3822 6 0.20905327796936035 0.013226747512817383 0.22228002548217773 646
3834 3828 6 0.2176041603088379 0.006825923919677734 0.22443008422851562 647
3841 3839 2 0.1966078281402588 0.006888389587402344 0.20349621772766113 648
3847 3841 6 0.20338082313537598 0.0019047260284423828 0.20528554916381836 649
3853 3847 6 0.21185588836669922 0.01328420639038086 0.22514009475708008 650
3860 3854 6 0.19714093208312988 0.006634950637817383 0.20377588272094727 651
3866 3860 6 0.2008061408996582 0.002615213394165039 0.20342135429382324 652
3872 3866 6 0.19810748100280762 0.0022933483123779297 0.20040082931518555 653
3878 3872 6 0.20070886611938477 0.002069234848022461 0.20277810096740723 654
3884 3878 6 0.2003772258758545 0.0017642974853515625 0.20214152336120605 655
3890 3884 6 0.2019939422607422 0.002080202102661133 0.20407414436340332 656
3896 3890 6 0.20046329498291016 0.0024285316467285156 0.20289182662963867 657
3902 3896 6 0.19877243041992188 0.0065844058990478516 0.20535683631896973 658
3908 3902 6 0.22995924949645996 0.0019731521606445312 0.2319324016571045 659
3914 3908 6 0.21306824684143066 0.005135536193847656 0.21820378303527832 660
3920 3914 6 0.21196293830871582 0.008871078491210938 0.22083401679992676 661
3927 3922 5 0.20937442779541016 0.004269838333129883 0.21364426612854004 662
3933 3927 6 0.2000598907470703 0.002828836441040039 0.20288872718811035 663
3939 3933 6 0.1990959644317627 0.0020363330841064453 0.20113229751586914 664
3945 3939 6 0.20322465896606445 0.0020058155059814453 0.2052304744720459 665
3952 3951 1 0.199357271194458 0.0017969608306884766 0.20115423202514648 666
3958 3952 6 0.2004234790802002 0.002140522003173828 0.20256400108337402 667
3964 3963 1 0.20001006126403809 0.001912832260131836 0.20192289352416992 668
3970 3964 6 0.19776415824890137 0.002088308334350586 0.19985246658325195 669
3975 3969 6 0.20496487617492676 0.013435125350952148 0.2184000015258789 670
3981 3974 6 0.23361968994140625 0.007157802581787109 0.24077749252319336 671
3988 3986 1 0.2035233974456787 0.01726055145263672 0.22078394889831543 672
3993 3987 6 0.23368334770202637 0.012323617935180664 0.24600696563720703 673
3999 3998 1 0.23450756072998047 0.0023910999298095703 0.23689866065979004 674
4004 3999 5 0.21422123908996582 0.014587640762329102 0.22880887985229492 675
4011 4010 1 0.246262788772583 0.00537109375 0.251633882522583 676
4017 4011 6 0.2189035415649414 0.0025720596313476562 0.22147560119628906 677
4024 4023 1 0.20155572891235352 0.013251543045043945 0.21480727195739746 678
4029 4024 5 0.22003746032714844 0.003441333770751953 0.2234787940979004 679
4035 4034 1 0.1992647647857666 0.01887679100036621 0.2181415557861328 680
4041 4035 6 0.25060153007507324 0.002177715301513672 0.2527792453765869 681
4047 4046 1 0.21174240112304688 0.014868736267089844 0.22661113739013672 682
4054 4048 6 0.2065739631652832 0.0031740665435791016 0.2097480297088623 683
4060 4054 6 0.20926713943481445 0.0021615028381347656 0.21142864227294922 684
4066 4060 6 0.20778489112854004 0.012757062911987305 0.22054195404052734 685
4072 4066 6 0.21751022338867188 0.013467788696289062 0.23097801208496094 686
4077 4071 6 0.29120683670043945 0.02427363395690918 0.31548047065734863 687
4085 4083 2 0.21673274040222168 0.013020753860473633 0.2297534942626953 688
4090 4084 6 0.25040769577026367 0.024806499481201172 0.27521419525146484 689
4095 4089 6 0.2184901237487793 0.011144399642944336 0.22963452339172363 690
4099 4094 5 0.2345752716064453 0.002318859100341797 0.2368941307067871 691
4105 4104 1 0.21503233909606934 0.0024292469024658203 0.21746158599853516 692
4111 4105 6 0.20029067993164062 0.016547203063964844 0.21683788299560547 693
4117 4116 1 0.22284507751464844 0.0101470947265625 0.23299217224121094 694
4122 4117 4 0.2209932804107666 0.01050424575805664 0.23149752616882324 695
4127 4120 6 0.223419189453125 0.0026175975799560547 0.22603678703308105 696
4132 4126 6 0.20595002174377441 0.005685091018676758 0.21163511276245117 697
4138 4132 6 0.24784302711486816 0.013861894607543945 0.2617049217224121 698
4145 4139 6 0.21379971504211426 0.01177525520324707 0.22557497024536133 699
4150 4144 6 0.28659701347351074 0.009608983993530273 0.296205997467041 700
4157 4151 6 0.23847389221191406 0.006084442138671875 0.24455833435058594 701
4162 4156 5 0.22954297065734863 0.0020837783813476562 0.2316267490386963 702
4168 4167 1 0.1997387409210205 0.0021555423736572266 0.20189428329467773 703
4174 4168 5 0.20139622688293457 0.01112055778503418 0.21251678466796875 704
4178 4173 5 0.1964399814605713 0.009529590606689453 0.20596957206726074 705
4183 4177 6 0.2165076732635498 0.025487661361694336 0.24199533462524414 706
4188 4182 6 0.21716904640197754 0.02552628517150879 0.24269533157348633 707
4193 4187 6 0.2361295223236084 0.0026254653930664062 0.2387549877166748 708
4199 4198 1 0.20508527755737305 0.011349201202392578 0.21643447875976562 709
4205 4199 6 0.2177131175994873 0.0020012855529785156 0.21971440315246582 710
4211 4210 1 0.2190234661102295 0.004320859909057617 0.2233443260192871 711
4217 4211 6 0.2270047664642334 0.010339498519897461 0.23734426498413086 712
4223 4221 2 0.24398207664489746 0.008330821990966797 0.25231289863586426 713
4228 4222 6 0.22822356224060059 0.006158590316772461 0.23438215255737305 714
4235 4233 2 0.20134806632995605 0.0032968521118164062 0.20464491844177246 715
4240 4234 6 0.20740818977355957 0.002895355224609375 0.21030354499816895 716
4246 4245 1 0.2029421329498291 0.02971339225769043 0.23265552520751953 717
4252 4246 6 0.2462596893310547 0.015337705612182617 0.2615973949432373 718
4259 4257 2 0.21219587326049805 0.019542455673217773 0.23173832893371582 719
4265 4259 6 0.19910836219787598 0.008640527725219727 0.2077488899230957 720
4271 4265 6 0.1976332664489746 0.002231121063232422 0.19986438751220703 721
4277 4271 6 0.19933295249938965 0.002087116241455078 0.20142006874084473 722
4283 4277 6 0.19970035552978516 0.012295722961425781 0.21199607849121094 723
4287 4282 5 0.24213910102844238 0.002043008804321289 0.24418210983276367 724
4294 4293 1 0.20368051528930664 0.013280868530273438 0.21696138381958008 725
4300 4294 6 0.21252155303955078 0.02079153060913086 0.23331308364868164 726
4307 4305 2 0.23549938201904297 0.01342463493347168 0.24892401695251465 727
4312 4306 6 0.24808955192565918 0.02934741973876953 0.2774369716644287 728
4318 4312 6 0.23695659637451172 0.010949134826660156 0.24790573120117188 729
4324 4318 6 0.22028446197509766 0.0285036563873291 0.24878811836242676 730
4330 4324 6 0.2173001766204834 0.013189077377319336 0.23048925399780273 731
4336 4330 6 0.22606420516967773 0.0453946590423584 0.27145886421203613 732
4342 4336 6 0.21493220329284668 0.01822352409362793 0.2331557273864746 733
4348 4342 6 0.21271920204162598 0.01231074333190918 0.22502994537353516 734
4353 4346 6 0.23934292793273926 0.0031969547271728516 0.2425398826599121 735
4359 4357 2 0.22544312477111816 0.0037953853607177734 0.22923851013183594 736
4364 4358 6 0.21844220161437988 0.013290166854858398 0.23173236846923828 737
4370 4369 1 0.22345852851867676 0.014662742614746094 0.23812127113342285 738
4374 4370 4 0.22358345985412598 0.014977216720581055 0.23856067657470703 739
4381 4374 6 0.22863483428955078 0.012526512145996094 0.24116134643554688 740
4385 4379 6 0.22847914695739746 0.00870060920715332 0.23717975616455078 741
4391 4390 1 0.2649204730987549 0.013192176818847656 0.27811264991760254 742
4399 4393 6 0.23976778984069824 0.013342142105102539 0.2531099319458008 743
4406 4404 2 0.22100257873535156 0.013554811477661133 0.2345573902130127 744
4412 4406 6 0.20988965034484863 0.030923128128051758 0.2408127784729004 745
4417 4411 6 0.22626829147338867 0.01490640640258789 0.24117469787597656 746
4422 4416 6 0.21815752983093262 0.03163862228393555 0.24979615211486816 747
4429 4427 2 0.23369383811950684 0.007666349411010742 0.24136018753051758 748
4434 4428 6 0.27439236640930176 0.010927200317382812 0.28531956672668457 749
4441 4440 1 0.2325878143310547 0.01311802864074707 0.24570584297180176 750
4447 4441 6 0.23876428604125977 0.011169195175170898 0.24993348121643066 751
4452 4446 6 0.21453118324279785 0.04507327079772949 0.25960445404052734 752
4458 4452 6 0.2551686763763428 0.014143705368041992 0.26931238174438477 753
4465 4463 2 0.23345398902893066 0.007236480712890625 0.2406904697418213 754
4471 4465 6 0.22640299797058105 0.021513700485229492 0.24791669845581055 755
4476 4470 6 0.22757983207702637 0.012235164642333984 0.23981499671936035 756
4482 4476 6 0.21264004707336426 0.011130809783935547 0.2237708568572998 757
4488 4482 6 0.24313712120056152 0.013985395431518555 0.2571225166320801 758
4494 4488 6 0.24618172645568848 0.025257110595703125 0.2714388370513916 759
4500 4494 6 0.21302461624145508 0.02657294273376465 0.23959755897521973 760
4506 4500 6 0.2197403907775879 0.013630390167236328 0.23337078094482422 761
4511 4505 6 0.26461148262023926 0.002193450927734375 0.26680493354797363 762
4518 4517 1 0.20515751838684082 0.02048349380493164 0.22564101219177246 763
4524 4518 6 0.22583436965942383 0.006371498107910156 0.23220586776733398 764
4530 4529 1 0.25480055809020996 0.007273674011230469 0.26207423210144043 765
4535 4530 5 0.23644542694091797 0.023656845092773438 0.2601022720336914 766
4541 4535 6 0.22930192947387695 0.02898883819580078 0.25829076766967773 767
4547 4541 6 0.24484992027282715 0.001986265182495117 0.24683618545532227 768
4554 4547 6 0.20900535583496094 0.0030663013458251953 0.21207165718078613 769
4559 4553 6 0.20212888717651367 0.013611316680908203 0.21574020385742188 770
4564 4558 6 0.24613595008850098 0.01269078254699707 0.25882673263549805 771
4570 4564 6 0.21303343772888184 0.009270191192626953 0.2223036289215088 772
4575 4569 6 0.2058548927307129 0.03429102897644043 0.24014592170715332 773
4581 4575 6 0.22081398963928223 0.013321876525878906 0.23413586616516113 774
4586 4580 6 0.24962162971496582 0.014309883117675781 0.2639315128326416 775
4593 4591 2 0.2226870059967041 0.006381511688232422 0.22906851768493652 776
4599 4593 6 0.20620489120483398 0.011735677719116211 0.2179405689239502 777
4604 4598 6 0.21621155738830566 0.04069876670837402 0.2569103240966797 778
4609 4603 6 0.21798276901245117 0.00685572624206543 0.2248384952545166 779
4615 4609 6 0.24203801155090332 0.010117053985595703 0.252155065536499 780
4621 4615 6 0.2212514877319336 0.014775276184082031 0.23602676391601562 781
4626 4620 6 0.22474241256713867 0.008125782012939453 0.23286819458007812 782
4632 4626 6 0.21735453605651855 0.009059906005859375 0.22641444206237793 783
4638 4632 6 0.2155754566192627 0.020190000534057617 0.2357654571533203 784
4642 4636 6 0.21507596969604492 0.013208150863647461 0.22828412055969238 785
4648 4642 6 0.21298623085021973 0.013293981552124023 0.22628021240234375 786
4653 4647 6 0.23540472984313965 0.002756357192993164 0.2381610870361328 787
4659 4658 1 0.2626371383666992 0.013775110244750977 0.2764122486114502 788
4666 4660 6 0.2551729679107666 0.02312755584716797 0.27830052375793457 789
4672 4666 6 0.2628061771392822 0.006338357925415039 0.26914453506469727 790
4678 4672 6 0.23323941230773926 0.022345781326293945 0.2555851936340332 791
4684 4679 5 0.20965242385864258 0.013156890869140625 0.2228093147277832 792
4690 4684 6 0.22821044921875 0.007477760314941406 0.2356882095336914 793
4695 4689 6 0.20923137664794922 0.010292291641235352 0.21952366828918457 794
4700 4694 6 0.21291303634643555 0.024129629135131836 0.23704266548156738 795
4705 4699 6 0.22034192085266113 0.00525665283203125 0.22559857368469238 796
4711 4705 6 0.2565767765045166 0.016460895538330078 0.2730376720428467 797
4717 4711 6 0.24481606483459473 0.009215831756591797 0.2540318965911865 798
4724 4718 6 0.20711374282836914 0.009374618530273438 0.21648836135864258 799
4729 4723 6 0.2337658405303955 0.013275384902954102 0.2470412254333496 800
4735 4733 2 0.2606241703033447 0.005795955657958984 0.2664201259613037 801
4740 4734 6 0.25403594970703125 0.012037277221679688 0.26607322692871094 802
4746 4744 2 0.2343921661376953 0.015918731689453125 0.25031089782714844 803
4752 4746 6 0.22423124313354492 0.01424098014831543 0.23847222328186035 804
4757 4751 6 0.22780251502990723 0.02041769027709961 0.24822020530700684 805
4762 4756 6 0.23272299766540527 0.018370866775512695 0.25109386444091797 806
4768 4762 6 0.21921849250793457 0.018970251083374023 0.2381887435913086 807
4773 4767 6 0.23581981658935547 0.00658106803894043 0.2424008846282959 808
4780 4778 2 0.2287144660949707 0.005835533142089844 0.23454999923706055 809
4785 4779 6 0.21973490715026855 0.010990619659423828 0.23072552680969238 810
4790 4784 6 0.21877503395080566 0.019858837127685547 0.2386338710784912 811
4795 4789 6 0.20921850204467773 0.013909578323364258 0.223128080368042 812
4799 4794 5 0.22557806968688965 0.015934467315673828 0.24151253700256348 813
4805 4799 6 0.2147214412689209 0.017511367797851562 0.23223280906677246 814
4811 4805 6 0.20910978317260742 0.021648883819580078 0.2307586669921875 815
4817 4811 6 0.22138667106628418 0.051157236099243164 0.27254390716552734 816
4817 4812 5 0.21505022048950195 0.0019218921661376953 0.21697211265563965 817
4817 4816 1 0.18607449531555176 0.0019752979278564453 0.1880497932434082 818
4817 4817 0 0.19223690032958984 0.0019295215606689453 0.1941664218902588 819
stop segmentation node
stop segmentation node
