load checkpoint from http path: https://dl.cv.ethz.ch/bdd100k/sem_seg/models/deeplabv3+_r50-d8_769x769_40k_sem_seg_bdd100k.pth
'CLASSES' not found in meta, use dataset.CLASSES instead
'PALETTE' not found in meta, use dataset.PALETTE instead
timely function starting...
2 1 0 0.23549365997314453 0.0024771690368652344 0.23797082901000977 1
93 2 91 0.18974566459655762 0.0029146671295166016 0.19266033172607422 2
99 3 95 0.2016613483428955 0.0021445751190185547 0.20380592346191406 3
105 4 101 0.20659255981445312 0.003301382064819336 0.20989394187927246 4
111 5 106 0.19774985313415527 0.0019905567169189453 0.19974040985107422 5
117 92 25 0.1964569091796875 0.002047300338745117 0.19850420951843262 6
123 98 25 0.19432282447814941 0.002009153366088867 0.19633197784423828 7
129 104 25 0.19093060493469238 0.002818584442138672 0.19374918937683105 8
135 110 25 0.18481159210205078 0.001953601837158203 0.18676519393920898 9
141 117 24 0.1963818073272705 0.002076387405395508 0.19845819473266602 10
147 123 24 0.19693875312805176 0.002316713333129883 0.19925546646118164 11
153 129 24 0.1929018497467041 0.0021696090698242188 0.19507145881652832 12
159 135 24 0.1949455738067627 0.0027337074279785156 0.1976792812347412 13
165 140 25 0.2041480541229248 0.0030622482299804688 0.20721030235290527 14
171 146 25 0.20438170433044434 0.002549886703491211 0.20693159103393555 15
178 152 26 0.19499778747558594 0.002293109893798828 0.19729089736938477 16
184 158 26 0.18870186805725098 0.0021054744720458984 0.19080734252929688 17
189 164 25 0.19699597358703613 0.0019021034240722656 0.1988980770111084 18
196 171 24 0.18628454208374023 0.002206563949584961 0.1884911060333252 19
201 177 24 0.1927940845489502 0.002603769302368164 0.19539785385131836 20
207 183 24 0.18915200233459473 0.002808809280395508 0.19196081161499023 21
213 189 24 0.2020246982574463 0.002177000045776367 0.20420169830322266 22
219 195 24 0.19739794731140137 0.008968114852905273 0.20636606216430664 23
226 201 25 0.2026233673095703 0.012369155883789062 0.21499252319335938 24
232 207 25 0.1867203712463379 0.002749919891357422 0.1894702911376953 25
238 213 25 0.19356632232666016 0.0020990371704101562 0.1956653594970703 26
244 219 25 0.1898329257965088 0.003196239471435547 0.19302916526794434 27
250 225 25 0.1990365982055664 0.0021479129791259766 0.20118451118469238 28
256 232 24 0.1855928897857666 0.0022478103637695312 0.18784070014953613 29
261 237 24 0.1927046775817871 0.0022063255310058594 0.19491100311279297 30
267 243 24 0.19272971153259277 0.0023679733276367188 0.1950976848602295 31
273 249 24 0.19887018203735352 0.0032300949096679688 0.20210027694702148 32
280 255 24 0.20476412773132324 0.009953022003173828 0.21471714973449707 33
286 261 25 0.19282746315002441 0.002325296401977539 0.19515275955200195 34
292 267 25 0.2184751033782959 0.0021245479583740234 0.22059965133666992 35
299 273 26 0.1936948299407959 0.0021715164184570312 0.19586634635925293 36
305 279 26 0.1915900707244873 0.0022182464599609375 0.19380831718444824 37
311 286 25 0.20429754257202148 0.0021507740020751953 0.20644831657409668 38
317 292 25 0.19104218482971191 0.002109050750732422 0.19315123558044434 39
323 298 25 0.21334004402160645 0.01197361946105957 0.22531366348266602 40
330 304 26 0.21533870697021484 0.002135038375854492 0.21747374534606934 41
336 310 26 0.1943826675415039 0.0019428730010986328 0.19632554054260254 42
342 316 26 0.19065213203430176 0.0022335052490234375 0.1928856372833252 43
348 322 26 0.19668817520141602 0.002150297164916992 0.198838472366333 44
354 329 25 0.19986987113952637 0.002093791961669922 0.2019636631011963 45
360 336 24 0.19884943962097168 0.00834345817565918 0.20719289779663086 46
367 342 25 0.20010042190551758 0.0018477439880371094 0.2019481658935547 47
373 348 25 0.2072594165802002 0.002247333526611328 0.20950675010681152 48
379 354 25 0.18836140632629395 0.002641439437866211 0.19100284576416016 49
385 360 25 0.19423913955688477 0.0020830631256103516 0.19632220268249512 50
391 366 25 0.18955397605895996 0.003941535949707031 0.193495512008667 51
397 372 25 0.20294618606567383 0.0021088123321533203 0.20505499839782715 52
403 379 24 0.18942523002624512 0.0023581981658935547 0.19178342819213867 53
409 385 24 0.20768070220947266 0.003341197967529297 0.21102190017700195 54
415 391 24 0.19968438148498535 0.002301454544067383 0.20198583602905273 55
422 396 26 0.1993112564086914 0.0019032955169677734 0.20121455192565918 56
428 403 25 0.1889042854309082 0.0022132396697998047 0.191117525100708 57
433 409 24 0.2029738426208496 0.006459951400756836 0.20943379402160645 58
440 415 25 0.20082688331604004 0.0028901100158691406 0.20371699333190918 59
446 421 25 0.20212483406066895 0.010148763656616211 0.21227359771728516 60
452 427 25 0.2133193016052246 0.0026214122772216797 0.2159407138824463 61
459 433 26 0.1947169303894043 0.013550758361816406 0.2082676887512207 62
465 439 26 0.22108817100524902 0.013278722763061523 0.23436689376831055 63
473 445 27 0.2684767246246338 0.002238035202026367 0.27071475982666016 64
481 452 29 0.19475793838500977 0.00429844856262207 0.19905638694763184 65
487 458 29 0.21740055084228516 0.013592720031738281 0.23099327087402344 66
494 464 30 0.2086632251739502 0.011184453964233398 0.2198476791381836 67
500 471 29 0.1918478012084961 0.0028274059295654297 0.19467520713806152 68
506 480 26 0.1904468536376953 0.006847858428955078 0.1972947120666504 69
512 486 26 0.23146772384643555 0.0020723342895507812 0.23354005813598633 70
519 493 26 0.18864202499389648 0.0026886463165283203 0.1913306713104248 71
525 499 26 0.19289278984069824 0.002218961715698242 0.19511175155639648 72
531 506 25 0.18887591361999512 0.0032050609588623047 0.19208097457885742 73
537 511 25 0.21103453636169434 0.010015487670898438 0.22105002403259277 74
543 518 25 0.18878769874572754 0.021464824676513672 0.2102525234222412 75
549 524 25 0.20129919052124023 0.0028657913208007812 0.20416498184204102 76
556 530 26 0.18915796279907227 0.01337289810180664 0.2025308609008789 77
562 536 26 0.20243000984191895 0.0022144317626953125 0.20464444160461426 78
568 543 25 0.18985652923583984 0.0026979446411132812 0.19255447387695312 79
574 549 25 0.19497251510620117 0.002129077911376953 0.19710159301757812 80
580 555 25 0.19551873207092285 0.002101898193359375 0.19762063026428223 81
586 561 25 0.20360970497131348 0.0019965171813964844 0.20560622215270996 82
592 567 25 0.2095351219177246 0.011800289154052734 0.22133541107177734 83
599 573 25 0.20880341529846191 0.0023353099822998047 0.21113872528076172 84
605 579 26 0.19147300720214844 0.005637168884277344 0.19711017608642578 85
611 585 26 0.20144414901733398 0.012019157409667969 0.21346330642700195 86
617 591 26 0.22116541862487793 0.011347532272338867 0.2325129508972168 87
624 598 26 0.24100041389465332 0.03599882125854492 0.27699923515319824 88
632 604 27 0.22470808029174805 0.012406110763549805 0.23711419105529785 89
639 610 29 0.20863962173461914 0.012750387191772461 0.2213900089263916 90
645 616 29 0.2283318042755127 0.015854835510253906 0.2441866397857666 91
653 623 30 0.22724151611328125 0.024320125579833984 0.25156164169311523 92
660 631 29 0.20309829711914062 0.013219594955444336 0.21631789207458496 93
667 638 29 0.214127779006958 0.013013839721679688 0.2271416187286377 94
674 645 29 0.20379924774169922 0.006050586700439453 0.20984983444213867 95
680 652 28 0.1913442611694336 0.007763385772705078 0.19910764694213867 96
686 659 27 0.19490265846252441 0.0026407241821289062 0.19754338264465332 97
692 666 26 0.20986509323120117 0.005623817443847656 0.21548891067504883 98
699 673 26 0.19905447959899902 0.015039443969726562 0.21409392356872559 99
705 679 26 0.21186614036560059 0.0038404464721679688 0.21570658683776855 100
711 685 26 0.19544458389282227 0.0019130706787109375 0.1973576545715332 101
717 692 25 0.23585104942321777 0.03395199775695801 0.2698030471801758 102
725 698 27 0.23822832107543945 0.012149333953857422 0.2503776550292969 103
732 704 28 0.24006175994873047 0.013142824172973633 0.2532045841217041 104
740 711 29 0.20810747146606445 0.007782936096191406 0.21589040756225586 105
747 717 29 0.1979234218597412 0.01389622688293457 0.21181964874267578 106
753 724 29 0.21158361434936523 0.00225067138671875 0.21383428573608398 107
759 732 27 0.2286970615386963 0.0017812252044677734 0.23047828674316406 108
766 739 27 0.1919550895690918 0.002371549606323242 0.19432663917541504 109
772 746 26 0.19542336463928223 0.002086639404296875 0.1975100040435791 110
778 752 26 0.19762563705444336 0.001984119415283203 0.19960975646972656 111
784 758 26 0.19778943061828613 0.010454177856445312 0.20824360847473145 112
790 765 25 0.19260859489440918 0.002067089080810547 0.19467568397521973 113
796 771 25 0.19752740859985352 0.002025127410888672 0.1995525360107422 114
802 777 25 0.19200968742370605 0.001990795135498047 0.1940004825592041 115
808 783 25 0.18963170051574707 0.0021576881408691406 0.1917893886566162 116
814 790 24 0.1869964599609375 0.0019614696502685547 0.18895792961120605 117
820 796 24 0.19442415237426758 0.01313471794128418 0.20755887031555176 118
826 802 24 0.188307523727417 0.0028901100158691406 0.19119763374328613 119
832 808 24 0.19054627418518066 0.0019311904907226562 0.19247746467590332 120
838 814 24 0.19965171813964844 0.010950565338134766 0.2106022834777832 121
844 819 25 0.21025967597961426 0.004576683044433594 0.21483635902404785 122
851 826 25 0.1960465908050537 0.0020303726196289062 0.19807696342468262 123
857 831 26 0.19175457954406738 0.001974821090698242 0.19372940063476562 124
863 837 26 0.18923354148864746 0.002169370651245117 0.19140291213989258 125
869 844 25 0.19099688529968262 0.0023212432861328125 0.19331812858581543 126
874 850 24 0.20366597175598145 0.0021164417266845703 0.20578241348266602 127
881 856 25 0.19019651412963867 0.002327442169189453 0.19252395629882812 128
887 862 25 0.18900704383850098 0.0019068717956542969 0.19091391563415527 129
892 868 24 0.19634222984313965 0.0061032772064208984 0.20244550704956055 130
899 874 25 0.19502711296081543 0.007731199264526367 0.2027583122253418 131
905 880 25 0.19782567024230957 0.001779794692993164 0.19960546493530273 132
911 886 25 0.189650297164917 0.0019986629486083984 0.1916489601135254 133
917 892 25 0.1906745433807373 0.002111673355102539 0.19278621673583984 134
923 898 25 0.19226598739624023 0.0018794536590576172 0.19414544105529785 135
928 904 24 0.1976020336151123 0.0020437240600585938 0.1996457576751709 136
935 910 25 0.19228291511535645 0.0018525123596191406 0.19413542747497559 137
940 916 24 0.19349074363708496 0.0018107891082763672 0.19530153274536133 138
946 922 24 0.190582275390625 0.0019407272338867188 0.19252300262451172 139
952 928 24 0.2113192081451416 0.010128259658813477 0.22144746780395508 140
959 934 25 0.19304442405700684 0.0019314289093017578 0.1949758529663086 141
965 940 25 0.19461703300476074 0.0018532276153564453 0.1964702606201172 142
971 946 25 0.18950271606445312 0.0026350021362304688 0.1921377182006836 143
977 952 25 0.19959259033203125 0.002153635025024414 0.20174622535705566 144
983 958 25 0.1916673183441162 0.0018911361694335938 0.1935584545135498 145
989 965 24 0.19078707695007324 0.002384662628173828 0.19317173957824707 146
995 971 24 0.1928706169128418 0.013531923294067383 0.20640254020690918 147
1001 976 25 0.2003018856048584 0.005160093307495117 0.20546197891235352 148
1008 983 24 0.20224380493164062 0.0020575523376464844 0.2043013572692871 149
1014 988 26 0.19220900535583496 0.0024073123931884766 0.19461631774902344 150
1020 994 26 0.20061469078063965 0.0020732879638671875 0.20268797874450684 151
1026 1001 25 0.18990373611450195 0.0021800994873046875 0.19208383560180664 152
1032 1007 25 0.19232749938964844 0.002095937728881836 0.19442343711853027 153
1038 1013 25 0.19426321983337402 0.002091646194458008 0.19635486602783203 154
1044 1019 25 0.19550371170043945 0.007909536361694336 0.2034132480621338 155
1050 1025 25 0.19101738929748535 0.0020122528076171875 0.19302964210510254 156
1056 1031 25 0.1923525333404541 0.002292633056640625 0.19464516639709473 157
1062 1037 25 0.20196318626403809 0.0023381710052490234 0.2043013572692871 158
1068 1043 25 0.19741058349609375 0.0020482540130615234 0.19945883750915527 159
1074 1049 25 0.19110918045043945 0.0020809173583984375 0.1931900978088379 160
1080 1055 25 0.18930530548095703 0.0018620491027832031 0.19116735458374023 161
1086 1061 25 0.19062185287475586 0.0019421577453613281 0.1925640106201172 162
1092 1067 24 0.19361376762390137 0.0018846988677978516 0.19549846649169922 163
1097 1073 24 0.19885945320129395 0.0016088485717773438 0.2004683017730713 164
1104 1079 25 0.18878698348999023 0.0016431808471679688 0.1904301643371582 165
1109 1085 24 0.19200468063354492 0.0019063949584960938 0.19391107559204102 166
1115 1091 24 0.19405889511108398 0.001997232437133789 0.19605612754821777 167
1121 1097 24 0.19963431358337402 0.012739419937133789 0.2123737335205078 168
1128 1103 25 0.19016695022583008 0.0018270015716552734 0.19199395179748535 169
1134 1109 25 0.19030547142028809 0.0017552375793457031 0.1920607089996338 170
1140 1115 25 0.19091463088989258 0.001802682876586914 0.1927173137664795 171
1146 1121 24 0.1912233829498291 0.0018765926361083984 0.1930999755859375 172
1151 1127 24 0.19338059425354004 0.0018792152404785156 0.19525980949401855 173
1157 1133 24 0.1908740997314453 0.0014650821685791016 0.19233918190002441 174
1163 1139 24 0.18849563598632812 0.002037525177001953 0.19053316116333008 175
1169 1145 24 0.18933868408203125 0.0018742084503173828 0.19121289253234863 176
1175 1151 24 0.19219684600830078 0.001734018325805664 0.19393086433410645 177
1181 1157 24 0.19731998443603516 0.002213001251220703 0.19953298568725586 178
1187 1163 24 0.20384740829467773 0.012939929962158203 0.21678733825683594 179
1194 1169 25 0.18901515007019043 0.002151966094970703 0.19116711616516113 180
1200 1174 25 0.1954786777496338 0.0020041465759277344 0.19748282432556152 181
1206 1180 26 0.19264531135559082 0.0014376640319824219 0.19408297538757324 182
1212 1186 26 0.19258642196655273 0.0017037391662597656 0.1942901611328125 183
1218 1193 24 0.18911170959472656 0.0031805038452148438 0.1922922134399414 184
1223 1199 24 0.19885921478271484 0.002162456512451172 0.20102167129516602 185
1229 1205 24 0.19831228256225586 0.0018644332885742188 0.20017671585083008 186
1236 1211 25 0.19221234321594238 0.0019838809967041016 0.19419622421264648 187
1242 1217 25 0.19373798370361328 0.0017881393432617188 0.195526123046875 188
1248 1223 25 0.19560694694519043 0.0017650127410888672 0.1973719596862793 189
1254 1229 25 0.192230224609375 0.0018029212951660156 0.19403314590454102 190
1260 1235 25 0.19097232818603516 0.001913309097290039 0.1928856372833252 191
1266 1241 25 0.19266223907470703 0.0017337799072265625 0.1943960189819336 192
1272 1247 24 0.1930229663848877 0.001939535140991211 0.1949625015258789 193
1277 1253 24 0.1998882293701172 0.0017375946044921875 0.20162582397460938 194
1284 1259 25 0.1918928623199463 0.0016868114471435547 0.19357967376708984 195
1289 1265 24 0.19190311431884766 0.0015714168548583984 0.19347453117370605 196
1295 1271 24 0.1898186206817627 0.0016851425170898438 0.19150376319885254 197
1301 1277 24 0.2057969570159912 0.0016300678253173828 0.2074270248413086 198
1307 1283 24 0.19669246673583984 0.013202190399169922 0.20989465713500977 199
1314 1289 25 0.19982004165649414 0.0017914772033691406 0.20161151885986328 200
1320 1295 25 0.20059752464294434 0.0016567707061767578 0.2022542953491211 201
1326 1301 25 0.19602704048156738 0.0016853809356689453 0.19771242141723633 202
1332 1307 25 0.19467496871948242 0.0016109943389892578 0.19628596305847168 203
1338 1313 25 0.19320130348205566 0.0017724037170410156 0.19497370719909668 204
1344 1320 24 0.1990971565246582 0.0017938613891601562 0.20089101791381836 205
1350 1326 24 0.19693303108215332 0.0016567707061767578 0.19858980178833008 206
1356 1332 24 0.19027447700500488 0.0016727447509765625 0.19194722175598145 207
1362 1338 24 0.19686150550842285 0.0017740726470947266 0.19863557815551758 208
1368 1344 24 0.1978626251220703 0.014001846313476562 0.21186447143554688 209
1375 1350 25 0.21083974838256836 0.0050201416015625 0.21585988998413086 210
1381 1356 25 0.19531559944152832 0.001806020736694336 0.19712162017822266 211
1387 1362 25 0.19179105758666992 0.0017669200897216797 0.1935579776763916 212
1393 1368 25 0.19244670867919922 0.0021355152130126953 0.19458222389221191 213
1399 1374 25 0.19472908973693848 0.0016651153564453125 0.1963942050933838 214
1405 1381 24 0.19220685958862305 0.001825571060180664 0.1940324306488037 215
1411 1387 24 0.18873858451843262 0.00168609619140625 0.19042468070983887 216
1417 1393 24 0.19931745529174805 0.0017809867858886719 0.20109844207763672 217
1423 1398 25 0.19155049324035645 0.0016016960144042969 0.19315218925476074 218
1429 1405 24 0.19279956817626953 0.001600503921508789 0.19440007209777832 219
1435 1411 24 0.19115877151489258 0.001697540283203125 0.1928563117980957 220
1441 1416 25 0.19959545135498047 0.0016036033630371094 0.20119905471801758 221
1447 1422 25 0.19991445541381836 0.001682281494140625 0.20159673690795898 222
1453 1428 25 0.19898700714111328 0.0018696784973144531 0.20085668563842773 223
1459 1434 25 0.20435500144958496 0.0023424625396728516 0.2066974639892578 224
1465 1440 25 0.20231151580810547 0.0026175975799560547 0.20492911338806152 225
1472 1446 26 0.1944568157196045 0.001756429672241211 0.1962132453918457 226
1478 1452 26 0.20043206214904785 0.004208087921142578 0.20464015007019043 227
1484 1458 26 0.19284343719482422 0.0019335746765136719 0.1947770118713379 228
1490 1465 25 0.1947793960571289 0.00151824951171875 0.19629764556884766 229
1496 1471 25 0.19939517974853516 0.0018455982208251953 0.20124077796936035 230
1502 1477 25 0.19402146339416504 0.0016205310821533203 0.19564199447631836 231
1508 1483 25 0.1930217742919922 0.0017642974853515625 0.19478607177734375 232
1514 1489 25 0.1942005157470703 0.00972747802734375 0.20392799377441406 233
1520 1495 25 0.19048094749450684 0.0016033649444580078 0.19208431243896484 234
1526 1501 25 0.19077730178833008 0.0019676685333251953 0.19274497032165527 235
1532 1507 25 0.19047045707702637 0.0020313262939453125 0.19250178337097168 236
1538 1513 25 0.19712448120117188 0.0023262500762939453 0.19945073127746582 237
1544 1520 24 0.20075464248657227 0.0036683082580566406 0.2044229507446289 238
1550 1526 24 0.19349312782287598 0.012444496154785156 0.20593762397766113 239
1557 1532 25 0.19532203674316406 0.008080005645751953 0.20340204238891602 240
1563 1538 25 0.19504904747009277 0.001764535903930664 0.19681358337402344 241
1569 1544 25 0.19112586975097656 0.001863718032836914 0.19298958778381348 242
1575 1550 25 0.19224810600280762 0.0019102096557617188 0.19415831565856934 243
1581 1556 25 0.19019389152526855 0.002069234848022461 0.19226312637329102 244
1587 1562 25 0.19510793685913086 0.002201080322265625 0.19730901718139648 245
1593 1569 24 0.20622849464416504 0.002162456512451172 0.2083909511566162 246
1599 1574 25 0.19429898262023926 0.002135038375854492 0.19643402099609375 247
1605 1580 25 0.19073772430419922 0.0025398731231689453 0.19327759742736816 248
1611 1586 25 0.19494295120239258 0.0020074844360351562 0.19695043563842773 249
1617 1592 25 0.19426631927490234 0.002476930618286133 0.19674324989318848 250
1623 1599 24 0.19575881958007812 0.002079486846923828 0.19783830642700195 251
1629 1605 24 0.19103431701660156 0.001811981201171875 0.19284629821777344 252
1635 1611 24 0.19386029243469238 0.0018160343170166016 0.19567632675170898 253
1641 1617 24 0.19195175170898438 0.002315521240234375 0.19426727294921875 254
1647 1623 24 0.19849085807800293 0.001856088638305664 0.2003469467163086 255
1653 1629 24 0.20638322830200195 0.001649618148803711 0.20803284645080566 256
1660 1635 24 0.20350170135498047 0.011585474014282227 0.2150871753692627 257
1666 1641 25 0.20012211799621582 0.017726421356201172 0.217848539352417 258
1673 1647 26 0.19276666641235352 0.0017540454864501953 0.1945207118988037 259
1679 1653 26 0.19081711769104004 0.0019423961639404297 0.19275951385498047 260
1684 1659 25 0.1928856372833252 0.0018472671508789062 0.1947329044342041 261
1690 1666 24 0.1916344165802002 0.0017194747924804688 0.19335389137268066 262
1696 1672 24 0.19110512733459473 0.001800537109375 0.19290566444396973 263
1702 1678 24 0.19620347023010254 0.002864360809326172 0.1990678310394287 264
1708 1684 24 0.19959473609924316 0.0016949176788330078 0.20128965377807617 265
1714 1690 24 0.19255995750427246 0.0018796920776367188 0.19443964958190918 266
1720 1696 24 0.1930098533630371 0.001975536346435547 0.19498538970947266 267
1726 1702 24 0.19359946250915527 0.0019147396087646484 0.19551420211791992 268
1732 1708 24 0.20609235763549805 0.0016193389892578125 0.20771169662475586 269
1738 1714 24 0.19121170043945312 0.0017871856689453125 0.19299888610839844 270
1744 1720 24 0.1915113925933838 0.0022592544555664062 0.1937706470489502 271
1750 1726 24 0.19240283966064453 0.011520147323608398 0.20392298698425293 272
1756 1732 24 0.19606614112854004 0.0020601749420166016 0.19812631607055664 273
1762 1738 24 0.19212007522583008 0.0020389556884765625 0.19415903091430664 274
1768 1744 24 0.1900796890258789 0.002208709716796875 0.19228839874267578 275
1774 1750 24 0.19329214096069336 0.0023603439331054688 0.19565248489379883 276
1780 1756 24 0.19315743446350098 0.0021257400512695312 0.1952831745147705 277
1786 1762 24 0.20446467399597168 0.0019998550415039062 0.20646452903747559 278
1792 1768 24 0.19356060028076172 0.001817941665649414 0.19537854194641113 279
1798 1774 24 0.19092726707458496 0.002017498016357422 0.19294476509094238 280
1804 1780 24 0.19211196899414062 0.0020325183868408203 0.19414448738098145 281
1810 1785 25 0.19300246238708496 0.001644134521484375 0.19464659690856934 282
1816 1792 24 0.1927168369293213 0.0018558502197265625 0.19457268714904785 283
1822 1798 24 0.19638609886169434 0.0020241737365722656 0.1984102725982666 284
1828 1804 24 0.19573068618774414 0.007318258285522461 0.2030489444732666 285
1834 1810 24 0.1888422966003418 0.0018177032470703125 0.1906599998474121 286
1840 1816 24 0.19501233100891113 0.0020225048065185547 0.1970348358154297 287
1846 1821 25 0.1930696964263916 0.0020287036895751953 0.1950984001159668 288
1852 1827 25 0.19415760040283203 0.0019636154174804688 0.1961212158203125 289
1858 1834 24 0.19431829452514648 0.0018684864044189453 0.19618678092956543 290
1864 1839 25 0.19406509399414062 0.0019290447235107422 0.19599413871765137 291
1870 1845 25 0.19300079345703125 0.00191497802734375 0.194915771484375 292
1876 1851 25 0.19835424423217773 0.00189971923828125 0.20025396347045898 293
1882 1857 25 0.19482207298278809 0.0017938613891601562 0.19661593437194824 294
1888 1863 25 0.19604182243347168 0.00812840461730957 0.20417022705078125 295
1894 1869 25 0.19563841819763184 0.002003908157348633 0.19764232635498047 296
1900 1875 25 0.1940157413482666 0.002321958541870117 0.19633769989013672 297
1906 1881 25 0.19081687927246094 0.0020170211791992188 0.19283390045166016 298
1912 1887 25 0.1940474510192871 0.001996755599975586 0.1960442066192627 299
1918 1893 25 0.20380568504333496 0.0019338130950927734 0.20573949813842773 300
1924 1899 25 0.19279265403747559 0.0020546913146972656 0.19484734535217285 301
1930 1905 25 0.19129252433776855 0.0018405914306640625 0.19313311576843262 302
1936 1911 25 0.1959683895111084 0.0021657943725585938 0.198134183883667 303
1942 1917 25 0.21086955070495605 0.0018422603607177734 0.21271181106567383 304
1948 1924 24 0.20354580879211426 0.0017359256744384766 0.20528173446655273 305
1955 1929 26 0.20772147178649902 0.005410671234130859 0.21313214302062988 306
1961 1935 26 0.20323705673217773 0.00838613510131836 0.2116231918334961 307
1968 1941 27 0.1903243064880371 0.013788223266601562 0.20411252975463867 308
1974 1948 26 0.19418597221374512 0.0017697811126708984 0.19595575332641602 309
1980 1954 26 0.19652628898620605 0.0018725395202636719 0.19839882850646973 310
1986 1961 25 0.19541049003601074 0.002017498016357422 0.19742798805236816 311
1992 1967 25 0.19346165657043457 0.001878499984741211 0.19534015655517578 312
1998 1974 24 0.19371795654296875 0.0018188953399658203 0.19553685188293457 313
2004 1980 24 0.19421744346618652 0.0018422603607177734 0.1960597038269043 314
2010 1986 24 0.2014608383178711 0.0019378662109375 0.2033987045288086 315
2016 1992 24 0.19450712203979492 0.001979351043701172 0.1964864730834961 316
2022 1998 24 0.1921064853668213 0.0019812583923339844 0.19408774375915527 317
2028 2004 24 0.19262099266052246 0.002004861831665039 0.1946258544921875 318
2034 2010 24 0.20293688774108887 0.002004384994506836 0.2049412727355957 319
2040 2016 24 0.19271230697631836 0.0029799938201904297 0.1956923007965088 320
2046 2022 24 0.19304585456848145 0.0019216537475585938 0.19496750831604004 321
2052 2028 24 0.19424653053283691 0.002324819564819336 0.19657135009765625 322
2058 2034 24 0.2028484344482422 0.0021581649780273438 0.20500659942626953 323
2065 2040 25 0.20077204704284668 0.0020177364349365234 0.2027897834777832 324
2071 2046 25 0.23545169830322266 0.001947641372680664 0.23739933967590332 325
2078 2052 26 0.20003080368041992 0.001789093017578125 0.20181989669799805 326
2084 2058 26 0.19259977340698242 0.0018122196197509766 0.1944119930267334 327
2090 2064 26 0.1918339729309082 0.001687765121459961 0.19352173805236816 328
2096 2070 26 0.19243264198303223 0.001802206039428711 0.19423484802246094 329
2102 2078 24 0.1927790641784668 0.01181936264038086 0.20459842681884766 330
2108 2084 24 0.19213128089904785 0.0018527507781982422 0.1939840316772461 331
2114 2090 24 0.19503569602966309 0.00189971923828125 0.19693541526794434 332
2120 2095 25 0.19561314582824707 0.0017287731170654297 0.1973419189453125 333
2126 2101 25 0.1938009262084961 0.0021774768829345703 0.19597840309143066 334
2132 2108 24 0.19540095329284668 0.010385751724243164 0.20578670501708984 335
2138 2113 25 0.1953270435333252 0.0017256736755371094 0.1970527172088623 336
2144 2119 25 0.19300103187561035 0.0020220279693603516 0.1950230598449707 337
2150 2125 25 0.19588947296142578 0.0028426647186279297 0.1987321376800537 338
2156 2131 25 0.19480395317077637 0.0033278465270996094 0.19813179969787598 339
2162 2138 24 0.2007906436920166 0.0019271373748779297 0.20271778106689453 340
2168 2144 24 0.19064903259277344 0.0018339157104492188 0.19248294830322266 341
2174 2150 24 0.19331932067871094 0.0019311904907226562 0.1952505111694336 342
2180 2156 24 0.19144892692565918 0.001982450485229492 0.19343137741088867 343
2186 2162 24 0.1963670253753662 0.003955841064453125 0.20032286643981934 344
2192 2168 24 0.19410037994384766 0.0018677711486816406 0.1959681510925293 345
2198 2174 24 0.19351816177368164 0.002100706100463867 0.1956188678741455 346
2204 2180 24 0.19516849517822266 0.0019621849060058594 0.19713068008422852 347
2210 2186 24 0.20480060577392578 0.0019211769104003906 0.20672178268432617 348
2217 2192 25 0.1943821907043457 0.0018508434295654297 0.19623303413391113 349
2223 2198 25 0.1923384666442871 0.0017323493957519531 0.19407081604003906 350
2229 2204 24 0.1941993236541748 0.001725912094116211 0.19592523574829102 351
2234 2210 24 0.19458961486816406 0.001726388931274414 0.19631600379943848 352
2240 2216 24 0.1951289176940918 0.001871347427368164 0.19700026512145996 353
2246 2222 24 0.20491862297058105 0.0020477771759033203 0.20696640014648438 354
2253 2228 25 0.19443535804748535 0.0019371509552001953 0.19637250900268555 355
2259 2234 25 0.19209504127502441 0.002020597457885742 0.19411563873291016 356
2265 2240 25 0.19289112091064453 0.002165555953979492 0.19505667686462402 357
2271 2246 24 0.21361517906188965 0.012930631637573242 0.2265458106994629 358
2277 2252 25 0.20395302772521973 0.0035135746002197266 0.20746660232543945 359
2284 2258 26 0.20516300201416016 0.0016276836395263672 0.20679068565368652 360
2290 2264 26 0.1942763328552246 0.001837015151977539 0.19611334800720215 361
2296 2270 26 0.1957688331604004 0.0019288063049316406 0.19769763946533203 362
2302 2277 25 0.19188952445983887 0.0019540786743164062 0.19384360313415527 363
2308 2283 25 0.1936173439025879 0.0060269832611083984 0.1996443271636963 364
2314 2289 25 0.1927344799041748 0.0023648738861083984 0.1950993537902832 365
2320 2295 25 0.19359302520751953 0.0033364295959472656 0.1969294548034668 366
2326 2301 25 0.19428205490112305 0.002197742462158203 0.19647979736328125 367
2332 2307 25 0.19913482666015625 0.0017261505126953125 0.20086097717285156 368
2338 2313 25 0.19463157653808594 0.001684427261352539 0.19631600379943848 369
2344 2319 25 0.19318413734436035 0.0026204586029052734 0.19580459594726562 370
2350 2325 25 0.20359396934509277 0.002747774124145508 0.20634174346923828 371
2356 2332 24 0.1955878734588623 0.0018467903137207031 0.197434663772583 372
2362 2338 24 0.19463896751403809 0.0016167163848876953 0.19625568389892578 373
2368 2344 24 0.1929914951324463 0.0016870498657226562 0.19467854499816895 374
2374 2349 25 0.19559669494628906 0.0018792152404785156 0.19747591018676758 375
2380 2356 24 0.2020423412322998 0.0018315315246582031 0.203873872756958 376
2387 2362 24 0.19350481033325195 0.0018298625946044922 0.19533467292785645 377
2392 2368 24 0.1952366828918457 0.0018382072448730469 0.19707489013671875 378
2398 2374 24 0.19189810752868652 0.001922607421875 0.19382071495056152 379
2404 2380 24 0.20627546310424805 0.0018661022186279297 0.20814156532287598 380
2411 2386 25 0.19583821296691895 0.0018000602722167969 0.19763827323913574 381
2417 2392 25 0.1954958438873291 0.0018007755279541016 0.1972966194152832 382
2423 2398 25 0.19490361213684082 0.0018727779388427734 0.1967763900756836 383
2429 2404 25 0.2027571201324463 0.0017614364624023438 0.20451855659484863 384
2435 2410 25 0.19284701347351074 0.0017588138580322266 0.19460582733154297 385
2441 2416 25 0.19481396675109863 0.001567840576171875 0.1963818073272705 386
2447 2422 25 0.19646525382995605 0.0016510486602783203 0.19811630249023438 387
2453 2428 25 0.19703245162963867 0.006056308746337891 0.20308876037597656 388
2459 2434 25 0.19376802444458008 0.001577615737915039 0.19534564018249512 389
2465 2440 25 0.193464994430542 0.001493215560913086 0.19495820999145508 390
2471 2446 25 0.19492506980895996 0.0014219284057617188 0.19634699821472168 391
2477 2452 25 0.19408392906188965 0.001626729965209961 0.1957106590270996 392
2483 2459 24 0.20366787910461426 0.0016553401947021484 0.2053232192993164 393
2489 2465 24 0.19547820091247559 0.0015442371368408203 0.1970224380493164 394
2495 2470 25 0.20386481285095215 0.002461671829223633 0.20632648468017578 395
2502 2476 26 0.21108055114746094 0.012779712677001953 0.2238602638244629 396
2509 2482 27 0.19354629516601562 0.0011968612670898438 0.19474315643310547 397
2515 2489 26 0.19436001777648926 0.001832723617553711 0.19619274139404297 398
2521 2495 26 0.19630789756774902 0.008366823196411133 0.20467472076416016 399
2527 2501 26 0.19603610038757324 0.0018384456634521484 0.1978745460510254 400
2533 2508 25 0.1947004795074463 0.002368927001953125 0.19706940650939941 401
2539 2514 25 0.19573163986206055 0.001796722412109375 0.19752836227416992 402
2545 2520 25 0.19942617416381836 0.001592874526977539 0.2010190486907959 403
2551 2526 25 0.19515061378479004 0.0018162727355957031 0.19696688652038574 404
2557 2532 25 0.1944141387939453 0.002028942108154297 0.1964430809020996 405
2563 2538 25 0.19573402404785156 0.0022482872009277344 0.1979823112487793 406
2569 2544 25 0.20539498329162598 0.0020089149475097656 0.20740389823913574 407
2575 2550 25 0.20617175102233887 0.0016520023345947266 0.2078237533569336 408
2582 2557 25 0.20201444625854492 0.008368968963623047 0.21038341522216797 409
2588 2563 25 0.20618247985839844 0.0056607723236083984 0.21184325218200684 410
2595 2569 26 0.1941378116607666 0.001344442367553711 0.1954822540283203 411
2601 2575 26 0.19573044776916504 0.0018227100372314453 0.19755315780639648 412
2607 2581 26 0.1969296932220459 0.002312183380126953 0.19924187660217285 413
2613 2588 25 0.2064206600189209 0.001516103744506836 0.20793676376342773 414
2619 2594 25 0.19537639617919922 0.0014979839324951172 0.19687438011169434 415
2625 2600 25 0.19421029090881348 0.0015320777893066406 0.19574236869812012 416
2631 2606 25 0.19585323333740234 0.001985788345336914 0.19783902168273926 417
2637 2612 25 0.2047438621520996 0.0014472007751464844 0.2061910629272461 418
2643 2619 24 0.19496941566467285 0.001378774642944336 0.1963481903076172 419
2649 2625 24 0.19788503646850586 0.0016438961029052734 0.19952893257141113 420
2655 2631 24 0.1976311206817627 0.001695871353149414 0.1993269920349121 421
2661 2637 24 0.197829008102417 0.0019884109497070312 0.19981741905212402 422
2668 2643 25 0.19596004486083984 0.001407623291015625 0.19736766815185547 423
2674 2649 25 0.2044203281402588 0.0015873908996582031 0.206007719039917 424
2680 2655 25 0.1949775218963623 0.0018682479858398438 0.19684576988220215 425
2686 2661 25 0.20365262031555176 0.0014581680297851562 0.20511078834533691 426
2692 2667 25 0.21715521812438965 0.001367330551147461 0.2185225486755371 427
2699 2673 26 0.19673442840576172 0.0015118122100830078 0.19824624061584473 428
2705 2680 25 0.2016758918762207 0.0013713836669921875 0.2030472755432129 429
2711 2686 25 0.2082514762878418 0.0015666484832763672 0.20981812477111816 430
2717 2692 25 0.21228599548339844 0.002635478973388672 0.2149214744567871 431
2724 2698 26 0.196000337600708 0.0017502307891845703 0.19775056838989258 432
2730 2705 25 0.19976019859313965 0.008458614349365234 0.20821881294250488 433
2737 2711 25 0.19493985176086426 0.0018253326416015625 0.19676518440246582 434
2743 2717 26 0.19741344451904297 0.0031495094299316406 0.2005629539489746 435
2749 2724 25 0.19498753547668457 0.0019605159759521484 0.19694805145263672 436
2755 2730 25 0.19461584091186523 0.0021619796752929688 0.1967778205871582 437
2761 2736 25 0.19352388381958008 0.0021026134490966797 0.19562649726867676 438
2767 2742 25 0.19643115997314453 0.0021066665649414062 0.19853782653808594 439
2773 2748 25 0.19972634315490723 0.0016696453094482422 0.20139598846435547 440
2779 2754 25 0.20166301727294922 0.0018260478973388672 0.20348906517028809 441
2785 2760 25 0.1970536708831787 0.0020487308502197266 0.19910240173339844 442
2791 2766 25 0.19391942024230957 0.0017654895782470703 0.19568490982055664 443
2797 2772 25 0.1955099105834961 0.002468585968017578 0.19797849655151367 444
2803 2778 25 0.1981191635131836 0.0026721954345703125 0.2007913589477539 445
2809 2785 24 0.20557355880737305 0.0019643306732177734 0.20753788948059082 446
2816 2791 25 0.1932969093322754 0.00231170654296875 0.19560861587524414 447
2822 2797 25 0.19532179832458496 0.0018134117126464844 0.19713521003723145 448
2828 2803 25 0.19768285751342773 0.0018389225006103516 0.19952178001403809 449
2834 2809 25 0.19835901260375977 0.0017943382263183594 0.20015335083007812 450
2840 2815 25 0.20390796661376953 0.0020639896392822266 0.20597195625305176 451
2846 2821 25 0.1937110424041748 0.0016591548919677734 0.19537019729614258 452
2852 2827 25 0.19519925117492676 0.0015854835510253906 0.19678473472595215 453
2858 2833 25 0.19786667823791504 0.0017237663269042969 0.19959044456481934 454
2864 2839 25 0.20906448364257812 0.001739501953125 0.21080398559570312 455
2871 2845 26 0.1950061321258545 0.0016460418701171875 0.19665217399597168 456
2877 2851 26 0.20654726028442383 0.005657196044921875 0.2122044563293457 457
2883 2857 26 0.20383024215698242 0.0016567707061767578 0.20548701286315918 458
2889 2864 25 0.19556808471679688 0.002183675765991211 0.19775176048278809 459
2896 2870 25 0.19691133499145508 0.0016179084777832031 0.19852924346923828 460
2902 2876 26 0.19523882865905762 0.0018260478973388672 0.19706487655639648 461
2908 2883 25 0.19559478759765625 0.0017805099487304688 0.19737529754638672 462
2914 2889 25 0.1982419490814209 0.0018296241760253906 0.2000715732574463 463
2920 2895 25 0.20498418807983398 0.0017652511596679688 0.20674943923950195 464
2926 2901 25 0.19776701927185059 0.0016582012176513672 0.19942522048950195 465
2932 2907 25 0.19706130027770996 0.0015628337860107422 0.1986241340637207 466
2938 2913 25 0.19735002517700195 0.0015134811401367188 0.19886350631713867 467
2944 2919 25 0.20517230033874512 0.0016868114471435547 0.20685911178588867 468
2950 2925 25 0.19584012031555176 0.0020792484283447266 0.19791936874389648 469
2956 2932 24 0.19374537467956543 0.0020194053649902344 0.19576478004455566 470
2962 2938 24 0.19408917427062988 0.0019521713256835938 0.19604134559631348 471
2968 2944 24 0.20302963256835938 0.0019338130950927734 0.20496344566345215 472
2975 2950 25 0.19490671157836914 0.0017445087432861328 0.19665122032165527 473
2981 2956 24 0.19599294662475586 0.0018153190612792969 0.19780826568603516 474
2987 2962 25 0.19587278366088867 0.0015468597412109375 0.1974196434020996 475
2993 2968 25 0.19803285598754883 0.0022742748260498047 0.20030713081359863 476
2999 2974 25 0.2057819366455078 0.0018892288208007812 0.2076711654663086 477
3005 2980 25 0.19976067543029785 0.0015914440155029297 0.20135211944580078 478
3011 2986 25 0.19914484024047852 0.0018906593322753906 0.2010354995727539 479
3017 2992 25 0.19987726211547852 0.0015435218811035156 0.20142078399658203 480
3023 2998 25 0.19925379753112793 0.0019550323486328125 0.20120882987976074 481
3029 3005 24 0.20836925506591797 0.00173187255859375 0.21010112762451172 482
3036 3011 25 0.1969773769378662 0.0018892288208007812 0.198866605758667 483
3042 3017 25 0.19570255279541016 0.001699209213256836 0.197401762008667 484
3048 3023 25 0.19378399848937988 0.0022377967834472656 0.19602179527282715 485
3054 3029 25 0.20312118530273438 0.0017502307891845703 0.20487141609191895 486
3060 3035 25 0.19609999656677246 0.0019099712371826172 0.19800996780395508 487
3066 3041 25 0.19554805755615234 0.0017538070678710938 0.19730186462402344 488
3072 3047 25 0.1970677375793457 0.002129077911376953 0.19919681549072266 489
3078 3053 25 0.20358991622924805 0.0018100738525390625 0.2053999900817871 490
3084 3060 24 0.19597434997558594 0.002318143844604492 0.19829249382019043 491
3090 3066 24 0.19724440574645996 0.0018742084503173828 0.19911861419677734 492
3096 3072 24 0.20223093032836914 0.0016448497772216797 0.20387578010559082 493
3103 3078 25 0.20670318603515625 0.0019040107727050781 0.20860719680786133 494
3109 3084 25 0.19745779037475586 0.0017285346984863281 0.1991863250732422 495
3115 3090 25 0.19730138778686523 0.001905202865600586 0.19920659065246582 496
3121 3096 25 0.19740581512451172 0.0018219947814941406 0.19922780990600586 497
3127 3102 25 0.20877313613891602 0.0011563301086425781 0.2099294662475586 498
3133 3109 24 0.19522809982299805 0.0018796920776367188 0.19710779190063477 499
3139 3115 24 0.19620513916015625 0.0015935897827148438 0.1977987289428711 500
3146 3121 24 0.19738173484802246 0.0018074512481689453 0.1991891860961914 501
3152 3127 25 0.20930838584899902 0.0014531612396240234 0.21076154708862305 502
3158 3133 25 0.21360325813293457 0.004854679107666016 0.21845793724060059 503
3165 3139 26 0.19996166229248047 0.0029735565185546875 0.20293521881103516 504
3171 3145 26 0.20125770568847656 0.0015153884887695312 0.2027730941772461 505
3177 3151 26 0.19788599014282227 0.004984140396118164 0.20287013053894043 506
3184 3158 26 0.19971728324890137 0.005930900573730469 0.20564818382263184 507
3190 3164 26 0.19801855087280273 0.0014579296112060547 0.1994764804840088 508
3196 3170 26 0.19790935516357422 0.0019145011901855469 0.19982385635375977 509
3202 3177 25 0.19620752334594727 0.0017180442810058594 0.19792556762695312 510
3208 3183 25 0.2007284164428711 0.0014698505401611328 0.20219826698303223 511
3214 3189 25 0.19624018669128418 0.002379894256591797 0.19862008094787598 512
3220 3195 25 0.19375371932983398 0.001920461654663086 0.19567418098449707 513
3226 3201 25 0.192702054977417 0.001905202865600586 0.19460725784301758 514
3232 3208 24 0.19476985931396484 0.0018374919891357422 0.19660735130310059 515
3238 3213 25 0.19466853141784668 0.001936197280883789 0.19660472869873047 516
3244 3220 24 0.2079787254333496 0.0016663074493408203 0.20964503288269043 517
3250 3226 24 0.19625139236450195 0.002001047134399414 0.19825243949890137 518
3256 3232 24 0.19457674026489258 0.0022401809692382812 0.19681692123413086 519
3262 3237 25 0.1942141056060791 0.0018625259399414062 0.1960766315460205 520
3268 3243 25 0.19684362411499023 0.0020132064819335938 0.19885683059692383 521
3274 3250 24 0.21068477630615234 0.0020482540130615234 0.21273303031921387 522
3281 3256 25 0.1986546516418457 0.0019888877868652344 0.20064353942871094 523
3287 3262 25 0.19882988929748535 0.0019125938415527344 0.20074248313903809 524
3293 3268 25 0.1971590518951416 0.0021355152130126953 0.1992945671081543 525
3299 3274 25 0.20136260986328125 0.0024271011352539062 0.20378971099853516 526
3305 3280 25 0.20197010040283203 0.002013683319091797 0.20398378372192383 527
3312 3286 26 0.19348573684692383 0.001874685287475586 0.19536042213439941 528
3318 3293 24 0.19538664817810059 0.0017135143280029297 0.19710016250610352 529
3324 3299 24 0.19652080535888672 0.0021576881408691406 0.19867849349975586 530
3330 3305 25 0.19435453414916992 0.0019752979278564453 0.19632983207702637 531
3336 3311 24 0.19893741607666016 0.0019469261169433594 0.20088434219360352 532
3342 3317 25 0.19924569129943848 0.001800537109375 0.20104622840881348 533
3348 3323 25 0.1987144947052002 0.0022652149200439453 0.20097970962524414 534
3354 3329 25 0.19936347007751465 0.002061128616333008 0.20142459869384766 535
3360 3335 25 0.2003469467163086 0.0018985271453857422 0.20224547386169434 536
3366 3341 25 0.199554443359375 0.001856088638305664 0.20141053199768066 537
3372 3348 24 0.1991887092590332 0.0018558502197265625 0.20104455947875977 538
3379 3354 25 0.19952869415283203 0.002504110336303711 0.20203280448913574 539
3385 3360 25 0.20211005210876465 0.002202272415161133 0.20431232452392578 540
3391 3366 25 0.19539761543273926 0.0021829605102539062 0.19758057594299316 541
3397 3372 25 0.19366812705993652 0.0020020008087158203 0.19567012786865234 542
3403 3378 25 0.20099806785583496 0.0018663406372070312 0.202864408493042 543
3409 3384 25 0.21637344360351562 0.0020453929901123047 0.21841883659362793 544
3416 3390 26 0.19562745094299316 0.002173900604248047 0.1978013515472412 545
3422 3397 25 0.20416593551635742 0.001870870590209961 0.20603680610656738 546
3428 3402 26 0.19426894187927246 0.001964569091796875 0.19623351097106934 547
3434 3409 25 0.19836211204528809 0.0019249916076660156 0.2002871036529541 548
3440 3415 25 0.19922852516174316 0.004666328430175781 0.20389485359191895 549
3446 3421 25 0.19452190399169922 0.0017485618591308594 0.19627046585083008 550
3452 3428 24 0.19548344612121582 0.002126932144165039 0.19761037826538086 551
3458 3434 24 0.19237136840820312 0.0019826889038085938 0.19435405731201172 552
3464 3440 24 0.20798492431640625 0.002349376678466797 0.21033430099487305 553
3471 3446 25 0.20064997673034668 0.0016469955444335938 0.20229697227478027 554
3477 3452 25 0.2008969783782959 0.00410914421081543 0.20500612258911133 555
3483 3458 25 0.19357514381408691 0.0022287368774414062 0.19580388069152832 556
3489 3464 25 0.19526290893554688 0.001809835433959961 0.19707274436950684 557
3495 3470 25 0.19483065605163574 0.0018508434295654297 0.19668149948120117 558
3501 3476 25 0.1967167854309082 0.0018014907836914062 0.1985182762145996 559
3507 3483 24 0.19904398918151855 0.0021812915802001953 0.20122528076171875 560
3514 3489 24 0.19450807571411133 0.00188446044921875 0.19639253616333008 561
3520 3495 25 0.19458508491516113 0.0017647743225097656 0.1963498592376709 562
3526 3501 24 0.19561409950256348 0.0018267631530761719 0.19744086265563965 563
3532 3507 25 0.19807648658752441 0.0018107891082763672 0.19988727569580078 564
3538 3513 25 0.20922136306762695 0.0018205642700195312 0.21104192733764648 565
3544 3519 25 0.2020399570465088 0.0027310848236083984 0.2047710418701172 566
3551 3525 26 0.2045896053314209 0.007395029067993164 0.21198463439941406 567
3557 3531 26 0.20038866996765137 0.0024785995483398438 0.2028672695159912 568
3563 3537 26 0.19735169410705566 0.0018353462219238281 0.1991870403289795 569
3569 3544 25 0.1937236785888672 0.002847909927368164 0.19657158851623535 570
3575 3550 25 0.1955561637878418 0.0022504329681396484 0.19780659675598145 571
3581 3557 24 0.19670486450195312 0.001828908920288086 0.1985337734222412 572
3587 3563 24 0.1952216625213623 0.0025687217712402344 0.19779038429260254 573
3593 3569 24 0.20522308349609375 0.0023620128631591797 0.20758509635925293 574
3600 3575 25 0.1963644027709961 0.0021369457244873047 0.1985013484954834 575
3606 3581 25 0.19659852981567383 0.0019404888153076172 0.19853901863098145 576
3612 3587 25 0.20158791542053223 0.0018718242645263672 0.2034597396850586 577
3618 3593 25 0.19575810432434082 0.0019104480743408203 0.19766855239868164 578
3624 3599 25 0.19784998893737793 0.00234222412109375 0.20019221305847168 579
3630 3605 25 0.1967313289642334 0.0017955303192138672 0.19852685928344727 580
3636 3611 25 0.1966090202331543 0.002171754837036133 0.19878077507019043 581
3642 3617 25 0.194932222366333 0.002627849578857422 0.19756007194519043 582
3648 3623 25 0.19504022598266602 0.002047300338745117 0.19708752632141113 583
3654 3630 24 0.19440698623657227 0.0022878646850585938 0.19669485092163086 584
3660 3636 24 0.19511795043945312 0.0047299861907958984 0.19984793663024902 585
3666 3642 24 0.1984410285949707 0.001810312271118164 0.20025134086608887 586
3672 3648 24 0.1996457576751709 0.0065228939056396484 0.20616865158081055 587
3679 3654 25 0.19367408752441406 0.002413511276245117 0.19608759880065918 588
3685 3660 24 0.1953868865966797 0.0018198490142822266 0.19720673561096191 589
3691 3666 24 0.19697952270507812 0.002030611038208008 0.19901013374328613 590
3697 3672 25 0.20540857315063477 0.0020599365234375 0.20746850967407227 591
3703 3678 25 0.20232772827148438 0.0021622180938720703 0.20448994636535645 592
3709 3684 25 0.2031855583190918 0.01476740837097168 0.21795296669006348 593
3716 3690 26 0.19849348068237305 0.013561487197875977 0.21205496788024902 594
3722 3696 26 0.19753479957580566 0.0020477771759033203 0.19958257675170898 595
3729 3702 26 0.20094704627990723 0.0021016597747802734 0.2030487060546875 596
3735 3709 26 0.20151042938232422 0.0026302337646484375 0.20414066314697266 597
3741 3715 26 0.20884084701538086 0.0023908615112304688 0.21123170852661133 598
3747 3722 25 0.2021477222442627 0.0019483566284179688 0.20409607887268066 599
3754 3728 26 0.2010960578918457 0.0019390583038330078 0.2030351161956787 600
3760 3734 26 0.20138001441955566 0.0019485950469970703 0.20332860946655273 601
3766 3740 26 0.20634078979492188 0.008892297744750977 0.21523308753967285 602
3773 3747 25 0.20540356636047363 0.0017843246459960938 0.20718789100646973 603
3779 3753 26 0.1982409954071045 0.001905679702758789 0.20014667510986328 604
3785 3759 26 0.198866605758667 0.0021114349365234375 0.20097804069519043 605
3791 3765 26 0.19619178771972656 0.0018281936645507812 0.19801998138427734 606
3797 3772 25 0.20488333702087402 0.0019202232360839844 0.206803560256958 607
3804 3778 26 0.20350289344787598 0.0021047592163085938 0.20560765266418457 608
3810 3784 26 0.20648503303527832 0.0020024776458740234 0.20848751068115234 609
3817 3791 26 0.2055492401123047 0.0019359588623046875 0.20748519897460938 610
3823 3797 26 0.20732569694519043 0.004238128662109375 0.2115638256072998 611
3829 3803 26 0.22377943992614746 0.0019500255584716797 0.22572946548461914 612
3836 3809 27 0.20418810844421387 0.002002716064453125 0.206190824508667 613
3843 3816 27 0.20247101783752441 0.002024412155151367 0.20449542999267578 614
3849 3822 27 0.20297479629516602 0.0018658638000488281 0.20484066009521484 615
3855 3829 26 0.20255756378173828 0.013384103775024414 0.2159416675567627 616
3862 3836 26 0.20113563537597656 0.0017881393432617188 0.20292377471923828 617
3868 3842 26 0.20153474807739258 0.0018820762634277344 0.2034168243408203 618
3874 3848 26 0.20331335067749023 0.0021419525146484375 0.20545530319213867 619
3880 3855 25 0.20430779457092285 0.006696224212646484 0.21100401878356934 620
3887 3861 26 0.20716404914855957 0.0020024776458740234 0.2091665267944336 621
3893 3867 26 0.1976308822631836 0.0018031597137451172 0.1994340419769287 622
3899 3873 26 0.19836187362670898 0.0020461082458496094 0.2004079818725586 623
3905 3880 25 0.20649170875549316 0.0019500255584716797 0.20844173431396484 624
3912 3886 26 0.19561457633972168 0.002069234848022461 0.19768381118774414 625
3918 3893 25 0.19617581367492676 0.0023763179779052734 0.19855213165283203 626
3924 3899 25 0.19683122634887695 0.0018558502197265625 0.19868707656860352 627
3930 3905 25 0.19859886169433594 0.00663304328918457 0.2052319049835205 628
3936 3911 25 0.2013258934020996 0.0020852088928222656 0.20341110229492188 629
3942 3917 25 0.19405126571655273 0.0018308162689208984 0.19588208198547363 630
3948 3923 25 0.1963355541229248 0.001856088638305664 0.19819164276123047 631
3954 3929 25 0.19827580451965332 0.0020020008087158203 0.20027780532836914 632
3960 3935 25 0.19472002983093262 0.002278566360473633 0.19699859619140625 633
3966 3942 24 0.19494271278381348 0.002063274383544922 0.1970059871673584 634
3972 3948 24 0.21489810943603516 0.002021312713623047 0.2169194221496582 635
3979 3954 25 0.21311426162719727 0.0035164356231689453 0.2166306972503662 636
3985 3960 25 0.19661545753479004 0.0019104480743408203 0.19852590560913086 637
3991 3966 25 0.19483470916748047 0.0022208690643310547 0.19705557823181152 638
3997 3972 25 0.1968235969543457 0.0020897388458251953 0.1989133358001709 639
4003 3978 25 0.19587349891662598 0.003185749053955078 0.19905924797058105 640
4010 3985 24 0.2004988193511963 0.0020599365234375 0.2025587558746338 641
4016 3991 25 0.20752334594726562 0.001865386962890625 0.20938873291015625 642
4022 3997 25 0.19996094703674316 0.002202272415161133 0.2021632194519043 643
4028 4003 25 0.20223069190979004 0.002162933349609375 0.20439362525939941 644
4034 4009 25 0.20683979988098145 0.002645730972290039 0.20948553085327148 645
4041 4015 26 0.21094942092895508 0.0019655227661132812 0.21291494369506836 646
4047 4021 26 0.20244979858398438 0.0018773078918457031 0.20432710647583008 647
4053 4028 25 0.20374441146850586 0.0020751953125 0.20581960678100586 648
4060 4034 26 0.20378375053405762 0.0022072792053222656 0.20599102973937988 649
4066 4040 26 0.20578908920288086 0.001965045928955078 0.20775413513183594 650
4072 4047 25 0.20450568199157715 0.0066606998443603516 0.2111663818359375 651
4079 4053 26 0.19975852966308594 0.0020439624786376953 0.20180249214172363 652
4085 4059 26 0.2073371410369873 0.0021724700927734375 0.20950961112976074 653
4092 4065 27 0.20470857620239258 0.0019354820251464844 0.20664405822753906 654
4098 4072 26 0.20378994941711426 0.002244710922241211 0.20603466033935547 655
4104 4079 25 0.2046043872833252 0.0021805763244628906 0.20678496360778809 656
4110 4085 25 0.2148303985595703 0.002039670944213867 0.21687006950378418 657
4117 4091 26 0.20346760749816895 0.0021152496337890625 0.205582857131958 658
4123 4097 26 0.2058119773864746 0.0018830299377441406 0.20769500732421875 659
4130 4104 26 0.20878386497497559 0.0021772384643554688 0.21096110343933105 660
4136 4110 26 0.20635533332824707 0.002244710922241211 0.20860004425048828 661
4142 4117 25 0.21502971649169922 0.0020084381103515625 0.21703815460205078 662
4149 4123 26 0.21574187278747559 0.0020906925201416016 0.2178325653076172 663
4156 4129 27 0.20605087280273438 0.0019845962524414062 0.20803546905517578 664
4162 4136 26 0.20386123657226562 0.0018839836120605469 0.20574522018432617 665
4168 4142 26 0.20219755172729492 0.0029637813568115234 0.20516133308410645 666
4175 4148 27 0.19610118865966797 0.002031564712524414 0.19813275337219238 667
4181 4155 26 0.2005751132965088 0.002474069595336914 0.2030491828918457 668
4187 4162 25 0.19656777381896973 0.0019490718841552734 0.198516845703125 669
4193 4168 25 0.19612717628479004 0.00189971923828125 0.1980268955230713 670
4199 4174 25 0.20225930213928223 0.0019812583923339844 0.2042405605316162 671
4205 4180 25 0.20217227935791016 0.0020406246185302734 0.20421290397644043 672
4211 4186 25 0.20684075355529785 0.0019943714141845703 0.20883512496948242 673
4218 4192 26 0.19278264045715332 0.002200603485107422 0.19498324394226074 674
4224 4198 26 0.1972043514251709 0.0017957687377929688 0.19900012016296387 675
4230 4205 25 0.19503068923950195 0.0021522045135498047 0.19718289375305176 676
4236 4211 25 0.19968724250793457 0.002966165542602539 0.2026534080505371 677
4242 4217 25 0.19417905807495117 0.0020742416381835938 0.19625329971313477 678
4248 4223 25 0.19651532173156738 0.0020682811737060547 0.19858360290527344 679
4254 4229 25 0.19582891464233398 0.0021295547485351562 0.19795846939086914 680
4260 4235 25 0.19690299034118652 0.0020444393157958984 0.19894742965698242 681
4266 4241 25 0.19766688346862793 0.002515077590942383 0.2001819610595703 682
4272 4247 25 0.2077465057373047 0.0023984909057617188 0.2101449966430664 683
4279 4253 26 0.1999225616455078 0.0025331974029541016 0.20245575904846191 684
4285 4259 26 0.1998274326324463 0.001997232437133789 0.20182466506958008 685
4291 4266 25 0.19774389266967773 0.0020546913146972656 0.199798583984375 686
4297 4272 25 0.1976621150970459 0.0020742416381835938 0.1997363567352295 687
4303 4278 25 0.19919347763061523 0.002098560333251953 0.2012920379638672 688
4309 4284 25 0.1979227066040039 0.0047571659088134766 0.20267987251281738 689
4315 4290 25 0.20058107376098633 0.002086639404296875 0.2026677131652832 690
4321 4296 25 0.1938025951385498 0.0024442672729492188 0.19624686241149902 691
4327 4303 24 0.1990206241607666 0.001932382583618164 0.20095300674438477 692
4334 4309 25 0.19562911987304688 0.0019145011901855469 0.19754362106323242 693
4340 4315 25 0.19811725616455078 0.004123687744140625 0.2022409439086914 694
4346 4321 25 0.19401240348815918 0.0020439624786376953 0.19605636596679688 695
4352 4327 25 0.20015788078308105 0.0020971298217773438 0.2022550106048584 696
4358 4333 25 0.1982276439666748 0.0019617080688476562 0.20018935203552246 697
4364 4339 25 0.19925475120544434 0.0033664703369140625 0.2026212215423584 698
4370 4345 25 0.20541000366210938 0.0019350051879882812 0.20734500885009766 699
4377 4351 26 0.1974201202392578 0.0017905235290527344 0.19921064376831055 700
4383 4358 25 0.19424676895141602 0.001940011978149414 0.19618678092956543 701
4389 4364 25 0.1966409683227539 0.0020275115966796875 0.1986684799194336 702
4395 4370 25 0.19543218612670898 0.0026264190673828125 0.1980586051940918 703
4401 4376 25 0.19889283180236816 0.001741170883178711 0.20063400268554688 704
4407 4382 25 0.19892382621765137 0.0019047260284423828 0.20082855224609375 705
4413 4388 25 0.19563698768615723 0.0022416114807128906 0.19787859916687012 706
4419 4394 25 0.19490337371826172 0.0019621849060058594 0.19686555862426758 707
4425 4400 25 0.19370126724243164 0.002027750015258789 0.19572901725769043 708
4431 4406 25 0.19506573677062988 0.0020728111267089844 0.19713854789733887 709
4437 4413 24 0.19669580459594727 0.0023088455200195312 0.1990046501159668 710
4443 4419 24 0.20063042640686035 0.002178668975830078 0.20280909538269043 711
4450 4425 25 0.19685649871826172 0.0018587112426757812 0.1987152099609375 712
4456 4431 25 0.21306490898132324 0.0023071765899658203 0.21537208557128906 713
4462 4437 25 0.20623159408569336 0.009698629379272461 0.21593022346496582 714
4469 4443 26 0.20375299453735352 0.002123117446899414 0.20587611198425293 715
4475 4449 26 0.20232319831848145 0.001912832260131836 0.20423603057861328 716
4481 4455 26 0.2081432342529297 0.002415895462036133 0.21055912971496582 717
4488 4462 26 0.20758533477783203 0.007091999053955078 0.2146773338317871 718
4494 4468 26 0.2039487361907959 0.0019381046295166016 0.2058868408203125 719
4501 4475 26 0.20789074897766113 0.0020422935485839844 0.20993304252624512 720
4507 4481 26 0.20427608489990234 0.002063274383544922 0.20633935928344727 721
4513 4487 26 0.2080683708190918 0.0028166770935058594 0.21088504791259766 722
4520 4494 26 0.2077322006225586 0.001827239990234375 0.20955944061279297 723
4526 4500 26 0.20571589469909668 0.002148151397705078 0.20786404609680176 724
4532 4507 25 0.20829272270202637 0.0021581649780273438 0.2104508876800537 725
4539 4513 26 0.2071232795715332 0.0020487308502197266 0.20917201042175293 726
4545 4519 26 0.20734405517578125 0.002189159393310547 0.2095332145690918 727
4552 4526 26 0.20694279670715332 0.002042055130004883 0.2089848518371582 728
4558 4532 26 0.21247553825378418 0.0023207664489746094 0.2147963047027588 729
4565 4538 27 0.22979426383972168 0.007002592086791992 0.23679685592651367 730
4572 4545 27 0.20553326606750488 0.0022017955780029297 0.2077350616455078 731
4579 4551 28 0.20876145362854004 0.0021364688873291016 0.21089792251586914 732
4585 4558 27 0.20691633224487305 0.0020279884338378906 0.20894432067871094 733
4591 4564 27 0.20285940170288086 0.0019507408142089844 0.20481014251708984 734
4598 4572 26 0.20791125297546387 0.002085447311401367 0.20999670028686523 735
4604 4578 26 0.21279335021972656 0.0019762516021728516 0.21476960182189941 736
4610 4584 26 0.20632076263427734 0.002033233642578125 0.20835399627685547 737
4617 4591 26 0.21249628067016602 0.0045223236083984375 0.21701860427856445 738
4624 4597 27 0.2051253318786621 0.012238502502441406 0.21736383438110352 739
4630 4603 27 0.19945502281188965 0.0021219253540039062 0.20157694816589355 740
4636 4610 26 0.20670104026794434 0.002053499221801758 0.2087545394897461 741
4643 4616 27 0.20710182189941406 0.0029904842376708984 0.21009230613708496 742
4649 4623 26 0.21538925170898438 0.002112865447998047 0.21750211715698242 743
4656 4630 26 0.20759129524230957 0.0021517276763916016 0.20974302291870117 744
4662 4636 26 0.20528697967529297 0.00975942611694336 0.21504640579223633 745
4669 4642 27 0.2211322784423828 0.0046651363372802734 0.22579741477966309 746
4676 4649 27 0.20653200149536133 0.002218008041381836 0.20875000953674316 747
4682 4655 27 0.2051868438720703 0.0019636154174804688 0.20715045928955078 748
4688 4662 26 0.20440387725830078 0.0020856857299804688 0.20648956298828125 749
4695 4668 27 0.2026972770690918 0.0025434494018554688 0.20524072647094727 750
4701 4675 26 0.19981694221496582 0.001983642578125 0.20180058479309082 751
4707 4682 25 0.19508767127990723 0.0021665096282958984 0.19725418090820312 752
4713 4688 25 0.19953012466430664 0.0026540756225585938 0.20218420028686523 753
4719 4694 25 0.21790647506713867 0.008119821548461914 0.22602629661560059 754
4726 4700 26 0.20504236221313477 0.0018680095672607422 0.2069103717803955 755
4732 4707 25 0.20181798934936523 0.0019121170043945312 0.20373010635375977 756
4739 4713 26 0.20425081253051758 0.0019259452819824219 0.2061767578125 757
4745 4719 26 0.20456242561340332 0.0023670196533203125 0.20692944526672363 758
4752 4726 26 0.19633960723876953 0.001981019973754883 0.19832062721252441 759
4758 4732 26 0.20433545112609863 0.0019588470458984375 0.20629429817199707 760
4764 4738 26 0.20142626762390137 0.002202749252319336 0.2036290168762207 761
4770 4744 26 0.2080702781677246 0.0019466876983642578 0.21001696586608887 762
4777 4751 26 0.20469379425048828 0.0019805431365966797 0.20667433738708496 763
4783 4757 26 0.20494413375854492 0.002238750457763672 0.2071828842163086 764
4790 4763 26 0.21342945098876953 0.009654521942138672 0.2230839729309082 765
4796 4770 26 0.20313000679016113 0.0019443035125732422 0.20507431030273438 766
4803 4776 27 0.20375752449035645 0.002070188522338867 0.2058277130126953 767
4809 4782 27 0.2036588191986084 0.0021393299102783203 0.20579814910888672 768
4815 4789 26 0.2010209560394287 0.001977205276489258 0.20299816131591797 769
4817 4796 21 0.20282626152038574 0.0019059181213378906 0.20473217964172363 770
4817 4802 15 0.19707512855529785 0.0019605159759521484 0.19903564453125 771
4817 4808 9 0.19611048698425293 0.001950979232788086 0.19806146621704102 772
stop segmentation node
