load checkpoint from http path: https://dl.cv.ethz.ch/bdd100k/sem_seg/models/deeplabv3+_r50-d8_769x769_40k_sem_seg_bdd100k.pth
'CLASSES' not found in meta, use dataset.CLASSES instead
'PALETTE' not found in meta, use dataset.PALETTE instead
timely function starting...
2 1 0 0.23227214813232422 0.002979755401611328 0.23525190353393555 1
90 89 1 0.19854140281677246 0.009529829025268555 0.20807123184204102 2
97 91 6 0.18696141242980957 0.0038552284240722656 0.19081664085388184 3
103 97 6 0.18434643745422363 0.001844644546508789 0.18619108200073242 4
109 103 6 0.18514299392700195 0.0020029544830322266 0.18714594841003418 5
115 109 6 0.19009113311767578 0.002719879150390625 0.1928110122680664 6
121 115 6 0.18436622619628906 0.002161741256713867 0.18652796745300293 7
127 121 6 0.18512177467346191 0.0021996498107910156 0.18732142448425293 8
133 127 6 0.18569135665893555 0.002190828323364258 0.1878821849822998 9
139 133 6 0.18582534790039062 0.0024313926696777344 0.18825674057006836 10
144 138 6 0.18787646293640137 0.002054929733276367 0.18993139266967773 11
150 144 6 0.18421220779418945 0.0022194385528564453 0.1864316463470459 12
156 150 6 0.19595575332641602 0.0026421546936035156 0.19859790802001953 13
163 156 6 0.1981828212738037 0.012341976165771484 0.2105247974395752 14
169 163 6 0.18347406387329102 0.0018455982208251953 0.1853196620941162 15
175 169 6 0.18375229835510254 0.002035856246948242 0.18578815460205078 16
181 175 6 0.18631291389465332 0.0022084712982177734 0.1885213851928711 17
187 181 6 0.19127488136291504 0.0020737648010253906 0.19334864616394043 18
193 187 6 0.18605470657348633 0.002070903778076172 0.1881256103515625 19
199 193 6 0.18283438682556152 0.001983165740966797 0.18481755256652832 20
205 199 6 0.187286376953125 0.002298116683959961 0.18958449363708496 21
211 205 6 0.18645620346069336 0.002271413803100586 0.18872761726379395 22
217 210 6 0.18640851974487305 0.002480745315551758 0.1888892650604248 23
223 222 1 0.20369863510131836 0.0023355484008789062 0.20603418350219727 24
229 223 6 0.19153332710266113 0.009755373001098633 0.20128870010375977 25
236 235 1 0.1836836338043213 0.0022165775299072266 0.18590021133422852 26
241 236 5 0.18590736389160156 0.002351999282836914 0.18825936317443848 27
247 241 6 0.1883707046508789 0.0023734569549560547 0.19074416160583496 28
253 247 6 0.1872549057006836 0.002421855926513672 0.18967676162719727 29
259 253 6 0.18631291389465332 0.0020568370819091797 0.1883697509765625 30
265 259 6 0.18561339378356934 0.0024573802947998047 0.18807077407836914 31
271 265 6 0.18790388107299805 0.002301454544067383 0.19020533561706543 32
277 271 6 0.1981511116027832 0.0024442672729492188 0.20059537887573242 33
284 278 6 0.1878340244293213 0.008373022079467773 0.19620704650878906 34
290 284 6 0.19337081909179688 0.0066928863525390625 0.20006370544433594 35
296 290 6 0.1863090991973877 0.0025899410247802734 0.18889904022216797 36
302 296 6 0.19656801223754883 0.004994392395019531 0.20156240463256836 37
308 302 6 0.1848125457763672 0.002189159393310547 0.18700170516967773 38
314 308 6 0.18408465385437012 0.003050088882446289 0.1871347427368164 39
320 314 6 0.18549108505249023 0.001897573471069336 0.18738865852355957 40
326 320 6 0.18435096740722656 0.0019681453704833984 0.18631911277770996 41
332 326 6 0.19431042671203613 0.002142667770385742 0.19645309448242188 42
338 332 6 0.18674492835998535 0.008349418640136719 0.19509434700012207 43
344 338 6 0.1869802474975586 0.0022356510162353516 0.18921589851379395 44
350 344 6 0.18719220161437988 0.0021889209747314453 0.18938112258911133 45
356 350 6 0.1864454746246338 0.0025055408477783203 0.1889510154724121 46
362 356 6 0.18762755393981934 0.002154827117919922 0.18978238105773926 47
368 362 6 0.18509340286254883 0.0022552013397216797 0.1873486042022705 48
374 368 6 0.18813276290893555 0.005988121032714844 0.1941208839416504 49
380 374 6 0.18459796905517578 0.0021369457244873047 0.18673491477966309 50
386 380 6 0.19319796562194824 0.002068758010864258 0.1952667236328125 51
392 386 6 0.1856675148010254 0.002106904983520508 0.1877744197845459 52
398 392 6 0.1942274570465088 0.0021805763244628906 0.19640803337097168 53
404 398 6 0.18674945831298828 0.002185821533203125 0.1889352798461914 54
410 404 6 0.20009160041809082 0.002759218215942383 0.2028508186340332 55
417 416 1 0.188828706741333 0.0033838748931884766 0.19221258163452148 56
423 417 6 0.19274497032165527 0.002148866653442383 0.19489383697509766 57
429 428 1 0.18483781814575195 0.0020995140075683594 0.1869373321533203 58
435 429 6 0.18793368339538574 0.0023140907287597656 0.1902477741241455 59
441 440 1 0.18948030471801758 0.013127326965332031 0.2026076316833496 60
447 441 6 0.1861112117767334 0.002318859100341797 0.1884300708770752 61
453 447 6 0.18337297439575195 0.0025167465209960938 0.18588972091674805 62
459 453 6 0.18796992301940918 0.002089977264404297 0.19005990028381348 63
465 464 1 0.1845102310180664 0.0025022029876708984 0.1870124340057373 64
471 465 6 0.1918649673461914 0.0128021240234375 0.2046670913696289 65
478 477 1 0.18726706504821777 0.0024385452270507812 0.18970561027526855 66
483 478 5 0.1888878345489502 0.004352092742919922 0.19323992729187012 67
490 489 1 0.1893296241760254 0.0026068687438964844 0.19193649291992188 68
496 490 6 0.18937444686889648 0.0022416114807128906 0.19161605834960938 69
502 497 5 0.18779206275939941 0.0019953250885009766 0.1897873878479004 70
508 502 6 0.18684959411621094 0.0022649765014648438 0.18911457061767578 71
514 508 6 0.1850130558013916 0.0024566650390625 0.1874697208404541 72
519 513 6 0.18822765350341797 0.002251148223876953 0.19047880172729492 73
526 519 6 0.18668031692504883 0.0023260116577148438 0.18900632858276367 74
531 525 6 0.19005465507507324 0.002455472946166992 0.19251012802124023 75
538 531 6 0.19974565505981445 0.007814645767211914 0.20756030082702637 76
544 538 6 0.19779515266418457 0.0022025108337402344 0.1999976634979248 77
550 544 6 0.18510723114013672 0.0022232532501220703 0.1873304843902588 78
556 550 6 0.18803620338439941 0.002042531967163086 0.1900787353515625 79
562 556 6 0.1880035400390625 0.005941629409790039 0.19394516944885254 80
568 562 6 0.18828439712524414 0.002151012420654297 0.19043540954589844 81
574 568 6 0.18508553504943848 0.0022156238555908203 0.1873011589050293 82
580 574 6 0.18944573402404785 0.002108335494995117 0.19155406951904297 83
586 580 6 0.18691444396972656 0.004578590393066406 0.19149303436279297 84
592 586 6 0.19446396827697754 0.002446889877319336 0.19691085815429688 85
598 592 6 0.19069695472717285 0.0027222633361816406 0.1934192180633545 86
604 598 6 0.19269561767578125 0.007788658142089844 0.2004842758178711 87
611 605 6 0.18947863578796387 0.002231597900390625 0.1917102336883545 88
617 611 6 0.19087791442871094 0.0017380714416503906 0.19261598587036133 89
623 617 6 0.18599629402160645 0.0019059181213378906 0.18790221214294434 90
629 623 6 0.18807411193847656 0.0017778873443603516 0.18985199928283691 91
635 629 6 0.18881011009216309 0.0018756389617919922 0.19068574905395508 92
641 635 6 0.18689346313476562 0.0023458003997802734 0.1892392635345459 93
647 641 6 0.1903679370880127 0.013202190399169922 0.20357012748718262 94
653 647 6 0.1903831958770752 0.0020110607147216797 0.19239425659179688 95
660 653 6 0.19002199172973633 0.0017547607421875 0.19177675247192383 96
665 659 6 0.18842196464538574 0.002187013626098633 0.19060897827148438 97
672 665 6 0.19304299354553223 0.0018503665924072266 0.19489336013793945 98
678 672 6 0.18524670600891113 0.002009868621826172 0.1872565746307373 99
683 677 6 0.18743371963500977 0.0019059181213378906 0.18933963775634766 100
689 683 6 0.18598151206970215 0.001779794692993164 0.1877613067626953 101
695 689 6 0.2019813060760498 0.0020971298217773438 0.20407843589782715 102
702 696 6 0.18773293495178223 0.001931905746459961 0.1896648406982422 103
708 702 6 0.19386839866638184 0.0098419189453125 0.20371031761169434 104
714 708 6 0.1918632984161377 0.013336896896362305 0.2052001953125 105
721 715 6 0.18996715545654297 0.0018017292022705078 0.19176888465881348 106
727 721 6 0.1866455078125 0.001802682876586914 0.18844819068908691 107
733 727 6 0.1916062831878662 0.002021312713623047 0.19362759590148926 108
739 733 6 0.18866586685180664 0.0020904541015625 0.19075632095336914 109
745 739 6 0.1963026523590088 0.001971006393432617 0.1982736587524414 110
751 745 6 0.18690848350524902 0.0019860267639160156 0.18889451026916504 111
757 751 6 0.18814897537231445 0.0017621517181396484 0.1899111270904541 112
763 757 6 0.1897425651550293 0.006328105926513672 0.19607067108154297 113
769 763 6 0.19064927101135254 0.002055644989013672 0.1927049160003662 114
776 769 6 0.19328951835632324 0.006678581237792969 0.1999680995941162 115
782 776 6 0.1910233497619629 0.008914947509765625 0.19993829727172852 116
788 782 6 0.19024348258972168 0.002069711685180664 0.19231319427490234 117
794 788 6 0.1884756088256836 0.002195119857788086 0.19067072868347168 118
800 794 6 0.1916334629058838 0.013019561767578125 0.20465302467346191 119
807 801 6 0.18831729888916016 0.002287149429321289 0.19060444831848145 120
813 806 6 0.1882638931274414 0.0020902156829833984 0.1903541088104248 121
819 818 1 0.18578290939331055 0.002105712890625 0.18788862228393555 122
824 819 5 0.19010329246520996 0.0025403499603271484 0.1926436424255371 123
831 830 1 0.19008350372314453 0.0021660327911376953 0.19224953651428223 124
837 831 6 0.19448304176330566 0.0022270679473876953 0.19671010971069336 125
843 842 1 0.19280433654785156 0.013285636901855469 0.20608997344970703 126
849 843 6 0.18916726112365723 0.0023827552795410156 0.19155001640319824 127
855 849 6 0.18935632705688477 0.0022377967834472656 0.19159412384033203 128
861 855 6 0.18744683265686035 0.0023446083068847656 0.18979144096374512 129
867 861 6 0.18773484230041504 0.0022439956665039062 0.18997883796691895 130
873 867 6 0.1879892349243164 0.0017743110656738281 0.18976354598999023 131
879 873 6 0.1871623992919922 0.002413511276245117 0.1895759105682373 132
885 879 6 0.19390034675598145 0.005996227264404297 0.19989657402038574 133
892 885 6 0.1904292106628418 0.0020890235900878906 0.1925182342529297 134
897 891 6 0.19300413131713867 0.0026373863220214844 0.19564151763916016 135
904 903 1 0.18867135047912598 0.0019567012786865234 0.1906280517578125 136
910 904 6 0.19603347778320312 0.0020842552185058594 0.19811773300170898 137
916 915 1 0.19087672233581543 0.002344846725463867 0.1932215690612793 138
922 916 6 0.18740344047546387 0.0018281936645507812 0.18923163414001465 139
928 922 6 0.18856191635131836 0.0019805431365966797 0.19054245948791504 140
934 928 6 0.1852717399597168 0.0017249584197998047 0.1869966983795166 141
940 934 6 0.1890861988067627 0.0019986629486083984 0.1910848617553711 142
946 940 6 0.18781232833862305 0.0019283294677734375 0.18974065780639648 143
952 946 6 0.19103193283081055 0.012994766235351562 0.2040266990661621 144
959 952 6 0.19001340866088867 0.00263214111328125 0.19264554977416992 145
965 959 6 0.1922893524169922 0.0020608901977539062 0.1943502426147461 146
971 965 6 0.18849658966064453 0.003545999526977539 0.19204258918762207 147
977 971 6 0.18798565864562988 0.0020530223846435547 0.19003868103027344 148
983 977 6 0.18792510032653809 0.002138853073120117 0.1900639533996582 149
989 983 6 0.18724989891052246 0.0022132396697998047 0.18946313858032227 150
995 989 6 0.18776988983154297 0.0019214153289794922 0.18969130516052246 151
1001 995 6 0.19071340560913086 0.006664752960205078 0.19737815856933594 152
1007 1001 6 0.18688154220581055 0.002044200897216797 0.18892574310302734 153
1013 1007 6 0.19420456886291504 0.0023610591888427734 0.1965656280517578 154
1019 1013 6 0.19098663330078125 0.0020945072174072266 0.19308114051818848 155
1025 1019 6 0.1986677646636963 0.0052988529205322266 0.20396661758422852 156
1032 1026 6 0.18842720985412598 0.001972675323486328 0.1903998851776123 157
1038 1032 6 0.19457602500915527 0.002276897430419922 0.1968529224395752 158
1044 1038 6 0.18999695777893066 0.001867055892944336 0.191864013671875 159
1050 1044 6 0.19797587394714355 0.004369258880615234 0.2023451328277588 160
1056 1050 6 0.21097064018249512 0.004028797149658203 0.21499943733215332 161
1063 1057 6 0.19036602973937988 0.0025866031646728516 0.19295263290405273 162
1069 1063 6 0.1988539695739746 0.0019750595092773438 0.20082902908325195 163
1076 1069 6 0.188737154006958 0.0022590160369873047 0.1909961700439453 164
1082 1081 1 0.18726110458374023 0.001749277114868164 0.1890103816986084 165
1087 1082 5 0.1895127296447754 0.0020525455474853516 0.19156527519226074 166
1094 1087 6 0.18900752067565918 0.002053499221801758 0.19106101989746094 167
1100 1094 6 0.1925361156463623 0.001989603042602539 0.19452571868896484 168
1106 1100 6 0.1884627342224121 0.0018849372863769531 0.19034767150878906 169
1112 1106 6 0.19935250282287598 0.002503633499145508 0.20185613632202148 170
1118 1112 6 0.1931779384613037 0.005265235900878906 0.19844317436218262 171
1125 1119 6 0.1931750774383545 0.004487514495849609 0.1976625919342041 172
1131 1125 6 0.18790626525878906 0.0024466514587402344 0.1903529167175293 173
1137 1131 6 0.1880490779876709 0.0017037391662597656 0.18975281715393066 174
1143 1137 6 0.18691110610961914 0.0016286373138427734 0.18853974342346191 175
1149 1143 6 0.1894514560699463 0.002300262451171875 0.19175171852111816 176
1155 1149 6 0.18923377990722656 0.0026056766510009766 0.19183945655822754 177
1161 1155 6 0.18912172317504883 0.0018177032470703125 0.19093942642211914 178
1167 1161 6 0.18927240371704102 0.012706518173217773 0.2019789218902588 179
1173 1167 6 0.18980979919433594 0.0019402503967285156 0.19175004959106445 180
1180 1173 6 0.1910533905029297 0.011065959930419922 0.2021193504333496 181
1186 1180 6 0.1910533905029297 0.0014469623565673828 0.19250035285949707 182
1192 1186 6 0.19265270233154297 0.001718759536743164 0.19437146186828613 183
1198 1192 6 0.18741083145141602 0.0020079612731933594 0.18941879272460938 184
1204 1198 6 0.1876232624053955 0.0020380020141601562 0.18966126441955566 185
1210 1204 6 0.1885077953338623 0.0020897388458251953 0.1905975341796875 186
1216 1210 6 0.19117307662963867 0.0020580291748046875 0.19323110580444336 187
1222 1216 6 0.19618558883666992 0.001794576644897461 0.19798016548156738 188
1228 1222 6 0.19757485389709473 0.003000020980834961 0.2005748748779297 189
1235 1229 6 0.1935896873474121 0.0017256736755371094 0.19531536102294922 190
1241 1235 6 0.1907358169555664 0.001796722412109375 0.19253253936767578 191
1247 1241 6 0.1894092559814453 0.006837129592895508 0.19624638557434082 192
1253 1247 6 0.18909883499145508 0.0021610260009765625 0.19125986099243164 193
1259 1253 6 0.18834495544433594 0.001966714859008789 0.19031167030334473 194
1265 1259 6 0.18797016143798828 0.0017054080963134766 0.18967556953430176 195
1271 1265 6 0.1893911361694336 0.0018563270568847656 0.19124746322631836 196
1277 1271 6 0.19150686264038086 0.001939535140991211 0.19344639778137207 197
1283 1277 6 0.1886281967163086 0.0016326904296875 0.1902608871459961 198
1289 1283 6 0.19322609901428223 0.0016667842864990234 0.19489288330078125 199
1296 1290 6 0.19277548789978027 0.0030803680419921875 0.19585585594177246 200
1302 1296 6 0.19040417671203613 0.0017826557159423828 0.19218683242797852 201
1308 1302 6 0.19661617279052734 0.0017499923706054688 0.1983661651611328 202
1314 1308 6 0.187485933303833 0.0019223690032958984 0.1894083023071289 203
1320 1314 6 0.19208264350891113 0.0016739368438720703 0.1937565803527832 204
1326 1320 6 0.1891486644744873 0.0016961097717285156 0.19084477424621582 205
1332 1326 6 0.19117045402526855 0.0022776126861572266 0.19344806671142578 206
1338 1332 6 0.19175338745117188 0.0021333694458007812 0.19388675689697266 207
1344 1338 6 0.19034504890441895 0.0016660690307617188 0.19201111793518066 208
1350 1344 6 0.19350218772888184 0.0021114349365234375 0.19561362266540527 209
1356 1350 6 0.19494271278381348 0.0021965503692626953 0.19713926315307617 210
1363 1357 6 0.18991971015930176 0.0019054412841796875 0.19182515144348145 211
1369 1363 6 0.19253301620483398 0.002216815948486328 0.1947498321533203 212
1375 1369 6 0.19014739990234375 0.0018219947814941406 0.1919693946838379 213
1381 1375 6 0.18932580947875977 0.0021483898162841797 0.19147419929504395 214
1387 1381 6 0.18944382667541504 0.0018701553344726562 0.1913139820098877 215
1393 1387 6 0.18849539756774902 0.0016891956329345703 0.1901845932006836 216
1399 1393 6 0.1896495819091797 0.00257110595703125 0.19222068786621094 217
1405 1399 6 0.19195342063903809 0.0017457008361816406 0.19369912147521973 218
1411 1405 6 0.19963860511779785 0.005443096160888672 0.20508170127868652 219
1418 1412 6 0.19591331481933594 0.006925106048583984 0.20283842086791992 220
1424 1418 6 0.19730377197265625 0.0018579959869384766 0.19916176795959473 221
1431 1424 6 0.18938612937927246 0.0017371177673339844 0.19112324714660645 222
1437 1431 6 0.1902923583984375 0.0017819404602050781 0.19207429885864258 223
1443 1436 6 0.19066905975341797 0.002103090286254883 0.19277215003967285 224
1449 1448 1 0.1912548542022705 0.001791238784790039 0.19304609298706055 225
1455 1449 6 0.1987597942352295 0.001828908920288086 0.20058870315551758 226
1461 1460 1 0.18881750106811523 0.0020956993103027344 0.19091320037841797 227
1467 1461 6 0.2012641429901123 0.0018725395202636719 0.20313668251037598 228
1473 1473 0 0.1948530673980713 0.0019631385803222656 0.19681620597839355 229
1480 1474 5 0.19136404991149902 0.0016589164733886719 0.1930229663848877 230
1486 1485 1 0.19063043594360352 0.0018682479858398438 0.19249868392944336 231
1492 1486 6 0.19262957572937012 0.002328157424926758 0.19495773315429688 232
1498 1497 1 0.18806791305541992 0.0018968582153320312 0.18996477127075195 233
1504 1498 6 0.18965649604797363 0.0019729137420654297 0.19162940979003906 234
1510 1509 1 0.18881630897521973 0.0023717880249023438 0.19118809700012207 235
1516 1510 6 0.19409465789794922 0.0019435882568359375 0.19603824615478516 236
1522 1521 1 0.1906602382659912 0.0018601417541503906 0.1925203800201416 237
1528 1522 6 0.20317506790161133 0.009942054748535156 0.21311712265014648 238
1535 1534 1 0.1883680820465088 0.001857757568359375 0.19022583961486816 239
1541 1535 6 0.19288992881774902 0.0018548965454101562 0.19474482536315918 240
1547 1546 1 0.18977689743041992 0.0038022994995117188 0.19357919692993164 241
1553 1547 6 0.18983173370361328 0.001964569091796875 0.19179630279541016 242
1559 1553 6 0.18988704681396484 0.0019478797912597656 0.1918349266052246 243
1565 1559 6 0.19138669967651367 0.002298593521118164 0.19368529319763184 244
1571 1565 6 0.18837571144104004 0.001871347427368164 0.1902470588684082 245
1577 1571 6 0.19086980819702148 0.002179384231567383 0.19304919242858887 246
1583 1577 6 0.19376015663146973 0.0021016597747802734 0.19586181640625 247
1589 1583 6 0.19494295120239258 0.009736061096191406 0.20467901229858398 248
1596 1595 1 0.19199061393737793 0.003101348876953125 0.19509196281433105 249
1602 1596 6 0.20246338844299316 0.002037525177001953 0.20450091361999512 250
1609 1608 1 0.1953890323638916 0.001979351043701172 0.19736838340759277 251
1615 1609 6 0.19936418533325195 0.0028934478759765625 0.20225763320922852 252
1621 1620 1 0.18846702575683594 0.002033710479736328 0.19050073623657227 253
1627 1621 6 0.18809175491333008 0.0018036365509033203 0.1898953914642334 254
1633 1627 6 0.18893957138061523 0.0017788410186767578 0.190718412399292 255
1639 1633 6 0.18980884552001953 0.0030260086059570312 0.19283485412597656 256
1645 1639 6 0.19657421112060547 0.013143777847290039 0.2097179889678955 257
1652 1646 6 0.1914231777191162 0.0021843910217285156 0.19360756874084473 258
1658 1652 6 0.1951601505279541 0.009217262268066406 0.2043774127960205 259
1664 1658 6 0.19585871696472168 0.0019998550415039062 0.19785857200622559 260
1670 1664 6 0.20499229431152344 0.009673833847045898 0.21466612815856934 261
1677 1671 6 0.2017838954925537 0.010416269302368164 0.21220016479492188 262
1684 1678 6 0.19002318382263184 0.0016026496887207031 0.19162583351135254 263
1690 1684 6 0.19041180610656738 0.002015829086303711 0.1924276351928711 264
1696 1690 6 0.18980097770690918 0.002071857452392578 0.19187283515930176 265
1702 1696 6 0.19123125076293945 0.002086639404296875 0.19331789016723633 266
1708 1702 6 0.19075512886047363 0.0016562938690185547 0.1924114227294922 267
1714 1708 6 0.19053912162780762 0.001735687255859375 0.192274808883667 268
1720 1714 6 0.20095348358154297 0.0053980350494384766 0.20635151863098145 269
1727 1721 6 0.19185328483581543 0.0018815994262695312 0.19373488426208496 270
1733 1727 6 0.19144582748413086 0.0017805099487304688 0.19322633743286133 271
1739 1733 6 0.19460582733154297 0.0027670860290527344 0.1973729133605957 272
1745 1739 6 0.19282317161560059 0.002204418182373047 0.19502758979797363 273
1751 1745 6 0.19983124732971191 0.010513544082641602 0.21034479141235352 274
1758 1752 6 0.19939398765563965 0.0034072399139404297 0.20280122756958008 275
1764 1758 6 0.1934053897857666 0.012285232543945312 0.20569062232971191 276
1771 1765 6 0.19602632522583008 0.009607553482055664 0.20563387870788574 277
1777 1771 6 0.1997389793395996 0.001669168472290039 0.20140814781188965 278
1784 1778 6 0.18998384475708008 0.0017921924591064453 0.19177603721618652 279
1790 1784 6 0.19378185272216797 0.001737833023071289 0.19551968574523926 280
1796 1790 6 0.19134044647216797 0.002138376235961914 0.19347882270812988 281
1802 1796 6 0.19053196907043457 0.002065420150756836 0.1925973892211914 282
1808 1802 6 0.19303035736083984 0.0021104812622070312 0.19514083862304688 283
1814 1808 6 0.19598698616027832 0.0017228126525878906 0.1977097988128662 284
1821 1815 6 0.189988374710083 0.0018677711486816406 0.19185614585876465 285
1826 1820 6 0.19315123558044434 0.0020036697387695312 0.19515490531921387 286
1833 1832 1 0.1950387954711914 0.005810976028442383 0.2008497714996338 287
1839 1833 6 0.20122456550598145 0.0017771720886230469 0.2030017375946045 288
1846 1845 1 0.19031620025634766 0.002207517623901367 0.19252371788024902 289
1852 1846 6 0.19388961791992188 0.001856088638305664 0.19574570655822754 290
1858 1857 1 0.19127845764160156 0.0018377304077148438 0.1931161880493164 291
1864 1858 6 0.19165563583374023 0.0017762184143066406 0.19343185424804688 292
1870 1869 1 0.18984198570251465 0.002115011215209961 0.1919569969177246 293
1876 1870 6 0.19220328330993652 0.0026388168334960938 0.19484210014343262 294
1882 1876 6 0.19376587867736816 0.0018575191497802734 0.19562339782714844 295
1888 1882 6 0.19101619720458984 0.0019245147705078125 0.19294071197509766 296
1895 1888 6 0.1913166046142578 0.0023584365844726562 0.19367504119873047 297
1900 1894 6 0.1933598518371582 0.0019021034240722656 0.19526195526123047 298
1907 1906 1 0.1919536590576172 0.0019881725311279297 0.19394183158874512 299
1913 1907 6 0.19379234313964844 0.0019719600677490234 0.19576430320739746 300
1919 1918 1 0.20588088035583496 0.00850057601928711 0.21438145637512207 301
1926 1920 6 0.19268035888671875 0.0018384456634521484 0.1945188045501709 302
1932 1926 6 0.19432306289672852 0.0020303726196289062 0.19635343551635742 303
1938 1932 6 0.19255781173706055 0.002543210983276367 0.19510102272033691 304
1944 1938 6 0.19573593139648438 0.0019249916076660156 0.1976609230041504 305
1951 1944 6 0.19753432273864746 0.002161264419555664 0.19969558715820312 306
1957 1951 6 0.20839452743530273 0.002857685089111328 0.21125221252441406 307
1964 1958 6 0.20487093925476074 0.0020236968994140625 0.2068946361541748 308
1970 1964 6 0.1900320053100586 0.0018665790557861328 0.19189858436584473 309
1976 1970 6 0.19206976890563965 0.001913309097290039 0.1939830780029297 310
1983 1976 6 0.20191550254821777 0.0020368099212646484 0.20395231246948242 311
1989 1983 6 0.20144391059875488 0.0021064281463623047 0.2035503387451172 312
1995 1989 6 0.1895744800567627 0.0025174617767333984 0.1920919418334961 313
2001 1995 6 0.19199752807617188 0.0018239021301269531 0.19382143020629883 314
2007 2001 6 0.18978643417358398 0.0019376277923583984 0.19172406196594238 315
2013 2007 6 0.19450807571411133 0.0027310848236083984 0.19723916053771973 316
2020 2013 6 0.19112396240234375 0.006372213363647461 0.1974961757659912 317
2026 2020 6 0.19214129447937012 0.0021767616271972656 0.19431805610656738 318
2032 2026 6 0.19069385528564453 0.002088785171508789 0.19278264045715332 319
2038 2032 6 0.1932666301727295 0.002803802490234375 0.19607043266296387 320
2044 2038 6 0.19144034385681152 0.0019440650939941406 0.19338440895080566 321
2050 2044 6 0.1928730010986328 0.0019354820251464844 0.1948084831237793 322
2056 2050 6 0.20240521430969238 0.002118825912475586 0.20452404022216797 323
2063 2057 6 0.19233393669128418 0.0018663406372070312 0.1942002773284912 324
2069 2063 6 0.19082427024841309 0.0017688274383544922 0.19259309768676758 325
2075 2069 6 0.19051218032836914 0.0021507740020751953 0.19266295433044434 326
2081 2075 6 0.1904137134552002 0.0018284320831298828 0.19224214553833008 327
2087 2081 6 0.19072771072387695 0.0016889572143554688 0.19241666793823242 328
2093 2087 6 0.19250011444091797 0.0019524097442626953 0.19445252418518066 329
2099 2093 6 0.19861388206481934 0.001859426498413086 0.20047330856323242 330
2106 2100 6 0.1918354034423828 0.0018610954284667969 0.1936964988708496 331
2112 2106 6 0.19333577156066895 0.0018148422241210938 0.19515061378479004 332
2118 2112 6 0.1906147003173828 0.0020465850830078125 0.19266128540039062 333
2124 2118 6 0.19315266609191895 0.0018198490142822266 0.19497251510620117 334
2130 2124 6 0.19152069091796875 0.002137422561645508 0.19365811347961426 335
2136 2130 6 0.19333171844482422 0.0019345283508300781 0.1952662467956543 336
2142 2136 6 0.19312238693237305 0.00189971923828125 0.1950221061706543 337
2149 2142 6 0.20267510414123535 0.002127408981323242 0.2048025131225586 338
2155 2154 1 0.19225215911865234 0.0020449161529541016 0.19429707527160645 339
2161 2155 6 0.19353485107421875 0.0018801689147949219 0.19541501998901367 340
2167 2161 6 0.20539140701293945 0.002141237258911133 0.20753264427185059 341
2174 2168 6 0.1936202049255371 0.002084970474243164 0.19570517539978027 342
2180 2174 6 0.19388055801391602 0.0018856525421142578 0.19576621055603027 343
2186 2180 6 0.1929163932800293 0.0022940635681152344 0.19521045684814453 344
2192 2186 6 0.20854902267456055 0.002166748046875 0.21071577072143555 345
2199 2193 6 0.19321012496948242 0.001943826675415039 0.19515395164489746 346
2205 2199 6 0.1910996437072754 0.0017516613006591797 0.19285130500793457 347
2211 2205 6 0.19193458557128906 0.001806020736694336 0.1937406063079834 348
2217 2211 6 0.1967918872833252 0.0016064643859863281 0.19839835166931152 349
2223 2217 6 0.21398186683654785 0.013325214385986328 0.22730708122253418 350
2231 2230 1 0.19302749633789062 0.011191844940185547 0.20421934127807617 351
2237 2231 6 0.20039868354797363 0.007559776306152344 0.20795845985412598 352
2244 2243 1 0.19340133666992188 0.0017857551574707031 0.19518709182739258 353
2250 2244 6 0.19400763511657715 0.005605936050415039 0.1996135711669922 354
2256 2255 1 0.19041991233825684 0.0018138885498046875 0.19223380088806152 355
2262 2256 6 0.19245600700378418 0.0019326210021972656 0.19438862800598145 356
2268 2262 6 0.19055390357971191 0.0018303394317626953 0.1923842430114746 357
2274 2268 6 0.195143461227417 0.0020589828491210938 0.19720244407653809 358
2281 2274 6 0.19462227821350098 0.0017886161804199219 0.1964108943939209 359
2286 2280 6 0.1939408779144287 0.0016734600067138672 0.19561433792114258 360
2293 2292 1 0.19447565078735352 0.0016925334930419922 0.1961681842803955 361
2299 2293 6 0.19424200057983398 0.0016775131225585938 0.19591951370239258 362
2305 2304 1 0.19149398803710938 0.0017044544219970703 0.19319844245910645 363
2311 2305 6 0.19282054901123047 0.0016777515411376953 0.19449830055236816 364
2317 2311 6 0.1923680305480957 0.002483844757080078 0.19485187530517578 365
2323 2317 6 0.19721579551696777 0.0016903877258300781 0.19890618324279785 366
2330 2324 6 0.1914510726928711 0.0016810894012451172 0.1931321620941162 367
2336 2330 6 0.19434738159179688 0.001735687255859375 0.19608306884765625 368
2342 2336 6 0.1919708251953125 0.0017733573913574219 0.19374418258666992 369
2348 2342 6 0.19341754913330078 0.0031969547271728516 0.19661450386047363 370
2354 2348 6 0.19298815727233887 0.0016865730285644531 0.19467473030090332 371
2360 2354 6 0.19532465934753418 0.0017428398132324219 0.1970674991607666 372
2367 2366 1 0.19196677207946777 0.0017638206481933594 0.19373059272766113 373
2373 2367 6 0.19239091873168945 0.0017886161804199219 0.19417953491210938 374
2379 2378 1 0.19321393966674805 0.0018553733825683594 0.1950693130493164 375
2385 2379 6 0.19403576850891113 0.001895904541015625 0.19593167304992676 376
2391 2390 1 0.1926746368408203 0.002277374267578125 0.19495201110839844 377
2397 2391 6 0.20246028900146484 0.004637479782104492 0.20709776878356934 378
2404 2403 1 0.1917867660522461 0.001748800277709961 0.19353556632995605 379
2410 2404 6 0.19609928131103516 0.0017468929290771484 0.1978461742401123 380
2416 2415 1 0.19254803657531738 0.001556396484375 0.19410443305969238 381
2422 2416 6 0.1944284439086914 0.0016551017761230469 0.19608354568481445 382
2428 2422 6 0.19565534591674805 0.0015702247619628906 0.19722557067871094 383
2434 2428 6 0.19328927993774414 0.0016078948974609375 0.19489717483520508 384
2440 2434 6 0.19226455688476562 0.001604318618774414 0.19386887550354004 385
2446 2440 6 0.19128966331481934 0.00153350830078125 0.19282317161560059 386
2453 2446 6 0.19418692588806152 0.0014605522155761719 0.1956474781036377 387
2459 2453 6 0.19246768951416016 0.001802682876586914 0.19427037239074707 388
2465 2459 6 0.19488835334777832 0.001779794692993164 0.19666814804077148 389
2471 2465 6 0.19206953048706055 0.001566171646118164 0.1936357021331787 390
2477 2471 6 0.19246292114257812 0.0016541481018066406 0.19411706924438477 391
2483 2477 6 0.19248151779174805 0.0017745494842529297 0.19425606727600098 392
2489 2483 6 0.19519925117492676 0.0014410018920898438 0.1966402530670166 393
2496 2489 6 0.1940469741821289 0.0019767284393310547 0.19602370262145996 394
2502 2496 6 0.19373583793640137 0.012176513671875 0.20591235160827637 395
2508 2502 6 0.19170355796813965 0.00185394287109375 0.1935575008392334 396
2514 2508 6 0.19257473945617676 0.0026073455810546875 0.19518208503723145 397
2520 2514 6 0.19310212135314941 0.001750946044921875 0.1948530673980713 398
2526 2520 6 0.19201350212097168 0.0016434192657470703 0.19365692138671875 399
2532 2526 6 0.19257855415344238 0.0016589164733886719 0.19423747062683105 400
2538 2532 6 0.2021167278289795 0.0018877983093261719 0.20400452613830566 401
2545 2539 6 0.1901545524597168 0.0021398067474365234 0.19229435920715332 402
2551 2545 6 0.19406938552856445 0.0018968582153320312 0.19596624374389648 403
2557 2551 6 0.19049811363220215 0.0017180442810058594 0.192216157913208 404
2563 2557 6 0.1931753158569336 0.0018622875213623047 0.1950376033782959 405
2569 2563 6 0.20237040519714355 0.001817941665649414 0.20418834686279297 406
2576 2570 6 0.19299030303955078 0.0015664100646972656 0.19455671310424805 407
2582 2576 6 0.19161272048950195 0.0016970634460449219 0.19330978393554688 408
2588 2582 6 0.1905810832977295 0.00165557861328125 0.19223666191101074 409
2594 2588 6 0.19368410110473633 0.0016837120056152344 0.19536781311035156 410
2600 2594 6 0.20298218727111816 0.001100301742553711 0.20408248901367188 411
2607 2601 6 0.19446063041687012 0.0013887882232666016 0.19584941864013672 412
2613 2607 6 0.19128918647766113 0.0015909671783447266 0.19288015365600586 413
2619 2613 6 0.1921076774597168 0.0013885498046875 0.1934962272644043 414
2625 2619 6 0.19431328773498535 0.0015316009521484375 0.1958448886871338 415
2631 2625 6 0.19699764251708984 0.0020723342895507812 0.19906997680664062 416
2638 2631 6 0.1934342384338379 0.001626729965209961 0.19506096839904785 417
2644 2638 6 0.19384288787841797 0.0015344619750976562 0.19537734985351562 418
2650 2644 6 0.1930243968963623 0.0016884803771972656 0.19471287727355957 419
2656 2650 6 0.1933879852294922 0.00188446044921875 0.19527244567871094 420
2662 2656 6 0.20175909996032715 0.001529693603515625 0.20328879356384277 421
2669 2668 1 0.19155359268188477 0.0014607906341552734 0.19301438331604004 422
2675 2669 6 0.1924571990966797 0.0017130374908447266 0.19417023658752441 423
2681 2680 1 0.19197893142700195 0.0014612674713134766 0.19344019889831543 424
2687 2681 6 0.19713139533996582 0.0019729137420654297 0.19910430908203125 425
2693 2692 1 0.1915416717529297 0.0014007091522216797 0.19294238090515137 426
2699 2693 6 0.19411301612854004 0.0011444091796875 0.19525742530822754 427
2705 2699 6 0.19167017936706543 0.0014688968658447266 0.19313907623291016 428
2711 2705 6 0.19275450706481934 0.0015380382537841797 0.19429254531860352 429
2717 2711 6 0.19082999229431152 0.0017747879028320312 0.19260478019714355 430
2723 2717 6 0.19540119171142578 0.002186298370361328 0.1975874900817871 431
2730 2729 1 0.19485735893249512 0.0016932487487792969 0.19655060768127441 432
2736 2730 6 0.1967155933380127 0.0016963481903076172 0.1984119415283203 433
2742 2741 1 0.19095611572265625 0.0017518997192382812 0.19270801544189453 434
2748 2742 6 0.19699788093566895 0.002148151397705078 0.19914603233337402 435
2754 2748 6 0.20534610748291016 0.0018506050109863281 0.20719671249389648 436
2761 2755 6 0.19253301620483398 0.0018510818481445312 0.19438409805297852 437
2767 2761 6 0.1925344467163086 0.0017595291137695312 0.19429397583007812 438
2773 2767 6 0.19572830200195312 0.0018591880798339844 0.1975874900817871 439
2779 2773 6 0.19172954559326172 0.0017447471618652344 0.19347429275512695 440
2785 2779 6 0.1981804370880127 0.0017631053924560547 0.19994354248046875 441
2792 2786 6 0.19167637825012207 0.0017054080963134766 0.19338178634643555 442
2798 2792 6 0.1934986114501953 0.0019040107727050781 0.1954026222229004 443
2804 2798 6 0.19319748878479004 0.0021486282348632812 0.19534611701965332 444
2810 2804 6 0.19237446784973145 0.0020792484283447266 0.19445371627807617 445
2816 2810 6 0.1951436996459961 0.0018725395202636719 0.19701623916625977 446
2822 2816 6 0.199845552444458 0.0018858909606933594 0.20173144340515137 447
2829 2823 6 0.19648480415344238 0.0018520355224609375 0.19833683967590332 448
2835 2829 6 0.1958765983581543 0.00182342529296875 0.19770002365112305 449
2841 2835 6 0.19475030899047852 0.0016896724700927734 0.1964399814605713 450
2848 2842 6 0.20044255256652832 0.0015902519226074219 0.20203280448913574 451
2854 2848 6 0.20372462272644043 0.012436866760253906 0.21616148948669434 452
2861 2855 6 0.1986093521118164 0.00792837142944336 0.20653772354125977 453
2867 2861 6 0.1965489387512207 0.0020923614501953125 0.19864130020141602 454
2874 2868 6 0.19164299964904785 0.0018389225006103516 0.1934819221496582 455
2880 2874 6 0.19603490829467773 0.005305290222167969 0.2013401985168457 456
2886 2880 6 0.19202804565429688 0.0017533302307128906 0.19378137588500977 457
2892 2886 6 0.19498181343078613 0.0015382766723632812 0.19652009010314941 458
2898 2892 6 0.19432663917541504 0.012618303298950195 0.20694494247436523 459
2905 2899 6 0.19480586051940918 0.0018756389617919922 0.19668149948120117 460
2911 2905 6 0.19405007362365723 0.001590728759765625 0.19564080238342285 461
2917 2911 6 0.1939096450805664 0.0019979476928710938 0.1959075927734375 462
2923 2917 6 0.1936936378479004 0.0019750595092773438 0.19566869735717773 463
2930 2924 6 0.1942729949951172 0.005681514739990234 0.19995450973510742 464
2936 2930 6 0.19359040260314941 0.0019202232360839844 0.1955106258392334 465
2942 2936 6 0.192108154296875 0.0018506050109863281 0.19395875930786133 466
2948 2942 6 0.19340276718139648 0.002572774887084961 0.19597554206848145 467
2954 2948 6 0.19350433349609375 0.0017435550689697266 0.19524788856506348 468
2960 2954 6 0.20688676834106445 0.006819725036621094 0.21370649337768555 469
2967 2961 6 0.19202184677124023 0.0018761157989501953 0.19389796257019043 470
2973 2967 6 0.194122314453125 0.002165079116821289 0.1962873935699463 471
2979 2973 6 0.19451045989990234 0.0014274120330810547 0.1959378719329834 472
2985 2979 6 0.19347882270812988 0.0022079944610595703 0.19568681716918945 473
2992 2986 6 0.19337201118469238 0.0020902156829833984 0.19546222686767578 474
2998 2992 6 0.2033402919769287 0.0017452239990234375 0.20508551597595215 475
3004 2998 6 0.19448041915893555 0.0021386146545410156 0.19661903381347656 476
3010 3004 6 0.1981642246246338 0.0020627975463867188 0.2002270221710205 477
3017 3016 1 0.19565463066101074 0.0017409324645996094 0.19739556312561035 478
3023 3017 6 0.19980144500732422 0.009927749633789062 0.20972919464111328 479
3029 3028 1 0.19352054595947266 0.0018341541290283203 0.19535470008850098 480
3035 3029 6 0.19474434852600098 0.0019540786743164062 0.19669842720031738 481
3042 3041 1 0.19361209869384766 0.001756906509399414 0.19536900520324707 482
3048 3042 6 0.19598007202148438 0.0019044876098632812 0.19788455963134766 483
3054 3053 1 0.19583964347839355 0.0017681121826171875 0.19760775566101074 484
3060 3054 6 0.20351696014404297 0.0017960071563720703 0.20531296730041504 485
3067 3066 1 0.20422983169555664 0.007824897766113281 0.21205472946166992 486
3073 3067 6 0.19948244094848633 0.012834787368774414 0.21231722831726074 487
3080 3079 1 0.19501113891601562 0.001668691635131836 0.19667983055114746 488
3086 3080 6 0.19827508926391602 0.0022089481353759766 0.200484037399292 489
3093 3092 1 0.19415926933288574 0.002041339874267578 0.19620060920715332 490
3099 3093 6 0.1955413818359375 0.001943349838256836 0.19748473167419434 491
3105 3104 1 0.1930389404296875 0.001965761184692383 0.19500470161437988 492
3111 3105 6 0.19298291206359863 0.002147674560546875 0.1951305866241455 493
3117 3111 6 0.1966695785522461 0.0016703605651855469 0.19833993911743164 494
3123 3117 6 0.20532464981079102 0.0015599727630615234 0.20688462257385254 495
3130 3129 1 0.19255971908569336 0.0018310546875 0.19439077377319336 496
3136 3130 6 0.19548821449279785 0.0020895004272460938 0.19757771492004395 497
3142 3136 6 0.19894123077392578 0.0020477771759033203 0.2009890079498291 498
3148 3142 6 0.19519281387329102 0.0022737979888916016 0.19746661186218262 499
3155 3154 1 0.19329476356506348 0.0018389225006103516 0.19513368606567383 500
3161 3155 6 0.20921850204467773 0.0017807483673095703 0.2109992504119873 501
3168 3167 1 0.19548535346984863 0.001856088638305664 0.1973414421081543 502
3174 3168 6 0.20004582405090332 0.0018742084503173828 0.2019200325012207 503
3181 3180 0 0.1978588104248047 0.0017290115356445312 0.19958782196044922 504
3187 3181 6 0.2025146484375 0.0018894672393798828 0.20440411567687988 505
3193 3192 1 0.1931629180908203 0.007158041000366211 0.20032095909118652 506
3199 3193 6 0.19746947288513184 0.0020704269409179688 0.1995398998260498 507
3206 3205 1 0.19474101066589355 0.001737833023071289 0.19647884368896484 508
3212 3206 6 0.19473028182983398 0.0016193389892578125 0.1963496208190918 509
3218 3217 1 0.19260668754577637 0.0016291141510009766 0.19423580169677734 510
3224 3218 6 0.1953117847442627 0.0017168521881103516 0.19702863693237305 511
3230 3224 6 0.20129847526550293 0.001814126968383789 0.20311260223388672 512
3237 3231 6 0.19528460502624512 0.0019338130950927734 0.1972184181213379 513
3243 3237 6 0.20231294631958008 0.0018100738525390625 0.20412302017211914 514
3249 3243 6 0.19994187355041504 0.001779794692993164 0.2017216682434082 515
3256 3250 6 0.21563458442687988 0.0026009082794189453 0.21823549270629883 516
3263 3256 6 0.19820737838745117 0.0021448135375976562 0.20035219192504883 517
3269 3263 6 0.197371244430542 0.0020952224731445312 0.19946646690368652 518
3275 3269 6 0.20376276969909668 0.0019791126251220703 0.20574188232421875 519
3282 3276 6 0.19559240341186523 0.0019202232360839844 0.19751262664794922 520
3288 3282 6 0.19588875770568848 0.002117156982421875 0.19800591468811035 521
3294 3288 6 0.19573187828063965 0.0016570091247558594 0.1973888874053955 522
3300 3294 6 0.19863414764404297 0.0019228458404541016 0.20055699348449707 523
3307 3301 6 0.1941077709197998 0.0018076896667480469 0.19591546058654785 524
3313 3307 6 0.19482970237731934 0.0021431446075439453 0.19697284698486328 525
3319 3313 6 0.1940906047821045 0.0025475025177001953 0.1966381072998047 526
3325 3319 6 0.19501066207885742 0.0019214153289794922 0.19693207740783691 527
3332 3331 1 0.2036435604095459 0.0021080970764160156 0.20575165748596191 528
3338 3332 6 0.19265317916870117 0.0019507408142089844 0.19460391998291016 529
3344 3343 1 0.20057106018066406 0.0030248165130615234 0.20359587669372559 530
3350 3344 6 0.19687581062316895 0.00702977180480957 0.20390558242797852 531
3357 3356 1 0.1980571746826172 0.0021309852600097656 0.20018815994262695 532
3364 3357 6 0.19296693801879883 0.0020792484283447266 0.19504618644714355 533
3370 3369 1 0.19454216957092285 0.001957416534423828 0.19649958610534668 534
3376 3370 6 0.1968374252319336 0.0019540786743164062 0.19879150390625 535
3382 3381 1 0.19619131088256836 0.002268552780151367 0.19845986366271973 536
3388 3382 6 0.1975085735321045 0.0021615028381347656 0.19967007637023926 537
3395 3394 1 0.1986222267150879 0.0019309520721435547 0.20055317878723145 538
3401 3395 6 0.19753718376159668 0.002020597457885742 0.19955778121948242 539
3407 3407 0 0.1970374584197998 0.0017058849334716797 0.19874334335327148 540
3413 3408 5 0.19618964195251465 0.0019583702087402344 0.19814801216125488 541
3420 3419 1 0.20538687705993652 0.0032198429107666016 0.20860671997070312 542
3426 3420 6 0.19690418243408203 0.010734796524047852 0.20763897895812988 543
3433 3432 1 0.19347047805786133 0.0020720958709716797 0.195542573928833 544
3439 3433 6 0.19790196418762207 0.002088785171508789 0.19999074935913086 545
3445 3444 1 0.20351409912109375 0.001983165740966797 0.20549726486206055 546
3452 3446 6 0.19665741920471191 0.0018320083618164062 0.19848942756652832 547
3458 3452 6 0.19411444664001465 0.0026307106018066406 0.1967451572418213 548
3464 3458 6 0.19614839553833008 0.0016846656799316406 0.19783306121826172 549
3470 3464 6 0.19744181632995605 0.002021312713623047 0.1994631290435791 550
3477 3471 6 0.19657373428344727 0.0018410682678222656 0.19841480255126953 551
3483 3477 6 0.20414066314697266 0.013711214065551758 0.21785187721252441 552
3490 3484 6 0.19953083992004395 0.0018398761749267578 0.2013707160949707 553
3496 3490 6 0.20195746421813965 0.0018458366394042969 0.20380330085754395 554
3503 3496 6 0.20233416557312012 0.0030748844146728516 0.20540904998779297 555
3509 3503 6 0.20663881301879883 0.0017731189727783203 0.20841193199157715 556
3516 3515 1 0.19795846939086914 0.0018918514251708984 0.19985032081604004 557
3522 3516 6 0.20667624473571777 0.0018358230590820312 0.2085120677947998 558
3529 3528 1 0.19776630401611328 0.0020067691802978516 0.19977307319641113 559
3535 3529 6 0.1976006031036377 0.0017859935760498047 0.1993865966796875 560
3542 3541 1 0.19669413566589355 0.002028226852416992 0.19872236251831055 561
3548 3542 6 0.19707775115966797 0.0019500255584716797 0.19902777671813965 562
3554 3548 6 0.19592070579528809 0.0016434192657470703 0.19756412506103516 563
3560 3554 6 0.2090137004852295 0.011054515838623047 0.22006821632385254 564
3567 3567 0 0.194352388381958 0.0019307136535644531 0.19628310203552246 565
3573 3568 5 0.19518494606018066 0.0019435882568359375 0.1971285343170166 566
3580 3579 1 0.1942577362060547 0.0018298625946044922 0.19608759880065918 567
3586 3580 6 0.19893097877502441 0.002078533172607422 0.20100951194763184 568
3592 3591 1 0.1949174404144287 0.0019519329071044922 0.1968693733215332 569
3598 3592 6 0.19732117652893066 0.0017311573028564453 0.1990523338317871 570
3605 3604 1 0.19638633728027344 0.0023534297943115234 0.19873976707458496 571
3611 3605 6 0.19644951820373535 0.005031108856201172 0.20148062705993652 572
3617 3616 1 0.19565033912658691 0.0020885467529296875 0.1977388858795166 573
3623 3617 6 0.19652605056762695 0.002053499221801758 0.1985795497894287 574
3630 3629 1 0.1958777904510498 0.002391815185546875 0.19826960563659668 575
3636 3630 6 0.19790911674499512 0.002062559127807617 0.19997167587280273 576
3642 3642 0 0.19551658630371094 0.001786947250366211 0.19730353355407715 577
3648 3643 5 0.20743560791015625 0.012378692626953125 0.21981430053710938 578
3655 3654 1 0.19612693786621094 0.0018215179443359375 0.19794845581054688 579
3661 3655 6 0.19736194610595703 0.0021326541900634766 0.1994946002960205 580
3668 3667 1 0.19398880004882812 0.001939535140991211 0.19592833518981934 581
3674 3668 6 0.19808721542358398 0.002043008804321289 0.20013022422790527 582
3680 3679 1 0.20688629150390625 0.002208709716796875 0.20909500122070312 583
3687 3680 6 0.2039947509765625 0.013103723526000977 0.21709847450256348 584
3694 3693 1 0.19369769096374512 0.0025691986083984375 0.19626688957214355 585
3700 3694 6 0.19511079788208008 0.002025604248046875 0.19713640213012695 586
3706 3705 1 0.19525933265686035 0.005423784255981445 0.2006831169128418 587
3712 3706 6 0.19701266288757324 0.0051419734954833984 0.20215463638305664 588
3719 3718 1 0.19507694244384766 0.002017498016357422 0.19709444046020508 589
3725 3719 6 0.1985318660736084 0.002020120620727539 0.20055198669433594 590
3731 3730 1 0.19614958763122559 0.001966238021850586 0.19811582565307617 591
3737 3731 6 0.19924354553222656 0.0019237995147705078 0.20116734504699707 592
3744 3743 1 0.19930171966552734 0.004464864730834961 0.2037665843963623 593
3750 3744 6 0.1997668743133545 0.0017995834350585938 0.20156645774841309 594
3757 3756 1 0.19425415992736816 0.001958131790161133 0.1962122917175293 595
3763 3757 5 0.1972498893737793 0.0019788742065429688 0.19922876358032227 596
3769 3768 1 0.19229817390441895 0.0025458335876464844 0.19484400749206543 597
3775 3769 6 0.19571948051452637 0.0019428730010986328 0.197662353515625 598
3781 3780 1 0.19517302513122559 0.0018153190612792969 0.19698834419250488 599
3787 3781 6 0.19855070114135742 0.0019245147705078125 0.20047521591186523 600
3794 3793 1 0.19564175605773926 0.002024412155151367 0.19766616821289062 601
3800 3794 6 0.19888687133789062 0.001981973648071289 0.20086884498596191 602
3807 3806 0 0.1961805820465088 0.002010822296142578 0.19819140434265137 603
3813 3807 6 0.1983785629272461 0.001779317855834961 0.20015788078308105 604
3819 3818 1 0.19608521461486816 0.0019676685333251953 0.19805288314819336 605
3825 3819 6 0.2009570598602295 0.0018935203552246094 0.2028505802154541 606
3832 3831 1 0.19906115531921387 0.0019028186798095703 0.20096397399902344 607
3838 3832 6 0.19916248321533203 0.0019736289978027344 0.20113611221313477 608
3845 3844 0 0.20690631866455078 0.00197601318359375 0.20888233184814453 609
3851 3845 6 0.20149803161621094 0.0021598339080810547 0.203657865524292 610
3858 3857 1 0.20718097686767578 0.0019311904907226562 0.20911216735839844 611
3864 3858 6 0.1986098289489746 0.002060413360595703 0.2006702423095703 612
3871 3870 1 0.19521760940551758 0.010451555252075195 0.20566916465759277 613
3877 3871 6 0.20386624336242676 0.008912801742553711 0.21277904510498047 614
3884 3883 1 0.20040655136108398 0.002893209457397461 0.20329976081848145 615
3890 3884 6 0.19838356971740723 0.0020461082458496094 0.20042967796325684 616
3897 3890 6 0.19431734085083008 0.0020329952239990234 0.1963503360748291 617
3903 3896 6 0.1986997127532959 0.001964569091796875 0.20066428184509277 618
3909 3908 1 0.1984095573425293 0.0021560192108154297 0.20056557655334473 619
3915 3909 6 0.20092511177062988 0.002134561538696289 0.20305967330932617 620
3922 3921 1 0.20011115074157715 0.0018761157989501953 0.20198726654052734 621
3928 3922 6 0.2025737762451172 0.0018553733825683594 0.20442914962768555 622
3934 3934 0 0.19483017921447754 0.0019445419311523438 0.19677472114562988 623
3940 3935 5 0.1969895362854004 0.0019500255584716797 0.19893956184387207 624
3947 3946 1 0.19347929954528809 0.0019304752349853516 0.19540977478027344 625
3953 3947 6 0.20140790939331055 0.0019397735595703125 0.20334768295288086 626
3959 3958 1 0.19813060760498047 0.0019960403442382812 0.20012664794921875 627
3965 3959 6 0.20634794235229492 0.003931999206542969 0.2102799415588379 628
3972 3971 1 0.19599175453186035 0.002031087875366211 0.19802284240722656 629
3978 3972 6 0.19852471351623535 0.0020973682403564453 0.2006220817565918 630
3985 3984 1 0.19988179206848145 0.0018391609191894531 0.2017209529876709 631
3991 3985 6 0.20125508308410645 0.0030372142791748047 0.20429229736328125 632
3997 3997 0 0.19844818115234375 0.0023365020751953125 0.20078468322753906 633
4004 3998 6 0.19872403144836426 0.0021409988403320312 0.2008650302886963 634
4010 4009 1 0.19720911979675293 0.0020411014556884766 0.1992502212524414 635
4016 4010 6 0.19841957092285156 0.0020911693572998047 0.20051074028015137 636
4023 4022 1 0.19866418838500977 0.0018541812896728516 0.20051836967468262 637
4029 4023 6 0.20325779914855957 0.0033969879150390625 0.20665478706359863 638
4036 4035 1 0.20435309410095215 0.010132551193237305 0.21448564529418945 639
4042 4036 6 0.19805073738098145 0.0023131370544433594 0.2003638744354248 640
4049 4048 1 0.2092723846435547 0.011461973190307617 0.2207343578338623 641
4056 4050 6 0.19713926315307617 0.0025174617767333984 0.19965672492980957 642
4062 4056 6 0.19632196426391602 0.0019259452819824219 0.19824790954589844 643
4068 4062 6 0.19892334938049316 0.001997232437133789 0.20092058181762695 644
4075 4069 6 0.1960153579711914 0.0021126270294189453 0.19812798500061035 645
4081 4075 6 0.19814825057983398 0.0020263195037841797 0.20017457008361816 646
4087 4081 6 0.20284199714660645 0.0034084320068359375 0.20625042915344238 647
4094 4088 6 0.19531631469726562 0.002123117446899414 0.19743943214416504 648
4100 4094 6 0.19757676124572754 0.002662181854248047 0.20023894309997559 649
4106 4100 6 0.20160484313964844 0.0033447742462158203 0.20494961738586426 650
4113 4107 6 0.20690083503723145 0.018514633178710938 0.22541546821594238 651
4120 4114 6 0.19657540321350098 0.0018906593322753906 0.19846606254577637 652
4127 4120 6 0.1972806453704834 0.002783060073852539 0.20006370544433594 653
4133 4127 6 0.19645929336547852 0.0018551349639892578 0.19831442832946777 654
4139 4133 6 0.20504069328308105 0.002048492431640625 0.20708918571472168 655
4146 4145 1 0.19889497756958008 0.0018908977508544922 0.20078587532043457 656
4152 4146 6 0.19898462295532227 0.0022020339965820312 0.2011866569519043 657
4158 4158 0 0.19559836387634277 0.0023987293243408203 0.1979970932006836 658
4164 4159 5 0.19643902778625488 0.002436399459838867 0.19887542724609375 659
4171 4170 1 0.1947154998779297 0.001886606216430664 0.19660210609436035 660
4177 4171 6 0.19725656509399414 0.002701282501220703 0.19995784759521484 661
4183 4182 1 0.19517779350280762 0.0021953582763671875 0.1973731517791748 662
4189 4183 6 0.21543383598327637 0.0021796226501464844 0.21761345863342285 663
4196 4196 0 0.20021867752075195 0.002408266067504883 0.20262694358825684 664
4203 4197 6 0.19791531562805176 0.0022165775299072266 0.20013189315795898 665
4209 4209 0 0.19902586936950684 0.0020074844360351562 0.201033353805542 666
4215 4210 5 0.19812560081481934 0.0020325183868408203 0.20015811920166016 667
4222 4221 1 0.20135211944580078 0.0021796226501464844 0.20353174209594727 668
4228 4222 6 0.19927358627319336 0.0021026134490966797 0.20137619972229004 669
4235 4234 1 0.20072126388549805 0.002023935317993164 0.2027451992034912 670
4241 4235 6 0.2021350860595703 0.0022187232971191406 0.20435380935668945 671
4248 4247 1 0.1997058391571045 0.0029625892639160156 0.2026684284210205 672
4254 4248 6 0.20284080505371094 0.001964092254638672 0.2048048973083496 673
4260 4260 0 0.2027759552001953 0.0021758079528808594 0.20495176315307617 674
4267 4261 6 0.2072124481201172 0.0022575855255126953 0.20947003364562988 675
4274 4273 0 0.20224332809448242 0.0019736289978027344 0.20421695709228516 676
4280 4274 6 0.20430660247802734 0.002278566360473633 0.20658516883850098 677
4287 4286 1 0.1978909969329834 0.0030558109283447266 0.20094680786132812 678
4293 4287 6 0.20571041107177734 0.011037111282348633 0.21674752235412598 679
4300 4299 1 0.19741320610046387 0.0020368099212646484 0.19945001602172852 680
4306 4300 6 0.1983485221862793 0.0023338794708251953 0.2006824016571045 681
4313 4312 1 0.19835686683654785 0.0018863677978515625 0.20024323463439941 682
4319 4313 6 0.1980876922607422 0.0019376277923583984 0.20002532005310059 683
4326 4325 1 0.1983199119567871 0.0018835067749023438 0.20020341873168945 684
4332 4326 6 0.19925308227539062 0.0020437240600585938 0.20129680633544922 685
4338 4338 0 0.1962132453918457 0.002227306365966797 0.1984405517578125 686
4344 4339 5 0.2017078399658203 0.0020308494567871094 0.20373868942260742 687
4351 4350 1 0.2088758945465088 0.0025336742401123047 0.2114095687866211 688
4357 4351 6 0.19918155670166016 0.0019369125366210938 0.20111846923828125 689
4364 4363 1 0.1980423927307129 0.002131938934326172 0.20017433166503906 690
4370 4364 6 0.20007848739624023 0.002196073532104492 0.20227456092834473 691
4376 4376 0 0.19891023635864258 0.0019059181213378906 0.20081615447998047 692
4383 4377 6 0.21398615837097168 0.0022225379943847656 0.21620869636535645 693
4390 4389 1 0.2066359519958496 0.0039975643157958984 0.2106335163116455 694
4396 4390 6 0.20496654510498047 0.0019345283508300781 0.20690107345581055 695
4403 4402 1 0.19506287574768066 0.0020165443420410156 0.19707942008972168 696
4409 4403 6 0.19523358345031738 0.0019614696502685547 0.19719505310058594 697
4415 4409 6 0.20563077926635742 0.007012605667114258 0.21264338493347168 698
4422 4416 6 0.19282150268554688 0.0020170211791992188 0.1948385238647461 699
4428 4422 6 0.19230198860168457 0.0023801326751708984 0.19468212127685547 700
4434 4428 6 0.1939561367034912 0.0021784305572509766 0.1961345672607422 701
4440 4434 6 0.19359421730041504 0.002054929733276367 0.1956491470336914 702
4446 4440 6 0.19652152061462402 0.002079010009765625 0.19860053062438965 703
4453 4452 1 0.1940929889678955 0.0019049644470214844 0.195997953414917 704
4459 4453 6 0.19449496269226074 0.0020284652709960938 0.19652342796325684 705
4465 4464 1 0.19560694694519043 0.0021164417266845703 0.197723388671875 706
4471 4465 6 0.1998889446258545 0.0021893978118896484 0.20207834243774414 707
4478 4477 1 0.2013239860534668 0.0020232200622558594 0.20334720611572266 708
4484 4478 6 0.200577974319458 0.0020830631256103516 0.20266103744506836 709
4490 4490 0 0.1972520351409912 0.002057790756225586 0.1993098258972168 710
4496 4491 5 0.20192432403564453 0.002110719680786133 0.20403504371643066 711
4503 4502 1 0.20640802383422852 0.0019130706787109375 0.20832109451293945 712
4510 4504 6 0.19739651679992676 0.0019352436065673828 0.19933176040649414 713
4516 4510 6 0.19692516326904297 0.002125978469848633 0.1990511417388916 714
4522 4516 6 0.20277976989746094 0.002099752426147461 0.2048795223236084 715
4529 4523 6 0.19985556602478027 0.002494335174560547 0.20234990119934082 716
4535 4529 6 0.20063495635986328 0.0021283626556396484 0.20276331901550293 717
4542 4535 6 0.20200562477111816 0.00807046890258789 0.21007609367370605 718
4548 4542 6 0.197418212890625 0.0019850730895996094 0.1994032859802246 719
4554 4548 6 0.2005631923675537 0.0020051002502441406 0.20256829261779785 720
4561 4554 6 0.20126843452453613 0.0021004676818847656 0.2033689022064209 721
4567 4566 1 0.2071552276611328 0.0020372867584228516 0.20919251441955566 722
4574 4567 6 0.20856189727783203 0.0019617080688476562 0.2105236053466797 723
4580 4580 0 0.20472145080566406 0.0021142959594726562 0.20683574676513672 724
4587 4581 6 0.19815826416015625 0.012200355529785156 0.2103586196899414 725
4594 4593 1 0.2118091583251953 0.0020112991333007812 0.2138204574584961 726
4600 4594 6 0.20002102851867676 0.002091646194458008 0.20211267471313477 727
4607 4606 1 0.19603276252746582 0.0022764205932617188 0.19830918312072754 728
4613 4607 6 0.20017099380493164 0.00194549560546875 0.2021164894104004 729
4619 4618 1 0.19725823402404785 0.002102375030517578 0.19936060905456543 730
4625 4619 6 0.19762611389160156 0.002107858657836914 0.19973397254943848 731
4632 4631 1 0.2063758373260498 0.0023560523986816406 0.20873188972473145 732
4638 4632 6 0.20210909843444824 0.002143383026123047 0.2042524814605713 733
4645 4644 1 0.19970083236694336 0.002140045166015625 0.20184087753295898 734
4651 4645 6 0.20239591598510742 0.002055644989013672 0.2044515609741211 735
4658 4657 1 0.2041475772857666 0.013186931610107422 0.21733450889587402 736
4664 4658 6 0.20697641372680664 0.0019834041595458984 0.20895981788635254 737
4671 4670 1 0.20070457458496094 0.004480123519897461 0.2051846981048584 738
4677 4671 6 0.2032773494720459 0.0023589134216308594 0.20563626289367676 739
4684 4683 1 0.20482444763183594 0.0021970272064208984 0.20702147483825684 740
4690 4684 6 0.20519018173217773 0.009565353393554688 0.21475553512573242 741
4697 4696 1 0.19779467582702637 0.002032041549682617 0.19982671737670898 742
4703 4697 6 0.19678044319152832 0.0019903182983398438 0.19877076148986816 743
4710 4709 1 0.19988608360290527 0.00836038589477539 0.20824646949768066 744
4716 4710 6 0.19960284233093262 0.002039194107055664 0.20164203643798828 745
4723 4722 1 0.20045065879821777 0.0020835399627685547 0.20253419876098633 746
4729 4723 6 0.2012312412261963 0.0020449161529541016 0.2032761573791504 747
4736 4735 0 0.1994788646697998 0.0022399425506591797 0.20171880722045898 748
4742 4736 6 0.20537734031677246 0.0020601749420166016 0.20743751525878906 749
4748 4748 0 0.19668316841125488 0.0019271373748779297 0.1986103057861328 750
4754 4749 5 0.20314431190490723 0.0021195411682128906 0.20526385307312012 751
4761 4760 1 0.19889092445373535 0.0020580291748046875 0.20094895362854004 752
4767 4761 6 0.2012171745300293 0.0019834041595458984 0.2032005786895752 753
4774 4773 1 0.21047735214233398 0.0026407241821289062 0.2131180763244629 754
4780 4774 6 0.20168828964233398 0.013898372650146484 0.21558666229248047 755
4787 4786 1 0.2002706527709961 0.0031616687774658203 0.20343232154846191 756
4794 4788 6 0.20006179809570312 0.0019168853759765625 0.2019786834716797 757
4800 4794 6 0.19964838027954102 0.0020639896392822266 0.20171236991882324 758
4806 4800 6 0.20057153701782227 0.0022430419921875 0.20281457901000977 759
4813 4807 6 0.19675302505493164 0.0031099319458007812 0.19986295700073242 760
4817 4812 5 0.20358896255493164 0.0019116401672363281 0.20550060272216797 761
4817 4813 4 0.18906188011169434 0.0021097660064697266 0.19117164611816406 762
4817 4814 3 0.18730878829956055 0.002178192138671875 0.18948698043823242 763
stop segmentation node
