load checkpoint from http path: https://dl.cv.ethz.ch/bdd100k/sem_seg/models/deeplabv3+_r50-d8_769x769_40k_sem_seg_bdd100k.pth
'CLASSES' not found in meta, use dataset.CLASSES instead
'PALETTE' not found in meta, use dataset.PALETTE instead
timely function starting...
prediction starts
2 1 1 0.23253870010375977 0.0026390552520751953 0.23517775535583496 1
91 90 1 0.19322681427001953 0.003675699234008789 0.19690251350402832 2
97 91 6 0.1878349781036377 0.0026640892028808594 0.19049906730651855 3
102 96 6 0.18859601020812988 0.0028328895568847656 0.19142889976501465 4
108 102 6 0.20252394676208496 0.0023953914642333984 0.20491933822631836 5
114 108 6 0.2042853832244873 0.0025377273559570312 0.20682311058044434 6
120 114 6 0.20686936378479004 0.00226593017578125 0.2091352939605713 7
126 120 6 0.19744086265563965 0.013881683349609375 0.21132254600524902 8
132 126 6 0.18913936614990234 0.002242565155029297 0.19138193130493164 9
137 131 6 0.18927502632141113 0.002836942672729492 0.19211196899414062 10
143 137 6 0.1878049373626709 0.0037698745727539062 0.1915748119354248 11
149 143 6 0.18858957290649414 0.0026149749755859375 0.19120454788208008 12
154 148 6 0.1898190975189209 0.0021202564239501953 0.1919393539428711 13
160 154 6 0.18787503242492676 0.0019283294677734375 0.1898033618927002 14
165 159 6 0.19196867942810059 0.0020983219146728516 0.19406700134277344 15
172 170 1 0.19652009010314941 0.010095596313476562 0.20661568641662598 16
178 172 6 0.19217681884765625 0.011632919311523438 0.2038097381591797 17
184 178 6 0.18709874153137207 0.0020780563354492188 0.1891767978668213 18
189 183 6 0.1924450397491455 0.002046346664428711 0.19449138641357422 19
195 194 1 0.20072054862976074 0.006493330001831055 0.2072138786315918 20
201 195 6 0.18888235092163086 0.0023622512817382812 0.19124460220336914 21
207 206 1 0.18814945220947266 0.004019498825073242 0.1921689510345459 22
213 207 6 0.1896984577178955 0.0021431446075439453 0.19184160232543945 23
218 212 6 0.18943572044372559 0.002374410629272461 0.19181013107299805 24
224 218 6 0.1924130916595459 0.002127408981323242 0.19454050064086914 25
229 223 6 0.2070167064666748 0.002141237258911133 0.20915794372558594 26
235 229 6 0.18851590156555176 0.002232074737548828 0.19074797630310059 27
240 234 6 0.2054884433746338 0.005792379379272461 0.21128082275390625 28
247 246 1 0.19067025184631348 0.008902788162231445 0.19957304000854492 29
253 247 6 0.19520115852355957 0.0028123855590820312 0.1980135440826416 30
259 257 2 0.18922138214111328 0.001990079879760742 0.19121146202087402 31
265 258 6 0.19689702987670898 0.013809919357299805 0.2107069492340088 32
270 264 6 0.19036054611206055 0.002032041549682617 0.19239258766174316 33
276 270 6 0.1888432502746582 0.0024569034576416016 0.1913001537322998 34
281 275 6 0.1865699291229248 0.002390146255493164 0.18896007537841797 35
286 280 6 0.18835663795471191 0.0024373531341552734 0.1907939910888672 36
292 286 6 0.18915867805480957 0.0020570755004882812 0.19121575355529785 37
298 292 6 0.20220327377319336 0.0025315284729003906 0.20473480224609375 38
304 298 6 0.20573210716247559 0.0021758079528808594 0.20790791511535645 39
310 304 6 0.2023301124572754 0.016108036041259766 0.21843814849853516 40
316 310 6 0.19445180892944336 0.006170034408569336 0.2006218433380127 41
322 316 6 0.18989014625549316 0.004386186599731445 0.1942763328552246 42
328 322 6 0.18644261360168457 0.0026483535766601562 0.18909096717834473 43
334 328 6 0.18987655639648438 0.0027871131896972656 0.19266366958618164 44
340 334 6 0.19141316413879395 0.0026636123657226562 0.1940767765045166 45
345 339 6 0.19075489044189453 0.0018770694732666016 0.19263195991516113 46
350 344 6 0.19080495834350586 0.0024175643920898438 0.1932225227355957 47
356 350 6 0.18889808654785156 0.0033698081970214844 0.19226789474487305 48
361 355 6 0.1882002353668213 0.007984161376953125 0.19618439674377441 49
367 361 6 0.19650983810424805 0.009221315383911133 0.20573115348815918 50
373 367 6 0.20069527626037598 0.0022656917572021484 0.20296096801757812 51
379 373 6 0.19132065773010254 0.002337217330932617 0.19365787506103516 52
384 378 6 0.19289040565490723 0.003352642059326172 0.1962430477142334 53
390 389 1 0.18895435333251953 0.002437591552734375 0.1913919448852539 54
396 390 6 0.20709538459777832 0.002763509750366211 0.20985889434814453 55
402 401 1 0.1903235912322998 0.0026311874389648438 0.19295477867126465 56
408 402 6 0.19202804565429688 0.001985788345336914 0.1940138339996338 57
413 407 6 0.2020730972290039 0.002886056900024414 0.20495915412902832 58
419 413 6 0.20701098442077637 0.011385917663574219 0.21839690208435059 59
426 425 1 0.19220471382141113 0.007668972015380859 0.199873685836792 60
432 426 6 0.19289350509643555 0.014026403427124023 0.20691990852355957 61
437 431 6 0.20893001556396484 0.00837850570678711 0.21730852127075195 62
443 437 6 0.20728588104248047 0.006689310073852539 0.213975191116333 63
448 442 6 0.2116224765777588 0.020528078079223633 0.23215055465698242 64
453 447 6 0.20680880546569824 0.002683877944946289 0.20949268341064453 65
459 453 6 0.2048966884613037 0.0021185874938964844 0.2070152759552002 66
463 457 6 0.20615935325622559 0.012797832489013672 0.21895718574523926 67
468 462 6 0.23034405708312988 0.013330936431884766 0.24367499351501465 68
474 468 6 0.2416534423828125 0.0024802684783935547 0.24413371086120605 69
479 473 6 0.21076154708862305 0.01065373420715332 0.22141528129577637 70
484 478 6 0.21228432655334473 0.014300346374511719 0.22658467292785645 71
491 489 2 0.22494959831237793 0.01718449592590332 0.24213409423828125 72
497 491 6 0.23256540298461914 0.002354145050048828 0.23491954803466797 73
503 497 6 0.2019946575164795 0.0023615360260009766 0.20435619354248047 74
508 502 6 0.23073339462280273 0.002004861831665039 0.23273825645446777 75
514 508 6 0.19011902809143066 0.002465963363647461 0.19258499145507812 76
520 514 6 0.2114241123199463 0.0025081634521484375 0.21393227577209473 77
527 520 6 0.20013833045959473 0.008626222610473633 0.20876455307006836 78
533 527 6 0.19959783554077148 0.0032906532287597656 0.20288848876953125 79
539 532 6 0.19616031646728516 0.0026710033416748047 0.19883131980895996 80
544 538 6 0.22550153732299805 0.002154111862182617 0.22765564918518066 81
550 543 6 0.18992900848388672 0.0019960403442382812 0.191925048828125 82
556 554 2 0.2200336456298828 0.011620044708251953 0.23165369033813477 83
562 556 6 0.2105083465576172 0.00201416015625 0.2125225067138672 84
567 561 6 0.19341707229614258 0.0021522045135498047 0.19556927680969238 85
573 567 6 0.18818902969360352 0.014381170272827148 0.20257019996643066 86
578 572 6 0.23615121841430664 0.014740705490112305 0.25089192390441895 87
584 578 6 0.1993248462677002 0.002251863479614258 0.20157670974731445 88
589 583 6 0.20424890518188477 0.0031137466430664062 0.20736265182495117 89
594 588 6 0.2392590045928955 0.006979465484619141 0.24623847007751465 90
600 593 6 0.24251294136047363 0.01844930648803711 0.26096224784851074 91
606 605 1 0.22177720069885254 0.0242459774017334 0.24602317810058594 92
612 606 6 0.21251916885375977 0.01309967041015625 0.22561883926391602 93
618 616 2 0.21085548400878906 0.013923406600952148 0.2247788906097412 94
622 617 5 0.237884521484375 0.007116556167602539 0.24500107765197754 95
629 622 6 0.22655344009399414 0.018412113189697266 0.2449655532836914 96
634 628 6 0.20127534866333008 0.02567315101623535 0.22694849967956543 97
639 633 6 0.2230215072631836 0.013135671615600586 0.23615717887878418 98
645 638 6 0.2281043529510498 0.009451627731323242 0.23755598068237305 99
650 644 6 0.19750547409057617 0.04418063163757324 0.24168610572814941 100
655 649 6 0.2033398151397705 0.02263474464416504 0.22597455978393555 101
661 659 2 0.2455308437347412 0.017679214477539062 0.2632100582122803 102
667 661 6 0.25990891456604004 0.025293827056884766 0.2852027416229248 103
675 673 2 0.234832763671875 0.016895532608032227 0.2517282962799072 104
680 674 6 0.2299818992614746 0.0077817440032958984 0.2377636432647705 105
686 685 1 0.22419071197509766 0.003842592239379883 0.22803330421447754 106
691 686 5 0.23397350311279297 0.012830257415771484 0.24680376052856445 107
696 690 6 0.21331143379211426 0.0020515918731689453 0.2153630256652832 108
701 695 6 0.20604515075683594 0.00569915771484375 0.2117443084716797 109
706 700 6 0.2074427604675293 0.006296873092651367 0.21373963356018066 110
710 704 6 0.24562668800354004 0.0019156932830810547 0.2475423812866211 111
717 716 1 0.22500944137573242 0.002028942108154297 0.22703838348388672 112
723 717 5 0.19977188110351562 0.0020329952239990234 0.20180487632751465 113
729 722 6 0.19136333465576172 0.002204418182373047 0.19356775283813477 114
734 728 6 0.1966691017150879 0.0018570423126220703 0.19852614402770996 115
740 734 6 0.20331263542175293 0.01243901252746582 0.21575164794921875 116
746 740 6 0.19682812690734863 0.007348775863647461 0.2041769027709961 117
753 747 6 0.1918501853942871 0.0024788379669189453 0.19432902336120605 118
758 752 6 0.19193768501281738 0.002591371536254883 0.19452905654907227 119
764 758 6 0.18914008140563965 0.002017974853515625 0.19115805625915527 120
770 764 6 0.19256591796875 0.0018727779388427734 0.19443869590759277 121
776 769 6 0.19475388526916504 0.002657175064086914 0.19741106033325195 122
781 775 6 0.1970982551574707 0.003226757049560547 0.20032501220703125 123
787 781 6 0.1938014030456543 0.007631540298461914 0.2014329433441162 124
793 787 6 0.19241094589233398 0.006001710891723633 0.19841265678405762 125
799 793 6 0.19367027282714844 0.0018703937530517578 0.1955406665802002 126
805 799 6 0.19051170349121094 0.003258228302001953 0.1937699317932129 127
811 805 6 0.19599103927612305 0.0021851062774658203 0.19817614555358887 128
816 810 6 0.20268893241882324 0.0022003650665283203 0.20488929748535156 129
823 822 1 0.18815088272094727 0.002020597457885742 0.190171480178833 130
828 823 5 0.19407033920288086 0.0019009113311767578 0.19597125053405762 131
834 833 1 0.20484447479248047 0.009830713272094727 0.2146751880645752 132
840 834 6 0.19435715675354004 0.0033507347106933594 0.1977078914642334 133
847 845 2 0.19571971893310547 0.002557039260864258 0.19827675819396973 134
853 847 6 0.1915147304534912 0.0019466876983642578 0.19346141815185547 135
858 852 6 0.19199895858764648 0.0020160675048828125 0.1940150260925293 136
864 858 6 0.26856398582458496 0.006534099578857422 0.2750980854034424 137
872 871 1 0.1929159164428711 0.0019233226776123047 0.1948392391204834 138
878 872 6 0.1960926055908203 0.002131938934326172 0.19822454452514648 139
885 883 1 0.1966872215270996 0.0017750263214111328 0.19846224784851074 140
890 884 6 0.20357537269592285 0.007193088531494141 0.210768461227417 141
897 895 1 0.1920175552368164 0.002087831497192383 0.1941053867340088 142
902 896 6 0.19670915603637695 0.0019769668579101562 0.1986861228942871 143
908 907 1 0.19005417823791504 0.004884004592895508 0.19493818283081055 144
914 908 6 0.19254779815673828 0.0018193721771240234 0.1943671703338623 145
919 913 6 0.20455431938171387 0.005484580993652344 0.2100389003753662 146
925 919 6 0.1962735652923584 0.0026679039001464844 0.19894146919250488 147
930 924 6 0.19553327560424805 0.002259969711303711 0.19779324531555176 148
936 930 6 0.19271278381347656 0.001687765121459961 0.19440054893493652 149
942 936 6 0.19255709648132324 0.0019404888153076172 0.19449758529663086 150
948 942 6 0.19161748886108398 0.0018427371978759766 0.19346022605895996 151
954 948 6 0.19043469429016113 0.003968238830566406 0.19440293312072754 152
959 953 6 0.19199442863464355 0.0034530162811279297 0.19544744491577148 153
964 958 6 0.1951127052307129 0.0021271705627441406 0.19723987579345703 154
970 964 6 0.20330190658569336 0.012637853622436523 0.21593976020812988 155
977 971 6 0.19630217552185059 0.0064487457275390625 0.20275092124938965 156
983 977 6 0.2002875804901123 0.0023512840270996094 0.20263886451721191 157
989 983 6 0.19490408897399902 0.002747058868408203 0.19765114784240723 158
995 988 6 0.1904458999633789 0.0018804073333740234 0.19232630729675293 159
1000 994 6 0.19640207290649414 0.0019314289093017578 0.1983335018157959 160
1006 1000 6 0.19534707069396973 0.002163410186767578 0.1975104808807373 161
1012 1006 6 0.19349217414855957 0.0019266605377197266 0.1954188346862793 162
1017 1011 6 0.19669365882873535 0.0019936561584472656 0.19868731498718262 163
1023 1022 1 0.1913738250732422 0.002011537551879883 0.19338536262512207 164
1028 1023 5 0.19734811782836914 0.0028295516967773438 0.20017766952514648 165
1035 1033 2 0.19193530082702637 0.002309083938598633 0.194244384765625 166
1040 1034 6 0.2069258689880371 0.008936166763305664 0.21586203575134277 167
1046 1045 1 0.20052790641784668 0.002049684524536133 0.2025775909423828 168
1051 1046 5 0.20969700813293457 0.0024449825286865234 0.2121419906616211 169
1057 1056 1 0.1963789463043213 0.0017418861389160156 0.1981208324432373 170
1062 1057 5 0.21863293647766113 0.0021071434020996094 0.22074007987976074 171
1069 1068 1 0.1952059268951416 0.002786397933959961 0.19799232482910156 172
1074 1069 5 0.19361662864685059 0.001949310302734375 0.19556593894958496 173
1080 1079 1 0.2037642002105713 0.0016930103302001953 0.20545721054077148 174
1085 1080 5 0.21091365814208984 0.001857757568359375 0.21277141571044922 175
1091 1090 1 0.1985621452331543 0.017949819564819336 0.21651196479797363 176
1097 1091 6 0.20654654502868652 0.011613130569458008 0.21815967559814453 177
1103 1096 6 0.19874167442321777 0.0018038749694824219 0.2005455493927002 178
1108 1102 6 0.19137239456176758 0.0019311904907226562 0.19330358505249023 179
1114 1107 6 0.19357705116271973 0.0018110275268554688 0.1953880786895752 180
1119 1113 6 0.1901998519897461 0.0016689300537109375 0.19186878204345703 181
1125 1119 6 0.19190549850463867 0.001739501953125 0.19364500045776367 182
1131 1125 6 0.19388628005981445 0.002440929412841797 0.19632720947265625 183
1137 1130 6 0.20044589042663574 0.006916999816894531 0.20736289024353027 184
1143 1142 1 0.19629645347595215 0.0035200119018554688 0.19981646537780762 185
1149 1143 6 0.20458197593688965 0.0017924308776855469 0.2063744068145752 186
1155 1154 1 0.19181060791015625 0.0018641948699951172 0.19367480278015137 187
1161 1155 6 0.20078492164611816 0.002724885940551758 0.20350980758666992 188
1167 1166 1 0.19052624702453613 0.0015671253204345703 0.1920933723449707 189
1173 1167 6 0.19660711288452148 0.0018672943115234375 0.19847440719604492 190
1178 1172 6 0.19210314750671387 0.0019621849060058594 0.19406533241271973 191
1183 1177 6 0.19665837287902832 0.0016608238220214844 0.1983191967010498 192
1189 1188 1 0.19352197647094727 0.0026361942291259766 0.19615817070007324 193
1195 1189 6 0.19777369499206543 0.001847982406616211 0.19962167739868164 194
1201 1200 1 0.22728538513183594 0.0032961368560791016 0.23058152198791504 195
1208 1201 6 0.19495558738708496 0.009808778762817383 0.20476436614990234 196
1213 1207 6 0.19600200653076172 0.004725217819213867 0.20072722434997559 197
1219 1213 6 0.19394826889038086 0.0020322799682617188 0.19598054885864258 198
1225 1219 6 0.19656801223754883 0.0017201900482177734 0.1982882022857666 199
1230 1224 6 0.19371891021728516 0.0037071704864501953 0.19742608070373535 200
1236 1235 1 0.19124984741210938 0.00274658203125 0.19399642944335938 201
1242 1236 6 0.19626164436340332 0.0017158985137939453 0.19797754287719727 202
1247 1241 6 0.19449257850646973 0.002295255661010742 0.19678783416748047 203
1253 1247 6 0.19654250144958496 0.008790969848632812 0.20533347129821777 204
1259 1253 6 0.19645309448242188 0.006761312484741211 0.20321440696716309 205
1265 1259 6 0.20450806617736816 0.00432276725769043 0.2088308334350586 206
1271 1265 6 0.2007770538330078 0.006213665008544922 0.20699071884155273 207
1277 1271 6 0.19214272499084473 0.002609729766845703 0.19475245475769043 208
1282 1276 6 0.19068241119384766 0.001653909683227539 0.1923363208770752 209
1288 1282 6 0.19260740280151367 0.0018935203552246094 0.19450092315673828 210
1293 1287 6 0.1941995620727539 0.0016064643859863281 0.19580602645874023 211
1298 1292 6 0.19385242462158203 0.0018434524536132812 0.1956958770751953 212
1304 1298 6 0.20339512825012207 0.009452581405639648 0.21284770965576172 213
1310 1304 6 0.1946275234222412 0.0018527507781982422 0.19648027420043945 214
1316 1310 6 0.20165705680847168 0.011212587356567383 0.21286964416503906 215
1323 1317 6 0.19447898864746094 0.0017828941345214844 0.19626188278198242 216
1329 1323 6 0.19961094856262207 0.001672506332397461 0.20128345489501953 217
1335 1329 6 0.19713687896728516 0.0020072460174560547 0.1991441249847412 218
1339 1334 5 0.19648361206054688 0.0020029544830322266 0.1984865665435791 219
1344 1338 6 0.1937694549560547 0.001664876937866211 0.1954343318939209 220
1350 1344 6 0.19438600540161133 0.0016961097717285156 0.19608211517333984 221
1356 1350 6 0.2013072967529297 0.002226591110229492 0.20353388786315918 222
1362 1356 6 0.1999502182006836 0.0018398761749267578 0.20179009437561035 223
1368 1362 6 0.20242071151733398 0.021462202072143555 0.22388291358947754 224
1374 1368 6 0.20139360427856445 0.0018017292022705078 0.20319533348083496 225
1380 1374 6 0.19596099853515625 0.0017402172088623047 0.19770121574401855 226
1385 1379 6 0.19648456573486328 0.001844167709350586 0.19832873344421387 227
1391 1385 6 0.19857382774353027 0.0016410350799560547 0.20021486282348633 228
1397 1391 6 0.1942899227142334 0.0015833377838134766 0.19587326049804688 229
1403 1397 6 0.19323277473449707 0.0038466453552246094 0.19707942008972168 230
1408 1402 6 0.20711159706115723 0.00409698486328125 0.21120858192443848 231
1414 1408 6 0.1991126537322998 0.001993417739868164 0.20110607147216797 232
1420 1414 6 0.2158067226409912 0.00579524040222168 0.2216019630432129 233
1426 1420 6 0.224043607711792 0.004971742630004883 0.22901535034179688 234
1433 1427 6 0.1971900463104248 0.012619733810424805 0.2098097801208496 235
1439 1433 6 0.20813441276550293 0.0022809505462646484 0.21041536331176758 236
1445 1439 6 0.19364380836486816 0.0016257762908935547 0.19526958465576172 237
1450 1444 6 0.19487977027893066 0.0020096302032470703 0.19688940048217773 238
1456 1450 6 0.19889235496520996 0.003284454345703125 0.20217680931091309 239
1462 1456 6 0.19658303260803223 0.0021011829376220703 0.1986842155456543 240
1467 1461 6 0.1970374584197998 0.0016510486602783203 0.19868850708007812 241
1473 1467 6 0.19435620307922363 0.001773834228515625 0.19613003730773926 242
1478 1472 6 0.1964881420135498 0.009583473205566406 0.2060716152191162 243
1484 1478 6 0.1942000389099121 0.0017261505126953125 0.19592618942260742 244
1489 1483 6 0.19374942779541016 0.001878976821899414 0.19562840461730957 245
1495 1493 2 0.20864152908325195 0.0016067028045654297 0.21024823188781738 246
1500 1494 6 0.20093560218811035 0.004753828048706055 0.2056894302368164 247
1507 1505 2 0.2019186019897461 0.0017774105072021484 0.20369601249694824 248
1512 1506 6 0.2151048183441162 0.010565042495727539 0.22566986083984375 249
1518 1517 1 0.19666194915771484 0.0017821788787841797 0.19844412803649902 250
1524 1518 6 0.2011864185333252 0.0016002655029296875 0.20278668403625488 251
1530 1529 1 0.1932382583618164 0.0025947093963623047 0.1958329677581787 252
1535 1530 5 0.19799041748046875 0.009588003158569336 0.20757842063903809 253
1541 1539 2 0.21148133277893066 0.002709627151489258 0.21419095993041992 254
1547 1541 6 0.2195601463317871 0.009203195571899414 0.22876334190368652 255
1554 1552 2 0.2028646469116211 0.0018458366394042969 0.2047104835510254 256
1559 1553 6 0.1966564655303955 0.001882791519165039 0.19853925704956055 257
1565 1564 1 0.2106177806854248 0.0021386146545410156 0.21275639533996582 258
1570 1565 5 0.19876313209533691 0.003012418746948242 0.20177555084228516 259
1576 1575 1 0.19241118431091309 0.002163410186767578 0.19457459449768066 260
1581 1576 5 0.1994154453277588 0.002676725387573242 0.20209217071533203 261
1587 1586 1 0.19387173652648926 0.0018644332885742188 0.19573616981506348 262
1593 1587 6 0.19785833358764648 0.0019996166229248047 0.1998579502105713 263
1599 1598 1 0.1972649097442627 0.0023767948150634766 0.19964170455932617 264
1604 1599 5 0.20320987701416016 0.01536250114440918 0.21857237815856934 265
1611 1610 1 0.19339251518249512 0.006915569305419922 0.20030808448791504 266
1617 1611 6 0.1962718963623047 0.0017824172973632812 0.19805431365966797 267
1623 1622 1 0.19072294235229492 0.0017681121826171875 0.1924910545349121 268
1628 1623 5 0.20340585708618164 0.0031158924102783203 0.20652174949645996 269
1634 1633 1 0.2093360424041748 0.002281665802001953 0.21161770820617676 270
1640 1634 6 0.20715928077697754 0.01075291633605957 0.2179121971130371 271
1647 1645 2 0.21608734130859375 0.0024733543395996094 0.21856069564819336 272
1653 1646 6 0.204620361328125 0.001764535903930664 0.20638489723205566 273
1658 1657 1 0.23387622833251953 0.010107994079589844 0.24398422241210938 274
1664 1658 6 0.20786070823669434 0.0017466545104980469 0.20960736274719238 275
1670 1669 1 0.19237613677978516 0.0018062591552734375 0.1941823959350586 276
1676 1670 6 0.2026534080505371 0.0028450489044189453 0.20549845695495605 277
1682 1680 2 0.19503569602966309 0.0024275779724121094 0.1974632740020752 278
1687 1681 6 0.2093183994293213 0.0023810863494873047 0.2116994857788086 279
1693 1692 1 0.2007288932800293 0.006835460662841797 0.2075643539428711 280
1699 1693 5 0.20357251167297363 0.0017018318176269531 0.20527434349060059 281
1704 1698 6 0.207000732421875 0.016355037689208984 0.22335577011108398 282
1710 1704 6 0.22900724411010742 0.0017933845520019531 0.23080062866210938 283
1717 1716 1 0.22946786880493164 0.016521692276000977 0.24598956108093262 284
1723 1717 6 0.21605443954467773 0.0020706653594970703 0.2181251049041748 285
1729 1727 2 0.2096569538116455 0.0065729618072509766 0.21622991561889648 286
1735 1729 6 0.19907069206237793 0.0027437210083007812 0.2018144130706787 287
1740 1734 6 0.19991230964660645 0.0021965503692626953 0.20210886001586914 288
1746 1740 6 0.19431710243225098 0.003604888916015625 0.1979219913482666 289
1751 1745 6 0.21302390098571777 0.0024454593658447266 0.2154693603515625 290
1757 1751 6 0.21481585502624512 0.012866973876953125 0.22768282890319824 291
1763 1757 6 0.22563672065734863 0.014147281646728516 0.23978400230407715 292
1770 1769 1 0.2150557041168213 0.011139154434204102 0.2261948585510254 293
1777 1771 6 0.19558310508728027 0.001775979995727539 0.1973590850830078 294
1783 1777 6 0.19289350509643555 0.013427734375 0.20632123947143555 295
1788 1782 6 0.21075773239135742 0.0023179054260253906 0.2130756378173828 296
1794 1793 1 0.19431281089782715 0.010753154754638672 0.20506596565246582 297
1799 1794 5 0.20104217529296875 0.0019147396087646484 0.2029569149017334 298
1805 1804 1 0.1951456069946289 0.0018129348754882812 0.1969585418701172 299
1811 1805 5 0.2011563777923584 0.0021812915802001953 0.2033376693725586 300
1816 1810 6 0.19591331481933594 0.0018351078033447266 0.19774842262268066 301
1821 1815 6 0.19989013671875 0.0019109249114990234 0.20180106163024902 302
1826 1820 6 0.21007919311523438 0.013193607330322266 0.22327280044555664 303
1833 1827 6 0.19601035118103027 0.0017237663269042969 0.19773411750793457 304
1838 1832 6 0.19895434379577637 0.0018317699432373047 0.20078611373901367 305
1844 1838 6 0.19350266456604004 0.002222299575805664 0.1957249641418457 306
1849 1843 6 0.19895029067993164 0.0019037723541259766 0.20085406303405762 307
1855 1848 6 0.19387292861938477 0.0019817352294921875 0.19585466384887695 308
1860 1854 6 0.19646596908569336 0.0017728805541992188 0.19823884963989258 309
1865 1859 6 0.1954054832458496 0.0018906593322753906 0.197296142578125 310
1871 1865 6 0.20551586151123047 0.002209186553955078 0.20772504806518555 311
1876 1870 6 0.20702528953552246 0.001779317855834961 0.20880460739135742 312
1882 1876 6 0.194166898727417 0.0018527507781982422 0.19601964950561523 313
1887 1881 6 0.20450997352600098 0.012139081954956055 0.21664905548095703 314
1894 1892 2 0.19450664520263672 0.003686189651489258 0.19819283485412598 315
1899 1893 6 0.19724559783935547 0.005033969879150391 0.20227956771850586 316
1905 1898 6 0.19973158836364746 0.003038167953491211 0.20276975631713867 317
1909 1903 6 0.1978459358215332 0.002852201461791992 0.2006981372833252 318
1915 1913 2 0.209306001663208 0.002160310745239258 0.21146631240844727 319
1920 1914 6 0.20879530906677246 0.003003358840942383 0.21179866790771484 320
1924 1919 5 0.1954808235168457 0.002329587936401367 0.19781041145324707 321
1930 1924 6 0.21361756324768066 0.001806497573852539 0.2154240608215332 322
1936 1930 6 0.21285080909729004 0.01020956039428711 0.22306036949157715 323
1942 1936 6 0.21256208419799805 0.0017306804656982422 0.2142927646636963 324
1947 1941 6 0.21268868446350098 0.002025604248046875 0.21471428871154785 325
1953 1946 6 0.21539688110351562 0.0030646324157714844 0.2184615135192871 326
1959 1953 6 0.19858765602111816 0.008737802505493164 0.20732545852661133 327
1964 1958 6 0.20244574546813965 0.001870870590209961 0.2043166160583496 328
1970 1964 6 0.194871187210083 0.002345561981201172 0.19721674919128418 329
1975 1969 6 0.19606637954711914 0.0020117759704589844 0.19807815551757812 330
1981 1980 1 0.19550490379333496 0.00243377685546875 0.1979386806488037 331
1986 1981 5 0.19922900199890137 0.0020041465759277344 0.2012331485748291 332
1992 1991 1 0.1921689510345459 0.0019979476928710938 0.194166898727417 333
1997 1992 5 0.20374846458435059 0.001953601837158203 0.2057020664215088 334
2003 2002 1 0.1973581314086914 0.0019278526306152344 0.19928598403930664 335
2008 2003 5 0.19453716278076172 0.0019443035125732422 0.19648146629333496 336
2013 2007 6 0.2067866325378418 0.0020036697387695312 0.20879030227661133 337
2018 2012 6 0.24312114715576172 0.0018656253814697266 0.24498677253723145 338
2025 2023 2 0.19550299644470215 0.0017845630645751953 0.19728755950927734 339
2030 2024 6 0.20098090171813965 0.0029523372650146484 0.2039332389831543 340
2036 2035 1 0.19810914993286133 0.0019140243530273438 0.20002317428588867 341
2041 2036 5 0.20306873321533203 0.0025055408477783203 0.20557427406311035 342
2046 2040 6 0.19442367553710938 0.0019519329071044922 0.19637560844421387 343
2050 2045 5 0.19691157341003418 0.001901388168334961 0.19881296157836914 344
2056 2050 6 0.22158026695251465 0.0018002986907958984 0.22338056564331055 345
2062 2055 6 0.19654607772827148 0.0017669200897216797 0.19831299781799316 346
2068 2066 2 0.2198340892791748 0.010208845138549805 0.2300429344177246 347
2073 2067 6 0.23740053176879883 0.009662628173828125 0.24706315994262695 348
2079 2078 1 0.21259403228759766 0.02181696891784668 0.23441100120544434 349
2084 2079 5 0.24842071533203125 0.010106801986694336 0.2585275173187256 350
2089 2083 6 0.2379899024963379 0.0031473636627197266 0.24113726615905762 351
2095 2088 6 0.21690893173217773 0.004317045211791992 0.22122597694396973 352
2101 2100 1 0.2049098014831543 0.004516124725341797 0.2094259262084961 353
2106 2101 5 0.20078158378601074 0.013568878173828125 0.21435046195983887 354
2112 2110 2 0.20401763916015625 0.011244058609008789 0.21526169776916504 355
2118 2112 6 0.23228788375854492 0.01388096809387207 0.246168851852417 356
2124 2118 6 0.20223760604858398 0.02411341667175293 0.22635102272033691 357
2130 2123 6 0.2182908058166504 0.013100385665893555 0.23139119148254395 358
2135 2134 1 0.20085835456848145 0.02425098419189453 0.22510933876037598 359
2141 2135 6 0.2319502830505371 0.013153076171875 0.2451033592224121 360
2148 2146 1 0.22759199142456055 0.011013984680175781 0.23860597610473633 361
2154 2148 6 0.24025511741638184 0.03774833679199219 0.278003454208374 362
2160 2154 6 0.2003796100616455 0.0021698474884033203 0.20254945755004883 363
2166 2160 6 0.19509482383728027 0.002873659133911133 0.1979684829711914 364
2171 2165 6 0.21052837371826172 0.001911163330078125 0.21243953704833984 365
2177 2171 6 0.2294011116027832 0.0018265247344970703 0.23122763633728027 366
2183 2177 6 0.1954023838043213 0.0028383731842041016 0.1982407569885254 367
2188 2182 6 0.20005321502685547 0.0020067691802978516 0.20205998420715332 368
2193 2187 6 0.19570016860961914 0.001791238784790039 0.19749140739440918 369
2199 2193 6 0.1956171989440918 0.003206491470336914 0.1988236904144287 370
2205 2199 6 0.1951611042022705 0.012490034103393555 0.20765113830566406 371
2210 2204 6 0.2210988998413086 0.009352684020996094 0.2304515838623047 372
2216 2210 6 0.2464618682861328 0.011872053146362305 0.2583339214324951 373
2222 2215 6 0.26845812797546387 0.012961149215698242 0.2814192771911621 374
2228 2227 1 0.24703550338745117 0.008455514907836914 0.2554910182952881 375
2234 2228 6 0.2120068073272705 0.0018525123596191406 0.21385931968688965 376
2240 2238 2 0.19697213172912598 0.002161264419555664 0.19913339614868164 377
2245 2239 6 0.20083880424499512 0.001993417739868164 0.20283222198486328 378
2252 2250 1 0.19369053840637207 0.0015587806701660156 0.19524931907653809 379
2257 2251 6 0.19693517684936523 0.0016663074493408203 0.19860148429870605 380
2264 2262 2 0.2000885009765625 0.0017902851104736328 0.20187878608703613 381
2269 2263 6 0.1967477798461914 0.025400638580322266 0.22214841842651367 382
2275 2274 1 0.21397638320922852 0.011788129806518555 0.22576451301574707 383
2282 2276 6 0.21254205703735352 0.006507396697998047 0.21904945373535156 384
2288 2282 6 0.22581934928894043 0.005456686019897461 0.2312760353088379 385
2294 2288 6 0.20972108840942383 0.00173187255859375 0.21145296096801758 386
2300 2294 6 0.20974016189575195 0.01450204849243164 0.2242422103881836 387
2305 2299 6 0.20633697509765625 0.0020623207092285156 0.20839929580688477 388
2310 2304 6 0.2101879119873047 0.002035856246948242 0.21222376823425293 389
2315 2309 6 0.19304633140563965 0.0018537044525146484 0.1949000358581543 390
2321 2320 1 0.1957244873046875 0.0043833255767822266 0.20010781288146973 391
2327 2321 6 0.19715571403503418 0.0018868446350097656 0.19904255867004395 392
2332 2326 6 0.20705008506774902 0.0041790008544921875 0.2112290859222412 393
2338 2332 6 0.19487905502319336 0.0018618106842041016 0.19674086570739746 394
2344 2338 6 0.19848871231079102 0.0015940666198730469 0.20008277893066406 395
2349 2343 6 0.19852375984191895 0.0019106864929199219 0.20043444633483887 396
2355 2354 1 0.19482779502868652 0.004034519195556641 0.19886231422424316 397
2361 2355 6 0.19997453689575195 0.0018928050994873047 0.20186734199523926 398
2366 2360 6 0.19872260093688965 0.0040476322174072266 0.20277023315429688 399
2372 2366 6 0.19857311248779297 0.0018761157989501953 0.20044922828674316 400
2378 2372 6 0.19800209999084473 0.001783132553100586 0.1997852325439453 401
2383 2377 6 0.20371723175048828 0.001798868179321289 0.20551609992980957 402
2388 2382 6 0.2158808708190918 0.0016951560974121094 0.2175760269165039 403
2394 2388 6 0.19456005096435547 0.0018134117126464844 0.19637346267700195 404
2400 2394 6 0.19635272026062012 0.003147125244140625 0.19949984550476074 405
2405 2399 6 0.19861650466918945 0.0021576881408691406 0.2007741928100586 406
2410 2404 6 0.19462299346923828 0.0018815994262695312 0.1965045928955078 407
2416 2410 6 0.19613051414489746 0.0017819404602050781 0.19791245460510254 408
2422 2416 6 0.19756174087524414 0.0016705989837646484 0.1992323398590088 409
2427 2421 6 0.19413089752197266 0.0014870166778564453 0.1956179141998291 410
2433 2427 6 0.19476604461669922 0.0015642642974853516 0.19633030891418457 411
2439 2433 6 0.19727635383605957 0.001683950424194336 0.1989603042602539 412
2445 2439 6 0.2016284465789795 0.0078277587890625 0.209456205368042 413
2451 2445 6 0.19769644737243652 0.0016689300537109375 0.19936537742614746 414
2457 2451 6 0.19861292839050293 0.0022437572479248047 0.20085668563842773 415
2462 2456 6 0.20491981506347656 0.0022165775299072266 0.2071363925933838 416
2468 2462 6 0.19898390769958496 0.0016436576843261719 0.20062756538391113 417
2474 2468 6 0.1952803134918213 0.002053976058959961 0.19733428955078125 418
2480 2474 6 0.20208191871643066 0.002305746078491211 0.20438766479492188 419
2487 2480 6 0.19964146614074707 0.0015287399291992188 0.2011702060699463 420
2493 2491 2 0.20578718185424805 0.0018858909606933594 0.2076730728149414 421
2499 2492 6 0.19759297370910645 0.0020716190338134766 0.19966459274291992 422
2505 2504 1 0.19594573974609375 0.0017282962799072266 0.19767403602600098 423
2511 2505 6 0.19765615463256836 0.001972198486328125 0.19962835311889648 424
2517 2516 1 0.19434833526611328 0.0016033649444580078 0.1959517002105713 425
2523 2517 6 0.19697070121765137 0.0020515918731689453 0.1990222930908203 426
2529 2528 1 0.20438170433044434 0.004731893539428711 0.20911359786987305 427
2535 2529 6 0.19838762283325195 0.0019347667694091797 0.20032238960266113 428
2542 2540 2 0.1954939365386963 0.0026504993438720703 0.19814443588256836 429
2547 2541 6 0.19681215286254883 0.0020341873168945312 0.19884634017944336 430
2554 2552 2 0.19504404067993164 0.0017800331115722656 0.1968240737915039 431
2559 2553 6 0.20702052116394043 0.0017516613006591797 0.2087721824645996 432
2566 2565 1 0.19765543937683105 0.006357431411743164 0.20401287078857422 433
2572 2566 6 0.2003011703491211 0.001781463623046875 0.20208263397216797 434
2579 2577 2 0.19931626319885254 0.0019278526306152344 0.20124411582946777 435
2585 2579 6 0.20253276824951172 0.0017147064208984375 0.20424747467041016 436
2591 2585 6 0.2137000560760498 0.005770206451416016 0.21947026252746582 437
2597 2591 6 0.1948857307434082 0.0016987323760986328 0.19658446311950684 438
2603 2597 6 0.1958932876586914 0.0014355182647705078 0.19732880592346191 439
2609 2603 6 0.20520234107971191 0.0012111663818359375 0.20641350746154785 440
2615 2609 6 0.21857357025146484 0.008482217788696289 0.22705578804016113 441
2621 2615 6 0.2055971622467041 0.0016460418701171875 0.2072432041168213 442
2627 2621 6 0.2059023380279541 0.0023174285888671875 0.2082197666168213 443
2633 2627 6 0.1983928680419922 0.0016794204711914062 0.2000722885131836 444
2639 2633 6 0.19989466667175293 0.0018472671508789062 0.20174193382263184 445
2645 2639 6 0.19449949264526367 0.0014190673828125 0.19591856002807617 446
2651 2645 6 0.19800686836242676 0.0017371177673339844 0.19974398612976074 447
2657 2650 6 0.20382070541381836 0.001497030258178711 0.20531773567199707 448
2663 2657 6 0.20620989799499512 0.0070209503173828125 0.21323084831237793 449
2669 2663 6 0.19823217391967773 0.0016622543334960938 0.19989442825317383 450
2675 2669 6 0.19847321510314941 0.0015723705291748047 0.20004558563232422 451
2681 2675 6 0.2118549346923828 0.0015213489532470703 0.21337628364562988 452
2687 2681 6 0.2142653465270996 0.008800268173217773 0.22306561470031738 453
2693 2687 6 0.20411920547485352 0.0016791820526123047 0.20579838752746582 454
2698 2692 6 0.20143842697143555 0.0015070438385009766 0.20294547080993652 455
2704 2698 6 0.19830656051635742 0.0016295909881591797 0.1999361515045166 456
2710 2704 6 0.20399260520935059 0.0024852752685546875 0.20647788047790527 457
2716 2710 6 0.20035243034362793 0.004572629928588867 0.2049250602722168 458
2722 2716 6 0.20114707946777344 0.0017042160034179688 0.2028512954711914 459
2728 2722 6 0.19958043098449707 0.0017020702362060547 0.20128250122070312 460
2734 2727 6 0.20184636116027832 0.00243377685546875 0.20428013801574707 461
2739 2733 6 0.20342373847961426 0.011924982070922852 0.2153487205505371 462
2744 2738 6 0.2082819938659668 0.0061833858489990234 0.21446537971496582 463
2750 2749 1 0.1992480754852295 0.013101577758789062 0.21234965324401855 464
2757 2750 6 0.21605849266052246 0.005756855010986328 0.2218153476715088 465
2763 2762 1 0.2385883331298828 0.0023043155670166016 0.24089264869689941 466
2769 2763 6 0.2056591510772705 0.01136469841003418 0.2170238494873047 467
2775 2774 1 0.23794794082641602 0.0016560554504394531 0.23960399627685547 468
2781 2775 6 0.2018580436706543 0.0017027854919433594 0.20356082916259766 469
2788 2786 2 0.19923162460327148 0.0015687942504882812 0.20080041885375977 470
2794 2788 6 0.20122337341308594 0.0018427371978759766 0.20306611061096191 471
2800 2794 6 0.2167048454284668 0.0026836395263671875 0.21938848495483398 472
2805 2799 6 0.2129521369934082 0.005262613296508789 0.218214750289917 473
2811 2810 1 0.21091103553771973 0.024016618728637695 0.23492765426635742 474
2815 2811 4 0.20818400382995605 0.0066204071044921875 0.21480441093444824 475
2820 2814 6 0.2466447353363037 0.004365205764770508 0.2510099411010742 476
2826 2820 6 0.22559022903442383 0.011180877685546875 0.2367711067199707 477
2832 2826 6 0.21764087677001953 0.0017247200012207031 0.21936559677124023 478
2838 2832 6 0.19506239891052246 0.0017154216766357422 0.1967778205871582 479
2844 2838 6 0.19632458686828613 0.0020792484283447266 0.19840383529663086 480
2850 2844 6 0.21103405952453613 0.0017766952514648438 0.21281075477600098 481
2856 2850 6 0.22051548957824707 0.0018756389617919922 0.22239112854003906 482
2863 2862 1 0.1978154182434082 0.00687408447265625 0.20468950271606445 483
2869 2863 6 0.198500394821167 0.0024268627166748047 0.2009272575378418 484
2875 2874 1 0.20249724388122559 0.002238750457763672 0.20473599433898926 485
2881 2875 6 0.20055174827575684 0.0017893314361572266 0.20234107971191406 486
2887 2886 1 0.20083212852478027 0.0015747547149658203 0.2024068832397461 487
2893 2887 6 0.2107830047607422 0.011107921600341797 0.22189092636108398 488
2900 2899 1 0.19703459739685059 0.0018329620361328125 0.1988675594329834 489
2906 2900 6 0.198045015335083 0.0032868385314941406 0.20133185386657715 490
2912 2911 1 0.2215867042541504 0.007326602935791016 0.2289133071899414 491
2917 2912 5 0.2064530849456787 0.0026030540466308594 0.20905613899230957 492
2923 2921 2 0.19443368911743164 0.006537914276123047 0.2009716033935547 493
2927 2922 5 0.2269120216369629 0.006810188293457031 0.23372220993041992 494
2934 2932 2 0.20830512046813965 0.013421297073364258 0.2217264175415039 495
2940 2934 6 0.2137761116027832 0.013359308242797852 0.22713541984558105 496
2945 2939 6 0.22402453422546387 0.018175125122070312 0.24219965934753418 497
2950 2944 6 0.21023154258728027 0.0037429332733154297 0.2139744758605957 498
2957 2955 2 0.1935107707977295 0.0069544315338134766 0.20046520233154297 499
2962 2956 6 0.2233104705810547 0.018178939819335938 0.24148941040039062 500
2968 2966 2 0.2308516502380371 0.02148723602294922 0.25233888626098633 501
2973 2967 6 0.21314263343811035 0.014324665069580078 0.22746729850769043 502
2980 2978 2 0.20541095733642578 0.0130767822265625 0.21848773956298828 503
2985 2979 6 0.24065661430358887 0.020829200744628906 0.2614858150482178 504
2992 2991 1 0.2044355869293213 0.024596452713012695 0.22903203964233398 505
2997 2992 5 0.20967531204223633 0.005601167678833008 0.21527647972106934 506
3002 2996 6 0.21544551849365234 0.002532482147216797 0.21797800064086914 507
3007 3001 6 0.21116375923156738 0.014922380447387695 0.22608613967895508 508
3013 3011 2 0.21559858322143555 0.006304740905761719 0.22190332412719727 509
3019 3013 6 0.24731040000915527 0.012795448303222656 0.26010584831237793 510
3026 3019 6 0.19500374794006348 0.0019910335540771484 0.19699478149414062 511
3031 3025 6 0.2099916934967041 0.007788181304931641 0.21777987480163574 512
3037 3031 6 0.20884084701538086 0.028336524963378906 0.23717737197875977 513
3042 3036 6 0.21934938430786133 0.015050172805786133 0.23439955711364746 514
3048 3042 6 0.20790863037109375 0.006654500961303711 0.21456313133239746 515
3053 3047 6 0.21382975578308105 0.011731863021850586 0.22556161880493164 516
3058 3052 6 0.2193601131439209 0.005079507827758789 0.2244396209716797 517
3063 3057 6 0.22271132469177246 0.001737833023071289 0.22444915771484375 518
3068 3062 6 0.20209503173828125 0.014074563980102539 0.2161695957183838 519
3073 3067 6 0.26516151428222656 0.010167837142944336 0.2753293514251709 520
3080 3079 1 0.21673965454101562 0.010448455810546875 0.2271881103515625 521
3086 3080 5 0.21171879768371582 0.0020461082458496094 0.21376490592956543 522
3091 3085 6 0.22228693962097168 0.005841732025146484 0.22812867164611816 523
3096 3090 6 0.23193693161010742 0.0033597946166992188 0.23529672622680664 524
3102 3101 1 0.2099144458770752 0.0012581348419189453 0.21117258071899414 525
3108 3102 6 0.20688414573669434 0.009305715560913086 0.21618986129760742 526
3113 3107 6 0.21014642715454102 0.002105236053466797 0.2122516632080078 527
3119 3113 6 0.20690035820007324 0.00414276123046875 0.211043119430542 528
3125 3119 6 0.20941376686096191 0.008356094360351562 0.21776986122131348 529
3131 3125 6 0.24360060691833496 0.02283620834350586 0.2664368152618408 530
3137 3131 6 0.2326185703277588 0.013535737991333008 0.2461543083190918 531
3143 3137 6 0.2432875633239746 0.0016243457794189453 0.24491190910339355 532
3150 3149 1 0.21241044998168945 0.0023229122161865234 0.21473336219787598 533
3156 3150 6 0.2218019962310791 0.014780998229980469 0.23658299446105957 534
3162 3160 2 0.21254682540893555 0.008745193481445312 0.22129201889038086 535
3166 3161 5 0.23990678787231445 0.014122724533081055 0.2540295124053955 536
3172 3170 2 0.22496914863586426 0.014669418334960938 0.2396385669708252 537
3178 3172 6 0.2242271900177002 0.002549886703491211 0.2267770767211914 538
3183 3177 6 0.21770524978637695 0.012972116470336914 0.23067736625671387 539
3190 3184 6 0.19777274131774902 0.0020062923431396484 0.19977903366088867 540
3196 3190 6 0.1973721981048584 0.0018012523651123047 0.1991734504699707 541
3202 3196 6 0.19880414009094238 0.002094745635986328 0.2008988857269287 542
3208 3202 6 0.19818806648254395 0.0019116401672363281 0.20009970664978027 543
3214 3208 6 0.19950556755065918 0.0017154216766357422 0.20122098922729492 544
3220 3214 6 0.19851326942443848 0.0016322135925292969 0.20014548301696777 545
3226 3220 6 0.21271634101867676 0.0016682147979736328 0.2143845558166504 546
3233 3232 1 0.1975574493408203 0.001852273941040039 0.19940972328186035 547
3239 3233 6 0.19768428802490234 0.0018630027770996094 0.19954729080200195 548
3245 3244 1 0.1939983367919922 0.0019731521606445312 0.19597148895263672 549
3251 3245 6 0.19733405113220215 0.002162456512451172 0.19949650764465332 550
3257 3256 1 0.19562458992004395 0.003548860549926758 0.1991734504699707 551
3263 3257 6 0.2407686710357666 0.002197265625 0.2429659366607666 552
3270 3268 2 0.21230554580688477 0.003537893295288086 0.21584343910217285 553
3275 3269 6 0.199723482131958 0.0018157958984375 0.2015392780303955 554
3281 3279 2 0.20479917526245117 0.013890743255615234 0.2186899185180664 555
3286 3280 6 0.2596554756164551 0.009429454803466797 0.2690849304199219 556
3292 3291 1 0.23903226852416992 0.003223896026611328 0.24225616455078125 557
3298 3292 5 0.2194836139678955 0.013830423355102539 0.23331403732299805 558
3305 3303 2 0.20139408111572266 0.007376670837402344 0.208770751953125 559
3310 3304 6 0.20844554901123047 0.014554977416992188 0.22300052642822266 560
3316 3314 2 0.23138022422790527 0.011074304580688477 0.24245452880859375 561
3321 3315 6 0.23296666145324707 0.013057470321655273 0.24602413177490234 562
3326 3320 6 0.27612781524658203 0.01002359390258789 0.2861514091491699 563
3333 3327 6 0.22399353981018066 0.00212860107421875 0.22612214088439941 564
3340 3334 6 0.20479488372802734 0.012938737869262695 0.21773362159729004 565
3346 3340 6 0.24143671989440918 0.0028586387634277344 0.24429535865783691 566
3352 3346 6 0.24855804443359375 0.011208534240722656 0.2597665786743164 567
3359 3353 6 0.20830965042114258 0.014672040939331055 0.22298169136047363 568
3364 3358 6 0.2128887176513672 0.030553817749023438 0.24344253540039062 569
3371 3370 1 0.21270442008972168 0.006525754928588867 0.21923017501831055 570
3376 3371 5 0.2473771572113037 0.005232334136962891 0.2526094913482666 571
3384 3382 2 0.19686269760131836 0.013364315032958984 0.21022701263427734 572
3389 3383 6 0.24484014511108398 0.002088308334350586 0.24692845344543457 573
3395 3393 2 0.1959230899810791 0.023851394653320312 0.21977448463439941 574
3400 3394 6 0.21962356567382812 0.017138957977294922 0.23676252365112305 575
3406 3405 1 0.21341943740844727 0.0018885135650634766 0.21530795097351074 576
3411 3406 5 0.2017989158630371 0.0020661354064941406 0.20386505126953125 577
3417 3416 1 0.19948434829711914 0.002434253692626953 0.2019186019897461 578
3422 3417 5 0.2211143970489502 0.001894235610961914 0.2230086326599121 579
3427 3421 6 0.2072150707244873 0.0027704238891601562 0.20998549461364746 580
3433 3427 6 0.19829201698303223 0.011701107025146484 0.2099931240081787 581
3439 3433 6 0.23230409622192383 0.025088071823120117 0.25739216804504395 582
3446 3440 6 0.24391579627990723 0.002353668212890625 0.24626946449279785 583
3452 3446 6 0.20227599143981934 0.0018315315246582031 0.20410752296447754 584
3458 3452 6 0.20388388633728027 0.0029451847076416016 0.20682907104492188 585
3464 3458 6 0.20794415473937988 0.0018079280853271484 0.20975208282470703 586
3469 3463 6 0.2138056755065918 0.0018360614776611328 0.21564173698425293 587
3476 3475 1 0.23500394821166992 0.0017173290252685547 0.23672127723693848 588
3482 3476 5 0.20183873176574707 0.0016896724700927734 0.20352840423583984 589
3487 3481 6 0.2133016586303711 0.0017442703247070312 0.21504592895507812 590
3494 3488 6 0.20967793464660645 0.013346433639526367 0.2230243682861328 591
3500 3494 6 0.20238542556762695 0.012647628784179688 0.21503305435180664 592
3507 3501 6 0.20261549949645996 0.0018355846405029297 0.2044510841369629 593
3513 3507 6 0.19864296913146973 0.00179290771484375 0.20043587684631348 594
3518 3512 6 0.20146512985229492 0.0017750263214111328 0.20324015617370605 595
3524 3518 6 0.20278549194335938 0.0024480819702148438 0.20523357391357422 596
3529 3523 6 0.20241045951843262 0.001699686050415039 0.20411014556884766 597
3536 3535 1 0.20964574813842773 0.001968860626220703 0.21161460876464844 598
3542 3536 6 0.20167088508605957 0.0019025802612304688 0.20357346534729004 599
3548 3547 1 0.19884157180786133 0.002469778060913086 0.20131134986877441 600
3554 3548 6 0.1999344825744629 0.0016617774963378906 0.20159626007080078 601
3560 3559 1 0.19762539863586426 0.002351522445678711 0.19997692108154297 602
3566 3560 6 0.20023393630981445 0.002241373062133789 0.20247530937194824 603
3572 3571 1 0.19910955429077148 0.002002716064453125 0.2011122703552246 604
3578 3572 6 0.215285062789917 0.003414154052734375 0.21869921684265137 605
3584 3583 1 0.2131972312927246 0.008160829544067383 0.221358060836792 606
3590 3584 6 0.20921826362609863 0.012232303619384766 0.2214505672454834 607
3597 3596 1 0.212554931640625 0.0018897056579589844 0.21444463729858398 608
3604 3597 6 0.20278644561767578 0.006680488586425781 0.20946693420410156 609
3609 3603 6 0.19786548614501953 0.0021016597747802734 0.1999671459197998 610
3615 3609 6 0.20216751098632812 0.00189208984375 0.20405960083007812 611
3620 3614 6 0.19947433471679688 0.0017969608306884766 0.20127129554748535 612
3626 3620 6 0.2016923427581787 0.002338409423828125 0.20403075218200684 613
3632 3626 6 0.20303082466125488 0.002434253692626953 0.20546507835388184 614
3638 3632 6 0.20540475845336914 0.0045201778411865234 0.20992493629455566 615
3645 3638 6 0.22025775909423828 0.0018985271453857422 0.22215628623962402 616
3651 3645 6 0.22824454307556152 0.006939411163330078 0.2351839542388916 617
3658 3652 6 0.2069997787475586 0.0075685977935791016 0.2145683765411377 618
3664 3658 6 0.19676995277404785 0.0024499893188476562 0.1992199420928955 619
3670 3664 6 0.20113277435302734 0.0017828941345214844 0.20291566848754883 620
3676 3670 6 0.2001636028289795 0.0024230480194091797 0.20258665084838867 621
3681 3675 6 0.20078134536743164 0.0019636154174804688 0.2027449607849121 622
3688 3686 2 0.20089507102966309 0.0018091201782226562 0.20270419120788574 623
3694 3688 6 0.20173001289367676 0.0024242401123046875 0.20415425300598145 624
3700 3694 6 0.20331811904907227 0.0020613670349121094 0.20537948608398438 625
3707 3700 6 0.2013547420501709 0.002063274383544922 0.20341801643371582 626
3712 3706 6 0.20080351829528809 0.002044677734375 0.20284819602966309 627
3718 3712 6 0.20727038383483887 0.001965045928955078 0.20923542976379395 628
3725 3724 1 0.20777177810668945 0.013022184371948242 0.2207939624786377 629
3731 3725 6 0.2044534683227539 0.00566411018371582 0.21011757850646973 630
3737 3736 1 0.21671319007873535 0.002391815185546875 0.21910500526428223 631
3743 3737 6 0.2066481113433838 0.006268978118896484 0.21291708946228027 632
3749 3748 1 0.20024609565734863 0.0018568038940429688 0.2021028995513916 633
3755 3749 6 0.20398807525634766 0.0024912357330322266 0.20647931098937988 634
3762 3760 2 0.20975518226623535 0.0068438053131103516 0.2165989875793457 635
3768 3762 6 0.20873308181762695 0.001888275146484375 0.21062135696411133 636
3774 3768 6 0.20105218887329102 0.002107858657836914 0.20316004753112793 637
3779 3773 6 0.19992470741271973 0.0020074844360351562 0.20193219184875488 638
3785 3779 6 0.19875383377075195 0.001852273941040039 0.200606107711792 639
3791 3785 6 0.20367169380187988 0.0029795169830322266 0.2066512107849121 640
3797 3791 6 0.19822359085083008 0.002367258071899414 0.2005908489227295 641
3802 3796 6 0.20451831817626953 0.002245664596557617 0.20676398277282715 642
3808 3807 1 0.21123886108398438 0.0025510787963867188 0.2137899398803711 643
3814 3808 6 0.2192237377166748 0.0024077892303466797 0.22163152694702148 644
3821 3819 1 0.2231154441833496 0.0019230842590332031 0.2250385284423828 645
3826 3820 6 0.21311140060424805 0.0018787384033203125 0.21499013900756836 646
3832 3831 1 0.20289111137390137 0.0020532608032226562 0.20494437217712402 647
3838 3832 6 0.21494674682617188 0.01051020622253418 0.22545695304870605 648
3845 3843 1 0.20853018760681152 0.010874748229980469 0.219404935836792 649
3851 3845 6 0.2033846378326416 0.005118608474731445 0.20850324630737305 650
3857 3851 6 0.19998955726623535 0.002126455307006836 0.2021160125732422 651
3863 3857 6 0.19931650161743164 0.0018351078033447266 0.20115160942077637 652
3869 3863 6 0.20126652717590332 0.0072307586669921875 0.2084972858428955 653
3875 3869 6 0.20218157768249512 0.0019707679748535156 0.20415234565734863 654
3881 3875 6 0.20343589782714844 0.005207538604736328 0.20864343643188477 655
3887 3881 6 0.20308423042297363 0.0029036998748779297 0.20598793029785156 656
3894 3893 1 0.20134830474853516 0.0020182132720947266 0.20336651802062988 657
3900 3894 6 0.2046663761138916 0.0028159618377685547 0.20748233795166016 658
3906 3904 2 0.21026158332824707 0.013369321823120117 0.2236309051513672 659
3912 3906 6 0.20666885375976562 0.002142667770385742 0.20881152153015137 660
3919 3917 2 0.19773387908935547 0.002202749252319336 0.1999366283416748 661
3925 3919 6 0.19650578498840332 0.0018818378448486328 0.19838762283325195 662
3931 3925 6 0.19751882553100586 0.002273082733154297 0.19979190826416016 663
3936 3930 6 0.2042558193206787 0.002504587173461914 0.20676040649414062 664
3943 3941 2 0.1984720230102539 0.0019724369049072266 0.20044445991516113 665
3949 3943 6 0.20675277709960938 0.0017542839050292969 0.20850706100463867 666
3955 3949 6 0.21713018417358398 0.0033731460571289062 0.2205033302307129 667
3961 3955 6 0.217332124710083 0.004521608352661133 0.22185373306274414 668
3968 3967 1 0.20017480850219727 0.002132415771484375 0.20230722427368164 669
3974 3968 6 0.2038593292236328 0.026996135711669922 0.23085546493530273 670
3979 3973 6 0.24100089073181152 0.004704952239990234 0.24570584297180176 671
3985 3979 6 0.1952066421508789 0.011267900466918945 0.20647454261779785 672
3991 3985 6 0.22537875175476074 0.001962900161743164 0.2273416519165039 673
3996 3990 6 0.19948887825012207 0.018811464309692383 0.21830034255981445 674
4001 3995 6 0.2099759578704834 0.002355813980102539 0.21233177185058594 675
4006 4000 6 0.19770550727844238 0.01584911346435547 0.21355462074279785 676
4012 4006 6 0.2078540325164795 0.0019326210021972656 0.20978665351867676 677
4018 4012 6 0.20494341850280762 0.002093076705932617 0.20703649520874023 678
4024 4018 6 0.20726990699768066 0.013348579406738281 0.22061848640441895 679
4031 4025 6 0.23694896697998047 0.024405479431152344 0.2613544464111328 680
4038 4031 6 0.2468585968017578 0.010701179504394531 0.25755977630615234 681
4042 4036 6 0.22201943397521973 0.002574443817138672 0.2245938777923584 682
4049 4047 2 0.2086958885192871 0.014074087142944336 0.22276997566223145 683
4055 4049 6 0.1959400177001953 0.0022258758544921875 0.1981658935546875 684
4061 4055 6 0.20346879959106445 0.0025167465209960938 0.20598554611206055 685
4066 4060 6 0.20286846160888672 0.004579067230224609 0.20744752883911133 686
4072 4071 1 0.22654962539672852 0.014707565307617188 0.2412571907043457 687
4078 4072 6 0.26514387130737305 0.025830745697021484 0.29097461700439453 688
4085 4083 2 0.22046613693237305 0.010558843612670898 0.23102498054504395 689
4089 4084 5 0.23642754554748535 0.014186620712280273 0.2506141662597656 690
4095 4089 6 0.21292519569396973 0.013163566589355469 0.2260887622833252 691
4100 4094 6 0.22982501983642578 0.013813972473144531 0.2436389923095703 692
4105 4099 6 0.2043612003326416 0.002205371856689453 0.20656657218933105 693
4111 4105 6 0.2018752098083496 0.026508092880249023 0.22838330268859863 694
4117 4111 6 0.23039579391479492 0.02253246307373047 0.2529282569885254 695
4123 4117 6 0.21515560150146484 0.010745763778686523 0.22590136528015137 696
4128 4122 6 0.23082304000854492 0.0020923614501953125 0.23291540145874023 697
4134 4128 6 0.19430899620056152 0.020696640014648438 0.21500563621520996 698
4140 4134 6 0.25707316398620605 0.024533987045288086 0.28160715103149414 699
4147 4141 6 0.21752691268920898 0.03236222267150879 0.24988913536071777 700
4154 4148 6 0.2299046516418457 0.014302730560302734 0.24420738220214844 701
4159 4153 6 0.24341821670532227 0.0227506160736084 0.26616883277893066 702
4165 4159 6 0.20206809043884277 0.014509916305541992 0.21657800674438477 703
4171 4165 6 0.20894336700439453 0.006816387176513672 0.2157597541809082 704
4176 4170 6 0.2289736270904541 0.01013326644897461 0.2391068935394287 705
4183 4181 2 0.21144604682922363 0.01361083984375 0.22505688667297363 706
4188 4182 6 0.21792221069335938 0.002759695053100586 0.22068190574645996 707
4193 4187 6 0.2439730167388916 0.002035379409790039 0.24600839614868164 708
4199 4193 6 0.2212817668914795 0.0021228790283203125 0.2234046459197998 709
4205 4199 6 0.21137261390686035 0.005655050277709961 0.2170276641845703 710
4210 4204 6 0.2052309513092041 0.012592077255249023 0.21782302856445312 711
4216 4210 6 0.22807598114013672 0.002002239227294922 0.23007822036743164 712
4222 4216 6 0.21578264236450195 0.011165618896484375 0.22694826126098633 713
4227 4221 6 0.2117018699645996 0.00972890853881836 0.22143077850341797 714
4234 4228 6 0.2025146484375 0.003594636917114258 0.20610928535461426 715
4240 4234 6 0.20284724235534668 0.003928422927856445 0.20677566528320312 716
4246 4240 6 0.19829583168029785 0.010072946548461914 0.20836877822875977 717
4252 4245 6 0.2097184658050537 0.002096414566040039 0.21181488037109375 718
4257 4251 6 0.19521284103393555 0.0026929378509521484 0.1979057788848877 719
4263 4256 6 0.19771194458007812 0.002393007278442383 0.2001049518585205 720
4269 4268 1 0.19879889488220215 0.0027081966400146484 0.2015070915222168 721
4275 4269 6 0.2032790184020996 0.0020029544830322266 0.20528197288513184 722
4280 4274 6 0.1993701457977295 0.013356685638427734 0.21272683143615723 723
4286 4280 6 0.24483585357666016 0.0019991397857666016 0.24683499336242676 724
4292 4286 6 0.20185542106628418 0.006662607192993164 0.20851802825927734 725
4298 4292 6 0.22512364387512207 0.021671056747436523 0.2467947006225586 726
4304 4298 6 0.20876359939575195 0.01348423957824707 0.22224783897399902 727
4309 4303 6 0.2659034729003906 0.014513492584228516 0.28041696548461914 728
4315 4313 2 0.2684628963470459 0.020130634307861328 0.2885935306549072 729
4321 4315 6 0.20076584815979004 0.013123273849487305 0.21388912200927734 730
4327 4321 6 0.2503061294555664 0.01213383674621582 0.2624399662017822 731
4332 4326 6 0.22821784019470215 0.010913848876953125 0.23913168907165527 732
4338 4337 1 0.22184014320373535 0.007822513580322266 0.22966265678405762 733
4344 4338 6 0.2194530963897705 0.04564976692199707 0.2651028633117676 734
4349 4343 6 0.24531340599060059 0.013826131820678711 0.2591395378112793 735
4355 4349 6 0.24273109436035156 0.009395122528076172 0.25212621688842773 736
4361 4354 6 0.2648804187774658 0.022286176681518555 0.2871665954589844 737
4366 4360 6 0.23276042938232422 0.025068998336791992 0.2578294277191162 738
4372 4366 6 0.21296167373657227 0.006743192672729492 0.21970486640930176 739
4377 4371 6 0.23250985145568848 0.016917705535888672 0.24942755699157715 740
4382 4376 6 0.2415926456451416 0.043177127838134766 0.28476977348327637 741
4388 4382 6 0.24582743644714355 0.033014535903930664 0.2788419723510742 742
4395 4393 2 0.2137899398803711 0.02404499053955078 0.23783493041992188 743
4400 4394 6 0.2414391040802002 0.006159782409667969 0.24759888648986816 744
4406 4400 6 0.20749139785766602 0.014731645584106445 0.22222304344177246 745
4410 4405 5 0.22993183135986328 0.013067007064819336 0.24299883842468262 746
4415 4409 6 0.2254652976989746 0.012922286987304688 0.2383875846862793 747
4422 4415 6 0.21805238723754883 0.030266284942626953 0.24831867218017578 748
4427 4420 6 0.21310782432556152 0.008622884750366211 0.22173070907592773 749
4432 4426 6 0.2628445625305176 0.015547752380371094 0.27839231491088867 750
4439 4433 6 0.2491300106048584 0.009973526000976562 0.25910353660583496 751
4444 4438 6 0.21455597877502441 0.02591419219970703 0.24047017097473145 752
4450 4448 2 0.21976327896118164 0.037873029708862305 0.25763630867004395 753
4456 4450 6 0.20860934257507324 0.020475149154663086 0.22908449172973633 754
4462 4456 6 0.21776151657104492 0.004467487335205078 0.22222900390625 755
4468 4462 6 0.22614049911499023 0.004613637924194336 0.23075413703918457 756
4473 4467 6 0.20850563049316406 0.00812077522277832 0.21662640571594238 757
4478 4472 6 0.21761059761047363 0.013329744338989258 0.2309403419494629 758
4484 4478 6 0.22870445251464844 0.0064067840576171875 0.23511123657226562 759
4490 4484 6 0.26352477073669434 0.012121915817260742 0.2756466865539551 760
4497 4491 6 0.21685576438903809 0.01424407958984375 0.23109984397888184 761
4501 4496 5 0.2549903392791748 0.013189315795898438 0.26817965507507324 762
4507 4506 1 0.2525029182434082 0.013160467147827148 0.26566338539123535 763
4512 4507 5 0.24791741371154785 0.03534507751464844 0.2832624912261963 764
4519 4518 1 0.22411465644836426 0.011712789535522461 0.23582744598388672 765
4525 4519 6 0.2229468822479248 0.023102521896362305 0.2460494041442871 766
4531 4529 2 0.22007966041564941 0.007623195648193359 0.22770285606384277 767
4536 4530 6 0.22301387786865234 0.016812562942504883 0.23982644081115723 768
4541 4535 6 0.2269141674041748 0.027566194534301758 0.25448036193847656 769
4547 4541 6 0.27109360694885254 0.013149261474609375 0.2842428684234619 770
4553 4547 6 0.23994660377502441 0.01316690444946289 0.2531135082244873 771
4560 4554 6 0.25499868392944336 0.015519142150878906 0.27051782608032227 772
4567 4561 6 0.23458623886108398 0.018082380294799805 0.2526686191558838 773
4573 4566 6 0.238356351852417 0.014824628829956055 0.25318098068237305 774
4579 4572 6 0.2469780445098877 0.029326200485229492 0.2763042449951172 775
4587 4580 6 0.23359894752502441 0.013372182846069336 0.24697113037109375 776
4592 4586 6 0.21786808967590332 0.013003349304199219 0.23087143898010254 777
4597 4591 6 0.2175908088684082 0.022269010543823242 0.23985981941223145 778
4603 4597 6 0.23427510261535645 0.007677793502807617 0.24195289611816406 779
4609 4603 6 0.21142244338989258 0.015096426010131836 0.22651886940002441 780
4615 4609 6 0.2224411964416504 0.042845726013183594 0.265286922454834 781
4621 4615 6 0.22150564193725586 0.0041027069091796875 0.22560834884643555 782
4627 4621 6 0.2613525390625 0.006142139434814453 0.26749467849731445 783
4634 4627 6 0.2123699188232422 0.012965917587280273 0.22533583641052246 784
4639 4633 6 0.21669411659240723 0.03040337562561035 0.24709749221801758 785
4645 4639 6 0.2519354820251465 0.014893531799316406 0.2668290138244629 786
4651 4645 6 0.27301955223083496 0.014476537704467773 0.28749608993530273 787
4658 4652 6 0.2498633861541748 0.06612467765808105 0.31598806381225586 788
4666 4660 6 0.22467350959777832 0.011292695999145508 0.23596620559692383 789
4671 4665 6 0.23145365715026855 0.010807037353515625 0.24226069450378418 790
4677 4676 1 0.2111821174621582 0.012164831161499023 0.22334694862365723 791
4682 4677 5 0.23830795288085938 0.008259296417236328 0.2465672492980957 792
4688 4687 1 0.2249612808227539 0.013442754745483398 0.2384040355682373 793
4693 4688 5 0.22048115730285645 0.004154205322265625 0.22463536262512207 794
4698 4693 5 0.21478509902954102 0.004273653030395508 0.21905875205993652 795
4703 4697 5 0.22438955307006836 0.01093435287475586 0.23532390594482422 796
4709 4707 2 0.237335205078125 0.05330228805541992 0.2906374931335449 797
4715 4709 6 0.22922158241271973 0.018775463104248047 0.24799704551696777 798
4722 4721 1 0.2394571304321289 0.01728534698486328 0.2567424774169922 799
4729 4722 6 0.22112154960632324 0.00584864616394043 0.22697019577026367 800
4733 4727 6 0.23645567893981934 0.013733625411987305 0.25018930435180664 801
4739 4732 6 0.24767637252807617 0.013366937637329102 0.2610433101654053 802
4745 4743 2 0.23025274276733398 0.007197141647338867 0.23744988441467285 803
4751 4745 6 0.22127389907836914 0.015917539596557617 0.23719143867492676 804
4756 4750 6 0.23574495315551758 0.013520956039428711 0.2492659091949463 805
4762 4756 6 0.24742698669433594 0.011303424835205078 0.258730411529541 806
4770 4763 6 0.21495580673217773 0.0031223297119140625 0.2180781364440918 807
4775 4769 6 0.21745800971984863 0.014111518859863281 0.23156952857971191 808
4781 4775 6 0.2626988887786865 0.01214146614074707 0.2748403549194336 809
4787 4781 6 0.245896577835083 0.01032710075378418 0.2562236785888672 810
4793 4786 6 0.26072239875793457 0.016404390335083008 0.2771267890930176 811
4798 4792 6 0.20743060111999512 0.013776302337646484 0.2212069034576416 812
4803 4797 5 0.24203014373779297 0.019875288009643555 0.2619054317474365 813
4810 4807 3 0.22707700729370117 0.0324702262878418 0.25954723358154297 814
4816 4810 6 0.21632695198059082 0.014923095703125 0.23125004768371582 815
4817 4811 6 0.19771480560302734 0.0018320083618164062 0.19954681396484375 816
4817 4815 2 0.1885530948638916 0.0018379688262939453 0.19039106369018555 817
4817 4816 1 0.18982577323913574 0.0019521713256835938 0.19177794456481934 818
stop segmentation node
stop segmentation node
