load checkpoint from http path: https://dl.cv.ethz.ch/bdd100k/sem_seg/models/deeplabv3+_r50-d8_769x769_40k_sem_seg_bdd100k.pth
'CLASSES' not found in meta, use dataset.CLASSES instead
'PALETTE' not found in meta, use dataset.PALETTE instead
timely function starting...
prediction starts
2 1 1 0.22744464874267578 0.0027289390563964844 0.23017358779907227 1
92 91 1 0.19318461418151855 0.001973867416381836 0.1951584815979004 2
98 92 6 0.18944096565246582 0.0019176006317138672 0.1913585662841797 3
104 103 1 0.1947159767150879 0.005538463592529297 0.2002544403076172 4
110 104 6 0.18988585472106934 0.006549835205078125 0.19643568992614746 5
116 115 1 0.18710732460021973 0.0020215511322021484 0.18912887573242188 6
122 116 5 0.18839430809020996 0.002023935317993164 0.19041824340820312 7
127 126 1 0.18993830680847168 0.002058267593383789 0.19199657440185547 8
133 127 6 0.18775534629821777 0.002192974090576172 0.18994832038879395 9
139 137 2 0.190535306930542 0.0020799636840820312 0.19261527061462402 10
144 138 6 0.18729543685913086 0.0026814937591552734 0.18997693061828613 11
150 149 1 0.1935732364654541 0.010318994522094727 0.20389223098754883 12
156 150 5 0.20380759239196777 0.004050731658935547 0.20785832405090332 13
161 160 1 0.1897287368774414 0.002117156982421875 0.19184589385986328 14
167 161 6 0.18905878067016602 0.001981973648071289 0.1910407543182373 15
173 172 1 0.18687653541564941 0.0023050308227539062 0.18918156623840332 16
179 173 6 0.18967628479003906 0.0021440982818603516 0.19182038307189941 17
184 178 6 0.18898344039916992 0.0020933151245117188 0.19107675552368164 18
189 183 6 0.20272064208984375 0.0021867752075195312 0.20490741729736328 19
195 194 1 0.18739628791809082 0.002306222915649414 0.18970251083374023 20
201 195 6 0.18800640106201172 0.0070896148681640625 0.19509601593017578 21
207 206 1 0.19118714332580566 0.007415771484375 0.19860291481018066 22
213 207 6 0.19762825965881348 0.002351522445678711 0.1999797821044922 23
219 218 1 0.1880950927734375 0.002208232879638672 0.19030332565307617 24
225 219 5 0.18939828872680664 0.0026450157165527344 0.19204330444335938 25
231 229 1 0.1927804946899414 0.005151987075805664 0.19793248176574707 26
236 230 6 0.19029903411865234 0.00463104248046875 0.1949300765991211 27
242 241 1 0.18944978713989258 0.003345489501953125 0.1927952766418457 28
248 242 6 0.18945074081420898 0.002075672149658203 0.1915264129638672 29
253 247 6 0.1876990795135498 0.0022535324096679688 0.18995261192321777 30
259 253 6 0.18884491920471191 0.0021295547485351562 0.19097447395324707 31
265 259 6 0.18936657905578613 0.0021622180938720703 0.1915287971496582 32
270 264 6 0.20473432540893555 0.007563352584838867 0.21229767799377441 33
276 270 6 0.22147011756896973 0.002105712890625 0.22357583045959473 34
282 276 6 0.19763612747192383 0.0021729469299316406 0.19980907440185547 35
288 282 6 0.18915820121765137 0.002910614013671875 0.19206881523132324 36
294 288 6 0.18787240982055664 0.0020868778228759766 0.18995928764343262 37
300 294 6 0.18682646751403809 0.0023283958435058594 0.18915486335754395 38
306 300 6 0.19906115531921387 0.002108335494995117 0.20116949081420898 39
312 306 6 0.2066512107849121 0.0024793148040771484 0.20913052558898926 40
317 311 6 0.20419764518737793 0.0059087276458740234 0.21010637283325195 41
324 322 2 0.1873793601989746 0.0020821094512939453 0.18946146965026855 42
329 323 6 0.21836185455322266 0.003278017044067383 0.22163987159729004 43
336 334 2 0.18979454040527344 0.002214670181274414 0.19200921058654785 44
341 335 6 0.19018006324768066 0.0023801326751708984 0.19256019592285156 45
347 346 1 0.18851494789123535 0.0020554065704345703 0.19057035446166992 46
352 347 5 0.19449591636657715 0.002040863037109375 0.19653677940368652 47
358 357 1 0.18722987174987793 0.0025866031646728516 0.18981647491455078 48
364 358 6 0.19013643264770508 0.002208709716796875 0.19234514236450195 49
370 368 2 0.1889479160308838 0.0030107498168945312 0.19195866584777832 50
375 369 6 0.1888866424560547 0.0024530887603759766 0.19133973121643066 51
381 379 2 0.19098520278930664 0.008029937744140625 0.19901514053344727 52
386 380 6 0.19879961013793945 0.00951838493347168 0.20831799507141113 53
393 392 1 0.19476318359375 0.007512569427490234 0.20227575302124023 54
399 393 6 0.19168496131896973 0.0018448829650878906 0.19352984428405762 55
405 403 2 0.1868135929107666 0.0020630359649658203 0.18887662887573242 56
410 404 6 0.2045886516571045 0.0020055770874023438 0.20659422874450684 57
416 415 1 0.20033597946166992 0.0022389888763427734 0.2025749683380127 58
422 416 6 0.2002263069152832 0.003126859664916992 0.2033531665802002 59
429 427 1 0.20386552810668945 0.016248703002929688 0.22011423110961914 60
435 429 6 0.21079254150390625 0.013503074645996094 0.22429561614990234 61
440 434 6 0.21339750289916992 0.0022912025451660156 0.21568870544433594 62
446 440 6 0.19373273849487305 0.013798236846923828 0.20753097534179688 63
451 445 6 0.23679709434509277 0.007401943206787109 0.24419903755187988 64
457 451 6 0.18753361701965332 0.0049898624420166016 0.19252347946166992 65
462 456 6 0.23430109024047852 0.015872955322265625 0.25017404556274414 66
469 467 2 0.21711468696594238 0.01808762550354004 0.23520231246948242 67
474 468 6 0.217315673828125 0.002458810806274414 0.21977448463439941 68
479 473 6 0.19155621528625488 0.021778345108032227 0.2133345603942871 69
484 478 6 0.2256319522857666 0.03163313865661621 0.2572650909423828 70
491 489 2 0.20317411422729492 0.0038971900939941406 0.20707130432128906 71
496 490 6 0.2702498435974121 0.005824565887451172 0.2760744094848633 72
504 502 2 0.18854498863220215 0.013320207595825195 0.20186519622802734 73
509 503 6 0.21471261978149414 0.009531497955322266 0.2242441177368164 74
514 508 6 0.19175052642822266 0.0028905868530273438 0.19464111328125 75
520 514 6 0.18929362297058105 0.0023114681243896484 0.1916050910949707 76
525 519 6 0.188795804977417 0.002856731414794922 0.19165253639221191 77
531 525 6 0.18923640251159668 0.002301454544067383 0.19153785705566406 78
537 531 6 0.1914811134338379 0.00215911865234375 0.19364023208618164 79
542 536 6 0.19189953804016113 0.008692502975463867 0.200592041015625 80
548 542 6 0.21029973030090332 0.0021123886108398438 0.21241211891174316 81
554 548 6 0.2003180980682373 0.0020465850830078125 0.20236468315124512 82
559 553 6 0.2088453769683838 0.0022203922271728516 0.21106576919555664 83
565 559 6 0.1923820972442627 0.011740922927856445 0.20412302017211914 84
571 565 6 0.19579529762268066 0.02407097816467285 0.21986627578735352 85
577 571 6 0.20713305473327637 0.01844334602355957 0.22557640075683594 86
583 577 6 0.19157767295837402 0.01401519775390625 0.20559287071228027 87
588 582 6 0.20488977432250977 0.008977413177490234 0.2138671875 88
594 588 6 0.21389293670654297 0.00999593734741211 0.22388887405395508 89
599 593 6 0.209244966506958 0.001976490020751953 0.21122145652770996 90
604 598 6 0.18921732902526855 0.011146783828735352 0.2003641128540039 91
609 603 6 0.19881057739257812 0.0329899787902832 0.23180055618286133 92
614 608 6 0.2141401767730713 0.01229715347290039 0.22643733024597168 93
619 613 6 0.2409496307373047 0.013240814208984375 0.25419044494628906 94
626 624 1 0.259981632232666 0.03861737251281738 0.2985990047454834 95
633 627 6 0.20092535018920898 0.013351917266845703 0.2142772674560547 96
638 632 6 0.24243974685668945 0.01479959487915039 0.25723934173583984 97
645 644 1 0.21962475776672363 0.01195526123046875 0.23158001899719238 98
651 645 6 0.21893763542175293 0.009918451309204102 0.22885608673095703 99
656 650 6 0.20514416694641113 0.016495704650878906 0.22163987159729004 100
662 656 6 0.22819185256958008 0.013353824615478516 0.2415456771850586 101
668 662 6 0.23328447341918945 0.040360450744628906 0.27364492416381836 102
674 668 6 0.23955059051513672 0.03816866874694824 0.27771925926208496 103
679 673 6 0.23670673370361328 0.03498053550720215 0.27168726921081543 104
685 679 6 0.2207493782043457 0.006341457366943359 0.22709083557128906 105
691 685 6 0.22528886795043945 0.013179302215576172 0.23846817016601562 106
697 691 6 0.1955277919769287 0.012864828109741211 0.20839262008666992 107
702 696 6 0.21268486976623535 0.011895179748535156 0.2245800495147705 108
707 701 6 0.23820781707763672 0.018127918243408203 0.2563357353210449 109
713 707 6 0.22173333168029785 0.01546478271484375 0.2371981143951416 110
719 713 6 0.21432852745056152 0.0017969608306884766 0.21612548828125 111
725 718 6 0.20020723342895508 0.0016562938690185547 0.20186352729797363 112
731 729 2 0.18981647491455078 0.004007816314697266 0.19382429122924805 113
736 730 6 0.19428706169128418 0.001890420913696289 0.19617748260498047 114
742 741 1 0.2022237777709961 0.002096891403198242 0.20432066917419434 115
749 742 6 0.19362688064575195 0.00211334228515625 0.1957402229309082 116
755 748 6 0.1910102367401123 0.0017676353454589844 0.1927778720855713 117
760 754 6 0.19345593452453613 0.002768993377685547 0.19622492790222168 118
766 760 6 0.1996598243713379 0.003150463104248047 0.20281028747558594 119
772 766 6 0.19067120552062988 0.002305269241333008 0.1929764747619629 120
778 772 6 0.19439053535461426 0.004502296447753906 0.19889283180236816 121
784 778 6 0.19577908515930176 0.00906991958618164 0.2048490047454834 122
790 784 6 0.19361090660095215 0.0022094249725341797 0.19582033157348633 123
796 790 6 0.19213438034057617 0.0021195411682128906 0.19425392150878906 124
801 795 6 0.19588398933410645 0.0022444725036621094 0.19812846183776855 125
807 801 6 0.19279098510742188 0.002499818801879883 0.19529080390930176 126
813 807 6 0.19179391860961914 0.002194643020629883 0.19398856163024902 127
819 813 6 0.19971632957458496 0.0028645992279052734 0.20258092880249023 128
825 819 6 0.20394015312194824 0.0063629150390625 0.21030306816101074 129
831 825 6 0.19714784622192383 0.006260871887207031 0.20340871810913086 130
837 831 6 0.19077134132385254 0.0021097660064697266 0.19288110733032227 131
843 837 6 0.1895277500152588 0.002626180648803711 0.1921539306640625 132
849 843 6 0.20130515098571777 0.013143062591552734 0.2144482135772705 133
855 849 6 0.1953127384185791 0.0027055740356445312 0.19801831245422363 134
861 855 6 0.19201231002807617 0.0025823116302490234 0.1945946216583252 135
867 861 6 0.19066882133483887 0.0019011497497558594 0.19256997108459473 136
872 866 6 0.19281244277954102 0.0018951892852783203 0.19470763206481934 137
878 872 6 0.19195246696472168 0.0030558109283447266 0.1950082778930664 138
884 878 6 0.20343852043151855 0.002087116241455078 0.20552563667297363 139
890 884 6 0.21311283111572266 0.0028007030487060547 0.2159135341644287 140
896 890 6 0.19738245010375977 0.005800724029541016 0.20318317413330078 141
903 901 2 0.19110393524169922 0.0019156932830810547 0.19301962852478027 142
909 903 6 0.19164824485778809 0.0020253658294677734 0.19367361068725586 143
915 909 6 0.19299864768981934 0.0019843578338623047 0.19498300552368164 144
921 914 6 0.2053995132446289 0.004680633544921875 0.21008014678955078 145
926 920 6 0.20034074783325195 0.001947164535522461 0.20228791236877441 146
933 926 6 0.18847155570983887 0.0027921199798583984 0.19126367568969727 147
939 937 2 0.19112563133239746 0.001722574234008789 0.19284820556640625 148
945 938 6 0.19488024711608887 0.0021486282348632812 0.19702887535095215 149
951 949 2 0.20095038414001465 0.013029098510742188 0.21397948265075684 150
957 951 6 0.24604129791259766 0.001789093017578125 0.24783039093017578 151
964 963 1 0.19240450859069824 0.003359556198120117 0.19576406478881836 152
970 964 6 0.19491958618164062 0.0019979476928710938 0.19691753387451172 153
977 974 2 0.20299839973449707 0.002304553985595703 0.20530295372009277 154
984 978 6 0.20772576332092285 0.002613067626953125 0.21033883094787598 155
989 983 6 0.19530630111694336 0.002006053924560547 0.1973123550415039 156
995 989 6 0.19303512573242188 0.001934051513671875 0.19496917724609375 157
1000 994 6 0.19417643547058105 0.0025255680084228516 0.1967020034790039 158
1006 1004 2 0.19658303260803223 0.0021848678588867188 0.19876790046691895 159
1011 1005 6 0.19778203964233398 0.0021729469299316406 0.19995498657226562 160
1017 1016 1 0.2065887451171875 0.001924276351928711 0.2085130214691162 161
1022 1017 5 0.24623441696166992 0.0018374919891357422 0.24807190895080566 162
1029 1028 1 0.2261362075805664 0.012082099914550781 0.2382183074951172 163
1036 1030 6 0.19269871711730957 0.0024390220642089844 0.19513773918151855 164
1042 1036 6 0.208709716796875 0.010341644287109375 0.21905136108398438 165
1048 1042 6 0.1966259479522705 0.002319812774658203 0.1989457607269287 166
1054 1048 6 0.2053666114807129 0.0026340484619140625 0.20800065994262695 167
1060 1054 6 0.19887733459472656 0.013275623321533203 0.21215295791625977 168
1066 1060 6 0.19681072235107422 0.001928091049194336 0.19873881340026855 169
1072 1066 6 0.19169402122497559 0.002154111862182617 0.1938481330871582 170
1078 1072 6 0.20334792137145996 0.0020024776458740234 0.20535039901733398 171
1083 1077 6 0.20546293258666992 0.011809825897216797 0.21727275848388672 172
1089 1083 6 0.22462916374206543 0.002049684524536133 0.22667884826660156 173
1095 1089 6 0.19962000846862793 0.011855602264404297 0.21147561073303223 174
1101 1095 6 0.18892240524291992 0.0027589797973632812 0.1916813850402832 175
1107 1101 6 0.19282102584838867 0.0018956661224365234 0.1947166919708252 176
1113 1106 6 0.1921083927154541 0.0023491382598876953 0.1944575309753418 177
1118 1112 6 0.19182682037353516 0.0019257068634033203 0.19375252723693848 178
1124 1118 6 0.19245505332946777 0.0020368099212646484 0.19449186325073242 179
1130 1124 6 0.20655035972595215 0.01077580451965332 0.21732616424560547 180
1136 1130 6 0.2015669345855713 0.0077135562896728516 0.20928049087524414 181
1142 1136 6 0.19249200820922852 0.0027916431427001953 0.1952836513519287 182
1148 1142 6 0.1970195770263672 0.0018019676208496094 0.1988215446472168 183
1154 1147 6 0.1946113109588623 0.0018246173858642578 0.19643592834472656 184
1160 1153 6 0.21037054061889648 0.002493143081665039 0.21286368370056152 185
1166 1160 6 0.1938924789428711 0.0020971298217773438 0.19598960876464844 186
1172 1166 6 0.19359922409057617 0.004493236541748047 0.19809246063232422 187
1178 1172 6 0.19964241981506348 0.011991500854492188 0.21163392066955566 188
1184 1178 6 0.19590353965759277 0.002464771270751953 0.19836831092834473 189
1190 1184 6 0.19145464897155762 0.0018694400787353516 0.19332408905029297 190
1196 1190 6 0.19512677192687988 0.0017693042755126953 0.19689607620239258 191
1202 1196 6 0.20208311080932617 0.0075418949127197266 0.2096250057220459 192
1207 1201 6 0.19542217254638672 0.002011537551879883 0.1974337100982666 193
1213 1207 6 0.19311761856079102 0.003167390823364258 0.19628500938415527 194
1218 1212 6 0.1945650577545166 0.0018110275268554688 0.19637608528137207 195
1224 1218 6 0.1939997673034668 0.002107381820678711 0.1961071491241455 196
1230 1224 6 0.19288134574890137 0.0018215179443359375 0.1947028636932373 197
1235 1229 6 0.20866894721984863 0.0017707347869873047 0.21043968200683594 198
1241 1235 6 0.20481085777282715 0.001834869384765625 0.20664572715759277 199
1247 1241 6 0.19651222229003906 0.011009454727172852 0.20752167701721191 200
1252 1246 6 0.20874810218811035 0.0027222633361816406 0.211470365524292 201
1259 1257 2 0.1954333782196045 0.005130767822265625 0.20056414604187012 202
1265 1259 6 0.19408059120178223 0.0019288063049316406 0.19600939750671387 203
1271 1265 6 0.19143462181091309 0.002858877182006836 0.19429349899291992 204
1276 1270 6 0.193403959274292 0.002330303192138672 0.19573426246643066 205
1282 1281 1 0.19152593612670898 0.0015423297882080078 0.193068265914917 206
1287 1282 5 0.19706511497497559 0.0019593238830566406 0.19902443885803223 207
1293 1292 1 0.1968705654144287 0.006089925765991211 0.20296049118041992 208
1299 1293 6 0.1963040828704834 0.0016222000122070312 0.19792628288269043 209
1305 1304 1 0.19527006149291992 0.004249095916748047 0.19951915740966797 210
1310 1305 5 0.2006847858428955 0.0018353462219238281 0.20252013206481934 211
1317 1315 2 0.19881916046142578 0.002471446990966797 0.20129060745239258 212
1322 1316 6 0.20626521110534668 0.001580953598022461 0.20784616470336914 213
1329 1327 1 0.19492816925048828 0.00154876708984375 0.19647693634033203 214
1334 1328 6 0.19918465614318848 0.0016715526580810547 0.20085620880126953 215
1340 1339 1 0.19177675247192383 0.001760721206665039 0.19353747367858887 216
1345 1340 5 0.19324040412902832 0.0017619132995605469 0.19500231742858887 217
1351 1350 1 0.19579052925109863 0.001819610595703125 0.19761013984680176 218
1357 1351 6 0.1963353157043457 0.0022983551025390625 0.19863367080688477 219
1362 1356 6 0.2076714038848877 0.004076957702636719 0.21174836158752441 220
1369 1362 6 0.19427895545959473 0.008361577987670898 0.20264053344726562 221
1374 1368 6 0.20112848281860352 0.002231597900390625 0.20336008071899414 222
1380 1373 6 0.2034454345703125 0.0017619132995605469 0.20520734786987305 223
1386 1380 6 0.2003946304321289 0.008279800415039062 0.20867443084716797 224
1392 1386 6 0.1959090232849121 0.0015368461608886719 0.19744586944580078 225
1398 1392 6 0.1951146125793457 0.0025866031646728516 0.19770121574401855 226
1403 1397 6 0.1975257396697998 0.0016260147094726562 0.19915175437927246 227
1408 1402 6 0.19685101509094238 0.0017006397247314453 0.19855165481567383 228
1414 1408 6 0.195220947265625 0.0017347335815429688 0.19695568084716797 229
1420 1414 6 0.21069645881652832 0.006411552429199219 0.21710801124572754 230
1426 1420 6 0.2130756378173828 0.0030298233032226562 0.21610546112060547 231
1432 1426 6 0.20318365097045898 0.007424592971801758 0.21060824394226074 232
1438 1432 6 0.19619345664978027 0.0017559528350830078 0.19794940948486328 233
1444 1438 6 0.1967172622680664 0.002309083938598633 0.19902634620666504 234
1450 1443 6 0.19515061378479004 0.0030367374420166016 0.19818735122680664 235
1455 1449 6 0.21978998184204102 0.013520479202270508 0.23331046104431152 236
1462 1456 6 0.1932387351989746 0.0018432140350341797 0.1950819492340088 237
1467 1461 6 0.19592833518981934 0.0016760826110839844 0.19760441780090332 238
1473 1466 6 0.19452381134033203 0.0015349388122558594 0.1960587501525879 239
1478 1472 6 0.19702982902526855 0.002465963363647461 0.19949579238891602 240
1484 1478 6 0.21382427215576172 0.0019388198852539062 0.21576309204101562 241
1490 1484 6 0.20824885368347168 0.0016980171203613281 0.209946870803833 242
1495 1489 6 0.20273756980895996 0.0019023418426513672 0.20463991165161133 243
1501 1495 6 0.20328640937805176 0.0026013851165771484 0.2058877944946289 244
1507 1501 6 0.2121734619140625 0.0017788410186767578 0.21395230293273926 245
1513 1506 6 0.19754934310913086 0.0018291473388671875 0.19937849044799805 246
1518 1512 6 0.20763206481933594 0.002633333206176758 0.2102653980255127 247
1524 1518 6 0.2161862850189209 0.0017552375793457031 0.2179415225982666 248
1530 1524 6 0.20064949989318848 0.0018641948699951172 0.2025136947631836 249
1535 1529 6 0.19620060920715332 0.002146005630493164 0.19834661483764648 250
1541 1539 2 0.1979529857635498 0.0061342716217041016 0.2040872573852539 251
1547 1541 6 0.19454503059387207 0.0018703937530517578 0.19641542434692383 252
1552 1546 6 0.20847249031066895 0.0026972293853759766 0.21116971969604492 253
1559 1553 6 0.20927047729492188 0.005720853805541992 0.21499133110046387 254
1565 1559 6 0.21799302101135254 0.002107381820678711 0.22010040283203125 255
1571 1565 6 0.2160179615020752 0.007892370223999023 0.22391033172607422 256
1577 1571 6 0.19533181190490723 0.002095460891723633 0.19742727279663086 257
1583 1577 6 0.19358420372009277 0.002194643020629883 0.19577884674072266 258
1589 1583 6 0.1919257640838623 0.00447392463684082 0.19639968872070312 259
1595 1589 6 0.1947462558746338 0.00215911865234375 0.19690537452697754 260
1600 1594 6 0.19764208793640137 0.0016639232635498047 0.19930601119995117 261
1607 1605 2 0.19534730911254883 0.002184152603149414 0.19753146171569824 262
1613 1607 6 0.2185044288635254 0.002340555191040039 0.22084498405456543 263
1619 1613 6 0.19749736785888672 0.012643098831176758 0.21014046669006348 264
1626 1620 6 0.20588111877441406 0.004598140716552734 0.2104792594909668 265
1632 1626 6 0.19507837295532227 0.002790212631225586 0.19786858558654785 266
1637 1631 6 0.19704747200012207 0.002103090286254883 0.19915056228637695 267
1643 1637 6 0.19875335693359375 0.0018410682678222656 0.20059442520141602 268
1649 1643 6 0.20016980171203613 0.003367185592651367 0.2035369873046875 269
1655 1649 6 0.1935901641845703 0.0017740726470947266 0.19536423683166504 270
1660 1654 5 0.20098567008972168 0.0018329620361328125 0.2028186321258545 271
1665 1659 6 0.2087414264678955 0.0019314289093017578 0.21067285537719727 272
1671 1665 6 0.2071514129638672 0.01349782943725586 0.22064924240112305 273
1677 1671 6 0.209946870803833 0.0017392635345458984 0.2116861343383789 274
1682 1676 6 0.21348047256469727 0.0019004344940185547 0.21538090705871582 275
1688 1687 1 0.21462273597717285 0.010471582412719727 0.22509431838989258 276
1694 1688 6 0.21054935455322266 0.0020394325256347656 0.21258878707885742 277
1699 1693 6 0.22878289222717285 0.0020439624786376953 0.23082685470581055 278
1705 1699 6 0.21232318878173828 0.0025887489318847656 0.21491193771362305 279
1711 1705 6 0.19950366020202637 0.015697240829467773 0.21520090103149414 280
1717 1711 6 0.21536755561828613 0.001630544662475586 0.21699810028076172 281
1723 1717 6 0.24405193328857422 0.0020470619201660156 0.24609899520874023 282
1730 1723 6 0.21246552467346191 0.013033628463745117 0.22549915313720703 283
1735 1729 6 0.1953260898590088 0.0018239021301269531 0.19714999198913574 284
1741 1735 6 0.19490766525268555 0.0026471614837646484 0.1975548267364502 285
1746 1740 6 0.19715142250061035 0.0015842914581298828 0.19873571395874023 286
1752 1746 6 0.1938180923461914 0.0027437210083007812 0.1965618133544922 287
1757 1751 6 0.19888710975646973 0.002312898635864258 0.20120000839233398 288
1763 1757 6 0.19704651832580566 0.0018951892852783203 0.19894170761108398 289
1768 1762 6 0.19477581977844238 0.0028984546661376953 0.19767427444458008 290
1774 1773 1 0.19289064407348633 0.0036270618438720703 0.1965177059173584 291
1780 1774 6 0.19440269470214844 0.0032949447631835938 0.19769763946533203 292
1786 1785 1 0.21918511390686035 0.006859779357910156 0.2260448932647705 293
1792 1786 6 0.19435715675354004 0.0017631053924560547 0.1961202621459961 294
1797 1791 6 0.20012354850769043 0.0022115707397460938 0.20233511924743652 295
1803 1797 6 0.20808053016662598 0.0019969940185546875 0.21007752418518066 296
1808 1802 6 0.19732999801635742 0.0018606185913085938 0.19919061660766602 297
1813 1807 6 0.20936799049377441 0.00392603874206543 0.21329402923583984 298
1819 1813 6 0.20593500137329102 0.002547025680541992 0.208482027053833 299
1825 1819 6 0.20876240730285645 0.002101421356201172 0.21086382865905762 300
1831 1824 6 0.20341110229492188 0.0024700164794921875 0.20588111877441406 301
1836 1830 6 0.1959834098815918 0.005955219268798828 0.20193862915039062 302
1841 1835 6 0.19350147247314453 0.0021343231201171875 0.19563579559326172 303
1847 1841 6 0.19774270057678223 0.0020780563354492188 0.19982075691223145 304
1852 1846 6 0.1988978385925293 0.002459287643432617 0.20135712623596191 305
1857 1851 6 0.20677566528320312 0.013048410415649414 0.21982407569885254 306
1863 1857 6 0.19459772109985352 0.002013683319091797 0.1966114044189453 307
1868 1862 6 0.1981508731842041 0.0017352104187011719 0.19988608360290527 308
1874 1867 6 0.19657135009765625 0.001981019973754883 0.19855237007141113 309
1879 1873 6 0.19373607635498047 0.002414226531982422 0.1961503028869629 310
1884 1878 6 0.20042085647583008 0.0020864009857177734 0.20250725746154785 311
1890 1889 1 0.19889092445373535 0.0018591880798339844 0.20075011253356934 312
1896 1890 6 0.1969442367553711 0.01425027847290039 0.21119451522827148 313
1902 1900 2 0.20848917961120605 0.0019588470458984375 0.2104480266571045 314
1907 1901 6 0.19924497604370117 0.00185394287109375 0.20109891891479492 315
1912 1906 6 0.19675135612487793 0.001947641372680664 0.1986989974975586 316
1917 1911 6 0.1964433193206787 0.0025162696838378906 0.1989595890045166 317
1923 1916 6 0.19758367538452148 0.0025954246520996094 0.2001791000366211 318
1928 1922 6 0.1951887607574463 0.005295276641845703 0.200484037399292 319
1933 1927 6 0.19625473022460938 0.0019147396087646484 0.19816946983337402 320
1939 1933 6 0.19579434394836426 0.002010822296142578 0.19780516624450684 321
1944 1938 6 0.20795631408691406 0.0023725032806396484 0.2103288173675537 322
1949 1943 6 0.19786572456359863 0.0019466876983642578 0.1998124122619629 323
1954 1948 6 0.19575977325439453 0.003432750701904297 0.19919252395629883 324
1960 1953 6 0.2231731414794922 0.0031425952911376953 0.22631573677062988 325
1965 1959 6 0.19733023643493652 0.0017559528350830078 0.19908618927001953 326
1970 1964 6 0.21814393997192383 0.0020482540130615234 0.22019219398498535 327
1976 1970 6 0.20856618881225586 0.009179830551147461 0.21774601936340332 328
1982 1976 6 0.1974315643310547 0.002755403518676758 0.20018696784973145 329
1988 1981 6 0.19943523406982422 0.0020329952239990234 0.20146822929382324 330
1993 1987 6 0.20484662055969238 0.013294219970703125 0.2181408405303955 331
2000 1993 6 0.19700312614440918 0.0022401809692382812 0.19924330711364746 332
2005 1999 6 0.19970941543579102 0.002009153366088867 0.20171856880187988 333
2010 2004 6 0.19603943824768066 0.002269744873046875 0.19830918312072754 334
2015 2009 6 0.19680547714233398 0.0019750595092773438 0.19878053665161133 335
2021 2014 6 0.23037290573120117 0.002116680145263672 0.23248958587646484 336
2027 2021 6 0.20630550384521484 0.002275705337524414 0.20858120918273926 337
2033 2027 6 0.21674466133117676 0.01313471794128418 0.22987937927246094 338
2038 2032 6 0.25244665145874023 0.0019233226776123047 0.25436997413635254 339
2045 2038 6 0.22989463806152344 0.002124309539794922 0.23201894760131836 340
2050 2044 6 0.20644664764404297 0.01309061050415039 0.21953725814819336 341
2056 2050 6 0.19527602195739746 0.0018544197082519531 0.19713044166564941 342
2060 2055 5 0.19569635391235352 0.0019888877868652344 0.19768524169921875 343
2067 2065 2 0.19366002082824707 0.007799386978149414 0.20145940780639648 344
2072 2066 6 0.20593643188476562 0.002071380615234375 0.2080078125 345
2078 2071 6 0.1944434642791748 0.0023500919342041016 0.1967935562133789 346
2082 2076 6 0.19895529747009277 0.0027587413787841797 0.20171403884887695 347
2087 2081 6 0.21959233283996582 0.0035719871520996094 0.22316431999206543 348
2093 2087 6 0.2011723518371582 0.005152702331542969 0.20632505416870117 349
2099 2093 6 0.1942446231842041 0.004080533981323242 0.19832515716552734 350
2104 2098 6 0.1962735652923584 0.0019268989562988281 0.19820046424865723 351
2110 2108 2 0.1934068202972412 0.014812707901000977 0.2082195281982422 352
2115 2109 5 0.22744274139404297 0.011536359786987305 0.23897910118103027 353
2121 2119 1 0.22220444679260254 0.008751392364501953 0.2309558391571045 354
2126 2120 6 0.26029276847839355 0.024539709091186523 0.2848324775695801 355
2134 2132 2 0.217362642288208 0.002226591110229492 0.2195892333984375 356
2139 2133 6 0.19560647010803223 0.04274559020996094 0.23835206031799316 357
2144 2138 6 0.21139788627624512 0.004427433013916016 0.21582531929016113 358
2149 2143 6 0.20944809913635254 0.01972484588623047 0.229172945022583 359
2155 2154 1 0.22915220260620117 0.005852222442626953 0.23500442504882812 360
2160 2155 5 0.21119904518127441 0.001901388168334961 0.21310043334960938 361
2166 2165 1 0.19658446311950684 0.00254058837890625 0.19912505149841309 362
2172 2166 6 0.20408082008361816 0.0021407604217529297 0.2062215805053711 363
2177 2171 6 0.1964583396911621 0.009162187576293945 0.20562052726745605 364
2182 2176 6 0.1962425708770752 0.012792587280273438 0.20903515815734863 365
2188 2187 1 0.2096097469329834 0.0024819374084472656 0.21209168434143066 366
2193 2188 5 0.20839858055114746 0.0022649765014648438 0.2106635570526123 367
2200 2198 2 0.20004796981811523 0.010727167129516602 0.21077513694763184 368
2206 2200 6 0.19982147216796875 0.010115385055541992 0.20993685722351074 369
2211 2205 6 0.2393803596496582 0.011578798294067383 0.2509591579437256 370
2217 2211 6 0.21225309371948242 0.013096809387207031 0.22534990310668945 371
2223 2217 6 0.21180295944213867 0.051035404205322266 0.26283836364746094 372
2229 2223 6 0.21285676956176758 0.00914907455444336 0.22200584411621094 373
2234 2228 6 0.1934070587158203 0.0018470287322998047 0.19525408744812012 374
2239 2233 6 0.19530606269836426 0.0023202896118164062 0.19762635231018066 375
2245 2239 6 0.19531011581420898 0.0020835399627685547 0.19739365577697754 376
2251 2245 6 0.19399142265319824 0.0023365020751953125 0.19632792472839355 377
2257 2251 6 0.19692230224609375 0.0018575191497802734 0.19877982139587402 378
2263 2257 6 0.20181965827941895 0.004473447799682617 0.20629310607910156 379
2269 2263 6 0.19485044479370117 0.0018906593322753906 0.19674110412597656 380
2274 2268 6 0.2147367000579834 0.0019729137420654297 0.21670961380004883 381
2280 2274 6 0.20579123497009277 0.0017693042755126953 0.20756053924560547 382
2287 2281 6 0.2590482234954834 0.009400606155395508 0.2684488296508789 383
2294 2288 6 0.21041655540466309 0.024380207061767578 0.23479676246643066 384
2300 2294 6 0.20609784126281738 0.012736082077026367 0.21883392333984375 385
2305 2299 6 0.20891642570495605 0.007859945297241211 0.21677637100219727 386
2310 2304 6 0.19621729850769043 0.00510096549987793 0.20131826400756836 387
2315 2309 6 0.19919538497924805 0.0022611618041992188 0.20145654678344727 388
2321 2315 6 0.1945493221282959 0.0018532276153564453 0.19640254974365234 389
2327 2321 6 0.19808459281921387 0.0019767284393310547 0.20006132125854492 390
2333 2327 6 0.19434046745300293 0.0018024444580078125 0.19614291191101074 391
2338 2332 6 0.1988382339477539 0.0029201507568359375 0.20175838470458984 392
2344 2338 6 0.2003030776977539 0.0023169517517089844 0.2026200294494629 393
2349 2343 6 0.19611191749572754 0.007714509963989258 0.2038264274597168 394
2355 2354 1 0.20407938957214355 0.0018515586853027344 0.2059309482574463 395
2361 2355 6 0.2033066749572754 0.0018839836120605469 0.20519065856933594 396
2367 2360 6 0.19714903831481934 0.002329587936401367 0.1994786262512207 397
2372 2366 6 0.2000417709350586 0.0016791820526123047 0.2017209529876709 398
2378 2372 6 0.19697237014770508 0.0017397403717041016 0.19871211051940918 399
2384 2377 6 0.20003247261047363 0.0019412040710449219 0.20197367668151855 400
2389 2383 6 0.20531129837036133 0.0069277286529541016 0.21223902702331543 401
2395 2389 6 0.19763660430908203 0.00222015380859375 0.19985675811767578 402
2400 2394 6 0.19782710075378418 0.0018410682678222656 0.19966816902160645 403
2406 2399 6 0.20000934600830078 0.0026369094848632812 0.20264625549316406 404
2411 2405 6 0.19930243492126465 0.002045869827270508 0.20134830474853516 405
2417 2411 6 0.19721460342407227 0.0017902851104736328 0.1990048885345459 406
2423 2417 6 0.1965467929840088 0.0016620159149169922 0.19820880889892578 407
2429 2423 6 0.19683218002319336 0.0014836788177490234 0.19831585884094238 408
2435 2429 6 0.19775128364562988 0.0014216899871826172 0.1991729736328125 409
2441 2435 6 0.19934678077697754 0.0015528202056884766 0.20089960098266602 410
2447 2441 6 0.21149230003356934 0.001714944839477539 0.21320724487304688 411
2453 2447 6 0.20258069038391113 0.0018258094787597656 0.2044064998626709 412
2459 2453 6 0.2160656452178955 0.0017271041870117188 0.21779274940490723 413
2465 2459 6 0.2084956169128418 0.0016646385192871094 0.2101602554321289 414
2471 2465 6 0.21164774894714355 0.0014638900756835938 0.21311163902282715 415
2478 2471 6 0.19843053817749023 0.0015735626220703125 0.20000410079956055 416
2484 2483 1 0.19625139236450195 0.0015239715576171875 0.19777536392211914 417
2489 2484 5 0.19884514808654785 0.00148773193359375 0.2003328800201416 418
2495 2494 1 0.20127153396606445 0.0014858245849609375 0.2027573585510254 419
2501 2495 6 0.20263028144836426 0.0020427703857421875 0.20467305183410645 420
2508 2506 2 0.19922113418579102 0.0018322467803955078 0.20105338096618652 421
2514 2508 6 0.19782352447509766 0.002477884292602539 0.2003014087677002 422
2520 2514 6 0.20749664306640625 0.0024652481079101562 0.2099618911743164 423
2526 2520 6 0.19570016860961914 0.0014917850494384766 0.19719195365905762 424
2532 2526 6 0.23584628105163574 0.001986980438232422 0.23783326148986816 425
2539 2533 6 0.22646784782409668 0.0021462440490722656 0.22861409187316895 426
2546 2540 6 0.20817923545837402 0.0037584304809570312 0.21193766593933105 427
2552 2546 6 0.2066035270690918 0.01376652717590332 0.22037005424499512 428
2559 2557 2 0.19579792022705078 0.002553224563598633 0.19835114479064941 429
2564 2558 6 0.19898295402526855 0.0015904903411865234 0.20057344436645508 430
2571 2569 2 0.1964409351348877 0.0017189979553222656 0.19815993309020996 431
2577 2571 6 0.19961309432983398 0.0019338130950927734 0.20154690742492676 432
2583 2577 6 0.19634318351745605 0.001773834228515625 0.19811701774597168 433
2589 2582 6 0.19724369049072266 0.0016825199127197266 0.19892621040344238 434
2595 2588 6 0.22318768501281738 0.0030167102813720703 0.22620439529418945 435
2601 2595 6 0.19907307624816895 0.001567840576171875 0.20064091682434082 436
2607 2601 6 0.19920992851257324 0.008301019668579102 0.20751094818115234 437
2614 2608 6 0.21177268028259277 0.01341104507446289 0.22518372535705566 438
2620 2614 6 0.19865131378173828 0.0027604103088378906 0.20141172409057617 439
2626 2620 6 0.19754672050476074 0.0016891956329345703 0.1992359161376953 440
2632 2626 6 0.20110106468200684 0.001623392105102539 0.20272445678710938 441
2639 2637 2 0.19969868659973145 0.0021772384643554688 0.20187592506408691 442
2645 2639 6 0.19813871383666992 0.0018584728240966797 0.1999971866607666 443
2650 2644 6 0.19609618186950684 0.001550912857055664 0.1976470947265625 444
2656 2650 6 0.19783782958984375 0.0015149116516113281 0.19935274124145508 445
2662 2656 6 0.19562506675720215 0.0017096996307373047 0.19733476638793945 446
2668 2662 6 0.1959667205810547 0.0014505386352539062 0.1974172592163086 447
2674 2668 6 0.1977367401123047 0.0015285015106201172 0.1992652416229248 448
2680 2674 6 0.19608068466186523 0.001375436782836914 0.19745612144470215 449
2685 2679 6 0.1977696418762207 0.0013568401336669922 0.1991264820098877 450
2690 2684 6 0.196763277053833 0.0013988018035888672 0.19816207885742188 451
2696 2690 6 0.19901108741760254 0.0015654563903808594 0.2005765438079834 452
2701 2695 6 0.19814825057983398 0.0069315433502197266 0.2050797939300537 453
2707 2701 6 0.19726943969726562 0.001789093017578125 0.19905853271484375 454
2713 2707 6 0.21078205108642578 0.005918979644775391 0.21670103073120117 455
2720 2713 6 0.21857881546020508 0.007295846939086914 0.225874662399292 456
2725 2718 6 0.20810651779174805 0.0021147727966308594 0.2102212905883789 457
2730 2724 6 0.19910287857055664 0.0050792694091796875 0.20418214797973633 458
2736 2730 6 0.19977998733520508 0.004361152648925781 0.20414113998413086 459
2741 2735 6 0.20139312744140625 0.0017590522766113281 0.20315217971801758 460
2746 2740 6 0.1988978385925293 0.0022377967834472656 0.20113563537597656 461
2752 2746 6 0.1969470977783203 0.0015380382537841797 0.1984851360321045 462
2757 2751 6 0.20302581787109375 0.0045621395111083984 0.20758795738220215 463
2763 2762 1 0.21827101707458496 0.002701997756958008 0.22097301483154297 464
2768 2763 5 0.19669842720031738 0.0018734931945800781 0.19857192039489746 465
2774 2773 1 0.22729849815368652 0.004326820373535156 0.23162531852722168 466
2779 2774 5 0.21350502967834473 0.009625434875488281 0.223130464553833 467
2786 2785 1 0.19846463203430176 0.00842428207397461 0.20688891410827637 468
2792 2786 6 0.21114873886108398 0.007936716079711914 0.2190854549407959 469
2799 2798 1 0.24845337867736816 0.008028984069824219 0.2564823627471924 470
2805 2799 6 0.214585542678833 0.006833076477050781 0.2214186191558838 471
2812 2810 2 0.20103716850280762 0.0050694942474365234 0.20610666275024414 472
2817 2811 6 0.21450591087341309 0.014757633209228516 0.2292635440826416 473
2823 2821 2 0.21696209907531738 0.018607139587402344 0.23556923866271973 474
2828 2822 6 0.26331186294555664 0.0015933513641357422 0.2649052143096924 475
2835 2834 1 0.19892072677612305 0.002362489700317383 0.20128321647644043 476
2841 2835 6 0.2069873809814453 0.002234935760498047 0.20922231674194336 477
2848 2846 2 0.20279526710510254 0.0050966739654541016 0.20789194107055664 478
2854 2848 6 0.19800114631652832 0.0015211105346679688 0.1995222568511963 479
2860 2854 6 0.20590949058532715 0.0056340694427490234 0.21154356002807617 480
2866 2860 6 0.1985161304473877 0.0020761489868164062 0.2005922794342041 481
2872 2866 6 0.19887423515319824 0.0019919872283935547 0.2008662223815918 482
2878 2872 6 0.2021629810333252 0.002040863037109375 0.20420384407043457 483
2884 2878 6 0.1989133358001709 0.001674652099609375 0.20058798789978027 484
2891 2885 6 0.20107603073120117 0.0015103816986083984 0.20258641242980957 485
2897 2891 6 0.19979357719421387 0.0015282630920410156 0.20132184028625488 486
2903 2897 6 0.19919180870056152 0.0019307136535644531 0.20112252235412598 487
2909 2903 6 0.20784854888916016 0.002310514450073242 0.2101590633392334 488
2915 2909 6 0.23594999313354492 0.0018644332885742188 0.23781442642211914 489
2921 2915 6 0.19728803634643555 0.004556179046630859 0.2018442153930664 490
2927 2921 6 0.21879935264587402 0.004538059234619141 0.22333741188049316 491
2932 2926 6 0.20079755783081055 0.004543781280517578 0.20534133911132812 492
2938 2932 6 0.2435317039489746 0.016314029693603516 0.2598457336425781 493
2944 2938 6 0.23533344268798828 0.009459972381591797 0.24479341506958008 494
2951 2949 2 0.21755599975585938 0.0041828155517578125 0.2217388153076172 495
2957 2951 6 0.19882917404174805 0.004433155059814453 0.2032623291015625 496
2963 2957 6 0.27085185050964355 0.0030417442321777344 0.2738935947418213 497
2969 2963 6 0.22650146484375 0.019156694412231445 0.24565815925598145 498
2976 2969 6 0.260195255279541 0.021813154220581055 0.28200840950012207 499
2983 2977 6 0.2221827507019043 0.015131235122680664 0.23731398582458496 500
2989 2983 6 0.22017574310302734 0.0028934478759765625 0.2230691909790039 501
2995 2989 6 0.22368264198303223 0.0038137435913085938 0.22749638557434082 502
3000 2994 6 0.21511054039001465 0.02464604377746582 0.23975658416748047 503
3006 3004 2 0.20647382736206055 0.006907939910888672 0.21338176727294922 504
3010 3005 5 0.21732282638549805 0.01477193832397461 0.23209476470947266 505
3016 3015 1 0.21279549598693848 0.0031991004943847656 0.21599459648132324 506
3021 3016 5 0.20592164993286133 0.004354000091552734 0.21027565002441406 507
3027 3026 1 0.19701480865478516 0.028041362762451172 0.22505617141723633 508
3034 3028 6 0.23722457885742188 0.041750192642211914 0.2789747714996338 509
3040 3034 6 0.2139437198638916 0.01663661003112793 0.23058032989501953 510
3046 3040 6 0.21958470344543457 0.010266542434692383 0.22985124588012695 511
3054 3052 1 0.21457982063293457 0.0033435821533203125 0.21792340278625488 512
3059 3053 6 0.25653791427612305 0.013654232025146484 0.27019214630126953 513
3066 3064 2 0.2572011947631836 0.029762983322143555 0.28696417808532715 514
3073 3067 6 0.2675299644470215 0.016477584838867188 0.28400754928588867 515
3080 3074 6 0.2471928596496582 0.002732515335083008 0.2499253749847412 516
3086 3080 6 0.2292163372039795 0.005969047546386719 0.2351853847503662 517
3093 3091 2 0.21196532249450684 0.006232500076293945 0.21819782257080078 518
3097 3092 5 0.22889018058776855 0.003885507583618164 0.23277568817138672 519
3103 3102 1 0.20853376388549805 0.0011935234069824219 0.20972728729248047 520
3109 3103 6 0.21184515953063965 0.0027604103088378906 0.21460556983947754 521
3115 3113 2 0.20586633682250977 0.007153987884521484 0.21302032470703125 522
3121 3115 6 0.20052099227905273 0.004430532455444336 0.20495152473449707 523
3126 3120 6 0.21132183074951172 0.0059299468994140625 0.21725177764892578 524
3132 3126 6 0.21617817878723145 0.025972604751586914 0.24215078353881836 525
3137 3131 6 0.21663784980773926 0.012622833251953125 0.22926068305969238 526
3144 3143 1 0.2238621711730957 0.0017230510711669922 0.2255852222442627 527
3150 3144 5 0.19891142845153809 0.0019922256469726562 0.20090365409851074 528
3156 3154 2 0.21183228492736816 0.013513565063476562 0.22534584999084473 529
3161 3155 6 0.20697951316833496 0.003049612045288086 0.21002912521362305 530
3167 3165 2 0.241804838180542 0.010229110717773438 0.25203394889831543 531
3172 3166 6 0.23595499992370605 0.0019474029541015625 0.23790240287780762 532
3178 3176 2 0.2428123950958252 0.007664918899536133 0.25047731399536133 533
3183 3177 6 0.2140336036682129 0.014510869979858398 0.2285444736480713 534
3189 3188 1 0.21547937393188477 0.0027036666870117188 0.21818304061889648 535
3195 3189 6 0.20653939247131348 0.006596803665161133 0.2131361961364746 536
3201 3200 1 0.20559453964233398 0.0020554065704345703 0.20764994621276855 537
3208 3202 6 0.20299530029296875 0.002234935760498047 0.2052302360534668 538
3214 3208 6 0.20166683197021484 0.001689910888671875 0.20335674285888672 539
3220 3214 6 0.20248627662658691 0.001744985580444336 0.20423126220703125 540
3227 3225 2 0.19956064224243164 0.002092599868774414 0.20165324211120605 541
3232 3226 6 0.1991724967956543 0.0019652843475341797 0.20113778114318848 542
3238 3237 1 0.19951272010803223 0.0016837120056152344 0.20119643211364746 543
3244 3238 6 0.2003622055053711 0.002474069595336914 0.202836275100708 544
3251 3250 1 0.2075796127319336 0.010658740997314453 0.21823835372924805 545
3257 3251 6 0.20723485946655273 0.024006128311157227 0.23124098777770996 546
3264 3263 1 0.2238011360168457 0.014430761337280273 0.23823189735412598 547
3270 3264 6 0.2012932300567627 0.0018215179443359375 0.20311474800109863 548
3276 3274 2 0.19807124137878418 0.001969575881958008 0.2000408172607422 549
3282 3275 6 0.2164919376373291 0.003612518310546875 0.22010445594787598 550
3288 3287 1 0.2263321876525879 0.0026912689208984375 0.22902345657348633 551
3294 3288 6 0.20577073097229004 0.0015475749969482422 0.20731830596923828 552
3300 3298 2 0.19997572898864746 0.002069711685180664 0.20204544067382812 553
3306 3300 6 0.19874095916748047 0.0067255496978759766 0.20546650886535645 554
3311 3305 6 0.20197176933288574 0.014475107192993164 0.2164468765258789 555
3317 3311 6 0.22851967811584473 0.007574796676635742 0.23609447479248047 556
3323 3317 6 0.244614839553833 0.03341341018676758 0.2780282497406006 557
3329 3323 6 0.2367098331451416 0.011868476867675781 0.24857831001281738 558
3335 3329 6 0.21180200576782227 0.002096414566040039 0.2138984203338623 559
3342 3336 6 0.20511484146118164 0.003108978271484375 0.20822381973266602 560
3347 3341 6 0.21268844604492188 0.0037031173706054688 0.21639156341552734 561
3353 3352 1 0.20920777320861816 0.0018508434295654297 0.2110586166381836 562
3358 3353 5 0.21966886520385742 0.01629018783569336 0.23595905303955078 563
3364 3358 6 0.20931291580200195 0.012781858444213867 0.22209477424621582 564
3369 3363 6 0.25738096237182617 0.011775970458984375 0.26915693283081055 565
3376 3375 1 0.2435150146484375 0.002223491668701172 0.24573850631713867 566
3383 3377 6 0.20136761665344238 0.02438211441040039 0.22574973106384277 567
3389 3383 6 0.2310166358947754 0.0025510787963867188 0.2335677146911621 568
3396 3390 6 0.1946706771850586 0.017495393753051758 0.21216607093811035 569
3401 3395 6 0.20176410675048828 0.010652303695678711 0.212416410446167 570
3406 3400 6 0.21038103103637695 0.0018286705017089844 0.21220970153808594 571
3411 3405 6 0.19949722290039062 0.0018868446350097656 0.2013840675354004 572
3417 3411 6 0.20002150535583496 0.0017514228820800781 0.20177292823791504 573
3422 3416 6 0.20364904403686523 0.0019245147705078125 0.20557355880737305 574
3428 3427 1 0.2028369903564453 0.001817941665649414 0.20465493202209473 575
3433 3428 5 0.2031388282775879 0.0019965171813964844 0.20513534545898438 576
3440 3433 6 0.23788905143737793 0.0052950382232666016 0.24318408966064453 577
3446 3440 6 0.2582406997680664 0.0021288394927978516 0.26036953926086426 578
3452 3446 6 0.19725680351257324 0.005876302719116211 0.20313310623168945 579
3458 3452 6 0.20418357849121094 0.0018372535705566406 0.20602083206176758 580
3464 3458 6 0.2182462215423584 0.0016024112701416016 0.2198486328125 581
3471 3464 6 0.20880389213562012 0.0029854774475097656 0.21178936958312988 582
3476 3470 6 0.22277450561523438 0.0018181800842285156 0.2245926856994629 583
3482 3476 6 0.19995450973510742 0.0020613670349121094 0.20201587677001953 584
3488 3482 6 0.206573486328125 0.002081155776977539 0.20865464210510254 585
3494 3488 6 0.19633245468139648 0.0017518997192382812 0.19808435440063477 586
3500 3494 6 0.19677019119262695 0.0018558502197265625 0.19862604141235352 587
3506 3500 6 0.21232342720031738 0.0017805099487304688 0.21410393714904785 588
3512 3506 6 0.21336603164672852 0.001653909683227539 0.21501994132995605 589
3517 3511 6 0.22092723846435547 0.0017893314361572266 0.2227165699005127 590
3524 3522 2 0.21083593368530273 0.008927345275878906 0.21976327896118164 591
3530 3524 6 0.20175933837890625 0.009406089782714844 0.2111654281616211 592
3537 3535 2 0.2052462100982666 0.004252433776855469 0.20949864387512207 593
3543 3537 6 0.201066255569458 0.010207176208496094 0.2112734317779541 594
3549 3543 6 0.1950986385345459 0.00241851806640625 0.19751715660095215 595
3555 3549 6 0.19498872756958008 0.002071857452392578 0.19706058502197266 596
3561 3555 6 0.1980602741241455 0.0022268295288085938 0.2002871036529541 597
3567 3561 6 0.20214366912841797 0.00223541259765625 0.20437908172607422 598
3574 3573 1 0.19926834106445312 0.002084493637084961 0.20135283470153809 599
3580 3574 6 0.21229076385498047 0.010031700134277344 0.2223224639892578 600
3587 3585 1 0.19711852073669434 0.003245830535888672 0.200364351272583 601
3593 3587 6 0.1991424560546875 0.001861572265625 0.2010040283203125 602
3599 3593 6 0.1981182098388672 0.0019314289093017578 0.20004963874816895 603
3605 3599 6 0.20113515853881836 0.0019617080688476562 0.20309686660766602 604
3612 3610 2 0.20624494552612305 0.0021114349365234375 0.20835638046264648 605
3618 3612 6 0.20359563827514648 0.002105236053466797 0.20570087432861328 606
3624 3618 6 0.1977083683013916 0.002462148666381836 0.20017051696777344 607
3630 3624 6 0.1986534595489502 0.0021288394927978516 0.20078229904174805 608
3636 3630 6 0.2008211612701416 0.0019116401672363281 0.20273280143737793 609
3642 3636 6 0.20041799545288086 0.002178668975830078 0.20259666442871094 610
3648 3642 6 0.19773530960083008 0.0019261837005615234 0.1996614933013916 611
3654 3648 6 0.19706463813781738 0.0019469261169433594 0.19901156425476074 612
3660 3654 6 0.19556617736816406 0.0018215179443359375 0.1973876953125 613
3666 3660 6 0.19572210311889648 0.0019044876098632812 0.19762659072875977 614
3672 3666 6 0.21136975288391113 0.0021386146545410156 0.21350836753845215 615
3678 3672 6 0.20836973190307617 0.0021533966064453125 0.21052312850952148 616
3684 3678 6 0.19999456405639648 0.010162353515625 0.21015691757202148 617
3690 3684 6 0.2021932601928711 0.002138376235961914 0.204331636428833 618
3696 3690 6 0.20185279846191406 0.002119302749633789 0.20397210121154785 619
3702 3696 6 0.2015390396118164 0.0024890899658203125 0.20402812957763672 620
3708 3702 6 0.20204591751098633 0.0034189224243164062 0.20546483993530273 621
3714 3708 6 0.19991374015808105 0.0017933845520019531 0.201707124710083 622
3721 3720 1 0.2019951343536377 0.0039708614349365234 0.20596599578857422 623
3727 3721 6 0.21049284934997559 0.0055997371673583984 0.21609258651733398 624
3734 3732 2 0.21030664443969727 0.0018706321716308594 0.21217727661132812 625
3740 3734 6 0.20962309837341309 0.0018613338470458984 0.21148443222045898 626
3746 3740 6 0.20116090774536133 0.0023956298828125 0.20355653762817383 627
3752 3746 6 0.20502281188964844 0.01250457763671875 0.2175273895263672 628
3759 3752 6 0.22977375984191895 0.0018529891967773438 0.2316267490386963 629
3765 3759 6 0.20352864265441895 0.0043256282806396484 0.2078542709350586 630
3771 3765 6 0.20190787315368652 0.001957416534423828 0.20386528968811035 631
3777 3771 6 0.19939613342285156 0.0018467903137207031 0.20124292373657227 632
3783 3777 6 0.20075035095214844 0.002337217330932617 0.20308756828308105 633
3789 3783 6 0.20234394073486328 0.001920461654663086 0.20426440238952637 634
3795 3789 6 0.20383954048156738 0.0027093887329101562 0.20654892921447754 635
3801 3795 6 0.20411324501037598 0.001844167709350586 0.20595741271972656 636
3807 3801 6 0.20190739631652832 0.0039119720458984375 0.20581936836242676 637
3813 3807 6 0.19756507873535156 0.0019152164459228516 0.19948029518127441 638
3818 3812 6 0.19813203811645508 0.0018334388732910156 0.1999654769897461 639
3824 3818 6 0.20061445236206055 0.001798868179321289 0.20241332054138184 640
3829 3823 6 0.19924688339233398 0.002154111862182617 0.2014009952545166 641
3835 3834 1 0.20055007934570312 0.0019605159759521484 0.20251059532165527 642
3841 3835 6 0.20000982284545898 0.0019185543060302734 0.20192837715148926 643
3847 3846 1 0.20519447326660156 0.0023126602172851562 0.20750713348388672 644
3853 3847 6 0.2069532871246338 0.004218578338623047 0.21117186546325684 645
3860 3858 2 0.20328116416931152 0.004662990570068359 0.20794415473937988 646
3866 3860 6 0.20642900466918945 0.001991748809814453 0.2084207534790039 647
3872 3866 6 0.20181488990783691 0.001955270767211914 0.20377016067504883 648
3878 3872 6 0.20400571823120117 0.002550840377807617 0.2065565586090088 649
3885 3883 2 0.20236754417419434 0.0019304752349853516 0.2042980194091797 650
3891 3885 6 0.20219683647155762 0.002244234085083008 0.20444107055664062 651
3897 3891 6 0.20026803016662598 0.0045278072357177734 0.20479583740234375 652
3903 3897 6 0.21354174613952637 0.009712696075439453 0.22325444221496582 653
3909 3903 6 0.2350614070892334 0.001955747604370117 0.23701715469360352 654
3916 3909 6 0.21029925346374512 0.001992464065551758 0.21229171752929688 655
3922 3921 1 0.20261573791503906 0.0019593238830566406 0.2045750617980957 656
3928 3922 6 0.20392632484436035 0.0018439292907714844 0.20577025413513184 657
3934 3933 1 0.20109868049621582 0.00240325927734375 0.20350193977355957 658
3940 3934 6 0.20454907417297363 0.002214193344116211 0.20676326751708984 659
3947 3946 1 0.20262956619262695 0.001928567886352539 0.2045581340789795 660
3953 3947 6 0.2041928768157959 0.0018970966339111328 0.20608997344970703 661
3959 3958 1 0.20769143104553223 0.0019876956939697266 0.20967912673950195 662
3965 3959 6 0.2115767002105713 0.0023369789123535156 0.2139136791229248 663
3972 3970 2 0.23171305656433105 0.012235164642333984 0.24394822120666504 664
3977 3971 6 0.24353766441345215 0.0317380428314209 0.27527570724487305 665
3984 3983 1 0.1989307403564453 0.011786937713623047 0.21071767807006836 666
3990 3984 6 0.22537612915039062 0.0020873546600341797 0.2274634838104248 667
3996 3995 1 0.1966557502746582 0.002109527587890625 0.19876527786254883 668
4000 3996 4 0.2154538631439209 0.0024805068969726562 0.21793437004089355 669
4006 4000 6 0.19998550415039062 0.010217905044555664 0.2102034091949463 670
4012 4006 6 0.22544550895690918 0.0020265579223632812 0.22747206687927246 671
4019 4018 1 0.2040865421295166 0.002185821533203125 0.20627236366271973 672
4025 4019 6 0.2117908000946045 0.014609575271606445 0.22640037536621094 673
4032 4030 1 0.22949886322021484 0.01292109489440918 0.24241995811462402 674
4038 4032 6 0.23560667037963867 0.006920814514160156 0.24252748489379883 675
4045 4038 6 0.24001789093017578 0.006474018096923828 0.2464919090270996 676
4051 4045 6 0.20935797691345215 0.0054967403411865234 0.21485471725463867 677
4057 4051 6 0.2070767879486084 0.0023517608642578125 0.2094285488128662 678
4063 4057 6 0.20154905319213867 0.005145072937011719 0.2066941261291504 679
4069 4063 6 0.2131350040435791 0.01890277862548828 0.23203778266906738 680
4075 4068 6 0.21678447723388672 0.004239797592163086 0.2210242748260498 681
4080 4073 6 0.21657013893127441 0.024092435836791992 0.2406625747680664 682
4086 4079 6 0.21826505661010742 0.007028818130493164 0.22529387474060059 683
4091 4085 6 0.22237110137939453 0.014216899871826172 0.2365880012512207 684
4096 4090 6 0.2835099697113037 0.013779163360595703 0.2972891330718994 685
4103 4102 1 0.22928905487060547 0.002461671829223633 0.2317507266998291 686
4109 4103 6 0.20719194412231445 0.013338804244995117 0.22053074836730957 687
4114 4108 6 0.23734760284423828 0.003987312316894531 0.2413349151611328 688
4120 4113 6 0.30054378509521484 0.01198267936706543 0.3125264644622803 689
4127 4126 1 0.2539067268371582 0.0020470619201660156 0.2559537887573242 690
4134 4128 6 0.21181035041809082 0.013263940811157227 0.22507429122924805 691
4141 4134 6 0.22897744178771973 0.021527528762817383 0.2505049705505371 692
4146 4140 6 0.2293837070465088 0.020320653915405273 0.24970436096191406 693
4151 4145 6 0.22938036918640137 0.020763158798217773 0.25014352798461914 694
4157 4151 6 0.2463691234588623 0.016749858856201172 0.2631189823150635 695
4162 4156 6 0.23546457290649414 0.0021491050720214844 0.23761367797851562 696
4168 4162 6 0.20846343040466309 0.022775888442993164 0.23123931884765625 697
4175 4168 6 0.2620370388031006 0.011612415313720703 0.2736494541168213 698
4182 4181 1 0.22731256484985352 0.02047419548034668 0.2477867603302002 699
4188 4182 5 0.24229216575622559 0.030215978622436523 0.2725081443786621 700
4193 4187 6 0.215195894241333 0.013068675994873047 0.22826457023620605 701
4199 4193 6 0.2043600082397461 0.002145051956176758 0.20650506019592285 702
4205 4199 6 0.20650172233581543 0.0027837753295898438 0.20928549766540527 703
4211 4205 6 0.20124483108520508 0.002373933792114258 0.20361876487731934 704
4217 4211 6 0.21269941329956055 0.015453100204467773 0.22815251350402832 705
4223 4217 6 0.227677583694458 0.013520240783691406 0.24119782447814941 706
4230 4228 2 0.24347829818725586 0.0022656917572021484 0.245743989944458 707
4236 4230 6 0.20154118537902832 0.002061128616333008 0.20360231399536133 708
4242 4236 6 0.20145606994628906 0.005292177200317383 0.20674824714660645 709
4248 4242 6 0.21404051780700684 0.015351057052612305 0.22939157485961914 710
4254 4248 6 0.232957124710083 0.011432647705078125 0.24438977241516113 711
4261 4255 6 0.2012629508972168 0.006018638610839844 0.20728158950805664 712
4267 4261 6 0.20310401916503906 0.0021295547485351562 0.20523357391357422 713
4274 4267 6 0.2022409439086914 0.0020384788513183594 0.20427942276000977 714
4280 4273 6 0.2130298614501953 0.006471395492553711 0.21950125694274902 715
4284 4278 6 0.22932934761047363 0.004212379455566406 0.23354172706604004 716
4289 4283 6 0.20344877243041992 0.002040863037109375 0.2054896354675293 717
4296 4289 6 0.2002098560333252 0.008915185928344727 0.20912504196166992 718
4301 4295 6 0.21694159507751465 0.014167070388793945 0.2311086654663086 719
4306 4300 6 0.24360203742980957 0.011669158935546875 0.25527119636535645 720
4312 4306 6 0.22079062461853027 0.012148618698120117 0.2329392433166504 721
4318 4311 6 0.21166110038757324 0.0063250064849853516 0.2179861068725586 722
4323 4317 5 0.21776318550109863 0.024335145950317383 0.24209833145141602 723
4329 4323 6 0.25586533546447754 0.013465642929077148 0.2693309783935547 724
4335 4329 6 0.2250196933746338 0.01906442642211914 0.24408411979675293 725
4342 4336 6 0.20948576927185059 0.023230552673339844 0.23271632194519043 726
4348 4342 6 0.2535381317138672 0.013201713562011719 0.2667398452758789 727
4354 4348 6 0.24372529983520508 0.003609895706176758 0.24733519554138184 728
4360 4354 6 0.23485302925109863 0.00402522087097168 0.2388782501220703 729
4366 4360 6 0.22783708572387695 0.015025138854980469 0.24286222457885742 730
4371 4365 6 0.21901702880859375 0.013648271560668945 0.2326653003692627 731
4376 4370 6 0.2550473213195801 0.03122115135192871 0.2862684726715088 732
4383 4377 6 0.24577689170837402 0.06432580947875977 0.3101027011871338 733
4390 4384 6 0.21564483642578125 0.019298791885375977 0.23494362831115723 734
4396 4390 6 0.22149372100830078 0.023024559020996094 0.24451828002929688 735
4401 4395 6 0.23718047142028809 0.008384227752685547 0.24556469917297363 736
4408 4401 6 0.26735877990722656 0.013632059097290039 0.2809908390045166 737
4413 4407 6 0.2648632526397705 0.013947248458862305 0.2788105010986328 738
4420 4413 6 0.23309016227722168 0.007740020751953125 0.2408301830291748 739
4425 4419 6 0.21105289459228516 0.013200044631958008 0.22425293922424316 740
4431 4425 6 0.21721434593200684 0.003233194351196289 0.22044754028320312 741
4436 4430 6 0.21752166748046875 0.001965761184692383 0.21948742866516113 742
4441 4435 6 0.20517468452453613 0.007082223892211914 0.21225690841674805 743
4446 4440 6 0.2781078815460205 0.009731292724609375 0.2878391742706299 744
4454 4451 2 0.24550151824951172 0.033864498138427734 0.27936601638793945 745
4460 4454 6 0.20839810371398926 0.005556583404541016 0.21395468711853027 746
4466 4460 6 0.24093365669250488 0.013605833053588867 0.25453948974609375 747
4472 4466 6 0.21866154670715332 0.008995294570922852 0.22765684127807617 748
4477 4471 6 0.22855854034423828 0.013155460357666016 0.2417140007019043 749
4482 4476 6 0.24969220161437988 0.008325815200805664 0.25801801681518555 750
4488 4482 6 0.2364799976348877 0.026902437210083008 0.2633824348449707 751
4496 4494 2 0.24120306968688965 0.02200174331665039 0.26320481300354004 752
4502 4496 6 0.23604893684387207 0.03822159767150879 0.27427053451538086 753
4509 4508 1 0.23247647285461426 0.03593730926513672 0.268413782119751 754
4515 4509 6 0.23050546646118164 0.013147115707397461 0.2436525821685791 755
4522 4521 1 0.24738025665283203 0.007536649703979492 0.2549169063568115 756
4528 4522 6 0.2171039581298828 0.02350020408630371 0.24060416221618652 757
4534 4532 2 0.21918439865112305 0.0065953731536865234 0.22577977180480957 758
4539 4533 6 0.20494604110717773 0.019669771194458008 0.22461581230163574 759
4544 4538 6 0.23559784889221191 0.007874727249145508 0.24347257614135742 760
4549 4543 6 0.24356698989868164 0.006407976150512695 0.24997496604919434 761
4555 4554 1 0.2179088592529297 0.013048410415649414 0.2309572696685791 762
4559 4555 4 0.24277520179748535 0.013901472091674805 0.25667667388916016 763
4566 4565 1 0.2707843780517578 0.011109590530395508 0.2818939685821533 764
4573 4567 6 0.2620117664337158 0.015839576721191406 0.2778513431549072 765
4580 4578 2 0.23691177368164062 0.007317543029785156 0.24422931671142578 766
4585 4579 6 0.22645926475524902 0.029652118682861328 0.25611138343811035 767
4591 4590 1 0.20844626426696777 0.009181022644042969 0.21762728691101074 768
4596 4591 5 0.23995637893676758 0.013144969940185547 0.2531013488769531 769
4602 4600 2 0.22998666763305664 0.020776748657226562 0.2507634162902832 770
4607 4601 6 0.20249366760253906 0.018569469451904297 0.22106313705444336 771
4613 4611 2 0.2354106903076172 0.012763261795043945 0.24817395210266113 772
4619 4613 6 0.26842474937438965 0.01844620704650879 0.28687095642089844 773
4626 4624 2 0.23453330993652344 0.009286165237426758 0.2438194751739502 774
4631 4625 6 0.24451494216918945 0.019134998321533203 0.26364994049072266 775
4638 4637 1 0.2569897174835205 0.013933181762695312 0.2709228992462158 776
4644 4638 6 0.23651719093322754 0.02778911590576172 0.26430630683898926 777
4651 4649 2 0.23472070693969727 0.022960662841796875 0.25768136978149414 778
4656 4650 6 0.24307799339294434 0.011461496353149414 0.25453948974609375 779
4663 4661 1 0.2580389976501465 0.00815725326538086 0.26619625091552734 780
4668 4662 6 0.25423502922058105 0.0064640045166015625 0.2606990337371826 781
4674 4673 1 0.2098984718322754 0.021348953247070312 0.2312474250793457 782
4680 4674 6 0.21636295318603516 0.009715795516967773 0.22607874870300293 783
4686 4679 6 0.24089741706848145 0.009596109390258789 0.25049352645874023 784
4692 4685 6 0.2039482593536377 0.02367424964904785 0.22762250900268555 785
4696 4690 6 0.2115015983581543 0.0061109066009521484 0.21761250495910645 786
4702 4696 6 0.22514820098876953 0.007504940032958984 0.23265314102172852 787
4707 4701 6 0.21941685676574707 0.013580560684204102 0.23299741744995117 788
4713 4707 6 0.20637726783752441 0.024998188018798828 0.23137545585632324 789
4719 4713 6 0.24022364616394043 0.02541637420654297 0.2656400203704834 790
4726 4719 6 0.21466779708862305 0.015799760818481445 0.2304675579071045 791
4731 4725 6 0.22603583335876465 0.0031638145446777344 0.22919964790344238 792
4736 4730 6 0.2549862861633301 0.008176565170288086 0.26316285133361816 793
4742 4736 6 0.22362995147705078 0.009853839874267578 0.23348379135131836 794
4747 4741 6 0.24326038360595703 0.01343226432800293 0.25669264793395996 795
4754 4752 2 0.2452833652496338 0.009466171264648438 0.2547495365142822 796
4761 4754 6 0.24859213829040527 0.012742280960083008 0.2613344192504883 797
4767 4766 1 0.23076915740966797 0.09223628044128418 0.32300543785095215 798
4774 4768 6 0.2232217788696289 0.013082504272460938 0.23630428314208984 799
4779 4773 6 0.2316746711730957 0.033339500427246094 0.2650141716003418 800
4786 4780 6 0.22815299034118652 0.024729013442993164 0.2528820037841797 801
4793 4787 6 0.22655224800109863 0.02805781364440918 0.2546100616455078 802
4799 4793 6 0.22828412055969238 0.017261981964111328 0.2455461025238037 803
4804 4798 6 0.23351836204528809 0.013245820999145508 0.2467641830444336 804
4811 4809 2 0.23503947257995605 0.006699800491333008 0.24173927307128906 805
4817 4811 6 0.21200299263000488 0.002346515655517578 0.21434950828552246 806
4817 4812 5 0.197906494140625 0.0019140243530273438 0.19982051849365234 807
4817 4813 4 0.1881091594696045 0.002010822296142578 0.19011998176574707 808
4817 4816 1 0.18589401245117188 0.001954317092895508 0.18784832954406738 809
stop segmentation node
stop segmentation node
