load checkpoint from http path: https://dl.cv.ethz.ch/bdd100k/sem_seg/models/deeplabv3+_r50-d8_769x769_40k_sem_seg_bdd100k.pth
'CLASSES' not found in meta, use dataset.CLASSES instead
'PALETTE' not found in meta, use dataset.PALETTE instead
timely function starting...
2 1 1 0.22528719902038574 0.003093242645263672 0.22838044166564941 1
91 90 1 0.1902005672454834 0.0025207996368408203 0.19272136688232422 2
97 91 6 0.18418455123901367 0.002234935760498047 0.18641948699951172 3
102 96 6 0.18424367904663086 0.002081632614135742 0.1863253116607666 4
108 102 6 0.19103050231933594 0.0020599365234375 0.19309043884277344 5
114 108 6 0.19873261451721191 0.010890007019042969 0.20962262153625488 6
119 113 6 0.19776415824890137 0.0019545555114746094 0.19971871376037598 7
125 119 6 0.18663501739501953 0.0021703243255615234 0.18880534172058105 8
131 125 6 0.18918848037719727 0.004513263702392578 0.19370174407958984 9
136 130 6 0.19158649444580078 0.0025818347930908203 0.1941683292388916 10
142 136 6 0.18740344047546387 0.002488374710083008 0.18989181518554688 11
148 142 6 0.19832491874694824 0.002190113067626953 0.2005150318145752 12
154 148 6 0.20116066932678223 0.007365226745605469 0.2085258960723877 13
160 154 6 0.1878812313079834 0.0031571388244628906 0.1910383701324463 14
165 159 6 0.1889019012451172 0.001873016357421875 0.19077491760253906 15
171 165 6 0.18610405921936035 0.0027742385864257812 0.18887829780578613 16
177 171 6 0.1862938404083252 0.0025169849395751953 0.1888108253479004 17
183 177 6 0.18610787391662598 0.0033130645751953125 0.1894209384918213 18
188 182 6 0.18529176712036133 0.002054929733276367 0.1873466968536377 19
194 192 2 0.18623805046081543 0.0020897388458251953 0.18832778930664062 20
199 193 6 0.20119380950927734 0.0070343017578125 0.20822811126708984 21
206 204 2 0.19198846817016602 0.003714323043823242 0.19570279121398926 22
212 206 6 0.18885183334350586 0.013487815856933594 0.20233964920043945 23
218 212 6 0.1827406883239746 0.0023720264434814453 0.18511271476745605 24
223 217 6 0.18567371368408203 0.002268075942993164 0.1879417896270752 25
228 222 6 0.18540740013122559 0.002371549606323242 0.18777894973754883 26
234 228 6 0.18521332740783691 0.0021321773529052734 0.1873455047607422 27
239 233 6 0.1865530014038086 0.0020918846130371094 0.1886448860168457 28
245 239 6 0.18550610542297363 0.002139568328857422 0.18764567375183105 29
251 245 6 0.18626999855041504 0.0018949508666992188 0.18816494941711426 30
256 250 6 0.18581485748291016 0.0019047260284423828 0.18771958351135254 31
261 255 6 0.2055966854095459 0.00798177719116211 0.213578462600708 32
267 261 6 0.23250579833984375 0.003879070281982422 0.23638486862182617 33
274 268 6 0.18690824508666992 0.0060689449310302734 0.1929771900177002 34
280 274 6 0.18865394592285156 0.0022525787353515625 0.19090652465820312 35
286 280 6 0.18457508087158203 0.00290679931640625 0.18748188018798828 36
291 285 6 0.18619680404663086 0.002040863037109375 0.18823766708374023 37
297 291 6 0.1856215000152588 0.002971172332763672 0.18859267234802246 38
302 296 6 0.1876220703125 0.0022704601287841797 0.18989253044128418 39
308 307 1 0.20030760765075684 0.0037279129028320312 0.20403552055358887 40
314 308 6 0.1959362030029297 0.004197835922241211 0.2001340389251709 41
319 313 6 0.1971907615661621 0.009268045425415039 0.20645880699157715 42
325 319 6 0.1895003318786621 0.002065896987915039 0.19156622886657715 43
331 325 6 0.1846296787261963 0.0020990371704101562 0.18672871589660645 44
336 330 6 0.1879415512084961 0.002584218978881836 0.19052577018737793 45
342 341 1 0.19070124626159668 0.0022296905517578125 0.1929309368133545 46
348 342 6 0.19143199920654297 0.0018465518951416016 0.19327855110168457 47
353 347 6 0.19297313690185547 0.0023717880249023438 0.1953449249267578 48
359 353 6 0.1931595802307129 0.012456893920898438 0.20561647415161133 49
365 359 6 0.2003931999206543 0.0034508705139160156 0.2038440704345703 50
371 365 6 0.1897296905517578 0.00330352783203125 0.19303321838378906 51
376 370 6 0.18781161308288574 0.0024094581604003906 0.19022107124328613 52
382 376 6 0.18884634971618652 0.0021317005157470703 0.1909780502319336 53
387 381 6 0.18794751167297363 0.0021615028381347656 0.1901090145111084 54
393 387 6 0.18915319442749023 0.002408742904663086 0.19156193733215332 55
398 392 6 0.19166111946105957 0.001983642578125 0.19364476203918457 56
404 403 1 0.19763803482055664 0.0021750926971435547 0.1998131275177002 57
410 404 6 0.1935732364654541 0.002015352249145508 0.1955885887145996 58
415 409 6 0.21152472496032715 0.008838891983032227 0.22036361694335938 59
422 415 6 0.190415620803833 0.007950305938720703 0.1983659267425537 60
428 426 2 0.18831253051757812 0.002002716064453125 0.19031524658203125 61
433 427 6 0.19190311431884766 0.004118919372558594 0.19602203369140625 62
438 432 6 0.1887798309326172 0.010313034057617188 0.19909286499023438 63
443 437 6 0.21940994262695312 0.006905078887939453 0.22631502151489258 64
449 442 6 0.24242663383483887 0.0074558258056640625 0.24988245964050293 65
454 448 6 0.1873643398284912 0.012274980545043945 0.19963932037353516 66
460 453 6 0.21732592582702637 0.018428325653076172 0.23575425148010254 67
465 459 6 0.1932048797607422 0.027047157287597656 0.22025203704833984 68
470 464 6 0.22370266914367676 0.009841680526733398 0.23354434967041016 69
475 469 6 0.2376866340637207 0.013054370880126953 0.25074100494384766 70
481 475 6 0.22364258766174316 0.010425329208374023 0.2340679168701172 71
486 480 6 0.2220134735107422 0.015285968780517578 0.23729944229125977 72
492 486 6 0.20723462104797363 0.014038324356079102 0.22127294540405273 73
498 492 6 0.2024824619293213 0.0025954246520996094 0.2050778865814209 74
504 498 6 0.199141263961792 0.003520965576171875 0.20266222953796387 75
509 503 6 0.20307064056396484 0.002251148223876953 0.2053217887878418 76
514 508 6 0.18725156784057617 0.002431154251098633 0.1896827220916748 77
519 513 6 0.1924915313720703 0.01059103012084961 0.20308256149291992 78
526 520 6 0.18733930587768555 0.00214385986328125 0.1894831657409668 79
532 526 6 0.19106245040893555 0.012928247451782227 0.20399069786071777 80
538 531 6 0.18701934814453125 0.0023856163024902344 0.18940496444702148 81
543 537 6 0.1922595500946045 0.013250112533569336 0.20550966262817383 82
548 542 6 0.20442867279052734 0.0022325515747070312 0.20666122436523438 83
554 553 1 0.19499683380126953 0.0026612281799316406 0.19765806198120117 84
560 554 5 0.2154231071472168 0.002775907516479492 0.2181990146636963 85
565 559 6 0.1863245964050293 0.0021779537200927734 0.18850255012512207 86
571 565 6 0.18766355514526367 0.002848386764526367 0.19051194190979004 87
576 570 6 0.1918778419494629 0.01882028579711914 0.21069812774658203 88
582 576 6 0.24428224563598633 0.023563861846923828 0.26784610748291016 89
589 583 6 0.21910858154296875 0.04362010955810547 0.2627286911010742 90
595 589 6 0.21648764610290527 0.00579524040222168 0.22228288650512695 91
600 594 6 0.1904735565185547 0.00465703010559082 0.1951305866241455 92
605 599 6 0.20359516143798828 0.001813650131225586 0.20540881156921387 93
610 604 6 0.22797226905822754 0.0039212703704833984 0.23189353942871094 94
616 610 6 0.2064962387084961 0.015573501586914062 0.22206974029541016 95
621 615 6 0.22539591789245605 0.013563156127929688 0.23895907402038574 96
628 627 1 0.22752761840820312 0.0041446685791015625 0.2316722869873047 97
634 628 6 0.2067091464996338 0.015430927276611328 0.22214007377624512 98
638 633 5 0.23085474967956543 0.014606475830078125 0.24546122550964355 99
644 638 6 0.19743061065673828 0.031172513961791992 0.22860312461853027 100
649 643 6 0.22601032257080078 0.012435197830200195 0.23844552040100098 101
655 649 6 0.2587625980377197 0.030017614364624023 0.28878021240234375 102
662 656 6 0.19769930839538574 0.01873779296875 0.21643710136413574 103
667 661 6 0.21000099182128906 0.003124237060546875 0.21312522888183594 104
671 666 5 0.2134075164794922 0.00348663330078125 0.21689414978027344 105
676 670 6 0.2019805908203125 0.035353899002075195 0.2373344898223877 106
681 675 6 0.20921564102172852 0.00991201400756836 0.21912765502929688 107
686 680 6 0.24969244003295898 0.015713930130004883 0.26540637016296387 108
693 691 2 0.2001190185546875 0.01475977897644043 0.21487879753112793 109
699 692 6 0.2260303497314453 0.013024568557739258 0.23905491828918457 110
705 704 1 0.21439623832702637 0.010313749313354492 0.22470998764038086 111
710 705 5 0.22815465927124023 0.013481378555297852 0.24163603782653809 112
716 715 1 0.18611907958984375 0.013695716857910156 0.1998147964477539 113
721 716 5 0.20572590827941895 0.00191497802734375 0.2076408863067627 114
728 726 2 0.19816827774047852 0.0019176006317138672 0.20008587837219238 115
734 727 6 0.19050908088684082 0.0028018951416015625 0.19331097602844238 116
739 738 1 0.20698332786560059 0.009159088134765625 0.2161424160003662 117
746 740 6 0.1938176155090332 0.01254892349243164 0.20636653900146484 118
752 746 6 0.18688392639160156 0.0025272369384765625 0.18941116333007812 119
757 751 6 0.19493484497070312 0.002849578857421875 0.197784423828125 120
763 762 1 0.19488120079040527 0.0020461082458496094 0.19692730903625488 121
769 763 6 0.18970513343811035 0.002275705337524414 0.19198083877563477 122
775 773 2 0.20235729217529297 0.0022096633911132812 0.20456695556640625 123
780 774 6 0.1967332363128662 0.012048006057739258 0.20878124237060547 124
787 785 2 0.19284892082214355 0.0020475387573242188 0.19489645957946777 125
792 786 6 0.20126843452453613 0.0025129318237304688 0.2037813663482666 126
799 797 2 0.19789481163024902 0.0022644996643066406 0.20015931129455566 127
804 798 6 0.18993639945983887 0.002132415771484375 0.19206881523132324 128
810 809 1 0.18952322006225586 0.0026166439056396484 0.1921398639678955 129
816 810 6 0.1898043155670166 0.0025589466094970703 0.19236326217651367 130
822 821 1 0.1911933422088623 0.002809286117553711 0.19400262832641602 131
828 822 6 0.19084525108337402 0.0024318695068359375 0.19327712059020996 132
834 832 2 0.19407963752746582 0.0023467540740966797 0.1964263916015625 133
840 833 6 0.20246672630310059 0.002099275588989258 0.20456600189208984 134
846 844 2 0.19343090057373047 0.007285594940185547 0.20071649551391602 135
852 846 6 0.19659066200256348 0.0029764175415039062 0.19956707954406738 136
858 852 6 0.19847750663757324 0.0021653175354003906 0.20064282417297363 137
864 858 6 0.26535558700561523 0.0020513534545898438 0.2674069404602051 138
872 871 1 0.19161772727966309 0.012326955795288086 0.20394468307495117 139
878 872 6 0.19282007217407227 0.0021622180938720703 0.19498229026794434 140
884 883 1 0.1924746036529541 0.0021872520446777344 0.19466185569763184 141
890 884 6 0.19636869430541992 0.0017654895782470703 0.198134183883667 142
896 895 1 0.18969011306762695 0.002076864242553711 0.19176697731018066 143
902 896 6 0.19294357299804688 0.002057790756225586 0.19500136375427246 144
908 907 1 0.19422674179077148 0.002119302749633789 0.19634604454040527 145
914 908 6 0.192718505859375 0.0020825862884521484 0.19480109214782715 146
920 919 1 0.1880793571472168 0.0019180774688720703 0.18999743461608887 147
925 920 5 0.1939563751220703 0.0018291473388671875 0.1957855224609375 148
931 930 1 0.1896970272064209 0.0017092227935791016 0.19140625 149
937 931 6 0.19187450408935547 0.0018324851989746094 0.19370698928833008 150
943 942 1 0.19685935974121094 0.004171609878540039 0.20103096961975098 151
949 943 6 0.1932206153869629 0.00681757926940918 0.20003819465637207 152
955 954 1 0.19122004508972168 0.0026128292083740234 0.1938328742980957 153
960 955 5 0.1958773136138916 0.0019240379333496094 0.1978013515472412 154
966 964 2 0.19829964637756348 0.0027136802673339844 0.20101332664489746 155
972 966 6 0.1939704418182373 0.0020949840545654297 0.19606542587280273 156
978 972 6 0.19374656677246094 0.012070894241333008 0.20581746101379395 157
984 978 6 0.1899583339691162 0.0036001205444335938 0.1935584545135498 158
990 984 6 0.19313812255859375 0.0032989978790283203 0.19643712043762207 159
995 989 6 0.19681954383850098 0.012706279754638672 0.20952582359313965 160
1002 1000 2 0.2045905590057373 0.002037525177001953 0.20662808418273926 161
1008 1001 6 0.18938279151916504 0.0019550323486328125 0.19133782386779785 162
1013 1007 6 0.1980133056640625 0.0025374889373779297 0.20055079460144043 163
1018 1012 6 0.19403362274169922 0.0018913745880126953 0.19592499732971191 164
1024 1018 6 0.20187854766845703 0.012642383575439453 0.21452093124389648 165
1029 1023 6 0.22581267356872559 0.010678529739379883 0.23649120330810547 166
1036 1034 2 0.19585418701171875 0.0020666122436523438 0.1979207992553711 167
1041 1035 6 0.1955876350402832 0.008023977279663086 0.2036116123199463 168
1047 1046 1 0.1920020580291748 0.002145528793334961 0.19414758682250977 169
1053 1047 6 0.19263362884521484 0.002105712890625 0.19473934173583984 170
1058 1052 6 0.18937253952026367 0.0016434192657470703 0.19101595878601074 171
1063 1057 6 0.1945481300354004 0.0023050308227539062 0.1968531608581543 172
1070 1068 2 0.19076323509216309 0.0017459392547607422 0.19250917434692383 173
1075 1069 6 0.19274234771728516 0.0022275447845458984 0.19496989250183105 174
1081 1080 1 0.2225041389465332 0.0025663375854492188 0.22507047653198242 175
1087 1081 6 0.2076890468597412 0.020534038543701172 0.22822308540344238 176
1094 1092 2 0.19367313385009766 0.006438732147216797 0.20011186599731445 177
1100 1094 6 0.1925497055053711 0.00196075439453125 0.19451045989990234 178
1106 1100 6 0.19127631187438965 0.008337020874023438 0.19961333274841309 179
1112 1106 6 0.18812942504882812 0.002167224884033203 0.19029664993286133 180
1117 1111 6 0.19161128997802734 0.0016815662384033203 0.19329285621643066 181
1122 1116 6 0.19115042686462402 0.0018439292907714844 0.1929943561553955 182
1128 1122 6 0.19050931930541992 0.0018367767333984375 0.19234609603881836 183
1134 1128 6 0.19820022583007812 0.001667022705078125 0.19986724853515625 184
1140 1134 6 0.2114088535308838 0.0016214847564697266 0.21303033828735352 185
1147 1141 6 0.20971012115478516 0.0070269107818603516 0.2167370319366455 186
1153 1147 6 0.1886136531829834 0.001800537109375 0.1904141902923584 187
1158 1152 6 0.19104480743408203 0.0016901493072509766 0.192734956741333 188
1164 1158 6 0.18918251991271973 0.0018451213836669922 0.19102764129638672 189
1170 1164 6 0.19133520126342773 0.0019364356994628906 0.19327163696289062 190
1176 1170 6 0.18983244895935059 0.001413106918334961 0.19124555587768555 191
1181 1175 6 0.19330930709838867 0.001844167709350586 0.19515347480773926 192
1187 1185 2 0.19342613220214844 0.0018362998962402344 0.19526243209838867 193
1193 1186 6 0.19439935684204102 0.001867532730102539 0.19626688957214355 194
1198 1192 6 0.19470763206481934 0.0020308494567871094 0.19673848152160645 195
1204 1197 6 0.20065951347351074 0.011013031005859375 0.21167254447937012 196
1210 1209 1 0.21586036682128906 0.0033338069915771484 0.2191941738128662 197
1216 1210 6 0.19026494026184082 0.0019714832305908203 0.19223642349243164 198
1222 1220 2 0.19175171852111816 0.0015628337860107422 0.1933145523071289 199
1227 1221 6 0.19741272926330566 0.0016334056854248047 0.19904613494873047 200
1234 1232 2 0.19132447242736816 0.002202272415161133 0.1935267448425293 201
1239 1233 6 0.19678664207458496 0.0019371509552001953 0.19872379302978516 202
1245 1244 1 0.19774699211120605 0.012729167938232422 0.21047616004943848 203
1251 1245 6 0.1947462558746338 0.013131141662597656 0.20787739753723145 204
1257 1256 1 0.19053292274475098 0.0017311573028564453 0.19226408004760742 205
1263 1257 5 0.19376230239868164 0.001878976821899414 0.19564127922058105 206
1269 1267 2 0.19979548454284668 0.0023665428161621094 0.2021620273590088 207
1275 1268 6 0.19790863990783691 0.0017731189727783203 0.19968175888061523 208
1280 1274 6 0.20143556594848633 0.01050567626953125 0.21194124221801758 209
1286 1280 6 0.19337844848632812 0.0016579627990722656 0.1950364112854004 210
1292 1286 6 0.1962296962738037 0.0016984939575195312 0.19792819023132324 211
1298 1292 6 0.19516658782958984 0.01094198226928711 0.20610857009887695 212
1305 1298 6 0.1933271884918213 0.001817464828491211 0.1951446533203125 213
1310 1304 6 0.204453706741333 0.005867958068847656 0.21032166481018066 214
1316 1310 6 0.19025230407714844 0.0031440258026123047 0.19339632987976074 215
1322 1316 6 0.1917405128479004 0.0022652149200439453 0.19400572776794434 216
1327 1321 6 0.19098305702209473 0.0017642974853515625 0.1927473545074463 217
1333 1327 6 0.1908705234527588 0.0016634464263916016 0.1925339698791504 218
1339 1332 6 0.20341277122497559 0.0016880035400390625 0.20510077476501465 219
1344 1338 6 0.19827556610107422 0.0017409324645996094 0.20001649856567383 220
1350 1344 6 0.19830727577209473 0.01339268684387207 0.2116999626159668 221
1356 1350 6 0.1992044448852539 0.010639429092407227 0.20984387397766113 222
1363 1356 6 0.20728778839111328 0.0016410350799560547 0.20892882347106934 223
1368 1362 6 0.1898036003112793 0.0033380985260009766 0.19314169883728027 224
1374 1367 6 0.19536256790161133 0.0019888877868652344 0.19735145568847656 225
1379 1373 6 0.1929759979248047 0.0018513202667236328 0.19482731819152832 226
1385 1379 6 0.1899123191833496 0.0023894309997558594 0.19230175018310547 227
1390 1384 6 0.19174480438232422 0.0017256736755371094 0.19347047805786133 228
1396 1390 6 0.18984246253967285 0.001569509506225586 0.19141197204589844 229
1401 1395 6 0.19286203384399414 0.0018644332885742188 0.19472646713256836 230
1406 1400 6 0.19434905052185059 0.0024750232696533203 0.1968240737915039 231
1412 1406 6 0.2187795639038086 0.0015664100646972656 0.22034597396850586 232
1418 1412 6 0.20045256614685059 0.012933492660522461 0.21338605880737305 233
1425 1419 6 0.19720125198364258 0.0015702247619628906 0.19877147674560547 234
1430 1424 6 0.19426274299621582 0.0017118453979492188 0.19597458839416504 235
1436 1430 6 0.20520901679992676 0.007562875747680664 0.21277189254760742 236
1441 1435 6 0.19293832778930664 0.0017943382263183594 0.194732666015625 237
1446 1440 6 0.1931304931640625 0.0020372867584228516 0.19516777992248535 238
1452 1446 6 0.19409704208374023 0.0017542839050292969 0.19585132598876953 239
1458 1452 6 0.19206881523132324 0.0018317699432373047 0.19390058517456055 240
1463 1457 6 0.19745850563049316 0.0019214153289794922 0.19937992095947266 241
1469 1468 1 0.20079874992370605 0.0015726089477539062 0.20237135887145996 242
1474 1469 5 0.19912242889404297 0.0016412734985351562 0.20076370239257812 243
1480 1479 1 0.2095656394958496 0.015099763870239258 0.22466540336608887 244
1487 1481 6 0.2217118740081787 0.016345977783203125 0.23805785179138184 245
1493 1487 6 0.19211387634277344 0.0018291473388671875 0.19394302368164062 246
1498 1492 6 0.19271183013916016 0.0022716522216796875 0.19498348236083984 247
1504 1497 6 0.19185161590576172 0.0017940998077392578 0.19364571571350098 248
1509 1503 6 0.20105910301208496 0.0017843246459960938 0.20284342765808105 249
1515 1509 6 0.19655323028564453 0.0018048286437988281 0.19835805892944336 250
1520 1514 6 0.1908550262451172 0.0017452239990234375 0.19260025024414062 251
1526 1524 2 0.19556546211242676 0.0019731521606445312 0.1975386142730713 252
1531 1525 6 0.19482183456420898 0.0016360282897949219 0.1964578628540039 253
1537 1535 2 0.2001330852508545 0.0027914047241210938 0.20292448997497559 254
1541 1536 5 0.20713162422180176 0.0020182132720947266 0.20914983749389648 255
1546 1540 6 0.1987442970275879 0.011404752731323242 0.21014904975891113 256
1552 1546 6 0.2138979434967041 0.00226593017578125 0.21616387367248535 257
1559 1558 1 0.1936779022216797 0.001873016357421875 0.19555091857910156 258
1564 1559 5 0.1986391544342041 0.0035173892974853516 0.20215654373168945 259
1570 1569 1 0.19141101837158203 0.0019681453704833984 0.19337916374206543 260
1576 1570 5 0.19502472877502441 0.010699272155761719 0.20572400093078613 261
1581 1575 6 0.19336485862731934 0.002107381820678711 0.19547224044799805 262
1587 1581 6 0.19065427780151367 0.013254165649414062 0.20390844345092773 263
1593 1586 6 0.19159412384033203 0.005063295364379883 0.19665741920471191 264
1598 1592 6 0.19113969802856445 0.002055644989013672 0.19319534301757812 265
1603 1597 6 0.19194865226745605 0.0018529891967773438 0.1938016414642334 266
1609 1603 6 0.18939423561096191 0.002625703811645508 0.19201993942260742 267
1614 1608 6 0.19751787185668945 0.0017342567443847656 0.19925212860107422 268
1620 1619 1 0.19994711875915527 0.005255937576293945 0.20520305633544922 269
1626 1620 5 0.20794296264648438 0.0018413066864013672 0.20978426933288574 270
1631 1625 6 0.1926712989807129 0.0019750595092773438 0.19464635848999023 271
1636 1630 6 0.1953258514404297 0.0017733573913574219 0.1970992088317871 272
1642 1641 1 0.19406700134277344 0.002154111862182617 0.19622111320495605 273
1648 1642 6 0.2032785415649414 0.013319969177246094 0.2165985107421875 274
1654 1652 2 0.21738481521606445 0.007174253463745117 0.22455906867980957 275
1659 1653 6 0.2012786865234375 0.002106189727783203 0.2033848762512207 276
1665 1660 5 0.19528841972351074 0.0022552013397216797 0.19754362106323242 277
1671 1664 6 0.19647979736328125 0.0023741722106933594 0.1988539695739746 278
1676 1670 6 0.19611477851867676 0.0020949840545654297 0.1982097625732422 279
1681 1674 6 0.19800090789794922 0.00177764892578125 0.19977855682373047 280
1686 1680 6 0.19326376914978027 0.0019905567169189453 0.19525432586669922 281
1691 1685 6 0.2049095630645752 0.0017354488372802734 0.20664501190185547 282
1696 1690 6 0.20177221298217773 0.0021240711212158203 0.20389628410339355 283
1701 1695 6 0.2263035774230957 0.001995086669921875 0.22829866409301758 284
1708 1707 1 0.21555209159851074 0.01504969596862793 0.23060178756713867 285
1714 1708 6 0.19825959205627441 0.0018777847290039062 0.20013737678527832 286
1720 1713 6 0.1921672821044922 0.002033710479736328 0.19420099258422852 287
1725 1718 6 0.19643044471740723 0.0017206668853759766 0.1981511116027832 288
1730 1724 6 0.20045924186706543 0.0026137828826904297 0.20307302474975586 289
1735 1729 6 0.20636916160583496 0.0017800331115722656 0.20814919471740723 290
1741 1735 6 0.19337940216064453 0.001971721649169922 0.19535112380981445 291
1746 1740 6 0.19504404067993164 0.001687765121459961 0.1967318058013916 292
1751 1745 6 0.19364500045776367 0.0025696754455566406 0.1962146759033203 293
1756 1750 6 0.1959829330444336 0.0021512508392333984 0.198134183883667 294
1761 1755 6 0.22029900550842285 0.00205230712890625 0.2223513126373291 295
1768 1762 6 0.22144770622253418 0.002185344696044922 0.2236330509185791 296
1774 1768 6 0.19890904426574707 0.0060825347900390625 0.20499157905578613 297
1780 1774 6 0.19371986389160156 0.002199888229370117 0.19591975212097168 298
1786 1780 6 0.19292449951171875 0.002039194107055664 0.19496369361877441 299
1791 1785 6 0.2117326259613037 0.003098726272583008 0.21483135223388672 300
1797 1796 1 0.20757460594177246 0.0020313262939453125 0.20960593223571777 301
1803 1797 6 0.19589781761169434 0.0017588138580322266 0.19765663146972656 302
1808 1802 6 0.19369101524353027 0.0023818016052246094 0.19607281684875488 303
1814 1808 6 0.19515419006347656 0.0015726089477539062 0.19672679901123047 304
1820 1813 6 0.196091890335083 0.0018248558044433594 0.19791674613952637 305
1824 1818 6 0.1976923942565918 0.0020046234130859375 0.19969701766967773 306
1829 1823 6 0.22710299491882324 0.0019392967224121094 0.22904229164123535 307
1835 1828 6 0.22112274169921875 0.002286195755004883 0.22340893745422363 308
1840 1834 6 0.2110297679901123 0.0017769336700439453 0.21280670166015625 309
1846 1839 6 0.20468664169311523 0.0027680397033691406 0.20745468139648438 310
1852 1845 6 0.24332976341247559 0.01361703872680664 0.2569468021392822 311
1858 1852 6 0.20744705200195312 0.01221323013305664 0.21966028213500977 312
1863 1857 6 0.19550037384033203 0.0023927688598632812 0.1978931427001953 313
1869 1863 6 0.19046425819396973 0.0018944740295410156 0.19235873222351074 314
1874 1868 6 0.1964552402496338 0.0022025108337402344 0.19865775108337402 315
1880 1879 1 0.19028878211975098 0.0019176006317138672 0.19220638275146484 316
1885 1880 5 0.19324612617492676 0.0017724037170410156 0.19501852989196777 317
1891 1884 6 0.2004837989807129 0.0023431777954101562 0.20282697677612305 318
1896 1890 6 0.20397663116455078 0.008875608444213867 0.21285223960876465 319
1902 1896 6 0.20941996574401855 0.006308555603027344 0.2157285213470459 320
1907 1901 6 0.22211885452270508 0.010892629623413086 0.23301148414611816 321
1913 1911 2 0.22263669967651367 0.0024819374084472656 0.22511863708496094 322
1918 1912 6 0.19934797286987305 0.0032231807708740234 0.20257115364074707 323
1923 1917 6 0.19315505027770996 0.003288745880126953 0.19644379615783691 324
1928 1922 6 0.20581793785095215 0.0019011497497558594 0.207719087600708 325
1934 1932 2 0.22312617301940918 0.0017962455749511719 0.22492241859436035 326
1940 1933 6 0.20205450057983398 0.018586397171020508 0.2206408977508545 327
1945 1944 1 0.21436572074890137 0.003194570541381836 0.2175602912902832 328
1950 1945 5 0.19621872901916504 0.0017712116241455078 0.19798994064331055 329
1955 1949 6 0.19303226470947266 0.00749969482421875 0.2005319595336914 330
1960 1954 6 0.20609569549560547 0.002366304397583008 0.20846199989318848 331
1966 1960 6 0.19507217407226562 0.0019981861114501953 0.19707036018371582 332
1971 1965 6 0.19446086883544922 0.002252817153930664 0.19671368598937988 333
1977 1976 1 0.191025972366333 0.0019538402557373047 0.1929798126220703 334
1982 1977 5 0.19678544998168945 0.001842498779296875 0.19862794876098633 335
1987 1981 6 0.19428467750549316 0.0022003650665283203 0.19648504257202148 336
1993 1987 6 0.19396185874938965 0.013339996337890625 0.20730185508728027 337
1999 1993 6 0.2174837589263916 0.00243377685546875 0.21991753578186035 338
2005 1999 6 0.19593143463134766 0.002145528793334961 0.19807696342468262 339
2010 2004 6 0.20996427536010742 0.002640962600708008 0.21260523796081543 340
2015 2009 6 0.19727706909179688 0.0035245418548583984 0.20080161094665527 341
2019 2013 6 0.2227611541748047 0.002082347869873047 0.22484350204467773 342
2026 2025 1 0.20410561561584473 0.0035669803619384766 0.2076725959777832 343
2032 2026 6 0.23714137077331543 0.012966394424438477 0.2501077651977539 344
2039 2037 2 0.20949912071228027 0.013544797897338867 0.22304391860961914 345
2044 2038 6 0.20983076095581055 0.0030825138092041016 0.21291327476501465 346
2049 2043 6 0.21584057807922363 0.014908075332641602 0.23074865341186523 347
2055 2049 6 0.19937562942504883 0.0019412040710449219 0.20131683349609375 348
2061 2055 6 0.22170209884643555 0.010411500930786133 0.23211359977722168 349
2068 2062 6 0.1942439079284668 0.0017824172973632812 0.19602632522583008 350
2073 2067 6 0.23125410079956055 0.013867855072021484 0.24512195587158203 351
2079 2073 6 0.1976606845855713 0.004049062728881836 0.20170974731445312 352
2084 2078 6 0.22342443466186523 0.01655411720275879 0.23997855186462402 353
2090 2084 6 0.20899176597595215 0.0023915767669677734 0.21138334274291992 354
2095 2089 6 0.20198416709899902 0.0021414756774902344 0.20412564277648926 355
2101 2100 1 0.21000123023986816 0.0021164417266845703 0.21211767196655273 356
2106 2101 5 0.21275067329406738 0.001857757568359375 0.21460843086242676 357
2112 2110 2 0.201979398727417 0.015388965606689453 0.21736836433410645 358
2116 2111 5 0.28023576736450195 0.01190638542175293 0.2921421527862549 359
2124 2122 2 0.23529267311096191 0.013326406478881836 0.24861907958984375 360
2129 2123 6 0.22335243225097656 0.005961894989013672 0.22931432723999023 361
2135 2134 1 0.2063755989074707 0.0035142898559570312 0.20988988876342773 362
2140 2135 5 0.203080415725708 0.031096935272216797 0.2341773509979248 363
2146 2144 2 0.24965715408325195 0.004457950592041016 0.25411510467529297 364
2152 2145 6 0.21697163581848145 0.015501260757446289 0.23247289657592773 365
2156 2150 6 0.21549654006958008 0.0035293102264404297 0.2190258502960205 366
2161 2155 6 0.19755339622497559 0.0018155574798583984 0.19936895370483398 367
2167 2166 1 0.19152164459228516 0.0041539669036865234 0.19567561149597168 368
2172 2167 5 0.21362924575805664 0.004346609115600586 0.21797585487365723 369
2178 2177 1 0.2391188144683838 0.0021772384643554688 0.24129605293273926 370
2185 2178 6 0.20213818550109863 0.0023314952850341797 0.2044696807861328 371
2190 2184 6 0.22381234169006348 0.013219833374023438 0.23703217506408691 372
2197 2191 6 0.2075495719909668 0.0061342716217041016 0.2136838436126709 373
2203 2197 6 0.19355249404907227 0.003131866455078125 0.1966843605041504 374
2208 2202 6 0.20478558540344238 0.015682220458984375 0.22046780586242676 375
2214 2208 6 0.2180466651916504 0.008085250854492188 0.22613191604614258 376
2219 2213 6 0.2117927074432373 0.010166406631469727 0.22195911407470703 377
2225 2219 6 0.2053074836730957 0.024034500122070312 0.22934198379516602 378
2230 2224 6 0.20075511932373047 0.001967191696166992 0.20272231101989746 379
2235 2229 6 0.19549107551574707 0.002758502960205078 0.19824957847595215 380
2240 2234 6 0.19092750549316406 0.002341032028198242 0.1932685375213623 381
2246 2240 6 0.19646787643432617 0.012124776840209961 0.20859265327453613 382
2252 2246 6 0.20077157020568848 0.005822181701660156 0.20659375190734863 383
2259 2257 2 0.19946622848510742 0.0018084049224853516 0.20127463340759277 384
2265 2258 6 0.1948091983795166 0.0016102790832519531 0.19641947746276855 385
2270 2264 6 0.1914386749267578 0.019765615463256836 0.21120429039001465 386
2275 2269 6 0.20596814155578613 0.005353212356567383 0.21132135391235352 387
2281 2279 2 0.1928858757019043 0.0016908645629882812 0.19457674026489258 388
2286 2280 6 0.19505834579467773 0.006443023681640625 0.20150136947631836 389
2291 2285 6 0.20624661445617676 0.001798391342163086 0.20804500579833984 390
2297 2291 6 0.19209718704223633 0.015897512435913086 0.20799469947814941 391
2301 2296 5 0.2162771224975586 0.011512041091918945 0.22778916358947754 392
2306 2300 6 0.21410679817199707 0.016972064971923828 0.2310788631439209 393
2312 2306 6 0.20093321800231934 0.0019137859344482422 0.20284700393676758 394
2317 2311 6 0.19443154335021973 0.0018088817596435547 0.19624042510986328 395
2323 2322 1 0.19282269477844238 0.0018000602722167969 0.19462275505065918 396
2329 2323 5 0.19653916358947754 0.0015330314636230469 0.19807219505310059 397
2334 2328 6 0.19341540336608887 0.0016407966613769531 0.19505620002746582 398
2339 2333 6 0.19804954528808594 0.006201982498168945 0.20425152778625488 399
2345 2344 1 0.20442438125610352 0.0016796588897705078 0.20610404014587402 400
2351 2345 6 0.2048327922821045 0.004348039627075195 0.2091808319091797 401
2357 2356 1 0.19764089584350586 0.002045154571533203 0.19968605041503906 402
2363 2357 6 0.20714664459228516 0.005200386047363281 0.21234703063964844 403
2368 2362 6 0.19457268714904785 0.0016736984252929688 0.19624638557434082 404
2374 2367 6 0.1953136920928955 0.0017383098602294922 0.197052001953125 405
2379 2378 1 0.19564080238342285 0.0019617080688476562 0.1976025104522705 406
2385 2379 6 0.19433236122131348 0.0019063949584960938 0.19623875617980957 407
2390 2384 6 0.21112394332885742 0.001928091049194336 0.21305203437805176 408
2396 2390 6 0.21532893180847168 0.0022554397583007812 0.21758437156677246 409
2402 2396 6 0.204268217086792 0.00670933723449707 0.21097755432128906 410
2408 2402 6 0.19815611839294434 0.0017685890197753906 0.19992470741271973 411
2413 2407 6 0.21588492393493652 0.001775979995727539 0.21766090393066406 412
2420 2413 6 0.20101642608642578 0.002239227294921875 0.20325565338134766 413
2425 2419 6 0.19464850425720215 0.0015473365783691406 0.1961958408355713 414
2431 2425 6 0.196014404296875 0.001667022705078125 0.19768142700195312 415
2437 2431 6 0.1939091682434082 0.0014967918395996094 0.1954059600830078 416
2443 2437 6 0.19157910346984863 0.0016412734985351562 0.1932203769683838 417
2449 2443 6 0.19511723518371582 0.0014925003051757812 0.1966097354888916 418
2455 2449 6 0.19291186332702637 0.0017685890197753906 0.19468045234680176 419
2460 2454 6 0.22792291641235352 0.0015692710876464844 0.2294921875 420
2466 2465 1 0.20455193519592285 0.0016412734985351562 0.206193208694458 421
2472 2466 6 0.21200346946716309 0.0015711784362792969 0.21357464790344238 422
2479 2477 1 0.19842910766601562 0.0016932487487792969 0.20012235641479492 423
2485 2478 6 0.1985785961151123 0.0035715103149414062 0.2021501064300537 424
2491 2489 2 0.19791412353515625 0.0019268989562988281 0.19984102249145508 425
2497 2491 6 0.19496798515319824 0.002418994903564453 0.1973869800567627 426
2503 2497 6 0.19386625289916992 0.002108335494995117 0.19597458839416504 427
2509 2503 6 0.19310998916625977 0.0028717517852783203 0.19598174095153809 428
2515 2509 6 0.19431734085083008 0.0019228458404541016 0.19624018669128418 429
2521 2515 6 0.19554948806762695 0.0020487308502197266 0.19759821891784668 430
2527 2521 6 0.20288348197937012 0.004160881042480469 0.20704436302185059 431
2533 2527 6 0.1927626132965088 0.0014615058898925781 0.19422411918640137 432
2539 2533 6 0.19558167457580566 0.001590728759765625 0.1971724033355713 433
2545 2539 6 0.19283318519592285 0.001657247543334961 0.1944904327392578 434
2551 2544 6 0.1989731788635254 0.0018486976623535156 0.2008218765258789 435
2557 2550 6 0.1997222900390625 0.0018956661224365234 0.20161795616149902 436
2562 2556 6 0.1974031925201416 0.002198934555053711 0.1996021270751953 437
2568 2562 6 0.20044827461242676 0.0017914772033691406 0.2022397518157959 438
2574 2568 6 0.21300864219665527 0.0021636486053466797 0.21517229080200195 439
2580 2574 6 0.20256733894348145 0.022654056549072266 0.2252213954925537 440
2587 2581 6 0.20505809783935547 0.007783651351928711 0.21284174919128418 441
2593 2587 6 0.20263957977294922 0.013418197631835938 0.21605777740478516 442
2599 2593 6 0.20847511291503906 0.0015709400177001953 0.21004605293273926 443
2605 2599 6 0.19492554664611816 0.0012502670288085938 0.19617581367492676 444
2611 2605 6 0.19540619850158691 0.0018513202667236328 0.19725751876831055 445
2617 2611 6 0.1936943531036377 0.0013816356658935547 0.19507598876953125 446
2622 2616 5 0.1980733871459961 0.0013768672943115234 0.19945025444030762 447
2628 2626 2 0.19707155227661133 0.0017323493957519531 0.19880390167236328 448
2634 2627 6 0.19768333435058594 0.001627206802368164 0.1993105411529541 449
2640 2638 2 0.19745588302612305 0.01279592514038086 0.2102518081665039 450
2646 2640 6 0.1967167854309082 0.0015327930450439453 0.19824957847595215 451
2652 2646 6 0.19298672676086426 0.0018923282623291016 0.19487905502319336 452
2657 2651 6 0.19476604461669922 0.0014646053314208984 0.19623064994812012 453
2662 2656 6 0.19494247436523438 0.0015060901641845703 0.19644856452941895 454
2668 2662 6 0.19342374801635742 0.001607656478881836 0.19503140449523926 455
2674 2668 6 0.19462251663208008 0.0019545555114746094 0.1965770721435547 456
2680 2674 6 0.19786477088928223 0.0017075538635253906 0.19957232475280762 457
2685 2679 5 0.2154080867767334 0.010519027709960938 0.22592711448669434 458
2690 2684 6 0.1992800235748291 0.00177764892578125 0.20105767250061035 459
2696 2690 6 0.21060514450073242 0.0016565322875976562 0.21226167678833008 460
2702 2696 6 0.2111070156097412 0.0022628307342529297 0.21336984634399414 461
2708 2702 6 0.1960458755493164 0.001384735107421875 0.19743061065673828 462
2714 2708 6 0.20287060737609863 0.0020465850830078125 0.20491719245910645 463
2720 2714 6 0.19398117065429688 0.012639999389648438 0.2066211700439453 464
2725 2719 6 0.20234894752502441 0.0016832351684570312 0.20403218269348145 465
2731 2725 6 0.19364619255065918 0.001653432846069336 0.19529962539672852 466
2737 2731 6 0.19402217864990234 0.01397848129272461 0.20800065994262695 467
2743 2736 6 0.19861555099487305 0.0018010139465332031 0.20041656494140625 468
2748 2742 6 0.1952073574066162 0.002079486846923828 0.19728684425354004 469
2754 2748 6 0.20230698585510254 0.0023851394653320312 0.20469212532043457 470
2759 2753 6 0.24315309524536133 0.0035271644592285156 0.24668025970458984 471
2766 2765 1 0.19342303276062012 0.0022945404052734375 0.19571757316589355 472
2772 2766 6 0.20192360877990723 0.017354249954223633 0.21927785873413086 473
2778 2777 1 0.20984864234924316 0.002042055130004883 0.21189069747924805 474
2784 2778 6 0.2076253890991211 0.00183868408203125 0.20946407318115234 475
2790 2788 2 0.20402216911315918 0.008280515670776367 0.21230268478393555 476
2796 2790 6 0.2020397186279297 0.022559404373168945 0.22459912300109863 477
2802 2796 6 0.24304986000061035 0.0018301010131835938 0.24487996101379395 478
2808 2802 6 0.19307184219360352 0.006036520004272461 0.19910836219787598 479
2813 2807 6 0.20102810859680176 0.0058307647705078125 0.20685887336730957 480
2818 2812 6 0.22727274894714355 0.006899118423461914 0.23417186737060547 481
2823 2817 6 0.20485568046569824 0.013418197631835938 0.21827387809753418 482
2828 2822 6 0.2021486759185791 0.0016617774963378906 0.203810453414917 483
2833 2827 6 0.19585418701171875 0.0015611648559570312 0.19741535186767578 484
2839 2833 6 0.19680261611938477 0.002176523208618164 0.19897913932800293 485
2845 2839 6 0.1931750774383545 0.0016703605651855469 0.19484543800354004 486
2851 2845 6 0.19468235969543457 0.00640559196472168 0.20108795166015625 487
2857 2851 6 0.19344854354858398 0.0017147064208984375 0.19516324996948242 488
2863 2857 6 0.20239019393920898 0.0014107227325439453 0.20380091667175293 489
2870 2864 6 0.19454479217529297 0.004454135894775391 0.19899892807006836 490
2876 2870 6 0.195098876953125 0.002187490463256836 0.19728636741638184 491
2881 2875 6 0.19332456588745117 0.0024623870849609375 0.1957869529724121 492
2887 2881 6 0.19275856018066406 0.0016083717346191406 0.1943669319152832 493
2893 2887 6 0.19333910942077637 0.0015323162078857422 0.1948714256286621 494
2899 2893 6 0.19604182243347168 0.002271413803100586 0.19831323623657227 495
2905 2899 6 0.1957693099975586 0.0016241073608398438 0.19739341735839844 496
2911 2905 6 0.19493412971496582 0.0024361610412597656 0.19737029075622559 497
2915 2910 5 0.20209980010986328 0.004893302917480469 0.20699310302734375 498
2921 2920 1 0.1928422451019287 0.013010501861572266 0.20585274696350098 499
2926 2921 5 0.2414536476135254 0.02233147621154785 0.26378512382507324 500
2933 2932 1 0.19708800315856934 0.05361342430114746 0.2507014274597168 501
2940 2934 6 0.21123147010803223 0.013495683670043945 0.22472715377807617 502
2945 2939 6 0.2517123222351074 0.009153127670288086 0.2608654499053955 503
2953 2952 1 0.1944565773010254 0.015189886093139648 0.20964646339416504 504
2959 2953 6 0.20227456092834473 0.0020711421966552734 0.204345703125 505
2964 2958 6 0.21130609512329102 0.020108938217163086 0.2314150333404541 506
2969 2963 6 0.23338961601257324 0.004486560821533203 0.23787617683410645 507
2974 2968 6 0.20869779586791992 0.015157699584960938 0.22385549545288086 508
2980 2974 6 0.2041792869567871 0.021340131759643555 0.22551941871643066 509
2986 2980 6 0.2223503589630127 0.012784719467163086 0.23513507843017578 510
2992 2985 6 0.23943305015563965 0.006662845611572266 0.24609589576721191 511
2998 2991 6 0.21767234802246094 0.010075569152832031 0.22774791717529297 512
3002 2996 5 0.19332337379455566 0.01277923583984375 0.20610260963439941 513
3007 3006 1 0.21754002571105957 0.012622594833374023 0.2301626205444336 514
3013 3007 5 0.2049260139465332 0.008320331573486328 0.21324634552001953 515
3018 3016 2 0.23006057739257812 0.008970975875854492 0.23903155326843262 516
3024 3018 6 0.21883797645568848 0.0022745132446289062 0.22111248970031738 517
3030 3024 6 0.21286916732788086 0.013583898544311523 0.22645306587219238 518
3035 3029 6 0.24100112915039062 0.009291410446166992 0.2502925395965576 519
3041 3039 2 0.21746468544006348 0.008055448532104492 0.22552013397216797 520
3046 3040 6 0.26079368591308594 0.008819580078125 0.26961326599121094 521
3053 3051 2 0.22128844261169434 0.014216423034667969 0.2355048656463623 522
3058 3052 6 0.22887754440307617 0.011968135833740234 0.2408456802368164 523
3064 3062 2 0.24086523056030273 0.013294458389282227 0.25415968894958496 524
3069 3063 6 0.24581003189086914 0.015367746353149414 0.26117777824401855 525
3075 3074 1 0.22901129722595215 0.009993314743041992 0.23900461196899414 526
3081 3075 6 0.2077956199645996 0.014653205871582031 0.22244882583618164 527
3086 3080 6 0.2227017879486084 0.012575864791870117 0.23527765274047852 528
3092 3085 6 0.20787334442138672 0.00873112678527832 0.21660447120666504 529
3097 3096 1 0.2408442497253418 0.004781961441040039 0.24562621116638184 530
3103 3097 6 0.20592188835144043 0.019656896591186523 0.22557878494262695 531
3110 3108 2 0.20579099655151367 0.0295102596282959 0.23530125617980957 532
3115 3109 6 0.2277073860168457 0.0025167465209960938 0.2302241325378418 533
3121 3120 1 0.22188782691955566 0.0068950653076171875 0.22878289222717285 534
3126 3121 5 0.2335195541381836 0.009260416030883789 0.24277997016906738 535
3132 3131 1 0.2305154800415039 0.007045745849609375 0.23756122589111328 536
3138 3132 6 0.22354340553283691 0.004902362823486328 0.22844576835632324 537
3144 3143 1 0.2220780849456787 0.0017583370208740234 0.22383642196655273 538
3150 3144 5 0.19361209869384766 0.011680126190185547 0.2052922248840332 539
3156 3155 1 0.2536003589630127 0.008062124252319336 0.26166248321533203 540
3163 3157 6 0.2279040813446045 0.034744977951049805 0.2626490592956543 541
3168 3162 6 0.21101069450378418 0.011347770690917969 0.22235846519470215 542
3174 3168 6 0.22999238967895508 0.012528181076049805 0.24252057075500488 543
3180 3174 6 0.22736096382141113 0.006020545959472656 0.2333815097808838 544
3186 3179 6 0.20035529136657715 0.0017364025115966797 0.20209169387817383 545
3191 3185 6 0.1932518482208252 0.0030307769775390625 0.19628262519836426 546
3196 3190 6 0.1947016716003418 0.0017542839050292969 0.1964559555053711 547
3202 3196 6 0.19673657417297363 0.0024971961975097656 0.1992337703704834 548
3208 3202 6 0.1957712173461914 0.0020072460174560547 0.19777846336364746 549
3215 3213 2 0.197920560836792 0.0018451213836669922 0.19976568222045898 550
3221 3215 6 0.19863629341125488 0.0016720294952392578 0.20030832290649414 551
3227 3221 6 0.20261168479919434 0.011512994766235352 0.2141246795654297 552
3232 3226 6 0.1979684829711914 0.0019404888153076172 0.19990897178649902 553
3238 3237 1 0.19415879249572754 0.0017497539520263672 0.1959085464477539 554
3244 3238 6 0.19643926620483398 0.0018887519836425781 0.19832801818847656 555
3251 3249 1 0.1966238021850586 0.0018782615661621094 0.1985020637512207 556
3257 3250 6 0.19781708717346191 0.002118349075317383 0.1999354362487793 557
3262 3261 1 0.218888521194458 0.0019288063049316406 0.22081732749938965 558
3267 3262 5 0.1981983184814453 0.0017495155334472656 0.19994783401489258 559
3274 3272 2 0.19806241989135742 0.0027387142181396484 0.20080113410949707 560
3279 3273 6 0.19973063468933105 0.002378225326538086 0.20210886001586914 561
3285 3284 1 0.21833157539367676 0.0028705596923828125 0.22120213508605957 562
3290 3285 5 0.19925785064697266 0.006056785583496094 0.20531463623046875 563
3296 3295 1 0.19779086112976074 0.002002239227294922 0.19979310035705566 564
3302 3296 5 0.20077109336853027 0.0020704269409179688 0.20284152030944824 565
3308 3307 1 0.25812816619873047 0.0019118785858154297 0.2600400447845459 566
3314 3308 6 0.20914101600646973 0.013407707214355469 0.2225487232208252 567
3320 3318 2 0.24535751342773438 0.006444215774536133 0.2518017292022705 568
3325 3319 6 0.24340105056762695 0.018088340759277344 0.2614893913269043 569
3331 3330 1 0.2295386791229248 0.0017919540405273438 0.23133063316345215 570
3337 3331 6 0.19841670989990234 0.006707906723022461 0.2051246166229248 571
3344 3343 1 0.19943714141845703 0.009783029556274414 0.20922017097473145 572
3350 3344 6 0.19729232788085938 0.0021958351135253906 0.19948816299438477 573
3355 3349 5 0.20047903060913086 0.0066754817962646484 0.2071545124053955 574
3360 3354 6 0.20682120323181152 0.0072116851806640625 0.21403288841247559 575
3364 3359 5 0.21021485328674316 0.009810447692871094 0.22002530097961426 576
3369 3363 6 0.21135473251342773 0.0179445743560791 0.22929930686950684 577
3376 3374 2 0.20639276504516602 0.010673999786376953 0.21706676483154297 578
3382 3376 6 0.19641852378845215 0.004539012908935547 0.2009575366973877 579
3387 3381 6 0.21483922004699707 0.01921391487121582 0.2340531349182129 580
3392 3386 6 0.20561766624450684 0.01120305061340332 0.21682071685791016 581
3399 3397 2 0.22891592979431152 0.005956172943115234 0.23487210273742676 582
3404 3398 6 0.27072787284851074 0.002024412155151367 0.2727522850036621 583
3411 3410 1 0.19734930992126465 0.0019745826721191406 0.1993238925933838 584
3416 3411 5 0.21469593048095703 0.0018439292907714844 0.21653985977172852 585
3422 3420 2 0.21241402626037598 0.001985788345336914 0.2143998146057129 586
3427 3421 6 0.22196102142333984 0.0018093585968017578 0.2237703800201416 587
3434 3432 2 0.21190619468688965 0.0026144981384277344 0.21452069282531738 588
3440 3434 6 0.22647833824157715 0.015173912048339844 0.241652250289917 589
3446 3440 6 0.2234327793121338 0.004793643951416016 0.2282264232635498 590
3451 3445 6 0.19683480262756348 0.013465404510498047 0.21030020713806152 591
3458 3456 2 0.1963207721710205 0.012848138809204102 0.2091689109802246 592
3463 3457 6 0.20217609405517578 0.009763240814208984 0.21193933486938477 593
3470 3468 2 0.19383811950683594 0.0025615692138671875 0.19639968872070312 594
3475 3469 6 0.20043349266052246 0.0017580986022949219 0.20219159126281738 595
3481 3480 1 0.19509005546569824 0.001661539077758789 0.19675159454345703 596
3487 3481 6 0.1999683380126953 0.001771688461303711 0.20174002647399902 597
3493 3492 1 0.19570350646972656 0.001848459243774414 0.19755196571350098 598
3499 3493 6 0.19832658767700195 0.007101774215698242 0.2054283618927002 599
3505 3504 1 0.20568418502807617 0.007409811019897461 0.21309399604797363 600
3511 3505 6 0.21886062622070312 0.0016286373138427734 0.2204892635345459 601
3517 3510 6 0.21826505661010742 0.007756233215332031 0.22602128982543945 602
3522 3516 6 0.1989588737487793 0.0021643638610839844 0.20112323760986328 603
3529 3527 2 0.2017219066619873 0.0019996166229248047 0.2037215232849121 604
3535 3529 6 0.19574809074401855 0.0016460418701171875 0.19739413261413574 605
3541 3535 6 0.19521474838256836 0.0019316673278808594 0.19714641571044922 606
3546 3540 6 0.19937944412231445 0.0018267631530761719 0.20120620727539062 607
3553 3551 1 0.20463299751281738 0.00402379035949707 0.20865678787231445 608
3559 3553 6 0.19669771194458008 0.0024619102478027344 0.1991596221923828 609
3565 3559 6 0.19675612449645996 0.001962900161743164 0.19871902465820312 610
3571 3565 6 0.1964871883392334 0.012343168258666992 0.2088303565979004 611
3578 3576 2 0.19949102401733398 0.005538463592529297 0.20502948760986328 612
3583 3577 6 0.2149796485900879 0.002093791961669922 0.2170734405517578 613
3590 3589 1 0.196274995803833 0.0026726722717285156 0.19894766807556152 614
3596 3590 6 0.19786953926086426 0.0030298233032226562 0.20089936256408691 615
3602 3601 1 0.198256254196167 0.0017468929290771484 0.20000314712524414 616
3608 3602 6 0.1980273723602295 0.003513336181640625 0.20154070854187012 617
3614 3613 1 0.21030974388122559 0.0018451213836669922 0.21215486526489258 618
3620 3614 6 0.20589423179626465 0.007990360260009766 0.21388459205627441 619
3627 3625 2 0.19727015495300293 0.002007722854614258 0.1992778778076172 620
3633 3627 6 0.1964426040649414 0.0019567012786865234 0.19839930534362793 621
3639 3633 6 0.19605278968811035 0.0021843910217285156 0.19823718070983887 622
3645 3639 6 0.19662070274353027 0.002972126007080078 0.19959282875061035 623
3650 3644 6 0.2132418155670166 0.0018913745880126953 0.2151331901550293 624
3656 3650 6 0.22125840187072754 0.0018477439880371094 0.22310614585876465 625
3663 3657 6 0.19539833068847656 0.002260446548461914 0.19765877723693848 626
3668 3662 6 0.19707655906677246 0.0020134449005126953 0.19909000396728516 627
3674 3673 1 0.20273399353027344 0.0020301342010498047 0.20476412773132324 628
3680 3674 6 0.2106318473815918 0.002119779586791992 0.2127516269683838 629
3686 3685 1 0.19931364059448242 0.009166717529296875 0.2084803581237793 630
3692 3686 6 0.2030491828918457 0.0033855438232421875 0.2064347267150879 631
3698 3697 1 0.20499134063720703 0.0021386146545410156 0.20712995529174805 632
3704 3698 6 0.2039775848388672 0.0018010139465332031 0.2057785987854004 633
3711 3709 2 0.19395232200622559 0.0022826194763183594 0.19623494148254395 634
3716 3710 6 0.19549274444580078 0.0028526782989501953 0.19834542274475098 635
3722 3721 1 0.19582509994506836 0.0018353462219238281 0.1976604461669922 636
3728 3722 6 0.20358800888061523 0.002088785171508789 0.20567679405212402 637
3734 3733 1 0.19712162017822266 0.0019562244415283203 0.19907784461975098 638
3740 3734 6 0.1958026885986328 0.0019037723541259766 0.1977064609527588 639
3746 3744 2 0.20000553131103516 0.0024290084838867188 0.20243453979492188 640
3752 3746 6 0.20330810546875 0.0019230842590332031 0.2052311897277832 641
3758 3752 6 0.21620583534240723 0.008544445037841797 0.22475028038024902 642
3764 3758 6 0.20726466178894043 0.010982990264892578 0.218247652053833 643
3771 3770 1 0.19455170631408691 0.0017130374908447266 0.19626474380493164 644
3776 3771 5 0.20362639427185059 0.001928091049194336 0.20555448532104492 645
3782 3781 1 0.1981339454650879 0.001962900161743164 0.20009684562683105 646
3788 3782 6 0.20086216926574707 0.0034949779510498047 0.20435714721679688 647
3794 3793 1 0.19617605209350586 0.0018873214721679688 0.19806337356567383 648
3800 3794 6 0.19964337348937988 0.002350330352783203 0.20199370384216309 649
3805 3799 6 0.2105388641357422 0.0019142627716064453 0.21245312690734863 650
3810 3804 6 0.21100568771362305 0.006062984466552734 0.21706867218017578 651
3816 3815 1 0.2131972312927246 0.0019114017486572266 0.21510863304138184 652
3821 3816 5 0.20944428443908691 0.002526521682739258 0.21197080612182617 653
3828 3826 1 0.1988520622253418 0.0019102096557617188 0.20076227188110352 654
3833 3827 6 0.21622705459594727 0.0018317699432373047 0.21805882453918457 655
3840 3838 2 0.20735645294189453 0.013073205947875977 0.2204296588897705 656
3845 3839 6 0.20728826522827148 0.006821155548095703 0.2141094207763672 657
3852 3850 2 0.1984114646911621 0.0019583702087402344 0.20036983489990234 658
3857 3851 6 0.19986963272094727 0.0019469261169433594 0.20181655883789062 659
3864 3862 2 0.19303512573242188 0.00183868408203125 0.19487380981445312 660
3869 3863 6 0.1974029541015625 0.0019791126251220703 0.19938206672668457 661
3875 3874 1 0.19423699378967285 0.001981496810913086 0.19621849060058594 662
3881 3875 6 0.19899320602416992 0.0019903182983398438 0.20098352432250977 663
3887 3886 1 0.1958920955657959 0.003274202346801758 0.19916629791259766 664
3893 3887 6 0.19701027870178223 0.002135753631591797 0.19914603233337402 665
3899 3898 1 0.20597219467163086 0.010845422744750977 0.21681761741638184 666
3905 3899 6 0.19857525825500488 0.02152419090270996 0.22009944915771484 667
3910 3904 6 0.21238207817077637 0.003645658493041992 0.21602773666381836 668
3917 3911 6 0.19497323036193848 0.002127408981323242 0.19710063934326172 669
3923 3917 6 0.19702410697937012 0.001857757568359375 0.1988818645477295 670
3929 3922 6 0.20389533042907715 0.0017995834350585938 0.20569491386413574 671
3935 3933 2 0.20256304740905762 0.0024802684783935547 0.20504331588745117 672
3941 3935 6 0.21650385856628418 0.002215147018432617 0.2187190055847168 673
3947 3941 6 0.1963787078857422 0.0021860599517822266 0.19856476783752441 674
3953 3947 6 0.1972942352294922 0.0017826557159423828 0.19907689094543457 675
3959 3953 6 0.19698119163513184 0.002034425735473633 0.19901561737060547 676
3965 3959 6 0.1957712173461914 0.0018229484558105469 0.19759416580200195 677
3971 3965 6 0.19573760032653809 0.012951135635375977 0.20868873596191406 678
3977 3971 6 0.20491337776184082 0.017723560333251953 0.22263693809509277 679
3982 3976 6 0.21588563919067383 0.002101898193359375 0.2179875373840332 680
3988 3982 6 0.19357085227966309 0.013504266738891602 0.2070751190185547 681
3993 3987 6 0.2119433879852295 0.009212493896484375 0.22115588188171387 682
3999 3997 2 0.2182750701904297 0.003812551498413086 0.22208762168884277 683
4004 3998 6 0.20236968994140625 0.003121614456176758 0.205491304397583 684
4010 4009 1 0.2238459587097168 0.007932424545288086 0.23177838325500488 685
4016 4010 6 0.2011420726776123 0.0019681453704833984 0.2031102180480957 686
4023 4021 2 0.1971607208251953 0.0018432140350341797 0.1990039348602295 687
4028 4022 6 0.21206903457641602 0.013141632080078125 0.22521066665649414 688
4034 4033 1 0.20169806480407715 0.013415336608886719 0.21511340141296387 689
4041 4034 6 0.23409366607666016 0.003123760223388672 0.23721742630004883 690
4046 4040 6 0.1973121166229248 0.002175569534301758 0.19948768615722656 691
4052 4046 6 0.196760892868042 0.0022974014282226562 0.19905829429626465 692
4058 4052 6 0.20247435569763184 0.0021636486053466797 0.20463800430297852 693
4064 4058 6 0.19876456260681152 0.0033409595489501953 0.20210552215576172 694
4070 4064 6 0.22186565399169922 0.00379180908203125 0.22565746307373047 695
4075 4069 6 0.21126413345336914 0.010293722152709961 0.2215578556060791 696
4080 4074 6 0.24208784103393555 0.013164758682250977 0.2552525997161865 697
4085 4079 6 0.22301006317138672 0.013586759567260742 0.23659682273864746 698
4091 4084 6 0.2671973705291748 0.0262296199798584 0.2934269905090332 699
4098 4091 6 0.25063204765319824 0.012528657913208008 0.26316070556640625 700
4103 4097 6 0.23038578033447266 0.011921882629394531 0.2423076629638672 701
4110 4109 1 0.19626784324645996 0.009186506271362305 0.20545434951782227 702
4116 4110 6 0.20926213264465332 0.033959388732910156 0.24322152137756348 703
4121 4115 6 0.20544695854187012 0.020041465759277344 0.22548842430114746 704
4126 4120 6 0.2309718132019043 0.002324342727661133 0.23329615592956543 705
4132 4130 2 0.20301294326782227 0.0017385482788085938 0.20475149154663086 706
4138 4131 6 0.21224045753479004 0.0017843246459960938 0.21402478218078613 707
4144 4137 6 0.22021770477294922 0.012571573257446289 0.2327892780303955 708
4149 4143 6 0.2225327491760254 0.023045778274536133 0.24557852745056152 709
4154 4148 6 0.23573970794677734 0.006814718246459961 0.2425544261932373 710
4160 4154 6 0.24778485298156738 0.0024383068084716797 0.25022315979003906 711
4165 4159 6 0.19834399223327637 0.00679469108581543 0.2051386833190918 712
4171 4165 6 0.21979570388793945 0.021264076232910156 0.2410597801208496 713
4178 4171 6 0.23160481452941895 0.015146255493164062 0.246751070022583 714
4184 4183 1 0.22028732299804688 0.013623952865600586 0.23391127586364746 715
4190 4184 6 0.24285244941711426 0.01087808609008789 0.25373053550720215 716
4196 4195 1 0.2285616397857666 0.006630659103393555 0.23519229888916016 717
4202 4196 6 0.20531034469604492 0.0021867752075195312 0.20749711990356445 718
4208 4207 1 0.2288367748260498 0.0023250579833984375 0.23116183280944824 719
4214 4208 6 0.20238161087036133 0.013271331787109375 0.2156529426574707 720
4220 4213 6 0.21524262428283691 0.01573944091796875 0.23098206520080566 721
4225 4219 6 0.23636817932128906 0.014731168746948242 0.2510993480682373 722
4231 4225 6 0.20517301559448242 0.01861715316772461 0.22379016876220703 723
4237 4231 6 0.20328545570373535 0.003253936767578125 0.20653939247131348 724
4243 4237 6 0.20136213302612305 0.013213634490966797 0.21457576751708984 725
4249 4243 6 0.20209860801696777 0.010267257690429688 0.21236586570739746 726
4254 4248 6 0.19644951820373535 0.0024476051330566406 0.198897123336792 727
4260 4253 6 0.20161724090576172 0.00226593017578125 0.20388317108154297 728
4265 4259 6 0.20728158950805664 0.009488105773925781 0.21676969528198242 729
4271 4265 6 0.1996755599975586 0.0024347305297851562 0.20211029052734375 730
4277 4271 6 0.2133326530456543 0.0021228790283203125 0.2154555320739746 731
4283 4277 6 0.21170759201049805 0.03062725067138672 0.24233484268188477 732
4289 4283 6 0.20015788078308105 0.0021631717681884766 0.20232105255126953 733
4295 4289 6 0.19680500030517578 0.003077983856201172 0.19988298416137695 734
4300 4294 6 0.21343350410461426 0.004034519195556641 0.2174680233001709 735
4305 4299 6 0.2071995735168457 0.006843090057373047 0.21404266357421875 736
4311 4304 6 0.23620080947875977 0.02717137336730957 0.26337218284606934 737
4316 4310 6 0.2225039005279541 0.013244152069091797 0.2357480525970459 738
4321 4315 6 0.21367383003234863 0.009362220764160156 0.2230360507965088 739
4327 4326 1 0.21194863319396973 0.013752937316894531 0.22570157051086426 740
4333 4327 6 0.23302054405212402 0.008454322814941406 0.24147486686706543 741
4340 4338 1 0.24126148223876953 0.023561477661132812 0.26482295989990234 742
4346 4340 6 0.25078344345092773 0.00771784782409668 0.2585012912750244 743
4352 4346 6 0.23673248291015625 0.013312101364135742 0.250044584274292 744
4357 4351 6 0.22977876663208008 0.0357663631439209 0.265545129776001 745
4363 4362 1 0.20926928520202637 0.013117790222167969 0.22238707542419434 746
4369 4363 6 0.24468731880187988 0.021485090255737305 0.2661724090576172 747
4375 4374 1 0.22717022895812988 0.012252569198608398 0.23942279815673828 748
4381 4375 6 0.20918989181518555 0.00392913818359375 0.2131190299987793 749
4386 4380 6 0.21159076690673828 0.021238088607788086 0.23282885551452637 750
4392 4385 6 0.22124361991882324 0.0023221969604492188 0.22356581687927246 751
4397 4391 6 0.21631479263305664 0.01361536979675293 0.22993016242980957 752
4403 4396 6 0.20254945755004883 0.008182764053344727 0.21073222160339355 753
4408 4402 6 0.24059462547302246 0.009196043014526367 0.24979066848754883 754
4413 4407 6 0.21804046630859375 0.02726602554321289 0.24530649185180664 755
4418 4412 6 0.21704339981079102 0.00858926773071289 0.2256326675415039 756
4424 4418 6 0.20788860321044922 0.03281712532043457 0.2407057285308838 757
4429 4423 6 0.22728824615478516 0.013736248016357422 0.24102449417114258 758
4435 4429 6 0.23773407936096191 0.038510799407958984 0.2762448787689209 759
4442 4436 6 0.22239184379577637 0.005649089813232422 0.2280409336090088 760
4448 4442 6 0.23783159255981445 0.005026578903198242 0.2428581714630127 761
4453 4447 6 0.23712635040283203 0.020599842071533203 0.25772619247436523 762
4459 4453 6 0.22718143463134766 0.009922027587890625 0.23710346221923828 763
4465 4459 6 0.20719122886657715 0.01630997657775879 0.22350120544433594 764
4471 4465 6 0.20644474029541016 0.0022335052490234375 0.2086782455444336 765
4476 4470 6 0.22841906547546387 0.013218402862548828 0.2416374683380127 766
4482 4476 6 0.20906877517700195 0.013452529907226562 0.22252130508422852 767
4487 4481 6 0.21182990074157715 0.004980325698852539 0.2168102264404297 768
4493 4487 6 0.22112369537353516 0.014603376388549805 0.23572707176208496 769
4499 4493 6 0.25548219680786133 0.01093435287475586 0.2664165496826172 770
4506 4504 2 0.26645684242248535 0.01715397834777832 0.28361082077026367 771
4513 4507 6 0.25087404251098633 0.03028392791748047 0.2811579704284668 772
4520 4514 6 0.22147274017333984 0.013306140899658203 0.23477888107299805 773
4526 4520 6 0.2152559757232666 0.009799003601074219 0.22505497932434082 774
4532 4526 6 0.2278757095336914 0.014211893081665039 0.24208760261535645 775
4538 4532 6 0.21272802352905273 0.01791691780090332 0.23064494132995605 776
4543 4537 6 0.20954656600952148 0.011153459548950195 0.22070002555847168 777
4548 4542 6 0.20581746101379395 0.01724386215209961 0.22306132316589355 778
4554 4548 6 0.21077966690063477 0.0022809505462646484 0.21306061744689941 779
4559 4553 6 0.24938058853149414 0.00799703598022461 0.25737762451171875 780
4565 4564 1 0.24209976196289062 0.013486862182617188 0.2555866241455078 781
4571 4565 6 0.21582818031311035 0.030413389205932617 0.24624156951904297 782
4576 4570 6 0.2511007785797119 0.012153863906860352 0.26325464248657227 783
4583 4576 6 0.22902798652648926 0.015073537826538086 0.24410152435302734 784
4588 4582 6 0.21947717666625977 0.008487701416015625 0.2279648780822754 785
4594 4588 6 0.24342846870422363 0.02771449089050293 0.27114295959472656 786
4601 4599 2 0.22829818725585938 0.013095378875732422 0.2413935661315918 787
4606 4600 6 0.22957301139831543 0.012726545333862305 0.24229955673217773 788
4612 4610 2 0.2776508331298828 0.02227187156677246 0.2999227046966553 789
4618 4612 6 0.20902204513549805 0.014279842376708984 0.22330188751220703 790
4623 4617 6 0.22626447677612305 0.005623579025268555 0.2318880558013916 791
4628 4622 6 0.2068626880645752 0.009887218475341797 0.216749906539917 792
4634 4628 6 0.24501967430114746 0.023446083068847656 0.2684657573699951 793
4639 4633 6 0.23143553733825684 0.0164186954498291 0.24785423278808594 794
4645 4644 1 0.21165084838867188 0.013552188873291016 0.2252030372619629 795
4651 4645 6 0.22727036476135254 0.009696483612060547 0.23696684837341309 796
4657 4656 1 0.22762537002563477 0.013128042221069336 0.2407534122467041 797
4663 4657 6 0.23305130004882812 0.013762950897216797 0.24681425094604492 798
4669 4667 2 0.21257591247558594 0.00742793083190918 0.22000384330749512 799
4674 4668 6 0.23369789123535156 0.008583307266235352 0.24228119850158691 800
4681 4679 1 0.20927691459655762 0.008972406387329102 0.21824932098388672 801
4686 4680 6 0.21540307998657227 0.01310276985168457 0.22850584983825684 802
4692 4691 1 0.2120509147644043 0.007402896881103516 0.2194538116455078 803
4697 4692 5 0.22394514083862305 0.007021903991699219 0.23096704483032227 804
4702 4696 6 0.21637248992919922 0.016806840896606445 0.23317933082580566 805
4706 4701 5 0.21437788009643555 0.011719942092895508 0.22609782218933105 806
4710 4704 6 0.21411848068237305 0.006460428237915039 0.22057890892028809 807
4716 4710 6 0.22586369514465332 0.013278722763061523 0.23914241790771484 808
4723 4716 6 0.23238301277160645 0.013166189193725586 0.24554920196533203 809
4729 4723 6 0.2098395824432373 0.019257307052612305 0.2290968894958496 810
4734 4728 6 0.2594165802001953 0.015097856521606445 0.27451443672180176 811
4740 4734 6 0.23056435585021973 0.00823211669921875 0.23879647254943848 812
4745 4739 6 0.26616954803466797 0.007752895355224609 0.2739224433898926 813
4751 4750 1 0.23994803428649902 0.004316568374633789 0.2442646026611328 814
4757 4751 6 0.2151949405670166 0.02792072296142578 0.24311566352844238 815
4762 4756 6 0.22757387161254883 0.02572488784790039 0.2532987594604492 816
4768 4762 6 0.2330770492553711 0.0065882205963134766 0.23966526985168457 817
4774 4768 6 0.2527496814727783 0.0072727203369140625 0.2600224018096924 818
4780 4774 6 0.2271740436553955 0.0069675445556640625 0.23414158821105957 819
4785 4779 6 0.20267748832702637 0.02659010887145996 0.22926759719848633 820
4791 4785 6 0.23475265502929688 0.010194778442382812 0.2449474334716797 821
4796 4790 6 0.2610890865325928 0.007400989532470703 0.2684900760650635 822
4803 4802 1 0.23568129539489746 0.01746511459350586 0.2531464099884033 823
4809 4803 6 0.24625682830810547 0.017500638961791992 0.26375746726989746 824
4816 4814 2 0.2245943546295166 0.0036859512329101562 0.22828030586242676 825
4817 4815 2 0.20894122123718262 0.0020248889923095703 0.2109661102294922 826
4817 4816 1 0.188859224319458 0.0018377304077148438 0.19069695472717285 827
4817 4817 0 0.18562030792236328 0.0018880367279052734 0.18750834465026855 828
stop segmentation node
stop segmentation node
