b'[3301000, 3300000, 3100000, 3000000, 2800000, 2700000, 2500000, 2400000, 2200000, 2100000, 1900000, 1800000, 1600000, 1500000, 1300000, 1200000]'
b"[u'conservative', u'ondemand', u'userspace', u'powersave', u'performance', u'schedutil']"
b'acpi-cpufreq'
conservative to ondemand, latency: 0.4800708293914795
conservative to ondemand, latency: 0.5759918689727783
conservative to ondemand, latency: 0.5200076103210449
conservative to ondemand, latency: 0.5039958953857422
conservative to ondemand, latency: 0.5199241638183594
conservative to ondemand, latency: 0.5039992332458496
conservative to ondemand, latency: 0.52801513671875
conservative to ondemand, latency: 0.5280051231384277
conservative to ondemand, latency: 0.5039441585540771
conservative to ondemand, latency: 0.516057014465332
conservative to ondemand, latency: 0.5159401893615723
conservative to ondemand, latency: 0.5280780792236328
conservative to ondemand, latency: 0.5238184928894043
conservative to ondemand, latency: 0.4840073585510254
conservative to ondemand, latency: 0.5199556350708008
conservative to ondemand, latency: 0.5161240100860596
conservative to ondemand, latency: 0.524029016494751
conservative to ondemand, latency: 0.47206687927246094
conservative to ondemand, latency: 0.4839763641357422
conservative to ondemand, latency: 0.49594902992248535


conservative to userspace, latency: 0.4760000705718994
conservative to userspace, latency: 0.5440142154693604
conservative to userspace, latency: 0.5180354118347168
conservative to userspace, latency: 0.502112865447998
conservative to userspace, latency: 0.5020511150360107
conservative to userspace, latency: 0.5018491744995117
conservative to userspace, latency: 0.49398040771484375
conservative to userspace, latency: 0.5379664897918701
conservative to userspace, latency: 0.48191356658935547
conservative to userspace, latency: 0.4739563465118408
conservative to userspace, latency: 0.47397637367248535
conservative to userspace, latency: 0.4660170078277588
conservative to userspace, latency: 0.48602986335754395
conservative to userspace, latency: 0.46197986602783203
conservative to userspace, latency: 0.5139858722686768
conservative to userspace, latency: 0.4779798984527588
conservative to userspace, latency: 0.5140600204467773
conservative to userspace, latency: 0.45807647705078125
conservative to userspace, latency: 0.5099306106567383
conservative to userspace, latency: 0.4540417194366455


conservative to powersave, latency: 0.5020170211791992
conservative to powersave, latency: 0.49787020683288574
conservative to powersave, latency: 0.4899768829345703
conservative to powersave, latency: 0.48207807540893555
conservative to powersave, latency: 0.5060756206512451
conservative to powersave, latency: 0.46608924865722656
conservative to powersave, latency: 0.5141363143920898
conservative to powersave, latency: 0.5260884761810303
conservative to powersave, latency: 0.49004077911376953
conservative to powersave, latency: 0.5060069561004639
conservative to powersave, latency: 0.4740471839904785
conservative to powersave, latency: 0.46202969551086426
conservative to powersave, latency: 0.5060570240020752
conservative to powersave, latency: 0.48616933822631836
conservative to powersave, latency: 0.4899919033050537
conservative to powersave, latency: 0.4700465202331543
conservative to powersave, latency: 0.5062048435211182
conservative to powersave, latency: 0.5140697956085205
conservative to powersave, latency: 0.5060632228851318
conservative to powersave, latency: 0.4981067180633545


conservative to performance, latency: 0.49799180030822754
conservative to performance, latency: 0.5500142574310303
conservative to performance, latency: 0.4781336784362793
conservative to performance, latency: 0.5061593055725098
conservative to performance, latency: 0.48194432258605957
conservative to performance, latency: 0.48194408416748047
conservative to performance, latency: 0.4939427375793457
conservative to performance, latency: 0.49802350997924805
conservative to performance, latency: 0.48998308181762695
conservative to performance, latency: 0.5539908409118652
conservative to performance, latency: 0.5579354763031006
conservative to performance, latency: 0.5059247016906738
conservative to performance, latency: 0.4939422607421875
conservative to performance, latency: 0.5059802532196045
conservative to performance, latency: 0.4860100746154785
conservative to performance, latency: 0.5099849700927734
conservative to performance, latency: 0.534015417098999
conservative to performance, latency: 0.5219874382019043
conservative to performance, latency: 0.4780921936035156
conservative to performance, latency: 0.4939868450164795


conservative to schedutil, latency: 0.4859802722930908
conservative to schedutil, latency: 0.5039780139923096
conservative to schedutil, latency: 0.5199134349822998
conservative to schedutil, latency: 0.5039892196655273
conservative to schedutil, latency: 0.4960026741027832
conservative to schedutil, latency: 0.48799943923950195
conservative to schedutil, latency: 0.4920070171356201
conservative to schedutil, latency: 0.49199366569519043
conservative to schedutil, latency: 0.4719982147216797
conservative to schedutil, latency: 0.4679086208343506
conservative to schedutil, latency: 0.5239803791046143
conservative to schedutil, latency: 0.5200023651123047
conservative to schedutil, latency: 0.4639592170715332
conservative to schedutil, latency: 0.4680619239807129
conservative to schedutil, latency: 0.5238914489746094
conservative to schedutil, latency: 0.48403501510620117
conservative to schedutil, latency: 0.5039987564086914
conservative to schedutil, latency: 0.5199353694915771
conservative to schedutil, latency: 0.49999380111694336
conservative to schedutil, latency: 0.48799729347229004


ondemand to conservative, latency: 0.4919283390045166
ondemand to conservative, latency: 0.5199980735778809
ondemand to conservative, latency: 0.5159857273101807
ondemand to conservative, latency: 0.49193882942199707
ondemand to conservative, latency: 0.5319161415100098
ondemand to conservative, latency: 0.4920170307159424
ondemand to conservative, latency: 0.543994665145874
ondemand to conservative, latency: 0.47606825828552246
ondemand to conservative, latency: 0.48799729347229004
ondemand to conservative, latency: 0.48799920082092285
ondemand to conservative, latency: 0.4880063533782959
ondemand to conservative, latency: 0.5001575946807861
ondemand to conservative, latency: 0.4919154644012451
ondemand to conservative, latency: 0.48399925231933594
ondemand to conservative, latency: 0.512009859085083
ondemand to conservative, latency: 0.5359551906585693
ondemand to conservative, latency: 0.5159900188446045
ondemand to conservative, latency: 0.5199418067932129
ondemand to conservative, latency: 0.49991917610168457
ondemand to conservative, latency: 0.500002384185791


ondemand to userspace, latency: 0.48400282859802246
ondemand to userspace, latency: 0.5061378479003906
ondemand to userspace, latency: 0.4979360103607178
ondemand to userspace, latency: 0.5221784114837646
ondemand to userspace, latency: 0.5060112476348877
ondemand to userspace, latency: 0.4939863681793213
ondemand to userspace, latency: 0.47008514404296875
ondemand to userspace, latency: 0.5019979476928711
ondemand to userspace, latency: 0.4699985980987549
ondemand to userspace, latency: 0.4499633312225342
ondemand to userspace, latency: 0.4780745506286621
ondemand to userspace, latency: 0.49004435539245605
ondemand to userspace, latency: 0.4860873222351074
ondemand to userspace, latency: 0.48207521438598633
ondemand to userspace, latency: 0.4779078960418701
ondemand to userspace, latency: 0.4820592403411865
ondemand to userspace, latency: 0.5020253658294678
ondemand to userspace, latency: 0.48610615730285645
ondemand to userspace, latency: 0.49007201194763184
ondemand to userspace, latency: 0.4860970973968506


ondemand to powersave, latency: 0.5460107326507568
ondemand to powersave, latency: 0.5020265579223633
ondemand to powersave, latency: 0.4820072650909424
ondemand to powersave, latency: 0.4860541820526123
ondemand to powersave, latency: 0.48206233978271484
ondemand to powersave, latency: 0.502070426940918
ondemand to powersave, latency: 0.49796581268310547
ondemand to powersave, latency: 0.5060665607452393
ondemand to powersave, latency: 0.4900648593902588
ondemand to powersave, latency: 0.48201632499694824
ondemand to powersave, latency: 0.47402453422546387
ondemand to powersave, latency: 0.48195862770080566
ondemand to powersave, latency: 0.4900636672973633
ondemand to powersave, latency: 0.47809505462646484
ondemand to powersave, latency: 0.49021244049072266
ondemand to powersave, latency: 0.49801111221313477
ondemand to powersave, latency: 0.5300781726837158
ondemand to powersave, latency: 0.5020768642425537
ondemand to powersave, latency: 0.47400331497192383
ondemand to powersave, latency: 0.5180873870849609


ondemand to performance, latency: 0.47002077102661133
ondemand to performance, latency: 0.46993207931518555
ondemand to performance, latency: 0.49807214736938477
ondemand to performance, latency: 0.4980132579803467
ondemand to performance, latency: 0.4941425323486328
ondemand to performance, latency: 0.4940462112426758
ondemand to performance, latency: 0.494051456451416
ondemand to performance, latency: 0.4700357913970947
ondemand to performance, latency: 0.5139491558074951
ondemand to performance, latency: 0.4980490207672119
ondemand to performance, latency: 0.48209691047668457
ondemand to performance, latency: 0.47406673431396484
ondemand to performance, latency: 0.4940755367279053
ondemand to performance, latency: 0.4901285171508789
ondemand to performance, latency: 0.4820418357849121
ondemand to performance, latency: 0.5020530223846436
ondemand to performance, latency: 0.4701497554779053
ondemand to performance, latency: 0.48200368881225586
ondemand to performance, latency: 0.47411346435546875
ondemand to performance, latency: 0.4779634475708008


ondemand to schedutil, latency: 0.4781150817871094
ondemand to schedutil, latency: 0.48400402069091797
ondemand to schedutil, latency: 0.4960319995880127
ondemand to schedutil, latency: 0.4800121784210205
ondemand to schedutil, latency: 0.4720947742462158
ondemand to schedutil, latency: 0.49599623680114746
ondemand to schedutil, latency: 0.475996732711792
ondemand to schedutil, latency: 0.4760017395019531
ondemand to schedutil, latency: 0.5039446353912354
ondemand to schedutil, latency: 0.4920651912689209
ondemand to schedutil, latency: 0.47196316719055176
ondemand to schedutil, latency: 0.49200439453125
ondemand to schedutil, latency: 0.5119285583496094
ondemand to schedutil, latency: 0.4999277591705322
ondemand to schedutil, latency: 0.5880725383758545
ondemand to schedutil, latency: 0.45602941513061523
ondemand to schedutil, latency: 0.49601197242736816
ondemand to schedutil, latency: 0.4919431209564209
ondemand to schedutil, latency: 0.4719831943511963
ondemand to schedutil, latency: 0.4879472255706787


userspace to conservative, latency: 0.001712799072265625
userspace to conservative, latency: 0.0016016960144042969
userspace to conservative, latency: 0.0016252994537353516
userspace to conservative, latency: 0.0015683174133300781
userspace to conservative, latency: 0.0016400814056396484
userspace to conservative, latency: 0.0016396045684814453
userspace to conservative, latency: 0.0016973018646240234
userspace to conservative, latency: 0.0016787052154541016
userspace to conservative, latency: 0.001611948013305664
userspace to conservative, latency: 0.0015804767608642578
userspace to conservative, latency: 0.0016436576843261719
userspace to conservative, latency: 0.0015864372253417969
userspace to conservative, latency: 0.0016062259674072266
userspace to conservative, latency: 0.0015506744384765625
userspace to conservative, latency: 0.0016093254089355469
userspace to conservative, latency: 0.0016117095947265625
userspace to conservative, latency: 0.0016407966613769531
userspace to conservative, latency: 0.0016827583312988281
userspace to conservative, latency: 0.0016105175018310547
userspace to conservative, latency: 0.0016977787017822266


userspace to ondemand, latency: 0.0017094612121582031
userspace to ondemand, latency: 0.0014622211456298828
userspace to ondemand, latency: 0.0017087459564208984
userspace to ondemand, latency: 0.001589059829711914
userspace to ondemand, latency: 0.0016355514526367188
userspace to ondemand, latency: 0.0016019344329833984
userspace to ondemand, latency: 0.0016124248504638672
userspace to ondemand, latency: 0.0016322135925292969
userspace to ondemand, latency: 0.0015757083892822266
userspace to ondemand, latency: 0.001466512680053711
userspace to ondemand, latency: 0.0016658306121826172
userspace to ondemand, latency: 0.0016443729400634766
userspace to ondemand, latency: 0.0016503334045410156
userspace to ondemand, latency: 0.0014958381652832031
userspace to ondemand, latency: 0.0016183853149414062
userspace to ondemand, latency: 0.0016169548034667969
userspace to ondemand, latency: 0.0015997886657714844
userspace to ondemand, latency: 0.001462697982788086
userspace to ondemand, latency: 0.0016167163848876953
userspace to ondemand, latency: 0.0015709400177001953


userspace to powersave, latency: 0.0015823841094970703
userspace to powersave, latency: 0.0007853507995605469
userspace to powersave, latency: 0.0007882118225097656
userspace to powersave, latency: 0.0007724761962890625
userspace to powersave, latency: 0.0008420944213867188
userspace to powersave, latency: 0.0007927417755126953
userspace to powersave, latency: 0.0007729530334472656
userspace to powersave, latency: 0.0007998943328857422
userspace to powersave, latency: 0.0007727146148681641
userspace to powersave, latency: 0.0007750988006591797
userspace to powersave, latency: 0.0007927417755126953
userspace to powersave, latency: 0.0007805824279785156
userspace to powersave, latency: 0.0010178089141845703
userspace to powersave, latency: 0.0007724761962890625
userspace to powersave, latency: 0.0007686614990234375
userspace to powersave, latency: 0.0009207725524902344
userspace to powersave, latency: 0.0007863044738769531
userspace to powersave, latency: 0.0007920265197753906
userspace to powersave, latency: 0.0007755756378173828
userspace to powersave, latency: 0.0007758140563964844


userspace to performance, latency: 0.0008676052093505859
userspace to performance, latency: 0.0007717609405517578
userspace to performance, latency: 0.00078582763671875
userspace to performance, latency: 0.0007746219635009766
userspace to performance, latency: 0.0007724761962890625
userspace to performance, latency: 0.0007832050323486328
userspace to performance, latency: 0.0007851123809814453
userspace to performance, latency: 0.0007812976837158203
userspace to performance, latency: 0.0007836818695068359
userspace to performance, latency: 0.0007803440093994141
userspace to performance, latency: 0.0007839202880859375
userspace to performance, latency: 0.0007801055908203125
userspace to performance, latency: 0.0007739067077636719
userspace to performance, latency: 0.0007717609405517578
userspace to performance, latency: 0.0009202957153320312
userspace to performance, latency: 0.0007808208465576172
userspace to performance, latency: 0.0008311271667480469
userspace to performance, latency: 0.0008134841918945312
userspace to performance, latency: 0.0007700920104980469
userspace to performance, latency: 0.0007700920104980469


userspace to schedutil, latency: 0.0008070468902587891
userspace to schedutil, latency: 0.0015614032745361328
userspace to schedutil, latency: 0.001617431640625
userspace to schedutil, latency: 0.001477956771850586
userspace to schedutil, latency: 0.001422882080078125
userspace to schedutil, latency: 0.0015194416046142578
userspace to schedutil, latency: 0.001603841781616211
userspace to schedutil, latency: 0.0014557838439941406
userspace to schedutil, latency: 0.0015633106231689453
userspace to schedutil, latency: 0.0015730857849121094
userspace to schedutil, latency: 0.0016200542449951172
userspace to schedutil, latency: 0.0015630722045898438
userspace to schedutil, latency: 0.0015447139739990234
userspace to schedutil, latency: 0.001567840576171875
userspace to schedutil, latency: 0.0017049312591552734
userspace to schedutil, latency: 0.001554250717163086
userspace to schedutil, latency: 0.0015408992767333984
userspace to schedutil, latency: 0.0015799999237060547
userspace to schedutil, latency: 0.0016427040100097656
userspace to schedutil, latency: 0.0014660358428955078


powersave to conservative, latency: 0.0015680789947509766
powersave to conservative, latency: 0.00165557861328125
powersave to conservative, latency: 0.0015556812286376953
powersave to conservative, latency: 0.0016067028045654297
powersave to conservative, latency: 0.0015969276428222656
powersave to conservative, latency: 0.0016024112701416016
powersave to conservative, latency: 0.0016331672668457031
powersave to conservative, latency: 0.0016384124755859375
powersave to conservative, latency: 0.00164031982421875
powersave to conservative, latency: 0.0014960765838623047
powersave to conservative, latency: 0.0015454292297363281
powersave to conservative, latency: 0.0015256404876708984
powersave to conservative, latency: 0.0016553401947021484
powersave to conservative, latency: 0.0015425682067871094
powersave to conservative, latency: 0.0016987323760986328
powersave to conservative, latency: 0.0016703605651855469
powersave to conservative, latency: 0.0014815330505371094
powersave to conservative, latency: 0.0016276836395263672
powersave to conservative, latency: 0.0015494823455810547
powersave to conservative, latency: 0.0014965534210205078


powersave to ondemand, latency: 0.0015730857849121094
powersave to ondemand, latency: 0.0015320777893066406
powersave to ondemand, latency: 0.0016255378723144531
powersave to ondemand, latency: 0.0016055107116699219
powersave to ondemand, latency: 0.0016469955444335938
powersave to ondemand, latency: 0.0016281604766845703
powersave to ondemand, latency: 0.0016095638275146484
powersave to ondemand, latency: 0.0016407966613769531
powersave to ondemand, latency: 0.0015881061553955078
powersave to ondemand, latency: 0.0014965534210205078
powersave to ondemand, latency: 0.0016329288482666016
powersave to ondemand, latency: 0.0015277862548828125
powersave to ondemand, latency: 0.001407623291015625
powersave to ondemand, latency: 0.001608133316040039
powersave to ondemand, latency: 0.001583099365234375
powersave to ondemand, latency: 0.0012676715850830078
powersave to ondemand, latency: 0.0016262531280517578
powersave to ondemand, latency: 0.0016243457794189453
powersave to ondemand, latency: 0.0014598369598388672
powersave to ondemand, latency: 0.0014028549194335938


powersave to userspace, latency: 0.0017118453979492188
powersave to userspace, latency: 0.0008993148803710938
powersave to userspace, latency: 0.0007681846618652344
powersave to userspace, latency: 0.0008640289306640625
powersave to userspace, latency: 0.0007929801940917969
powersave to userspace, latency: 0.0007727146148681641
powersave to userspace, latency: 0.000789642333984375
powersave to userspace, latency: 0.0007832050323486328
powersave to userspace, latency: 0.0007729530334472656
powersave to userspace, latency: 0.0008018016815185547
powersave to userspace, latency: 0.0007908344268798828
powersave to userspace, latency: 0.0007791519165039062
powersave to userspace, latency: 0.0007843971252441406
powersave to userspace, latency: 0.0007729530334472656
powersave to userspace, latency: 0.0007984638214111328
powersave to userspace, latency: 0.0007798671722412109
powersave to userspace, latency: 0.0007908344268798828
powersave to userspace, latency: 0.0007865428924560547
powersave to userspace, latency: 0.0007772445678710938
powersave to userspace, latency: 0.0008385181427001953


powersave to performance, latency: 0.0008594989776611328
powersave to performance, latency: 0.0008900165557861328
powersave to performance, latency: 0.0008573532104492188
powersave to performance, latency: 0.0008547306060791016
powersave to performance, latency: 0.0008702278137207031
powersave to performance, latency: 0.0008585453033447266
powersave to performance, latency: 0.0008575916290283203
powersave to performance, latency: 0.0008535385131835938
powersave to performance, latency: 0.0009136199951171875
powersave to performance, latency: 0.0008533000946044922
powersave to performance, latency: 0.0008573532104492188
powersave to performance, latency: 0.0008640289306640625
powersave to performance, latency: 0.0008478164672851562
powersave to performance, latency: 0.0008788108825683594
powersave to performance, latency: 0.0008609294891357422
powersave to performance, latency: 0.0008535385131835938
powersave to performance, latency: 0.0008783340454101562
powersave to performance, latency: 0.0008628368377685547
powersave to performance, latency: 0.0008695125579833984
powersave to performance, latency: 0.0008625984191894531


powersave to schedutil, latency: 0.0007991790771484375
powersave to schedutil, latency: 0.0015590190887451172
powersave to schedutil, latency: 0.001543283462524414
powersave to schedutil, latency: 0.0016469955444335938
powersave to schedutil, latency: 0.0016095638275146484
powersave to schedutil, latency: 0.0014622211456298828
powersave to schedutil, latency: 0.0016124248504638672
powersave to schedutil, latency: 0.0015523433685302734
powersave to schedutil, latency: 0.0015943050384521484
powersave to schedutil, latency: 0.0016160011291503906
powersave to schedutil, latency: 0.0015869140625
powersave to schedutil, latency: 0.0015971660614013672
powersave to schedutil, latency: 0.0015606880187988281
powersave to schedutil, latency: 0.0015881061553955078
powersave to schedutil, latency: 0.0014803409576416016
powersave to schedutil, latency: 0.0015599727630615234
powersave to schedutil, latency: 0.0015556812286376953
powersave to schedutil, latency: 0.0015304088592529297
powersave to schedutil, latency: 0.0016279220581054688
powersave to schedutil, latency: 0.0016069412231445312


performance to conservative, latency: 0.0014753341674804688
performance to conservative, latency: 0.0016865730285644531
performance to conservative, latency: 0.001741647720336914
performance to conservative, latency: 0.0017087459564208984
performance to conservative, latency: 0.0016121864318847656
performance to conservative, latency: 0.001552581787109375
performance to conservative, latency: 0.0015194416046142578
performance to conservative, latency: 0.0016355514526367188
performance to conservative, latency: 0.0016446113586425781
performance to conservative, latency: 0.0016145706176757812
performance to conservative, latency: 0.0015938282012939453
performance to conservative, latency: 0.0016026496887207031
performance to conservative, latency: 0.0016257762908935547
performance to conservative, latency: 0.001638174057006836
performance to conservative, latency: 0.0016326904296875
performance to conservative, latency: 0.0016741752624511719
performance to conservative, latency: 0.0016908645629882812
performance to conservative, latency: 0.0016314983367919922
performance to conservative, latency: 0.0016946792602539062
performance to conservative, latency: 0.0017168521881103516


performance to ondemand, latency: 0.0015189647674560547
performance to ondemand, latency: 0.0016357898712158203
performance to ondemand, latency: 0.0016918182373046875
performance to ondemand, latency: 0.0015301704406738281
performance to ondemand, latency: 0.0016028881072998047
performance to ondemand, latency: 0.001646280288696289
performance to ondemand, latency: 0.0016949176788330078
performance to ondemand, latency: 0.0018041133880615234
performance to ondemand, latency: 0.0016012191772460938
performance to ondemand, latency: 0.0016031265258789062
performance to ondemand, latency: 0.0016181468963623047
performance to ondemand, latency: 0.0015676021575927734
performance to ondemand, latency: 0.001445770263671875
performance to ondemand, latency: 0.0014739036560058594
performance to ondemand, latency: 0.0015516281127929688
performance to ondemand, latency: 0.001661062240600586
performance to ondemand, latency: 0.0016374588012695312
performance to ondemand, latency: 0.0016455650329589844
performance to ondemand, latency: 0.001580953598022461
performance to ondemand, latency: 0.0015206336975097656


performance to userspace, latency: 0.0016252994537353516
performance to userspace, latency: 0.0009560585021972656
performance to userspace, latency: 0.0007791519165039062
performance to userspace, latency: 0.0007901191711425781
performance to userspace, latency: 0.0008008480072021484
performance to userspace, latency: 0.0007762908935546875
performance to userspace, latency: 0.0007791519165039062
performance to userspace, latency: 0.0007812976837158203
performance to userspace, latency: 0.0008039474487304688
performance to userspace, latency: 0.0008687973022460938
performance to userspace, latency: 0.0007898807525634766
performance to userspace, latency: 0.0007765293121337891
performance to userspace, latency: 0.0007722377777099609
performance to userspace, latency: 0.00077056884765625
performance to userspace, latency: 0.0007698535919189453
performance to userspace, latency: 0.0007739067077636719
performance to userspace, latency: 0.0007770061492919922
performance to userspace, latency: 0.0008366107940673828
performance to userspace, latency: 0.0009119510650634766
performance to userspace, latency: 0.0007886886596679688


performance to powersave, latency: 0.0008451938629150391
performance to powersave, latency: 0.0008480548858642578
performance to powersave, latency: 0.0008881092071533203
performance to powersave, latency: 0.0008451938629150391
performance to powersave, latency: 0.0008490085601806641
performance to powersave, latency: 0.00086212158203125
performance to powersave, latency: 0.0008523464202880859
performance to powersave, latency: 0.0008587837219238281
performance to powersave, latency: 0.0009438991546630859
performance to powersave, latency: 0.00084686279296875
performance to powersave, latency: 0.0009057521820068359
performance to powersave, latency: 0.0009751319885253906
performance to powersave, latency: 0.0008678436279296875
performance to powersave, latency: 0.0008461475372314453
performance to powersave, latency: 0.0008487701416015625
performance to powersave, latency: 0.000858306884765625
performance to powersave, latency: 0.0008478164672851562
performance to powersave, latency: 0.0008625984191894531
performance to powersave, latency: 0.0008561611175537109
performance to powersave, latency: 0.0008492469787597656


performance to schedutil, latency: 0.0007815361022949219
performance to schedutil, latency: 0.001617431640625
performance to schedutil, latency: 0.0016219615936279297
performance to schedutil, latency: 0.0016620159149169922
performance to schedutil, latency: 0.0015463829040527344
performance to schedutil, latency: 0.001569986343383789
performance to schedutil, latency: 0.0016252994537353516
performance to schedutil, latency: 0.0016448497772216797
performance to schedutil, latency: 0.0015780925750732422
performance to schedutil, latency: 0.0016231536865234375
performance to schedutil, latency: 0.0016002655029296875
performance to schedutil, latency: 0.0016715526580810547
performance to schedutil, latency: 0.0016257762908935547
performance to schedutil, latency: 0.0015850067138671875
performance to schedutil, latency: 0.0015549659729003906
performance to schedutil, latency: 0.0016398429870605469
performance to schedutil, latency: 0.0015954971313476562
performance to schedutil, latency: 0.0017175674438476562
performance to schedutil, latency: 0.0015835762023925781
performance to schedutil, latency: 0.0014164447784423828


schedutil to conservative, latency: 0.47739362716674805
schedutil to conservative, latency: 0.48395395278930664
schedutil to conservative, latency: 0.4760098457336426
schedutil to conservative, latency: 0.45597076416015625
schedutil to conservative, latency: 0.4680054187774658
schedutil to conservative, latency: 0.5000126361846924
schedutil to conservative, latency: 0.46413278579711914
schedutil to conservative, latency: 0.4839596748352051
schedutil to conservative, latency: 0.49599289894104004
schedutil to conservative, latency: 0.4878993034362793
schedutil to conservative, latency: 0.47199296951293945
schedutil to conservative, latency: 0.48801398277282715
schedutil to conservative, latency: 0.4879581928253174
schedutil to conservative, latency: 0.47206568717956543
schedutil to conservative, latency: 0.45597100257873535
schedutil to conservative, latency: 0.4920005798339844
schedutil to conservative, latency: 0.460005521774292
schedutil to conservative, latency: 0.4760010242462158
schedutil to conservative, latency: 0.5079939365386963
schedutil to conservative, latency: 0.48400282859802246


schedutil to ondemand, latency: 0.49590110778808594
schedutil to ondemand, latency: 0.4479176998138428
schedutil to ondemand, latency: 0.5279839038848877
schedutil to ondemand, latency: 0.4680142402648926
schedutil to ondemand, latency: 0.47193121910095215
schedutil to ondemand, latency: 0.45600032806396484
schedutil to ondemand, latency: 0.4839794635772705
schedutil to ondemand, latency: 0.5080676078796387
schedutil to ondemand, latency: 0.4999959468841553
schedutil to ondemand, latency: 0.4680061340332031
schedutil to ondemand, latency: 0.48409247398376465
schedutil to ondemand, latency: 0.4840877056121826
schedutil to ondemand, latency: 0.49600744247436523
schedutil to ondemand, latency: 0.46805286407470703
schedutil to ondemand, latency: 0.5160751342773438
schedutil to ondemand, latency: 0.4559946060180664
schedutil to ondemand, latency: 0.48792600631713867
schedutil to ondemand, latency: 0.468019962310791
schedutil to ondemand, latency: 0.4920682907104492
schedutil to ondemand, latency: 0.4638948440551758


schedutil to userspace, latency: 0.4879920482635498
schedutil to userspace, latency: 0.474200963973999
schedutil to userspace, latency: 0.4620704650878906
schedutil to userspace, latency: 0.4740269184112549
schedutil to userspace, latency: 0.4740719795227051
schedutil to userspace, latency: 0.5019924640655518
schedutil to userspace, latency: 0.4501042366027832
schedutil to userspace, latency: 0.4981112480163574
schedutil to userspace, latency: 0.49797487258911133
schedutil to userspace, latency: 0.5180363655090332
schedutil to userspace, latency: 0.48209309577941895
schedutil to userspace, latency: 0.47402334213256836
schedutil to userspace, latency: 0.4619626998901367
schedutil to userspace, latency: 0.44999241828918457
schedutil to userspace, latency: 0.486297607421875
schedutil to userspace, latency: 0.4939546585083008
schedutil to userspace, latency: 0.4658792018890381
schedutil to userspace, latency: 0.4982132911682129
schedutil to userspace, latency: 0.4700462818145752
schedutil to userspace, latency: 0.4939286708831787


schedutil to powersave, latency: 0.48203516006469727
schedutil to powersave, latency: 0.48207569122314453
schedutil to powersave, latency: 0.46598005294799805
schedutil to powersave, latency: 0.44601964950561523
schedutil to powersave, latency: 0.48597097396850586
schedutil to powersave, latency: 0.4582087993621826
schedutil to powersave, latency: 0.506026029586792
schedutil to powersave, latency: 0.4979259967803955
schedutil to powersave, latency: 0.49808669090270996
schedutil to powersave, latency: 0.4660928249359131
schedutil to powersave, latency: 0.4740474224090576
schedutil to powersave, latency: 0.4579925537109375
schedutil to powersave, latency: 0.4780416488647461
schedutil to powersave, latency: 0.486067533493042
schedutil to powersave, latency: 0.5101006031036377
schedutil to powersave, latency: 0.4819297790527344
schedutil to powersave, latency: 0.4462003707885742
schedutil to powersave, latency: 0.45796871185302734
schedutil to powersave, latency: 0.45805907249450684
schedutil to powersave, latency: 0.5180003643035889


schedutil to performance, latency: 0.4859919548034668
schedutil to performance, latency: 0.45005369186401367
schedutil to performance, latency: 0.4900984764099121
schedutil to performance, latency: 0.5020887851715088
schedutil to performance, latency: 0.4978671073913574
schedutil to performance, latency: 0.4581296443939209
schedutil to performance, latency: 0.49408388137817383
schedutil to performance, latency: 0.4582846164703369
schedutil to performance, latency: 0.4660508632659912
schedutil to performance, latency: 0.4622209072113037
schedutil to performance, latency: 0.4899013042449951
schedutil to performance, latency: 0.4822235107421875
schedutil to performance, latency: 0.454164981842041
schedutil to performance, latency: 0.502025842666626
schedutil to performance, latency: 0.4979817867279053
schedutil to performance, latency: 0.470095157623291
schedutil to performance, latency: 0.4622492790222168
schedutil to performance, latency: 0.5021407604217529
schedutil to performance, latency: 0.49013781547546387
schedutil to performance, latency: 0.4819974899291992


