0.21695143403485417
0.17067117430269718
0.16279802471399307
0.15852209413424134
0.15876677818596363
0.15952245704829693
0.15993007412180305
0.16007328405976295
0.15980412298813462
0.16247298987582326
0.1607792810536921
0.16043940279632807
0.16021416382864118
0.16042765928432345
0.16008846694603562
0.1602679518982768
0.1603548852726817
0.16039754915982485
0.16018723603338003
0.1603774270042777
0.16024535708129406
0.16037608496844769
0.16015639901161194
0.16016625706106424
0.16007194435223937
0.16001550573855639
0.16025862004607916
0.16123445890843868
0.16032958403229713
0.16073607979342341
0.16048163594678044
0.1605227286927402
0.16012154519557953
0.16034904681146145
0.1601434568874538
0.16106901923194528
0.160288296174258
0.16153145302087069
0.16047385474666953
0.16078728018328547
0.16059667384251952
0.1605114401318133
0.1606950950808823
0.16102479305118322
0.16048705903813243
0.16020100004971027
0.16042375285178423
0.16095539974048734
0.1608978002332151
0.16067591682076454
0.16092069912701845
0.1608166489750147
0.16399240912869573
0.160693044308573
0.161262271925807
0.16169579327106476
0.16072051087394357
0.1615752843208611
0.16084477910771966
0.1614175890572369
0.16118571115657687
0.16105342004448175
0.16073137009516358
0.1614564466290176
0.16129847895354033
0.16082943510264158
0.16104437597095966
0.16154070105403662
0.16096531227231026
0.1613209550268948
0.16134034097194672
0.16132667008787394
0.16130232624709606
0.16130236629396677
0.16121298633515835
0.16204105177894235
0.1611081468872726
0.1616621371358633
0.1609589452855289
0.16131214331835508
0.1610385593958199
0.1611824231222272
0.16074291989207268
0.1612792331725359
0.16123531805351377
0.16177332680672407
0.16142612183466554
0.16155628580600023
0.16151447501033545
0.16140676708891988
0.16106198076158762
0.16195270605385303
0.16146127693355083
0.1614900417625904
0.16141175478696823
0.1640720828436315
0.16142006684094667
0.15719313686713576
0.1618032930418849
0.1623682281933725
0.16183130396530032
0.16183661110699177
0.16233776276931167
0.16195683926343918
0.16219768719747663
0.1623076950199902
0.16247847536578774
0.1622545369900763
0.16236139182001352
0.1620196308940649
0.16196123603731394
0.16223972430452704
0.16185459308326244
0.16201466508209705
0.16193616017699242
0.1619618129916489
0.16228560963645577
0.16198634402826428
0.16202019015327096
0.16240263683721423
0.16204603528603911
0.16187299694865942
0.1619046600535512
0.1622570250183344
0.1642447840422392
0.16228397097438574
0.16869924310594797
0.16335548972710967
0.1641064533032477
0.1630118377506733
0.16464437078684568
0.16364549892023206
0.16336659668013453
0.16632669093087316
0.16323694726452231
0.1638427679426968
0.1621814318932593
0.1621999479830265
0.16230372339487076
0.16215157369151711
0.16263527609407902
0.16234852513298392
0.1621671849861741
0.1629430870525539
0.1619676249101758
0.16208749497309327
0.16203007707372308
0.16226480202749372
0.1629582908935845
0.16403763508424163
0.16236458625644445
0.1625045188702643
0.16266039991751313
0.16249934071674943
0.16255003632977605
0.16267308127135038
0.16301345685496926
0.1624477100558579
0.16236724983900785
0.16267479583621025
0.16306493384763598
0.16331809619441628
0.1629691906273365
0.16311829490587115
0.16285298019647598
0.16295941779389977
0.16299328580498695
0.16259803716093302
0.162461101077497
0.16301906714215875
0.16258245008066297
0.16272189794108272
0.1630718894302845
0.16258617490530014
0.16283361334353685
0.16305762389674783
0.1627414170652628
0.16305673914030194
0.16257282672449946
0.16312587587162852
0.16321038035675883
0.1630212441086769
0.16300017712637782
0.16278903279453516
0.1629122458398342
0.1628197617828846
0.16324689472094178
0.16321962559595704
0.16287059104070067
0.16312787495553493
0.16283459961414337
0.163287831004709
0.1629656539298594
0.16329560987651348
0.16295093903318048
0.16303631803020835
0.1627959907054901
0.16303901420906186
0.1630007061176002
0.16313868295401335
0.16378499241545796
0.1632095598615706
0.16324070608243346
0.1614956334233284
0.16359775001183152
0.16340512176975608
0.1631914470344782
0.1635259441100061
0.16167298099026084
0.16308529721572995
0.1634485530667007
0.16370116965845227
0.16348551400005817
0.16384892305359244
0.1639331649057567
0.16385275311768055
0.16374984104186296
0.1634851018898189
0.1632473859935999
0.16363820806145668
0.16370818996801972
0.16342491516843438
0.1632033553905785
0.16343399696052074
0.1636995356529951
0.1642364370636642
0.16430014511570334
0.1642725169658661
0.16380557278171182
0.16427145199850202
0.16404586005955935
0.1640504477545619
0.16390791116282344
0.16357200406491756
0.1639596209861338
0.16413790499791503
0.16351183596998453
0.1633427799679339
0.1631921697407961
0.1635104096494615
0.1635013958439231
0.16464242711663246
0.16354552889242768
0.16352157900109887
0.16336524905636907
0.16358284605666995
0.1639814800582826
0.16440872801467776
0.16366554982960224
0.16384113486856222
0.16315562697127461
0.16485026199370623
0.16449394915252924
0.16391086671501398
0.16381568182259798
0.16439711395651102
0.16381873795762658
0.16378277307376266
0.16418270394206047
0.16503753419965506
0.16436109598726034
0.16439498821273446
0.16381100192666054
0.1643570503219962
0.1643911199644208
0.16386559698730707
0.16396507481113076
0.16448294604197145
0.1639838172122836
0.16401009215041995
0.1646018917672336
0.16475058160722256
0.16413576900959015
0.1637234790250659
0.16382863279432058
0.1618755180388689
0.16382730612531304
0.16396275209262967
0.16388633009046316
0.16383250011131167
0.16153727984055877
0.16503266198560596
0.16411661496385932
0.16422721510753036
0.16437810566276312
0.1644933819770813
0.16463452903553843
0.16487647499889135
0.1646899338811636
0.16458075772970915
0.1646371246315539
0.1647329214029014
0.16488244058564305
0.1642421381548047
0.16433751536533237
0.16454094415530562
0.1649080729112029
0.16440451005473733
0.1647101677954197
0.164597871247679
0.16430505691096187
0.1646762122400105
0.1648521376773715
0.16442822199314833
0.1684545581229031
0.16479682410135865
0.1649453630670905
0.1650696713477373
0.16431602416560054
0.16499485587701201
0.1640974902547896
0.16573991999030113
0.16463245265185833
0.16507161920890212
0.1647172230295837
0.16500365175306797
0.1647684909403324
0.1651825476437807
0.16488509718328714
0.16514081228524446
0.1647471389733255
0.1650200211443007
0.16525505762547255
0.16447032103314996
0.16517529310658574
0.16519675590097904
0.16486048698425293
0.1645560129545629
0.16490809805691242
0.1654278957284987
0.16534857731312513
0.16478010499849916
0.16498392401263118
0.16517092706635594
0.1648170268163085
0.16476657427847385
0.16468768566846848
0.16510893497616053
0.16504871612414718
0.16520803980529308
0.16506710601970553
0.16450862027704716
0.16541975224390626
0.16526577528566122
0.16569281788542867
0.1651854650117457
0.16538326116278768
0.16527539631351829
0.165387739893049
0.16509652510285378
0.16483410680666566
0.1653195950202644
0.16547499038279057
0.16501914197579026
0.16502997698262334
0.16475118976086378
0.1651900033466518
0.1648341710679233
0.16543141705915332
0.16569823399186134
0.1652727690525353
0.16540933027863503
0.165206307079643
0.16540725296363235
0.16528449207544327
0.1652783970348537
0.16547014191746712
0.16541995899751782
0.16515692602843046
0.16514213476330042
0.16520700696855783
0.16488934215158224
0.1651543308980763
0.16579297184944153
0.16538331424817443
0.16567603824660182
0.16593285696581006
0.16526469308882952
0.16513013979420066
0.16573870228603482
0.16578267281875014
0.16561350785195827
0.16566339787095785
0.16547615500167012
0.16569417901337147
0.16566381882876158
0.16590799298137426
0.165804925840348
0.1662165503948927
0.16581327561289072
0.16556354891508818
0.16567948600277305
0.16582420794293284
0.16568649606779218
0.16589668998494744
0.16560955112800002
0.16565107135102153
0.16541662672534585
0.16570327011868358
0.16598202427849174
0.16602425882592797
0.1654442367143929
0.1656865319237113
0.1658736038953066
0.16548387799412012
0.16594023816287518
0.16580522386357188
0.166027395054698
0.1656779651530087
0.1659285370260477
0.16587533615529537
0.1662527392618358
0.16602237708866596
0.16596571821719408
0.1656678426079452
0.1661190139129758
0.1663467171601951
0.16594300791621208
0.16570108197629452
0.16592483082786202
0.16586851002648473
0.16603805217891932
0.16652008425444365
0.16618796763941646
0.16628358094021678
0.16613539727404714
0.16575134079903364
0.16639609029516578
0.16689426824450493
0.16647629160434008
0.16636870708316565
0.16757852118462324
0.16673098830506206
0.16686117928475142
0.16635018587112427
0.16662766272202134
0.16649755323305726
0.16660394985228777
0.16644109692424536
0.16602595429867506
0.1664757770486176
0.16667785914614797
0.1667611449956894
0.16652187518775463
0.16557285794988275
0.1660228529945016
0.16667249100282788
0.16687921481207013
0.16660179803147912
0.16674556024372578
0.1660289610736072
0.16649416601285338
0.16687557473778725
0.1669599860906601
0.16646290896460414
0.16588264098390937
0.16652147332206368
0.1666030022315681
0.16744071897119284
0.1665854430757463
0.16802366496995091
0.16824532579630613
0.16618763795122504
0.16689171316102147
0.16662874026224017
0.16733780410140753
0.16706660808995366
0.16646010475233197
0.16711186291649938
0.1671852609142661
0.167436090297997
0.1678441008552909
0.16801063297316432
0.16703241504728794
0.16719807917252183
0.167402230668813
0.16682896995916963
0.16702038701623678
0.1668365732766688
0.16694066673517227
0.16770577104762197
0.1681382991373539
0.16775764198973775
0.16737894294783473
0.1671392349526286
0.16830512415617704
0.16754131205379963
0.16895136889070272
0.1684286310337484
0.1692194901406765
0.16941841505467892
0.16912408964708447
0.16887271543964744
0.16897523123770952
0.16823074920102954
0.1682121092453599
0.16816867515444756
0.16853182297199965
0.16879595816135406
0.1683316109701991
0.16805680887773633
0.16646782821044326
0.16802961705252528
0.16744878701865673
0.1670224741101265
0.16802738700062037
0.16688785795122385
0.16827737586572766
0.16754365991801023
0.16844931477680802
0.16772143729031086
0.1673222491517663
0.16641763411462307
0.16811138670891523
0.16714653093367815
0.1685649761930108
0.16850852593779564
0.1678927750326693
0.16773544903844595
0.16716521605849266
0.16759380092844367
0.1677666725590825
0.1669378774240613
0.1669628177769482
0.16925807110965252
0.16671013599261642
0.16760039003565907
0.16774409776553512
0.16762363305315375
0.16851493995636702
0.16760124871507287
0.16699786623939872
0.16794958896934986
0.16864264104515314
0.1671103471890092
0.16772647015750408
0.16697027580812573
0.1680569238960743
0.16788295237347484
0.1674864562228322
0.16792357387021184
0.1688894247636199
0.16758000804111362
0.16833127290010452
0.16857459396123886
0.16774638090282679
0.1690476732328534
0.16750822309404612
0.16773846419528127
0.16820213431492448
0.1687614251859486
0.16997039504349232
0.16842479398474097
0.16790865501388907
0.16781992185860872
0.1700266650877893
0.16884879115968943
0.16953544691205025
0.16892528487369418
0.16772271413356066
0.16939230682328343
0.16810180013999343
0.16840437799692154
0.1721515879034996
0.16910625156015158
0.1684929607436061
0.17004549223929644
0.1690145218744874
0.16819926584139466
0.1712461798451841
0.16940668411552906
0.16789895435795188
0.17047265684232116
0.17035050690174103
0.171269403770566
0.16964622912928462
0.16886829305440187
0.16774636087939143
0.17130257142707705
0.17078353511169553
0.17069309623911977
0.17035286501049995
0.1674079606309533
0.16855137329548597
0.17028125515207648
0.1710014408454299
0.17348484974354506
0.17156146792694926
0.16900060418993235
0.1696771066635847
0.17169608222320676
0.17098869197070599
0.17046948615461588
0.17212049197405577
0.1698701730929315
0.1695658271200955
0.17115353606641293
0.1700705299153924
0.17152143502607942
0.1723250080831349
0.16998100420460105
0.16966584138572216
0.17102834722027183
0.17132637510076165
0.172141854185611
0.17258761636912823
0.1705727339722216
0.1689479830674827
0.17215282237157226
0.17195636220276356
0.17218246404081583
0.17395372781902552
0.17125984653830528
0.16878983424976468
0.17197728622704744
0.172272517811507
0.1729530617594719
0.17136863386258483
0.1719136810861528
0.1688712048344314
0.17185950325801969
0.17093931278213859
0.17021402576938272
0.1753027099184692
0.17133327713236213
0.1678504147566855
0.16755119990557432
0.17287500388920307
0.17556652473285794
0.17072012275457382
0.17177072074264288
0.1694848663173616
0.17427546391263604
0.17084774188697338
0.17084803292527795
0.17406802671030164
0.17261980613693595
0.1708645629696548
0.1720764422789216
0.17014266969636083
0.16974353417754173
0.17396208504214883
0.17420961894094944
0.17199145630002022
0.16932973777875304
0.17374319909140468
0.17378650279715657
0.1727358573116362
0.17427696101367474
0.17350636329501867
0.16892472002655268
0.1720947129651904
0.17226604279130697
0.17202347796410322
0.17532177595421672
0.17256131302565336
0.16990668885409832
0.17333526583388448
0.1744252359494567
0.17325144307687879
0.1736712483689189
0.17410749103873968
0.17274476820603013
0.16893795831128955
0.17221565311774611
0.17473057424649596
0.17517142090946436
0.17288110218942165
0.17361298808827996
0.16925417026504874
0.17403572797775269
0.17497256910428405
0.17371508805081248
0.1744557931087911
0.17486177710816264
0.17311130464076996
0.16899827076122165
0.1742644510231912
0.17209024587646127
0.17248608078807592
0.17540186876431108
0.17400969006121159
0.16953435353934765
0.17393461521714926
0.17163787595927715
0.1729911109432578
0.17556578805670142
0.17420714907348156
0.17318757809698582
0.1703517553396523
0.17494914308190346
0.17419786006212234
0.17524732509627938
0.17415839293971658
0.17351856222376227
0.1700729550793767
0.17668513394892216
0.1741145933046937
0.17194072855636477
0.17327258409932256
0.17598119098693132
0.17445243895053864
0.16940394323319197
0.16978496266528964
0.16942666936665773
0.17153107514604926
0.17737528588622808
0.17497012624517083
0.16947918804362416
0.1721444479189813
0.16955035086721182
0.171124248765409
0.17628201795741916
0.17556919809430838
0.17130064824596047
0.17323606926947832
0.17092845495790243
0.1708123297430575
0.1754341870546341
0.17714477702975273
0.1748142489232123
0.17003627587109804
0.17224083794280887
0.17139979684725404
0.17109915101900697
0.1767597896978259
0.17650373606011271
0.1718083810992539
0.17583080008625984
0.17476676916703582
0.17427983041852713
0.17625155113637447
0.17464407999068499
0.17482515424489975
0.17096576699987054
0.1768890260718763
0.17581949289888144
0.17495114915072918
0.17636668123304844
0.17542047519236803
0.17543402314186096
0.17029865086078644
0.17318456899374723
0.17105622310191393
0.17159119807183743
0.17663110233843327
0.17768660699948668
0.1751485182903707
0.1708102123811841
0.17384735913947225
0.17522243410348892
0.17751526832580566
0.17490604287013412
0.17658870480954647
0.1723149041645229
0.1745390221476555
0.17534965742379427
0.17556933080777526
0.17702578799799085
0.1758659789338708
0.17470608232542872
0.17352893576025963
0.17395396484062076
0.17650425294414163
0.17593182809650898
0.1757277832366526
0.1754602869041264
0.17621766729280353
0.17169736977666616
0.17619443917647004
0.17375630512833595
0.17280881293118
0.17449425207450986
0.1791661847382784
0.17448759311810136
0.17129693971946836
0.17719921888783574
0.17828521272167563
0.17505506100133061
0.17554748384281993
0.17629518872126937
0.17527732159942389
0.17091242084279656
0.17820833064615726
0.1752695618197322
0.17504633404314518
0.1759057859890163
0.17583386600017548
0.17434727819636464
0.170482087880373
0.1756458319723606
0.1731677409261465
0.17295083310455084
0.17734455782920122
0.17695668432861567
0.1763278958387673
0.17100531933829188
0.17501690099015832
0.1758253239095211
0.17696438683196902
0.17668895795941353
0.17664759000763297
0.17584446212276816
0.17022344190627337
0.17552271904423833
0.17449297802522779
0.17421485390514135
0.1773873260244727
0.17651974502950907
0.1756479497998953
0.17142956424504519
0.17597585637122393
0.17666502902284265
0.17777304910123348
0.1756783309392631
0.17722063791006804
0.17488852282986045
0.17224946804344654
0.17399872234091163
0.1757512749172747
0.1784257567487657
0.17601991770789027
0.176330734975636
0.17504435777664185
0.1716628293506801
0.17698141979053617
0.17468015383929014
0.174507942982018
0.17748721409589052
0.17633162857964635
0.17485371977090836
0.17177067417651415
0.17632446391507983
0.17635657964274287
0.1768175447359681
0.1776322852820158
0.17707385402172804
0.17840562667697668
0.17238365579396486
0.17623661598190665
0.177554695867002
0.1782614989206195
0.17649281304329634
0.17807170189917088
0.17646515415981412
0.17072192300111055
0.1782398810610175
0.17566425818949938
0.17463365104049444
0.17826369311660528
0.1769858431071043
0.17658867686986923
0.170975340064615
0.17429755628108978
0.17304587783291936
0.1726149725727737
0.17693736730143428
0.17783066909760237
0.17694543302059174
0.17141096480190754
0.17861431511119008
0.17880091909319162
0.17734113382175565
0.17679495085030794
0.17745245387777686
0.17567320121452212
0.17129902821034193
0.17826155899092555
0.17815413791686296
0.1765083847567439
0.17727481201291084
0.1766151520423591
0.17594444192945957
0.1719474419951439
0.17614839039742947
0.17697998881340027
0.1761090001091361
0.17645345907658339
0.17657364904880524
0.17660950403660536
0.17360353656113148
0.17522168811410666
0.17683233926072717
0.17696670908480883
0.17840435402467847
0.17453578719869256
0.17733125993981957
0.17413091100752354
0.1736432802863419
0.1755011109635234
0.17678671702742577
0.17715001897886395
0.1754791340790689
0.17830359330400825
0.1747764078900218
0.17250980297103524
0.1778860203921795
0.17496938724070787
0.17423619981855154
0.17949772905558348
0.17606499511748552
0.17437725374475121
0.1717159696854651
0.17696326691657305
0.17519749514758587
0.1748226759955287
0.17852326203137636
0.1767388409934938
0.17658407799899578
0.17154399072751403
0.17450436810031533
0.17638807790353894
0.17887754924595356
0.17721398314461112
0.17790732998400927
0.17726712487637997
0.17119875364005566
0.175197868142277
0.17155872797593474
0.17262032395228744
0.18103847187012434
0.17624982399865985
0.17574930470436811
0.1722322809509933
0.1768633439205587
0.1741296062245965
0.17447554087266326
0.17916188994422555
0.1776637751609087
0.1772929118014872
0.17155478382483125
0.17869876697659492
0.1782342460937798
0.17745839664712548
0.1776831983588636
0.1774072558619082
0.17656206479296088
0.1713188961148262
0.1792005728930235
0.17739078402519226
0.17538098990917206
0.17870583105832338
0.17671487806364894
0.17705083219334483
0.17355643212795258
0.17691402276977897
0.1783317350782454
0.17673417879268527
0.17724934499710798
0.17866510013118386
0.1774392779916525
0.17597996722906828
0.17195192584767938
0.17645742325112224
0.1769370511174202
0.17739222710952163
0.17746912129223347
0.17754388600587845
0.17802609503269196
0.17089917603880167
0.1784226279705763
0.17818603990599513
0.17736185295507312
0.17754231207072735
0.177836658898741
0.17689977819100022
0.17218809621408582
0.1791873942129314
0.17875076783820987
0.17715202597901225
0.17707230104133487
0.17917088279500604
0.17724515218287706
0.17717845924198627
0.1722580618225038
0.17664321418851614
0.17436295002698898
0.17296212818473577
0.1772669618949294
0.1791800819337368
0.17616964504122734
0.1730291498824954
0.17779895896092057
0.17736864322796464
0.17750415112823248
0.17817050917074084
0.17848898516967893
0.17649315763264894
0.171311026904732
0.179409088101238
0.17916030576452613
0.17735735699534416
0.17750385403633118
0.17776299826800823
0.1762680308893323
0.17383803613483906
0.17611056379973888
0.17871306976303458
0.17609669594094157
0.17626187717542052
0.17880390211939812
0.17583582596853375
0.17583592282608151
0.17147555388510227
0.17609341721981764
0.17511580791324377
0.17605455871671438
0.17956498032435775
0.17753631621599197
0.17674722615629435
0.17276509990915656
0.17722624028101563
0.17588650295510888
0.17626221617683768
0.17824679613113403
0.17762401094660163
0.17798916390165687
0.1717456290498376
0.18008502200245857
0.17765855276957154
0.17720588902011514
0.1789880832657218
0.1783158159814775
0.17781194625422359
0.17547051794826984
0.17405857564881444
0.17892324877902865
0.1759270979091525
0.17663021991029382
0.17958411807194352
0.17748823994770646
0.17705447413027287
0.17200568690896034
0.17787839099764824
0.17546689929440618
0.17682184418663383
0.1797961201518774
0.17826403165236115
0.17761111306026578
0.17221964709460735
0.17219965299591422
0.169822305906564
0.17021874710917473
0.17927895626053214
0.17956251371651888
0.17825835198163986
0.17358453199267387
0.179139515850693
0.17655512690544128
0.17637341003865004
0.17823611525818706
0.1779865389689803
0.17753219045698643
0.17411780916154385
0.17910061590373516
0.17813837016001344
0.1765002110041678
0.17733236076310277
0.17988833412528038
0.17772078281268477
0.17754771234467626
0.17242675088346004
0.17625109804794192
0.17562604509294033
0.17663542600348592
0.17985915206372738
0.17916080402210355
0.17840437218546867
0.17361548403277993
0.17894012993201613
0.17936317482963204
0.17777669988572598
0.17851601727306843
0.17940626805648208
0.17884752713143826
0.17725001880899072
0.17194149596616626
0.17885198863223195
0.1752159409224987
0.17314856220036745
0.17712532170116901
0.18023536494001746
0.1785108419135213
0.17191689275205135
0.1783909029327333
0.17554890317842364
0.17520356690511107
0.17784442799165845
0.18061828892678022
0.17881735833361745
0.1734745493158698
0.178067188244313
0.17993316007778049
0.1791826542466879
0.1792136738076806
0.17946730460971594
0.17855567811056972
0.17806655820459127
0.17219235934317112
0.17942993389442563
0.18041438004001975
0.17790705105289817
0.17916774796321988
0.17918666126206517
0.17846157494932413
0.17722386913374066
0.17305799294263124
0.17862869799137115
0.17666947981342673
0.17573176603764296
0.18051617918536067
0.17799930088222027
0.17771779280155897
0.17256347695365548
0.1811494347639382
0.17753051919862628
0.17422568332403898
0.1762592988088727
0.18128260038793087
0.17909362958744168
0.17691689217463136
0.17374146915972233
0.17793704010546207
0.1765580279752612
0.17719911504536867
0.18063935218378901
0.1782986680045724
0.1784135028719902
0.1738390289247036
0.1794487382285297
0.17950924392789602
0.17849734518676996
0.17918694578111172
0.17923376616090536
0.17892587883397937
0.17869652481749654
0.1727317152544856
0.1799252456985414
0.17975051514804363
0.1784441932104528
0.17866529524326324
0.17930833203718066
0.17927023489028215
0.17596828704699874
0.17456964077427983
0.17963337805122137
0.1771429441869259
0.17702895402908325
0.17964517790824175
0.1779737900942564
0.1779381879605353
0.17273191176354885
0.1799178160727024
0.17741412622854114
0.1746537140570581
0.17548317182809114
0.18105589505285025
0.1780568310059607
0.17559822276234627
0.17626113211736083
0.17975591495633125
0.17861652607098222
0.17873059213161469
0.17959663178771734
0.17906013410538435
0.17839110596105456
0.17240459704771638
0.17333400761708617
0.17112220916897058
0.17127413116395473
0.1776882321573794
0.18113031657412648
0.17775964131578803
0.17412589816376567
0.17956712609156966
0.1803238671272993
0.17791782692074776
0.18066932680085301
0.18242868827655911
0.18075195513665676
0.17826209776103497
0.17473894217982888
0.18023143382743
0.1787328263744712
0.17744859075173736
0.17843824019655585
0.18125928472727537
0.18012204580008984
0.17688086489215493
0.17320257518440485
0.1788499359972775
0.17534241219982505
0.17574919201433659
0.17958782985806465
0.17936405120417476
0.17921292688697577
0.17456523096188903
0.1771285836584866
0.178486795630306
0.17950988095253706
0.1797107202000916
0.17928127199411392
0.17979858117178082
0.17836955981329083
0.1733315158635378
0.17973627895116806
0.17966491915285587
0.17674409179016948
0.17930721584707499
0.17943821009248495
0.17885388899594545
0.1777940196916461
0.17378006223589182
0.1802567937411368
0.1772925346158445
0.17708504665642977
0.17936349287629128
0.17962649697437882
0.17861998174339533
0.1761836837977171
0.1763897710479796
0.17999578500166535
0.17577704600989819
0.17665987415239215
0.18048546696081758
0.1798591511324048
0.1793690319173038
0.1729849399998784
0.1787781249731779
0.1759337717667222
0.17363604297861457
0.1784006399102509
0.18136968184262514
0.1796804922632873
0.17641514306887984
0.17596888914704323
0.1800489858724177
0.1802586168050766
0.17949436092749238
0.17972303787246346
0.17992435581982136
0.17904150392860174
0.17633215291425586
0.17640085332095623
0.18040614994242787
0.1805142443627119
0.1795291928574443
0.1795333931222558
0.17940396908670664
0.17844462813809514
0.17490519024431705
0.1765539557673037
0.18034029193222523
0.1778506929986179
0.17787063075229526
0.18178752483800054
0.17855198588222265
0.17966493591666222
0.17360356496647
0.1808883547782898
0.17992473114281893
0.1769413398578763
0.17666721204295754
0.18128540692850947
0.17897785967215896
0.17801581416279078
0.17309021903201938
0.17870139610022306
0.1757428371347487
0.17448432883247733
0.17932836059480906
0.18112213630229235
0.17963072704151273
0.17585676535964012
0.17952495673671365
0.17822765605524182
0.17556566186249256
0.1776963947340846
0.1817609891295433
0.17976761981844902
0.17988169705495238
0.17397097824141383
0.18074293993413448
0.1807642769999802
0.17952441703528166
0.1795617719180882
0.17936681304126978
0.17940943129360676
0.17978989891707897
0.1740876459516585
0.17858489695936441
0.17952912067994475
0.17799735208973289
0.17795394081622362
0.18114919029176235
0.17991030495613813
0.1789514971897006
0.17185593070462346
0.17866160860285163
0.1750686839222908
0.17315986519679427
0.1775962272658944
0.1824916349723935
0.17965143220499158
0.1744657247327268
0.17958236811682582
0.17832948919385672
0.17679368797689676
0.17867286875844002
0.181619165930897
0.17865362204611301
0.17832851689308882
0.17246411414816976
0.17397668585181236
0.17167323315516114
0.17204140732064843
0.1795726721175015
0.18187280278652906
0.17926551401615143
0.1756025766953826
0.1788502591662109
0.1795005309395492
0.17891267081722617
0.17915269499644637
0.1799657428637147
0.179567517247051
0.1786524299532175
0.17327795969322324
0.1803355528973043
0.17589963879436255
0.1743936170823872
0.1787975882180035
0.18222081614658237
0.17977049387991428
0.17734490428119898
0.17477777367457747
0.17973683588206768
0.17614177195355296
0.17595588881522417
0.1797445979900658
0.18108529318124056
0.17901303013786674
0.17429366102442145
0.17636920884251595
0.17230270383879542
0.17129303375259042
0.17677590996026993
0.18171674478799105
0.17910340195521712
0.17761034285649657
0.1768020149320364
0.18058319296687841
0.17809607787057757
0.1781385620124638
0.18077292712405324
0.179669211152941
0.17962031811475754
0.17455102456733584
0.17996413120999932
0.18041053926572204
0.17808460909873247
0.17918553994968534
0.18084505014121532
0.18043042393401265
0.18060331419110298
0.1743855676613748
0.17895114282146096
0.17947704531252384
0.17814907105639577
0.1795491580851376
0.18067316617816687
0.17876438796520233
0.17761633126065135
0.17441061418503523
0.17531154304742813
0.17164153372868896
0.17232334800064564
0.17767997412011027
0.18191948533058167
0.17923924699425697
0.1749349758028984
0.1788036092184484
0.18098026374354959
0.17843718780204654
0.17904151184484363
0.18013544380664825
0.17987057799473405
0.17884350381791592
0.17422315338626504
0.18073928030207753
0.17844241112470627
0.17676345258951187
0.17815494071692228
0.1803755988366902
0.17938796617090702
0.17858463479205966
0.1737129520624876
0.1792364059947431
0.17550962092354894
0.17573764501139522
0.17971350718289614
0.1809589290060103
0.17924764938652515
0.17597785126417875
0.17566593503579497
0.1800858830101788
0.17963152984157205
0.17954845493659377
0.1796321920119226
0.1801592418923974
0.17837999388575554
0.17505610082298517
0.1776351947337389
0.18003306677564979
0.18016501003876328
0.18008464202284813
0.17855452978983521
0.18054172303527594
0.17873756401240826
0.17504416406154633
0.1785231097601354
0.17968504084274173
0.17752779088914394
0.17851576022803783
0.17896463628858328
0.17902357131242752
0.17851535230875015
0.17201606603339314
0.17855572188273072
0.17573205986991525
0.17352646309882402
0.17811286682263017
0.18166095204651356
0.17910629883408546
0.1749442182481289
0.1764660719782114
0.17320565320551395
0.17176236119121313
0.17632186179980636
0.18148966319859028
0.17826780676841736
0.17646584613248706
0.1764864521101117
0.18082356080412865
0.17812446178868413
0.17850247118622065
0.18141592806205153
0.18034168891608715
0.17989814281463623
0.17521910229697824
0.17846849374473095
0.17833843920379877
0.17749538784846663
0.1793294600211084
0.18051935033872724
0.17982706800103188
0.17942241905257106
0.17428762326017022
0.18069239100441337
0.17936900397762656
0.17724898224696517
0.17813366884365678
0.1805006330832839
0.17974715400487185
0.17872053990140557
0.17276344681158662
0.1779318549670279
0.17469804687425494
0.17410179413855076
0.17940726689994335
0.18060024827718735
0.1787004079669714
0.17533535603433847
0.17766476003453135
0.17816265486180782
0.18012704234570265
0.180396290961653
0.17921803100034595
0.1791272941045463
0.17977464804425836
0.17370233312249184
0.17946757888421416
0.18006461532786489
0.17746932804584503
0.17852594098076224
0.18116067489609122
0.17946894513443112
0.17959271371364594
0.1722294120118022
0.17992631206288934
0.17582994792610407
0.17412034422159195
0.1784817548468709
0.18192348582670093
0.1795478812418878
0.17724155588075519
0.17531924694776535
0.1796921449713409
0.17555281799286604
0.1761600780300796
0.1801703399978578
0.18105249106884003
0.17912638327106833
0.17292563384398818
0.17466724989935756
0.1715387860313058
0.1724243201315403
0.17874062806367874
0.18195387907326221
0.1786607620306313
0.17613836796954274
0.17741331411525607
0.18193941796198487
0.1810374641790986
0.18141936231404543
0.180037512909621
0.18095832411199808
0.1790175959467888
0.17723867297172546
0.17558995494619012
0.18050728598609567
0.18072632141411304
0.17655934672802687
0.18161276914179325
0.1805716590024531
0.1788670001551509
0.17751852609217167
0.1759621729142964
0.18095178389921784
0.1774552441202104
0.17685066210106015
0.17972525069490075
0.18020752631127834
0.17958245193585753
0.1740363477729261
0.18062416091561317
0.17792903678491712
0.175876600202173
0.17743551172316074
0.18064217595383525
0.17806868208572268
0.17836341727524996
0.17247009882703424
0.17649879399687052
0.17569962702691555
0.17747402377426624
0.18081352394074202
0.1793917897157371
0.17785729793831706
0.1746658394113183
0.17885539820417762
0.1799133289605379
0.17889620689675212
0.1792124668136239
0.17952657723799348
0.1792204580269754
0.17823846731334925
0.1736165271140635
0.17931204615160823
0.1791779980994761
0.17755689099431038
0.178329945076257
0.1793981408700347
0.1791309011168778
0.17703456385061145
0.17378538800403476
0.17940229829400778
0.1772557832300663
0.1758550861850381
0.17885229410603642
0.17931289924308658
0.17873565340414643
0.17395616695284843
0.1801060689613223
0.17853035405278206
0.17637354601174593
0.17761493008583784
0.18004533415660262
0.1790039138868451
0.17827027011662722
0.1721842372789979
0.17561055906116962
0.17449392983689904
0.17697752825915813
0.18103964207693934
0.17915351083502173
0.17788992589339614
0.17300636786967516
0.1792210559360683
0.17996604507789016
0.17711107758805156
0.17912749480456114
0.17851997213438153
0.1796691808849573
0.17750198114663363
0.17338033625856042
0.17907558986917138
0.17643966432660818
0.17645984515547752
0.1793487542308867
0.17894729087129235
0.17849049996584654
0.1747847250662744
0.17709095729514956
0.17899571917951107
0.17771904962137341
0.178369649220258
0.17901526298373938
0.17950434796512127
0.1781638888642192
0.17210367787629366
0.17837894801050425
0.1757641052827239
0.17462006397545338
0.17794714821502566
0.17952530132606626
0.1780322128906846
0.17250629188492894
0.17876529600471258
0.18014276819303632
0.17881375784054399
0.17905442416667938
0.1788740479387343
0.17985765496268868
0.1784397903829813
0.17133739404380322
0.1808447795920074
0.18003191612660885
0.1789068109355867
0.1798224481754005
0.17939285980537534
0.17870330903679132
0.17690578987821937
0.1732275988906622
0.17966969404369593
0.17762969620525837
0.17724138591438532
0.17918833857402205
0.17865145578980446
0.1780231366865337
0.1735519920475781
0.1788392630405724
0.17929593473672867
0.17759844521060586
0.17797083407640457
0.1789434622041881
0.1789278299547732
0.17692722706124187
0.17159287398681045
0.17779127089306712
0.17473851703107357
0.17475698189809918
0.17907482711598277
0.17900970811024308
0.17781081376597285
0.17238203482702374
0.17331031896173954
0.17014566995203495
0.17029697727411985
0.17926970217376947
0.18103471491485834
0.1788270021788776
0.17357312375679612
0.17993532959371805
0.17793535394594073
0.17560499534010887
0.17605252424255013
0.18260700535029173
0.17859878716990352
0.1774762338027358
0.1741084731183946
0.17800044175237417
0.17642823932692409
0.1781816901639104
0.1808583731763065
0.17820287495851517
0.17838303092867136
0.1722823092713952
0.17847639182582498
0.17635334702208638
0.17510748142376542
0.17928158584982157
0.1809492101892829
0.1789845353923738
0.17711523594334722
0.17456277180463076
0.18013018975034356
0.17977127293124795
0.17945453897118568
0.18013508897274733
0.17911349516361952
0.17769313789904118
0.17554596811532974
0.17648856295272708
0.17965249624103308
0.17626345297321677
0.17693031392991543
0.18055190611630678
0.1791302072815597
0.17855576891452074
0.17207415821030736
0.17878231313079596
0.17512936098501086
0.17402293905615807
0.17802376672625542
0.18191708996891975
0.1788833700120449
0.1747657861560583
0.17753106681630015
0.17425177991390228
0.17219200311228633
0.17457830160856247
0.18115366203710437
0.17831847723573446
0.17672131722792983
0.17621531803160906
0.18015198921784759
0.17876064497977495
0.17750229220837355
0.17993996711447835
0.18004291784018278
0.17944937478750944
0.17469949601218104
0.17928257817402482
0.18028421234339476
0.17762468894943595
0.1787146939896047
0.17966917715966702
0.17940509412437677
0.17789217829704285
0.17386282794177532
0.1798195713199675
0.17591535206884146
0.17495099594816566
0.17846686905249953
0.18072173791006207
0.18003310589119792
0.17836692789569497
0.17307807598263025
0.17772357910871506
0.1763440938666463
0.17670069308951497
0.1799604850821197
0.17904462479054928
0.17820881865918636
0.172998224850744
0.18067322997376323
0.18115350790321827
0.178694617934525
0.17922365572303534
0.17873874492943287
0.17872871737927198
0.17891118815168738
0.1716141919605434
0.18034233711659908
0.17681071907281876
0.17558601312339306
0.17988132499158382
0.1783500830642879
0.1781635219231248
0.17449668236076832
0.17748220404610038
0.1791241210885346
0.1771463039331138
0.17849800921976566
0.17996603157371283
0.17800582805648446
0.17754774168133736
0.17171572195366025
0.17758881906047463
0.17572174593806267
0.17607414815574884
0.179572862572968
0.17959190905094147
0.17903193505480886
0.1744457632303238
0.1768389716744423
0.17967767966911197
0.17886278312653303
0.17945300694555044
0.17818727204576135
0.17871900321915746
0.17818910302594304
0.17238561995327473
0.179738016333431
0.17837272817268968
0.1775849792174995
0.17938880622386932
0.17955793906003237
0.17887831199914217
0.17669831402599812
0.1738165970891714
0.1790155847556889
0.17669442109763622
0.17578139621764421
0.17905940301716328
0.17936174757778645
0.17829210590571165
0.17250467464327812
0.17870814772322774
0.17429836094379425
0.17244921205565333
0.17557484796270728
0.18147631408646703
0.17865029396489263
0.17371214786544442
0.1751939319074154
0.1725319460965693
0.17193519696593285
0.17717214208096266
0.18078543478623033
0.17744404915720224
0.17522738501429558
0.1774002406746149
0.17803361313417554
0.17710100812837481
0.17724014213308692
0.18094704626128078
0.1796864401549101
0.17863949900493026
0.17148826830089092
0.1797233959659934
0.17547745211049914
0.17525221779942513
0.17867617029696703
0.17948451731353998
0.17773365322500467
0.17456087796017528
0.17817657673731446
0.17869894625619054
0.17853627679869533
0.17881552409380674
0.1793612027540803
0.17991390405222774
0.17860084120184183
0.1722939140163362
0.17817170033231378
0.1754118800163269
0.1752751311287284
0.17951829591766
0.17947633285075426
0.1786026102490723
0.17466571275144815
0.17601478705182672
0.18004397302865982
0.1789307501167059
0.17879263497889042
0.17894224915653467
0.17937404289841652
0.1792003270238638
0.1733864047564566
0.1797931776382029
0.18044781498610973
0.17742944695055485
0.17917918087914586
0.182620779145509
0.1792402509599924
0.179369255900383
0.17297557182610035
0.18105941684916615
0.17915445379912853
0.1764148036018014
0.17777981609106064
0.17998664500191808
0.17852629022672772
0.17711642710492015
0.1737468857318163
0.17862036125734448
0.1761869601905346
0.1759009938687086
0.18047454906627536
0.180034336168319
0.17902940372005105
0.17330363485962152
0.17472184915095568
0.1713200230151415
0.1716487780213356
0.17685345793142915
0.18158522294834256
0.17926471261307597
0.17522931704297662
0.1780284778214991
0.17883632006123662
0.17753414018079638
0.17802472691982985
0.182623659260571
0.17898839991539717
0.17833314323797822
0.1732507050037384
0.18067310191690922
0.17753264401108027
0.17480183625593781
0.17786109494045377
0.18172197695821524
0.17855952586978674
0.17787017207592726
0.17350323824211955
0.1781807178631425
0.1751078451052308
0.17604830861091614
0.18085887609049678
0.179830941837281
0.1792411943897605
0.1742333029396832
0.17456515412777662
0.17154006101191044
0.17137286206707358
0.1753631792962551
0.18164356099441648
0.17962143709883094
0.17481086822226644
0.18013212410733104
0.18026429926976562
0.1784892613068223
0.17937092622742057
0.1799828540533781
0.1806445592083037
0.17985138669610023
0.17357376078143716
0.1806915570050478
0.17849662294611335
0.1757193338125944
0.1772164818830788
0.18118407763540745
0.1786703527905047
0.17881344398483634
0.17323561990633607
0.17779166623950005
0.17565928818657994
0.17763168504461646
0.1812425972893834
0.17909294180572033
0.17781514022499323
0.17516189999878407
0.17828847980126739
0.1790248341858387
0.17894667526707053
0.17914013005793095
0.17959574796259403
0.17984302528202534
0.17912214528769255
0.1741068442352116
0.1797174010425806
0.17992593999952078
0.17721534008160233
0.17837737081572413
0.18192844465374947
0.18022419093176723
0.17931958613917232
0.17246046429499984
0.18013483565300703
0.17630191426724195
0.17544782534241676
0.17895035492256284
0.18575289892032743
0.17972162226215005
0.17842065310105681
0.17264973698183894
0.17944210022687912
0.17604456143453717
0.17452197382226586
0.1785740670748055
0.1829076991416514
0.18067339062690735
0.17619496677070856
0.17756475694477558
0.17915578978136182
0.17801062110811472
0.17802380304783583
0.18126626405864954
0.17945759510621428
0.1783758858218789
0.1742204688489437
0.17997301695868373
0.18082900997251272
0.17920797085389495
0.17946901498362422
0.17960385465994477
0.18010836699977517
0.1778115569613874
0.17410070961341262
0.1804139339365065
0.18075319100171328
0.1793202687986195
0.18040475388988853
0.17957809893414378
0.1797506851144135
0.1793059608899057
0.1731997267343104
0.17973568383604288
0.18111996492370963
0.18023820966482162
0.17980192508548498
0.179603876080364
0.1786345560103655
0.1788622261956334
0.17392273992300034
0.18006693106144667
0.17940410412847996
0.17731312988325953
0.17854958167299628
0.1803727811202407
0.1793051538988948
0.17848684219643474
0.17357041500508785
0.18223599577322602
0.17702601803466678
0.17636429704725742
0.1789359892718494
0.17971052508801222
0.17873465921729803
0.1760134040378034
0.17575088376179338
0.17917742300778627
0.17762849992141128
0.17851297976449132
0.1797173386439681
0.1789181251078844
0.17858013696968555
0.171505908947438
0.17782883625477552
0.17503575701266527
0.1727596470154822
0.1765351491048932
0.18183404114097357
0.17785456590354443
0.1741106929257512
0.17811408266425133
0.17833662685006857
0.17904097400605679
0.17910305503755808
0.17860209476202726
0.179257829207927
0.17807271191850305
0.17218183493241668
0.18076728284358978
0.17739798361435533
0.17556431517004967
0.1765677509829402
0.1802361961454153
0.176684589125216
0.17553498595952988
0.17612608009949327
0.17926681600511074
0.17738046497106552
0.1785081229172647
0.17919548694044352
0.17824256280437112
0.1770159127190709
0.17160654719918966
0.1771851498633623
0.1746248248964548
0.17507877806201577
0.17944983206689358
0.1782356589101255
0.17769041378051043
0.1726600918918848
0.17986731277778745
0.17986801965162158
0.17613264871761203
0.1795656750909984
0.1788465199060738
0.1789276641793549
0.17741613322868943
0.173345732036978
0.17935311002656817
0.17689255299046636
0.17668285593390465
0.17912688478827477
0.17844651639461517
0.17809201311320066
0.173970608972013
0.17821191204711795
0.17839591391384602
0.177154079079628
0.17784185521304607
0.17893140390515327
0.17885832209140062
0.17784973559901118
0.17146185878664255
0.17633513966575265
0.1735030012205243
0.173022226896137
0.17768614692613482
0.18027539364993572
0.17745967907831073
0.17270257091149688
0.17602881137281656
0.17581562791019678
0.17739167204126716
0.18061445094645023
0.17813589796423912
0.17823977023363113
0.17322466615587473
0.1787750730291009
0.17914002994075418
0.1767868041060865
0.17756773298606277
0.17940545408055186
0.1791991931386292
0.17730838479474187
0.17274053720757365
0.17881549708545208
0.17589477356523275
0.1746471249498427
0.17840548884123564
0.17964723706245422
0.17893840605393052
0.17178160697221756
0.17783007584512234
0.1750048459507525
0.17247077822685242
0.1758655491285026
0.18147065211087465
0.17841717367991805
0.1745262830518186
0.178327864035964
0.18045534612610936
0.17936671059578657
0.1791147980839014
0.17784955073148012
0.17915444867685437
0.17851922800764441
0.17357486113905907
0.1793379122391343
0.1799062415957451
0.1776405149139464
0.17938673635944724
0.17867624992504716
0.17869070824235678
0.17740079713985324
0.1722311801277101
0.17856108117848635
0.17520022904500365
0.1745071387849748
0.17874776106327772
0.179380988702178
0.17825902812182903
0.17126026982441545
0.1778926462866366
0.17545924801379442
0.17369569884613156
0.17798223393037915
0.17968259612098336
0.17879198770970106
0.17397398129105568
0.1783042219467461
0.18029770674183965
0.17939386097714305
0.1795328250154853
0.17895914195105433
0.17929471610113978
0.17902224510908127
0.17174545722082257
0.17973972018808126
0.17997855693101883
0.17712849518284202
0.1797468699514866
0.17959442175924778
0.1782666752114892
0.1769075240008533
0.17346298275515437
0.17905587097629905
0.17487454181537032
0.17253929702565074
0.17555632907897234
0.17957330914214253
0.17779566114768386
0.17210322711616755
0.17821305710822344
0.1749803782440722
0.17426593368873
0.17991154128685594
0.17968383291736245
0.17828516196459532
0.17312884703278542
0.17966908914968371
0.18043628614395857
0.18009070307016373
0.1788370511494577
0.17848285101354122
0.17926334403455257
0.17873356072232127
0.17322168964892626
0.17986900499090552
0.1800502031110227
0.1783746643923223
0.1802435778081417
0.17895292537286878
0.17959736706689
0.17837102711200714
0.1731464290060103
0.18041299283504486
0.176959577947855
0.17442495236173272
0.1776067428290844
0.18069862574338913
0.17860913090407848
0.17472751205787063
0.17845349991694093
0.17881855927407742
0.17830044589936733
0.17835863586515188
0.1798184160143137
0.17851320700719953
0.17766315210610628
0.17169087892398238
0.17646654089912772
0.17435912089422345
0.17465837625786662
0.18012445978820324
0.17847606213763356
0.17792228981852531
0.17396515188738704
0.17803854402154684
0.1793723739683628
0.1775199049152434
0.17955433670431376
0.17880410887300968
0.1791863958351314
0.17727225832641125
0.172582789324224
0.17841082299128175
0.17515867296606302
0.1738885510712862
0.1780045568011701
0.18067763093858957
0.1793342586606741
0.1719094840809703
0.1789042199961841
0.17591607570648193
0.1731799989938736
0.1772476858459413
0.18227300327271223
0.17832205211743712
0.175945398863405
0.17568074725568295
0.17926141573116183
0.1786957080475986
0.1793729248456657
0.1794034200720489
0.17940468480810523
0.17881227936595678
0.174525354988873
0.17826409172266722
0.17834682762622833
0.17866775579750538
0.17995052970945835
0.1803022981621325
0.1786693106405437
0.17842291807755828
0.17234320798888803
0.18032836122438312
0.17750474205240607
0.1745451190508902
0.17586362594738603
0.18159362208098173
0.17806906579062343
0.175683771725744
0.1764418389648199
0.18004205403849483
0.17691015405580401
0.17810040898621082
0.18032226106151938
0.17891151970252395
0.17958788527175784
0.17224746197462082
0.17923265136778355
0.17539295693859458
0.17295179003849626
0.17653484223410487
0.18197971675544977
0.1772172781638801
0.17437664978206158
0.17779752984642982
0.1787620559334755
0.17913984786719084
0.1792461760342121
0.17884127702564
0.17932647559791803
0.17787550995126367
0.17327129701152444
0.18056352389976382
0.1792432558722794
0.1763557828962803
0.179377606138587
0.1791595323011279
0.1798808970488608
0.17699124990031123
0.17282017599791288
0.17916321428492665
0.17552239820361137
0.17430817568674684
0.1783336102962494
0.1802018629387021
0.17871951404958963
0.1720894118770957
0.1798906265757978
0.17480119410902262
0.17285214317962527
0.17720625083893538
0.18238505721092224
0.1785138351842761
0.176625887863338
0.1761279357597232
0.17977010365575552
0.17968202102929354
0.18015065882354975
0.1806679624132812
0.17995904386043549
0.17778139980509877
0.17478151712566614
0.1769899958744645
0.18040310917422175
0.17928800592198968
0.17869671387597919
0.17846864322200418
0.1799384201876819
0.1779171503148973
0.17364646727219224
0.17934876773506403
0.17900089314207435
0.17774296598508954
0.17833951022475958
0.17854547128081322
0.1790538663044572
0.17657019011676311
0.17274275934323668
0.17844483815133572
0.17556924559175968
0.1749972179532051
0.1801709709689021
0.18105946201831102
0.1791358101181686
0.17241997784003615
0.173976288177073
0.17085771821439266
0.172630927991122
0.17867296608164907
0.18109659105539322
0.17951731709763408
0.17430624831467867
0.17923699272796512
0.17987881693989038
0.1787972250021994
0.17940794909372926
0.1790986368432641
0.18008078960701823
0.17805558070540428
0.1736775399185717
0.1796970870345831
0.1789880790747702
0.17656169133260846
0.17777168145403266
0.1803672080859542
0.17779145203530788
0.17804055102169514
0.1730418740771711
0.17838747194036841
0.17660420713946223
0.17741266917437315
0.18067775899544358
0.1792263314127922
0.1793379201553762
0.17345850681886077
0.17509594932198524
0.1710483548231423
0.1719961753115058
0.17712852405384183
0.18172697583213449
0.17802986409515142
0.17555592395365238
0.17824289062991738
0.17889740597456694
0.1794326538220048
0.1800712887197733
0.18044065404683352
0.1787850740365684
0.17891241190955043
0.17401236901059747
0.18020111741498113
0.1801807419396937
0.1774171800352633
0.17833107756450772
0.1804828648455441
0.1786548080854118
0.17808986641466618
0.17261146008968353
0.17831705044955015
0.17579423682764173
0.1728069493547082
0.17729850392788649
0.18198534799739718
0.17825193097814918
0.17333605512976646
0.1741225952282548
0.17046581907197833
0.17206863686442375
0.17827779334038496
0.1823094403371215
0.17919629905372858
0.17552096582949162
0.17849187273532152
0.1788745578378439
0.17798307398334146
0.17822347907349467
0.18154408317059278
0.17894176905974746
0.17850874504074454
0.1727014910429716
0.1802523168735206
0.17662451835349202
0.17592686787247658
0.17750611994415522
0.1800502478145063
0.17762783588841558
0.17531496426090598
0.17597820982336998
0.17714116722345352
0.17745243199169636
0.17773241084069014
0.17798726400360465
0.1781262350268662
0.17704032873734832
0.17159533360973
0.17388341575860977
0.17355649592354894
0.17560370219871402
0.1795779513195157
0.17756657768040895
0.17738735768944025
0.17108892416581511
0.176547443959862
0.17366815079003572
0.17254739115014672
0.17688343487679958
0.1799381929449737
0.17784074088558555
0.17183773266151547
0.17723853001371026
0.1751328120008111
0.17416749196127057
0.17909889807924628
0.17780708381906152
0.17803330440074205
0.17277036607265472
0.17931518098339438
0.1788284983485937
0.17701514204964042
0.17878223583102226
0.17937646061182022
0.17719414923340082
0.175733660813421
0.17340319696813822
0.1786564001813531
0.17574124597012997
0.1756171239539981
0.17923525488004088
0.17772733373567462
0.17654680600389838
0.17198491003364325
0.17653992120176554
0.17430952237918973
0.17519246600568295
0.1802919628098607
0.1792616848833859
0.17671551182866096
0.17100146878510714
0.17061272077262402
0.1701504997909069
0.17319725593551993
0.1807649158872664
0.17870850721374154
0.17769843991845846
0.17339817807078362
0.17909680400043726
0.17626810306683183
0.17359928879886866
0.17794022103771567
0.18018840299919248
0.17719418602064252
0.17201760178431869
0.17877722112461925
0.17541058082133532
0.1738114869222045
0.17670365003868937
0.17995690694078803
0.17730893334373832
0.1728031230159104
0.17769364407286048
0.17925518099218607
0.17832114174962044
0.1779394382610917
0.17798127699643373
0.17834327183663845
0.1769695612601936
0.17184037994593382
0.17775786109268665
0.1773866289295256
0.17781788809224963
0.17755469400435686
0.17859455896541476
0.1776421321555972
0.17185236467048526
0.17912792786955833
0.17634987272322178
0.17474256176501513
0.17780046723783016
0.17875966802239418
0.1768935672007501
0.17499188194051385
0.17719504097476602
0.17739344108849764
0.176856960169971
0.17756471363827586
0.177659185603261
0.1782134440727532
0.17712374916300178
0.17143069533631206
0.1763694272376597
0.17562978295609355
0.1765316966921091
0.17871623719111085
0.17774177389219403
0.17724540084600449
0.17228417890146375
0.17839591531082988
0.17652510572224855
0.1773397559300065
0.18062130874022841
0.17730302503332496
0.17747850390151143
0.1743033709935844
0.1749864718876779
0.17820687219500542
0.17664928687736392
0.17708350392058492
0.17874444089829922
0.17744280397891998
0.17644597496837378
0.1712631657719612
0.17655746219679713
0.17515052622184157
0.1762931547127664
0.17863710597157478
0.17790080467239022
0.17699109809473157
0.172291143797338
0.17497629625722766
0.1754903462715447
0.17671480029821396
0.17966165486723185
0.1773410951718688
0.1772077870555222
0.1708429241552949
0.17613866180181503
0.17338427295908332
0.17140841484069824
0.17488396260887384
0.17972979880869389
0.1756978896446526
0.17146900482475758
0.17588293319568038
0.17406464600935578
0.1757986000739038
0.18010594602674246
0.17743828799575567
0.1775045683607459
0.1713007097132504
0.1798663530498743
0.1783597837202251
0.1772737610153854
0.17780374316498637
0.1787982601672411
0.17599880089983344
0.17276802193373442
0.17731516296043992
0.17773354798555374
0.17635168507695198
0.17642656294628978
0.1775086699053645
0.17620390933007002
0.17475317791104317
0.17351794708520174
0.1777543080970645
0.1771488729864359
0.17665600776672363
0.1785921729169786
0.1768691590987146
0.1765106930397451
0.171437612734735
0.17621505120769143
0.1750638522207737
0.17590617993846536
0.17764306208118796
0.17745586298406124
0.1764125651679933
0.17196139693260193
0.17381365597248077
0.1751659302972257
0.1768800518475473
0.1786565319634974
0.17794195655733347
0.17703566793352365
0.17187125235795975
0.1771916882134974
0.1731107528321445
0.17123803962022066
0.17417933605611324
0.1749191260896623
0.17597139021381736
0.1745164548046887
0.17795837204903364
0.17787030804902315
0.17701420467346907
0.17793953884392977
0.17796499514952302
0.17639164021238685
0.17168740881606936
0.17600547894835472
0.175147850997746
0.17556641111150384
0.17857942497357726
0.1774320243857801
0.17737716576084495
0.1713810572400689
0.17881427612155676
0.17602306511253119
0.1750530651770532
0.17902294313535094
0.17745806323364377
0.1775889666751027
0.17229489190503955
0.17842845991253853
0.1771678300574422
0.176405465696007
0.1771561661735177
0.17757873889058828
0.17812823178246617
0.17406947305426002
0.17387876333668828
0.17517600813880563
0.17618621373549104
0.1777100362814963
0.17728002183139324
0.17699031066149473
0.17539745522662997
0.17287645023316145
0.1762462630867958
0.17735378490760922
0.1778259859420359
0.17715089302510023
0.17709021316841245
0.17646716395393014
0.17203717911615968
0.17754484619945288
0.17358630197122693
0.17222504504024982
0.1807273500598967
0.17629784485325217
0.17540846997871995
0.1718451976776123
0.17667765589430928
0.17425883188843727
0.1757435998879373
0.1787027232348919
0.17618017829954624
0.1766102579422295
0.1712367543950677
0.1762180682271719
0.1753670098260045
0.17643787991255522
0.17854963103309274
0.1773220500908792
0.17713472014293075
0.17107507213950157
0.1753257098607719
0.17193567985668778
0.1719210920855403
0.17742993775755167
0.17645431822165847
0.17624129401519895
0.1716688689775765
0.1764777870848775
0.17518935585394502
0.17662433860823512
0.17773780459538102
0.17837401386350393
0.17709848191589117
0.17241053888574243
0.17435152363032103
0.1757774599827826
0.17746890243142843
0.17778250109404325
0.178161202929914
0.17663305904716253
0.17067637015134096
0.17618000181391835
0.17317393003031611
0.17203700076788664
0.1768547911196947
0.17962035303935409
0.17520081158727407
0.17131375893950462
0.17566393874585629
0.1747780409641564
0.1754573448561132
0.17921542096883059
0.17838899279013276
0.17763290693983436
0.17100102035328746
0.17374916234984994
0.17330397805199027
0.1757168839685619
0.17959784902632236
0.17737941583618522
0.1774238497018814
0.17200562031939626
0.17894470319151878
0.17416459321975708
0.17260366026312113
0.17572703398764133
0.18070686096325517
0.17760365828871727
0.17130201077088714
0.17698314879089594
0.17445260426029563
0.1746479431167245
0.17876538168638945
0.17868311004713178
0.17615833273157477
0.17137078708037734
0.1718610036186874
0.16966960299760103
0.17185232182964683
0.18016502214595675
0.17834045365452766
0.1762219648808241
0.17160124331712723
0.1771866399794817
0.1739928419701755
0.17426433973014355
0.17850866680964828
0.17898062989115715
0.17639428889378905
0.17234461707994342
0.17699760291725397
0.1738240448758006
0.17446774104610085
0.17931940592825413
0.17749690124765038
0.1776576261036098
0.17064788192510605
0.1743375239893794
0.17424047132954001
0.1758706266991794
0.17923813126981258
0.17738936422392726
0.17731111496686935
0.17206019442528486
0.1784327100031078
0.1746079958975315
0.1725883837789297
0.17632330115884542
0.1795887346379459
0.17765897931531072
0.17179253976792097
0.17845540400594473
0.17651919275522232
0.17565192328765988
0.1782131791114807
0.17913777707144618
0.17872192384675145
0.1737896860577166
0.17568913288414478
0.17286100098863244
0.17057915590703487
0.17380059231072664
0.18035544315353036
0.17667549196630716
0.1739888652227819
0.17710102908313274
0.178053995128721
0.17712256778031588
0.1771775963716209
0.17887411080300808
0.17651622602716088
0.17553810914978385
0.17338811699301004
0.17775364965200424
0.175415828358382
0.17661563493311405
0.18016135320067406
0.1780201569199562
0.1764541808515787
0.17165787098929286
0.1760839270427823
0.1743121212348342
0.1738085332326591
0.17890044813975692
0.17853136686608195
0.17818333394825459
0.17245544027537107
0.17989627830684185
0.179011816624552
0.17822008626535535
0.1779172420501709
0.1779542020522058
0.17815472511574626
0.17437477875500917
0.1753511787392199
0.17839128524065018
0.17848959285765886
0.17859573382884264
0.17790765780955553
0.17847509775310755
0.17693426413461566
0.170938768889755
0.17769360402598977
0.17497747018933296
0.17325080698356032
0.17706333613023162
0.1801409306935966
0.17672347789630294
0.17171150911599398
0.17738907504826784
0.17401736602187157
0.174854451790452
0.1790246502496302
0.17784728715196252
0.17648003064095974
0.17187948431819677
0.17770478874444962
0.17864776542410254
0.17675526533275843
0.17734376480802894
0.1779944426380098
0.1772566088475287
0.17355463933199644
0.17535825073719025
0.17841560812667012
0.17651424184441566
0.17650079913437366
0.17894485127180815
0.17702212929725647
0.17490305192768574
0.17159342067316175
0.17586673377081752
0.17316948482766747
0.17457420378923416
0.17854312807321548
0.17741623288020492
0.1754419137723744
0.17239854577928782
0.17404619185253978
0.17532840883359313
0.17761757131665945
0.17908434383571148
0.17709678318351507
0.17654671985656023
0.1719565517269075
0.1783793680369854
0.17768101580440998
0.17766075301915407
0.17744607711210847
0.17849091487005353
0.1770132896490395
0.1715556913986802
0.1790536562912166
0.17439868999645114
0.17532184394076467
0.1812710827216506
0.17992102820426226
0.17628245893865824
0.17429219326004386
0.17560390988364816
0.17590449983254075
0.1762939030304551
0.17742867209017277
0.17720106709748507
0.17690349323675036
0.17438550712540746
0.17428806191310287
0.17528353910893202
0.17618919676169753
0.177550058811903
0.17725113732740283
0.17728421790525317
0.1764035001397133
0.17214031796902418
0.1783277620561421
0.1752059618011117
0.1752176946029067
0.1798633560538292
0.17611549887806177
0.17497370298951864
0.1712658661417663
0.17660176195204258
0.1748236110433936
0.1751208589412272
0.17825310118496418
0.1762116658501327
0.17583158193156123
0.17102069687098265
0.17589758802205324
0.17642215685918927
0.17660875199362636
0.1774062910117209
0.17710490617901087
0.1764439712278545
0.17204430978745222
0.17724693892523646
0.17406595684587955
0.17115066712722182
0.17431379621848464
0.1750429761596024
0.17510000290349126
0.17342243483290076
0.1766774649731815
0.17588975094258785
0.1769261360168457
0.1765432977117598
0.1769146267324686
0.17652320116758347
0.1727141086012125
0.17559645185247064
0.17694968404248357
0.17773811193183064
0.17683207290247083
0.17691690428182483
0.1760457600466907
0.1721544093452394
0.1774849179200828
0.17390241799876094
0.1733371466398239
0.18071317905560136
0.17577004386112094
0.1755801271647215
0.17037396878004074
0.17481923196464777
0.17301820125430822
0.17282818909734488
0.1788215357810259
0.17768279183655977
0.17523831315338612
0.17286563804373145
0.1742533897049725
0.17571769980713725
0.1774232187308371
0.17614639131352305
0.17633742513135076
0.1735628549940884
0.17267457582056522
0.17718840017914772
0.17511073360219598
0.17538355570286512
0.17831984534859657
0.1762494556605816
0.17431601183488965
0.1724659507162869
0.17670445796102285
0.1762079638428986
0.17614419991150498
0.17667180811986327
0.17658834997564554
0.17526005301624537
0.17170647019520402
0.17355950502678752
0.17470141407102346
0.1776811103336513
0.17724900506436825
0.17672710493206978
0.17402530321851373
0.17310049990192056
0.17757582804188132
0.17700174311175942
0.1775819519534707
0.17757669324055314
0.175434741191566
0.17496636789292097
0.17115733725950122
0.17539305379614234
0.17505215108394623
0.1753330691717565
0.1774712260812521
0.176740569062531
0.17455183807760477
0.17330669471994042
0.17657637409865856
0.17683179210871458
0.17607161914929748
0.17585889203473926
0.17743339715525508
0.1756253237836063
0.1728967041708529
0.17601338494569063
0.17659533396363258
0.1766194780357182
0.17702640686184168
0.1771165900863707
0.17597756208851933
0.17156267585232854
0.177194079849869
0.1773597109131515
0.17745086969807744
0.17629329394549131
0.1778935012407601
0.17543842690065503
0.17132510198280215
0.17796994093805552
0.17581128841266036
0.17487230384722352
0.1774314008653164
0.17770756036043167
0.1756591573357582
0.16986357234418392
0.17565804114565253
0.17303701397031546
0.17296108696609735
0.1780683477409184
0.1771539100445807
0.17622455302625895
0.1718760528601706
0.17396220611408353
0.17530498001724482
0.1771448547951877
0.17715528095141053
0.176694355905056
0.1760651608929038
0.17150221019983292
0.17703761719167233
0.1751636927947402
0.17471384909003973
0.17876631300896406
0.17678610607981682
0.17524349689483643
0.17144296783953905
0.1741767772473395
0.17401880165562034
0.17566356668248773
0.17786274198442698
0.1771941352635622
0.17639793222770095
0.17317704111337662
0.17637998796999454
0.17583047691732645
0.1762226582504809
0.17754615237936378
0.17706623720005155
0.17685813596472144
0.1713918149471283
0.1769033120945096
0.1746990429237485
0.17365812603384256
0.17710340209305286
0.17773224506527185
0.17471805308014154
0.1710779438726604
0.17560582933947444
0.17431638110429049
0.17442144406959414
0.1779628610238433
0.17585265403613448
0.17613446898758411
0.1716823112219572
0.17345690494403243
0.17501581786200404
0.1777585600502789
0.17698453180491924
0.17722761211916804
0.17496758699417114
0.1718303058296442
0.17741476418450475
0.17525168508291245
0.17522834008559585
0.1786616202443838
0.1766056902706623
0.17604999896138906
0.17104400228708982
0.1752204829826951
0.1747145731933415
0.1753405057825148
0.178190175909549
0.17701094970107079
0.17510599689558148
0.17190864076837897
0.17415614519268274
0.17597131431102753
0.17708653304725885
0.1771036209538579
0.17702812142670155
0.17519955430179834
0.17302321689203382
0.17735045915469527
0.1768641620874405
0.17729061702266335
0.17677642591297626
0.17640634579584002
0.1760919103398919
0.17133011296391487
0.17749595595523715
0.17526500392705202
0.1745225340127945
0.17829658882692456
0.17666414519771934
0.1750922561623156
0.17016449570655823
0.17434810288250446
0.17458015121519566
0.17594261514022946
0.1777403480373323
0.17783537274226546
0.17592412000522017
0.17263876693323255
0.1753266560845077
0.1764318379573524
0.17687326297163963
0.17709624720737338
0.17646906897425652
0.17646631598472595
0.1712695313617587
0.176727585028857
0.17450747033581138
0.1744803562760353
0.17809866834431887
0.1765877609141171
0.17558647133409977
0.1710359533317387
0.17546524479985237
0.174701820127666
0.17573682684451342
0.1774576362222433
0.17815545480698347
0.17562465788796544
0.1721321982331574
0.17645812965929508
0.1763141890987754
0.177421058062464
0.17681248812004924
0.17650078190490603
0.17608330072835088
0.17157497769221663
0.17726541589945555
0.17561213811859488
0.17474861210212111
0.1793750007636845
0.17576145380735397
0.1756395106203854
0.17009867820888758
0.1754941619001329
0.17236521607264876
0.1723422957584262
0.17694982793182135
0.17843758780509233
0.17439453955739737
0.17289438424631953
0.17433019494637847
0.17609852319583297
0.17747569270431995
0.17706914618611336
0.17698491970077157
0.17740778718143702
0.17268870398402214
0.17797605320811272
0.17728864680975676
0.1764054661616683
0.1767340791411698
0.17674729274585843
0.17605546303093433
0.17188356397673488
0.1772083342075348
0.17411609692499042
0.17326605087146163
0.17621955927461386
0.17825694801285863
0.17548459907993674
0.1707738651894033
0.17582331784069538
0.17346141813322902
0.17322218511253595
0.17847921792417765
0.17739569209516048
0.176137400791049
0.1725597712211311
0.17550546070560813
0.17672178009524941
0.17745775124058127
0.17722257412970066
0.17823992623016238
0.17634796490892768
0.1713740173727274
0.17792169516906142
0.17487112199887633
0.17278346605598927
0.17621011892333627
0.1777413683012128
0.1760483211837709
0.17096421401947737
0.17533519910648465
0.17460834793746471
0.17551789432764053
0.17825246881693602
0.17683222889900208
0.17615318205207586
0.1724093807861209
0.1747694299556315
0.17574422899633646
0.17751138471066952
0.17763679008930922
0.17694844165816903
0.17680589901283383
0.1713896756991744
0.1768225021660328
0.17353203892707825
0.1717783911153674
0.17544997623190284
0.17755169374868274
0.17629951890558004
0.17193182231858373
0.1754828547127545
0.17557836463674903
0.17637495510280132
0.17836997099220753
0.17726167012006044
0.17631459794938564
0.17195291304960847
0.17783061787486076
0.17701419396325946
0.17651415895670652
0.17692337604239583
0.1769951181486249
0.17641588719561696
0.17168981116265059
0.1788017312064767
0.17429089779034257
0.17188276816159487
0.17611069697886705
0.18004442285746336
0.17572125932201743
0.17147618532180786
0.17734122602269053
0.17486009886488318
0.17407004535198212
0.1784598990343511
0.17730990797281265
0.177423310931772
0.1695086038671434
0.1793898120522499
0.178478985093534
0.177222752943635
0.17734435806050897
0.17716765869408846
0.17586351791396737
0.17160228500142694
0.17766733886674047
0.1783807291649282
0.17656004102900624
0.1768398117274046
0.17733289301395416
0.17595741199329495
0.1741260509006679
0.17530472436919808
0.17770155891776085
0.1775563396513462
0.17750436067581177
0.17696708999574184
0.17718270188197494
0.17556645208969712
0.1715683820657432
0.176419910043478
0.17673840560019016
0.1770301191136241
0.1768216979689896
0.17706910893321037
0.1760996263474226
0.17313514929264784
0.17616245709359646
0.17611022712662816
0.1762640937231481
0.1781934518367052
0.1772420946508646
0.17632343480363488
0.17173175420612097
0.1780596380122006
0.17302996898069978
0.17039601411670446
0.17353646084666252
0.1803677980788052
0.1760553801432252
0.17141769221052527
0.17569579323753715
0.17504928074777126
0.17514938488602638
0.17767728213220835
0.17707426100969315
0.17632313910871744
0.17197683500126004
0.17369901575148106
0.1755191283300519
0.17733481666073203
0.1776581248268485
0.17722633201628923
0.17557253083214164
0.17244875198230147
0.17785555496811867
0.17535977624356747
0.17412845883518457
0.17696496099233627
0.1769487587735057
0.1761804730631411
0.17045533517375588
0.1743243127129972
0.17426119511947036
0.17619176534935832
0.1792498487047851
0.17711918614804745
0.17544566188007593
0.17308330722153187
0.17456033639609814
0.1761667183600366
0.17771839397028089
0.1773170572705567
0.1769227092154324
0.17652186891064048
0.17192859714850783
0.1776501820422709
0.17433264292776585
0.1733935009688139
0.17629377404227853
0.17725918581709266
0.17544485023245215
0.17136936215683818
0.17539682798087597
0.17497214721515775
0.1762639582157135
0.17966516595333815
0.177535617724061
0.17852459475398064
0.17098074778914452
0.17459119483828545
0.17388797271996737
0.1757875606417656
0.17907480802387
0.1759331850335002
0.17661169171333313
0.17098645539954305
0.17732223495841026
0.1754683698527515
0.17396456422284245
0.17711812630295753
0.1786919441074133
0.17640890600159764
0.17119583627209067
0.17716385377570987
0.17519290605559945
0.17559809004887938
0.1786038689315319
0.1761278510093689
0.17652266286313534
0.17136424500495195
0.17890038806945086
0.17833384405821562
0.17730757407844067
0.17709700437262654
0.17724046017974615
0.17712480202317238
0.17237243195995688
0.17780885798856616
0.17790624732151628
0.17701368685811758
0.17665016371756792
0.1772443470545113
0.1761663882061839
0.17483753012493253
0.17359013203531504
0.17757982993498445
0.1768032400868833
0.17718786699697375
0.1774511458352208
0.1771994000300765
0.17557068215683103
0.1712861731648445
0.17664224281907082
0.17662476422265172
0.17757855309173465
0.17862390028312802
0.17681276286020875
0.1763552729971707
0.17112481407821178
0.17278398107737303
0.17616873979568481
0.17897860892117023
0.17652700003236532
0.17707680305466056
0.17651982512325048
0.17071085795760155
0.1762488060630858
0.1726187258027494
0.1711594038642943
0.17592149414122105
0.17671439796686172
0.175163839943707
0.17368732998147607
0.17794173024594784
0.17686461471021175
0.1764662298373878
0.17736838711425662
0.1781453648582101
0.17550694895908237
0.17145095113664865
0.17612216481938958
0.17639679182320833
0.17717345710843801
0.17694237874820828
0.17757829697802663
0.1760406196117401
0.17062855511903763
0.17519797198474407
0.17206519609317183
0.1716251322068274
0.17874192306771874
0.1780052869580686
0.17543458100408316
0.17206569435074925
0.17698029102757573
0.17471997486427426
0.17718085320666432
0.17867832677438855
0.1774427299387753
0.1760773928835988
0.1712082400918007
0.17558568809181452
0.17525522410869598
0.17619871301576495
0.17809659522026777
0.17713763192296028
0.17618855275213718
0.170761214569211
0.1769545222632587
0.17387631302699447
0.17316370410844684
0.18078014673665166
0.17594413412734866
0.17548409616574645
0.17044621612876654
0.17510227812454104
0.17290271213278174
0.17404108680784702
0.1783889653161168
0.1774290818721056
0.1760557242669165
0.17208301788195968
0.1744177588261664
0.17621248727664351
0.17724776593968272
0.1776581760495901
0.17696369113400578
0.17562401574105024
0.17220544442534447
0.17781693302094936
0.17562313517555594
0.17430018493905663
0.17974013183265924
0.176142118871212
0.17476017773151398
0.17539555486291647
0.17640703031793237
0.1734777889214456
0.17368822684511542
0.1783938934095204
0.17764891032129526
0.17616329668089747
0.17119099386036396
0.17584818275645375
0.17574951704591513
0.17660715011879802
0.17695179395377636
0.17691050563007593
0.17608743626624346
0.1707637570798397
0.1773409191519022
0.17427696706727147
0.1729732039384544
0.17665281100198627
0.17797928396612406
0.1765666608698666
0.17098791664466262
0.17570614209398627
0.1733578061684966
0.1741371056996286
0.17810561321675777
0.17622293578460813
0.17488214932382107
0.17303928080946207
0.17679750407114625
0.1779256472364068
0.1778203696012497
0.1776350219734013
0.17837161384522915
0.17531190812587738
0.17190400324761868
0.17743148794397712
0.17321473825722933
0.17131575103849173
0.17437051888555288
0.17544454196467996
0.1761940880678594
0.17282044095918536
0.17715625232085586
0.1769134160131216
0.17666276404634118
0.17816457292065024
0.17680457001551986
0.17737111588940024
0.17134586302563548
0.17301896307617426
0.17615044489502907
0.1792414397932589
0.17636907380074263
0.1785553810186684
0.1768268491141498
0.17115002730861306
0.17539499374106526
0.1725813248194754
0.17234861012548208
0.1802425687201321
0.17624231008812785
0.17592087434604764
0.17165283486247063
0.1774043790064752
0.17503212438896298
0.17579499119892716
0.17889118567109108
0.17638778500258923
0.17642515897750854
0.17048338195309043
0.1741186180151999
0.1744869677349925
0.17556137824431062
0.18037843611091375
0.17607140308246017
0.17597185028716922
0.17194808600470424
0.17865990987047553
0.17543612606823444
0.1745920442044735
0.17945142090320587
0.1775695038959384
0.17680927366018295
0.1707906238734722
0.17806212417781353
0.17549651116132736
0.17390107782557607
0.1779950363561511
0.17992477305233479
0.1772346179932356
0.17103674914687872
0.1772202723659575
0.17444073827937245
0.17381526390090585
0.17879896890372038
0.17790380399674177
0.1772311250679195
0.17199721606448293
0.179222010076046
0.17817746382206678
0.1761799049563706
0.17791015934199095
0.1779925669543445
0.17649858817458153
0.1755134630948305
0.17390233417972922
0.17842558538541198
0.1750261578708887
0.17580651491880417
0.18009856203570962
0.17803993169218302
0.1763733890838921
0.17163600120693445
0.17633236898109317
0.17425606213510036
0.1741988081485033
0.17883496172726154
0.1788401403464377
0.17718902695924044
0.17225005477666855
0.1753596649505198
0.17498908890411258
0.17683721985667944
0.17904086410999298
0.17773466557264328
0.17801252426579595
0.17159932479262352
0.18024543393403292
0.1762638119980693
0.17387175234034657
0.17591510573402047
0.17888291319832206
0.1767657450400293
0.17355751292780042
0.17838913016021252
0.17780412593856454
0.17572928499430418
0.1767577938735485
0.17932630004361272
0.1773434584029019
0.17576903523877263
0.17238591331988573
0.17446726094931364
0.1758846901357174
0.17783090099692345
0.17779048485681415
0.17738617304712534
0.17647588765248656
0.17220924235880375
0.17899488005787134
0.17858931701630354
0.17847436293959618
0.179388334043324
0.17786379111930728
0.1770273568108678
0.17361191799864173
0.17808000277727842
0.17923368699848652
0.17740128375589848
0.17800792772322893
0.1798886270262301
0.1780864312313497
0.17665648087859154
0.17201032396405935
0.17796971509233117
0.1750501631759107
0.17547015473246574
0.17963738879188895
0.17857897793874145
0.1774667901918292
0.17046796390786767
0.17558711906895041
0.17302366998046637
0.17258197721093893
0.1784138181246817
0.17936057690531015
0.17777540441602468
0.17217088770121336
0.17961604287847877
0.17708865692839026
0.17458799993619323
0.17647886415943503
0.18009963119402528
0.17654196824878454
0.17387735471129417
0.17829673597589135
0.17849032068625093
0.17716171918436885
0.17770080920308828
0.17873346293345094
0.17815849278122187
0.17710323072969913
0.17126030707731843
0.17598291812464595
0.17485074093565345
0.17649521213024855
0.17915415996685624
0.17826100625097752
0.17820737278088927
0.17197456676512957
0.17957998299971223
0.17883242620155215
0.1779774520546198
0.1786774629727006
0.17820557300001383
0.1768117118626833
0.17539791390299797
0.17434555012732744
0.17889170395210385
0.17636875808238983
0.17654673103243113
0.1807066979818046
0.17761154379695654
0.1768412720412016
0.17133564688265324
0.17677644500508904
0.17449714709073305
0.17434554733335972
0.1790047688409686
0.17929794639348984
0.17829070379957557
0.1716954279690981
0.1715423371642828
0.17030630307272077
0.17228638799861073
0.18122436199337244
0.1782598728314042
0.17774749686941504
0.17248524399474263
0.17953007901087403
0.1757746459916234
0.17304187081754208
0.17658960679545999
0.18215027824044228
0.17816250585019588
0.17287235287949443
0.17914184974506497
0.17553772404789925
0.17343749990686774
0.17724434984847903
0.18081399705260992
0.17811803193762898
0.17508724378421903
0.1764024249278009
0.17887852573767304
0.17821281496435404
0.1782700689509511
0.17790253506973386
0.17945198575034738
0.1774498587474227
0.17188120493665338
0.1799014457501471
0.1768424711190164
0.17626649187877774
0.18014964973554015
0.17735480377450585
0.17749645374715328
0.17491034790873528
0.1764046368189156
0.17950304877012968
0.1764291189610958
0.1776759452186525
0.17905534617602825
0.17829575529322028
0.17647162405773997
0.17127861781045794
0.176140571013093
0.17311031697317958
0.17286385083571076
0.17848117602989078
0.1805653260089457
0.17784589156508446
0.17188710719347
0.17992926202714443
0.17894522426649928
0.17808632785454392
0.1786409984342754
0.1786875231191516
0.177113045938313
0.17455481505021453
0.17516694031655788
0.17896459810435772
0.1768919532187283
0.17725940188392997
0.1775308041833341
0.17909997701644897
0.17776166833937168
0.17159336106851697
0.17736461432650685
0.1751777669414878
0.1746174837462604
0.17903289897367358
0.179450792260468
0.1776721472851932
0.17169541399925947
0.17071967292577028
0.16924230894073844
0.17087678285315633
0.17949312599375844
0.17900503100827336
0.17769813491031528
0.17248881189152598
0.1788219790905714
0.17577452305704355
0.1743878098204732
0.17846002243459225
0.1810763548128307
0.17749388981610537
0.1716110808774829
0.17994500789791346
0.17571027716621757
0.17430012999102473
0.17765611689537764
0.1809796281158924
0.17841759882867336
0.17451235419139266
0.1766024031676352
0.1764116259291768
0.17462899396196008
0.17841219110414386
0.18067879881709814
0.1781305610202253
0.1784495022147894
0.1733788950368762
0.1789386449381709
0.17875102115795016
0.17824142426252365
0.17894922196865082
0.1784236910752952
0.17824221914634109
0.17516484018415213
0.17510806908831
0.17877604020759463
0.17607486294582486
0.17616333020851016
0.18088145181536674
0.17715149512514472
0.1767023508436978
0.17132387729361653
0.17769879382103682
0.1745216711424291
0.17421570932492614
0.17888618214055896
0.1794890151359141
0.17664434015750885
0.17191276280209422
0.1772251222282648
0.17482406087219715
0.17552577704191208
0.1788938706740737
0.1779960310086608
0.1774238431826234
0.17277047876268625
0.17856709565967321
0.179349257145077
0.17733299918472767
0.17870468879118562
0.178683718200773
0.17924580303952098
0.1775047010742128
0.17215066170319915
0.17884646216407418
0.17522040707990527
0.17358139995485544
0.17756909923627973
0.18085388792678714
0.17750183632597327
0.17126916395500302
0.17742363410070539
0.17487139301374555
0.17401171009987593
0.1782812806777656
0.17836393229663372
0.17771197203546762
0.17130554793402553
0.179151623044163
0.17984509794041514
0.17614619294181466
0.1781415189616382
0.17855027737095952
0.1775099909864366
0.17500570509582758
0.17394060734659433
0.17855248088017106
0.17559451796114445
0.1753538199700415
0.18052896577864885
0.17806307412683964
0.1773416311480105
0.1712811510078609
0.17811582097783685
0.17484218021854758
0.17399328341707587
0.17764699505642056
0.18038345919921994
0.17689200583845377
0.17207635892555118
0.17749778414145112
0.17470345785841346
0.1749728200957179
0.17939209286123514
0.17792312987148762
0.17637600097805262
0.1723149479366839
0.17830297583714128
0.1792772919870913
0.17687572492286563
0.1784558859653771
0.17851231200620532
0.17793695209547877
0.17579256603494287
0.17278515128418803
0.17860047472640872
0.17527091316878796
0.17445433512330055
0.179182767868042
0.17850124975666404
0.17693106224760413
0.17176510812714696
0.17732225079089403
0.1744176847860217
0.17427914217114449
0.178488926962018
0.17884863400831819
0.1780880750156939
0.17226815782487392
0.17224772181361914
0.17160745710134506
0.17229406302794814
0.1801159903407097
0.17823042115196586
0.17673717811703682
0.172391920350492
0.1792746689170599
0.17509322613477707
0.17374973418191075
0.17714603897184134
0.1806806866079569
0.176392852794379
0.1720457230694592
0.17801794735714793
0.17461810959503055
0.17331299697980285
0.17704443400725722
0.17895786091685295
0.17631527688354254
0.17217837693169713
0.17247720528393984
0.1696967869065702
0.17035249806940556
0.1794410152360797
0.17906040884554386
0.17711633909493685
0.1722114342264831
0.1791633521206677
0.17524964176118374
0.17308799596503377
0.1772564109414816
0.1801105602644384
0.17726782523095608
0.17148948181420565
0.17812628019601107
0.17565542925149202
0.17486246023327112
0.17772386968135834
0.1789886518381536
0.17798230610787868
0.17267985083162785
0.1727786883711815
0.1693782559596002
0.17071185680106282
0.17824800498783588
0.1793661778792739
0.17870854958891869
0.1724931290373206
0.1784189841710031
0.1743452362716198
0.17228872003033757
0.17661089403554797
0.18125916784629226
0.1777466651983559
0.17218005005270243
0.1790961930528283
0.17518037790432572
0.17383346194401383
0.1775205871090293
0.18052616901695728
0.17906931601464748
0.17461898922920227
0.17570599308237433
0.1784137492068112
0.1782858818769455
0.17829849990084767
0.1778496173210442
0.178925312589854
0.17823384003713727
0.17165617877617478
0.1805931399576366
0.17562653310596943
0.17379463370889425
0.1786793079227209
0.17869017692282796
0.177923200186342
0.1733434651978314
0.17769228387624025
0.17807556735351682
0.17761621810495853
0.17827845830470324
0.17892678081989288
0.177213991060853
0.17651602439582348
0.17195261782035232
0.17624315805733204
0.17490718979388475
0.17592587834224105
0.17977292463183403
0.17794440174475312
0.17820840096101165
0.17133894516155124
0.17505866009742022
0.17489328235387802
0.17736991960555315
0.18036737898364663
0.17764543602243066
0.1779648819938302
0.17267285427078605
0.18001562310382724
0.17848303820937872
0.17646449618041515
0.1780124567449093
0.1785607999190688
0.17803085409104824
0.1769430567510426
0.17326242290437222
0.1777488812804222
0.17557196598500013
0.17548764403909445
0.17951508285477757
0.1778826229274273
0.17814002837985754
0.1713446150533855
0.17365626385435462
0.17484080884605646
0.17701673926785588
0.18035457096993923
0.17759402701631188
0.17742140404880047
0.17278346978127956
0.17847835598513484
0.17724102176725864
0.17621974600479007
0.177968495991081
0.17844893597066402
0.17813676875084639
0.17415745090693235
0.17584464000537992
0.177426153793931
0.1768059958703816
0.17738288082182407
0.17792267678305507
0.1783432741649449
0.17689315462484956
0.1718520480208099
0.17637730669230223
0.1752892998047173
0.1769263818860054
0.1798672159202397
0.1779689760878682
0.17792038386687636
0.17274070903658867
0.1786051536910236
0.17804493522271514
0.17639388889074326
0.17762503679841757
0.17738987505435944
0.17748209415003657
0.174340951256454
0.1753393793478608
0.17831426672637463
0.1772041004151106
0.17795075103640556
0.17909259302541614
0.17718259198591113
0.17673341883346438
0.17182474164292216
0.1766482931561768
0.17411342402920127
0.17454076884314418
0.17838048934936523
0.1789360987022519
0.17671327805146575
0.17240625014528632
0.1754053169861436
0.17483340809121728
0.17625302309170365
0.1795462858863175
0.17761389492079616
0.1778272450901568
0.1713044000789523
0.1767566679045558
0.17294029192999005
0.17129343608394265
0.17558650020509958
0.18085958622395992
0.17700038384646177
0.17171258805319667
0.17757845111191273
0.17544832872226834
0.17482734331861138
0.17881019739434123
0.1779240546748042
0.1773697673343122
0.1722531309351325
0.17933745309710503
0.17971243476495147
0.17700611101463437
0.17879690695554018
0.1784639391116798
0.17892072815448046
0.17607181007042527
0.17279228894039989
0.17880576103925705
0.1762183029204607
0.17514646099880338
0.17874907096847892
0.1776445610448718
0.1766832647845149
0.17206885293126106
0.1771307890303433
0.17461331794038415
0.17382986098527908
0.17889231722801924
0.1788420625962317
0.17780248541384935
0.17104393290355802
0.17193233408033848
0.17118457378819585
0.17335468716919422
0.1809299299493432
0.17782640224322677
0.177914809435606
0.17251431196928024
0.17872919281944633
0.17588492715731263
0.17388633219525218
0.17740967078134418
0.18065962521359324
0.17768029496073723
0.17255184287205338
0.18042439129203558
0.17537784483283758
0.17377143073827028
0.17769575584679842
0.1804680908098817
0.17782825604081154
0.17811948200687766
0.17507991008460522
0.177754080388695
0.1782232727855444
0.17905147979035974
0.1780355367809534
0.17869854299351573
0.17816091096028686
0.17241619434207678
0.17929632123559713
0.17884640721604228
0.17607188411056995
0.17858872981742024
0.17849674494937062
0.17897004494443536
0.1769468616694212
0.17252023005858064
0.17846205970272422
0.1746578961610794
0.17444021487608552
0.17927373619750142
0.17922553699463606
0.17757707694545388
0.17135655600577593
0.17630899790674448
0.17427447997033596
0.1742776818573475
0.17888178396970034
0.17896064510568976
0.1769947549328208
0.1721907746978104
0.1720015900209546
0.17057366576045752
0.17247977014631033
0.18032947601750493
0.17967713810503483
0.1784347491338849
0.1723947860300541
0.17948664026334882
0.17607096210122108
0.17509596701711416
0.17824052274227142
0.1793393432162702
0.17793278163298965
0.1740815257653594
0.17908155312761664
0.17837072117254138
0.17822275031358004
0.1785144191235304
0.17818033508956432
0.17856536526232958
0.17816896690055728
0.1721263499930501
0.1772879809141159
0.1734670251607895
0.1728181387297809
0.17774388613179326
0.17998544918373227
0.17732886876910925
0.17290015006437898
0.1797813749872148
0.17719042813405395
0.17633378086611629
0.1796591761521995
0.1778381522744894
0.17707105074077845
0.17444760585203767
0.17626375472173095
0.17873796913772821
0.17675261199474335
0.17703890008851886
0.17875356506556273
0.17729986971244216
0.17570988601073623
0.17322318302467465
0.17731098970398307
0.1759180799126625
0.17597334599122405
0.17859290586784482
0.17771297926083207
0.17736255889758468
0.17122293496504426
0.17178525170311332
0.17381689883768559
0.17840290209278464
0.17878863122314215
0.17779433261603117
0.17752263136208057
0.17145990300923586
0.17920035077258945
0.1754938163794577
0.17441897420212626
0.1781244263984263
0.17915893299505115
0.17825376288965344
0.17394400481134653
0.1780379293486476
0.1780005246400833
0.17684311280027032
0.1780803590081632
0.17862391285598278
0.1787905814126134
0.1771680759266019
0.17199232568964362
0.17666989378631115
0.17530361004173756
0.17639202205464244
0.18010629108175635
0.1783826807513833
0.17813070490956306
0.17203844198957086
0.18017515121027827
0.17865997599437833
0.17683288780972362
0.1812219489365816
0.17827009176835418
0.17800813494250178
0.17562910821288824
0.17272356897592545
0.17877897713333368
0.17565218405798078
0.1753439991734922
0.17860842077061534
0.17751634493470192
0.1761901443824172
0.17183740390464664
0.17687535006552935
0.17574956826865673
0.17592164082452655
0.17891124868765473
0.17793881613761187
0.1769161531701684
0.171117234043777
0.17184036504477262
0.17106383992359042
0.17318582069128752
0.18057708023115993
0.1793602081015706
0.17715287068858743
0.17340891994535923
0.179110842756927
0.17438874300569296
0.17304793000221252
0.1770295319147408
0.18161356588825583
0.1766232647933066
0.1722521111369133
0.1792435022071004
0.17512186476960778
0.17307662311941385
0.17693422408774495
0.180267627350986
0.1772959898225963
0.17488761898130178
0.1762664746493101
0.17266937717795372
0.17246973887085915
0.1768615492619574
0.17994602816179395
0.17641325201839209
0.17531235003843904
0.1760924900881946
0.1786391413770616
0.1765648741275072
0.17710246983915567
0.1802345528267324
0.17751056607812643
0.17671491391956806
0.17111953301355243
0.17589074932038784
0.17419240158051252
0.1741428473033011
0.17918214900419116
0.1791169298812747
0.1781918671913445
0.17191894818097353
0.17697853688150644
0.17430707812309265
0.17502120416611433
0.17970972089096904
0.17895165691152215
0.1779826250858605
0.17219714494422078
0.1791652529500425
0.18021629471331835
0.17671097489073873
0.17842463916167617
0.17807906726375222
0.17904210602864623
0.17709224577993155
0.17291933996602893
0.17910872818902135
0.1768503598868847
0.17597853112965822
0.17841195594519377
0.17857007076963782
0.17711875680834055
0.17117983009666204
0.1787061239592731
0.17499984381720424
0.17349389428272843
0.17672877479344606
0.18003524793311954
0.17729288386180997
0.17088862229138613
0.1770989359356463
0.1743916142731905
0.17396896798163652
0.17818109598010778
0.17864445829764009
0.17644683085381985
0.1728995330631733
0.17777471104636788
0.17931405501440167
0.17702627507969737
0.17831907700747252
0.1784597272053361
0.17832883866503835
0.17708122683688998
0.17257994040846825
0.17874684883281589
0.17610991327092052
0.1746413828805089
0.1777142221108079
0.17837708676233888
0.17663855198770761
0.17095015989616513
0.1763396761380136
0.1741426968947053
0.1733950050547719
0.17849061638116837
0.1790353199467063
0.17835907032713294
0.17143722483888268
0.17998464964330196
0.17894411133602262
0.1774002299644053
0.17800211440771818
0.17816876573488116
0.17837196122854948
0.17433996312320232
0.17472332902252674
0.1780795739032328
0.17829860607162118
0.17850200785323977
0.1781971249729395
0.17908915178850293
0.17742826975882053
0.1725271102041006
0.1782431472092867
0.174454134888947
0.1722756582312286
0.17590680019930005
0.1801211298443377
0.17739480081945658
0.17108235228806734
0.17758732521906495
0.17481357930228114
0.17428103927522898
0.17884144885465503
0.17950450582429767
0.17660240922123194
0.17238217499107122
0.1795018189586699
0.1796788820065558
0.17714660800993443
0.17844794504344463
0.1786042181774974
0.17869916604831815
0.1772302556782961
0.17240990977734327
0.17925974214449525
0.1756359920836985
0.17502817790955305
0.18113693315535784
0.17674253787845373
0.1772080371156335
0.17183076590299606
0.17892053024843335
0.17478009779006243
0.1718189618550241
0.1763498210348189
0.18167460430413485
0.17625841405242682
0.17367041483521461
0.1733722360804677
0.17117702681571245
0.1721495953388512
0.1781132472679019
0.1805384405888617
0.1787985353730619
0.17374973697587848
0.17932471306994557
0.1789661799557507
0.1770516629330814
0.17779623018577695
0.17957244394347072
0.1793936570174992
0.17589740315452218
0.17194700334221125
0.17812703689560294
0.175798662006855
0.17594259837642312
0.17989515280351043
0.1786569501273334
0.17770284786820412
0.17201291071251035
0.17823658185079694
0.17530546663329005
0.1753269829787314
0.17923133820295334
0.17935665836557746
0.1781902969814837
0.17404488380998373
0.17791119078174233
0.17927006632089615
0.17825159197673202
0.17811404960229993
0.17902477970346808
0.17879891023039818
0.17751546017825603
0.17189459083601832
0.18065202189609408
0.1767186806537211
0.17505086492747068
0.17636614572256804
0.179915901273489
0.1772342943586409
0.17505184980109334
0.1776178632862866
0.17899774387478828
0.17718565789982677
0.1778067979030311
0.17933743726462126
0.1781851858831942
0.1770180519670248
0.17226349981501698
0.177709829993546
0.1750612100586295
0.17556727398186922
0.1805082974024117
0.17821315117180347
0.17642573406919837
0.17225568229332566
0.17955084377899766
0.18001791695132852
0.176126291975379
0.17845873720943928
0.17847395734861493
0.1780438250862062
0.17707937909290195
0.17235203832387924
0.17902845796197653
0.17541671870276332
0.1739905709400773
0.17816977901384234
0.17835401091724634
0.17847911408171058
0.17150687566027045
0.17631666688248515
0.17440125904977322
0.17398321395739913
0.17968066968023777
0.17925803689286113
0.17728548683226109
0.1724842917174101
0.179544392041862
0.18006081879138947
0.17676167888566852
0.17893147375434637
0.17847212124615908
0.17790862172842026
0.17614365508779883
0.1727514979429543
0.17915306007489562
0.1761161326430738
0.1754670930095017
0.18171881511807442
0.17854534089565277
0.1779488050378859
0.17164087714627385
0.17726533114910126
0.1738586500287056
0.1717488137073815
0.17582530388608575
0.1809994913637638
0.1775033469311893
0.17198900040239096
0.17760080797597766
0.17377019301056862
0.1737200920470059
0.17903393600136042
0.1794432862661779
0.1780996462330222
0.1738553550094366
0.178583940025419
0.17931115813553333
0.17673269612714648
0.1787266149185598
0.17839838890358806
0.1788715310394764
0.17742862086743116
0.17241035075858235
0.17860892321914434
0.17534452490508556
0.17374753905460238
0.17824831372126937
0.178998664021492
0.17760258493945003
0.17128643533214927
0.17800066201016307
0.17519593983888626
0.17370238294824958
0.1777686676941812
0.1804524390026927
0.17759544495493174
0.17311232816427946
0.17285633692517877
0.17030046228319407
0.1714451597072184
0.17707990296185017
0.18120170198380947
0.17829302558675408
0.17295897100120783
0.18020550021901727
0.1770990639925003
0.1756355818361044
0.17655870970338583
0.18156673107296228
0.17651689518243074
0.17671262891963124
0.17373522697016597
0.17823471315205097
0.17720840079709888
0.17762130312621593
0.17977110715582967
0.17819632729515433
0.17701574880629778
0.1722750160843134
0.1773556531406939
0.17471162881702185
0.1762198400683701
0.18034700118005276
0.1784135471098125
0.17756774928420782
0.17392816813662648
0.17880084924399853
0.17908119317144156
0.17900822777301073
0.17912480514496565
0.178869369905442
0.18014775682240725
0.17770048789680004
0.17354832496494055
0.18011401174589992
0.1783538032323122
0.1754523548297584
0.17639486491680145
0.1801233640871942
0.17752170702442527
0.1757193598896265
0.1743719899095595
0.17870721872895956
0.17710211081430316
0.17751598171889782
0.17905554315075278
0.1781547931022942
0.17643202701583505
0.1714557446539402
0.17603575577959418
0.17357950378209352
0.1733049671165645
0.17853817995637655
0.1791460863314569
0.17896371893584728
0.17102877702564
0.17360010091215372
0.17352660279721022
0.17500809812918305
0.18167315190657973
0.17675444995984435
0.1768578439950943
0.17178836278617382
0.17789937276393175
0.17369600106030703
0.17151171807199717
0.17548315413296223
0.18099383730441332
0.17771982587873936
0.17208659695461392
0.17802248010411859
0.17408885806798935
0.1740557597950101
0.1788855940103531
0.17929497780278325
0.17830877704545856
0.17373478692024946
0.1795834326185286
0.18000148190185428
0.1784823671914637
0.17890678998082876
0.17826952878385782
0.1791966180317104
0.17753294995054603
0.17298922408372164
0.18024479923769832
0.17954636039212346
0.178193932864815
0.17820154270157218
0.17830149689689279
0.17923774383962154
0.17521313205361366
0.17536224704235792
0.17890108609572053
0.17838867893442512
0.17831713007763028
0.17791204992681742
0.17938176728785038
0.17748124385252595
0.17311265971511602
0.1789168370887637
0.17821606807410717
0.1770723769441247
0.178201159927994
0.17904618801549077
0.17697611125186086
0.17660541227087379
0.17324751103296876
0.17848111130297184
0.17617981089279056
0.1768618058413267
0.1795858689583838
0.17807026486843824
0.17707577487453818
0.17145491298288107
0.17584972502663732
0.17411281587556005
0.17436604807153344
0.1792774386703968
0.17780596110969782
0.17826593294739723
0.1723230378702283
0.17998853884637356
0.1774102160707116
0.1768535040318966
0.1795399570837617
0.17809555400162935
0.17757702991366386
0.1761651998385787
0.17443695897236466
0.1786740468814969
0.17556724091991782
0.17646564170718193
0.1798970941454172
0.17819452285766602
0.17704038321971893
0.1712945280596614
0.17590452590957284
0.1734756277874112
0.17301419470459223
0.17826328426599503
0.1792947999201715
0.17793950578197837
0.17249203566461802
0.18017559172585607
0.17950821528211236
0.17890847567468882
0.1786313122138381
0.17855380615219474
0.17781629785895348
0.1751549169421196
0.1744314692914486
0.17867423128336668
0.17562449583783746
0.17590455524623394
0.18174793664366007
0.1772796050645411
0.17672275798395276
0.17159547423943877
0.17792915692552924
0.17422415222972631
0.17350907996296883
0.17854114901274443
0.17923256987705827
0.17812292091548443
0.17138256691396236
0.17756934138014913
0.17439404502511024
0.17419111216440797
0.17913268320262432
0.17941982485353947
0.17818418936803937
0.17367874179035425
0.17838390031829476
0.17907908791676164
0.1766056688502431
0.1790394689887762
0.17854673182591796
0.17827233904972672
0.17688797367736697
0.17237462429329753
0.17843597196042538
0.17546576214954257
0.1732928603887558
0.17690039426088333
0.18017352605238557
0.1773500838316977
0.1710224188864231
0.17683358816429973
0.1745309359394014
0.17539734579622746
0.17974832793697715
0.1782345799729228
0.17686356278136373
0.17250714637339115
0.17968998616561294
0.17946021864190698
0.1763705862686038
0.17890308517962694
0.1783666731789708
0.17738985689356923
0.17566333897411823
0.17429470364004374
0.17920634476467967
0.17514393525198102
0.1741802697069943
0.17871062131598592
0.1773972800001502
0.17790382262319326
0.1711094779893756
0.17762800073251128
0.17438119184225798
0.17424621293321252
0.17909527011215687
0.17921550292521715
0.17694380413740873
0.1714666010811925
0.17106074886396527
0.17377012874931097
0.1783756371587515
0.1794645539484918
0.179175044875592
0.17846600711345673
0.17297298973426223
0.17947480408474803
0.17931831302121282
0.17743111588060856
0.1786727332510054
0.17861982993781567
0.1792318383231759
0.17636944074183702
0.1729324022307992
0.17825684510171413
0.17501653404906392
0.1753264549188316
0.17887075571343303
0.17848601518198848
0.17702626576647162
0.17106433026492596
0.17647943273186684
0.17426027217879891
0.1742875799536705
0.17925521219149232
0.17781320121139288
0.1780484658665955
0.17138396203517914
0.1798053067177534
0.17919977009296417
0.17767851985991
0.17829614598304033
0.17856875993311405
0.17871798621490598
0.1750818700529635
0.17377118673175573
0.17940455069765449
0.17554698791354895
0.17504881974309683
0.18153744097799063
0.17715976014733315
0.17664751783013344
0.1713417088612914
0.17797766719013453
0.17500353325158358
0.17291247565299273
0.17729009222239256
0.18007229221984744
0.17676812084391713
0.17212577629834414
0.17733919294551015
0.17455468839034438
0.17621370824053884
0.17955913860350847
0.1779713942669332
0.1773763527162373
0.17228717589750886
0.17981369188055396
