0.16528330789878964
0.16747156530618668
0.16694022994488478
0.1642264542169869
0.16631262795999646
0.16833546804264188
0.1693697846494615
0.16869645519182086
0.16563514713197947
0.17036369582638144
0.16801724303513765
0.16713374992832541
0.17049726797267795
0.1698718606494367
0.16472400166094303
0.16625993698835373
0.16643356997519732
0.1709203589707613
0.16893622977659106
0.16820972925052047
0.16860363306477666
0.17107202112674713
0.16969197196885943
0.17045367835089564
0.16943606501445174
0.16552355326712132
0.1644390900619328
0.16334304865449667
0.16645537177100778
0.17340664193034172
0.16944855591282248
0.16658580722287297
0.17139923479408026
0.17100747069343925
0.17139529203996062
0.16903330106288195
0.1696018730290234
0.1684962697327137
0.1708699190057814
0.17079681903123856
0.17288785008713603
0.16956385970115662
0.16776004899293184
0.1696278671734035
0.17220417875796556
0.17079155705869198
0.1715741790831089
0.17087756097316742
0.16885515674948692
0.17121402081102133
0.17062257276847959
0.17003996670246124
0.17240892304107547
0.17072216607630253
0.16839540330693126
0.1698227170854807
0.1721735568717122
0.17103680735453963
0.17081444477662444
0.17108969390392303
0.1683794711716473
0.17041438911110163
0.1717082946561277
0.17023958265781403
0.17206588108092546
0.169485024176538
0.1688261879608035
0.16934835398569703
0.16706931265071034
0.16532038897275925
0.1721056648530066
0.1722762151621282
0.16626274725422263
0.16985932970419526
0.16746632289141417
0.16539337998256087
0.17226000502705574
0.17217479320243
0.16754431696608663
0.16741901589557528
0.16719745192676783
0.17206386430189013
0.17196696065366268
0.1703801667317748
0.16816803719848394
0.17233087122440338
0.1718011749908328
0.17186911823228002
0.17046859487891197
0.1716636847704649
0.16718719201162457
0.1709178308956325
0.1714876750484109
0.17369350884109735
0.1702113370411098
0.17208900675177574
0.16775251040235162
0.17307092808187008
0.17222357401624322
0.17262502387166023
0.17068809317424893
0.17153417458757758
0.1656368779949844
0.17006556037813425
0.17160379514098167
0.17321313498541713
0.17092019133269787
0.17296356800943613
0.16716117970645428
0.16774401487782598
0.16793063422665
0.1715054139494896
0.1722293240018189
0.1710539166815579
0.16714151203632355
0.1722950148396194
0.17285826429724693
0.17250608280301094
0.17103736894205213
0.1710884589701891
0.1680736867710948
0.1723484736867249
0.1729249795898795
0.1743310261517763
0.17199944285675883
0.17281278781592846
0.16744069289416075
0.17100377986207604
0.16833138279616833
0.1665933858603239
0.17123707383871078
0.17222600989043713
0.16763761499896646
0.17254910990595818
0.17258732439950109
0.17339956713840365
0.17300938442349434
0.17256909096613526
0.16746665490791202
0.16783439088612795
0.16589824808761477
0.16374075086787343
0.17258705291897058
0.1720548621378839
0.169542302377522
0.1716459607705474
0.17211577901616693
0.1737312600016594
0.17125495802611113
0.1731795440427959
0.16807308094576
0.17360045900568366
0.17321457900106907
0.17397839482873678
0.17167995497584343
0.17274427693337202
0.1657043220475316
0.1718504149466753
0.17022818000987172
0.16905450820922852
0.17346776835620403
0.17359787598252296
0.16643146984279156
0.170320606790483
0.17064599180594087
0.17246254673227668
0.17334498092532158
0.17254790989682078
0.16781507804989815
0.17135988781228662
0.16804269095882773
0.16604150738567114
0.17045307904481888
0.17352575017139316
0.16631894186139107
0.1712921718135476
0.172178921289742
0.17329948535189033
0.1731785419397056
0.1739648929797113
0.16810394311323762
0.17393434327095747
0.1711906250566244
0.16847531124949455
0.17504816502332687
0.17166320979595184
0.16964591527357697
0.17178591480478644
0.16841216897591949
0.16566372197121382
0.16868071863427758
0.17483423417434096
0.16690020402893424
0.1708687897771597
0.16778815491124988
0.1655763192102313
0.16858771815896034
0.1699508549645543
0.17006856901571155
0.17356188734993339
0.1734925308264792
0.17386182583868504
0.17308830190449953
0.17366973124444485
0.1666357722133398
0.17451887018978596
0.16972445184364915
0.16655006306245923
0.1720444606617093
0.17401715135201812
0.1663605011999607
0.17144097201526165
0.17028185864910483
0.17057442665100098
0.1745398291386664
0.1732691298238933
0.16857716580852866
0.1739006801508367
0.1746019246056676
0.17300498997792602
0.17505451012402773
0.17228156607598066
0.17052393918856978
0.1700860857963562
0.17396774096414447
0.17311729304492474
0.17305687721818686
0.17313304403796792
0.17360076401382685
0.16680388897657394
0.16599156009033322
0.16527039976790547
0.16762989293783903
0.1759619079530239
0.17255377303808928
0.16916889511048794
0.1733392346650362
0.1729780468158424
0.17260103719308972
0.172455501742661
0.17279392993077636
0.16683574998751283
0.17185698775574565
0.17141648521646857
0.17293038871139288
0.1727801109664142
0.17232174891978502
0.16702077025547624
0.16889965813606977
0.16651645302772522
0.16350832534953952
0.16986157186329365
0.1731418832205236
0.169489620719105
0.17263210471719503
0.17279191920533776
0.17402195371687412
0.17228921921923757
0.1735990410670638
0.16831935197114944
0.17303434386849403
0.16973124584183097
0.16674040583893657
0.17434334103018045
0.17355056619271636
0.16678923228755593
0.17176601383835077
0.17185801593586802
0.17147487215697765
0.17447505984455347
0.17353451484814286
0.16747458511963487
0.17405564989894629
0.17474180599674582
0.173946478869766
0.1736437059007585
0.1736261248588562
0.1714516910724342
0.16919191600754857
0.17414285661652684
0.17312369029968977
0.1725841723382473
0.1728048282675445
0.17199150519445539
0.16725877113640308
0.1722987717948854
0.1732160784304142
0.17316643707454205
0.1731184208765626
0.17402843199670315
0.16785618709400296
0.17373181600123644
0.17478489316999912
0.17401543678715825
0.1737548648379743
0.17216727090999484
0.16996539942920208
0.17083411803469062
0.17374914791435003
0.17337745800614357
0.17375105479732156
0.17310437792912126
0.17220319295302033
0.16699315002188087
0.17224831692874432
0.17342910775914788
0.17363843508064747
0.173009661026299
0.17393143940716982
0.16742910537868738
0.17415871005505323
0.17371967528015375
0.17322576278820634
0.17376419017091393
0.17214778577908874
0.16990668699145317
0.17094214726239443
0.1736417249776423
0.17259710188955069
0.17295718099921942
0.1717715966515243
0.17146104341372848
0.16806359076872468
0.17227137880399823
0.17269060015678406
0.17377583589404821
0.17188387364149094
0.1725428723730147
0.1677041668444872
0.17294261790812016
0.16978573612868786
0.16769241029396653
0.1743684229440987
0.17353816470131278
0.16676765121519566
0.17093539470806718
0.17149540688842535
0.17414547223597765
0.17287232913076878
0.17358272289857268
0.16620212886482477
0.16373334312811494
0.16276124259456992
0.1650095172226429
0.17496404005214572
0.17111059511080384
0.17048900201916695
0.17434951523318887
0.17332560336217284
0.1728154718875885
0.17326813098043203
0.17306081857532263
0.16764293983578682
0.17190898582339287
0.1721299458295107
0.1724627949297428
0.17433398496359587
0.1727445381693542
0.16753486916422844
0.17377757001668215
0.17138542095199227
0.16864677192643285
0.1723405267111957
0.17379945004358888
0.1683583310805261
0.17296404391527176
0.16973186004906893
0.16810491075739264
0.17337766801938415
0.1738156289793551
0.16869478719308972
0.17308446997776628
0.1740640620701015
0.17248328914865851
0.17306149285286665
0.17224863497540355
0.17156718811020255
0.1688308957964182
0.17313777469098568
0.1730830050073564
0.1722162659280002
0.17201810702681541
0.17412774404510856
0.1664845892228186
0.17252515302971005
0.17330833384767175
0.17305851308628917
0.1734456461854279
0.17362373182550073
0.16778639890253544
0.17380616767331958
0.17251142486929893
0.1705305320210755
0.17515605501830578
0.172289552167058
0.17036741506308317
0.17109532374888659
0.17254309495911002
0.17159928334876895
0.17245648708194494
0.17104263277724385
0.17225431185215712
0.16995858307927847
0.17274757008999586
0.17219636496156454
0.17354266857728362
0.17009169794619083
0.17246861197054386
0.1676001357845962
0.17337410477921367
0.1715716002508998
0.17106975428760052
0.17370429076254368
0.17298549879342318
0.16628711577504873
0.17052827822044492
0.16967585496604443
0.17105807410553098
0.1742169209755957
0.1716107279062271
0.16721035540103912
0.16871904209256172
0.1656942991539836
0.16361115872859955
0.1725057428702712
0.17167149996384978
0.17027309071272612
0.17315665865316987
0.17309771198779345
0.17435629572719336
0.1719681080430746
0.1739173079840839
0.16756243584677577
0.16985858930274844
0.17060489021241665
0.17364432709291577
0.17145038302987814
0.17316741682589054
0.16715513402596116
0.1704519996419549
0.17019929504022002
0.17051500314846635
0.1748971799388528
0.17391870776191354
0.16629281314089894
0.16441741678863764
0.16507658502086997
0.17265136120840907
0.17457776796072721
0.1730718119069934
0.16812271205708385
0.1735605802386999
0.17096624430269003
0.17147916182875633
0.17488253023475409
0.17268494702875614
0.16647539380937815
0.17024320736527443
0.17133523989468813
0.17385498993098736
0.1729691568762064
0.17229908518493176
0.1685908348299563
0.17390493862330914
0.1733407867141068
0.1710051572881639
0.1742492290213704
0.17268807301297784
0.16991626610979438
0.17076981766149402
0.17284822277724743
0.17258542263880372
0.17390457494184375
0.17086282884702086
0.17361753899604082
0.16667853062972426
0.1691261399537325
0.1681423168629408
0.17127196909859776
0.17298138607293367
0.17234611324965954
0.16845597978681326
0.1728656948544085
0.17248861212283373
0.17279771296307445
0.17231324315071106
0.17136067990213633
0.16645045205950737
0.1697913920506835
0.1718623428605497
0.1739286039955914
0.17180241784080863
0.17279952624812722
0.16704175109043717
0.17129743890836835
0.169475678820163
0.1674261847510934
0.1746150590479374
0.1714665200561285
0.16661223582923412
0.17225591326132417
0.17283820314332843
0.1726764990016818
0.17326448811218143
0.17296689515933394
0.16640212992206216
0.16681014886125922
0.16688107186928391
0.17008192604407668
0.1749161770567298
0.17180789727717638
0.16674303729087114
0.17167585622519255
0.17220899928361177
0.17219918686896563
0.1723800590261817
0.1731308177113533
0.16654664184898138
0.17047870391979814
0.17113691521808505
0.17314134119078517
0.17150049097836018
0.17238592309877276
0.16660745721310377
0.17043131263926625
0.1682535451836884
0.16686597280204296
0.1731730978935957
0.1715223640203476
0.16718876315280795
0.1719071539118886
0.1727416291832924
0.17366954497992992
0.17141909804195166
0.17246028315275908
0.16713611921295524
0.1711837057955563
0.16925937496125698
0.16773385042324662
0.17369248671457171
0.17209734907373786
0.16670319670811296
0.17169079603627324
0.17260509403422475
0.17329812282696366
0.1730023268610239
0.1724349777214229
0.166029860265553
0.16843022592365742
0.16869829408824444
0.17164873098954558
0.17171639576554298
0.17211866797879338
0.16690001590177417
0.17180895199999213
0.17150645796209574
0.17124225525185466
0.1730015161447227
0.17281279992312193
0.1657833936624229
0.16687398310750723
0.16755841812118888
0.17125831684097648
0.17236968828365207
0.17199911409989
0.16805502120405436
0.1723221936263144
0.17234739800915122
0.17238026345148683
0.17244897363707423
0.17277196515351534
0.1659570736810565
0.1701586302369833
0.1705892663449049
0.17280042823404074
0.17147000972181559
0.1722969808615744
0.16642362112179399
0.1731488322839141
0.17098764702677727
0.170199453830719
0.17267952393740416
0.1714141322299838
0.1664976328611374
0.17207966931164265
0.17174790427088737
0.17270439164713025
0.17277182079851627
0.17291088309139013
0.16555017977952957
0.1737979082390666
0.17280048690736294
0.1718557463027537
0.1737139387987554
0.17135209776461124
0.1686449139378965
0.17352894321084023
0.17080058716237545
0.16959085501730442
0.17285079695284367
0.17151842406019568
0.1678014788776636
0.16662512300536036
0.16631124773994088
0.1655887090601027
0.17023951699957252
0.17311172280460596
0.16663685999810696
0.17231082217767835
0.17121075466275215
0.17097143875434995
0.1734593641012907
0.17373069981113076
0.16676263511180878
0.17552171600982547
0.17144507495686412
0.1721405847929418
0.17486160108819604
0.17292258935049176
0.16856425488367677
0.17260688496753573
0.17343698907643557
0.1718523371964693
0.17405719636008143
0.17109246831387281
0.16985050216317177
0.16947949305176735
0.17255583591759205
0.17154472786933184
0.17290566908195615
0.17066371208056808
0.17209117393940687
0.16765173990279436
0.16959661291912198
0.17107565887272358
0.1737815928645432
0.1700516720302403
0.1713411370292306
0.1666689501143992
0.1722583146765828
0.1726267863996327
0.17226416477933526
0.1719850250519812
0.1723447097465396
0.1668552029877901
0.16917756013572216
0.170228092931211
0.17329097911715508
0.1711633992381394
0.17157025169581175
0.16699406504631042
0.1731952577829361
0.17149236891418695
0.1711836322210729
0.17167530115693808
0.17125112703070045
0.16612534783780575
0.17146113188937306
0.17216481314972043
0.17231311090290546
0.17142873536795378
0.1724212965928018
0.16711780987679958
0.16588927526026964
0.16723129386082292
0.17263549892231822
0.17157458793371916
0.17081227200105786
0.16774279763922095
0.1731874537654221
0.17315027816221118
0.17247015982866287
0.17190939001739025
0.17244996596127748
0.16654354892671108
0.1692105820402503
0.17025875207036734
0.172982320189476
0.1710335873067379
0.1728498819284141
0.1670235088095069
0.17273871321231127
0.17193146795034409
0.1712095756083727
0.1724381959065795
0.17102316208183765
0.16593054914847016
0.17062854301184416
0.17089076898992062
0.1730705783702433
0.1718713683076203
0.17276059510186315
0.16762280371040106
0.17063727509230375
0.17075107293203473
0.17279067309573293
0.16988609917461872
0.1716098440811038
0.1659457408823073
0.17006302904337645
0.1712769870646298
0.1735074780881405
0.1704649617895484
0.17214490193873644
0.16661653108894825
0.1700097732245922
0.17013381095603108
0.17330372193828225
0.16984638012945652
0.17222754191607237
0.16590530704706907
0.1697853640653193
0.17101460974663496
0.17315763188526034
0.17070944467559457
0.17032972909510136
0.16684775473549962
0.17128292098641396
0.17223045183345675
0.17378062708303332
0.17033161176368594
0.17305105598643422
0.16709743859246373
0.17223396617919207
0.17040187818929553
0.16875692084431648
0.1740389629267156
0.17140818387269974
0.165965445805341
0.1712976680137217
0.17185014532878995
0.1729494039900601
0.17054538195952773
0.17340649710968137
0.16726375231519341
0.16602763114497066
0.166944011580199
0.17186503624543548
0.17247788794338703
0.17074907291680574
0.1681327191181481
0.1722793309018016
0.17194673512130976
0.17310711974278092
0.17171500576660037
0.1737007307820022
0.1663076006807387
0.16633303416892886
0.16747284727171063
0.1719974926672876
0.17294337786734104
0.17167307110503316
0.16781225195154548
0.17318012984469533
0.17185673397034407
0.17117309104651213
0.17909469222649932
0.17158116167411208
0.16605294728651643
0.17017242964357138
0.17095807194709778
0.17325871204957366
0.17155906977131963
0.17264116974547505
0.1667608111165464
0.17058522999286652
0.16813130071386695
0.1663142777979374
0.1741975131444633
0.17100883089005947
0.1659757001325488
0.170095507055521
0.17028590803965926
0.17287868820130825
0.17117309290915728
0.17206927901133895
0.16821341821923852
0.17314143804833293
0.17137492820620537
0.17314940923824906
0.17003421671688557
0.17416752828285098
0.1660049669444561
0.17023102613165975
0.1704152887687087
0.1720432648435235
0.17179998708888888
0.1727586891502142
0.1667205486446619
0.16623379616066813
0.166746374219656
0.17112938174977899
0.17329777916893363
0.1709050089120865
0.16691156337037683
0.17280914075672626
0.17278894502669573
0.1729982136748731
0.171603721100837
0.17335974099114537
0.1666059629060328
0.1707815956324339
0.16910613514482975
0.1718995668925345
0.17234327597543597
0.17241000337526202
0.167194452136755
0.17216395027935505
0.17092806100845337
0.17133886413648725
0.17279707128182054
0.1717595779336989
0.1661081430502236
0.17017911514267325
0.17130748787894845
0.173266036901623
0.17111268499866128
0.17203175509348512
0.16853494010865688
0.17319569503888488
0.17289425758644938
0.17301840987056494
0.17115885391831398
0.17245591711252928
0.16530600795522332
0.17201316310092807
0.16996623994782567
0.16933979699388146
0.17391991103067994
0.17190191010013223
0.1648685960099101
0.16465811198577285
0.16458683786913753
0.16766873095184565
0.17600368289276958
0.171413938049227
0.16910840524360538
0.17348508490249515
0.1725868657231331
0.17251735739409924
0.17124973284080625
0.17010352620854974
0.16671743616461754
0.17154615512117743
0.17154626408591866
0.17243567621335387
0.17053824197500944
0.17185587482526898
0.16776671120896935
0.17220225604251027
0.1722228522412479
0.17314297892153263
0.17083648731932044
0.17167116003111005
0.16625666106119752
0.17175922822207212
0.17074999678879976
0.17180522065609694
0.17278133379295468
0.17110090609639883
0.16729150107130408
0.17168893804773688
0.17152037704363465
0.17239873996004462
0.17153046373277903
0.17216362664476037
0.16689804894849658
0.17067964002490044
0.16763369785621762
0.16643385309726
0.17338708974421024
0.1709694927558303
0.1670513884164393
0.17241724207997322
0.17277973517775536
0.17274605110287666
0.17112009227275848
0.17251179181039333
0.16673983307555318
0.17121656890958548
0.1721154609695077
0.173355168197304
0.17113524675369263
0.17183778481557965
0.1662883530370891
0.17217197781428695
0.17200345499441028
0.17173819988965988
0.17202549194917083
0.1717308652587235
0.16679232520982623
0.17109043803066015
0.17182055208832026
0.17227575508877635
0.17101661395281553
0.17220061970874667
0.1669237269088626
0.17003333382308483
0.16811988083645701
0.16563006583601236
0.17106312606483698
0.17152224108576775
0.16673717182129622
0.1705971648916602
0.1716934759169817
0.1732676001265645
0.17049804888665676
0.17153992876410484
0.16707886010408401
0.17179307993501425
0.17182004358619452
0.17110559064894915
0.1724513447843492
0.17178160417824984
0.16681154491379857
0.17167992517352104
0.1722508859820664
0.1723989164456725
0.17172302911058068
0.17235331842675805
0.1670773010700941
0.16555336210876703
0.16664235526695848
0.17126612411811948
0.17185154976323247
0.17047080909833312
0.167779257055372
0.17296545021235943
0.17211063019931316
0.17200985364615917
0.17114255530759692
0.17231542197987437
0.16726975003257394
0.1703199497424066
0.17118935706093907
0.17241491004824638
0.16994728986173868
0.17147872829809785
0.16668657027184963
0.1717522842809558
0.1712295599281788
0.17071749921888113
0.17196705285459757
0.17004428803920746
0.1677374211139977
0.17170401802286506
0.1711060358211398
0.17221355997025967
0.16971083590760827
0.17156885098665953
0.1681012101471424
0.17303428519517183
0.17279477883130312
0.1727824416011572
0.17039908422157168
0.17163599794730544
0.1661112029105425
0.17021760484203696
0.16970952274277806
0.17239246889948845
0.17047512670978904
0.17280867509543896
0.1667395750992
0.169244937133044
0.16897244099527597
0.1732453340664506
0.1717303218320012
0.17210226319730282
0.16865310491994023
0.17216734029352665
0.1723668510094285
0.17153370007872581
0.17194046778604388
0.17232622066512704
0.1667150449939072
0.1701278672553599
0.1702679363079369
0.17221539001911879
0.17083837231621146
0.17208670126274228
0.16713269473984838
0.17256473004817963
0.17170590814203024
0.17171817179769278
0.17138546518981457
0.17091065784916282
0.16569975996389985
0.1713750921189785
0.17242790712043643
0.17237102473154664
0.17030385602265596
0.17341969395056367
0.16647729463875294
0.16883416380733252
0.17084113229066133
0.17338413977995515
0.17046904424205422
0.17110566003248096
0.16616326477378607
0.17162090679630637
0.17208577459678054
0.17170352581888437
0.1702293218113482
0.17209182400256395
0.16710283607244492
0.17069273302331567
0.17091138428077102
0.17242938885465264
0.17072161892428994
0.17163579491898417
0.16656804597005248
0.17156112613156438
0.171297961845994
0.1708515789359808
0.17035225918516517
0.16986199608072639
0.16759436577558517
0.17183659272268414
0.17139174370095134
0.17265189019963145
0.17075000004842877
0.17126296740025282
0.16700332891196012
0.17255440494045615
0.1720240437425673
0.17216095281764865
0.17155788373202085
0.1705544451251626
0.16575770219787955
0.17005458194762468
0.17122961720451713
0.1725756898522377
0.17027512611821294
0.17207664204761386
0.16752177523449063
0.17039030464366078
0.169398563914001
0.1725695738568902
0.17051661107689142
0.17046499764546752
0.16771590104326606
0.17257317202165723
0.171797099057585
0.17137321084737778
0.1702678557485342
0.17044151993468404
0.16846221592277288
0.17275544442236423
0.17166531598195434
0.17267590388655663
0.16956453118473291
0.17087317258119583
0.16677569365128875
0.17184113804250956
0.17166294204071164
0.17105062678456306
0.1716497577726841
0.17026645923033357
0.16686780098825693
0.17104929126799107
0.17126738466322422
0.17240628926083446
0.1699160085991025
0.17161309719085693
0.1671020514331758
0.1719782119616866
0.1723433560691774
0.17149612493813038
0.1706839087419212
0.16978793311864138
0.16780725307762623
0.1717740511521697
0.17164581082761288
0.17250754917040467
0.16990177100524306
0.1715731592848897
0.16763072879984975
0.17099377512931824
0.1714298757724464
0.17250265693292022
0.1704961759969592
0.17079606419429183
0.16683421796187758
0.17142761312425137
0.17199763003736734
0.1719718212261796
0.16998532600700855
0.17101825587451458
0.16655842633917928
0.1705360161140561
0.17089095525443554
0.1724872412160039
0.1716240681707859
0.1709369570016861
0.16770543716847897
0.1726403897628188
0.17171970196068287
0.17074555810540915
0.17066901782527566
0.16930364491418004
0.1682775979861617
0.17178476974368095
0.17148839076980948
0.17205443792045116
0.16920761112123728
0.17039364483207464
0.16843289602547884
0.17123208101838827
0.17170677613466978
0.17291610408574343
0.1702384571544826
0.17016291012987494
0.1676469179801643
0.1725208479911089
0.1718844547867775
0.17137704277411103
0.1699094781652093
0.17041697492823005
0.16866766707971692
0.17206833930686116
0.1706814467906952
0.17232498712837696
0.1700455998070538
0.17033151304349303
0.16792177315801382
0.17222610721364617
0.17185386922210455
0.1717392671853304
0.17086468590423465
0.16928028594702482
0.16879912419244647
0.1725508999079466
0.17135179694741964
0.17186343716457486
0.16992799192667007
0.17219202313572168
0.16745383199304342
0.169815463013947
0.17054349090903997
0.17392148915678263
0.16958351200446486
0.1700177970342338
0.1677536889910698
0.17168704699724913
0.1718260063789785
0.1724309022538364
0.1701559559442103
0.17049163579940796
0.16871527303010225
0.17148626130074263
0.17046692268922925
0.17216982692480087
0.17005745926871896
0.1703358800150454
0.16781134624034166
0.17276056110858917
0.17248109774664044
0.17235572868958116
0.17002088017761707
0.17018426209688187
0.1669125221669674
0.1687111919745803
0.1693645967170596
0.172540167812258
0.1701859342865646
0.1694005369208753
0.1696567297913134
0.17138611897826195
0.17132220417261124
0.1727704550139606
0.16941611608490348
0.16838079039007425
0.17005371721461415
0.1718312962912023
0.17122389236465096
0.17251501278951764
0.16860484099015594
0.16879925690591335
0.17103475891053677
0.16717024659737945
0.16467744717374444
0.17031568381935358
0.1736314850859344
0.16673407284542918
0.16844692593440413
0.16605005832388997
0.1643330566585064
0.17189392820000648
0.1720347017981112
0.16676307888701558
0.16867636190727353
0.17013428499922156
0.17247522808611393
0.17002964904531837
0.1714316620491445
0.16676549101248384
0.17112022591754794
0.17145842220634222
0.17206700379028916
0.17040645889937878
0.17001410899683833
0.1684138011187315
0.17191840754821897
0.1709561157040298
0.17208596831187606
0.16988051496446133
0.17015135195106268
0.1671070889569819
0.16983969416469336
0.1700577810406685
0.17339166020974517
0.1701640342362225
0.1702795848250389
0.1688332911580801
0.17172815511003137
0.17135363537818193
0.17297934088855982
0.17006161995232105
0.16960180783644319
0.17048491025343537
0.16848601074889302
0.16817185515537858
0.17338708881288767
0.172345160972327
0.16977358981966972
0.17021112702786922
0.17244614101946354
0.17201031558215618
0.17284387489780784
0.17095595598220825
0.17128457594662905
0.16822353983297944
0.1716523109935224
0.17129779560491443
0.17375056305900216
0.17056906735524535
0.17200074112042785
0.16765331383794546
0.17277930537238717
0.17180197685956955
0.17225591000169516
0.17184933461248875
0.1712985229678452
0.16615243162959814
0.17075885692611337
0.17192126577720046
0.1724586565978825
0.1709071840159595
0.17262081615626812
0.16623173700645566
0.16648767096921802
0.16760373767465353
0.17218507919460535
0.1711425669491291
0.17004670668393373
0.16926286416128278
0.17367243207991123
0.17320357216522098
0.17221775418147445
0.1723138839006424
0.17093215510249138
0.16736545274034142
0.1719490960240364
0.1723951897583902
0.17352149914950132
0.17198093887418509
0.17185308085754514
0.16658087773248553
0.17144254222512245
0.16970119206234813
0.16787442518398166
0.17373787285760045
0.1716588749550283
0.1662707501091063
0.17098258808255196
0.17164604971185327
0.1731508979573846
0.17263958975672722
0.17286059074103832
0.16649541491642594
0.16809171065688133
0.1679904810152948
0.1712220828048885
0.1735071470029652
0.17247087229043245
0.16658581607043743
0.17084418702870607
0.17105205077677965
0.1726076351478696
0.17092471616342664
0.17366009298712015
0.16610323311761022
0.16646210895851254
0.16692285938188434
0.17214787704870105
0.1726228529587388
0.17230188893154263
0.16739455424249172
0.1728311567567289
0.1736991861835122
0.1722644679248333
0.17088107578456402
0.17273698607459664
0.16681892378255725
0.1711649796925485
0.17284307070076466
0.17401328217238188
0.17113370914012194
0.17297382419928908
0.1662424886599183
0.16868318198248744
0.16555989906191826
0.16302962927147746
0.17373536014929414
0.17167484480887651
0.1701959939673543
0.17313220677897334
0.17249994073063135
0.17405742732807994
0.1720216698013246
0.1736750011332333
0.16708876239135861
0.17364699579775333
0.17311570327728987
0.1735430872067809
0.1717552598565817
0.1717448211275041
0.16716417018324137
0.1724194842390716
0.16968481428921223
0.16910437401384115
0.1739501841366291
0.1732845869846642
0.1665892843157053
0.1732339421287179
0.17298319702968
0.17190113384276628
0.1728599569760263
0.17264795489609241
0.1678412677720189
0.17311468767002225
0.17220012191683054
0.1702539143152535
0.17297302093356848
0.1704137953929603
0.16868278803303838
0.17045894684270024
0.1673681978136301
0.16460272995755076
0.16860500304028392
0.17531559197232127
0.166730766184628
0.1686715129762888
0.16537065198644996
0.1641602162271738
0.17080771829932928
0.17385246697813272
0.1667609321884811
0.170549928676337
0.17123794788494706
0.17379953199997544
0.1719557517208159
0.1726346518844366
0.16764945397153497
0.1733865588903427
0.17136249411851168
0.1711394963786006
0.17292347503826022
0.17179031018167734
0.16670441813766956
0.1703784568235278
0.1716223219409585
0.17395006492733955
0.1713905381038785
0.17297000298276544
0.16621431801468134
0.16933757392689586
0.17191701009869576
0.17370968218892813
0.17206659307703376
0.17229156475514174
0.16635484108701348
0.17159044789150357
0.16889057215303183
0.16673190472647548
0.1723176329396665
0.17184179881587625
0.16638642037287354
0.1660119337029755
0.16694250283762813
0.17204594891518354
0.17245013872161508
0.17114810133352876
0.1675494471564889
0.17329577403143048
0.17293274961411953
0.17292015720158815
0.17105415230616927
0.17285420978441834
0.16623562714084983
0.16859859973192215
0.16786506120115519
0.1708427811972797
0.17362879635766149
0.17096507735550404
0.16832742327824235
0.1735250037163496
0.17195833008736372
0.17173374397680163
0.17210222268477082
0.1716395728290081
0.16656202776357532
0.17097683111205697
0.1712688123807311
0.17348163714632392
0.17068627988919616
0.17282236320897937
0.1665012091398239
0.1727899508550763
0.17204858595505357
0.17274549370631576
0.16997783817350864
0.17179421801120043
0.16676651732996106
0.17008833214640617
0.17169219395145774
0.17399773513898253
0.1702444260008633
0.1726452987641096
0.1655252012424171
0.1709022019058466
0.17194002401083708
0.17277646204456687
0.17146746907383204
0.17138548102229834
0.16637411201372743
0.1711354828439653
0.16773083992302418
0.16644650790840387
0.17365054972469807
0.17087465897202492
0.166478686966002
0.17137725092470646
0.1720611173659563
0.17276847222819924
0.17060458892956376
0.1720869680866599
0.16688715806230903
0.17113786423578858
0.17011177726089954
0.16949551412835717
0.1721080536954105
0.1701970612630248
0.16730657825246453
0.17197591764852405
0.17152237612754107
0.17239865008741617
0.17049486516043544
0.17234743619337678
0.16807734407484531
0.17044025287032127
0.16963935364037752
0.1727016088552773
0.17213917430490255
0.1718441299162805
0.1663875738158822
0.1706199743784964
0.1714418800547719
0.17238905327394605
0.1720934878103435
0.1728535769507289
0.1662501278333366
0.16756744496524334
0.16677172994241118
0.17070863861590624
0.1722332900390029
0.17005890794098377
0.17006798973307014
0.1728120748884976
0.17139708902686834
0.17108154110610485
0.17225522175431252
0.17071046913042665
0.1672834288328886
0.17091649072244763
0.17153777508065104
0.172557407990098
0.1705343541689217
0.17197879264131188
0.1683952258899808
0.17282246705144644
0.17171906866133213
0.17213445203378797
0.17101308796554804
0.1713073831051588
0.1663815532810986
0.170490481890738
0.1706881271675229
0.17233417695388198
0.17050185287371278
0.17277554189786315
0.16654977202415466
0.17250623181462288
0.1729993806220591
0.1717136027291417
0.17113615199923515
0.17236251570284367
0.1669081267900765
0.17162630427628756
0.16916084615513682
0.16820437833666801
0.17343204002827406
0.17063614493235946
0.1673340890556574
0.17153332568705082
0.17254036525264382
0.17272657342255116
0.17068109614774585
0.1723749367520213
0.16604527598246932
0.16897436184808612
0.1701381509192288
0.1730880392715335
0.17051100358366966
0.17119427397847176
0.1672551021911204
0.17208500392735004
0.17200508201494813
0.17180832521989942
0.1708901529200375
0.1724679139442742
0.16669134935364127
0.17046146094799042
0.17092624818906188
0.1729230498895049
0.1689220261760056
0.1717959027737379
0.16639513801783323
0.1701543629169464
0.1710104770027101
0.17168684676289558
0.17031890340149403
0.17000182112678885
0.16746094170957804
0.1715149348601699
0.17104060109704733
0.17162330821156502
0.1697316588833928
0.1696387082338333
0.168652490247041
0.1723838998004794
0.1716068279929459
0.17108705779537559
0.17054359382018447
0.16829819418489933
0.16933001298457384
0.17160201538354158
0.17015382600948215
0.17120711784809828
0.16941402480006218
0.16861789114773273
0.1685214601457119
0.16623314004391432
0.16513228882104158
0.1714739608578384
0.17205219808965921
0.16498185927048326
0.169465993065387
0.1701226970180869
0.17059039743617177
0.17261864012107253
0.1712095751427114
0.16644681012257934
0.16567724896594882
0.16598696680739522
0.17129819793626666
0.17173169692978263
0.1697174720466137
0.16870650090277195
0.17276435578241944
0.17201850516721606
0.17241795361042023
0.1701336009427905
0.17207739781588316
0.16779046738520265
0.1705663870088756
0.17083195503801107
0.17231125803664327
0.16900850925594568
0.1686595818027854
0.16844673501327634
0.172033934853971
0.1719385078176856
0.17252876237034798
0.17015555500984192
0.17167264502495527
0.16733334679156542
0.17034881003201008
0.17114347591996193
0.17267565988004208
0.1688743820413947
0.16933638183400035
0.16831409838050604
0.17249318398535252
0.17172281630337238
0.17167087411507964
0.1698564919643104
0.170065316837281
0.16962903598323464
0.17233621003106236
0.1707068867981434
0.17225018329918385
0.1701432801783085
0.16932866582646966
0.1682810392230749
0.1722673550248146
0.17178973788395524
0.17170325899496675
0.17152847303077579
0.16988524794578552
0.1676145289093256
0.17194269597530365
0.17075119027867913
0.17211994109675288
0.16972904279828072
0.16961977491155267
0.16872742120176554
0.17046709079295397
0.17021943489089608
0.17198346508666873
0.17092956835404038
0.16824139468371868
0.17005278496071696
0.17102643661201
0.16963262669742107
0.17136802896857262
0.16986809391528368
0.16639026394113898
0.1703379489481449
0.1674840427003801
0.1663360740058124
0.17313905665650964
0.17020097468048334
0.165483214892447
0.16985938092693686
0.16866063699126244
0.16809039004147053
0.17331406520679593
0.17104777693748474
0.16645950498059392
0.17156774923205376
0.17181954625993967
0.17266673687845469
0.169500598218292
0.1711580348201096
0.16647380497306585
0.17205450404435396
0.17080162279307842
0.16990766115486622
0.17155190370976925
0.1700842478312552
0.16571491118520498
0.16864851210266352
0.16932590305805206
0.17259629536420107
0.16976435109972954
0.169729748275131
0.16898714285343885
0.1729851383715868
0.171736269723624
0.17418588930740952
0.1717437240295112
0.17057041684165597
0.1775046749971807
0.1689839451573789
0.1688152072019875
0.16916239215061069
0.17274518311023712
0.17276423424482346
0.16694680601358414
0.1658496311865747
0.16685361601412296
0.17194637097418308
0.17078821919858456
0.1689084880053997
0.1687672990374267
0.17203430458903313
0.1710450490936637
0.17164050415158272
0.16953538171947002
0.16864683711901307
0.17136321496218443
0.16789135010913014
0.16639175405725837
0.17249620473012328
0.17123973788693547
0.16825497522950172
0.17199438204988837
0.17276667430996895
0.170944482088089
0.1717255711555481
0.17146555380895734
0.16820608917623758
0.17094646813347936
0.1678253817372024
0.16675859736278653
0.1685712579637766
0.17374104028567672
0.16584133310243487
0.16777620697394013
0.16544815292581916
0.16437778528779745
0.1719058700837195
0.17149107763543725
0.16815495304763317
0.17087599821388721
0.17136947624385357
0.1728164474479854
0.1695696790702641
0.17196357902139425
0.16682944726198912
0.17161555727943778
0.1720725786872208
0.17345820600166917
0.1703230463899672
0.17070000432431698
0.16585622541606426
0.17080319114029408
0.17106748512014747
0.17262085480615497
0.17001221468672156
0.17161142313852906
0.1675388333387673
0.17110437992960215
0.17108486406505108
0.17351119592785835
0.17066255304962397
0.17133864387869835
0.16719595901668072
0.17179864877834916
0.1717105438001454
0.17117215832695365
0.17149785719811916
0.17051770212128758
0.1667210259474814
0.1704262848943472
0.17060655308887362
0.1720409318804741
0.1690334309823811
0.16961742704734206
0.16768413688987494
0.17187909223139286
0.17168293287977576
0.17175593180581927
0.17061604093760252
0.16951094707474113
0.16828394215554
0.17203869111835957
0.1709414659999311
0.17210452491417527
0.16888157976791263
0.16892305295914412
0.16959792375564575
0.17149303434416652
0.1711238482967019
0.17261018324643373
0.17085498524829745
0.16843464085832238
0.16911442391574383
0.17141778394579887
0.1699483161792159
0.17253238102421165
0.1697648437693715
0.168963389005512
0.1693520648404956
0.16663314308971167
0.16490294598042965
0.17239836091175675
0.1715799793601036
0.1658500861376524
0.17035078117623925
0.1689704260788858
0.16749318409711123
0.17306001717224717
0.17014831816777587
0.16621032217517495
0.1657552169635892
0.16677285078912973
0.17194962594658136
0.17244561295956373
0.1698108841665089
0.1678022090345621
0.17155491095036268
0.1715479870326817
0.1722613121382892
0.1687155212275684
0.17029472067952156
0.169787656981498
0.1696529877372086
0.17052135290578008
0.17238893685862422
0.16923632519319654
0.16806292301043868
0.16904249973595142
0.17147043719887733
0.1702686590142548
0.1714153690263629
0.16974974563345313
0.16652672970667481
0.17055843025445938
0.16774747194722295
0.16649993229657412
0.17251218482851982
0.17151088220998645
0.16629720199853182
0.16795779298990965
0.16579046892002225
0.16469267196953297
0.1713139391504228
0.17141255317255855
0.16812010994181037
0.17198757361620665
0.17105655884370208
0.17264541517943144
0.17025700118392706
0.17071805987507105
0.16703791311010718
0.17182801011949778
0.1710588401183486
0.17086810991168022
0.1702983919531107
0.1709328480064869
0.16753620794042945
0.17194235883653164
0.17101422511041164
0.17234976263716817
0.16901140101253986
0.16938265599310398
0.16884439531713724
0.17179515399038792
0.1711341799236834
0.17204833216965199
0.17091568605974317
0.16976488986983895
0.16730210790410638
0.1716426182538271
0.17064560716971755
0.17203366570174694
0.17048172187060118
0.16919546807184815
0.16982907615602016
0.17087490763515234
0.17035037092864513
0.17285499814897776
0.17115659499540925
0.1686732298694551
0.16938825510442257
0.1725127580575645
0.17136503104120493
0.17159517016261816
0.16895197425037622
0.17001051967963576
0.1693806261755526
0.1684593870304525
0.1679357304237783
0.17126669315621257
0.17145436210557818
0.16732562892138958
0.17173993401229382
0.17045880109071732
0.170056174043566
0.1716870367527008
0.17090426804497838
0.1657435749657452
0.16462836368009448
0.16692259861156344
0.17345334822311997
0.17040976881980896
0.17123992135748267
0.1658628392033279
0.171153558883816
0.17142259888350964
0.1715121236629784
0.1716691441833973
0.17213241895660758
0.165656010620296
0.17129283864051104
0.17165135871618986
0.17284529795870185
0.17081803595647216
0.17298591881990433
0.16543730534613132
0.17106938967481256
0.16865719808265567
0.1661011860705912
0.17516267765313387
0.1704520438797772
0.1663150149397552
0.17165504582226276
0.17185419332236052
0.17290145624428988
0.1693013058975339
0.17208627937361598
0.16732696490362287
0.1722621889784932
0.17149061616510153
0.17256161523982882
0.16956671187654138
0.1713533541187644
0.16536661703139544
0.16952294670045376
0.1697462690062821
0.17213431606069207
0.16911729983985424
0.17109030112624168
0.16765554808080196
0.170102896168828
0.1715133609250188
0.17338239587843418
0.16975637106224895
0.16971999779343605
0.16789512801915407
0.17196193989366293
0.17161456169560552
0.1726675103418529
0.17026318097487092
0.170194533187896
0.1678724680095911
0.17156002903357148
0.17076742183417082
0.17255077231675386
0.17094485880807042
0.17007098626345396
0.16727852495387197
0.17169678397476673
0.17188103590160608
0.17244695173576474
0.1702839881181717
0.1690878001973033
0.167866385076195
0.17128232680261135
0.17088003875687718
0.17193290684372187
0.17081246385350823
0.16944348067045212
0.16905615478754044
0.1708337110467255
0.1710588037967682
0.17272489424794912
0.1701864949427545
0.16798102390021086
0.1695560533553362
0.17221993627026677
0.17060274630784988
0.17191391298547387
0.17034002486616373
0.1693224459886551
0.1713672447949648
0.16819632472470403
0.1671143970452249
0.17304274113848805
0.17174973897635937
0.16738869110122323
0.17246507201343775
0.1722784503363073
0.171116448007524
0.17300519673153758
0.17093157162889838
0.16893032705411315
0.1727801039814949
0.1721342457458377
0.16971516516059637
0.17203782266005874
0.17023371625691652
0.16874421993270516
0.17018561204895377
0.17081708600744605
0.17145528411492705
0.17234555818140507
0.17008525226265192
0.1683623380959034
0.16961910389363766
0.17261095717549324
0.17067211819812655
0.1721450467593968
0.1688983580097556
0.16918851668015122
0.16988759813830256
0.1671427651308477
0.16547793289646506
0.17051826510578394
0.17409816198050976
0.16704338788986206
0.16803183360025287
0.1656317450106144
0.16419732477515936
0.16901586670428514
0.17346669174730778
0.16733578080311418
0.16849810210987926
0.16940724337473512
0.17319211969152093
0.17176776891574264
0.1706824661232531
0.16741830110549927
0.17248230474069715
0.1720643499866128
0.1725120129995048
0.1713493475690484
0.17173071717843413
0.16691747680306435
0.17013446101918817
0.17089670011773705
0.1727340961806476
0.17053942615166306
0.17221907433122396
0.16660132305696607
0.17122974013909698
0.17205579206347466
0.17373187793418765
0.17159187886863947
0.17139019398018718
0.16668348759412766
0.17069122707471251
0.171269407030195
0.17504581296816468
0.17118296772241592
0.17342437524348497
0.16726937470957637
0.1694272169843316
0.16796514578163624
0.16599322576075792
0.17512085009366274
0.1707993196323514
0.167594691272825
0.17220196221023798
0.17257389891892672
0.17321199411526322
0.1706062569282949
0.17293565394356847
0.16722635924816132
0.16627531498670578
0.1679533668793738
0.17154991114512086
0.17200972605496645
0.17069322103634477
0.16630450217053294
0.17038597725331783
0.17073607072234154
0.1728328987956047
0.17027071537449956
0.1707325680181384
0.16950880410149693
0.1699053249321878
0.17069785203784704
0.17328958585858345
0.17087485129013658
0.17113420087844133
0.16779069602489471
0.1728139012120664
0.1728074778802693
0.1721773841418326
0.17075637495145202
0.17023836215958
0.16640732111409307
0.17147608008235693
0.17124576587229967
0.17275266535580158
0.1694246637634933
0.1710220342501998
0.1669637612067163
0.17157277278602123
0.17140046879649162
0.171341503970325
0.17120829178020358
0.17044039582833648
0.16771073825657368
0.17152033792808652
0.1705122017301619
0.17157578887417912
0.16895375261083245
0.16874588187783957
0.16975772101432085
0.17215130012482405
0.17120692506432533
0.17123822821304202
0.1704885745421052
0.1688827141188085
0.16858574002981186
0.17172087589278817
0.1704207337461412
0.17248606123030186
0.16981190303340554
0.16934779891744256
0.17003036197274923
0.1673915758728981
0.16527177207171917
0.17249975260347128
0.1706000636331737
0.16852981224656105
0.1724383346736431
0.16850028280168772
0.16718940576538444
0.17316022608429193
0.17111817887052894
0.1653468911536038
0.17055026069283485
0.17237130319699645
0.17378914216533303
0.17069027805700898
0.17137226602062583
0.16585444519296288
0.17188590578734875
0.16933580115437508
0.16908771870657802
0.17247962206602097
0.1720788017846644
0.1655762568116188
0.1664417232386768
0.16598743200302124
0.16967403469607234
0.17361705796793103
0.17048133118078113
0.16755886608734727
0.17221967969089746
0.17126473877578974
0.17190650012344122
0.17026268178597093
0.17129441490396857
0.16783329471945763
0.17132081603631377
0.17111315997317433
0.1724232821725309
0.17016005562618375
0.17111922008916736
0.16713959258049726
0.17125746700912714
0.17125463811680675
0.17108852788805962
0.17134535033255816
0.17009810730814934
0.16776753403246403
0.1716632847674191
0.17115631187334657
0.1738223610445857
0.17006170004606247
0.1706060222350061
0.16751403221860528
0.17279618605971336
0.1721323961392045
0.1726667433977127
0.16992699820548296
0.1701788417994976
0.1663233432918787
0.17246920382604003
0.1717690140940249
0.17259537801146507
0.16964965499937534
0.1731013827957213
0.1671115318313241
0.17051770584657788
0.16981315007433295
0.17244227370247245
0.17094838479533792
0.1708199018612504
0.16613641288131475
0.17126398999243975
0.17125088814646006
0.1715425648726523
0.16952164191752672
0.1702807662077248
0.16976573318243027
0.17261039419099689
0.17102065728977323
0.17148863524198532
0.1703934441320598
0.17092228634282947
0.1671935459598899
0.17173344688490033
0.17184874182567
0.17239536112174392
0.16949670296162367
0.16921343514695764
0.16810737363994122
0.17131474008783698
0.17024321481585503
0.17179840290918946
0.17014932865276933
0.1699990821070969
0.16812724713236094
0.170540910679847
0.17098081717267632
0.17207651771605015
0.17112378031015396
0.1689749457873404
0.16886167507618666
0.1715509952045977
0.1706029367633164
0.17279913323000073
0.17018222529441118
0.16779453307390213
0.17030436405912042
0.1675700838677585
0.16530691413208842
0.17046103766188025
0.1727534169331193
0.16734554199501872
0.16780370799824595
0.16542941611260176
0.1636214996688068
0.17005784390494227
0.17211107816547155
0.16800457891076803
0.17110744398087263
0.17044473625719547
0.17201688094064593
0.17069374676793814
0.1706988299265504
0.16694847214967012
0.17156782373785973
0.17131335102021694
0.17179503431543708
0.1705053481273353
0.1714841271750629
0.16699656518176198
0.17084804782643914
0.1713729938492179
0.17289152089506388
0.17030932614579797
0.17065098695456982
0.16725073102861643
0.1716506900265813
0.17186369094997644
0.1723980330862105
0.17005916219204664
0.17107799369841814
0.1676803957670927
0.17165049584582448
0.17104359529912472
0.17179211974143982
0.1702024359256029
0.17066769115626812
0.16847042413428426
0.17328138230368495
0.1723907720297575
0.17132321884855628
0.17039691423997283
0.1709101628512144
0.16663391888141632
0.1709939711727202
0.17108881985768676
0.17295960988849401
0.17096772138029337
0.1716576130129397
0.16759775904938579
0.17134565813466907
0.17102779541164637
0.17234236979857087
0.16984781390056014
0.17099968902766705
0.1664213971234858
0.1709131607785821
0.171137189026922
0.17175451386719942
0.16944697871804237
0.17043569311499596
0.16841989289969206
0.17226155288517475
0.17096162680536509
0.17169824801385403
0.16946403915062547
0.17055031517520547
0.16857215808704495
0.17277592327445745
0.17176855634897947
0.17235775431618094
0.16992452973499894
0.16983654582872987
0.16814236901700497
0.17244477709755301
0.17171202367171645
0.17239501513540745
0.16975340666249394
0.17358410963788629
0.16646087681874633
0.1698787398636341
0.1694896393455565
0.17312199296429753
0.1700109071098268
0.17057335563004017
0.16858227597549558
0.17199491010978818
0.17135939095169306
0.17196207912638783
0.1718608089722693
0.17023139726370573
0.16731371404603124
0.17136388085782528
0.17150727938860655
0.17280202405527234
0.16922914795577526
0.17154493322595954
0.16665258584544063
0.17051393492147326
0.17116534989327192
0.17348825884982944
0.17023750394582748
0.1698728697374463
0.1673722700215876
0.17137746280059218
0.17199900187551975
0.17275303602218628
0.17037245444953442
0.17192244436591864
0.16729220561683178
0.16954944003373384
0.169937449041754
0.1735239769332111
0.17025610990822315
0.16944692097604275
0.169193125795573
0.17335599102079868
0.17248810408636928
0.17178659280762076
0.1715613091364503
0.17018631799146533
0.16738857375457883
0.17119944095611572
0.17105956887826324
0.17196832317858934
0.17034445330500603
0.17150825588032603
0.1678225020878017
0.1724452069029212
0.17242241883650422
0.17294869665056467
0.17123052291572094
0.1711613959632814
0.16680115880444646
0.17098875576630235
0.1711902068927884
0.17207152768969536
0.1710116993635893
0.17184279393404722
0.16704612923786044
0.17075714003294706
0.17102468572556973
0.17272034380584955
0.16957935877144337
0.1712584109045565
0.16646432597190142
0.1708708661608398
0.17122199479490519
0.17309644632041454
0.17016615997999907
0.170913637150079
0.16663172096014023
0.17107094172388315
0.17139317793771625
0.17282446241006255
0.16957984818145633
0.17127676028758287
0.16744859283789992
0.1720521473325789
0.1714097079820931
0.17084331903606653
0.17144583631306887
0.16943140979856253
0.16801867680624127
0.1718141888268292
0.17074317391961813
0.17204440105706453
0.17331189010292292
0.17308428836986423
0.1675254669971764
0.17152707325294614
0.1694209659472108
0.1733304113149643
0.1730468338355422
0.17272112797945738
0.1670244699344039
0.16929150512441993
0.17165494710206985
0.17222722014412284
0.17253372399136424
0.1719620181247592
0.16703202994540334
0.16599752008914948
0.16600132174789906
0.1694238819181919
0.1751723508350551
0.17081549111753702
0.16771582700312138
0.17237562825903296
0.17209146777167916
0.1728990781120956
0.1710266200825572
0.17272788379341364
0.16787871904671192
0.16952951112762094
0.17009669682011008
0.1731052091345191
0.17053269920870662
0.17090116580948234
0.16675663692876697
0.1714290240779519
0.17128030210733414
0.1724311807192862
0.17098630918189883
0.17095429869368672
0.16735132597386837
0.1713820626027882
0.17154615325853229
0.17189216800034046
0.16949866898357868
0.16996913217008114
0.16645533684641123
0.17124613374471664
0.1714007961563766
0.17155145620927215
0.1703816349618137
0.16909351386129856
0.16824555210769176
0.17096361704170704
0.17014711489900947
0.17179417377337813
0.16984924813732505
0.16801904095336795
0.17008420126512647
0.17141930712386966
0.1700027510523796
0.17153182160109282
0.17029153602197766
0.16738770389929414
0.17071952391415834
0.1706542456522584
0.16937722405418754
0.17107523512095213
0.16991409193724394
0.16539588198065758
0.17035067081451416
0.1708200592547655
0.171119699254632
0.17162282997742295
0.1700025792233646
0.16537992097437382
0.1664072792045772
0.16633837297558784
0.16528742806985974
0.17232953989878297
0.16918845614418387
0.16992994863539934
0.17164597287774086
0.17012306209653616
0.1722215129993856
0.17045050766319036
0.16933531127870083
0.16884629800915718
0.1720320419408381
0.17100042570382357
0.17063055792823434
0.17046218505129218
0.16878569079563022
0.1692447359673679
0.1719336463138461
0.17029359797015786
0.1717537511140108
0.17076816922053695
0.16848671482875943
0.16966472892090678
0.1707190340384841
0.1706815091893077
0.17208429891616106
0.17094363970682025
0.16770658129826188
0.1695608082227409
0.17166929924860597
0.16993205295875669
0.17080595577135682
0.16854474367573857
0.1661100690253079
0.17030993523076177
0.16865801019594073
0.16924448311328888
0.17186210257932544
0.16954241273924708
0.16456894436851144
0.16881714388728142
0.1683071330189705
0.16825108416378498
0.17079938808456063
0.1682371380738914
0.16682207118719816
0.17086869897320867
0.17028317600488663
0.17111935513094068
0.16851495997980237
0.1668869680725038
0.16944911004975438
0.17090068478137255
0.16949285473674536
0.17112889094278216
0.16970718512311578
0.16489276895299554
0.16860839817672968
0.16858521662652493
0.1681935708038509
0.1716847508214414
0.16960397409275174
0.1653426238335669
0.1711276201531291
0.170070368796587
0.16999531397596002
0.16974959801882505
0.16890836879611015
0.1660923375748098
0.17039440292865038
0.16989777190610766
0.17101103998720646
0.1683850446715951
0.16697745211422443
0.1693745730444789
0.17117400001734495
0.169577251188457
0.17053554393351078
0.16992866806685925
0.16599184600636363
0.167662822175771
0.16738626873120666
0.17035257490351796
0.16982939466834068
0.17092221323400736
0.16530408384278417
0.16827627178281546
0.1677743881009519
0.17058417899534106
0.16994936484843493
0.1683194600045681
0.16807763138785958
0.17072552675381303
0.16944578709080815
0.17116705002263188
0.16875316994264722
0.16660231910645962
0.1652320809662342
0.16744387708604336
0.17244549095630646
0.17113517597317696
0.16963560692965984
0.16517895460128784
0.17027253564447165
0.17064089002087712
0.17036953708156943
0.16973078483715653
0.1694524921476841
0.16634034598246217
0.17098326608538628
0.1705391970463097
0.17091730795800686
0.16826380277052522
0.16821643291041255
0.16797788813710213
0.1714670998044312
0.17036162922158837
0.17146408976987004
0.1699768309481442
0.16823437716811895
0.1699904310517013
0.16677427478134632
0.16530725872144103
0.1728982119821012
0.170175074134022
0.1663720551878214
0.1682313703931868
0.16533328127115965
0.16319480910897255
0.16711423499509692
0.16838317085057497
0.1712900260463357
0.16831630375236273
0.16760437190532684
0.17138532921671867
0.17145305359736085
0.1666328669525683
0.17170047527179122
0.16806589625775814
0.16466015484184027
0.16843913402408361
0.17331912787631154
0.16426835721358657
0.16336504183709621
0.16352497367188334
0.16750353574752808
0.17421591700986028
0.16686598770320415
0.17181118205189705
0.16975167766213417
0.16929407324641943
0.1725644557736814
0.1700839577242732
0.16519093792885542
0.16428229119628668
0.16145792184397578
0.16415927279740572
0.1730814641341567
0.17044316185638309
0.1694345911964774
0.17244948586449027
0.17113882023841143
0.17205566680058837
0.1693594278767705
0.16958203399553895
0.16831569001078606
0.17074548732489347
0.17048049811273813
0.17239224165678024
0.17052086675539613
0.1683311853557825
0.16874093702062964
0.1719415900297463
0.17050533089786768
0.17193445097655058
0.1686264961026609
0.1674023363739252
0.17059391597285867
0.17224295483902097
0.17033013328909874
0.1710321600548923
0.17045889282599092
0.1667100079357624
0.1708043720573187
0.16884485026821494
0.16761822206899524
0.1719958782196045
0.17057882389053702
0.16433379845693707
0.1702140560373664
0.1705164397135377
0.17159381182864308
0.16947193909436464
0.17225306015461683
0.16443656012415886
0.1694802981801331
0.16949591180309653
0.16984586883336306
0.1700628031976521
0.1693530580960214
0.16725545097142458
0.1705370368435979
0.17030300805345178
0.17135287914425135
0.16856057615950704
0.16664638696238399
0.16945255594328046
0.17171270633116364
0.16995990416035056
0.17171826120465994
0.16931879380717874
0.16721585160121322
0.17087207082659006
0.16807335522025824
0.16794936591759324
0.17196031985804439
0.1699423142708838
0.16525663388893008
0.1657523107714951
0.16843203315511346
0.17139996588230133
0.1700364276766777
0.1692041358910501
0.16579972114413977
0.16990110278129578
0.17022930504754186
0.1718424530699849
0.16848443495109677
0.16777903400361538
0.16887132730334997
0.17129021976143122
0.1698069623671472
0.1711343228816986
0.16961727384477854
0.16614397801458836
0.16775710694491863
0.16784389084205031
0.16819087928161025
0.17180173797532916
0.16966822417452931
0.16502566821873188
0.17110635479912162
0.16993307787925005
0.1685555470176041
0.17013699607923627
0.16866746824234724
0.16601454000920057
0.16987609723582864
0.17030658200383186
0.17086122510954738
0.16872490383684635
0.16681704204529524
0.16971294907853007
0.17155077494680882
0.17118358006700873
0.17124362289905548
0.1689251773059368
0.1667402070015669
0.16901932703331113
0.16618482908234
0.1655038413591683
0.1713552288711071
0.17112045781686902
0.16661840490996838
0.168303731828928
0.1694800858385861
0.17211656365543604
0.1674947403371334
0.1678679073229432
0.16744810994714499
0.17091831285506487
0.1701155537739396
0.17202448239549994
0.16967961797490716
0.1676693493500352
0.1684144060127437
0.1658515310846269
0.16463510179892182
0.17042574705556035
0.17439647112041712
0.16559949424117804
0.17310454696416855
0.1705334889702499
0.1696083783172071
0.1742204101756215
0.17196512036025524
0.16550090489909053
0.16509949835017323
0.16337801981717348
0.1666395477950573
0.17489470820873976
0.17065655440092087
0.16945315105840564
0.17180322343483567
0.17150807986035943
0.17185055697336793
0.1696785190142691
0.1729049440473318
0.16754930932074785
0.16962022287771106
0.17015649005770683
0.17232862208038568
0.16882776468992233
0.16843371791765094
0.1693584993481636
0.1714377631433308
0.17060706298798323
0.17192724905908108
0.1702891499735415
0.1686961860395968
0.17166549572721124
0.1705514770001173
0.1701957369223237
0.17293228767812252
0.1699232286773622
0.16841532289981842
0.1701462040655315
0.17094953078776598
0.17094654589891434
0.17203273018822074
0.17054050415754318
0.16832046722993255
0.17031035525724292
0.1721328990533948
0.17015530727803707
0.17097887210547924
0.16958770202472806
0.16683394415304065
0.1671654460951686
0.16844058828428388
0.17166491178795695
0.1722359643317759
0.169900877866894
0.16497699730098248
0.1674006967805326
0.16545984614640474
0.16453209007158875
0.16912630014121532
0.17116454895585775
0.17010437604039907
0.1703702798113227
0.17019843822345138
0.1717876410111785
0.16983855795115232
0.16808425216004252
0.1691283700056374
0.17127550579607487
0.17037646379321814
0.17172715906053782
0.170886161737144
0.16823458392173052
0.17086846567690372
0.16763025522232056
0.16462388401851058
0.16800398100167513
0.17330350819975138
0.16559804789721966
0.1676884419284761
0.1649902118369937
0.16277708020061255
0.1726088458672166
0.169259088113904
0.17110645212233067
0.17206542566418648
0.17014772398397326
0.1722133574075997
0.16980143915861845
0.1696079126559198
0.16827787412330508
0.17167957173660398
0.17128405766561627
0.17137791775166988
0.17010323097929358
0.16907635796815157
0.16872738767415285
0.17135811364278197
0.16973717603832483
0.17202162323519588
0.16955812415108085
0.1671544318087399
0.16674918588250875
0.1685441192239523
0.17179320193827152
0.17144119180738926
0.1705543752759695
0.16614706115797162
0.16748138703405857
0.1650727977976203
0.16295922314748168
0.16780259273946285
0.17145128827542067
0.17065573716536164
0.17101302230730653
0.17064604302868247
0.17225237004458904
0.16962464014068246
0.16899611009284854
0.16807120200246572
0.17120426520705223
0.17099081398919225
0.17175302002578974
0.17015174683183432
0.16872494528070092
0.170236153062433
0.17015656270086765
0.16980742616578937
0.17164919571951032
0.16956949001178145
0.16654104925692081
0.17201409908011556
0.17236584704369307
0.170169438701123
0.17125653382390738
0.17006240272894502
0.16660194098949432
0.16869166819378734
0.16639257734641433
0.16406735219061375
0.16864903969690204
0.17257474223151803
0.16730322176590562
0.17054932983592153
0.17075492721050978
0.17207863880321383
0.16872033197432756
0.17014322616159916
0.16529297269880772
0.16923563601449132
0.17017809581011534
0.17196667473763227
0.16944106994196773
0.1679850174114108
0.17008244339376688
0.1680234051309526
0.1654115617275238
0.17011658288538456
0.171589489094913
0.16532562719658017
0.1688782311975956
0.1667981380596757
0.16650361521169543
0.17213425925001502
0.1697745663113892
0.16716564493253827
0.1699965801090002
0.17053718911483884
0.17209651600569487
0.16826343396678567
0.16847661836072803
0.16776165971532464
0.17097963485866785
0.17066855495795608
0.1717536449432373
0.16851012594997883
0.16741030476987362
0.17083024559542537
0.16851984011009336
0.16799163073301315
0.17246072692796588
0.17013931972905993
0.1669076639227569
0.1693188496865332
0.16628899099305272
0.16372414166107774
0.16818609414622188
0.17024804977700114
0.16768041858449578
0.17158673191443086
0.17073694290593266
0.170651291962713
0.1696807099506259
0.16787502681836486
0.16790370596572757
0.17152577126398683
0.17003265116363764
0.17120095528662205
0.17045116191729903
0.16738209687173367
0.17051423992961645
0.16823436180129647
0.167844844982028
0.17271342687308788
0.17024729773402214
0.16525453887879848
0.16788509767502546
0.16548449685797095
0.16422424279153347
0.1710001453757286
0.1708207968622446
0.16747586894780397
0.17079469235613942
0.1699385978281498
0.17100605182349682
0.1696928129531443
0.16775916889309883
0.1682026982307434
0.1713051931001246
0.1700250138528645
0.17117575276643038
0.16936452500522137
0.16574525879696012
0.17029695166274905
0.16905211983248591
0.16913547925651073
0.17130745202302933
0.16950290417298675
0.1652564168907702
0.16715595498681068
0.16579912789165974
0.16446374915540218
0.17239186586812139
0.16769903898239136
0.17162069724872708
0.1702410141006112
0.17024260014295578
0.17256539408117533
0.16830412717536092
0.16742536425590515
0.16961424611508846
0.1712054810486734
0.1700733918696642
0.17187248589470983
0.16860274085775018
0.1686985958367586
0.17043307283893228
0.1685476042330265
0.1690263608470559
0.17164326692000031
0.16891209268942475
0.16471662418916821
0.1657821573317051
0.164464863948524
0.16266616014763713
0.17249946109950542
0.16808310896158218
0.1709790383465588
0.16802591597661376
0.1669191629625857
0.17167336819693446
0.1704597920179367
0.16457223007455468
0.16727164201438427
0.165243960916996
0.16272545792162418
0.16682152496650815
0.1688825972378254
0.17110072588548064
0.16987806418910623
0.16826575295999646
0.17281632404774427
0.1698563420213759
0.16616648295894265
0.1706782723776996
0.17000289540737867
0.16888943314552307
0.17137873684987426
0.1710987719707191
0.16511634923517704
0.1702383030205965
0.17061992408707738
0.17105336533859372
0.17056861566379666
0.17043099366128445
0.16490206494927406
0.1708119078539312
0.17014664504677057
0.17008336121216416
0.17063757870346308
0.16877782298251987
0.16589235002174973
0.17006223322823644
0.17073879903182387
0.17214197292923927
0.16839050920680165
0.16899190004915
0.16809483664110303
0.17156416177749634
0.1711033619940281
0.17132264003157616
0.17019797302782536
0.16838197922334075
0.1685622758232057
0.1714314129203558
0.17033111723139882
0.17088508000597358
0.1697987001389265
0.1659420537762344
0.16439641639590263
0.16690619802102447
0.17300000879913568
0.17046988103538752
0.170689576305449
0.16586032090708613
0.17073974013328552
0.17090945970267057
0.1708421828225255
0.17804525280371308
0.17123492807149887
0.16497900616377592
0.16920684510841966
0.16975856805220246
0.17188213812187314
0.16981692798435688
0.17148667108267546
0.16600910387933254
0.17143053375184536
0.17040353221818805
0.1703042946755886
0.1691878098063171
0.16921963822096586
0.16596638085320592
0.1703866645693779
0.16972921136766672
0.17082054633647203
0.16968889813870192
0.16895411117002368
0.1683492548763752
0.16994365025311708
0.1697047590278089
0.17239531176164746
0.1699863290414214
0.16737289167940617
0.17077940562739968
0.16783000389114022
0.1670491648837924
0.1724702469073236
0.17002267809584737
0.16509641287848353
0.165331712923944
0.16491956682875752
0.16868234006688
0.17363739293068647
0.1696156500838697
0.16870433604344726
0.17257149424403906
0.1715550939552486
0.1723814532160759
0.17033474799245596
0.1714040138758719
0.16923788283020258
0.17060990165919065
0.16980786807835102
0.17197485966607928
0.17105555115267634
0.1699573709629476
0.16639968380331993
0.17185092717409134
0.1704577268101275
0.16993858199566603
0.16889744997024536
0.16799850389361382
0.17123207822442055
0.16934750601649284
0.16880498779937625
0.1713406601920724
0.16964202793315053
0.16603903705254197
0.17099620215594769
0.17109123105183244
0.16850112192332745
0.17026046477258205
0.16945451498031616
0.1652726731263101
0.16909748688340187
0.1695042373612523
0.16983123403042555
0.16973351500928402
0.17024045111611485
0.16595480171963573
0.1678136489354074
0.1679010041989386
0.17064718389883637
0.1694073360413313
0.16756367543712258
0.16885912511497736
0.17083925707265735
0.169425911270082
0.17081599682569504
0.16944539593532681
0.16504374705255032
0.16355851292610168
0.16400015214458108
0.17105849692597985
0.1700969343073666
0.16904381476342678
0.16603861283510923
0.17126197833567858
0.17065722402185202
0.1704926248639822
0.16853523394092917
0.16796891437843442
0.16799381375312805
0.1667065811343491
0.16413171403110027
0.1707318122498691
0.17101192893460393
0.16612077876925468
0.1711166431196034
0.16976014571264386
0.16948767099529505
0.1706453999504447
0.17023289622738957
0.16518263891339302
0.1659992877393961
0.1680979342199862
0.17186209419742227
0.1703091450035572
0.16756130196154118
0.16966222086921334
0.17140931775793433
0.16963447723537683
0.17110663279891014
0.16934558982029557
0.16709730494767427
0.17114046402275562
0.16809185687452555
0.16631698701530695
0.17107794201001525
0.17010500095784664
0.16723744105547667
0.16826565889641643
0.16604785108938813
0.16348441317677498
0.1723047699779272
0.16810936899855733
0.16974535817280412
0.17046939115971327
0.16966636572033167
0.17164063407108188
0.16933727078139782
0.16715885698795319
0.16962196957319975
0.17098183603957295
0.16914770007133484
0.17256216006353498
0.16954758996143937
0.166201364248991
0.1686404631473124
0.16710431594401598
0.1669021681882441
0.17247825115919113
0.16971668228507042
0.16573004983365536
0.16991250403225422
0.17033777479082346
0.17122136894613504
0.1683575790375471
0.1682646437548101
0.1667637461796403
0.17109431559219956
0.1702443058602512
0.1707731829956174
0.16838052589446306
0.16770434519276023
0.1699028927832842
0.17190132103860378
0.17006824957206845
0.17144901771098375
0.17020794423297048
0.16648989962413907
0.17141080414876342
0.17003314709290862
0.16832554200664163
0.17184773599728942
0.16997544094920158
0.1644335682503879
0.1681715869344771
0.1693874467164278
0.17219929723069072
0.16879733186215162
0.1721654641442001
0.16553260758519173
0.17008871491998434
0.16991984099149704
0.16945509193465114
0.17003469401970506
0.16987136704847217
0.16632573725655675
0.16979071870446205
0.1689671711064875
0.17128194775432348
0.16865148302167654
0.1670346138998866
0.17061654292047024
0.17137429676949978
0.16992550622671843
0.172115299385041
0.17011755285784602
0.16780923306941986
0.16922552417963743
0.1671287319622934
0.16621539695188403
0.17271231301128864
0.17026606388390064
0.16664543189108372
0.16746758902445436
0.16645515570417047
0.16381767019629478
0.17420501308515668
0.1677586156874895
0.16948540415614843
0.1711859991773963
0.1700905878096819
0.17119091795757413
0.16850101668387651
0.1669068830087781
0.17066382616758347
0.17160822730511427
0.16966055193915963
0.17114124028012156
0.17012747609987855
0.16690628603100777
0.1691431300714612
0.1666244431398809
0.16527180839329958
0.1700733699835837
0.1723718447610736
0.16537102404981852
0.17022946942597628
0.17084568087011576
0.17198246018961072
0.16860884008929133
0.16941521223634481
0.16608205204829574
0.17145835980772972
0.17092673387378454
0.1714267418719828
0.1692179897800088
0.16975254705175757
0.1675638509914279
0.16976421885192394
0.17009350191801786
0.17161555215716362
0.17080969410017133
0.16672059008851647
0.17065146705135703
0.17193496832624078
0.1705249627120793
0.17112969513982534
0.16939411079511046
0.16593244206160307
0.1709331669844687
0.16824526013806462
0.16698656231164932
0.17312285583466291
0.17017164593562484
0.1656264099292457
0.16665393207222223
0.16880317404866219
0.1711072912439704
0.1691324901767075
0.16904263338074088
0.1660856963135302
0.1704664477147162
0.17020420776680112
0.17143772076815367
0.17014250624924898
0.1685347300954163
0.1680726781487465
0.17128120176494122
0.17054369114339352
0.17176211439073086
0.17008913215249777
0.16787744034081697
0.1710340161807835
0.1682300241664052
0.16655137995257974
0.17259005503728986
0.1706756530329585
0.16606336599215865
0.1715237284079194
0.1699437638744712
0.16609944077208638
0.169478596188128
0.16974717797711492
0.1654465920291841
0.17060024105012417
0.17078902386128902
0.17103110579773784
0.17001794511452317
0.1713397209532559
0.16583689721301198
0.17128639109432697
0.17097215773537755
0.1717131119221449
0.16857527615502477
0.1699473182670772
0.1667690617032349
0.17043330380693078
0.1707740188576281
0.17103963112458587
0.16821018466725945
0.16777629172429442
0.1674808613024652
0.16521265218034387
0.16398163279518485
0.1683194860816002
0.17217705212533474
0.16487913625314832
0.1699518277309835
0.17084694700315595
0.17147583328187466
0.1686322228051722
0.1708020493388176
0.166889654006809
0.16810557572171092
0.17043970804661512
0.17320003313943744
0.16914146905764937
0.16823500068858266
0.16886302782222629
0.1712886760942638
0.17014197120442986
0.17197709809988737
0.17001451179385185
0.16756432969123125
0.16690546087920666
0.16944130882620811
0.17178285587579012
0.17017244081944227
0.1705714943818748
0.1665740143507719
0.17067259596660733
0.1675847382284701
0.16602895502001047
0.17185112228617072
0.17104413686320186
0.16647659800946712
0.16882503777742386
0.16776959458366036
0.17121698427945375
0.17016724590212107
0.17009822092950344
0.16754330089315772
0.1719543943181634
0.1709673455916345
0.170240038074553
0.17028674809262156
0.16969895362854004
0.16894747829064727
0.1684700809419155
0.1689694980159402
0.17275611218065023
0.17091747699305415
0.16724622482433915
0.1696636020205915
0.1715651242993772
0.16981003200635314
0.1710032057017088
0.1698639770038426
0.16641844622790813
0.17023913795128465
0.16921360697597265
0.16999501222744584
0.17204602109268308
0.17001700401306152
0.16524588037282228
0.16631453717127442
0.1638885303400457
0.16221221396699548
0.17289050575345755
0.16808420978486538
0.1702502421103418
0.167104653082788
0.1654127249494195
0.17057596007362008
0.1716542518697679
0.16586103523150086
0.16739349206909537
0.16595199517905712
0.16453016735613346
0.16974328365176916
0.16985887987539172
0.1688707428984344
0.1690677311271429
0.16977123217657208
0.1721134320832789
0.17022155690938234
0.16640387289226055
0.1701107951812446
0.17170119285583496
0.17002030787989497
0.17098492616787553
0.17004257580265403
0.16588655998930335
0.17011245107278228
0.1690378892235458
0.17038130573928356
0.17240216955542564
0.17082306230440736
0.16534914588555694
0.16745899384841323
0.16518367314711213
0.1625256291590631
0.1696979207918048
0.16917065484449267
0.17174091190099716
0.16839405708014965
0.16606314294040203
0.1729531572200358
0.1719828131608665
0.16741891019046307
0.1717559010721743
0.17118222313001752
0.1696472717449069
0.17134750774130225
0.16975910402834415
0.16612313129007816
0.17082468094304204
0.16959218494594097
0.17057130904868245
0.1714276452548802
0.1698843128979206
0.16444878233596683
0.1664537088945508
0.16421398986130953
0.16195751959457994
0.17215320002287626
0.16760613908991218
0.17115946300327778
0.16768135409802198
0.1661976221948862
0.17012041015550494
0.17232172330841422
0.16493443585932255
0.16607969626784325
0.16868225065991282
0.17198646906763315
0.17019005632027984
0.16972422087565064
0.16541974199935794
0.1681597619317472
0.16702699195593596
0.16841682558879256
0.17319611506536603
0.16686915885657072
0.1698821079917252
0.17185633489862084
0.17047386895865202
0.17150831501930952
0.1698201820254326
0.16799699934199452
0.17102221539244056
0.1669905837625265
0.16486001620069146
0.16951426723971963
0.17209659470245242
0.164289397187531
0.16528578009456396
0.1676913690753281
0.17131407093256712
0.17043412430211902
0.16890828404575586
0.16799093410372734
0.1717420220375061
0.1705597140826285
0.17125885095447302
0.16932395100593567
0.16839820705354214
0.169156139716506
0.17090080492198467
0.1705459631048143
0.17149704787880182
0.1705424445681274
0.1669552489183843
0.17053638584911823
0.17108702706173062
0.1699598180130124
0.1716323453001678
0.1701731150969863
0.16581025579944253
0.17044189106673002
0.1692732209339738
0.16946803219616413
0.1723811998963356
0.16981230676174164
0.16489904327318072
0.16542322095483541
0.16438012290745974
0.1643570140004158
0.1745032430626452
0.16774783097207546
0.1708868038840592
0.17157382611185312
0.17010460095480084
0.17220372194424272
0.169518964830786
0.16791606787592173
0.16991280298680067
0.17196014476940036
0.17013990366831422
0.17127661686390638
0.17049793293699622
0.16744163958355784
0.1707610716111958
0.17026350693777204
0.16861921409144998
0.17163444915786386
0.17002107296139002
0.1647584643214941
0.1632450888864696
0.1648814082145691
0.17235999321565032
0.16991696087643504
0.17054414004087448
0.16517706913873553
0.16869471594691277
0.1677860962226987
0.171390347648412
0.17119854083284736
0.16832403605803847
0.17023367108777165
0.1708209626376629
0.17093832697719336
0.17128129582852125
0.16935125412419438
0.16719571594148874
0.1703247451223433
0.17167214816436172
0.16998960403725505
0.17196112917736173
0.16979876020923257
0.16604244289919734
0.17076769284904003
0.1683834781870246
0.1673358059488237
0.17254212778061628
0.16987091721966863
0.16540065221488476
0.1670193001627922
0.16898391721770167
0.17220338620245457
0.16907682083547115
0.1694242712110281
0.16614353470504284
0.17029711697250605
0.17034127889201045
0.17194731580093503
0.1686350628733635
0.16783881559967995
0.16901069274172187
0.17115733493119478
0.17018915992230177
0.1713958578184247
0.17049670405685902
0.16760485619306564
0.1710373112000525
0.17009187815710902
0.16879538213834167
0.17221883404999971
0.1689050467684865
0.16529370797798038
0.16400955291464925
0.1616349220275879
0.16458691097795963
0.17492567095905542
0.16782472422346473
0.1693856231868267
0.17155714891850948
0.17011135397478938
0.17095939815044403
0.16965834191069007
0.16838551918044686
0.16859507281333208
0.16636810591444373
0.16489306278526783
0.17127042403444648
0.17124590883031487
0.16757576167583466
0.1716673350892961
0.16940470598638058
0.17016267124563456
0.1723171640187502
0.17208270635455847
0.16614362690597773
0.17032878939062357
0.17128565581515431
0.1725488780066371
0.17059184331446886
0.17243710020557046
0.16624015755951405
0.17090344382449985
0.1680610803887248
0.16574651608243585
0.17200487526133657
0.17053220979869366
0.16670997021719813
0.1711686127819121
0.1714494600892067
0.17229165229946375
0.16964686708524823
0.17049982631579041
0.16692982707172632
0.1689699529670179
0.16882168082520366
0.1732251588255167
0.17129859421402216
0.16933058900758624
0.16947926580905914
0.1724723158404231
0.1708063120022416
0.1713770697824657
0.16978937620297074
0.16983669064939022
0.17036988912150264
0.16727857617661357
0.16616799775511026
0.17105466406792402
0.17142654582858086
0.1683765398338437
0.17084514116868377
0.16729540936648846
0.16561465011909604
0.16858698101714253
0.17337252991274
0.1663705171085894
0.16469398280605674
0.1663165776990354
0.16927569033578038
0.17307632137089968
0.16970858024433255
0.16889793798327446
0.17234874656423926
0.17190630920231342
0.1725275907665491
0.16919381730258465
0.17302211886271834
0.1680286810733378
0.16995993629097939
0.1690954091027379
0.172154501080513
0.17068555485457182
0.17010767431929708
0.16861694306135178
0.17364872293546796
0.17253892915323377
0.1716066086664796
0.17057010112330317
0.17136289598420262
0.16705465223640203
0.17092346167191863
0.17127977311611176
0.17237698985263705
0.17006585001945496
0.171246447134763
0.16690784692764282
0.17220515618100762
0.17141650198027492
0.17223994620144367
0.1707417629659176
0.17010954674333334
0.1665910677984357
0.17178611736744642
0.1715133348479867
0.17155651096254587
0.16955723194405437
0.17045791167765856
0.168916841968894
0.17122886795550585
0.17060114769265056
0.17258421098813415
0.16956525668501854
0.16846902761608362
0.16853037988767028
0.172311183065176
0.17174550704658031
0.1722940648905933
0.16896391613408923
0.1707432041876018
0.17041390296071768
0.17173062777146697
0.17104478599503636
0.17250015679746866
0.17067932290956378
0.1701684482395649
0.16797623969614506
0.17197232088074088
0.1715233251452446
0.17145415395498276
0.1710356418043375
0.17033935291692615
0.1676917802542448
0.17176439194008708
0.17046654829755425
0.17171163391321898
0.16977672511711717
0.1696505551226437
0.16791891073808074
0.17082125786691904
0.1706534270197153
0.17243211576715112
0.17004822986200452
0.16866346495226026
0.16951347328722477
0.17180454079061747
0.17007821099832654
0.17170159285888076
0.17006693268194795
0.16804064391180873
0.16885780030861497
0.1666257046163082
0.1650734068825841
0.1728671407327056
0.17176314210519195
0.16511814203113317
0.17174358293414116
0.16971617611125112
0.16818165220320225
0.17278198106214404
0.17100714007392526
0.16595781268551946
0.16621793527156115
0.1657267571426928
0.16902576060965657
0.17357748514041305
0.16956012090668082
0.16815180098637938
0.17213347600772977
0.17176847672089934
0.1721710809506476
0.17028540279716253
0.1697988621890545
0.16890587378293276
0.1714699505828321
0.17098316876217723
0.17257803492248058
0.17070422787219286
0.17058138828724623
0.1670175059698522
0.17161789489910007
0.17166725173592567
0.17180715734139085
0.1710815243422985
0.1695753037929535
0.16779912682250142
0.1718945549800992
0.17121882177889347
0.17190716927871108
0.17038892768323421
0.169886308722198
0.16905262600630522
0.1725621926598251
0.1721628843806684
0.17431607842445374
0.17069145292043686
0.1710830945521593
0.16814258601516485
0.17187906382605433
0.1717129349708557
0.17287231422960758
0.171599879860878
0.17498259525746107
0.16680333809927106
0.1700855172239244
0.1709322752431035
0.17321613198146224
0.1703978250734508
0.17127285804599524
0.16545177716761827
0.1694711670279503
0.17098386818543077
0.1727884584106505
0.16964101372286677
0.16966018313542008
0.16606865916401148
0.1708680191077292
0.1715488051995635
0.1723227328620851
0.17017893586307764
0.17088796803727746
0.16705537820234895
0.1716952621936798
0.17106837034225464
0.17032969696447253
0.1710106786340475
0.1694927578791976
0.1675542457960546
0.17159185418859124
0.1705420329235494
0.172280534170568
0.17041226103901863
0.16861073719337583
0.1688840170390904
0.17187713785097003
0.1711692651733756
0.17184397391974926
0.170237653888762
0.16809276305139065
0.1693191179074347
0.17202087212353945
0.17050019511952996
0.17164638778194785
0.16940955771133304
0.16856275405734777
0.1694465121254325
0.16660258593037724
0.16471487283706665
0.1721558179706335
0.17199676297605038
0.16627074917778373
0.1708341301418841
0.16840798826888204
0.16699100704863667
0.17280413769185543
0.17174501670524478
0.16690046712756157
0.1713261241093278
0.17203343100845814
0.1728292480111122
0.1705019362270832
0.1729842801578343
0.1654096757993102
0.17068775603547692
0.1693981448188424
0.16762377927079797
0.17191070830449462
0.1707157138735056
0.1662232242524624
0.16860281489789486
0.1677817073650658
0.17053242726251483
0.17179223103448749
0.16860081115737557
0.16979937721043825
0.17285182094201446
0.1718564722687006
0.17168417619541287
0.17123830318450928
0.1695538880303502
0.16859976900741458
0.1720381542108953
0.1705316393636167
0.17137692403048277
0.16964357905089855
0.1691093510016799
0.17046697530895472
0.17134429793804884
0.170762003865093
0.17166942823678255
0.17085532704368234
0.17307201260700822
0.16898707812651992
0.17199335526674986
0.17144257994368672
0.17460086289793253
0.16958559211343527
0.1691796868108213
0.16679491894319654
0.17113998904824257
0.1709166169166565
0.17243634909391403
0.17074035108089447
0.1714262547902763
0.16733087273314595
0.17323278076946735
0.17271808302029967
0.17295494675636292
0.17022663122043014
0.17033006669953465
0.16796140419319272
0.17219412000849843
0.17207158310338855
0.1725538200698793
0.17109776008874178
0.17262497171759605
0.16498348908498883
0.1664941688068211
0.1673879148438573
0.16925154626369476
0.17365288501605392
0.1677068150602281
0.1697771269828081
0.1721237488090992
0.17101025627925992
0.17228985391557217
0.1709242849610746
0.16822261596098542
0.17136390507221222
0.17044303519651294
0.17018721625208855
0.1722040302120149
0.1699206312187016
0.16784348199144006
0.17042535729706287
0.17161066690459847
0.17011219402775168
0.17168144322931767
0.17263970104977489
0.16864509508013725
0.17012261366471648
0.1720058531500399
0.17011776426807046
0.17137144599109888
0.17004793090745807
0.1676844572648406
0.16760851722210646
0.1681183292530477
0.17199955694377422
0.17140945326536894
0.17039129976183176
0.1664266800507903
0.16843484388664365
0.1647499492391944
0.1641143262386322
0.170109944883734
0.1710930671542883
0.1675642137415707
0.17096733814105392
0.17215371783822775
0.17257062532007694
0.1689130701124668
0.16917644999921322
0.16776085691526532
0.17158282920718193
0.1709308810532093
0.17202661512419581
0.1696960860863328
0.16991210030391812
0.16966478899121284
0.16981622762978077
0.16899213381111622
0.1717474739998579
0.1710461489856243
0.1680585267022252
0.16995378956198692
0.17132144002243876
0.17017370089888573
0.1720637260004878
0.16963023180142045
0.16801212495192885
0.17125613195821643
0.16865956597030163
0.1680509834550321
0.17289552697911859
0.171166124753654
0.16743023972958326
0.17180719785392284
0.17073884792625904
0.16940580867230892
0.1720638247206807
0.17036847909912467
0.16579024493694305
0.16992127196863294
0.17140029091387987
0.17272350145503879
0.17060912679880857
0.17179471906274557
0.16545033873990178
0.17065997002646327
0.16673416085541248
0.16357168275862932
0.1720803421922028
0.17088601412251592
0.16611996619030833
0.1687167389318347
0.16755199572071433
0.17064021667465568
0.17197851464152336
0.16886269534006715
0.1698687607422471
0.17209568480029702
0.17126025864854455
0.1717361593618989
0.17074847407639027
0.16839323984459043
0.16882819589227438
0.17158362781628966
0.16982889082282782
0.17134901601821184
0.17019355669617653
0.1662568268366158
0.16649511829018593
0.1687511750496924
0.17177705513313413
0.17229084530845284
0.17017440823838115
0.16664180206134915
0.16816591238602996
0.16459740977734327
0.16219406016170979
0.16765013337135315
0.16914565907791257
0.16904042102396488
0.16665841499343514
0.16474825190380216
0.17167214769870043
0.17198689840734005
0.16601805668324232
0.1717261979356408
0.1694563659839332
0.16860198136419058
0.17249219305813313
0.17158724693581462
0.16509593790397048
0.16482695890590549
0.16646652109920979
0.17228787764906883
0.17084572790190578
0.16973686311393976
0.16785937082022429
0.1715752282179892
0.1708059050142765
0.1716169137507677
0.16940998937934637
0.16939801583066583
0.1691207429394126
0.16914941184222698
0.16840525483712554
0.17265830328688025
0.17710612434893847
0.16873234882950783
0.16764958575367928
0.1713310182094574
0.1708498070947826
0.17179188504815102
0.1695853821001947
0.1683881301432848
0.1715465779416263
0.16957753710448742
0.1685293917544186
0.17255381727591157
0.17115224292501807
0.166268820874393
0.17143373796716332
0.17147363675758243
0.1695244167931378
0.17208685912191868
0.16912274528294802
0.16772416792809963
0.16992350202053785
0.16694640601053834
0.1646307990886271
0.16981762275099754
0.17290609143674374
0.1659880131483078
0.1696306229569018
0.16990527184680104
0.173287196084857
0.17061694897711277
0.17024393193423748
0.16503129387274384
0.16868928400799632
0.16759734880179167
0.17105809599161148
0.17107550706714392
0.16898029390722513
0.1699058278463781
0.17175550013780594
0.17031012056395411
0.17194105312228203
0.17054731585085392
0.16835045674815774
0.16934331273660064
0.17199457297101617
0.17054338287562132
0.1715973699465394
0.16832356108352542
0.16861765226349235
0.1708734817802906
0.16740151029080153
0.16540971584618092
0.1703721759840846
0.1726503949612379
0.16654990706592798
0.1675172238610685
0.16506917215883732
0.16273367498070002
0.16799501702189445
0.17065139766782522
0.17071252316236496
0.1692378632724285
0.16850589867681265
0.17304274393245578
0.17138560488820076
0.16900267684832215
0.1707773939706385
0.17252970021218061
0.17105818167328835
0.17213143408298492
0.17016586661338806
0.16961309872567654
0.17007841216400266
0.1711003971286118
0.17123043490573764
0.17399318190291524
0.17009723093360662
0.16957647074013948
0.1678736498579383
0.17176525900140405
0.17113249329850078
0.17152299406006932
0.16967594670131803
0.16815261682495475
0.17009509494528174
0.1726091131567955
0.17081684293225408
0.1721502859145403
0.17157611204311252
0.17109344014897943
0.1700804801657796
0.17124806204810739
0.16983796516433358
0.1723827081732452
0.1699107950553298
0.16986442822963
0.16814113687723875
0.1735648619942367
0.17227721912786365
0.17151021119207144
0.17039267159998417
0.17028292920440435
0.16764869820326567
0.17155142221599817
0.17051348695531487
0.1723281480371952
0.16920833894982934
0.169442358892411
0.16744797304272652
0.1717538801021874
0.17080399673432112
0.171473175752908
0.1709169140085578
0.1680834968574345
0.1714884047396481
0.170750814024359
0.16970636090263724
0.17181585216894746
0.1701084882952273
0.16660887002944946
0.17137101106345654
0.1707776435650885
0.16869801376014948
0.17128479899838567
0.1704004709608853
0.16673532873392105
0.16897726291790605
0.16722053522244096
0.1655045091174543
0.17214210284873843
0.17010608967393637
0.16533598490059376
0.17105633113533258
0.170950333122164
0.17176343500614166
0.16992270201444626
0.16986158210784197
0.1655987547710538
0.1693447893485427
0.16810963535681367
0.17153438925743103
0.17014887975528836
0.16808930691331625
0.16824269108474255
0.17197162890806794
0.17032001912593842
0.17048825230449438
0.17028143629431725
0.1668828916735947
0.16863596765324473
0.16657056706026196
0.16381327295675874
0.17026480892673135
0.17304305965080857
0.1662764549255371
0.17123659932985902
0.16902045020833611
0.16732915490865707
0.17315032240003347
0.17096100887283683
0.16594971204176545
0.16942590614780784
0.17001374391838908
0.17166442330926657
0.1696261023171246
0.1693532969802618
0.16844752104952931
0.17051932774484158
0.17049506166949868
0.17220626724883914
0.16961165005341172
0.16906317882239819
0.16918343119323254
0.17126526776701212
0.17054621782153845
0.171675608959049
0.16877398313954473
0.16648729797452688
0.16513549722731113
0.1677963100373745
0.17328645894303918
0.17181527987122536
0.1710205371491611
0.1655767080374062
0.17046820186078548
0.1687267730012536
0.16844087466597557
0.17216857057064772
0.1700660102069378
0.16644968604668975
0.16720583802089095
0.16755680413916707
0.17198955779895186
0.17079681809991598
0.16847660299390554
0.16810561995953321
0.17123230313882232
0.1698837853036821
0.17217641603201628
0.16989360796287656
0.16842612624168396
0.16870795795693994
0.16765926824882627
0.16581219527870417
0.1730133816599846
0.17041138093918562
0.16555643687024713
0.168519820086658
0.1669658599421382
0.16602488094940782
0.17307003308087587
0.17115881899371743
0.1662898836657405
0.16711954399943352
0.16819537105038762
0.17253325507044792
0.17056455370038748
0.16875831969082355
0.16859109280630946
0.1716747577302158
0.17073383694514632
0.17147744074463844
0.16900194995105267
0.16731487400829792
0.16924672992900014
0.16659938171505928
0.16546848323196173
0.17183910077437758
0.17145094787701964
0.16626993473619223
0.16762895928695798
0.16617302503436804
0.16461035702377558
0.17104303231462836
0.17128775315359235
0.16807413287460804
0.1717520533129573
0.17048175120726228
0.1724108476191759
0.17042582388967276
0.17044172575697303
0.16746444115415215
0.17250098194926977
0.17153511987999082
0.17185057513415813
0.17032072925940156
0.16927925404161215
0.1683640810661018
0.1717422311194241
0.17079888423904777
0.17138987220823765
0.16844987496733665
0.16897759400308132
0.16970229567959905
0.16759708430618048
0.16651383182033896
0.17043585795909166
0.17121854797005653
0.16694002086296678
0.16899512521922588
0.166042591445148
0.16481253411620855
0.17202903097495437
0.1727796751074493
0.1671913401223719
0.16629194701090455
0.1661106701940298
0.16867664409801364
0.1744986572302878
0.16830911440774798
0.169683373067528
0.1717128618620336
0.17134382808580995
0.17245129868388176
0.1696079419925809
0.16938325529918075
0.17009585909545422
0.16899390891194344
0.1680928273126483
0.1722912210971117
0.17097588814795017
0.16732812486588955
0.1710425983183086
0.17251406190916896
0.17038579192012548
0.17142709577456117
0.17036473797634244
0.16853152681142092
0.17154664499685168
0.16784893302246928
0.16609726566821337
0.16964812017977238
0.17299454286694527
0.16519600385800004
0.16803429229184985
0.1661936640739441
0.16369023686274886
0.17392845591530204
0.170963185839355
0.16719283675774932
0.1684499830007553
0.17001528292894363
0.17239074828103185
0.17042236076667905
0.1702894032932818
0.16847149096429348
0.1722819092683494
0.17185837076976895
0.17276625102385879
0.17024589981883764
0.16982015781104565
0.16782942367717624
0.17173070274293423
0.17099500820040703
0.17151906806975603
0.16952265100553632
0.16980614187195897
0.1691087381914258
0.16851250920444727
0.1704346463084221
0.1725933738052845
0.1698951292783022
0.1687006028369069
0.16880938922986388
0.17206871090456843
0.17024683998897672
0.1720239669084549
0.1699482873082161
0.16811807407066226
0.17154062585905194
0.16935773100703955
0.16787526430562139
0.17264680797234178
0.1710320683196187
0.16715699480846524
0.17191683873534203
0.17037345515564084
0.1694994200952351
0.17242257064208388
0.1703597279265523
0.16587191820144653
0.17059499770402908
0.17034476902335882
0.1707836310379207
0.1725023277103901
0.17152693215757608
0.1655038809403777
0.1670269281603396
0.16460865223780274
0.1634710831567645
0.1682285130955279
0.16981589421629906
0.17217096919193864
0.1691967463120818
0.17045872379094362
0.17254604864865541
0.17109373584389687
0.1682140422053635
0.1705546327866614
0.17251706635579467
0.17076931707561016
0.17185835214331746
0.1711402707733214
0.16943625826388597
0.16973721282556653
0.1716864500194788
0.17062908876687288
0.1718743978999555
0.16927672224119306
0.16852203896269202
0.17053445940837264
0.17151660099625587
0.17127326177433133
0.17175150103867054
0.1712657380849123
0.16923498595133424
0.16945287911221385
0.17165623093023896
0.17072171391919255
0.1718753268942237
0.16968893725425005
0.1687727440148592
0.16888230293989182
0.16746437177062035
0.1664163521490991
0.173601059243083
0.17075775563716888
0.16649831971153617
0.16818557493388653
0.1655696970410645
0.16452946001663804
0.17150055710226297
0.171448087785393
0.16715829214081168
0.168692491017282
0.1684420919045806
0.17263565491884947
0.17066509695723653
0.16944075701758265
0.16862380364909768
0.1724452660419047
0.17153212008997798
0.17173975426703691
0.17027395823970437
0.17027810728177428
0.1686888630501926
0.17170632677152753
0.17109895311295986
0.17252730624750257
0.17034261394292116
0.17077495530247688
0.16750652808696032
0.17205525282770395
0.17141874274238944
0.17059236764907837
0.17233653319999576
0.1700811479240656
0.16705134697258472
0.17043099086731672
0.1709237601608038
0.17243211064487696
0.17014383897185326
0.16991768591105938
0.1681209597736597
0.17217365372925997
0.17130093509331346
0.17182482173666358
0.17118099937215447
0.16916092112660408
0.16907706297934055
0.1720408108085394
0.17158461268991232
0.17256854008883238
0.1686996417120099
0.16982319671660662
0.16938278684392571
0.16931861033663154
0.1687535149976611
0.17353483103215694
0.17286622570827603
0.1696098824031651
0.169884636066854
0.17391467420384288
0.1736840228550136
0.17288852808997035
0.17281548120081425
0.17199681093916297
0.16741219302639365
0.1722035468555987
0.17272035917267203
0.1734872260130942
0.17182681476697326
0.1728048543445766
0.16656939405947924
0.16875840397551656
0.16679442580789328
0.16401038598269224
0.173925522249192
0.17049966705963016
0.16855016630142927
0.1717772539705038
0.17144773108884692
0.17226846190169454
0.1699235918931663
0.1717187468893826
0.16735806316137314
0.17217273311689496
0.17077647987753153
0.1732648489996791
0.17084746109321713
0.17083814227953553
0.16620782297104597
0.17172789992764592
0.1714457981288433
0.1720300130546093
0.17030991800129414
0.17318639485165477
0.16719949385151267
0.16878107469528913
0.16833023307844996
0.17232911614701152
0.1709682489745319
0.16993084689602256
0.1667988090775907
0.17240959499031305
0.17187034711241722
0.17248675599694252
0.16969430586323142
0.17104692198336124
0.16850268468260765
0.17152620200067759
0.17097382387146354
0.17236236110329628
0.16952256672084332
0.1696077729575336
0.16804487025365233
0.1721841306425631
0.17178939934819937
0.17216713493689895
0.17095354385674
0.17039362713694572
0.16719889314845204
0.17073943000286818
0.17131086392328143
0.1725029400549829
0.17019207030534744
0.16999791469424963
0.16914774663746357
0.17120965709909797
0.17141815088689327
0.17301990883424878
0.16952695092186332
0.16878519020974636
0.16865564789623022
0.17225648974999785
0.1710138670168817
0.17208849731832743
0.16995381517335773
0.16998329386115074
0.1695519844070077
0.16999519476667047
0.16888739401474595
0.17289005313068628
0.17098341695964336
0.16855047922581434
0.1696427990682423
0.17195921996608377
0.17165094893425703
0.1733203618787229
0.17102363985031843
0.169356650672853
0.16968777915462852
0.17158485390245914
0.17064255196601152
0.17184769874438643
0.1701874821446836
0.16918479185551405
0.16884104907512665
0.17104873899370432
0.17076109815388918
0.17210312793031335
0.17103331070393324
0.16871802182868123
0.1693552969954908
0.17207097774371505
0.17064011795446277
0.1718926359899342
0.16891762800514698
0.16823106771335006
0.16755672404542565
0.16672070091590285
0.16539768176153302
0.17152431467548013
0.17207497730851173
0.1664492068812251
0.1712424266152084
0.1696204859763384
0.17050912138074636
0.17259324481710792
0.17198597872629762
0.16518542310222983
0.16925454838201404
0.17088786186650395
0.1731988056562841
0.17070051468908787
0.17168070189654827
0.16566907381638885
0.17019977886229753
0.17130272602662444
0.17331686476245522
0.1695566801354289
0.17021959694102407
0.1661753528751433
0.17006345186382532
0.1682689511217177
0.17082117078825831
0.17096329294145107
0.17050608899444342
0.16800887789577246
0.1721013691276312
0.17150914436206222
0.17088163690641522
0.17126458091661334
0.17043845681473613
0.16673615481704473
0.17096578981727362
0.1709518670104444
0.17252929089590907
0.16938137309625745
0.1694120680913329
0.1686877142637968
0.17123586079105735
0.1709549492225051
0.17215834138914943
0.17131813243031502
0.1690833349712193
0.16856738086789846
0.1717194109223783
0.17035990534350276
0.1716816769912839
0.170099759940058
0.16919247806072235
0.16960380598902702
0.16685784282162786
0.16611078614369035
0.17174368537962437
0.172284668777138
0.16704074293375015
0.1682221069931984
0.16584027698263526
0.1647785771638155
0.17198082525283098
0.17410221276804805
0.16550649516284466
0.16548361768946052
0.1663779029622674
0.16980253625661135
0.17362180724740028
0.16928338492289186
0.17004308989271522
0.17202596087008715
0.17163786431774497
0.17248835321515799
0.1691839713603258
0.1705530909821391
0.1684492388740182
0.16986965434625745
0.1715704770758748
0.17325236508622766
0.16899206908419728
0.16809845389798284
0.1696238610893488
0.1715274858288467
0.17003808310255408
0.17183287302032113
0.17068638419732451
0.16828966839239
0.17089561000466347
0.17100369604304433
0.16986650694161654
0.17219607206061482
0.17036817176267505
0.16734083322808146
0.17156596202403307
0.17230598023161292
0.1693854327313602
0.17156262695789337
0.1709742583334446
0.16795981116592884
0.17104948498308659
0.17177791194990277
0.16995578911155462
0.17241697292774916
0.17002226086333394
0.16668174602091312
0.17139242868870497
0.16887912107631564
0.16760603711009026
0.1730743278749287
0.17081476002931595
0.16619154997169971
0.1685003242455423
0.16637271316722035
0.16431391891092062
0.17040630476549268
0.17164832912385464
0.1672892877832055
0.17085876921191812
0.17117503192275763
0.17246753815561533
0.16992620285600424
0.1708365110680461
0.1667069480754435
0.17206621915102005
0.17182644875720143
0.17044952511787415
0.17107998486608267
0.16956110438331962
0.16674358304589987
0.17055012565106153
0.1710660746321082
0.17268803482875228
0.1701388438232243
0.16961973113939166
0.16896125208586454
0.17106939386576414
0.17106850491836667
0.17280245758593082
0.17075785202905536
0.16829497227445245
0.16922427620738745
0.1719816322438419
0.17044332483783364
0.17194186802953482
0.1687375446781516
0.16860305983573198
0.1687088692560792
0.16692665917798877
0.16512200003489852
0.17200647527351975
0.17123548267409205
0.16590379131957889
0.17190985102206469
0.17022326914593577
0.17055126186460257
0.17270012805238366
0.17217806074768305
0.16508579812943935
0.16449119290336967
0.1640166910365224
0.1667878837324679
0.1736697987653315
0.1690819780342281
0.16904671909287572
0.1721921325661242
0.17116157012060285
0.17157569620758295
0.16966190980747342
0.17053740425035357
0.1688798782415688
0.17083694506436586
0.17145716305822134
0.1730857933871448
0.16925997426733375
0.16890010377392173
0.16910382127389312
0.17218313133344054
0.17137930495664477
0.17189548118039966
0.1697961282916367
0.16941967885941267
0.1700369189493358
0.1699236468411982
0.17085609631612897
0.17303217807784677
0.16914893174543977
0.16869788616895676
0.16991817764937878
0.17280467599630356
0.1714674597606063
0.17226110212504864
0.170832060277462
0.1697635669261217
0.1684546978212893
0.17217150563374162
0.1706567145884037
0.17152058379724622
0.1701582740060985
0.16970450105145574
0.17005676170811057
0.17163608921691775
0.17078260937705636
0.17219786578789353
0.17082317918539047
0.1683634757064283
0.16935034096240997
0.17258447594940662
0.17097318265587091
0.171898131724447
0.16963100200518966
0.16863802494481206
