0.228414804674685
0.2295657843351364
0.2307277200743556
0.22977833403274417
0.22623619576916099
0.23005700018256903
0.22496883105486631
0.2313477615825832
0.2337330700829625
0.23219908913597465
0.23252351488918066
0.2310855188407004
0.22673560306429863
0.23320353822782636
0.22675296012312174
0.2261851830407977
0.23424084717407823
0.23235812177881598
0.23315874114632607
0.23256562883034348
0.23164003202691674
0.22912794584408402
0.23112405510619283
0.2281679678708315
0.23667466081678867
0.23397320788353682
0.23411382781341672
0.23119230940937996
0.22426434885710478
0.23091035475954413
0.23426572093740106
0.23584885196760297
0.23401644732803106
0.23426020983606577
0.23286727210506797
0.22810365771874785
0.2336772228591144
0.2313116667792201
0.23040939634665847
0.23651138367131352
0.2343226750381291
0.23404254810884595
0.23437709920108318
0.23257805313915014
0.229608285240829
0.22560147335752845
0.2383350427262485
0.23481270531192422
0.23451694333925843
0.23116201115772128
0.22415833827108145
0.23344589304178953
0.2339231357909739
0.2363217892125249
0.2337684608064592
0.23444537539035082
0.23475795798003674
0.2290584510192275
0.2335452176630497
0.23211588384583592
0.23319121496751904
0.23691480606794357
0.23437770828604698
0.23612085916101933
0.23148631304502487
0.23189404094591737
0.23378479713574052
0.23814058862626553
0.23742436105385423
0.2376908976584673
0.23600850719958544
0.2303657392039895
0.23056394793093204
0.2369456896558404
0.23482020990923047
0.23451947094872594
0.23448352608829737
0.23508787993341684
0.23080092668533325
0.2292767809703946
0.23551160469651222
0.23627214320003986
0.23611635994166136
0.2347390791401267
0.235178146045655
0.22937110578641295
0.22998894611373544
0.234495738055557
0.23710629530251026
0.23414045991376042
0.2345107812434435
0.2344369012862444
0.22906290274113417
0.23429480800405145
0.2322144079953432
0.23529628198593855
0.23595651471987367
0.23586033610627055
0.23487076489254832
0.2313169832341373
0.23016242682933807
0.23339816508814692
0.2345778150483966
0.23634391697123647
0.2352143432945013
0.23581104865297675
0.23208281910046935
0.2302884259261191
0.2337197451852262
0.2344486741349101
0.23676376789808273
0.23525185277685523
0.2349940249696374
0.23060346907004714
0.23288966668769717
0.23183673620224
0.2335880775935948
0.23704412998631597
0.2348407581448555
0.23438520124182105
0.23401763616129756
0.23208155715838075
0.23196670971810818
0.23364538978785276
0.23733064020052552
0.2350466032512486
0.23647146811708808
0.23499187408015132
0.22945353481918573
0.23327239323407412
0.23417079309001565
0.23641676176339388
0.23580645583570004
0.23431496787816286
0.2346970052458346
0.22926646331325173
0.23323206789791584
0.23414545971900225
0.23647563019767404
0.2344874758273363
0.23653960973024368
0.23494820157065988
0.22796854516491294
0.23437653109431267
0.23608615808188915
0.23567789094522595
0.23460991820320487
0.2356703532859683
0.23473351681604981
0.2281150952912867
0.2344874031841755
0.23573761526495218
0.23608356807380915
0.235352813731879
0.23423099983483553
0.23048990964889526
0.23258769791573286
0.23229669919237494
0.23192491754889488
0.23747702315449715
0.23652492696419358
0.2351925470866263
0.23304710304364562
0.23150116438046098
0.2322593117132783
0.23069147113710642
0.23683627415448427
0.23495420208200812
0.23534941487014294
0.23116297088563442
0.22897273115813732
0.2280578212812543
0.23076136969029903
0.2379082003608346
0.23549367021769285
0.235647473949939
0.23416454391553998
0.2362661580555141
0.227277641184628
0.22726898407563567
0.23493563570082188
0.2353065200150013
0.23602238111197948
0.2347507388330996
0.2258379878476262
0.2364491675980389
0.23430841090157628
0.23680836195126176
0.23570698592811823
0.23555168602615595
0.23635697504505515
0.2253628601320088
0.23415263276547194
0.2347596730105579
0.23755486216396093
0.23577771103009582
0.2358492212370038
0.2355035818181932
0.2251791306771338
0.23373714415356517
0.2349521010182798
0.23705282900482416
0.2360807629302144
0.23550632782280445
0.23418019711971283
0.22434260044246912
0.23610803810879588
0.2336507155559957
0.2370272441767156
0.23622284270823002
0.2361453347839415
0.2349342741072178
0.22629442671313882
0.23528987681493163
0.23487116862088442
0.23671726137399673
0.23705183621495962
0.23622404225170612
0.23656877083703876
0.23326021991670132
0.22717808419838548
0.23054759809747338
0.23802383989095688
0.23639669502153993
0.2354411226697266
0.23493711883202195
0.23128575971350074
0.2293360698968172
0.23446628404781222
0.23728248896077275
0.23713717702776194
0.23601878993213177
0.23372445814311504
0.22481169505044818
0.23401481984183192
0.23565638484433293
0.23758637439459562
0.23629259085282683
0.23541140602901578
0.23569323122501373
0.23289389023557305
0.22646105894818902
0.2298277816735208
0.23659714264795184
0.23544762702658772
0.235800645314157
0.23553207516670227
0.22768779937177896
0.23264287179335952
0.23595076613128185
0.23706091195344925
0.23620293894782662
0.23608041927218437
0.235774383880198
0.2340918560512364
0.2279923129826784
0.23218970699235797
0.23726630909368396
0.23625287786126137
0.23568959115073085
0.2367935529910028
0.2322101960889995
0.22783254273235798
0.2309842980466783
0.2373795798048377
0.23569113202393055
0.23547876067459583
0.2345765559002757
0.2254568161442876
0.23453434463590384
0.2351970039308071
0.23716703802347183
0.2356341816484928
0.23530894424766302
0.23457364086061716
0.2256923788227141
0.23493681196123362
0.23465495696291327
0.237544110044837
0.235486320219934
0.23554464615881443
0.2352081248536706
0.23112264694646
0.23039592802524567
0.2375274458900094
0.23593876976519823
0.23640663037076592
0.23378091864287853
0.2341056577861309
0.22411100938916206
0.2366452543064952
0.23414494330063462
0.23700980888679624
0.23568579088896513
0.23563975933939219
0.23493885900825262
0.23629317432641983
0.22697196481749415
0.23033581161871552
0.23793207108974457
0.23554563568904996
0.23573011625558138
0.23611472779884934
0.22554189898073673
0.2345110410824418
0.23636180395260453
0.23682032991200686
0.23632551822811365
0.23577980184927583
0.23456523893401027
0.22541889501735568
0.233826142270118
0.23595072608441114
0.23725054785609245
0.23603674117475748
0.23563386080786586
0.235357282217592
0.23494980297982693
0.22762984922155738
0.22946932911872864
0.23758672177791595
0.23595651797950268
0.23617339879274368
0.23519902303814888
0.23662278102710843
0.22788156615570188
0.2301329029724002
0.23711773101240396
0.23598001385107636
0.2356654368340969
0.2357794619165361
0.23464939277619123
0.22847484983503819
0.23295394703745842
0.2370019550435245
0.2356473677791655
0.23523729806765914
0.23598475474864244
0.23498816834762692
0.22741762595251203
0.22943703643977642
0.2367192287929356
0.23535582004114985
0.235923255328089
0.23686553398147225
0.23619131417945027
0.22730782395228744
0.22929720068350434
0.2369033908471465
0.23568318272009492
0.23593455599620938
0.23529886361211538
0.23662323597818613
0.22732381103560328
0.22935009514912963
0.2367842299863696
0.23525710310786963
0.23544207122176886
0.23552311724051833
0.2262678910046816
0.235019126906991
0.2364449012093246
0.238063408061862
0.23568040179088712
0.23581412993371487
0.23476327024400234
0.22422357881441712
0.2337461211718619
0.2367653506807983
0.23767706798389554
0.23604745138436556
0.23579576006159186
0.23611736996099353
0.23279823688790202
0.2270121881738305
0.22904694313183427
0.2378528593108058
0.2356928363442421
0.23548618191853166
0.23578515741974115
0.2336799707263708
0.22777427081018686
0.23145646089687943
0.23770132707431912
0.2358361012302339
0.2357324850745499
0.2362426151521504
0.23422260023653507
0.2267636051401496
0.22952816216275096
0.23716395813971758
0.23740044981241226
0.2358159739524126
0.23666118504479527
0.2259060679934919
0.23346147872507572
0.23601676104590297
0.23775129579007626
0.23670367198064923
0.23565272521227598
0.23636634601280093
0.23265235405415297
0.22812075214460492
0.2325018448755145
0.23813261976465583
0.23695205198600888
0.23712720489129424
0.23572792671620846
0.23254498885944486
0.22814174788072705
0.23003288032487035
0.23826181795448065
0.23621567385271192
0.23535779491066933
0.23511682078242302
0.22610381105914712
0.2313689817674458
0.2366580287925899
0.23596694227308035
0.23577484395354986
0.23539502266794443
0.23534636432304978
0.22472319891676307
0.23336459510028362
0.23607627488672733
0.23665168089792132
0.23597223684191704
0.23519465792924166
0.23437947686761618
0.2239643163047731
0.23608309077098966
0.23389592813327909
0.2371291690506041
0.23541030427441
0.2362264497205615
0.2363960430957377
0.2253160560503602
0.2335955980233848
0.23616604320704937
0.2378881317563355
0.2360824360512197
0.23521042335778475
0.23462291806936264
0.22467801999300718
0.23377849906682968
0.2360956883057952
0.23753182403743267
0.2362072030082345
0.23606338491663337
0.23517045844346285
0.22402974124997854
0.23510757321491838
0.23628395795822144
0.23722560470923781
0.23627235693857074
0.2352976412512362
0.23445098195225
0.22399928187951446
0.23512958083301783
0.23616125481203198
0.23801606334745884
0.23637634376063943
0.23606167268007994
0.23299331590533257
0.22413438092917204
0.23517516627907753
0.23634913237765431
0.23806612798944116
0.23610670818015933
0.2365867500193417
0.2335413289256394
0.2248754962347448
0.23289131419733167
0.23821443412452936
0.2364211599342525
0.2355512073263526
0.23606797913089395
0.23246926302090287
0.22366984700784087
0.23695532139390707
0.2367581776343286
0.23800020525231957
0.23571488494053483
0.23599474132061005
0.2361925020813942
0.23389770602807403
0.22740528220310807
0.22422842076048255
0.23333681607618928
0.23691501095891
0.2357590920291841
0.23474530084058642
0.2247440996579826
0.23710212484002113
0.23195291124284267
0.23492514621466398
0.2371026840992272
0.23561709513887763
0.23604307230561972
0.23088005697354674
0.23012429708614945
0.23634662106633186
0.23545730579644442
0.23533735470846295
0.23541289009153843
0.23582357401028275
0.23247661208733916
0.22933807922527194
0.23622541036456823
0.23545677913352847
0.23539641965180635
0.23512143921107054
0.2354413471184671
0.23138484405353665
0.22926316456869245
0.23543653776869178
0.23744403617456555
0.23611522186547518
0.2354928432032466
0.23544096108525991
0.23329952266067266
0.22740499628707767
0.23107327101752162
0.23735897801816463
0.235375314950943
0.23502393811941147
0.23584510385990143
0.2304529999382794
0.2311137029901147
0.2350007281638682
0.23763818480074406
0.23538847407326102
0.2347917491570115
0.2354279002174735
0.23077411809936166
0.2297453209757805
0.2357737310230732
0.23487329808995128
0.235253828112036
0.23502163216471672
0.23401613486930728
0.23037427989766002
0.23071819869801402
0.23522744001820683
0.23629759484902024
0.23532309290021658
0.2349170814268291
0.2337231351993978
0.2295566271059215
0.2305717901326716
0.23377738427370787
0.2361791981384158
0.23479438200592995
0.23524319007992744
0.23420776380226016
0.23113512620329857
0.23227475816383958
0.2325536645948887
0.2353629912249744
0.2350130807608366
0.23570444900542498
0.23429167224094272
0.232926769182086
0.23111953074112535
0.23291598912328482
0.23420615075156093
0.23665778199210763
0.2339988430030644
0.23559071170166135
0.2342137210071087
0.22975638089701533
0.23235643608495593
0.23481377819553018
0.23604165483266115
0.23536908300593495
0.23502964386716485
0.23332323599606752
0.23145120171830058
0.23175812233239412
0.23430111212655902
0.23755507403984666
0.23584638815373182
0.23594090482220054
0.23477383935824037
0.22952626505866647
0.23431886220350862
0.23547048913314939
0.23594106268137693
0.23584099020808935
0.23450777307152748
0.23198285978287458
0.23118458408862352
0.23293692944571376
0.23468030290678144
0.2359516890719533
0.23531909193843603
0.23565768264234066
0.23440157203003764
0.22893414227291942
0.2340334509499371
0.23530448088422418
0.23575629433616996
0.2336751241236925
0.23556936997920275
0.233741934876889
0.22996794106438756
0.23278688313439488
0.2348570809699595
0.23682554392144084
0.23387623485177755
0.23416195716708899
0.23410527221858501
0.2301323153078556
0.2309119119308889
0.23131766496226192
0.23689134698361158
0.23565650871023536
0.2350115980952978
0.23486462701112032
0.23169578425586224
0.23193470062687993
0.2299867649562657
0.23725610692054033
0.23516632709652185
0.23534411331638694
0.23401064379140735
0.2327573262155056
0.22874771989881992
0.22640730906277895
0.23711376683786511
0.23527058400213718
0.23532242281362414
0.23693066695705056
0.23340627318248153
0.22739766305312514
0.22333778906613588
0.23398105194792151
0.23801951203495264
0.23519007908180356
0.2357456278987229
0.23392519680783153
0.22917996114119887
0.23428276972845197
0.2385493707843125
0.2361399382352829
0.23390461690723896
0.23589136730879545
0.23153773322701454
0.22980169113725424
0.23241032706573606
0.23729970026761293
0.23574274918064475
0.23543171677738428
0.23550341185182333
0.23325276002287865
0.22967233881354332
0.23154121590778232
0.2380574718117714
0.2350772093050182
0.23486221069470048
0.2359992112033069
0.23236410599201918
0.23073343792930245
0.23374548694118857
0.23678358923643827
0.23409603163599968
0.23504539486020803
0.23517150897532701
0.2308505647815764
0.22920922189950943
0.23337669018656015
0.2368639768101275
0.23554795002564788
0.23475741082802415
0.2344243242405355
0.23210788099095225
0.22898063622415066
0.232708347029984
0.23785807006061077
0.23543974617496133
0.23476264625787735
0.2359370579943061
0.23255519708618522
0.22927096392959356
0.2333672191016376
0.23637666599825025
0.2355412649922073
0.23581201722845435
0.23458425840362906
0.2307554050348699
0.23279066290706396
0.2320456076413393
0.2368690692819655
0.23513825982809067
0.23519790405407548
0.23600880801677704
0.23233971698209643
0.23024727683514357
0.23282104264944792
0.23637991631403565
0.2353772516362369
0.23537694569677114
0.23438358725979924
0.23015649477019906
0.23259982001036406
0.23097315803170204
0.23468382889404893
0.23612374300137162
0.23533901292830706
0.2361260987818241
0.2290395861491561
0.23641902301460505
0.2306042369455099
0.23328763619065285
0.23629938624799252
0.23559678718447685
0.23533323593437672
0.23290480906143785
0.23038545111194253
0.2312817322090268
0.23351040901616216
0.2369777150452137
0.23483825800940394
0.23407621681690216
0.23341285903006792
0.2328239418566227
0.2301163850352168
0.2305086562409997
0.23778682807460427
0.23583704978227615
0.2350638508796692
0.2354941158555448
0.23181543499231339
0.22981730196624994
0.2304934822022915
0.23754323925822973
0.23550791619345546
0.2353893220424652
0.23476970242336392
0.23429829999804497
0.22729708580300212
0.22519387118518353
0.228990213945508
0.2377449511550367
0.23542037419974804
0.23527296399697661
0.2331230198033154
0.23003416368737817
0.23167974315583706
0.2324658571742475
0.23697709711268544
0.23542855586856604
0.23516106512397528
0.23144224379211664
0.2315379222854972
0.23025767179206014
0.2296102805994451
0.23764462396502495
0.23584292503073812
0.23479353822767735
0.23196729086339474
0.2343919542618096
0.22775443503633142
0.2298067770898342
0.23809556057676673
0.2363535570912063
0.2351641310378909
0.23416945803910494
0.23426152067258954
0.22740541212260723
0.22967434488236904
0.2369890110567212
0.23571481928229332
0.23542012320831418
0.2364600538276136
0.2334684799425304
0.22786955116316676
0.2320225010626018
0.23813438368961215
0.23562897183001041
0.2356906053610146
0.23540730774402618
0.23575140489265323
0.22756764804944396
0.2297382871620357
0.23753280891105533
0.23658761801198125
0.23588002286851406
0.23489286378026009
0.23631283780559897
0.22794499062001705
0.2310241488739848
0.23772937385365367
0.23596402676776052
0.23553749127313495
0.23457241291180253
0.2360186199657619
0.2277407320216298
0.23075251514092088
0.23813915299251676
0.23583645839244127
0.2357084951363504
0.2351022488437593
0.23575693322345614
0.2283229436725378
0.22830542968586087
0.23791243927553296
0.23571960534900427
0.23566280910745263
0.23471532994881272
0.23624515486881137
0.22809471003711224
0.22948536416515708
0.23781818710267544
0.2357838647440076
0.23529521515592933
0.23490527691319585
0.2359102121554315
0.22745477501302958
0.22965446999296546
0.23815363831818104
0.23614186001941562
0.2360124229453504
0.235047513153404
0.23571806075051427
0.22752503398805857
0.2296174168586731
0.2369179530069232
0.235360577236861
0.23526957724243402
0.23416594602167606
0.23749063117429614
0.22737848525866866
0.22985678212717175
0.23817162727937102
0.2357457489706576
0.23580291587859392
0.23734651878476143
0.23484196281060576
0.22883278410881758
0.2321082199923694
0.2379271830432117
0.23620905494317412
0.23553671315312386
0.23384346906095743
0.23595200711861253
0.2275801612995565
0.23024420393630862
0.23828709730878472
0.2357367849908769
0.23569183982908726
0.2348761148750782
0.2359106899239123
0.2275162087753415
0.23010645061731339
0.23765726387500763
0.23555948212742805
0.23528811987489462
0.2361346990801394
0.23457140568643808
0.22745303995907307
0.22891606576740742
0.23679056810215116
0.2352375891059637
0.23554853396490216
0.23438522592186928
0.2363370219245553
0.2270086952485144
0.2343011163175106
0.23687680019065738
0.23530164500698447
0.2354584652930498
0.23533974215388298
0.2346221199259162
0.22687702300027013
0.23186849895864725
0.23750261729583144
0.23554507782682776
0.23606867622584105
0.23474927293136716
0.23458846705034375
0.22678491193801165
0.2335837627761066
0.23667355999350548
0.2352105020545423
0.23502461286261678
0.23452588682994246
0.23628774797543883
0.22666721930727363
0.23372998321428895
0.23719505639746785
0.23525197571143508
0.23552486766129732
0.23554232204332948
0.23591681709513068
0.2269104258157313
0.23101471504196525
0.23687539994716644
0.23573607904836535
0.2353629101999104
0.23673660680651665
0.23559694923460484
0.22695481404662132
0.23334861686453223
0.2367439242079854
0.23549843719229102
0.2350893123075366
0.23517593229189515
0.23581194272264838
0.22683826694265008
0.2333185407333076
0.23665633471682668
0.23571805702522397
0.23536931397393346
0.23584113968536258
0.2361299549229443
0.22690115682780743
0.23090305225923657
0.23742671497166157
0.23557434789836407
0.23563864268362522
0.2346510123461485
0.23595766490325332
0.22680219821631908
0.23312181420624256
0.23682813812047243
0.23561494005843997
0.2353446432389319
0.23475757194682956
0.23619204992428422
0.22608485026285052
0.2347002630122006
0.23557106498628855
0.23522153217345476
0.23567358078435063
0.2353367549367249
0.23638075683265924
0.22737087309360504
0.23017949191853404
0.2379660438746214
0.23560892883688211
0.2352110301144421
0.2341223149560392
0.22551344614475965
0.23488441202789545
0.23464475711807609
0.2365669570863247
0.2357842419296503
0.23548150109127164
0.23434097785502672
0.23082214873284101
0.2291224291548133
0.23617364140227437
0.23537006601691246
0.2396025168709457
0.23607783066108823
0.23558341525495052
0.23188157612457871
0.22800103900954127
0.23205604357644916
0.23778632516041398
0.23522962909191847
0.23508765967562795
0.23458773782476783
0.2331063416786492
0.22743129916489124
0.23082270519807935
0.23782362043857574
0.23594721127301455
0.23555980389937758
0.23562379507347941
0.231578066945076
0.2293642722070217
0.23572788620367646
0.23567178007215261
0.2361125499010086
0.23466654401272535
0.23616537218913436
0.23248809901997447
0.22782014776021242
0.23372482974082232
0.23654140206053853
0.2359425681643188
0.23546858690679073
0.23635875387117267
0.2334913439117372
0.22755372803658247
0.23289896873757243
0.23698519496247172
0.23533297516405582
0.23538618627935648
0.2362284902483225
0.2317010979168117
0.2288182508200407
0.23459857376292348
0.23632296873256564
0.2355700097978115
0.23517684964463115
0.23465543380007148
0.22975521022453904
0.23081668093800545
0.2337387790903449
0.23673044610768557
0.23498596996068954
0.23532516416162252
0.2342262463644147
0.2290664128959179
0.2338711330667138
0.23250963725149632
0.2365414071828127
0.23541231825947762
0.23596173524856567
0.23610523901879787
0.2318648132495582
0.2287987731397152
0.2347384667955339
0.23693237733095884
0.23581661796197295
0.2361491252668202
0.2348284861072898
0.23255114909261465
0.22940520802512765
0.23461763514205813
0.23640469228848815
0.2363248886540532
0.23596919188275933
0.236081977840513
0.2316010077483952
0.22780185285955667
0.2316618701443076
0.23745745327323675
0.2357987710274756
0.23549421271309257
0.23448282293975353
0.2303127427585423
0.23156188474968076
0.23416572296991944
0.23788919625803828
0.23678194917738438
0.23612223519012332
0.234627200756222
0.23155898228287697
0.22921090899035335
0.2333240401931107
0.2372990334406495
0.2360550332814455
0.23541697906330228
0.23463306343182921
0.23173845233395696
0.22953723883256316
0.2340336786583066
0.23668297892436385
0.23592838179320097
0.2352002989500761
0.23426094092428684
0.23148554284125566
0.22902775974944234
0.23392568808048964
0.23553874669596553
0.23599397810176015
0.23420748999342322
0.23397775972262025
0.2294965172186494
0.23238532105460763
0.23127798782661557
0.23566776560619473
0.23500327859073877
0.23576547717675567
0.23420801619067788
0.23196237068623304
0.23290604772046208
0.23022217815741897
0.23216606117784977
0.23643962806090713
0.23420760594308376
0.2358689671382308
0.23450164031237364
0.23168997606262565
0.23010384989902377
0.23105017887428403
0.23716957541182637
0.2355119939893484
0.23570011602714658
0.23414336005225778
0.23284555412828922
0.2281614039093256
0.2260877820663154
0.23630964802578092
0.23564096773043275
0.2349507650360465
0.23642360139638186
0.2354854648001492
0.22948478208854795
0.22716359701007605
0.2378721716813743
0.23868030682206154
0.23683101311326027
0.23767222603783011
0.23535682074725628
0.2280772509984672
0.22409628285095096
0.23706765612587333
0.235957114957273
0.23569613741710782
0.2353524207137525
0.2319572912529111
0.2278441428206861
0.23167199501767755
0.23807216621935368
0.23587960423901677
0.23542855866253376
0.23605357995256782
0.23167154798284173
0.22746838303282857
0.2328794482164085
0.23805252509191632
0.23633780889213085
0.2353659300133586
0.2362992251291871
0.23406675178557634
0.22803455917164683
0.23121022479608655
0.2376765408553183
0.23570032976567745
0.2353289700113237
0.23627755511552095
0.23309284122660756
0.22778329020366073
0.23280272400006652
0.23772978829219937
0.23615998029708862
0.23525781324133277
0.23578697815537453
0.23193974001333117
0.22724479483440518
0.23494377359747887
0.23583089001476765
0.23537783790379763
0.23534993967041373
0.23446326982229948
0.22968998877331614
0.23106361413374543
0.234023863915354
0.2363576921634376
0.2355738147161901
0.2354173050262034
0.23614919418469071
0.23216709587723017
0.2292321091517806
0.23477066308259964
0.23668839083984494
0.23648298205807805
0.2363840788602829
0.23426291113719344
0.23194959666579962
0.2294129473157227
0.23519191285595298
0.23576403222978115
0.23592531587928534
0.23601129604503512
0.2358087720349431
0.23248735209926963
0.22783192386850715
0.2316424660384655
0.23730111587792635
0.23560706805437803
0.23555337125435472
0.23412272287532687
0.2298001917079091
0.23114509601145983
0.2343051340430975
0.23747058911249042
0.23582686437293887
0.235125960316509
0.23659248324111104
0.23199386708438396
0.2292936248704791
0.23552121967077255
0.23544074222445488
0.23587171407416463
0.23387459525838494
0.23625946138054132
0.23105799406766891
0.22889513801783323
0.23462752997875214
0.23650104505941272
0.23545881500467658
0.23478592978790402
0.23428708221763372
0.2298172009177506
0.23274163622409105
0.23372288281098008
0.2366643138229847
0.23532967315986753
0.23534075636416674
0.2343707112595439
0.22976660914719105
0.23221777798607945
0.2336955857463181
0.23621990997344255
0.23561251070350409
0.23529344983398914
0.23427028208971024
0.22957070637494326
0.2322941767051816
0.232730976305902
0.2359350835904479
0.2346062669530511
0.2355683888308704
0.2358549372293055
0.23029853263869882
0.23287085629999638
0.23314134404063225
0.23675009235739708
0.23588871117681265
0.23617608984932303
0.2361380779184401
0.23138651810586452
0.23041660990566015
0.23461124626919627
0.2358812759630382
0.23651535715907812
0.23565742932260036
0.23683586390689015
0.23131487285718322
0.22984671825543046
0.2355180587619543
0.23624712508171797
0.23639739770442247
0.23625935288146138
0.23526199301704764
0.23339478205889463
0.22778724785894156
0.22894373908638954
0.2384798382408917
0.23605630220845342
0.23549109511077404
0.23482609307393432
0.23195391288027167
0.23063055705279112
0.2359883040189743
0.23813152685761452
0.2359433863312006
0.2353116199374199
0.2356819841079414
0.23448269302025437
0.22749808011576533
0.22583163063973188
0.23653637198731303
0.23694906011223793
0.23575197625905275
0.23589548328891397
0.23214857699349523
0.23031747387722135
0.23522860882803798
0.23663915693759918
0.23643888719379902
0.23664260609075427
0.23629837343469262
0.23278386518359184
0.22868797462433577
0.2295244033448398
0.23851783713325858
0.2367028770968318
0.23632403928786516
0.23633249010890722
0.23275953019037843
0.22853119019418955
0.2291112532839179
0.23859462095424533
0.23720725113525987
0.23680714378133416
0.23485510423779488
0.2311516460031271
0.2286195820197463
0.23248150991275907
0.23866258189082146
0.2358392789028585
0.23625224782153964
0.23468984896317124
0.23183899372816086
0.22865308355540037
0.23251641681417823
0.2387745468877256
0.23670391086488962
0.23574741976335645
0.23618998192250729
0.232163209002465
0.2282854630611837
0.23085616901516914
0.23852452170103788
0.23674228508025408
0.23614497995004058
0.23620143393054605
0.2315804110839963
0.22751833824440837
0.2302909940481186
0.23658998170867562
0.23642707290127873
0.23592473100870848
0.2358271609991789
0.225877208635211
0.23565482394769788
0.23602293711155653
0.23670908296480775
0.23637002101168036
0.2360845049843192
0.23488357895985246
0.23080139886587858
0.22982410341501236
0.23600254906341434
0.23675943119451404
0.236211605835706
0.23612591112032533
0.23643101193010807
0.23367709014564753
0.22779443999752402
0.22632851591333747
0.2368626040406525
0.2375819250009954
0.23614744888618588
0.2350376769900322
0.22551106102764606
0.23281878978013992
0.23762864572927356
0.23813364515081048
0.23674132116138935
0.2364232512190938
0.23192739114165306
0.22395522193983197
0.2359245866537094
0.23644202575087547
0.23851868696510792
0.2363812648691237
0.23665726138278842
0.22990823024883866
0.22393286786973476
0.2355304667726159
0.2378314402885735
0.23621915327385068
0.23598697688430548
0.23642466310411692
0.23624848388135433
0.2342077591456473
0.22767665795981884
0.2265875432640314
0.23822876485064626
0.24011901998892426
0.23622373305261135
0.23828471219167113
0.23534184088930488
0.2308343332260847
0.2269787979312241
0.238511529751122
0.23745002038776875
0.23729914892464876
0.23382618511095643
0.2323097181506455
0.23138567060232162
0.22830267203971744
0.23905674973502755
0.23659324878826737
0.23668831074610353
0.23271584510803223
0.22854680195450783
0.2315065790899098
0.23315679840743542
0.23960100719705224
0.23643218725919724
0.2370169758796692
0.23126222100108862
0.23831703700125217
0.23019199911504984
0.22595702717080712
0.23829375626519322
0.23834397410973907
0.23665486928075552
0.23038327181711793
0.23779747588559985
0.2287057670764625
0.22505235904827714
0.2353327856399119
0.23769226111471653
0.2361863162368536
0.23534495430067182
0.2372106029652059
0.2309106159955263
0.22994173225015402
0.23918311018496752
0.23643263708800077
0.2365171522833407
0.22865803306922317
0.23753759684041142
0.23090595798566937
0.22977691423147917
0.2392144687473774
0.23796046106144786
0.23772376216948032
0.23448718013241887
0.23138470109552145
0.23350672191008925
0.2329781949520111
0.23887806106358767
0.23602593690156937
0.23650127742439508
0.232604768127203
0.23168303817510605
0.23249821877107024
0.23378644743934274
0.23960344772785902
0.2362550119869411
0.23623950127512217
0.23417051322758198
0.229937972035259
0.22857466200366616
0.23898372799158096
0.23678719392046332
0.23601681599393487
0.2373213958926499
0.23524316074326634
0.22793721687048674
0.22395498491823673
0.2360856500454247
0.23958205292001367
0.23528541810810566
0.23604131629690528
0.23423483315855265
0.22855180501937866
0.22844255389645696
0.23864809097722173
0.23662019288167357
0.23611957300454378
0.23589581111446023
0.23399749165400863
0.2308428236283362
0.22906960034742951
0.23903538286685944
0.2373651759698987
0.23600029572844505
0.23616016190499067
0.23456777399405837
0.2289966051466763
0.2261559870094061
0.2372881337068975
0.23662599828094244
0.23568394500762224
0.23636485822498798
0.23460197309032083
0.22907795244827867
0.22910699527710676
0.23887114180251956
0.2368054762482643
0.23586945980787277
0.23648512922227383
0.23311513802036643
0.22875344567000866
0.22826847294345498
0.2383434772491455
0.2364212330430746
0.23722471622750163
0.23616220988333225
0.23430448304861784
0.22882699081674218
0.22902884799987078
0.23903818195685744
0.23642319487407804
0.23651349497959018
0.23626934411004186
0.23308061202988029
0.22848585480824113
0.23034350899979472
0.23882372537627816
0.23739993991330266
0.23667924106121063
0.23631878895685077
0.23308347398415208
0.22765745082870126
0.22664569597691298
0.23560651578009129
0.2371470700018108
0.23655939800664783
0.23404645221307874
0.22505585942417383
0.23792945500463247
0.23441079910844564
0.23725073598325253
0.23599978303536773
0.23588853562250733
0.2364540472626686
0.22538183582946658
0.2353135640732944
0.23762862104922533
0.2376497220247984
0.2374588563106954
0.237013166770339
0.23067974811419845
0.22381195705384016
0.23397003021091223
0.23878806410357356
0.23626843467354774
0.23585787415504456
0.23591415584087372
0.2332503031939268
0.22432970860973
0.23451755102723837
0.23698420217260718
0.23828806169331074
0.2359940391033888
0.23659068765118718
0.2378035606816411
0.23440514085814357
0.23213679203763604
0.23118977854028344
0.2381169032305479
0.23696987703442574
0.23592025507241488
0.23563803965225816
0.23238036828115582
0.23345929197967052
0.2349472758360207
0.2381833279505372
0.2359905862249434
0.23638644814491272
0.22900308715179563
0.2326419078744948
0.23535661585628986
0.23818119009956717
0.23584063490852714
0.2361696702428162
0.2366949892602861
0.22605213383212686
0.23357722535729408
0.23633766267448664
0.23808272602036595
0.23657745774835348
0.236071249935776
0.23447640519589186
0.22473175823688507
0.23403096990659833
0.23682245472446084
0.2358619011938572
0.23596329195424914
0.23549711424857378
0.23448155401274562
0.22509315237402916
0.23229400999844074
0.2356620798818767
0.23703546496108174
0.23590927198529243
0.23593285400420427
0.23538879305124283
0.22441153973340988
0.2338101859204471
0.23686282197013497
0.23594652116298676
0.23586330143734813
0.23547402070835233
0.23565474525094032
0.23365976195782423
0.22626085905358195
0.23040954116731882
0.2374247726984322
0.23570540687069297
0.23550589475780725
0.23588533326983452
0.22542044380679727
0.2345254048705101
0.23485351912677288
0.2377833048813045
0.2356580630876124
0.23531216429546475
0.23443024512380362
0.23020731704309583
0.2299731969833374
0.23411498731002212
0.23758409777656198
0.23552581714466214
0.23530177399516106
0.23649243684485555
0.23186428379267454
0.2289897808805108
0.2362177106551826
0.2362838378176093
0.23600652301684022
0.23504576599225402
0.23467295803129673
0.23087431536987424
0.22913131909444928
0.235993598587811
0.23607587395235896
0.23616706440225244
0.23537491587921977
0.23471018392592669
0.23172098118811846
0.22774940077215433
0.23494353611022234
0.23589607328176498
0.23595961509272456
0.2344664502888918
0.2362518608570099
0.23149031400680542
0.22812067111954093
0.2367012770846486
0.23681270610541105
0.23731956398114562
0.23537347465753555
0.23532312596216798
0.23144193599000573
0.2283664899878204
0.2332150931470096
0.23725185077637434
0.23442412121221423
0.23388620698824525
0.23606812208890915
0.22971947770565748
0.2296728091314435
0.23520093085244298
0.2364109461195767
0.23607087694108486
0.23575163865461946
0.23471635673195124
0.2294865450821817
0.22973541310057044
0.23492224467918277
0.23694990295916796
0.23520607827231288
0.23566727386787534
0.23428747011348605
0.22903438517823815
0.23236681800335646
0.2330830846913159
0.23675941303372383
0.2354540373198688
0.23553625214844942
0.2346294312737882
0.2298221499659121
0.2325629168190062
0.23302201321348548
0.23660785565152764
0.2352193370461464
0.23573078587651253
0.23416394786909223
0.23100103391334414
0.23135888297110796
0.23259650729596615
0.2351894099265337
0.23538950132206082
0.23524121288210154
0.2341177030466497
0.23305928194895387
0.230288194026798
0.2335178372450173
0.2344117616303265
0.23582578310742974
0.2362775420770049
0.23594670183956623
0.2339140302501619
0.23011781787499785
0.2324420209042728
0.23421867471188307
0.2374398410320282
0.23457426391541958
0.23603923292830586
0.23390937317162752
0.23053615493699908
0.2321457238867879
0.23410951672121882
0.2356026261113584
0.23520049499347806
0.23546796198934317
0.23302617389708757
0.2307781525887549
0.2311590318568051
0.23112864000722766
0.2371916533447802
0.23551534116268158
0.23477594088762999
0.23562622675672174
0.23232731828466058
0.2319134953431785
0.22964821103960276
0.23762365290895104
0.23565700510516763
0.23466575192287564
0.23426835285499692
0.23334404593333602
0.2305853320285678
0.22873889794573188
0.23776248656213284
0.23608278296887875
0.2385015171021223
0.2356396298855543
0.23054937133565545
0.23059643199667335
0.22868264885619283
0.2376399808563292
0.23407699819654226
0.2371797300875187
0.23487875889986753
0.23390792775899172
0.22876508301123977
0.22506538312882185
0.23782637296244502
0.23447380913421512
0.2359466440975666
0.2348966160789132
0.23115158127620816
0.22765732603147626
0.23197056911885738
0.23649014020338655
0.23579700896516442
0.2352917343378067
0.2346101412549615
0.23059754585847259
0.23016844736412168
0.23453848902136087
0.2358155520632863
0.2357953549362719
0.23517736187204719
0.23426630394533277
0.2295682830736041
0.23100432800129056
0.23384158732369542
0.2371331020258367
0.23489485308527946
0.23577154893428087
0.23450127430260181
0.22912632580846548
0.2323019071482122
0.2327991179190576
0.2364066280424595
0.23530528834089637
0.235500643029809
0.23569780588150024
0.22941898507997394
0.2338123330846429
0.23303565988317132
0.23637025011703372
0.2358697261661291
0.235759143717587
0.23430379200726748
0.23047273606061935
0.23118302691727877
0.23257024912163615
0.2369972812011838
0.2355820802040398
0.2363243428990245
0.2343415110372007
0.22926564514636993
0.23325636517256498
0.23291757376864552
0.23637859104201198
0.2355584492906928
0.23567736288532615
0.23609634209424257
0.23049213225021958
0.23209449416026473
0.23376299114897847
0.23644791822880507
0.23547069588676095
0.23554053297266364
0.2340259407646954
0.229100801050663
0.23234842577949166
0.23276176676154137
0.2365156072191894
0.23507638182491064
0.23516419529914856
0.23413011198863387
0.2313900557346642
0.23262119619175792
0.23299685586243868
0.23606142308562994
0.2352385800331831
0.23512410931289196
0.2356975837610662
0.23008698504418135
0.23352564172819257
0.2319001592695713
0.23584444727748632
0.23504791595041752
0.23548918729647994
0.23429192695766687
0.23146925121545792
0.2323760990984738
0.23143880581483245
0.23547932924702764
0.23479200201109052
0.2355898260138929
0.23438116256147623
0.23073148494586349
0.23525968613103032
0.23084693681448698
0.23396312166005373
0.23635572707280517
0.23554890230298042
0.23472552932798862
0.23124459804967046
0.23408074909821153
0.23008508514612913
0.23064851108938456
0.23774324497208
0.2343960297293961
0.2355827558785677
0.2325074141845107
0.23562473384663463
0.22681911895051599
0.22631498193368316
0.2356435600668192
0.23573181591928005
0.23519064811989665
0.2357352920807898
0.2349053150974214
0.22864470025524497
0.22472928278148174
0.2246359782293439
0.2371173300780356
0.23596999933943152
0.23573572793975472
0.23262954177334905
0.2341607129201293
0.23026093235239387
0.23402102896943688
0.23782574525102973
0.23557189293205738
0.23628917103633285
0.23048767214640975
0.23557518422603607
0.23101391969248652
0.22965953778475523
0.2383377579972148
0.23414187179878354
0.23622395703569055
0.23034332925453782
0.2374074780382216
0.23005942394956946
0.22864438127726316
0.23807508731260896
0.236242373008281
0.23567112209275365
0.23254528315737844
0.23399156797677279
0.23005081294104457
0.2314409608952701
0.23803692404180765
0.23639886500313878
0.23611930385231972
0.23367223097011447
0.23342995019629598
0.22988510271534324
0.23018414806574583
0.23827854683622718
0.23642532574012876
0.23586357105523348
0.2317413710989058
0.23742297291755676
0.22864248976111412
0.223973517306149
0.23533123312518
0.23802355024963617
0.2385031613521278
0.2372212498448789
0.235385256819427
0.23246313771232963
0.23060134565457702
0.23961522988975048
0.23840017709881067
0.23707385314628482
0.2316576070152223
0.23368077306076884
0.23327891016379
0.23098181001842022
0.2385410387068987
0.237004685215652
0.23735545575618744
0.23306998005136847
0.2315567471086979
0.23338873870670795
0.23840458318591118
0.23637324897572398
0.23591807717457414
0.23609080724418163
0.236941983923316
0.22845692886039615
0.224752482958138
0.238321031909436
0.2367589669302106
0.2358653638511896
0.2361336969770491
0.234525959007442
0.23113774275407195
0.22804880188778043
0.23918184591457248
0.2365644029341638
0.23631279217079282
0.23581500397995114
0.23564584972336888
0.22774059185758233
0.22367637883871794
0.22437826404348016
0.23809070605784655
0.23758306307718158
0.23770067607983947
0.23230193788185716
0.23399578873068094
0.23306623008102179
0.2384591489098966
0.23680123081430793
0.2375315260142088
0.23632664699107409
0.23584688873961568
0.22782210260629654
0.2237117369659245
0.22450161585584283
0.23749796487390995
0.23914899723604321
0.23760364996269345
0.2312241792678833
0.23624271526932716
0.23336939327418804
0.23861955991014838
0.23693932220339775
0.23693173192441463
0.23617739183828235
0.23351563792675734
0.2311629829928279
0.22891320241615176
0.2392065073363483
0.23660443490371108
0.23598438408225775
0.23638734687119722
0.2360077858902514
0.22790148621425033
0.22407920705154538
0.22470062505453825
0.23602329613640904
0.23818109091371298
0.2368225739337504
0.23137860605493188
0.23627093201503158
0.23391708498820662
0.2389923450537026
0.2366925780661404
0.23630856070667505
0.23632779018953443
0.23456589505076408
0.22920668311417103
0.2251811297610402
0.2259407709352672
0.23940982203930616
0.2380574829876423
0.23635681113228202
0.23197612585499883
0.23520836699754
0.2354282597079873
0.23894064221531153
0.2369699771516025
0.23562962003052235
0.2381759718991816
0.23570697661489248
0.22939283307641745
0.22742140898481011
0.23854677705094218
0.2363743302412331
0.23606174485757947
0.23664355417713523
0.23694070661440492
0.2290366101078689
0.22748127998784184
0.23164654010906816
0.23812018195167184
0.237255300860852
0.2381715620867908
0.23583243414759636
0.2312642061151564
0.2298268978483975
0.23797269584611058
0.238804429769516
0.236826591193676
0.23553916020318866
0.2349149896763265
0.23357448587194085
0.2379155568778515
0.23748129606246948
0.23777965223416686
0.2366865510120988
0.23368196981027722
0.23031839216127992
0.2325082328170538
0.2396305538713932
0.2378692259080708
0.2373029589653015
0.2365431161597371
0.23561022384092212
0.23033211892470717
0.22784798219799995
0.23803393775597215
0.23767162906005979
0.23675211612135172
0.2370406547561288
0.234149016905576
0.23222489701583982
0.233897325117141
0.2386853899806738
0.23662914987653494
0.23665030114352703
0.23236061027273536
0.23200211580842733
0.23623816668987274
0.23897349694743752
0.23660066910088062
0.23600263195112348
0.23802180215716362
0.23541905218735337
0.22766868397593498
0.22653485601767898
0.23639044724404812
0.23756695725023746
0.2377244522795081
0.23634573072195053
0.23292382806539536
0.23004507878795266
0.23331868229433894
0.2393382489681244
0.23628176795318723
0.23644750704988837
0.23771015694364905
0.23440996184945107
0.23118399595841765
0.22907250141724944
0.23939307685941458
0.23739416897296906
0.2365448297932744
0.23660298297181726
0.23227741802111268
0.23507585283368826
0.23645504703745246
0.2378101092763245
0.23629001108929515
0.23627891205251217
0.23074254021048546
0.23121940298005939
0.23715605214238167
0.23704302310943604
0.23776069516316056
0.23600920429453254
0.2353083142079413
0.22486311616376042
0.23262704396620393
0.2372122323140502
0.2382279308512807
0.23593210196122527
0.23594893515110016
0.23453262308612466
0.22474871017038822
0.2354125906713307
0.2374716172926128
0.23784885508939624
0.23608493991196156
0.23617314361035824
0.23294662591069937
0.2360904160887003
0.22878256207332015
0.22490957472473383
0.23717054491862655
0.23853673413395882
0.23594805784523487
0.23463383130729198
0.23638479690998793
0.22960514714941382
0.22871304443106055
0.23862211406230927
0.23802055418491364
0.23598892195150256
0.23369204998016357
0.23747855285182595
0.2283912906423211
0.22423266107216477
0.23419641982764006
0.23731287801638246
0.2361712846904993
0.23742509679868817
0.23659154726192355
0.22935308702290058
0.23000146308913827
0.238574902061373
0.23604290885850787
0.2358674150891602
0.23424989869818091
0.23650820506736636
0.2286483570933342
0.22637498704716563
0.23586587281897664
0.2370010088197887
0.23719373205676675
0.23554981080815196
0.23570524901151657
0.22892543487250805
0.22910316614434123
0.23852334590628743
0.23599334992468357
0.2358918390236795
0.23334165336564183
0.2246170910075307
0.2338167899288237
0.2366901277564466
0.23806606698781252
0.2360367001965642
0.23600030969828367
0.23335374426096678
0.22434857627376914
0.2349596070125699
0.2371554379351437
0.23783529037609696
0.23775865882635117
0.23725320724770427
0.231704228091985
0.22601533867418766
0.23371003288775682
0.239504667930305
0.23908777395263314
0.23659592913463712
0.237171886023134
0.2325958958826959
0.23553692502900958
0.23214035015553236
0.23081110790371895
0.23825828498229384
0.23567091301083565
0.23599226819351315
0.23560391832143068
0.23161619808524847
0.2349830772727728
0.23598811402916908
0.23767232615500689
0.23619968257844448
0.234785501845181
0.2379932296462357
0.2262708181515336
0.235409839078784
0.23798982566222548
0.23564975801855326
0.23610885301604867
0.23563802894204855
0.23643613094463944
0.22818719688802958
0.22964453790336847
0.23858145996928215
0.2361741210334003
0.23568973317742348
0.2350241057574749
0.23643311765044928
0.22868057899177074
0.2265859479084611
0.2363632139749825
0.23751577083021402
0.23639226192608476
0.23607263108715415
0.2351694293320179
0.22969907289370894
0.22859346633777022
0.23848034907132387
0.2366001191549003
0.2362635019235313
0.2318312511779368
0.22394730290398002
0.23543056892231107
0.23752320697531104
0.23834693105891347
0.23622562224045396
0.23644304741173983
0.23268559621647
0.22463773097842932
0.23410471202805638
0.23710100306198
0.23829864477738738
0.23590291989967227
0.23613542038947344
0.2313772295601666
0.22373587591573596
0.23573703924193978
0.2372477320022881
0.23821705812588334
0.23584871692582965
0.23662481782957911
0.23100311309099197
0.22364110499620438
0.23587369872257113
0.2375768730416894
0.23845639871433377
0.23611071426421404
0.23646973306313157
0.23616597102954984
0.23424273496493697
0.23107236716896296
0.22947692731395364
0.23874838184565306
0.23767623584717512
0.2362281079404056
0.23554376186802983
0.23194534936919808
0.23335064481943846
0.23452822398394346
0.23796120705083013
0.23644428793340921
0.23568659601733088
0.23069201409816742
0.23418457806110382
0.23507096990942955
0.2375843389891088
0.23591882875189185
0.23587520280852914
0.23632012633606791
0.23402000404894352
0.22789386380463839
0.23328286223113537
0.23805398400872946
0.23609548108652234
0.23522700974717736
0.23520432319492102
0.22490538330748677
0.23514735093340278
0.2363833892159164
0.23789994698017836
0.23728125216439366
0.23619030881673098
0.2321592392399907
0.22483818838372827
0.23401004169136286
0.2368730567395687
0.23841329710558057
0.23644864279776812
0.23634722316637635
0.23179148975759745
0.22432750882580876
0.23519907193258405
0.23627500236034393
0.2379177869297564
0.2361526689492166
0.2359696771018207
0.23177396086975932
0.22382248099893332
0.23580263508483768
0.23671335820108652
0.2384687582962215
0.23597982991486788
0.236065864097327
0.2323409477248788
0.22463437914848328
0.23424702510237694
0.23711336497217417
0.23867526976391673
0.23615405801683664
0.23635072680190206
0.23217408498749137
0.22412881674245
0.23453467525541782
0.23717423994094133
0.23830095399171114
0.23631459288299084
0.23673790274187922
0.22858482459560037
0.2232760451734066
0.2365869120694697
0.23630952509120107
0.23836409812793136
0.23836744809523225
0.2365172067657113
0.23713812557980418
0.23428455600515008
0.23159314692020416
0.22838617488741875
0.23912217607721686
0.23592849215492606
0.23676581913605332
0.23658147361129522
0.23259689984843135
0.23264638893306255
0.2307165451347828
0.2378575629554689
0.23618713906034827
0.2373374761082232
0.23483020206913352
0.23056598100811243
0.23543569259345531
0.23617906728759408
0.23824110394343734
0.23611046094447374
0.23712378228083253
0.23647687025368214
0.22700840001925826
0.23559392895549536
0.23787158634513617
0.23647929402068257
0.23646278912201524
0.2355038383975625
0.2352847051806748
0.22920280322432518
0.22838109824806452
0.23754915315657854
0.23818345507606864
0.23632818181067705
0.23454460594803095
0.23860448831692338
0.22963228169828653
0.2263186350464821
0.23718728916719556
0.2389694219455123
0.24153840402141213
0.23387473495677114
0.2358742351643741
0.23544147284701467
0.2357991710305214
0.2392905387096107
0.2367337429895997
0.23685387894511223
0.23660963121801615
0.22838778421282768
0.22529849782586098
0.2269788198173046
0.23900585202500224
0.2384359142743051
0.23864325508475304
0.235447209328413
0.23163261404260993
0.22837125603109598
0.23928616289049387
0.2373035210184753
0.23772754427045584
0.23750116489827633
0.23610182898119092
0.2294377190992236
0.22739079501479864
0.23185281734913588
0.23997168708592653
0.23712137388065457
0.23821639781817794
0.2357701570726931
0.23146881582215428
0.23274901090189815
0.23934811586514115
0.2372177210636437
0.23688523611053824
0.2305091223679483
0.23835753556340933
0.23418118618428707
0.23925909819081426
0.23832512507215142
0.23587298719212413
0.23819343280047178
0.23613170813769102
0.22926526376977563
0.2270910399965942
0.23863869300112128
0.23787390301004052
0.2364694019779563
0.2367828069254756
0.23408796591684222
0.2312181107699871
0.23180697998031974
0.23873910307884216
0.23671045992523432
0.2364991856738925
0.23395988391712308
0.2354664709419012
0.232204161118716
0.23613716196268797
0.23715752409771085
0.23599669337272644
0.2365703945979476
0.2336720977909863
0.23178829392418265
0.23545918008312583
0.24055208917707205
0.23686160193756223
0.23611872922629118
0.2353577301837504
0.23731893999502063
0.22841678373515606
0.22496567573398352
0.2285323957912624
0.23869510600343347
0.23819223186001182
0.23648561583831906
0.23308230796828866
0.23093276284635067
0.22931967210024595
0.23933857399970293
0.23722776491194963
0.2361896769143641
0.2365279528312385
0.2362088612280786
0.22852155985310674
0.22464193403720856
0.23660938115790486
0.23859080020338297
0.23793614795431495
0.23624038277193904
0.23808200703933835
0.22783263912424445
0.22605935530737042
0.23821177519857883
0.23860848508775234
0.23767860792577267
0.23717791307717562
0.23422340489923954
0.22916746931150556
0.22843321971595287
0.23841204727068543
0.23728020023554564
0.2366938549093902
0.23569321306422353
0.23431194433942437
0.22956880135461688
0.2305139279924333
0.23699433030560613
0.2349957930855453
0.23487157374620438
0.2348262807354331
0.23419550713151693
0.22823627013713121
0.22592268185690045
0.23763188906013966
0.2356303441338241
0.2355798063799739
0.23494602926075459
0.23478304222226143
0.2285370617173612
0.22588804876431823
0.23795332806184888
0.23600284522399306
0.23667782824486494
0.23554632300511003
0.23152848100289702
0.2295789858326316
0.22982551530003548
0.23822975298389792
0.23524457309395075
0.23438019026070833
0.2353175338357687
0.23463418101891875
0.22918676817789674
0.234745885245502
0.23724257899448276
0.23558870609849691
0.23524489998817444
0.2356521342881024
0.23288393719121814
0.22969000786542892
0.23211592389270663
0.23780298372730613
0.2355300784111023
0.23515179101377726
0.23571344558149576
0.23325073113664985
0.22956748865544796
0.23173809377476573
0.23784343479201198
0.23583535198122263
0.235294871032238
0.23571267863735557
0.23258959269151092
0.22744990419596434
0.23212887719273567
0.23776825983077288
0.23681866424158216
0.23640692699700594
0.234057798050344
0.2311534881591797
0.22924024378880858
0.23409701604396105
0.23529051383957267
0.2351459339261055
0.23539687739685178
0.23610966373234987
0.2330264593474567
0.22740170313045382
0.232742371968925
0.23719262005761266
0.2349760141223669
0.23557703895494342
0.2358662928454578
0.2326657399535179
0.22888470813632011
0.23382231779396534
0.23611995298415422
0.23519506584852934
0.23511658981442451
0.23380277026444674
0.22975270496681333
0.23186717601493
0.2321754889562726
0.23666858999058604
0.2350248722359538
0.23608879698440433
0.23524562874808908
0.23121728003025055
0.230509121902287
0.23198864934965968
0.23549003899097443
0.23448053328320384
0.23431955697014928
0.23513970337808132
0.23372475197538733
0.23119187075644732
0.230400909204036
0.23225055495277047
0.23681971011683345
0.2352595771662891
0.23545342311263084
0.2338672811165452
0.23243433516472578
0.2296949177980423
0.23147300072014332
0.23740088380873203
0.23586126510053873
0.23455250402912498
0.23387994710355997
0.23286660434678197
0.2275798092596233
0.22466156398877501
0.22808646503835917
0.23747418588027358
0.23486946383491158
0.23487909510731697
0.2315916158258915
0.2310087182559073
0.2315469621680677
0.23711229721084237
0.2357288859784603
0.23469637474045157
0.23551000002771616
0.2328410311602056
0.2297515869140625
0.2314986288547516
0.23655421193689108
0.23513463092967868
0.2350107580423355
0.23575610388070345
0.23164783418178558
0.2321789413690567
0.22995835402980447
0.23053155792877078
0.2375554870814085
0.2352485521696508
0.23467920999974012
0.23291328409686685
0.23518623411655426
0.2264697039499879
0.22941239411011338
0.23687459900975227
0.2353118397295475
0.23578773299232125
0.2346711689606309
0.234489934053272
0.22655374323949218
0.23222343204542994
0.23750587087124586
0.23465636186301708
0.23442995827645063
0.2353268968872726
0.23401357606053352
0.2264768509194255
0.23349368665367365
0.2364834090694785
0.23488837899640203
0.23518458381295204
0.23499819124117494
0.23578573437407613
0.22593362908810377
0.23423748603090644
0.23612419981509447
0.23497238289564848
0.23537058383226395
0.23577849101275206
0.23458719300106168
0.22656915290281177
0.23593797720968723
0.23638694873079658
0.23440401488915086
0.2345506646670401
0.23534515406936407
0.23455120297148824
0.2275484660640359
0.23523344798013568
0.23549996921792626
0.23429807787761092
0.23520826129242778
0.23478734167292714
0.23438640823587775
0.22752489894628525
0.23559486400336027
0.23528757318854332
0.23441694816574454
0.23482280783355236
0.23540948191657662
0.22942548524588346
0.23129560891538858
0.23394897067919374
0.23477521212771535
0.23506907420232892
0.23501733876764774
0.23494064575061202
0.2317586042918265
0.2305428795516491
0.23431033082306385
0.2354761390015483
0.23529295297339559
0.23504420509561896
0.2348807961679995
0.23395293392241
0.22880682023242116
0.23262817692011595
0.2318243319168687
0.2366145858541131
0.23508965782821178
0.23514300910755992
0.2321839900687337
0.2323682508431375
0.23108746856451035
0.228860798291862
0.23703524330630898
0.23542765760794282
0.23479430098086596
0.2286737379617989
0.2225322569720447
0.23319895286113024
0.23566791787743568
0.23688090778887272
0.23621031176298857
0.23567874310538173
0.23592031886801124
0.22510498389601707
0.23297395603731275
0.23547631269320846
0.2362849568016827
0.2332855830900371
0.2353156879544258
0.23346514999866486
0.2264792760834098
0.23567377123981714
0.23266278114169836
0.23613848723471165
0.2344430908560753
0.23497215518727899
0.2354630222544074
0.23038655798882246
0.23056365502998233
0.23379016667604446
0.23532163025811315
0.23528962675482035
0.23480608500540257
0.23477787198498845
0.22975996602326632
0.2346567939966917
0.2298840139992535
0.22956453217193484
0.2368857474066317
0.2349748439155519
0.23544844007119536
0.2350213280878961
0.2329011051915586
0.23031103797256947
0.22848242707550526
0.23779752291738987
0.2346622426994145
0.2355190347880125
0.2350554117001593
0.23313038796186447
0.22833306901156902
0.22447469923645258
0.2369980663061142
0.23565923608839512
0.23486513597890735
0.23532490618526936
0.2341224541887641
0.22623167419806123
0.22980658104643226
0.23703845031559467
0.23517944617196918
0.23537269094958901
0.23565572733059525
0.23275729129090905
0.22861447418108582
0.23559051798656583
0.23550073662772775
0.235806027892977
0.23549273144453764
0.2358555281534791
0.23162143398076296
0.2286397502757609
0.23557054717093706
0.23525223694741726
0.2354098721407354
0.23487194487825036
0.23575193202123046
0.23143953830003738
0.23007950792089105
0.2353302906267345
0.2349216309376061
0.2350459019653499
0.23475069692358375
0.2353113521821797
0.2321534170769155
0.22949192533269525
0.23396515427157283
0.2368596727028489
0.2352245901711285
0.2347097611054778
0.2356916330754757
0.2320884419605136
0.22986619407311082
0.23373753111809492
0.23670491995289922
0.23540783813223243
0.2345375418663025
0.2353458208963275
0.23123128805309534
0.22984965704381466
0.2328657479956746
0.23640946066007018
0.23375112796202302
0.23436768306419253
0.23504130681976676
0.23065683711320162
0.2333790292032063
0.23123830277472734
0.23511356208473444
0.23460323084145784
0.23459548177197576
0.23553250962868333
0.23247098876163363
0.23393317870795727
0.23050012905150652
0.23422999819740653
0.2360347229987383
0.2347128507681191
0.23482030723243952
0.23256409913301468
0.2337030889466405
0.22969258669763803
0.231577442958951
0.2376260939054191
0.2340939547866583
0.23528042482212186
0.23373895604163408
0.23223718209192157
0.2277407539077103
0.22618129523470998
0.23668273584917188
0.23529675463214517
0.23466310882940888
0.2352574928663671
0.23441985482349992
0.22730173915624619
0.22484704572707415
0.23256205627694726
0.23780601238831878
0.23547111824154854
0.23500688513740897
0.23132109409198165
0.2334696282632649
0.2314577279612422
0.23484191903844476
0.23569941567257047
0.2345918477512896
0.235200225841254
0.2319299029186368
0.23359935311600566
0.22989164106547832
0.2330696857534349
0.2368641560897231
0.23503725789487362
0.2351350001990795
0.23332811007276177
0.23255703411996365
0.22956802416592836
0.22989876894280314
0.23697381373494864
0.23525097826495767
0.23467019386589527
0.23468647012487054
0.23384348070248961
0.22798306914046407
0.22587398579344153
0.22923586703836918
0.23726940294727683
0.23545137280598283
0.23390795476734638
0.23022028105333447
0.2313051987439394
0.23147985991090536
0.23012221604585648
0.23732795100659132
0.23557493509724736
0.23478446435183287
0.23100171377882361
0.23370774183422327
0.22923775389790535
0.23184480937197804
0.23783403914421797
0.23575299233198166
0.23498055804520845
0.23331846995279193
0.23413603706285357
0.22913001105189323
0.22745639877393842
0.23644445231184363
0.2350256210193038
0.2352179237641394
0.23545455187559128
0.23391262395307422
0.22707108175382018
0.23321132827550173
0.2360363262705505
0.23544840468093753
0.2357495604082942
0.23544408287853003
0.23434131313115358
0.22694425424560905
0.23386363591998816
0.2361124912276864
0.23565647285431623
0.23548138607293367
0.23490863433107734
0.23455154011026025
0.22672800021246076
0.23353188298642635
0.23650131514295936
0.2350071887485683
0.23508774023503065
0.2354105319827795
0.23634534003213048
0.22687138663604856
0.234970485791564
0.2360626794397831
0.23536554398015141
0.23541361931711435
0.23631497099995613
0.23412714898586273
0.22684323508292437
0.23426319379359484
0.23619611700996757
0.2352440902031958
0.2351823542267084
0.23360126093029976
0.23382718674838543
0.22663797484710813
0.22226689476519823
0.22292188508436084
0.23337730299681425
0.23664433788508177
0.23501630499958992
0.23502528993412852
0.2341291420161724
0.22661302471533418
0.23382572596892715
0.23612305987626314
0.23479235218837857
0.23438668763265014
0.23564148228615522
0.2359302006661892
0.22658122889697552
0.23339697578921914
0.23632390378043056
0.2348170718178153
0.23507656529545784
0.23602994391694665
0.2354052378796041
0.2263518082909286
0.23365300800651312
0.23571512289345264
0.23475853307172656
0.23467281693592668
0.23518024431541562
0.23341969307512045
0.22695490112528205
0.23451933404430747
0.23490410903468728
0.2348956810310483
0.2344938488677144
0.23520075902342796
0.2343211700208485
0.2295810910873115
0.23387133982032537
0.23408355610445142
0.23665369115769863
0.23567169811576605
0.23648938117548823
0.2343281120993197
0.22781280009076
0.23637910606339574
0.23659299593418837
0.23495195293799043
0.23479847889393568
0.23379962099716067
0.23264631675556302
0.22916733101010323
0.23679143423214555
0.23409166932106018
0.23440731409937143
0.2351776398718357
0.23440326796844602
0.23396758968010545
0.22697836067527533
0.23489122418686748
0.23554376419633627
0.23386924900114536
0.23360565397888422
0.23526128707453609
0.23308501159772277
0.22928358474746346
0.2314932239241898
0.22957230499014258
0.23733996599912643
0.2335608289577067
0.23622853495180607
0.2309899958781898
0.2243029116652906
0.2310989280231297
0.23540982091799378
0.2354103741236031
0.23515505203977227
0.23460295423865318
0.23431341908872128
0.22508016088977456
0.23181031690910459
0.23353529907763004
0.23512578988447785
0.2353755016811192
0.23483645310625434
0.23402361292392015
0.23121007811278105
0.23054195381700993
0.23216834804043174
0.23336488893255591
0.23528221482411027
0.23514388501644135
0.23386435164138675
0.23340957518666983
0.23138654185459018
0.229926825966686
0.22860722104087472
0.23748436383903027
0.2353818449191749
0.2349876081570983
0.23519900487735868
0.2335099489428103
0.22642262000590563
0.22385504888370633
0.23270626598969102
0.23556139320135117
0.23477437207475305
0.23354793014004827
0.23203978082165122
0.22927794232964516
0.23197013093158603
0.2325288951396942
0.23600043542683125
0.23384198499843478
0.23478261707350612
0.23346098186448216
0.23431489430367947
0.22795170405879617
0.2267122338525951
0.23762115184217691
0.23528997506946325
0.2354795760475099
0.23523964313790202
0.2337426613084972
0.22523542726412416
0.2245546169579029
0.23227287828922272
0.23662954196333885
0.2345444317907095
0.23531637014821172
0.23230760591104627
0.23220124188810587
0.23221846017986536
0.23528983211144805
0.23667911905795336
0.23548355977982283
0.2341595641337335
0.23232722003012896
0.22954095155000687
0.23173508094623685
0.2337437397800386
0.2360201640985906
0.23531103506684303
0.23479323321953416
0.23529102420434356
0.22948531992733479
0.2305782730691135
0.229679340030998
0.23754578409716487
0.2347711962647736
0.2350996402092278
0.2354427301324904
0.23317632311955094
0.22849712101742625
0.225029026158154
0.23610569909214973
0.235360492952168
0.23530409904196858
0.23402427788823843
0.2302778186276555
0.228602671995759
0.2337116957642138
0.23611076595261693
0.23504769708961248
0.23505130084231496
0.23429545806720853
0.22901769494637847
0.23098466219380498
0.2336444822140038
0.23634531535208225
0.23461077082902193
0.23522350890561938
0.23477490385994315
0.23098777001723647
0.23151349276304245
0.23549396125599742
0.23751633195206523
0.23482259502634406
0.23595415707677603
0.23404028732329607
0.22828874783590436
0.23341744067147374
0.2313694627955556
0.2351165171712637
0.23549494286999106
0.2343249269761145
0.23473323695361614
0.23117236886173487
0.23380206059664488
0.22971580177545547
0.23113198718056083
0.23616923624649644
0.23556842003017664
0.2351319449953735
0.23431515507400036
0.23237989377230406
0.2279348550364375
0.22629674710333347
0.23575501888990402
0.23460870515555143
0.23452069517225027
0.23576697707176208
0.23179955407977104
0.2273549558594823
0.22952749812975526
0.23735770024359226
0.23522268841043115
0.23436266323551536
0.23414257215335965
0.22977098310366273
0.23108487902209163
0.23232970898970962
0.2359242830425501
0.23442155588418245
0.23275773972272873
0.23592881904914975
0.23288625897839665
0.23279389087110758
0.22912061819806695
0.23079624399542809
0.23820955865085125
0.23372468911111355
0.23515748977661133
0.23431230708956718
0.23391858115792274
0.2277766317129135
0.23154425201937556
0.23580767726525664
0.2352972012013197
0.2348249121569097
0.23391100438311696
0.23576836101710796
0.22669236175715923
0.2305418187752366
0.23712707730010152
0.23477107007056475
0.23458187887445092
0.23331786785274744
0.2364321192726493
0.2257088888436556
0.23664841474965215
0.23360924189910293
0.23427837016060948
0.23473508702591062
0.23375187069177628
0.23209050297737122
0.22983282804489136
0.2322034751996398
0.23130986420437694
0.23578766221180558
0.23468089941889048
0.23380310088396072
0.23189955204725266
0.23292011907324195
0.2308088941499591
0.22721899580210447
0.23691251687705517
0.23313463991507888
0.23386341612786055
0.23333300510421395
0.23367141094058752
0.22630470898002386
0.2295741317793727
0.23583482299000025
0.23488342110067606
0.23459133785218
0.23540943674743176
0.2336598141118884
0.22693517804145813
0.23593697091564536
0.23434541514143348
0.2346445289440453
0.234790476039052
0.23505479702726007
0.23068075207993388
0.23133617313578725
0.23229339811950922
0.23229624703526497
0.2353651849552989
0.23498271172866225
0.23348003393039107
0.23490218678489327
0.23091829661279917
0.2299679620191455
0.22760375402867794
0.2371495240367949
0.23525736993178725
0.23404951207339764
0.2347514247521758
0.23054544813930988
0.22746665170416236
0.23133700899779797
0.23723103990778327
0.23494884511455894
0.23443788290023804
0.23418052587658167
0.22616601269692183
0.2338113454170525
0.23507856903597713
0.2381182573735714
0.2369129890576005
0.23636095086112618
0.23323004692792892
0.23712647520005703
0.22559364512562752
0.23387213004752994
0.2368071088567376
0.2348538557998836
0.2348660221323371
0.23476836597546935
0.23547716112807393
0.22648211382329464
0.23335375869646668
0.2356623518280685
0.2346544899046421
0.23479028278961778
0.23525216709822416
0.23454860225319862
0.22738283779472113
0.23706853669136763
0.23575823614373803
0.23455381812527776
0.2346964878961444
0.23481559194624424
0.2286769738420844
0.23155415104702115
0.234239820856601
0.23488319106400013
0.23496824502944946
0.23518077284097672
0.23501962423324585
0.23140810523182154
0.22935159178450704
0.23233110597357154
0.2316725398413837
0.23691198881715536
0.2335818000137806
0.2348420568741858
0.23258504969999194
0.2334065642207861
0.22860333789139986
0.2248423509299755
0.23659608606249094
0.2363934307359159
0.23507880279794335
0.23324723029509187
0.2370762531645596
0.22702268697321415
0.2297270530834794
0.23723133420571685
0.23603732325136662
0.23457979829981923
0.23397292103618383
0.23542001470923424
0.22659743996337056
0.23305721720680594
0.23645820328965783
0.23445460945367813
0.23507134895771742
0.23383071506395936
0.2362647275440395
0.22608936997130513
0.23539188504219055
0.23648510640487075
0.23533480195328593
0.23352691484615207
0.2354813222773373
0.2365097408182919
0.22646849835291505
0.23461875692009926
0.23484264872968197
0.23469005012884736
0.23526337696239352
0.2347724698483944
0.23552219895645976
0.22717195702716708
0.23779374826699495
0.23564696311950684
0.23500475892797112
0.2347521367482841
0.2343355198390782
0.2373358579352498
0.2263148007914424
0.23345794016495347
0.236718256957829
0.23466746509075165
0.23505926178768277
0.23479790473356843
0.23616423085331917
0.22770484117791057
0.2349391388706863
0.23700780794024467
0.23596795974299312
0.23535338696092367
0.23437148006632924
0.23699644720181823
0.22693344810977578
0.2298180554062128
0.23600532207638025
0.23459500912576914
0.23496563592925668
0.2353420378640294
0.22824613098055124
0.23307745391502976
0.2354926480911672
0.2363910530693829
0.2350689140148461
0.23491684813052416
0.23506962601095438
0.2258392791263759
0.23604850703850389
0.23462425265461206
0.23646739637479186
0.2347489930689335
0.2352230460382998
0.2353565557859838
0.23001537518575788
0.23086572904139757
0.23481021914631128
0.23648596229031682
0.23515326296910644
0.23485247697681189
0.23555400501936674
0.2332943589426577
0.22710882918909192
0.236037605907768
0.23537778574973345
0.23471738677471876
0.23504555877298117
0.23538732575252652
0.22993732942268252
0.23044019704684615
0.23497722810134292
0.2365395687520504
0.23554077232256532
0.23527395306155086
0.23538084188476205
0.22998724412173033
0.23095870995894074
0.23326192097738385
0.23645764822140336
0.23484159028157592
0.23586354684084654
0.23572348523885012
0.23035432072356343
0.230923677328974
0.23338734777644277
0.23626852268353105
0.2346488367766142
0.23525164416059852
0.2357359970919788
0.229879979044199
0.23208749806508422
0.23252367926761508
0.23620190378278494
0.23536450136452913
0.23575438419356942
0.2358202589675784
0.22954575438052416
0.23403995670378208
0.23261195700615644
0.2354717869311571
0.23471164796501398
0.23452887823805213
0.23359980201348662
0.23173789912834764
0.2323147221468389
0.23086943197995424
0.23396262293681502
0.23495406284928322
0.23512748163193464
0.2347656860947609
0.2337568048387766
0.23253933899104595
0.22959653427824378
0.23075000010430813
0.23713943315669894
0.2353645204566419
0.23477190639823675
0.23358245799317956
0.23287263605743647
0.2277559689246118
0.2242656941525638
0.2278574868105352
0.2377795847132802
0.23485283181071281
0.23541507311165333
0.2317851628176868
0.23133462481200695
0.23128202790394425
0.23033545073121786
0.23732040030881763
0.23523392667993903
0.23493055906146765
0.2319336519576609
0.2332682739943266
0.22777582611888647
0.23085665702819824
0.23748021060600877
0.23557305429130793
0.2346370960585773
0.23540578270331025
0.2329200259409845
0.2262927987612784
0.23111741710454226
0.23717779712751508
0.23479677503928542
0.235388595610857
0.23559473687782884
0.23424411099404097
0.2271409910172224
0.23352700006216764
0.23582929326221347
0.23479959182441235
0.23457771819084883
0.23521090485155582
0.23507471894845366
0.22673509223386645
0.23762049386277795
0.23406799510121346
0.23430474428460002
0.23442537430673838
0.2343829907476902
0.23302008910104632
0.22802278213202953
0.23492541629821062
0.2356798117980361
0.2349524162709713
0.23490140587091446
0.23502777609974146
0.2344129062257707
0.2280600001104176
0.23654574993997812
0.2357508148998022
0.23479760624468327
0.23439929820597172
0.23505719797685742
0.235295704100281
0.2270127166993916
0.23691870272159576
0.23352832067757845
0.23418387724086642
0.23510066187009215
0.23514023097231984
0.23480248916894197
0.22682285215705633
0.23592499690130353
0.23491830611601472
0.23487879801541567
0.23438046826049685
0.23561935499310493
0.23512037191540003
0.22758068097755313
0.2366400989703834
0.23706694087013602
0.23573092930018902
0.23580047907307744
0.23514813091605902
0.22530266316607594
0.23407577816396952
0.23382943216711283
0.23632387071847916
0.2353129768744111
0.23532048100605607
0.23611509706825018
0.23437125515192747
0.22786505008116364
0.2350584827363491
0.23684998601675034
0.2353296298533678
0.235254371073097
0.23545310273766518
0.23551834281533957
0.22629551822319627
0.23316478496417403
0.23636968480423093
0.23481298284605145
0.2348587028682232
0.23494521295651793
0.23420202871784568
0.22755942214280367
0.23661907529458404
0.23428461188450456
0.2341528977267444
0.23501306120306253
0.23540670098736882
0.23432974377647042
0.22713235160335898
0.235882178414613
0.23500687768682837
0.23415590403601527
0.23468052223324776
0.23518881388008595
0.228944038040936
0.23272993694990873
0.23219813499599695
0.23344822879880667
0.23634432489052415
0.23505808599293232
0.23494405020028353
0.23171554086729884
0.23242361703887582
0.23114567017182708
0.230299673974514
0.23714706487953663
0.234611792024225
0.23453666595742106
0.2349592917598784
0.23111205594614148
0.23006861098110676
0.22836503898724914
0.2370601911097765
0.23505294229835272
0.23485681461170316
0.23341704485937953
0.2305449889972806
0.22734001092612743
0.23116931086406112
0.23735383013263345
0.23537439992651343
0.23483703704550862
0.23527516098693013
0.2333892583847046
0.22712396178394556
0.23181738844141364
0.23738534469157457
0.2350431401282549
0.23487672302871943
0.23568426817655563
0.23025592882186174
0.23062522197142243
0.23489129124209285
0.23695686692371964
0.2358507439494133
0.23522405978292227
0.23605150822550058
0.23156666290014982
0.22975185699760914
0.23571861488744617
0.2369003463536501
0.23522254591807723
0.23495894623920321
0.2355802971869707
0.23264709813520312
0.22697820700705051
0.23280388209968805
0.2371440208517015
0.2345476020127535
0.23528582090511918
0.23511038394644856
0.22962778201326728
0.23202915582805872
0.23403577972203493
0.2359932428225875
0.23469184013083577
0.23531898064538836
0.23363419389352202
0.23036445816978812
0.23216253798455
0.2325079501606524
0.2349207131192088
0.23540632473304868
0.23522261762991548
0.23386242426931858
0.23293598694726825
0.23089630203321576
0.2320819329470396
0.23406596388667822
0.23650929098948836
0.23524173814803362
0.2348943599499762
0.2342620543204248
0.22982659190893173
0.23189368890598416
0.2340575372800231
0.2364822132512927
0.23507372429594398
0.23460588604211807
0.23458776716142893
0.23264348274096847
0.2311127190478146
0.23247978510335088
0.237385971006006
0.23613844579085708
0.2352605522610247
0.233911348041147
0.2312848400324583
0.23033020785078406
0.23173793032765388
0.23745937505736947
0.235195592045784
0.235079949721694
0.2359944717027247
0.2299943151883781
0.23096405062824488
0.2308192211203277
0.23712778044864535
0.23518940201029181
0.23510400019586086
0.23538632597774267
0.23265416407957673
0.22789195086807013
0.22655622195452452
0.2366730235517025
0.23517938097938895
0.23530415818095207
0.23513176618143916
0.23462715093046427
0.22835584171116352
0.2243412951938808
0.22405603481456637
0.23799569392576814
0.23566624568775296
0.23497135797515512
0.23388675786554813
0.23255399521440268
0.2312011062167585
0.23370189173147082
0.2373155690729618
0.23500631470233202
0.23570651514455676
0.23248310294002295
0.23383992491289973
0.22962633287534118
0.23136848583817482
0.238488944247365
0.2354568219743669
0.23519735131412745
0.23409230960533023
0.23393581993877888
0.22994793811812997
0.2312959018163383
0.23766400013118982
0.23671818897128105
0.2355449008755386
0.234708814881742
0.23246306460350752
0.23122476832941175
0.23498564818874002
0.23537119012326002
0.23513489868491888
0.23535043885931373
0.23147664917632937
0.2365441699512303
0.22828980023041368
0.2280871756374836
0.2378621781244874
0.2359300348907709
0.2356117139570415
0.23424081318080425
0.2337116999551654
0.22782184090465307
0.22987773921340704
0.23737089382484555
0.23497614171355963
0.23532032407820225
0.23490612488240004
0.2340039568953216
0.22669929219409823
0.23334152530878782
0.23639100324362516
0.23542957985773683
0.23607135564088821
0.2341184732504189
0.23586815502494574
0.22676063096150756
0.23287957394495606
0.2376870410516858
0.23534470796585083
0.2354491683654487
0.2363808797672391
0.2349217920564115
0.22911167005077004
0.2325781611725688
0.23862435203045607
0.2362492373213172
0.2356098131276667
0.2340234429575503
0.23637380125001073
0.228468453977257
0.22616291278973222
0.2356868013739586
0.237211134750396
0.2356439041905105
0.23545278795063496
0.23494088184088469
0.22884679632261395
0.23229948990046978
0.23865656880661845
0.23613643692806363
0.23563817236572504
0.2340214722789824
0.23629500763490796
0.22853740584105253
0.22628670604899526
0.2344822990708053
0.23726401990279555
0.2360642128624022
0.23683342384174466
0.23512620385736227
0.22871734015643597
0.23235883796587586
0.23858559597283602
0.23625938314944506
0.23687161784619093
0.23187371296808124
0.23748560203239322
0.22859466029331088
0.22577206883579493
0.23664328223094344
0.23820240888744593
0.2379091833718121
0.23454217100515962
0.23710092203691602
0.22859502909705043
0.22619774704799056
0.23652738658711314
0.2396897142753005
0.2372792363166809
0.23302441369742155
0.2376185110770166
0.22852339129894972
0.22462392691522837
0.23379209311679006
0.237240435089916
0.2377388272434473
0.23608808126300573
0.23642736580222845
0.22802162496373057
0.23007382219657302
0.23881252575665712
0.23581929365172982
0.2359078163281083
0.23500725999474525
0.2369869421236217
0.22859355062246323
0.2254338120110333
0.23582380497828126
0.23723598988726735
0.23594472324475646
0.23472224920988083
0.22505527222529054
0.2355023710988462
0.2364209177903831
0.2386344620026648
0.2360988538712263
0.2357218861579895
0.23313821898773313
0.22398667875677347
0.2350358720868826
0.23597410321235657
0.23781464016065001
0.23613385669887066
0.2357700183056295
0.23446962190791965
0.22444190131500363
0.23363239271566272
0.2369481842033565
0.2376451538875699
0.23608605191111565
0.23608006490394473
0.23297090595588088
0.23750446690246463
0.2271002079360187
0.22625949326902628
0.2335179070942104
0.2370739127509296
0.2362367887981236
0.23695455817505717
0.22732103522866964
0.2339070551097393
0.23613439919427037
0.2379134097136557
0.2360823517665267
0.23564289277419448
0.2347645559348166
0.22619704715907574
0.234150898642838
0.23865441093221307
0.23766508605331182
0.23720492096617818
0.23666861094534397
0.23067981796339154
0.23713023122400045
0.22841673903167248
0.22429232578724623
0.2345829620026052
0.2374898288398981
0.2374665131792426
0.236688950099051
0.23629029234871268
0.2279037102125585
0.23070682305842638
0.23818124318495393
0.2360526998527348
0.23761120485141873
0.23521952703595161
0.23633978702127934
0.228675645776093
0.22610437404364347
0.23633018834516406
0.23717562900856137
0.23557959869503975
0.23529613856226206
0.23621708899736404
0.22931251395493746
0.23037768807262182
0.23889515036717057
0.23618360189720988
0.23591634584590793
0.23242513881996274
0.23754273587837815
0.22885644203051925
0.22565890988335013
0.2353465580381453
0.23845959594473243
0.23705574171617627
0.23655586317181587
0.23502674605697393
0.23040757421404123
0.23268478782847524
0.2390041030012071
0.23597398307174444
0.23627830715849996
0.2317353500984609
0.23724237503483891
0.23152948403730989
0.2288204189389944
0.23871445376425982
0.23568757437169552
0.23618699796497822
0.23067334620282054
0.2375559937208891
0.23180182185024023
0.22936590015888214
0.2386315600015223
0.2362834671512246
0.23614813014864922
0.23184011690318584
0.23488464206457138
0.23409350216388702
0.23235313314944506
0.23931831819936633
0.23581242188811302
0.23616217402741313
0.2326406380161643
0.2310752891935408
0.23411069717258215
0.23873514495790005
0.23648153524845839
0.23684338992461562
0.23683491395786405
0.23768846178427339
0.2261310680769384
0.22317994898185134
0.2365263612009585
0.23816096084192395
0.23529918491840363
0.23744821175932884
0.23459694907069206
0.2304391278885305
0.22799579054117203
0.23860444128513336
0.2362247360870242
0.2360283057205379
0.23850581189617515
0.23563500540331006
0.22756987996399403
0.22382118785753846
0.23570760898292065
0.23932537576183677
0.23539745388552547
0.23646035511046648
0.23393418407067657
0.23029827512800694
0.23027842910960317
0.23929348029196262
0.23789427196606994
0.23744140192866325
0.23622968280687928
0.23659964464604855
0.2287204680033028
0.2261126427911222
0.23734893975779414
0.23806914780288935
0.23581846710294485
0.23610403994098306
0.2365154419094324
0.23062181798741221
0.230667385738343
0.23827034700661898
0.23799809580668807
0.23570197587832808
0.23523133480921388
0.2347381031140685
0.23182559292763472
0.23576985811814666
0.23744077421724796
0.23719759890809655
0.23634011903777719
0.23355966340750456
0.23092231899499893
0.2348969429731369
0.23804818512871861
0.23766430094838142
0.23711553821340203
0.23603327898308635
0.2357859038747847
0.2275983109138906
0.2239984809421003
0.23471538024023175
0.23694249568507075
0.23713237093761563
0.23595619527623057
0.2340504750609398
0.22961739590391517
0.23467328492552042
0.23751177033409476
0.23583219293504953
0.23551539238542318
0.23575050523504615
0.23364803474396467
0.22837096126750112
0.22859026724472642
0.23850270919501781
0.23596276436001062
0.2371406927704811
0.23742782836779952
0.23458035988733172
0.22860941011458635
0.2257523681037128
0.23740513622760773
0.23777849599719048
0.23545484384521842
0.2376788817346096
0.2346666408702731
0.22816711897030473
0.22724310914054513
0.23628772981464863
0.2371182981878519
0.23590643983334303
0.23715361719951034
0.23416402284055948
0.22781559126451612
0.2310655969195068
0.23759884666651487
0.23562844889238477
0.2352879699319601
0.23586558504030108
0.23257747292518616
0.2295513767749071
0.23354957811534405
0.23812470398843288
0.23576683271676302
0.23711005505174398
0.23537879390642047
0.23490503802895546
0.22819061903283
0.2295438377186656
0.23831987800076604
0.23767298506572843
0.23608032893389463
0.23600773001089692
0.23304377729073167
0.22837582184001803
0.22879503620788455
0.23939624475315213
0.23645427590236068
0.23771095974370837
0.23879300290718675
0.23653382621705532
0.22918776189908385
0.22701659379526973
0.23877618880942464
0.23746337881311774
0.23585539404302835
0.23751176800578833
0.23289250023663044
0.23127506207674742
0.23118648491799831
0.23747314093634486
0.23534367233514786
0.23551249969750643
0.23698518611490726
0.23185178311541677
0.23251653602346778
0.23423660499975085
0.23731178510934114
0.2357596349902451
0.236947949975729
0.23350863298401237
0.2311409218236804
0.23354151006788015
0.2368789562024176
0.23515884019434452
0.23572932416573167
0.23585548298433423
0.22978070238605142
0.23377660382539034
0.2341147088445723
0.23748287232592702
0.23559686169028282
0.23535552062094212
0.2356535759754479
0.23391006095334888
0.22776997787877917
0.23234275402501225
0.2374619976617396
0.2359504452906549
0.23505699913948774
0.2361534284427762
0.23197254491969943
0.2289555510506034
0.23534121131524444
0.2366569098085165
0.2358241002075374
0.2352082789875567
0.2357472009025514
0.2324949842877686
0.2294303709641099
0.23506820388138294
0.23541454412043095
0.2357791718095541
0.23538598930463195
0.2355607720091939
0.23180956905707717
0.22720696404576302
0.23520090291276574
0.2370755267329514
0.2351898131892085
0.23493025824427605
0.23436724906787276
0.2255589892156422
0.23600229900330305
0.2339804102666676
0.2361080562695861
0.23487192392349243
0.2355345948599279
0.2355133150704205
0.2257548738270998
0.23724764538928866
0.23375324998050928
0.23677652096375823
0.23532370617613196
0.23575389990583062
0.23614682583138347
0.23124891007319093
0.23045190470293164
0.23564962204545736
0.23564408626407385
0.2357970871962607
0.23635180620476604
0.23595347115769982
0.23336127307265997
0.22780237114056945
0.23210250679403543
0.23853777116164565
0.23587948316708207
0.2349780471995473
0.23612099792808294
0.23110601492226124
0.22752966592088342
0.23255119705572724
0.23787855869159102
0.23557463800534606
0.23488607397302985
0.23408695589751005
0.2311046989634633
0.22857859591022134
0.23542421404272318
0.23620655806735158
0.23500675987452269
0.23501408100128174
0.2341923089697957
0.22893489198759198
0.23371625365689397
0.23428679769858718
0.2372195920906961
0.2356427595950663
0.23514782171696424
0.23587660305202007
0.2337110941298306
0.22920642467215657
0.23378541599959135
0.2371561899781227
0.23622435377910733
0.23524421034380794
0.2350009731017053
0.23231089813634753
0.22774035297334194
0.2312533580698073
0.23753077117726207
0.2359390570782125
0.2351593617349863
0.2354044090025127
0.23081161128357053
0.2299064383842051
0.234741962980479
0.2366228369064629
0.23575253877788782
0.23555583273991942
0.23542448226362467
0.23104659281671047
0.2285041380673647
0.2345226462930441
0.2368533918634057
0.2349218330346048
0.23530116118490696
0.2341400277800858
0.228872821200639
0.23344356613233685
0.23250237433239818
0.23630490712821484
0.2348791160620749
0.23515844298526645
0.2359537547454238
0.23178882198408246
0.2306839181110263
0.23229364957660437
0.23598118498921394
0.23507400415837765
0.2350699920207262
0.23403022531419992
0.23304246179759502
0.22985115461051464
0.2325021279975772
0.2343850126489997
0.23543780576437712
0.2355127059854567
0.23373230872675776
0.23375232936814427
0.23256404791027308
0.2312386929988861
0.23105305712670088
0.2367379921488464
0.23536801990121603
0.23578756116330624
0.23533917078748345
0.2300394782796502
0.23173518385738134
0.22949937777593732
0.23759847367182374
0.23536686692386866
0.23543233517557383
0.23397691268473864
0.23435761779546738
0.2285787621513009
0.22661956492811441
0.23732148902490735
0.23531762976199389
0.23494114028289914
0.23537041898816824
0.23365418193861842
0.22687927726656199
0.2250718493014574
0.23383951373398304
0.23642854625359178
0.23576825018972158
0.23612161120399833
0.23044970212504268
0.2310238261707127
0.23214650293812156
0.23673102911561728
0.23525878973305225
0.23618582682684064
0.23631410207599401
0.23008891521021724
0.23254965990781784
0.23268296057358384
0.23667140817269683
0.23555336194112897
0.23524164408445358
0.23552135564386845
0.23076939908787608
0.23151763062924147
0.23334700521081686
0.237586528994143
0.23595296684652567
0.23626977484673262
0.23584747407585382
0.2338136900216341
0.22949471417814493
0.23476686514914036
0.2374221459031105
0.23587764613330364
0.23509962717071176
0.23582922294735909
0.2333239931613207
0.2279362860135734
0.22999191377311945
0.23778712283819914
0.23596011009067297
0.23582857614383101
0.23599427798762918
0.2334285071119666
0.22778463689610362
0.2309339470230043
0.2375056347809732
0.23549308395013213
0.23555769212543964
0.23612371692433953
0.2340735769830644
0.2275316440500319
0.23026665020734072
0.23793599009513855
0.2354279039427638
0.23591827927157283
0.23612278699874878
0.2312065581791103
0.2302598119713366
0.23512098798528314
0.2367334421724081
0.23591871978715062
0.23507160181179643
0.23540629586204886
0.2328207977116108
0.22759758681058884
0.23420052928850055
0.23719104705378413
0.2356649381108582
0.23559158900752664
0.23612772393971682
0.2333732768893242
0.22824188275262713
0.23427796317264438
0.23934064013883471
0.23721357295289636
0.23639201931655407
0.23696071794256568
0.23289245925843716
0.22814682498574257
0.22716540610417724
0.23599978582933545
0.23690709099173546
0.23564629908651114
0.23442946700379252
0.2259544893167913
0.23454838804900646
0.23497483413666487
0.23739519296213984
0.23593556601554155
0.234700839035213
0.23630245635285974
0.2319811088964343
0.22792481305077672
0.233151454012841
0.23768980521708727
0.23606371134519577
0.23534248070791364
0.2358490121550858
0.23278159741312265
0.22746649477630854
0.23317254800349474
0.23681395687162876
0.2353929989039898
0.23531911289319396
0.23534414218738675
0.2319035017862916
0.22891145898029208
0.23629635805264115
0.23635312309488654
0.23546527605503798
0.23490299889817834
0.2339855688624084
0.23070307215675712
0.23039714666083455
0.2357897381298244
0.2353849676437676
0.2355985320173204
0.23552156332880259
0.23540852311998606
0.2316743959672749
0.22933613182976842
0.23502378398552537
0.23751779133453965
0.23654537461698055
0.23599866265431046
0.23491821996867657
0.23117946600541472
0.22735132928937674
0.23147629667073488
0.23744509927928448
0.23585264990106225
0.2354799760505557
0.2346412967890501
0.23021770222112536
0.2310712682083249
0.23366946959868073
0.2363415900617838
0.23508424730971456
0.23547066980972886
0.23435436096042395
0.2291791238822043
0.23228662414476275
0.23273439798504114
0.23642528476193547
0.23574997624382377
0.23612919868901372
0.23617238271981478
0.23044712375849485
0.23263482190668583
0.23362946277484298
0.2377737290225923
0.2357417829334736
0.2346191080287099
0.23406183812767267
0.23217381676658988
0.229085860773921
0.23435460310429335
0.23669398901984096
0.2356379427947104
0.23466775007545948
0.235785904340446
0.23196611599996686
0.2293996149674058
0.23496817192062736
0.23810503538697958
0.23653886606916785
0.23539028130471706
0.23583608539775014
0.23352599702775478
0.2276435769163072
0.23217430198565125
0.23739607026800513
0.23528886307030916
0.23498846869915724
0.2343010101467371
0.2315966859459877
0.2306608511134982
0.23413927108049393
0.2367350272834301
0.23572779912501574
0.23531986121088266
0.2359249871224165
0.23308636574074626
0.22721095196902752
0.2332370299845934
0.23655511997640133
0.235574163030833
0.2352547738701105
0.23567872680723667
0.2325057382695377
0.22910534357652068
0.23601955082267523
0.23552350094541907
0.23540673311799765
0.23549825511872768
0.23621333204209805
0.23121749889105558
0.2289806860499084
0.23623726284131408
0.235579292755574
0.23561541317030787
0.2354913861490786
0.23607195727527142
0.23341898107901216
0.2279029837809503
0.23188114305958152
0.23748487839475274
0.23577692219987512
0.23531866492703557
0.23407713323831558
0.23078460106626153
0.22995285503566265
0.23484173184260726
0.2365366192534566
0.23554095393046737
0.23491556802764535
0.23596281465142965
0.23331026220694184
0.2274702782742679
0.23289261385798454
0.2369432500563562
0.2353224833495915
0.23574940394610167
0.23658238258212805
0.23259315500035882
0.22985311690717936
0.23548199515789747
0.23791175009682775
0.23641677107661963
0.23617513198405504
0.23639128217473626
0.2337024938315153
0.22820920264348388
0.22741694981232285
0.2364606070332229
0.2369801360182464
0.2358259940519929
0.23712167982012033
0.23453344218432903
0.2278221040032804
0.23144727619364858
0.2379759750328958
0.23639318393543363
0.23619847325608134
0.236616725102067
0.2334056869149208
0.22809548303484917
0.23242514487355947
0.23904352961108088
0.23605993809178472
0.23622218193486333
0.23396086785942316
0.2249126392416656
0.23356125596910715
0.23681599227711558
0.23868442606180906
0.23598790867254138
0.2361051240004599
0.231351759750396
0.2247084779664874
0.23553521372377872
0.23699440620839596
0.23783252388238907
0.23570808907970786
0.2358852126635611
0.23296700417995453
0.22432547388598323
0.23508553998544812
0.23679712787270546
0.23781793192029
0.2358557153493166
0.23544438229873776
0.23114366736263037
0.22347208485007286
0.23603202495723963
0.23630645778030157
0.2376116020604968
0.23602217808365822
0.23537748493254185
0.23451630910858512
0.22467563301324844
0.2347535933367908
0.23692174907773733
0.2379059260711074
0.2360299313440919
0.23605545610189438
0.23206263314932585
0.2239999300800264
0.23663602210581303
0.23720219917595387
0.23770161205902696
0.23516342183575034
0.2357054501771927
0.23549676686525345
0.2330265399068594
0.22807497531175613
0.22817067708820105
0.23819240974262357
0.23819422582164407
0.2372370846569538
0.236122143920511
0.23575808759778738
0.22892982000485063
0.22495725797489285
0.23751003295183182
0.23722353903576732
0.23727237712591887
0.2366415010765195
0.23487247060984373
0.22893394716084003
0.22490709787234664
0.2351641203276813
0.2374802278354764
0.2355833239853382
0.2349295886233449
0.22470069583505392
0.2354466151446104
0.23594064498320222
0.23739527584984899
0.2358815111219883
0.23558620130643249
0.23576069297268987
0.2263406696729362
0.2326751579530537
0.23806903418153524
0.23610913706943393
0.23604641715064645
0.23656428884714842
0.2317312196828425
0.22377460869029164
0.23566774697974324
0.23730950197204947
0.23815862881019711
0.23614560393616557
0.23610915569588542
0.23585305083543062
0.23374765506014228
0.2282502632588148
0.2261100602336228
0.23604139033704996
0.23708843905478716
0.2355096829123795
0.2350098192691803
0.22481883689761162
0.23382527520880103
0.2371486071497202
0.23776210378855467
0.23773941583931446
0.2361867311410606
0.23625595914199948
0.23211962822824717
0.23039566539227962
0.2309291446581483
0.2389613431878388
0.2378291441127658
0.23634232999756932
0.2309665810316801
0.22338745696470141
0.23558549070730805
0.23716240376234055
0.23737611901015043
0.23713346105068922
0.2377865226007998
0.23330405121669173
0.22979706432670355
0.2308625839650631
0.23156091663986444
0.23945886688306928
0.2375257909297943
0.2363408380188048
0.23235794762149453
0.22631975775584579
0.23225153610110283
0.23668812587857246
0.23823066893965006
0.23629304906353354
0.2361875898204744
0.23216453567147255
0.22509720688685775
0.2335826549679041
0.23854542896151543
0.23755875509232283
0.23718306189402938
0.23633876023814082
0.23237598175182939
0.23631688300520182
0.2329663559794426
0.23080485500395298
0.23873703461140394
0.23543289303779602
0.2376853092573583
0.23529921285808086
0.23158138105645776
0.23463126365095377
0.2366229547187686
0.23782747983932495
0.23616033932194114
0.23626713315024972
0.2380784722045064
0.2284566257148981
0.23134561581537127
0.2376723289489746
0.23772143805399537
0.2368168029934168
0.2351822298951447
0.23488057684153318
0.2296630349010229
0.2285747667774558
0.23828087700530887
0.2362187560647726
0.23591729905456305
0.23415139503777027
0.23634320311248302
0.2299022888764739
0.22624049289152026
0.2365617430768907
0.23732308764010668
0.23574617691338062
0.23500205483287573
0.23775204177945852
0.22830977430567145
0.22718193102627993
0.23699141992256045
0.2372583788819611
0.23566707503050566
0.2361346515826881
0.2350824549794197
0.22893073502928019
0.2311323918402195
0.238523555919528
0.23609251296147704
0.2358499150723219
0.23409976018592715
0.23620402766391635
0.2286275839433074
0.22688060998916626
0.2357453042641282
0.2377761360257864
0.2359300460666418
0.23670353088527918
0.23614478670060635
0.22866885410621762
0.23176394496113062
0.23889492126181722
0.23593784077093005
0.23579106200486422
0.23414085805416107
0.23619263898581266
0.23000332713127136
0.22982289595529437
0.23895551078021526
0.2356849741190672
0.2361680781468749
0.23225261829793453
0.23592381924390793
0.2315253857523203
0.22830947069451213
0.23881774861365557
0.23597513604909182
0.2361590121872723
0.23106280900537968
0.23735149996355176
0.2302794731222093
0.2285907226614654
0.23878884315490723
0.2363020540215075
0.2361839236691594
0.23205341072753072
0.23640588577836752
0.23136932868510485
0.22895073192194104
0.238820088095963
0.23580649821087718
0.23603085055947304
0.2296341098845005
0.23701828764751554
0.23028997192159295
0.2286601308733225
0.23887716513127089
0.23595128627493978
0.23616357799619436
0.23235735716298223
0.23629316687583923
0.23003686498850584
0.22789765009656549
0.2385734743438661
0.23635892430320382
0.2361059938557446
0.23198186280205846
0.23742046812549233
0.23087808582931757
0.2274398198351264
0.23877681931480765
0.23581825708970428
0.2382413879968226
0.23108273278921843
0.23600526293739676
0.23151429509744048
0.22913102805614471
0.23823558492586017
0.2360191661864519
0.2359731588512659
0.23094852408394217
0.2373605859465897
0.2297961530275643
0.22604569420218468
0.23902045423164964
0.23757683532312512
0.23637905670329928
0.23125833086669445
0.2374082519672811
0.2297507617622614
0.22557619027793407
0.23844605078920722
0.23791716387495399
0.2361299740150571
0.23158562276512384
0.23722110595554113
0.2283318843692541
0.2247452037408948
0.23530816100537777
0.23747404478490353
0.23603633604943752
0.23669467121362686
0.23493919568136334
0.22880623070523143
0.23212185828015208
0.23869544873014092
0.2361751520074904
0.2359124138019979
0.23418401693925261
0.23623978905379772
0.23018023511394858
0.23018670175224543
0.23893533926457167
0.2357958140783012
0.23619751073420048
0.23059929069131613
0.23733487399294972
0.2283645709976554
0.22514668991789222
0.2357377870939672
0.2379869930446148
0.23607099801301956
0.23476585699245334
0.2358780619688332
0.22884794604033232
0.2318202401511371
0.23861230723559856
0.23612918704748154
0.23816514620557427
0.23267696937546134
0.23766414681449533
0.22968779504299164
0.22547504305839539
0.23818542389199138
0.23777877818793058
0.23592304810881615
0.23399433074519038
0.23630149196833372
0.22962157567963004
0.22469673585146666
0.23526866314932704
0.2376936818473041
0.23722796002402902
0.2351326639764011
0.23644295521080494
0.22857711696997285
0.22655346570536494
0.23619162384420633
0.23895111912861466
0.2360304817557335
0.23465927876532078
0.2359170070849359
0.22870343085378408
0.23178449599072337
0.23874422162771225
0.23602174734696746
0.23582571791484952
0.23359953798353672
0.2374683227390051
0.22863350436091423
0.2247349340468645
0.23565583769232035
0.2383624636568129
0.23814609088003635
0.23613668326288462
0.23759751208126545
0.22862542932853103
0.22586802812293172
0.23520755907520652
0.2380155511200428
0.23744236398488283
0.23522822791710496
0.23637523595243692
0.23028736002743244
0.22961517795920372
0.2390722343698144
0.2376583139412105
0.23597309878095984
0.2309157489798963
0.2373315137811005
0.2316951770335436
0.22851978382095695
0.23902250407263637
0.23767242673784494
0.23629165068268776
0.23259315732866526
0.23512757429853082
0.23590017668902874
0.23526719119399786
0.23795689968392253
0.23737570783123374
0.23727491684257984
0.23686591302976012
0.22840263787657022
0.2337602856568992
0.23872781405225396
0.23772012535482645
0.237249496858567
0.23706119693815708
0.23378747794777155
0.23279436863958836
0.23670896096155047
0.23779577482491732
0.237023598048836
0.23677549604326487
0.23319483501836658
0.23265179293230176
0.23329445300623775
0.23890859819948673
0.23580705607309937
0.23759907810017467
0.23671816289424896
0.2367672035470605
0.22747885901480913
0.22437439300119877
0.2252689371816814
0.23786829691380262
0.23710215417668223
0.23834920581430197
0.23493916913866997
0.23181022983044386
0.23134910687804222
0.2391279600560665
0.23608046397566795
0.23702298197895288
0.23669175198301673
0.23644032096490264
0.22801353596150875
0.22398509411141276
0.23787979688495398
0.2385606924071908
0.23814886156469584
0.23677299497649074
0.23617721069604158
0.22756980266422033
0.22368357237428427
0.2381466729566455
0.23798180185258389
0.23690081480890512
0.23729231068864465
0.23750407109037042
0.22766419406980276
0.22357173031195998
0.23765544593334198
0.23765699099749327
0.23664314299821854
0.23624090058729053
0.23266222281381488
0.22847306402400136
0.22857942106202245
0.23843431705608964
0.2375626708380878
0.2367944889701903
0.2359430235810578
0.23469458194449544
0.23046666895970702
0.2279964191839099
0.238544340711087
0.23766635498031974
0.23686233488842845
0.23711885465309024
0.23629730567336082
0.2290180861018598
0.22545011853799224
0.2371123069897294
0.23673903895542026
0.23675765190273523
0.23738872073590755
0.23704505618661642
0.2288567111827433
0.22812199499458075
0.2369882189668715
0.23821607790887356
0.23713411996141076
0.236234650015831
0.23485156893730164
0.23162509221583605
0.23294057697057724
0.23849445302039385
0.2358474973589182
0.23794472636654973
0.23222523741424084
0.23269010614603758
0.23478107992559671
0.23784041684120893
0.23728404892608523
0.23659769212827086
0.2359530758112669
0.2320204507559538
0.23037262400612235
0.23616995802149177
0.2382123158313334
0.23722031665965915
0.2376391850411892
0.23575630504637957
0.23692420730367303
0.22754899831488729
