0.16487947013229132
0.16788604063913226
0.16328076971694827
0.16901685064658523
0.16690216306596994
0.16535472916439176
0.16945975786074996
0.1685346676968038
0.16434375196695328
0.1667833086103201
0.16703881695866585
0.17109435936436057
0.1693108519539237
0.16388358501717448
0.16655907034873962
0.1648424630984664
0.1623604199849069
0.1651158262975514
0.16811967873945832
0.17002179101109505
0.16744263796135783
0.16845823684707284
0.1713422113098204
0.16896789614111185
0.16407714877277613
0.1687553538940847
0.16789403231814504
0.16801170771941543
0.17150270007550716
0.17077871318906546
0.16699047712609172
0.17087175929918885
0.17151832301169634
0.17405251506716013
0.17178969224914908
0.17019469570368528
0.16725572058930993
0.16987126739695668
0.1684849583543837
0.1718362858518958
0.17049062764272094
0.16707818489521742
0.1694601639173925
0.17074411688372493
0.1685148561373353
0.17013598885387182
0.1703114276751876
0.1642617336474359
0.1631040102802217
0.1615563896484673
0.16368906712159514
0.1686503728851676
0.16854110592976213
0.171604682225734
0.16991666704416275
0.1694780020043254
0.17101481603458524
0.17064075404778123
0.16453724401071668
0.1629240522161126
0.161786250770092
0.16425308492034674
0.16806622501462698
0.16851876489818096
0.17190225794911385
0.16831131791695952
0.16816558688879013
0.17325799679383636
0.17043421044945717
0.16575360903516412
0.17167997639626265
0.1718183127231896
0.16933369683101773
0.17159398505464196
0.16870738985016942
0.16415728302672505
0.16858843993395567
0.1681942199356854
0.1689876108430326
0.173106683883816
0.16857901262119412
0.16631557093933225
0.16937540983781219
0.16974239517003298
0.17180680995807052
0.17055933410301805
0.16778003284707665
0.1672029341571033
0.1715839826501906
0.1699035568162799
0.17125627724453807
0.17006873711943626
0.16711909137666225
0.17035896703600883
0.16693271696567535
0.16619141399860382
0.17299496894702315
0.16931016091257334
0.16425394592806697
0.16894616978242993
0.16776258079335093
0.1680133892223239
0.17419610219076276
0.1690662708133459
0.16581514477729797
0.16975145787000656
0.17027268232777715
0.17163524497300386
0.17017526319250464
0.16814357601106167
0.16778267780318856
0.17110865423455834
0.17040224932134151
0.17121126130223274
0.16943744430318475
0.16720839543268085
0.17136234510689974
0.16734767984598875
0.16604010201990604
0.17180793499574065
0.16885440610349178
0.1645679259672761
0.1659091031178832
0.16425499459728599
0.16323339007794857
0.16433320613577962
0.1675695930607617
0.17074766801670194
0.16993362084031105
0.1696556038223207
0.17182823410257697
0.16901664016768336
0.1656403341330588
0.169579875189811
0.16792798973619938
0.16774211637675762
0.17403334192931652
0.16904438100755215
0.16575992200523615
0.1696132179349661
0.17045025620609522
0.17113548424094915
0.17008016491308808
0.16782908095046878
0.16820735996589065
0.17013717722147703
0.1687941257841885
0.17224990390241146
0.16871580621227622
0.16599055798724294
0.16836189711466432
0.16591337695717812
0.16491655074059963
0.17279961425811052
0.16961160022765398
0.1661725197918713
0.16875496786087751
0.16978361085057259
0.1713469699025154
0.17012909799814224
0.16799658397212625
0.16796529619023204
0.17040116619318724
0.16901749186217785
0.17092244513332844
0.17000492103397846
0.16612532828003168
0.16389634599909186
0.16623898269608617
0.17186830611899495
0.17136454489082098
0.17003712384030223
0.164645338896662
0.16878777416422963
0.1686348752118647
0.17067054333165288
0.17156474804505706
0.16834934893995523
0.16650517331436276
0.16876801662147045
0.16886001685634255
0.17162538599222898
0.16959072090685368
0.16643571108579636
0.17069868184626102
0.17021119315177202
0.16870473511517048
0.1711237458512187
0.17015664698556066
0.16366764903068542
0.16797690466046333
0.16898159589618444
0.17121738009154797
0.17071268521249294
0.16902337595820427
0.16459959605708718
0.16884978208690882
0.16986058233305812
0.1710317931137979
0.1717508086003363
0.16903292620554566
0.16721637500450015
0.17040925798937678
0.16903088288381696
0.16940722009167075
0.17077752063050866
0.16518446197733283
0.17081953398883343
0.17087007081136107
0.1681808610446751
0.1721614422276616
0.1679103379137814
0.16461894381791353
0.16919818427413702
0.1696607992053032
0.16924538789317012
0.1716541196219623
0.16925769532099366
0.16479413118213415
0.1662460519000888
0.16701175505295396
0.17173966486006975
0.1698875310830772
0.1666840692050755
0.17003560299053788
0.16891536116600037
0.16833526082336903
0.1713729491457343
0.16975722089409828
0.1642022067680955
0.17061471613124013
0.17088177613914013
0.17044802103191614
0.17014411790296435
0.16893168073147535
0.16434548096731305
0.16881613107398152
0.16942861722782254
0.17010936327278614
0.1701925308443606
0.16799897328019142
0.16829411312937737
0.16806111810728908
0.1671243761666119
0.17068861238658428
0.16997563000768423
0.16498933779075742
0.167248519603163
0.1649075737223029
0.16399304009974003
0.1718255029991269
0.16748436819761992
0.16842858912423253
0.1701536918990314
0.16983796283602715
0.17138688080012798
0.17013007123023272
0.1656523779965937
0.169442858081311
0.17146371072158217
0.1689405618235469
0.17128903092816472
0.1690210117958486
0.16357607580721378
0.1684209411032498
0.1687012007459998
0.1686991099268198
0.1712673013098538
0.16881535109132528
0.164383249823004
0.16960754105821252
0.16921577183529735
0.16982775693759322
0.17043184023350477
0.1667658411897719
0.16856455011293292
0.1704837647266686
0.16880266601219773
0.16991091100499034
0.16967390710487962
0.16376171866431832
0.1625591446645558
0.16170782037079334
0.16382741136476398
0.1663616788573563
0.16589909000322223
0.17022590804845095
0.1675298446789384
0.1669577439315617
0.1735084978863597
0.1681813709437847
0.1649089902639389
0.1681717704050243
0.16916631907224655
0.1723541864193976
0.16854682099074125
0.16734541486948729
0.16651610285043716
0.17060936894267797
0.16939343605190516
0.17019057599827647
0.16961256880313158
0.16444831900298595
0.16282467730343342
0.16123203886672854
0.16239310894161463
0.1646189596503973
0.16842901427298784
0.1704569668509066
0.1698397509753704
0.1700692679733038
0.17116999719291925
0.16993122221902013
0.16282825311645865
0.16459661722183228
0.16571332281455398
0.1706364070996642
0.17193490033969283
0.16766247199848294
0.16938398592174053
0.17106975195929408
0.16923291701823473
0.1703273132443428
0.17127404687926173
0.16645320691168308
0.1657675439491868
0.16393750486895442
0.1645298581570387
0.17164216004312038
0.1708978759124875
0.16552712582051754
0.17061565909534693
0.17113060504198074
0.17153163021430373
0.17027635825797915
0.16890856390818954
0.16713491501286626
0.17017044313251972
0.1696450337767601
0.17059535440057516
0.17063393769785762
0.16876364080235362
0.16795923607423902
0.17163947224617004
0.16942005697637796
0.17036780389025807
0.1698054359294474
0.16485061962157488
0.17053398815914989
0.16959164757281542
0.1696002408862114
0.1720745456404984
0.16905970964580774
0.16505006095394492
0.16610901476815343
0.16633846098557115
0.17063158564269543
0.17079383693635464
0.16922694304957986
0.16626858618110418
0.17116700997576118
0.17035844596102834
0.17117012897506356
0.17002625716850162
0.16696692816913128
0.17008000193163753
0.1720449379645288
0.16962713142856956
0.17071368778124452
0.17058290028944612
0.16565938666462898
0.17073869286105037
0.1675714780576527
0.1664794678799808
0.17134388769045472
0.16878602001816034
0.16503070574253798
0.16447546891868114
0.165309292729944
0.17044338956475258
0.17092569405212998
0.1670724470168352
0.16976142302155495
0.17200516583397985
0.17051790934056044
0.17112112930044532
0.17141497833654284
0.16720929695293307
0.17048185924068093
0.16806087968870997
0.1663148831576109
0.1745275896973908
0.16948175011202693
0.16680661588907242
0.1686902972869575
0.16759934974834323
0.16662391182035208
0.17269023461267352
0.16882279189303517
0.16537476610392332
0.16890742490068078
0.16984729003161192
0.1718277670443058
0.1712217670865357
0.16881304420530796
0.16620635893195868
0.17037915298715234
0.16977554420009255
0.17081602523103356
0.1693142489530146
0.1659282990731299
0.16965956892818213
0.1667545111849904
0.16627930803224444
0.17303425632417202
0.1688263420946896
0.1639307076111436
0.1686899601481855
0.16769973980262876
0.16676301788538694
0.1705623110756278
0.1681970488280058
0.16966840298846364
0.17045940784737468
0.1687938109971583
0.16999647906050086
0.17093720892444253
0.16504203295335174
0.17112218914553523
0.1720718559809029
0.1700592958368361
0.17146242735907435
0.16861173883080482
0.16424907930195332
0.16954466281458735
0.16792661463841796
0.16716550895944238
0.17350574303418398
0.16834920505061746
0.1659819409251213
0.16909346310421824
0.16931698797270656
0.17129234597086906
0.1703303549438715
0.16754149831831455
0.16704857675358653
0.17104389425367117
0.16979501210153103
0.17133863409981132
0.17010346986353397
0.16472934978082776
0.1695752670057118
0.16819860460236669
0.16847793944180012
0.17168150609359145
0.1690026130527258
0.16367027210071683
0.1694786986336112
0.1688189492560923
0.16902049211785197
0.173112154006958
0.16812607273459435
0.16487100534141064
0.16893565375357866
0.16897512692958117
0.17124641221016645
0.16907789884135127
0.16586180496960878
0.17100705206394196
0.17139699589461088
0.16855712700635195
0.17254244489595294
0.1670802878215909
0.1648353487253189
0.1696912576444447
0.16860835487022996
0.16831667721271515
0.17141607170924544
0.169049808755517
0.16475972067564726
0.1704374230466783
0.16967583214864135
0.17010051291435957
0.1699451277963817
0.16856276709586382
0.16744308592751622
0.17004345590248704
0.16888549411669374
0.16929565090686083
0.16972644114866853
0.16421292070299387
0.17150964587926865
0.17108761565759778
0.168655666988343
0.1709132669493556
0.16864556772634387
0.16341695189476013
0.16708244243636727
0.1684129242785275
0.16954161506146193
0.17112046107649803
0.16797151882201433
0.16746772406622767
0.16698583820834756
0.167354638222605
0.17224099533632398
0.16880940133705735
0.16486440086737275
0.16649334272369742
0.16377366706728935
0.16310044191777706
0.17109540989622474
0.16598996799439192
0.16819650074467063
0.16476932726800442
0.16492008790373802
0.17262838082388043
0.1685074712149799
0.1641776068136096
0.1681733620353043
0.16888764221221209
0.1699025291018188
0.1711542997509241
0.16841337084770203
0.1670818878337741
0.16817154409363866
0.16847442602738738
0.17003720486536622
0.1688778609968722
0.16504928283393383
0.16619598912075162
0.16361854504793882
0.1629790822044015
0.17260118201375008
0.1671283389441669
0.1685955673456192
0.1662074369378388
0.16724305879324675
0.17238460201770067
0.1685178498737514
0.1647274517454207
0.1668510939925909
0.16672325460240245
0.16771050821989775
0.1731843533925712
0.1679593320004642
0.16648904513567686
0.16969154495745897
0.16970119578763843
0.16974746203050017
0.1706507890485227
0.1653828457929194
0.1692698230035603
0.17062733881175518
0.16858149506151676
0.17004048684611917
0.16858012322336435
0.1632200046442449
0.16649554390460253
0.16745724296197295
0.17024446418508887
0.16960191214457154
0.16962108481675386
0.16488489275798202
0.1706201178021729
0.16960861906409264
0.1702708718366921
0.1693838289938867
0.1657208832912147
0.1688357233069837
0.16547056892886758
0.16466032806783915
0.17259089089930058
0.16917629865929484
0.16435789596289396
0.16884725587442517
0.16931006498634815
0.16883701086044312
0.1702888091094792
0.16857991414144635
0.16784909181296825
0.1707752118818462
0.16948564304038882
0.16997334081679583
0.17045058915391564
0.16463369596749544
0.1716498350724578
0.17151189735159278
0.168973034247756
0.17052829265594482
0.16840594308450818
0.16344761988148093
0.16789024556055665
0.16799317579716444
0.16791016794741154
0.17237846786156297
0.16814793832600117
0.16663110116496682
0.16998618328943849
0.16907751373946667
0.16888249199837446
0.17037289729341865
0.16499176900833845
0.17053965898230672
0.17060526832938194
0.16841180808842182
0.17073087859898806
0.16913644596934319
0.16304214065894485
0.16707717813551426
0.16822706209495664
0.17051943624392152
0.17084895307198167
0.1689515239559114
0.1663911179639399
0.1707198298536241
0.1697390810586512
0.17041084915399551
0.16927872458472848
0.16830684198066592
0.1674752659164369
0.17087736586108804
0.16988029703497887
0.17019737418740988
0.16934002097696066
0.16326390020549297
0.16201987117528915
0.16181296342983842
0.1636152407154441
0.16666058590635657
0.16718828305602074
0.17044583801180124
0.16681738710030913
0.1674139117822051
0.1731480760499835
0.16743122227489948
0.1670105499215424
0.16933768708258867
0.16862580878660083
0.17069838708266616
0.16984131699427962
0.16816935874521732
0.16596474219113588
0.16979018226265907
0.168869914021343
0.17076896410435438
0.1702321982011199
0.1644023978151381
0.1693094540387392
0.16844655387103558
0.1687559736892581
0.17137316334992647
0.16873525362461805
0.1645536762662232
0.16983379004523158
0.1688536391593516
0.16916798800230026
0.17151809483766556
0.16852534981444478
0.16565144713968039
0.16973950900137424
0.16978416172787547
0.1700851027853787
0.16938520828261971
0.16564424289390445
0.17016702517867088
0.17093691928312182
0.1688306829892099
0.17110194684937596
0.16875856136903167
0.16389407264068723
0.16756465984508395
0.16817613877356052
0.17043716693297029
0.1701698498800397
0.16839477280154824
0.16502847336232662
0.16971450997516513
0.1693594199605286
0.1704853279516101
0.16891551297158003
0.1667549880221486
0.17243991373106837
0.16803139494732022
0.1660883566364646
0.17215764988213778
0.16828224109485745
0.16430480033159256
0.16712624114006758
0.16708667436614633
0.17058187816292048
0.1697221389040351
0.16945154778659344
0.16578139876946807
0.17042467882856727
0.16897374112159014
0.17110707378014922
0.16977121029049158
0.16640296671539545
0.1708095083013177
0.1718888501636684
0.16921302117407322
0.17017255583778024
0.1682990468107164
0.164518722333014
0.1650651777163148
0.16331260278820992
0.1645108349621296
0.17224275087937713
0.1675665369257331
0.1680230014026165
0.16535059409216046
0.16475970670580864
0.17256620107218623
0.16904708510264754
0.16431784303858876
0.1683967299759388
0.1695350739173591
0.1718912897631526
0.17090837843716145
0.16930471314117312
0.16454778891056776
0.16917764861136675
0.17030414892360568
0.1716018347069621
0.16985064838081598
0.166888739913702
0.16976054897531867
0.17078056326135993
0.1689182659611106
0.1703263889066875
0.17086495319381356
0.16501774918287992
0.16949786385521293
0.16863080905750394
0.16845125192776322
0.17268408322706819
0.1686121099628508
0.16488897893577814
0.17114642728120089
0.16895401990041137
0.16888531669974327
0.1756528839468956
0.1701028300449252
0.1655682479031384
0.17019801773130894
0.17104865098372102
0.1728780190460384
0.16941673075780272
0.17025818210095167
0.16590237710624933
0.1692685792222619
0.170104106888175
0.172329671215266
0.1693744147196412
0.1683012042194605
0.1681723059155047
0.16997934691607952
0.16823472129181027
0.17004114901646972
0.17060519568622112
0.16516362177208066
0.17120056506246328
0.17186252167448401
0.16849330300465226
0.17124653281643987
0.16868042293936014
0.16374474810436368
0.16750930715352297
0.16790235973894596
0.16812200006097555
0.17236484307795763
0.16837357496842742
0.1674491767771542
0.1692788009531796
0.16958597488701344
0.17000004276633263
0.16967365005984902
0.16649799095466733
0.17020991165190935
0.17111953208222985
0.16878941608592868
0.16987745789811015
0.17036019824445248
0.16237354557961226
0.16783024976029992
0.16939820628613234
0.17095287702977657
0.16907032066956162
0.16886522714048624
0.16554187517613173
0.17051713122054935
0.16863316437229514
0.16893399320542812
0.1695235869847238
0.16690804110839963
0.16972074983641505
0.16568207601085305
0.16555741801857948
0.17224312294274569
0.16735363891348243
0.1646244409494102
0.16945338901132345
0.1692148419097066
0.16837114980444312
0.17127023683860898
0.16842812625691295
0.1670543123036623
0.17019130568951368
0.1696670209057629
0.1704604779370129
0.17078789696097374
0.16657139407470822
0.1691336426883936
0.17081299517303705
0.1688258433714509
0.17083321698009968
0.16857962775975466
0.16372414166107774
0.1677046907134354
0.16823767591267824
0.16866358509287238
0.17225484503433108
0.16929564578458667
0.16466545825824142
0.16661313688382506
0.16720691183581948
0.172338395845145
0.16844569705426693
0.16620720410719514
0.17049568239599466
0.16809808276593685
0.16660453286021948
0.17224418185651302
0.1693335105665028
0.1638468513265252
0.16386167099699378
0.16480127582326531
0.16793001256883144
0.17182068200781941
0.16686708200722933
0.1703194873407483
0.1695812540128827
0.16920470213517547
0.17124399822205305
0.16991226887330413
0.16501327697187662
0.1624939888715744
0.16127820499241352
0.16362064611166716
0.16631153179332614
0.16714801220223308
0.17050724709406495
0.16723420983180404
0.16745799873024225
0.17188950395211577
0.16861662128940225
0.16437071282416582
0.1676136339083314
0.16822389606386423
0.1719906278885901
0.16994452709332108
0.16732711298391223
0.16766212368384004
0.17008967231959105
0.16881305817514658
0.17003756202757359
0.17085216706618667
0.16456154687330127
0.1628515962511301
0.161221147980541
0.1627152399159968
0.16750023886561394
0.16661685286089778
0.17045114608481526
0.16740106279030442
0.16704668011516333
0.17222777009010315
0.16844506282359362
0.16626004688441753
0.17006876785308123
0.1702282903715968
0.17164481291547418
0.17008908791467547
0.16986477188766003
0.16475782915949821
0.16947800060734153
0.16941343992948532
0.1708131250925362
0.1715468899346888
0.16977821988984942
0.1681289686821401
0.16967342421412468
0.17083935206755996
0.17200420703738928
0.17074036598205566
0.16774067375808954
0.16915802843868732
0.1717259557917714
0.16916370997205377
0.17069475585594773
0.1705026887357235
0.16631470015272498
0.17027066135779023
0.1695484989322722
0.16951910685747862
0.1717312028631568
0.1688753799535334
0.16610534628853202
0.1679690438322723
0.1658513522706926
0.16651426907628775
0.17373398132622242
0.16841813502833247
0.16617254633456469
0.17084798822179437
0.17045594984665513
0.17152986489236355
0.16999815730378032
0.16763235116377473
0.1693138419650495
0.17119443137198687
0.17035340005531907
0.17150759929791093
0.16987431840971112
0.1675328491255641
0.1708236113190651
0.16595737868919969
0.16609895881265402
0.1727673946879804
0.16882139211520553
0.16532694222405553
0.16854681307449937
0.16727354796603322
0.16640322096645832
0.17551641212776303
0.17110662814229727
0.16498235426843166
0.16846097074449062
0.16769242892041802
0.17003028094768524
0.17104007909074426
0.16675583785399795
0.17000815086066723
0.17113203927874565
0.17067428585141897
0.17106636613607407
0.1691682143136859
0.1664549787528813
0.1696244403719902
0.16748611629009247
0.16662427922710776
0.17403568886220455
0.16906102281063795
0.1649342691525817
0.16991550475358963
0.16767555801197886
0.16603973088786006
0.17169957607984543
0.1689670281484723
0.16711140889674425
0.1701610921882093
0.16995462775230408
0.1710633859038353
0.17016659025102854
0.16652883728966117
0.16970484564080834
0.17130341101437807
0.16921972203999758
0.17111743986606598
0.16850819811224937
0.16458021802827716
0.17000563628971577
0.16749801207333803
0.16717944899573922
0.1735426550731063
0.16798666818067431
0.1661295797675848
0.16936355596408248
0.1698808241635561
0.17090714117512107
0.16981806606054306
0.16848780773580074
0.1668740250170231
0.17050759494304657
0.16940232599154115
0.16985373524948955
0.16917362716048956
0.16457924200221896
0.1639500642195344
0.16289710765704513
0.16623427206650376
0.17195017682388425
0.16780162695795298
0.16693851677700877
0.17119798110798
0.1698979139328003
0.17094274098053575
0.16982676833868027
0.1669205604121089
0.1673696907237172
0.16480481205508113
0.16505388962104917
0.17106056166812778
0.17064191214740276
0.16389883123338223
0.16859295591711998
0.17024098383262753
0.1718352409079671
0.16990813985466957
0.16867052298039198
0.16725892899557948
0.16956151090562344
0.16934403777122498
0.17120694601908326
0.17067251121625304
0.16632007295265794
0.17035011993721128
0.17155913915485144
0.16936736274510622
0.1701999451033771
0.17051708418875933
0.16514755366370082
0.16905295988544822
0.16890768194571137
0.16930329892784357
0.17136415001004934
0.17000565910711884
0.16452901903539896
0.16941008996218443
0.16922320891171694
0.16944950120523572
0.17261168081313372
0.1683896821923554
0.1659907028079033
0.17045311024412513
0.16959499893710017
0.17061462998390198
0.16948175663128495
0.16609274735674262
0.1696956972591579
0.17087109899148345
0.1686568963341415
0.17224076995626092
0.1678253198042512
0.16472903778776526
0.1689872732385993
0.16911192191764712
0.16902047814801335
0.17169863218441606
0.1683612521737814
0.16463294392451644
0.16926450887694955
0.1690603052265942
0.16878768103197217
0.17119756387546659
0.16765084909275174
0.16860734298825264
0.1704634902998805
0.1692201690748334
0.17034011892974377
0.1706091295927763
0.16446252400055528
0.16270102513954043
0.16448582103475928
0.17176846787333488
0.1700037671253085
0.1696557137183845
0.16408491926267743
0.16813425393775105
0.16880778083577752
0.17094982508569956
0.1703145490027964
0.1660495880059898
0.16425079433247447
0.16620805440470576
0.17099844198673964
0.1704112896695733
0.16973808920010924
0.1640219888649881
0.16849337192252278
0.1686030551791191
0.17065178090706468
0.1711251139640808
0.16893817903473973
0.16740127000957727
0.16836692579090595
0.1691941600292921
0.1713970140554011
0.1698461640626192
0.166070147883147
0.1703934627585113
0.17047866620123386
0.1683937693014741
0.17007594602182508
0.17078826995566487
0.16336807003244758
0.1672279410995543
0.16891726106405258
0.16993465088307858
0.17207602318376303
0.1699167280457914
0.16550530306994915
0.16837763413786888
0.16914485208690166
0.17138108192011714
0.16973815020173788
0.16773489024490118
0.1691960720345378
0.1695585767738521
0.16925109131261706
0.1702034161426127
0.16975261829793453
0.16394413402304053
0.17091691493988037
0.16993325063958764
0.16766539309173822
0.17181156016886234
0.1697799782268703
0.16393053997308016
0.16766249714419246
0.1685281591489911
0.17163228197023273
0.16994878090918064
0.16937868436798453
0.16761820996180177
0.17011992493644357
0.1697620628401637
0.17035873420536518
0.16959501476958394
0.16787621099501848
0.16902160411700606
0.17086263000965118
0.16909382911399007
0.17025830084457994
0.17097773309797049
0.16411530086770654
0.1686428957618773
0.1691602529026568
0.16982466215267777
0.17159748589619994
0.1688773208297789
0.1650259643793106
0.16997770685702562
0.16961944987997413
0.16953489230945706
0.17162536596879363
0.1691696490161121
0.1661927392706275
0.17088774219155312
0.1703982139006257
0.17129266494885087
0.16991104977205396
0.16669402597472072
0.16904017003253102
0.1706727403216064
0.16926810890436172
0.17209980962798
0.16736585600301623
0.1662967219017446
0.16985293803736567
0.1674880189821124
0.1656747949309647
0.17325063329190016
0.16797072486951947
0.16489946795627475
0.17072827694937587
0.17005939176306129
0.17143429582938552
0.17006559995934367
0.16860541328787804
0.16602686187252402
0.1706249201670289
0.1694104061461985
0.17127472395077348
0.169912104960531
0.16708340775221586
0.16712690005078912
0.16513404995203018
0.16470245691016316
0.17298515606671572
0.17003658693283796
0.16464186133816838
0.168455942068249
0.16880344599485397
0.17024992313235998
0.1701624719426036
0.1684864009730518
0.16704019391909242
0.16965928068384528
0.16996264830231667
0.1707487697713077
0.1699848398566246
0.16698624100536108
0.16940864687785506
0.17094591772183776
0.168842198792845
0.17028251802548766
0.16997544094920158
0.16319731902331114
0.16716977208852768
0.16900048172101378
0.17209229618310928
0.1692991559393704
0.16925288597121835
0.16544114518910646
0.16980132507160306
0.16924731386825442
0.170212565921247
0.17036184202879667
0.16792062297463417
0.16835948079824448
0.1705887452699244
0.16951321996748447
0.17125239269807935
0.17019842192530632
0.16623617662116885
0.1646733838133514
0.16313521284610033
0.16480952501296997
0.17145952256396413
0.16974554816260934
0.16561934584751725
0.17015362391248345
0.170250847004354
0.1715397727675736
0.17029825877398252
0.1684906561858952
0.16848928295075893
0.17090594582259655
0.1697390708141029
0.1721558510325849
0.17042392259463668
0.1671758727170527
0.1708797230385244
0.17198189813643694
0.16943684220314026
0.17158568929880857
0.1704085348173976
0.16563020180910826
0.17095843609422445
0.16940787388011813
0.1697528981603682
0.172458928078413
0.16923439409583807
0.16537256492301822
0.16754898941144347
0.16445482289418578
0.16376798134297132
0.17277880338951945
0.16866338718682528
0.17011317890137434
0.17183917528018355
0.1702760816551745
0.17175532830879092
0.17163886222988367
0.16863158624619246
0.16774612991139293
0.17117403401061893
0.1705488790757954
0.17130855610594153
0.1699109342880547
0.1682850020006299
0.1698592659085989
0.17094104597344995
0.1695698732510209
0.1705374256707728
0.17129168985411525
0.16526787262409925
0.17211863724514842
0.17274557892233133
0.17078579822555184
0.17125843605026603
0.1706117419525981
0.16640748362988234
0.1719017601571977
0.16924888920038939
0.1677504638209939
0.17216085782274604
0.17021033493801951
0.16491056280210614
0.1631849529221654
0.16185351181775331
0.16404602210968733
0.16621402418240905
0.16768911806866527
0.1715185772627592
0.16901762410998344
0.16926886793226004
0.17332042520865798
0.16989661520347
0.16478741681203246
0.16546053811907768
0.16399373766034842
0.1658331868238747
0.17081304918974638
0.16901558497920632
0.1715645156800747
0.17095581581816077
0.16947653982788324
0.17137290490791202
0.1715368297882378
0.16753771575167775
0.17048389604315162
0.17244054609909654
0.17030856804922223
0.1717915330082178
0.169984663836658
0.168207922950387
0.17024084134027362
0.17158282594755292
0.16966663673520088
0.17126308800652623
0.171369104180485
0.16683975094929338
0.17064906796440482
0.16747329384088516
0.16760559799149632
0.17350418120622635
0.16919864807277918
0.1655117180198431
0.16807046812027693
0.16581654595211148
0.16342865163460374
0.1661555441096425
0.17032724525779486
0.17119482485577464
0.16764097288250923
0.16714650997892022
0.17240335792303085
0.1705382359214127
0.16611362202093005
0.17125810217112303
0.16747028613463044
0.16635018913075328
0.17198034608736634
0.170008207205683
0.16559549700468779
0.17120863124728203
0.17093061236664653
0.172315560746938
0.17111842427402735
0.17003300227224827
0.16502609476447105
0.16876060795038939
0.16917880903929472
0.17154879635199904
0.17190585425123572
0.16924843983724713
0.16863640770316124
0.17136638332158327
0.17021863907575607
0.17162438901141286
0.17143262783065438
0.16869235690683126
0.1675465782172978
0.1711082737892866
0.1701802760362625
0.17141712782904506
0.1714808801189065
0.16734415059909225
0.17057641269639134
0.17203840101137757
0.16970133781433105
0.17127305176109076
0.17037496902048588
0.16682694666087627
0.16693688370287418
0.16574464179575443
0.16536036226898432
0.1735778022557497
0.17166595999151468
0.16440008115023375
0.16853331308811903
0.1691342368721962
0.1699384986422956
0.17327169608324766
0.16962760919705033
0.16550999274477363
0.17008263198658824
0.17040700232610106
0.17159113008528948
0.1701220888644457
0.1680347421206534
0.1673314031213522
0.17162707075476646
0.17070661578327417
0.17178348498418927
0.17015289515256882
0.16838752897456288
0.17119287187233567
0.16799839399755
0.1674657380208373
0.172974388115108
0.17009828379377723
0.16711404686793685
0.17102716118097305
0.1720070019364357
0.16990227671340108
0.1716944705694914
0.16937891812995076
0.16517796739935875
0.17006851406767964
0.16898282524198294
0.16872102301567793
0.17307885736227036
0.1693983948789537
0.16450719209387898
0.1698962110094726
0.16858913097530603
0.16719804098829627
0.1712384489364922
0.16964309802278876
0.1669566137716174
0.17113649286329746
0.1701307650655508
0.17098871478810906
0.17146455589681864
0.16749035101383924
0.16927124839276075
0.17031730199232697
0.16972773475572467
0.1710252701304853
0.17045470187440515
0.16538370680063963
0.16917184507474303
0.16623647417873144
0.16524182073771954
0.17217283137142658
0.16938775405287743
0.16636184602975845
0.1678275279700756
0.16922996193170547
0.1714840237982571
0.17137459386140108
0.16928287874907255
0.16628193389624357
0.17076172633096576
0.1705028060823679
0.17177765211090446
0.17000113101676106
0.16755746118724346
0.17039510840550065
0.16759696183726192
0.16641583107411861
0.17205497901886702
0.17045411886647344
0.16508198203518987
0.16726435907185078
0.16485528834164143
0.1651380304247141
0.17360130604356527
0.17010996490716934
0.1677326071076095
0.1711681610904634
0.17166084656491876
0.1724888039752841
0.17186225159093738
0.17073586210608482
0.16589967301115394
0.17144977999851108
0.171614239923656
0.17144229309633374
0.17210743203759193
0.16942323232069612
0.1667201560921967
0.17106530210003257
0.1700781607069075
0.17167490301653743
0.17031242093071342
0.16921006003394723
0.167514328379184
0.17018561391159892
0.16989869670942426
0.17131436709314585
0.16998396767303348
0.1675202171318233
0.17053222376853228
0.1712873405776918
0.16916946088895202
0.17034152196720243
0.17008878896012902
0.16507189674302936
0.16387019213289022
0.16157485404983163
0.16381352627649903
0.16577774286270142
0.172389792278409
0.17161580361425877
0.17169977398589253
0.17024129116907716
0.17137538734823465
0.1702955039218068
0.16746571892872453
0.16754097305238247
0.16581994714215398
0.16543003683909774
0.17331585008651018
0.17004571529105306
0.16565012326464057
0.17111695325002074
0.17006670916453004
0.16989811370149255
0.17287625838071108
0.16890849173069
0.1656571328639984
0.1697545787319541
0.1687031458131969
0.17123141419142485
0.1715713986195624
0.16925521194934845
0.16653328714892268
0.17189712589606643
0.17090777587145567
0.17101612500846386
0.17151231924071908
0.16935393400490284
0.16859729075804353
0.1714954450726509
0.17012638971209526
0.1709840651601553
0.1709506744518876
0.16635648300871253
0.16930895717814565
0.17210597591474652
0.1701395120471716
0.17021357081830502
0.1693481388501823
0.166323218960315
0.16848732391372323
0.16565419314429164
0.16500607319176197
0.17287384532392025
0.1694027353078127
0.16730591980740428
0.17024632124230266
0.1698673963546753
0.17236408963799477
0.171460029669106
0.16897897515445948
0.16498379781842232
0.17039002990350127
0.1700560380704701
0.1707317130640149
0.17059737304225564
0.16837265761569142
0.16933212988078594
0.16651155380532146
0.16566730476915836
0.17213152907788754
0.16900059999898076
0.16464227624237537
0.17026629485189915
0.16876110108569264
0.16859561996534467
0.17286871327087283
0.1696845917031169
0.16462160274386406
0.16711191087961197
0.1682348740287125
0.1718442989513278
0.17003732360899448
0.16710669500753284
0.16788699012249708
0.17081640101969242
0.1692324080504477
0.17025297600775957
0.17159343278035522
0.1648956397548318
0.16877218475565314
0.16897524520754814
0.1689518135972321
0.17152411304414272
0.16879123309627175
0.16435427498072386
0.16911609889939427
0.16879125218838453
0.16903476603329182
0.1712030339986086
0.16847710264846683
0.16630113404244184
0.17039455706253648
0.17071525612846017
0.17039196891710162
0.17082713497802615
0.16642991127446294
0.16968121100217104
0.170635340269655
0.16904815891757607
0.1705869259312749
0.1698310081847012
0.16468433430418372
0.16885498631745577
0.16848783707246184
0.16886998992413282
0.17132641607895494
0.16883987002074718
0.164573865942657
0.16914543602615595
0.1690043448470533
0.17006362369284034
0.17031733877956867
0.1675230790860951
0.16874877270311117
0.17045538872480392
0.1689357878640294
0.1701312642544508
0.1706385132856667
0.164522138889879
0.17175145307555795
0.17165913293138146
0.1691092741675675
0.17075514793395996
0.1683629360049963
0.16481104586273432
0.1698025669902563
0.16758505394682288
0.16692688688635826
0.17369016911834478
0.16773934196680784
0.1651106751523912
0.16859193705022335
0.16956247901543975
0.16976001439616084
0.1696220631711185
0.16574736684560776
0.1705341530032456
0.17114356998354197
0.16895606368780136
0.17117193061858416
0.17028792900964618
0.16490787267684937
0.1702324692159891
0.16838112892583013
0.16865087719634175
0.17232210095971823
0.16865636128932238
0.16473108809441328
0.1705162632279098
0.17034290172159672
0.17124087503179908
0.16982350824400783
0.168231304269284
0.16585261514410377
0.1704727658070624
0.16913434071466327
0.17074534110724926
0.1711251912638545
0.16699090087786317
0.1669894098304212
0.1657434143126011
0.1661083586513996
0.17328770412132144
0.1688586426898837
0.16479287808761
0.16948299296200275
0.16894793882966042
0.16973316483199596
0.17165143834427
0.1690799491479993
0.16580294724553823
0.1695923199877143
0.16990843694657087
0.17045061197131872
0.17066255817189813
0.16654475824907422
0.16866180393844843
0.1703960602171719
0.1690267571248114
0.1708783977665007
0.16897205915302038
0.1646469202823937
0.1689627841114998
0.16809259681031108
0.1682388810440898
0.17236814368516207
0.16921331966295838
0.16581386793404818
0.17102237604558468
0.17036161804571748
0.17041476722806692
0.1699555437080562
0.16775970812886953
0.16578394640237093
0.17078276816755533
0.16995798330754042
0.17003827169537544
0.16963416477665305
0.16572520090267062
0.1697282358072698
0.1712667210958898
0.16961202304810286
0.1706202495843172
0.16864555981010199
0.16455184016376734
0.16513681085780263
0.1676485389471054
0.17075842525810003
0.17197319492697716
0.167342284694314
0.16551192617043853
0.1695019891485572
0.17008331092074513
0.17026781337335706
0.170519205275923
0.16562565183266997
0.16934551298618317
0.17031361209228635
0.16807611240074039
0.17194974096491933
0.16884847078472376
0.16462195804342628
0.16995810018852353
0.1688500982709229
0.16814810782670975
0.17242149310186505
0.1687270551919937
0.16618000902235508
0.17137067299336195
0.17024785187095404
0.1700232783332467
0.16944529488682747
0.1678419103845954
0.16564839612692595
0.16966959787532687
0.16925238585099578
0.1696817111223936
0.16962270578369498
0.1652831742540002
0.16324982373043895
0.16158084804192185
0.16373414313420653
0.1673191087320447
0.1687047490850091
0.17106441408395767
0.17029634304344654
0.1693097003735602
0.17120576230809093
0.17027053097262979
0.16477699298411608
0.16288219997659326
0.16124078491702676
0.16381764598190784
0.1653093989007175
0.16824348829686642
0.17105189990252256
0.16867326200008392
0.16931606782600284
0.17171803303062916
0.16860400093719363
0.16457734489813447
0.1664879466407001
0.16427868930622935
0.16359772812575102
0.1636839988641441
0.16766956076025963
0.17059071036055684
0.16993421968072653
0.16995735093951225
0.17103242594748735
0.1690735938027501
0.16455939877778292
0.16660315310582519
0.16695849085226655
0.16564908623695374
0.17085697315633297
0.16796293715015054
0.17017609113827348
0.1669310200959444
0.16616354696452618
0.1719503030180931
0.16895290091633797
0.1646152026951313
0.16745604388415813
0.1658348091877997
0.1656252252869308
0.17301457794383168
0.16888692788779736
0.16774870082736015
0.17093496397137642
0.17001629108563066
0.17094500036910176
0.16989847598597407
0.1662365635856986
0.16913241194561124
0.17109807301312685
0.1693163299933076
0.17221452808007598
0.16887418180704117
0.16621501883491874
0.16976075479760766
0.16705963388085365
0.1667292071506381
0.1733589693903923
0.16885911719873548
0.1659109778702259
0.17058839881792665
0.17081502778455615
0.17151744104921818
0.16993628069758415
0.16976217878982425
0.16489184787496924
0.16992148384451866
0.1698411232791841
0.1713331718929112
0.17100868001580238
0.16965149017050862
0.16868216590955853
0.17311540665104985
0.1710091340355575
0.1751086488366127
0.17178627708926797
0.16977335698902607
0.166589068248868
0.17087242798879743
0.1712323040701449
0.1712188171222806
0.17192326905205846
0.16975032817572355
0.16641741897910833
0.17094185203313828
0.16973719792440534
0.17093413323163986
0.1712382617406547
0.1674087168648839
0.1690947781316936
0.1708580725826323
0.16991087887436152
0.17142620589584112
0.16911172308027744
0.1671954388730228
0.16948655806481838
0.16637484589591622
0.16582440491765738
0.17230616277083755
0.16891318559646606
0.16491084219887853
0.1702541201375425
0.16995929228141904
0.1713023609481752
0.1697677499614656
0.16836507804691792
0.1647512917406857
0.1687698196619749
0.16712605394423008
0.16999526834115386
0.1711097713559866
0.16515769809484482
0.17196275806054473
0.17284805001690984
0.17009573802351952
0.1711641768924892
0.16888907505199313
0.16633458994328976
0.1688251500017941
0.16639089304953814
0.16518619935959578
0.17317342897877097
0.16955231176689267
0.16549063427373767
0.17038256023079157
0.17030019499361515
0.1714078220538795
0.17020306689664721
0.16869622096419334
0.16710728220641613
0.17120354203507304
0.1703580180183053
0.17072613583877683
0.1702747750096023
0.16819003596901894
0.17020139517262578
0.17000886192545295
0.16978992195799947
0.17176786810159683
0.16996732586994767
0.16592910792678595
0.17092165909707546
0.17234619800001383
0.17002297285944223
0.17145258281379938
0.16905231308192015
0.16541390679776669
0.16758849611505866
0.16523065604269505
0.16484319092705846
0.17345237359404564
0.17013056622818112
0.16644015489146113
0.17039487417787313
0.16989476513117552
0.17151835514232516
0.17066223314031959
0.16905945586040616
0.16743091819807887
0.17105574579909444
0.16971475211903453
0.17110440135002136
0.17128246882930398
0.1677934043109417
0.17007719306275249
0.16739947767928243
0.1671391697600484
0.1722742118872702
0.17006128700450063
0.165210731793195
0.1691180751658976
0.16627639392390847
0.16632739687338471
0.1731012761592865
0.16995468782261014
0.1650498420931399
0.16772629600018263
0.16830003820359707
0.17156473780050874
0.17176251718774438
0.167544346768409
0.16991822188720107
0.1726932842284441
0.1710818139836192
0.17107336455956101
0.17094663297757506
0.16817943705245852
0.1696251048706472
0.1720001958310604
0.16991301020607352
0.17153377598151565
0.1705841450020671
0.16737224208191037
0.16992101399227977
0.1672778083011508
0.1672161901369691
0.17321899812668562
0.16846882505342364
0.16541372798383236
0.16829089866951108
0.16591915814206004
0.16574489511549473
0.17368905618786812
0.1698269508779049
0.16677671810612082
0.17096623685210943
0.17032332299277186
0.1715352786704898
0.17038622684776783
0.16956750210374594
0.1678954791277647
0.17133023170754313
0.1712667872197926
0.1720028449781239
0.1705373958684504
0.16982723912224174
0.1680123107507825
0.17131777293980122
0.17008994705975056
0.17501325299963355
0.17050576582551003
0.169220179785043
0.1683370121754706
0.16869589500129223
0.16878245724365115
0.1729166959412396
0.1705731749534607
0.16738795675337315
0.17008893471211195
0.17136868881061673
0.16968133905902505
0.17163144517689943
0.16971310134977102
0.16563466330990195
0.16982324793934822
0.1677787988446653
0.16819671727716923
0.17445907182991505
0.16828226996585727
0.1655325498431921
0.16850543767213821
0.16611917223781347
0.1636796286329627
0.16700489213690162
0.16865561809390783
0.1708224192261696
0.16729092178866267
0.1671354048885405
0.17315313266590238
0.16956860898062587
0.1661767140030861
0.16949472529813647
0.16623765928670764
0.16604744922369719
0.17303616693243384
0.1702115978114307
0.16597293503582478
0.170709365978837
0.1708139176480472
0.17178347427397966
0.1702804658561945
0.16952549200505018
0.16688674502074718
0.1710662147961557
0.17080161208286881
0.17074393993243575
0.1713446551002562
0.168690649792552
0.1685858010314405
0.1718218121677637
0.1699349582195282
0.17116385884582996
0.17034603701904416
0.16744113713502884
0.16806135419756174
0.16582453111186624
0.16588657116517425
0.17309260182082653
0.16962945321574807
0.16518719028681517
0.17090261168777943
0.168561692815274
0.16773022431880236
0.17397408187389374
0.16926213819533587
0.16539030894637108
0.16997742373496294
0.17035851860418916
0.17117612808942795
0.1703922599554062
0.16905793780460954
0.16676848381757736
0.17176574794575572
0.1708176308311522
0.17081021098420024
0.16947739198803902
0.16904147621244192
0.16988154873251915
0.17025997303426266
0.16942248679697514
0.1713124210946262
0.17023361986503005
0.16620739828795195
0.17120775626972318
0.17226191191002727
0.16995807085186243
0.17155472096055746
0.16960974782705307
0.16611400013789535
0.1687380294315517
0.16662323381751776
0.16572870127856731
0.17296891007572412
0.16911742463707924
0.16646118089556694
0.16777181113138795
0.1685717310756445
0.17141704494133592
0.1714366413652897
0.1686672568321228
0.16726225288584828
0.1711806310340762
0.17002545110881329
0.1714664213359356
0.1713225645944476
0.1674154200591147
0.16857493901625276
0.1666203928180039
0.1651327908039093
0.17337169498205185
0.1693116738460958
0.16487960889935493
0.17075748089700937
0.16894378373399377
0.16830785991623998
0.17280303686857224
0.16877397103235126
0.16647725412622094
0.16771673317998648
0.16894514160230756
0.17137711169198155
0.17093966389074922
0.1687080329284072
0.16681152302771807
0.1711150910705328
0.17032902874052525
0.17139203427359462
0.16983660589903593
0.16764533473178744
0.16978563414886594
0.16594665870070457
0.16527924314141273
0.17301867809146643
0.16928401309996843
0.16521219769492745
0.17059504007920623
0.16831190092489123
0.16841943096369505
0.17295507108792663
0.17015049001201987
0.16497526178136468
0.16920648934319615
0.16934867203235626
0.1709198928438127
0.1699681938625872
0.1674467958509922
0.16798163624480367
0.171206995844841
0.1695690150372684
0.17065996816381812
0.17118850769475102
0.166550578083843
0.1679753828793764
0.16513085598126054
0.164851363748312
0.17278764117509127
0.16943869413807988
0.1659456300549209
0.17070651287212968
0.17080057505518198
0.1697061532177031
0.17177109606564045
0.1688398658297956
0.1650562509894371
0.16933506121858954
0.16996966814622283
0.17120111780241132
0.16980655258521438
0.16709830984473228
0.16907296609133482
0.1708083739504218
0.16971614817157388
0.17102019395679235
0.16849782597273588
0.1661748569458723
0.16959399404004216
0.167992542963475
0.16786692524328828
0.17292338190600276
0.16799092711880803
0.16536871017888188
0.16606065584346652
0.1663213619031012
0.17086556507274508
0.17126677138730884
0.16776063526049256
0.1687316820025444
0.1705138348042965
0.1691134637221694
0.17046267166733742
0.17019888386130333
0.16494884714484215
0.1636314750649035
0.16512429108843207
0.17216348834335804
0.171453352086246
0.17065790435299277
0.1645680069923401
0.16901662480086088
0.16954521602019668
0.1716441777534783
0.17068498907610774
0.17018489260226488
0.16686225403100252
0.17076996387913823
0.17122694524005055
0.17317017586901784
0.17220821511000395
0.17029460426419973
0.16648099990561604
0.17149118380621076
0.1716132373549044
0.17221602518111467
0.17134963814169168
0.16960870195180178
0.16810799716040492
0.17149327928200364
0.16976263001561165
0.17154442705214024
0.1715757129713893
0.1685455678962171
0.16788568999618292
0.17062861705198884
0.17022573482245207
0.17209305800497532
0.17050901893526316
0.16784646920859814
0.16896285815164447
0.1710676378570497
0.16963624767959118
0.17051534773781896
0.1702208728529513
0.16499610105529428
0.1634195800870657
0.16565796406939626
0.1723163309507072
0.17173797963187099
0.16981774475425482
0.16467883391305804
0.169256079941988
0.16991089098155499
0.17154713720083237
0.17087847786024213
0.16905005788430572
0.16727674985304475
0.1696180640719831
0.16985041787847877
0.17170758312568069
0.17028000997379422
0.16646388033404946
0.17009379295632243
0.17153917998075485
0.16917045880109072
0.17131786700338125
0.16914731077849865
0.16489980509504676
0.1698833853006363
0.1693625459447503
0.1691576400771737
0.17288019601255655
0.1689409539103508
0.16544860415160656
0.16671154974028468
0.1655798559077084
0.16374741028994322
0.16466291202232242
0.16723958775401115
0.17024819692596793
0.16962775262072682
0.1697519109584391
0.17044088896363974
0.1696433061733842
0.16447613900527358
0.16690888721495867
0.16825676895678043
0.16607351135462523
0.17022319789975882
0.16859431192278862
0.1703675310127437
0.17015330493450165
0.1697404459118843
0.17183753475546837
0.17036195192486048
0.1673180409707129
0.1702487631700933
0.17113514011725783
0.17024009907618165
0.17291634995490313
0.16979223303496838
0.16805594973266125
0.1712736850604415
0.16780619090422988
0.16612260788679123
0.1723742769099772
0.16945189097896218
0.16506728902459145
0.16608706396073103
0.1663683052174747
0.16904574818909168
0.17323603108525276
0.16915271896868944
0.16761272866278887
0.1714317323639989
0.17012264393270016
0.1716968291439116
0.17057240614667535
0.1691660862416029
0.16773620387539268
0.17012946773320436
0.17036526603624225
0.17242392292246222
0.17056943522766232
0.16858594911172986
0.16950021823868155
0.17115512071177363
0.16904150089249015
0.17137070884928107
0.17133848695084453
0.16595617914572358
0.17002320289611816
0.16797567112371325
0.16743307700380683
0.17354260804131627
0.16943760309368372
0.16580847091972828
0.16750012896955013
0.16411737026646733
0.1635909373871982
0.17265333328396082
0.16899154102429748
0.17048488603904843
0.1704846639186144
0.1708620567806065
0.1720268507488072
0.17112006014212966
0.16858744900673628
0.16806435398757458
0.17158541223034263
0.17076907772570848
0.17136051086708903
0.17106982972472906
0.1686239279806614
0.16966425208374858
0.17193081369623542
0.1704148631542921
0.1715563372708857
0.17048982018604875
0.16758811892941594
0.1701763616874814
0.17163192806765437
0.1707681119441986
0.17149156192317605
0.17137832939624786
0.16732061468064785
0.1707774568349123
0.1718279686756432
0.16964158415794373
0.1721437950618565
0.16951284324750304
0.1671962756663561
0.17099858913570642
0.16806419100612402
0.16828322503715754
0.17384863691404462
0.16959856310859323
0.16588744102045894
0.16833432111889124
0.16602059081196785
0.16497108107432723
0.17413822188973427
0.1689842501655221
0.16725813737139106
0.17112395213916898
0.17005246598273516
0.17131917271763086
0.17163084214553237
0.17006235010921955
0.1670014881528914
0.17188517516478896
0.17118844529613853
0.17081933189183474
0.17133463686332107
0.16882468294352293
0.1679826476611197
0.17149407975375652
0.17030187230557203
0.1717440909706056
0.17134712170809507
0.16899464093148708
0.1700822962448001
0.16651627933606505
0.16647849278524518
0.17325205728411674
0.1693988647311926
0.16701144073158503
0.16981115797534585
0.16646717814728618
0.16595003986731172
0.17312107421457767
0.1696981848217547
0.16726136207580566
0.16725419089198112
0.16788120893761516
0.17044264916330576
0.17274808092042804
0.1698621427640319
0.16615167912095785
0.17152494471520185
0.17127268807962537
0.1718080760911107
0.1719141867943108
0.16970723727717996
0.16823115712031722
0.1716827917844057
0.17083898186683655
0.17191869020462036
0.1720137125812471
0.1699454695917666
0.16715099615976214
0.17169743264093995
0.1710194800980389
0.17090511927381158
0.17174957506358624
0.16938089905306697
0.16688665887340903
0.17139763804152608
0.18105424009263515
0.1712156613357365
0.17107127606868744
0.17050356091931462
0.16685554524883628
0.17029898054897785
0.17077354108914733
0.1720118122175336
0.17045010207220912
0.16984077310189605
0.16579268174245954
0.1711071110330522
0.17088075494393706
0.17147526098415256
0.17208108119666576
0.16921879909932613
0.16706973500549793
0.1709902542643249
0.16982554085552692
0.17082327092066407
0.17171517992392182
0.16790002584457397
0.16877666767686605
0.17130211973562837
0.1702590538188815
0.1715226056985557
0.17008044384419918
0.16738840425387025
0.1697340770624578
0.17027432098984718
0.1692154868505895
0.16929715871810913
0.17026001634076238
0.16261221701279283
0.16699025267735124
0.1676830849610269
0.17040237179026008
0.16952021699398756
0.16827374743297696
0.16554426215589046
0.17001342540606856
0.1691039209254086
0.16969833988696337
0.1691325786523521
0.16443551192060113
0.1689093760214746
0.16783500695601106
0.16797161707654595
0.17082024831324816
0.1684152358211577
0.16388163808733225
0.1680012559518218
0.1686216089874506
0.169779100921005
0.1694367118179798
0.16618045419454575
0.16820654598996043
0.1660257587209344
0.16482046898454428
0.1724532009102404
0.16913687624037266
0.16328970715403557
0.16853550309315324
0.1672654547728598
0.16672541480511427
0.16967232897877693
0.16784963104873896
0.1699473080225289
0.16668198676779866
0.1661255513317883
0.17201298801228404
0.1684994576498866
0.16499289590865374
0.1680349363014102
0.16720848577097058
0.1668107039295137
0.1732596498914063
0.1684836158528924
0.16606906615197659
0.16932843392714858
0.16982279112562537
0.17012884514406323
0.16958668222650886
0.16571058798581362
0.1703891959041357
0.1703550131060183
0.16775728994980454
0.1718598729930818
0.16906286403536797
0.16445770487189293
0.16876705782487988
0.16889380104839802
0.16885891603305936
0.16963611589744687
0.16954461811110377
0.1647391216829419
0.16643472434952855
0.167248560115695
0.17195733124390244
0.16860641492530704
0.1661840039305389
0.16879465710371733
0.16480320785194635
0.16412407997995615
0.17242739209905267
0.16865784907713532
0.16617333283647895
0.16888890089467168
0.16934237210080028
0.1706544286571443
0.1689839269965887
0.16728296177461743
0.1679455740377307
0.1697901519946754
0.1686967359855771
0.17040303582325578
0.16924993973225355
0.1636786567978561
0.1680410117842257
0.16860366985201836
0.17017167899757624
0.1694632600992918
0.16915394878014922
0.164344753138721
0.16920995572581887
0.16930995834991336
0.16984287882223725
0.1694315681234002
0.1665127808228135
0.16894262610003352
0.1659499746747315
0.16588544892147183
0.1731761167757213
0.16911737713962793
0.16544136172160506
0.16708291182294488
0.16940706595778465
0.17314231488853693
0.1708009229041636
0.16859317710623145
0.1654492150992155
0.16937557328492403
0.1686386219225824
0.1709228679537773
0.1697658342309296
0.16627690894529223
0.16947048529982567
0.17103059403598309
0.168640092946589
0.17092953901737928
0.16907394211739302
0.16480560367926955
0.16955473693087697
0.16894967574626207
0.16844144277274609
0.17213341407477856
0.16824503941461444
0.16516118589788675
0.16843471489846706
0.16929495986551046
0.17082008300349116
0.1690322207286954
0.16770206997171044
0.16723531112074852
0.1706101270392537
0.16832945123314857
0.16949700098484755
0.16891104960814118
0.16459571802988648
0.1625385507941246
0.16039544297382236
0.16188260400667787
0.16215038299560547
0.16815369995310903
0.17124519776552916
0.16984786605462432
0.16940720425918698
0.17058860277757049
0.16901141917333007
0.16557728219777346
0.16812396608293056
0.16890280088409781
0.1705779149197042
0.17059049429371953
0.16735167521983385
0.16839294508099556
0.17027725093066692
0.16822821972891688
0.1704857419244945
0.17069551814347506
0.16466796305030584
0.16920352820307016
0.16765002720057964
0.16756452899426222
0.1716590621508658
0.1687031160108745
0.16480874828994274
0.16962171625345945
0.16960256593301892
0.16878206375986338
0.17083842400461435
0.16813743580132723
0.1681986739858985
0.16996478009968996
0.16868364484980702
0.17043631291016936
0.169302836060524
0.16442206595093012
0.17055172892287374
0.17082334868609905
0.16805893322452903
0.17058097291737795
0.16871647723019123
0.16393077513203025
0.16827701497823
0.16800559870898724
0.17150041973218322
0.17115613678470254
0.16898305155336857
0.16614146204665303
0.16835620906203985
0.16845680307596922
0.17276621190831065
0.16933839721605182
0.16770310094580054
0.16920280223712325
0.17058942280709743
0.1681324951350689
0.16963559109717607
0.1696134591475129
0.16305929282680154
0.1666399333626032
0.1651743552647531
0.1677136537618935
0.17199063394218683
0.1667923997156322
0.16773999016731977
0.1700222841463983
0.16856305301189423
0.17033317917957902
0.1693147630430758
0.1642159279435873
0.1685421667061746
0.16885673720389605
0.16919366316869855
0.1709492700174451
0.16865410236641765
0.16521634720265865
0.17027226788923144
0.16944079287350178
0.16909684194251895
0.17109110299497843
0.16840538382530212
0.1661359090358019
0.16944896196946502
0.16917095612734556
0.16992288315668702
0.16917614871636033
0.16468675062060356
0.17096593091264367
0.16915410524234176
0.16787647595629096
0.1697900826111436
0.1687016268260777
0.16358825098723173
0.1682061878964305
0.1685152123682201
0.17063692677766085
0.16919457726180553
0.1665224307216704
0.16743445163592696
0.17052912339568138
0.16875737300142646
0.17088683927431703
0.16879413183778524
0.1629575388506055
0.1680522272363305
0.167740894947201
0.1675944570451975
0.1711391881108284
0.16858096793293953
0.16593692591413856
0.1690942868590355
0.16836355486884713
0.16955995000898838
0.16956180287525058
0.1659099031239748
0.16968061216175556
0.16843934589996934
0.1676912852562964
0.1712506697513163
0.16958323260769248
0.1638235580176115
0.16819245927035809
0.16858824575319886
0.17015135800465941
0.16936817299574614
0.16862994572147727
0.16508846543729305
0.16923266183584929
0.16836895886808634
0.16945536574348807
0.16941335517913103
0.16371445264667273
0.16756909573450685
0.16896204184740782
0.17156896367669106
0.16914579225704074
0.1686697117984295
0.1638421849347651
0.1680250079371035
0.169027344789356
0.1700208866968751
0.1693914169445634
0.16631172830238938
0.16891985572874546
0.16581416316330433
0.16474743420258164
0.17255205987021327
0.16773787699639797
0.16423803195357323
0.1697883573360741
0.16867428133264184
0.16854979330673814
0.17092424491420388
0.16756588919088244
0.1684098830446601
0.17026750091463327
0.16852282593026757
0.17074153618887067
0.16956420242786407
0.16405894374474883
0.17088390979915857
0.17072256887331605
0.16794878104701638
0.1718677100725472
0.16924766125157475
0.16308886418119073
0.16704287473112345
0.16765259765088558
0.17024979274719954
0.17072936380282044
0.16767554311081767
0.1666851001791656
0.16949934791773558
0.1685830019414425
0.17140092188492417
0.16895185271278024
0.16505756275728345
0.1669801101088524
0.16484116110950708
0.1646161270327866
0.17245881306007504
0.16799107799306512
0.16626363387331367
0.17018655594438314
0.16925166686996818
0.16897693695500493
0.16989474929869175
0.16614441061392426
0.1695004370994866
0.17076495802029967
0.16890859277918935
0.16979655483737588
0.16998295625671744
0.16313055204227567
0.16629571467638016
0.16755196824669838
0.17001199908554554
0.16958266403526068
0.16854683496057987
0.16574834194034338
0.16988158505409956
0.16921507939696312
0.16910539008677006
0.16800274420529604
0.1658660271205008
0.16927614388987422
0.16678585298359394
0.16673459205776453
0.17330045066773891
0.16767724696546793
0.1652677608653903
0.170253103133291
0.16957179876044393
0.17030500620603561
0.16902391705662012
0.1674954667687416
0.1663669957779348
0.16957415593788028
0.1683742692694068
0.16973983496427536
0.1689725681208074
0.16341645689681172
0.16184544377028942
0.16070409631356597
0.1638103718869388
0.16623042710125446
0.1667896080762148
0.1708892942406237
0.1676069120876491
0.1677016830071807
0.1729531860910356
0.16731224674731493
0.16557731712237
0.16768501279875636
0.16864116303622723
0.17095502791926265
0.1695558582432568
0.16656360076740384
0.16821621730923653
0.17034335993230343
0.16858873516321182
0.16964996932074428
0.1701232958585024
0.163266415707767
0.16666893614456058
0.16814902238547802
0.1708706351928413
0.1698940210044384
0.1684594303369522
0.16496973484754562
0.16967193875461817
0.1693927850574255
0.17026236793026328
0.16946640610694885
0.16658872505649924
0.1692551113665104
0.16637706384062767
0.16655249893665314
0.17250883718952537
0.16736951377242804
0.16421640338376164
0.16992714535444975
0.16887450218200684
0.16759132221341133
0.17103169113397598
0.16817298391833901
0.16718387510627508
0.17020301008597016
0.16946040140464902
0.16969668492674828
0.16913413116708398
0.16441894927993417
0.17093551810830832
0.17106884298846126
0.16859597526490688
0.17048355285078287
0.16853774012997746
0.16287066973745823
0.16656993282958865
0.16862958204001188
0.1720565939322114
0.16987317195162177
0.1682100109755993
0.16615454712882638
0.16798747517168522
0.16757841128855944
0.17028968688100576
0.16831532679498196
0.1644984600134194
0.16849848302081227
0.16756433993577957
0.1671528099104762
0.17220981139689684
0.16834952775388956
0.16531404899433255
0.1681112451478839
0.16891299095004797
0.17058502696454525
0.1691306559368968
0.1658924869261682
0.1698350920341909
0.16934109898284078
0.16835717717185616
0.1710141347721219
0.16937748668715358
0.16255649598315358
0.16439778823405504
0.16347450204193592
0.1651959060691297
0.1684437431395054
0.16588546382263303
0.16929944977164268
0.16656332975253463
0.16572126606479287
0.17275895085185766
0.16792542999610305
0.16607639286667109
0.16591602191329002
0.1680199890397489
0.173016469925642
0.17289997031912208
0.17000509472563863
0.1664472189731896
0.1709322272799909
0.17052683979272842
0.17114775814116
0.16985572734847665
0.16745418775826693
0.16701432224363089
0.16580795822665095
0.1656319322064519
0.17288191569969058
0.16878024069592357
0.16399253904819489
0.1678990381769836
0.16821976704522967
0.17121117375791073
0.16961704287678003
0.1685044737532735
0.16807437222450972
0.16692696325480938
0.16727397125214338
0.17125139711424708
0.168917051050812
0.16553467605262995
0.1685552829876542
0.16408148920163512
0.16324080433696508
0.1714501129463315
0.1677143662236631
0.16829167772084475
0.1674084640108049
0.16672671865671873
0.17204219521954656
0.16876139398664236
0.16567471902817488
0.1676918496377766
0.1643597800284624
0.16342764301225543
0.1721800989471376
0.16950247902423143
0.1661795498803258
0.16808386286720634
0.16871742205694318
0.17115498194471002
0.1689227861352265
0.16602582018822432
0.16998131619766355
0.16836748411878943
0.16764828097075224
0.17094606813043356
0.16925456700846553
0.16378780314698815
0.16828055633231997
0.16838528774678707
0.17095814598724246
0.16918705916032195
0.1682593240402639
0.16649133386090398
0.16991257714107633
0.16902632405981421
0.17015506699681282
0.1678205942735076
0.16569607704877853
0.16931409109383821
0.16848407499492168
0.16924710106104612
0.17046013521030545
0.1681004506535828
0.16458890354260802
0.16989388596266508
0.16944830492138863
0.1706924350000918
0.16934772860258818
0.1679131267592311
0.16661292035132647
0.17002834007143974
0.168647529091686
0.1694497149437666
0.1692441669292748
0.16422613197937608
0.162159682251513
0.15945960488170385
0.16168491588905454
0.16168354777619243
0.16727809514850378
0.1697886590845883
0.17008305061608553
0.16985742840915918
0.17089793272316456
0.16903256392106414
0.16524423798546195
0.16772590903565288
0.16876378282904625
0.17072018096223474
0.1692511411383748
0.16651931311935186
0.16835979977622628
0.17033892776817083
0.16917093377560377
0.16948698787018657
0.17024667700752616
0.16287772171199322
0.16657342109829187
0.1679902719333768
0.1712076710537076
0.1701060407795012
0.16912063909694552
0.16458384366706014
0.16898240987211466
0.16940363496541977
0.16985365888103843
0.16787720192223787
0.16481805685907602
0.16898458218201995
0.16903076879680157
0.16856712102890015
0.1705046882852912
0.1679909499362111
0.16504776291549206
0.1705527901649475
0.1692544179968536
0.16825300175696611
0.1706078420393169
0.16854815185070038
0.16689602099359035
0.16923557361587882
0.1685562999919057
0.16963404323905706
0.16914160456508398
0.1648976169526577
0.17055800976231694
0.16969954036176205
0.1672887923195958
0.16997417202219367
0.16870725015178323
0.16272311937063932
0.1672706538811326
0.1681548710912466
0.17019248474389315
0.16921640885993838
0.16561777098104358
0.16864659916609526
0.17036898294463754
0.16843741200864315
0.17040174407884479
0.16831949213519692
0.16317946836352348
0.16672000475227833
0.16786596784368157
0.16978310979902744
0.16970212711021304
0.16839220514521003
0.16712163528427482
0.16671356931328773
0.16718617035076022
0.1723529971204698
0.16724323574453592
0.16452539525926113
0.16851562913507223
0.1671252129599452
0.16707816300913692
0.17160687409341335
0.16769420308992267
0.16585999680683017
0.16864533303305507
0.1681533711962402
0.16984653193503618
0.16914821369573474
0.16520769987255335
0.16995482333004475
0.1675434522330761
0.1660197558812797
0.17091228300705552
0.1679587927646935
0.16465266095474362
0.16847725864499807
0.16887276293709874
0.16986036906018853
0.16916000610217452
0.1662806672975421
0.16775244195014238
0.17004987318068743
0.16821403428912163
0.1684551928192377
0.16853547794744372
0.16234917799010873
0.16678765136748552
0.16796283097937703
0.17048340616747737
0.16912987502291799
0.1669502123259008
0.16731463698670268
0.16989087592810392
0.16882083006203175
0.17077253898605704
0.1679878607392311
0.16489453986287117
0.16924200393259525
0.16839224891737103
0.16841253032907844
0.17106696544215083
0.1683511878363788
0.16552296420559287
0.16754578985273838
0.16851784801110625
0.17091228580102324
0.1692169881425798
0.1662839907221496
0.16888860194012523
0.1699166353791952
0.1685452051460743
0.1696323431096971
0.16916043916717172
0.1623551226221025
0.16213464410975575
0.16258750623092055
0.16606462001800537
0.1671209903433919
0.1645162096247077
0.16937602078542113
0.16889616707339883
0.16851889295503497
0.17014611884951591
0.16829193569719791
0.1663412400521338
0.16960350703448057
0.16898791398853064
0.16935958107933402
0.16981422808021307
0.16648372961208224
0.1692052590660751
0.1699107652530074
0.1676202709786594
0.17080518417060375
0.16889869095757604
0.16275092819705606
0.1667520641349256
0.16715337196365
0.169312693644315
0.16919734701514244
0.16800070786848664
0.16626069601625204
0.16961790202185512
0.16888438491150737
0.16995757026597857
0.16885843081399798
0.16368566825985909
0.1686376752331853
0.16807308699935675
0.1672542211599648
0.1708001890219748
0.16846293304115534
0.16441953694447875
0.16884323814883828
0.16886617615818977
0.17024376383051276
0.16860106773674488
0.16611320711672306
0.16935156611725688
0.16602569306269288
0.16611683974042535
0.17159550171345472
0.16817062394693494
0.16424923902377486
0.16853267513215542
0.1682639797218144
0.16722696414217353
0.17026061797514558
0.16591836791485548
0.17011535074561834
0.1672362219542265
0.16644553979858756
0.1715982840396464
0.16793809086084366
0.16416494408622384
0.16727917874231935
0.1672203689813614
0.16661607939749956
0.17278517689555883
0.16713502118363976
0.16727976920083165
0.16878628404811025
0.16812132904306054
0.16927754320204258
0.16869022324681282
0.16346472315490246
0.16520186560228467
0.16314483107998967
0.16132555715739727
0.16177759738638997
0.1660940982401371
0.17014398192986846
0.1688936771824956
0.1698135184124112
0.16969517804682255
0.16890406282618642
0.1646568519063294
0.17020974028855562
0.1691323327831924
0.1708961999975145
0.16923739295452833
0.1666009142063558
0.1702599306590855
0.16900888597592711
0.1674441290087998
0.17149111907929182
0.16889411117881536
0.1635825908742845
0.16675628069788218
0.16742012882605195
0.1704875542782247
0.16940511669963598
0.16832268284633756
0.1644975789822638
0.16824557119980454
0.168447180185467
0.1705983909778297
0.16915391711518168
0.1647358201444149
0.16242239624261856
0.1605078410357237
0.16166725987568498
0.162919198628515
0.1670118747279048
0.17029040725901723
0.16981493635103106
0.16974722128361464
0.17035140097141266
0.16864170599728823
0.16566846473142505
0.1687188190408051
0.16940179001539946
0.17143848864361644
0.16915608197450638
0.16737478598952293
0.16734421206638217
0.17031742678955197
0.1687427111901343
0.17052622698247433
0.16929246205836535
0.16417001280933619
0.1694024233147502
0.16875191405415535
0.16874809470027685
0.17076935898512602
0.16911033308133483
0.16390080004930496
0.16782937105745077
0.16853071004152298
0.16975713102146983
0.17181764915585518
0.1676577008329332
0.16826525796204805
0.17066767066717148
0.16976206563413143
0.1708931471221149
0.16944346111267805
0.16583772143349051
0.1710388008505106
0.17087600333616138
0.16963075287640095
0.17276726430281997
0.16891874885186553
0.1654091663658619
0.16557037690654397
0.1677526100538671
0.17030951101332903
0.17024440504610538
0.1691874130629003
0.16524818306788802
0.16686682822182775
0.167588674928993
0.17210367508232594
0.169081914704293
0.16593498457223177
0.1702157873660326
0.16785263689234853
0.16655160766094923
0.17170133022591472
0.1689428063109517
0.1637764349579811
0.16384706320241094
0.1643483038060367
0.16945176478475332
0.16973637184128165
0.16628282377496362
0.17014269903302193
0.1673908829689026
0.16657868213951588
0.17169176042079926
0.16851889993995428
0.16523700905963778
0.16515740705654025
0.1665070317685604
0.17080513993278146
0.1706163096241653
0.16813550516963005
0.16735039837658405
0.17034734785556793
0.169461356010288
0.16995920101180673
0.1691264291293919
0.1643521562218666
0.17075239913538098
0.17176403384655714
0.1690614940598607
0.17051925417035818
0.16950308112427592
0.1630640779621899
0.16767673380672932
0.16703164298087358
0.1688057160936296
0.1716929660178721
0.16776759084314108
0.16808983031660318
0.16779350209981203
0.1680208621546626
0.17052763607352972
0.1682744906283915
0.16526285093277693
0.16703102458268404
0.16519985673949122
0.16547802602872252
0.17251502396538854
0.16880670189857483
0.16742064291611314
0.16992962080985308
0.17003610776737332
0.1710654110647738
0.17056615930050611
0.16714687086641788
0.16746006906032562
0.17065364122390747
0.16913531301543117
0.1706458511762321
0.1706493040546775
0.16434031492099166
0.16869096783921123
0.16831726301461458
0.16852936893701553
0.17195532377809286
0.16839525802060962
0.16412906302139163
0.1679939068853855
0.16799350501969457
0.16799262911081314
0.1684972527436912
0.16522529907524586
0.16894474532455206
0.16788322385400534
0.1675252770073712
0.17214259877800941
0.1685265889391303
0.1638309359550476
0.16857545310631394
0.16852375119924545
0.1688590650446713
0.17178659001365304
0.16832778323441744
0.16657043900340796
0.16954768216237426
0.1693389704450965
0.16958158602938056
0.16936294501647353
0.16417986014857888
0.1702075731009245
0.16965723130851984
0.1677601970732212
0.16955418465659022
0.16929124994203448
0.1639531161636114
0.167857825756073
0.16865978902205825
0.17014446388930082
0.16969522507861257
0.1674639298580587
0.16759266471490264
0.16976250894367695
0.16942035034298897
0.17045347997918725
0.16804992500692606
0.1640370897948742
0.16692276997491717
0.16630674805492163
0.16737098898738623
0.17187693202868104
0.1676290798932314
0.1656734673306346
0.16715756664052606
0.16710800118744373
0.1721133696846664
0.16823962656781077
0.16536244982853532
0.16797514259815216
0.16586177004501224
0.1651385291479528
0.1724422350525856
0.16867621708661318
0.16510058287531137
0.16715516010299325
0.16800846112892032
0.17218042211607099
0.16902508214116096
0.1670224042609334
0.17035623406991363
0.16933509008958936
0.16814769804477692
0.17069639498367906
0.16899992199614644
0.1635718229226768
0.1638151528313756
0.16299897199496627
0.16541023086756468
0.16994962329044938
0.16629510093480349
0.17025940772145987
0.1673898878507316
0.16706675617024302
0.17225255817174911
0.16821308992803097
0.16497310902923346
0.16792083578184247
0.16870915377512574
0.17067732475697994
0.17053375719115138
0.16717544896528125
0.16734621673822403
0.1704956446774304
0.16935810120776296
0.17010779306292534
0.169030481018126
0.16476995870471
0.17093980591744184
0.1706900391727686
0.16835399530828
0.17034362629055977
0.1678841868415475
0.1640397128649056
0.1684438749216497
0.1682727625593543
0.16814364586025476
0.1705875121988356
0.16745024314150214
0.16810958227142692
0.16691652266308665
0.16661482397466898
0.17241677083075047
0.16843362478539348
0.16440693428739905
0.16686382377520204
0.16535955807194114
0.16501840809360147
0.17237920593470335
0.16788079496473074
0.16718958597630262
0.1668391921557486
0.16773980297148228
0.1709828800521791
0.1683547138236463
0.1641296800225973
0.16699556820094585
0.16583321383222938
0.1664959960617125
0.17304041609168053
0.1674405327066779
0.16703686118125916
0.16902043530717492
0.16829171823337674
0.16959771001711488
0.16894815722480416
0.16476407693699002
0.16621077293530107
0.16406987374648452
0.16330988612025976
0.1705825380049646
0.16748373536393046
0.16823822725564241
0.16582022001966834
0.16678741108626127
0.17191105289384723
0.16838872013613582
0.16499315528199077
0.1696186140179634
0.16757993213832378
0.16779699036851525
0.17310117790475488
0.16712984768673778
0.16560975974425673
0.16927502257749438
0.16993242595344782
0.17063459195196629
0.1692422367632389
0.16679334081709385
0.168231135699898
0.1699617770500481
0.16876821592450142
0.16961244586855173
0.1681151296943426
0.16375649021938443
0.16774657694622874
0.1686129029840231
0.17062458582222462
0.16942666238173842
0.16912275413051248
0.165572261903435
0.170187852345407
0.16972710797563195
0.17051911307498813
0.16861019982025027
0.16693848324939609
0.16950516402721405
0.167744776699692
0.16825409699231386
0.1722414600662887
0.16794812399894
0.1643668501637876
0.16480377363041043
0.16494606295600533
0.16858548112213612
0.17111737979575992
0.1672837371006608
0.16715208301320672
0.1699578450061381
0.16874725930392742
0.1693433802574873
0.16924107307568192
0.16344236629083753
0.16269989497959614
0.16243268409743905
0.16464174073189497
0.16619450226426125
0.1669540898874402
0.16949340235441923
0.16849616402760148
0.16896410891786218
0.1705516311340034
0.16882406128570437
0.16506219981238246
0.16848282981663942
0.1694226348772645
0.1706929737702012
0.17037961492314935
0.1682940530590713
0.16654197499155998
0.169553664047271
0.16842875024303794
0.1700729769654572
0.16911492915824056
0.16424541035667062
0.16896172519773245
0.16863085608929396
0.16889791889116168
0.17185255093500018
0.16831846674904227
0.16391765605658293
0.16805210476741195
0.16891767410561442
0.17191861011087894
0.1687397239729762
0.1680550896562636
0.16890259087085724
0.16877029091119766
0.16925773490220308
0.16946122609078884
0.17032126989215612
0.16401836136355996
0.16942384419962764
0.16701305285096169
0.1646939660422504
0.17045146320015192
0.16869369894266129
0.16580464970320463
0.1696793232113123
0.1692275870591402
0.1700380719266832
0.16922420915216208
0.16626068530604243
0.16935356706380844
0.17086914693936706
0.16870235232636333
0.17075465293601155
0.1685455609112978
0.16291976207867265
0.16689195716753602
0.16873164009302855
0.17112811002880335
0.1689209509640932
0.16864033974707127
0.16612125933170319
0.16990887513384223
0.16940907388925552
0.17036555614322424
0.16928676795214415
0.1656850860454142
0.16917322855442762
0.1700395056977868
0.16819922998547554
0.1693805712275207
0.1690290281549096
0.162937147077173
0.16777870384976268
0.16921069892123342
0.17122924700379372
0.16972135519608855
0.16829896671697497
0.16557777719572186
0.17020889557898045
0.16941262781620026
0.1709131132811308
0.1689727702178061
0.16711141308769584
0.16968583827838302
0.1673440090380609
0.16784798679873347
0.1719886139035225
0.16946741612628102
0.16444560000672936
0.16450851503759623
0.16629940178245306
0.17162607610225677
0.17197928857058287
0.16842283168807626
0.16674657305702567
0.17033988796174526
0.1691334960050881
0.1697332807816565
0.16932798270136118
0.16542881913483143
0.1698439149186015
0.17121778521686792
0.16843092907220125
0.17063030181452632
0.16818579519167542
0.16416858602315187
0.16793463984504342
0.16827479330822825
0.16913382103666663
0.17087171506136656
0.16899103531613946
0.16609643399715424
0.16982609778642654
0.16967232711613178
0.1716422038152814
0.17094778502359986
0.16756816627457738
0.16925363196060061
0.17075589997693896
0.16922168480232358
0.1711385902017355
0.17110272916033864
0.16534500010311604
0.17047163611277938
0.16817873809486628
0.1678074672818184
0.17257015500217676
0.16885509295389056
0.16469290107488632
0.1668134219944477
0.16581987496465445
0.1645559282042086
0.16565987328067422
0.1668681027367711
0.17122508399188519
0.1705674626864493
0.17044135788455606
0.17086437670513988
0.16898752003908157
0.16482361685484648
0.16710047610104084
0.16502149403095245
0.16509549785405397
0.17287361482158303
0.16929621994495392
0.16879262309521437
0.17109719291329384
0.16997044812887907
0.17167671397328377
0.17114544613286853
0.1672400739043951
0.16894585825502872
0.1701381728053093
0.17043861467391253
0.1720182909630239
0.1692656520754099
0.16668968880549073
0.17106921086087823
0.16847271705046296
0.16692727291956544
0.1726843905635178
0.1699991850182414
0.16473336704075336
0.1648979913443327
0.1651575891301036
0.1683895019814372
0.17234659707173705
0.16828367533162236
0.1673699663951993
0.1711653545498848
0.17010163189843297
0.17141640512272716
0.1710603442043066
0.1673815273679793
0.1674115937203169
0.1650267830118537
0.16444936813786626
0.17274219915270805
0.16976645309478045
0.16563840582966805
0.17065151128917933
0.17053612461313605
0.1699390271678567
0.17155328392982483
0.17045898595824838
0.16657122783362865
0.167735300026834
0.16891556093469262
0.1721827150322497
0.17133799893781543
0.16896275989711285
0.16624340089038014
0.17110950592905283
0.17060370463877916
0.1711798906326294
0.17015129094943404
0.16776550840586424
0.17065754672512412
0.1667653606273234
0.16559158684685826
0.1724318852648139
0.1699884980916977
0.16522235237061977
0.16878314269706607
0.16645716316998005
0.16511106910184026
0.17306688893586397
0.1694961772300303
0.1662429147399962
0.1710872771218419
0.17012963630259037
0.17140740621834993
0.17001879308372736
0.16766806179657578
0.16903000883758068
0.171718908008188
0.16988027980551124
0.17097484460100532
0.17076589912176132
0.16860348964110017
0.170992624014616
0.1692054020240903
0.16919868299737573
0.17111403727903962
0.17050427896901965
0.16622551996260881
0.171751176007092
0.17244422808289528
0.16995362378656864
0.17094572773203254
0.16855529509484768
0.16641084384173155
0.1693052421323955
0.16683937096968293
0.16562199825420976
0.17341749416664243
0.1705445321276784
0.16533331805840135
0.167171492241323
0.16852765018120408
0.17182735679671168
0.17118703899905086
0.1679653711616993
0.16816663276404142
0.17124929884448647
0.17019519675523043
0.1712306160479784
0.17016318393871188
0.16771598113700747
0.16908958787098527
0.1652822750620544
0.16477593779563904
0.17309479601681232
0.1697159269824624
0.166136440820992
0.17156273173168302
0.16843215376138687
0.16795636108145118
0.17352771619334817
0.16970901377499104
0.16568929981440306
0.17137387581169605
0.17095632292330265
0.17210341524332762
0.17000547610223293
0.17003257805481553
0.16566183790564537
0.17099096300080419
0.170418961904943
0.1717602047137916
0.17105877306312323
0.16927865473553538
0.1675546490587294
0.17139501590281725
0.16996789583936334
0.1710464027710259
0.1701117600314319
0.16782906791195273
0.16851081792265177
0.17090897727757692
0.17023301497101784
0.17220381693914533
0.17093030968680978
0.1669255238957703
0.17118614027276635
0.17182339914143085
0.16938955197110772
0.17099097231402993
0.17007147194817662
0.16485769674181938
0.17012943187728524
0.16922844713553786
0.1693298383615911
0.1728386739268899
0.16912462376058102
0.16496835509315133
0.17049872688949108
0.16866067796945572
0.1685629840940237
0.17278042808175087
0.1688252380117774
0.1652496256865561
0.16999793983995914
0.1695866626687348
0.1711711809039116
0.16969344671815634
0.16771527798846364
0.16803239285945892
0.1706381901167333
0.1693939189426601
0.17060113698244095
0.16893905494362116
0.16601657075807452
0.17074447311460972
0.1690692906267941
0.16909449128434062
0.17116078035905957
0.1698605460114777
0.16414992790669203
0.16538758715614676
0.16801056684926152
0.17178042465820909
0.1710908692330122
0.16925528226420283
0.1662725992500782
0.17114874813705683
0.17031733924522996
0.17142657795920968
0.17102982616052032
0.16815571300685406
0.16825405415147543
0.17062229616567492
0.1696016970090568
0.1711899470537901
0.17014565598219633
0.16573450714349747
0.16760500334203243
0.16541271097958088
0.16474280506372452
0.17264415742829442
0.16925396118313074
0.16727037029340863
0.1703951391391456
0.16957832500338554
0.17167349299415946
0.1699119466356933
0.16962288971990347
0.16494367271661758
0.17027750611305237
0.16994462814182043
0.17071406822651625
0.17091071791946888
0.1677715969271958
0.16936250170692801
0.16544115589931607
0.16513284342363477
0.1729842759668827
0.16929399594664574
0.1646691057831049
0.17063988698646426
0.16845822194591165
0.16844365000724792
0.17393426969647408
0.1675339569337666
0.1651945300400257
0.16907146899029613
0.1694872328080237
0.17124983621761203
0.17086435575038195
0.16810067184269428
0.1678063189610839
0.172039280179888
0.17026547668501735
0.17065531993284822
0.16985816694796085
0.16721911495551467
0.16964087821543217
0.16619487991556525
0.16605918994173408
0.17208013404160738
0.1685168188996613
0.1646110131405294
0.1701319389976561
0.16819170163944364
0.16714971419423819
0.1718359929509461
0.16995202098041773
0.16636078292503953
0.17099071526899934
0.17021831311285496
0.17103548580780625
0.17091898433864117
0.16705866483971477
0.16921722330152988
0.1695586540736258
0.16904864413663745
0.17085571307688951
0.16946028685197234
0.1648068311624229
0.16782775055617094
0.16660340083763003
0.16625318210572004
0.17308560386300087
0.16918038902804255
0.16575330728664994
0.16805728804320097
0.16863145818933845
0.17115019308403134
0.1694186432287097
0.16798890614882112
0.16861860500648618
0.17144447285681963
0.1694871336221695
0.17019024724140763
0.17046295292675495
0.16452600387856364
0.1631984617561102
0.1651334296911955
0.17206299910321832
0.17090463172644377
0.16851243283599615
0.16440433217212558
0.169832827989012
0.16951990919187665
0.17049930104985833
0.1704784077592194
0.16598771000280976
0.1674614823423326
0.16443482087925076
0.16457758098840714
0.17241937387734652
0.16953098168596625
0.1641544890590012
0.1680948152206838
0.16874343203380704
0.17031267378479242
0.1729072080925107
0.17007558699697256
0.1665522870607674
0.17051092209294438
0.17020508088171482
0.17170938290655613
0.17230061115697026
0.16899872664362192
0.16758473217487335
0.17252865992486477
0.17104862770065665
0.17214445816352963
0.16977121215313673
0.16772289806976914
0.16873095696792006
0.17042706673964858
0.1694990391843021
0.1703256438486278
0.17034665402024984
0.16455305134877563
0.17194529995322227
0.17214747099205852
0.1696157860569656
0.1711028548888862
0.16909728199243546
0.1636338010430336
0.1697799009270966
0.16907409206032753
0.16836863197386265
0.17247108230367303
0.16865797201171517
0.16526939999312162
0.16895345225930214
0.16926692333072424
0.17217464884743094
0.1697455607354641
0.16766124358400702
0.16802035877481103
0.1701240260154009
0.16930208867415786
0.17082647792994976
0.16997352708131075
0.16517505189403892
0.1702191918157041
0.16883515799418092
0.16907505970448256
0.17238211305812
0.1684770598076284
0.16379952477291226
0.16486272495239973
0.1675322982482612
0.17176091577857733
0.17100484296679497
0.16948653804138303
0.1663907766342163
0.1699948231689632
0.1696210061199963
0.17046924913302064
0.1705750129185617
0.16561337187886238
0.17066787090152502
0.17182459821924567
0.16978293610736728
0.17045412072911859
0.1681915381923318
0.16611878015100956
0.1664408021606505
0.16447441885247827
0.16520637273788452
0.17250365717336535
0.16858240589499474
0.16685503209009767
0.16955487011000514
0.16983748599886894
0.1710741720162332
0.16951124276965857
0.16700017591938376
0.16925214789807796
0.1708730487152934
0.16900495486333966
0.17073047999292612
0.1699221353046596
0.16346264025196433
0.1670887777581811
0.16894381027668715
0.17206763196736574
0.16883710771799088
0.16910683503374457
0.16543891094624996
0.1703676818870008
0.169410009868443
0.16934034693986177
0.1706724902614951
0.16738221468403935
0.16874026879668236
0.17069958336651325
0.16971811233088374
0.17018389096483588
0.16969448188319802
0.16542880609631538
0.1704574218019843
0.17180617293342948
0.16926295077428222
0.17115070158615708
0.16881010215729475
0.16373015008866787
0.1686023473739624
0.16770977480337024
0.167918189894408
0.1720455908216536
0.16786029562354088
0.16715228371322155
0.16940719075500965
0.16951649822294712
0.17110970709472895
0.16970763821154833
0.1660500788129866
0.1701457593590021
0.17111336113885045
0.1689289528876543
0.17073759902268648
0.1695896931923926
0.16355357924476266
0.16814761701971292
0.1694762660190463
0.17145695816725492
0.1692706230096519
0.1693159001879394
0.16426535276696086
0.16854238789528608
0.16914387792348862
0.1725337216630578
0.16852573957294226
0.16859598085284233
0.16741495300084352
0.1709330603480339
0.17003399087116122
0.17026498122140765
0.16974062472581863
0.16557460324838758
0.17122248886153102
0.17150303814560175
0.16901933681219816
0.1711658602580428
0.1687131649814546
0.16344211576506495
0.16881160391494632
0.16832106187939644
0.16722078109160066
0.17180784372612834
0.16784373810514808
0.1664742841385305
0.16926541179418564
0.1678962241858244
0.1708923801779747
0.16973873088136315
0.16694733407348394
0.16948047326877713
0.17059164308011532
0.16915615601465106
0.17049503698945045
0.17005892423912883
0.16321060806512833
0.16689649876207113
0.1686863750219345
0.17252679727971554
0.16913781687617302
0.16922809276729822
0.16402982687577605
0.16868364065885544
0.1688928478397429
0.17213676497340202
0.1699674129486084
0.16648550610989332
0.16963513800874352
0.16647044569253922
0.16539692925289273
0.17198696918785572
0.16863975394517183
0.16376619087532163
0.16877099173143506
0.16894947784021497
0.16815938893705606
0.17259194236248732
0.16816327115520835
0.16577401710674167
0.16961201932281256
0.169869190081954
0.1703422931022942
0.1710299770347774
0.167066081892699
0.16929904278367758
0.1706499122083187
0.16881127003580332
0.17002002988010645
0.16902757389470935
0.16497234627604485
0.16923625487834215
0.16868449375033379
0.16901377495378256
0.17122242040932178
0.16869888035580516
0.1648617540486157
0.17003045184537768
0.16948865307494998
0.1686925059184432
0.17056007403880358
0.16764573007822037
0.16787129128351808
0.17031939094886184
0.16904087737202644
0.1699324739165604
0.1696945452131331
0.1640064651146531
0.1708478257060051
0.16995632695034146
0.16797999432310462
0.1720335679128766
0.16795134730637074
0.16304881777614355
0.16795612312853336
0.16907353280112147
0.1732124020345509
0.16926093492656946
0.16825832379981875
0.16616912186145782
0.16872885823249817
0.16838820977136493
0.17077420884743333
0.1697366377338767
0.16578810242936015
0.16899638809263706
0.16665142495185137
0.16535744024440646
0.17260139901190996
0.167897567152977
0.16576172783970833
0.1687246193177998
0.1689859270118177
0.17119814502075315
0.17007574206218123
0.16826197924092412
0.1677000061608851
0.17016067914664745
0.16896597295999527
0.1709259911440313
0.16981534427031875
0.16562856873497367
0.16433181799948215
0.16348006995394826
0.16540089109912515
0.17161062126979232
0.1691496060229838
0.1653357921168208
0.16846216283738613
0.16887429496273398
0.17095780605450273
0.1707511288113892
0.1650497172959149
0.16474228166043758
0.16676120832562447
0.1717094937339425
0.1698219534009695
0.16962374094873667
0.16413045627996325
0.16821793792769313
0.16873743804171681
0.17071733577176929
0.17069726716727018
0.16790096880868077
0.16903850575909019
0.1664226190187037
0.16603392735123634
0.17240701895207167
0.16895096097141504
0.1658876440487802
0.1702475124038756
0.16793243307620287
0.16802114387974143
0.17323915613815188
0.16858143638819456
0.1643236018717289
0.1652711690403521
0.16577562829479575
0.17203335277736187
0.1705681113526225
0.16749532986432314
0.17008236795663834
0.1712013240903616
0.16966456593945622
0.1712548932991922
0.1708790110424161
0.1647717277519405
0.163761496078223
0.16580009181052446
0.17181615810841322
0.17134271888062358
0.1696755262091756
0.16481661098077893
0.17001507012173533
0.17033109441399574
0.17075079306960106
0.17129601817578077
0.16834706533700228
0.16682255314663053
0.17013622354716063
0.16982690198346972
0.17021378502249718
0.17056675907224417
0.16546851489692926
0.1697165621444583
0.17107215616852045
0.16923583718016744
0.1721606613136828
0.16748261079192162
0.16583319706842303
0.17040397785604
0.1689425501972437
0.16904716799035668
0.17131030606105924
0.16812938079237938
0.16595032485201955
0.16686799190938473
0.168152314145118
0.171064387075603
0.16967402817681432
0.16734236804768443
0.16742336004972458
0.17070518201217055
0.16906390199437737
0.16989395208656788
0.17082456313073635
0.1644471692852676
0.16885638935491443
0.16884774900972843
0.16938926605507731
0.1711830599233508
0.16863569989800453
0.16571542993187904
0.1709872572682798
0.17001610016450286
0.1687553650699556
0.1715179169550538
0.16866397578269243
0.1659518340602517
0.1702384720556438
0.16893687099218369
0.16987709514796734
0.17044755071401596
0.16575446911156178
0.17073453217744827
0.17181806918233633
0.1698653493076563
0.17070822417736053
0.1693716188892722
0.1666089161299169
0.16844748193398118
0.16553652612492442
0.16665884666144848
0.1748993368819356
0.17077106377109885
0.16540615307167172
0.16491798218339682
0.16669439803808928
0.17009386327117682
0.17326671024784446
0.16908992687240243
0.16822519805282354
0.17125545302405953
0.1701917159371078
0.17122050328180194
0.16986549785360694
0.16751769883558154
0.1707434910349548
0.1676042410545051
0.16730728931725025
0.17285778187215328
0.16917796898633242
0.1656217430718243
0.16750586591660976
0.16446517268195748
0.16361614596098661
0.17221540678292513
0.169313820078969
0.16747929900884628
0.1706886743195355
0.17036028718575835
0.17112396704033017
0.1707235029898584
0.16688594175502658
0.1686084959656
0.17081341985613108
0.16927113197743893
0.1713668000884354
0.16900984290987253
0.16620543878525496
0.16988859418779612
0.16819622600451112
0.16866192128509283
0.17195089207962155
0.1686471300199628
0.16516452888026834
0.16822373680770397
0.16896814201027155
0.17103256098926067
0.17014255188405514
0.16837013512849808
0.16604838613420725
0.17026746412739158
0.16963484091684222
0.17073161620646715
0.1695071430876851
0.1655383319593966
0.17081015976145864
0.17173205222934484
0.16954772779718041
0.17067694384604692
0.16878162417560816
0.16512992372736335
0.16714063799008727
0.16526356106624007
0.16494286293163896
0.17318491265177727
0.16830933885648847
0.16749966517090797
0.17109993379563093
0.17071316670626402
0.17038644617423415
0.17099247174337506
0.1670330259948969
0.16891145333647728
0.17085259640589356
0.17038073297590017
0.17181777907535434
0.16896832501515746
0.16708224220201373
0.1704743062146008
0.16804275568574667
0.16775009827688336
0.1727299578487873
0.16918169287964702
0.16513423202559352
0.16700720693916082
0.16445602430030704
0.16290871193632483
0.16556898597627878
0.16813141480088234
0.17127082496881485
0.1698975213803351
0.1714707836508751
0.17240429297089577
0.17093549435958266
0.16729982709512115
0.17153252102434635
0.17248577577993274
0.1699701356701553
0.17289228085428476
0.16909739607945085
0.16622127313166857
0.17013258207589388
0.16806273674592376
0.16792858764529228
0.1744112353771925
0.17051960434764624
0.1651832009665668
0.16826546424999833
0.1662718402221799
0.1644446738064289
0.1685027931816876
0.1704539000056684
0.1701775179244578
0.17158904392272234
0.17012613592669368
0.17236555507406592
0.17135449685156345
0.16853177035227418
0.1690129479393363
0.17132819211110473
0.1708715483546257
0.1716156373731792
0.17041424987837672
0.16729106893762946
0.17024150397628546
0.17200978007167578
0.17035487201064825
0.17176588671281934
0.17135046096518636
0.16799507895484567
0.17040659533813596
0.16629882203415036
0.16664344118908048
0.17269799718633294
0.17022467218339443
0.1653768508695066
0.16844535199925303
0.16508974600583315
0.16404717415571213
0.17265113815665245
0.16957441810518503
0.1682960488833487
0.17111779609695077
0.17070283368229866
0.17258903197944164
0.17033814499154687
0.16972168674692512
0.16693946812301874
0.17168999277055264
0.1704146070405841
0.17074473481625319
0.1713514681905508
0.1695586540736258
0.16818834096193314
0.17135900305584073
0.17019955115392804
0.17153691593557596
0.1706387852318585
0.1680131540633738
0.16944304201751947
0.17169427499175072
0.17049718415364623
0.17088722996413708
0.17122502904385328
0.16698215017095208
0.17088418500497937
0.1714418837800622
0.16908116592094302
0.17141619883477688
0.1704878439195454
0.16516471887007356
0.17045480059459805
0.16917052771896124
0.16876944014802575
0.17293673381209373
0.1691087670624256
0.164461106993258
0.16448566736653447
0.16410617716610432
0.16514033684507012
0.1720791752450168
0.16659955214709044
0.17105232132598758
0.16745972028002143
0.16811636602506042
0.17331684473901987
0.16892672795802355
0.16512036323547363
0.16793861892074347
0.16571503365412354
0.1648582094348967
0.1729442337527871
0.16795828007161617
0.17084223637357354
0.1714829746633768
0.17008758801966906
0.17203405778855085
0.17126033827662468
0.1691207680851221
0.16725131031125784
0.17070544231683016
0.17010202864184976
0.17075857613235712
0.1691663139499724
0.16675130976364017
0.17101698275655508
0.16741772601380944
0.165107028093189
0.17019290290772915
0.16879252390936017
0.16926355985924602
0.16951012331992388
0.16749777179211378
0.1665189010091126
0.17342582903802395
0.1695665349252522
0.16588185913860798
0.1681814007461071
0.16720281075686216
0.17004346987232566
0.17191598191857338
0.16703951405361295
0.1691149161197245
0.17164848279207945
0.17040329007431865
0.17188450880348682
0.169978154823184
0.16736610885709524
0.16881524212658405
0.1651155292056501
0.16469605825841427
0.17264794604852796
0.17063653375953436
0.164783354382962
0.17107822420075536
0.17100530304014683
0.1721731354482472
0.1699284566566348
0.16999452514573932
0.16545586800202727
0.17016152618452907
0.17082582414150238
0.17111255507916212
0.1701282039284706
0.1696617156267166
0.16783451987430453
0.16886186925694346
0.1697540245950222
0.17161986930295825
0.17101196525618434
0.16758411331102252
0.16891015460714698
0.17072960827499628
0.1691208491101861
0.1712589985691011
0.17073534429073334
0.16521279467269778
0.17014140728861094
0.16895389603450894
0.1688027116470039
0.17385882325470448
0.16901777777820826
0.16529564326629043
0.16600626101717353
0.16779412562027574
0.1708401581272483
0.17216455098241568
0.1688392679207027
0.16637207521125674
0.17140111327171326
0.17021224135532975
0.17115483293309808
0.17075427109375596
0.16835921769961715
0.16807066090404987
0.1708909198641777
0.1698691239580512
0.17159748915582895
0.17082390701398253
0.1678653871640563
0.16952930996194482
0.1715795285999775
0.1702743130736053
0.17222108598798513
0.17152351094409823
0.16706631192937493
0.17060633702203631
0.1679473021067679
0.1665199100971222
0.17260902095586061
0.16934054298326373
0.16712176939472556
0.1692946250550449
0.16581345163285732
0.16787335043773055
0.17306990921497345
0.1698278309777379
0.16555674001574516
0.17044310504570603
0.1688560419715941
0.1712333643808961
0.17157984990626574
0.1696041701361537
0.16667488124221563
0.17141244420781732
0.1708744871430099
0.17299591889604926
0.17142987484112382
0.1684903888963163
0.16836225194856524
0.17200931906700134
0.17062248988077044
0.17172568384557962
0.17047228012233973
0.1679702140390873
0.16832772502675653
0.1712089842185378
0.169961117208004
0.17109094886109233
0.1703443923033774
0.16702393116429448
0.17015935387462378
0.17154804104939103
0.1695248680189252
0.17095932783558965
0.1708134189248085
0.164917369838804
0.1635193801485002
0.16553371585905552
0.17194951279088855
0.1718804002739489
0.17074086284264922
0.16537568485364318
0.16864072810858488
0.16993378521874547
0.17225266760215163
0.17062530992552638
0.1685603028163314
0.16711362870410085
0.17044096300378442
0.16981791565194726
0.17062721913680434
0.171029610093683
0.16723923664540052
0.16929977480322123
0.17079985095188022
0.16985241696238518
0.17241568211466074
0.16911965934559703
0.1676660948432982
0.16995307384058833
0.1660182443447411
0.16538650495931506
0.1732044848613441
0.17073568236082792
0.1662200028076768
0.16914654895663261
0.16597489826381207
0.1628246190957725
0.16565038822591305
0.1710419892333448
0.17187913414090872
0.1706505659967661
0.16994547192007303
0.17273118905723095
0.1708880220539868
0.16673301765695214
0.1712558250874281
0.1720172706991434
0.1701755221001804
0.17225889582186937
0.17080817790701985
0.16682880092412233
0.17107319831848145
0.16937776282429695
0.16934564197435975
0.17138750571757555
0.17156282532960176
0.16501580504700541
0.1631269701756537
0.16164648905396461
0.16330786375328898
0.1669517899863422
0.16957693919539452
0.1725840619765222
0.170048703905195
0.17006213311105967
0.17372526368126273
0.1717245508916676
0.1672834730707109
0.16651971079409122
0.1677933051250875
0.17122561717405915
0.17197295790538192
0.1769389621913433
0.16597374621778727
0.17353786388412118
0.16985743306577206
0.16901995800435543
0.17207178007811308
0.17037879675626755
0.16552689112722874
0.16381325386464596
0.16187173500657082
0.16373851196840405
0.16705120028927922
0.16873106686398387
0.1720384736545384
0.17028502374887466
0.1698074429295957
0.17291304469108582
0.17133979313075542
0.166271457914263
0.1651596580632031
0.16764051420614123
0.17283016769215465
0.17229449097067118
0.17144927103072405
0.16525576636195183
0.17124602710828185
0.16928775887936354
0.16925569623708725
0.17368824081495404
0.16912250174209476
0.16646407591179013
0.16502140695229173
0.16586099611595273
0.17016694229096174
0.17262130230665207
0.16898367134854198
0.16861950838938355
0.1721480288542807
0.17191200330853462
0.17353075509890914
0.17168511357158422
0.17007731506600976
0.1675078021362424
0.17201150301843882
0.17056159302592278
0.1718673980794847
0.1727408659644425
0.16992295999079943
0.16540411580353975
0.17062595393508673
0.17075488902628422
0.17185614304617047
0.17209042375907302
0.16923985304310918
0.1685409820638597
0.17139106569811702
0.17097430489957333
0.17159971501678228
0.17141865706071258
0.1684072562493384
0.16879489226266742
0.17136270785704255
0.17033011699095368
0.17201030300930142
0.17104192357510328
0.16803602781146765
0.16913145268335938
0.17092733923345804
0.16901030763983727
0.1705582463182509
0.1712564299814403
0.16527529759332538
0.16370095312595367
0.1655672611668706
0.17143770959228277
0.1713986899703741
0.1706323199905455
0.16480585699900985
0.16852670116350055
0.16938994219526649
0.17109082825481892
0.17060267319902778
0.16981450328603387
0.167487898375839
0.17061931127682328
0.17049785191193223
0.17145698983222246
0.17166510317474604
0.16823026211932302
0.16824794793501496
0.17200215812772512
0.1712365159764886
0.17174942325800657
0.16971778217703104
0.1696406132541597
0.17002918291836977
0.17180260503664613
0.17073516407981515
0.17146999901160598
0.17135020485147834
0.16835665283724666
0.16942419530823827
0.17071340885013342
0.1701674209907651
0.1720016342587769
0.17050599632784724
0.16668515792116523
0.17102403985336423
0.1710656420327723
0.16845169104635715
0.1713855667039752
0.1708967280574143
0.16680227406322956
0.17079337127506733
0.16737451683729887
0.16724283806979656
0.1733334162272513
0.16910058818757534
0.1653898051008582
0.16730746300891042
0.16565765580162406
0.1628983048722148
0.16422552522271872
0.16907161008566618
0.17133972188457847
0.16930823121219873
