0.1879388391971588
0.19236303493380547
0.19429564801976085
0.19217820186167955
0.19314192794263363
0.19384028669446707
0.1952614588662982
0.19767200900241733
0.19239143282175064
0.18950746906921268
0.19347478868439794
0.19965930189937353
0.19961032923310995
0.1986492876894772
0.19794251210987568
0.19846525182947516
0.19843607442453504
0.19823920400813222
0.19900309713557363
0.19810204580426216
0.19648609636351466
0.19817782612517476
0.19857248524203897
0.1986934752203524
0.19786223396658897
0.19705886021256447
0.1960245668888092
0.19483846612274647
0.19312300998717546
0.1936107841320336
0.19601452630013227
0.1952457455918193
0.19907906791195273
0.19794856710359454
0.19415971962735057
0.18928166618570685
0.19351499108597636
0.19995237002149224
0.2000176957808435
0.19861015724018216
0.1987011949531734
0.1967899496667087
0.197919393889606
0.1991044650785625
0.19826077995821834
0.19903634814545512
0.19778391811996698
0.19845481915399432
0.1976353321224451
0.19854522170498967
0.1991594797000289
0.19853261904790998
0.19625865994021297
0.1966237281449139
0.1938798106275499
0.19419673876836896
0.1940640201792121
0.19591889483854175
0.19787616096436977
0.1985433087684214
0.19548532227054238
0.1895865611732006
0.18801884772256017
0.18924468895420432
0.1951000071130693
0.1987429498694837
0.19919553259387612
0.19905904307961464
0.19827189994975924
0.1986491708084941
0.19725134316831827
0.19861281476914883
0.19746608519926667
0.19846341712400317
0.1983184819109738
0.19873695634305477
0.19682440673932433
0.19663974083960056
0.19516977109014988
0.19423605175688863
0.19617954595014453
0.19474305538460612
0.19811170501634479
0.19884340604767203
0.19610019121319056
0.18917436199262738
0.1901432489976287
0.19640838680788875
0.1985170147381723
0.1992596429772675
0.19835270661860704
0.197689947206527
0.19786791736260056
0.19832643773406744
0.19804003415629268
0.1973993219435215
0.19827606808394194
0.1989537477493286
0.19917374104261398
0.19942365493625402
0.19918725593015552
0.19889980787411332
0.19780309312045574
0.19661722937598825
0.1949302931316197
0.19354684185236692
0.19448038097471
0.19711045688018203
0.19643552275374532
0.1954687349498272
0.1944140112027526
0.1902956748381257
0.19082256639376283
0.19671250693500042
0.19758248003199697
0.19878047611564398
0.19872587313875556
0.19725899305194616
0.19764128932729363
0.19780481001362205
0.19807038689032197
0.1983417416922748
0.1980671281926334
0.19802819984033704
0.19845555815845728
0.19860045798122883
0.1975627513602376
0.1971643790602684
0.19536807807162404
0.193865317851305
0.19367814110592008
0.19482692796736956
0.19703767308965325
0.19541235733777285
0.19838834181427956
0.19251767685636878
0.1886373837478459
0.1927642240189016
0.19909082306548953
0.198844397906214
0.19923730194568634
0.19806024804711342
0.1980481082573533
0.19687412912026048
0.1975830220617354
0.19731519790366292
0.1981229051016271
0.19891818426549435
0.198096324224025
0.19813192961737514
0.1985640451312065
0.19814628129824996
0.19696193793788552
0.19517953414469957
0.19400377897545695
0.19207859970629215
0.19646894419565797
0.19587808102369308
0.1976065100170672
0.19948254013434052
0.1952112279832363
0.19112377800047398
0.19352498510852456
0.199352593626827
0.19981306325644255
0.19916183315217495
0.19922905275598168
0.20013184705749154
0.19878676487132907
0.19794233376160264
0.19684928003698587
0.1977093662135303
0.1976898591965437
0.19821188505738974
0.1980837401933968
0.19809705903753638
0.197935052216053
0.19769928604364395
0.19843416986986995
0.197507968172431
0.1943911649286747
0.19322961894795299
0.19490162981674075
0.1944099715910852
0.1966530466452241
0.19323858199641109
0.18831699388101697
0.1869104690849781
0.1916771288961172
0.1985612907446921
0.1998614608310163
0.19880952220410109
0.1976655530743301
0.1981180850416422
0.19815045595169067
0.19889236008748412
0.19819192867726088
0.19806440081447363
0.19799259305000305
0.19805447105318308
0.19825475616380572
0.19729228504002094
0.1974789691157639
0.19683614186942577
0.1942135188728571
0.19242366589605808
0.19513801485300064
0.19546210719272494
0.1973576359450817
0.19165823329240084
0.1877679661847651
0.19101941492408514
0.194656893145293
0.19674135884270072
0.19901491608470678
0.1987542249262333
0.19747056812047958
0.1977435820735991
0.198739442974329
0.1979678738862276
0.19863430131226778
0.1981552871875465
0.19848134508356452
0.19953127391636372
0.19827851932495832
0.19719117134809494
0.198431012686342
0.1972576561383903
0.19386240327730775
0.19360261177644134
0.19458245113492012
0.19426969764754176
0.19746776716783643
0.19178180070593953
0.1882079099304974
0.18944974709302187
0.19401285611093044
0.1983955940231681
0.19958487479016185
0.19805796397849917
0.19816282205283642
0.1972604258917272
0.19827794982120395
0.19872233923524618
0.19732444500550628
0.1989538399502635
0.19746038503944874
0.19933560444042087
0.1985818613320589
0.19926981907337904
0.19723932398483157
0.1967566511593759
0.19557254714891315
0.19361052010208368
0.19449336174875498
0.19380654813721776
0.19674021285027266
0.1975357010960579
0.19396630814298987
0.18967342097312212
0.18776133516803384
0.1894783773459494
0.19293364183977246
0.19785311492159963
0.19991111382842064
0.19887267285957932
0.1979249892756343
0.19790370017290115
0.19781722500920296
0.19843403110280633
0.1995068727992475
0.19824303733184934
0.19744419073686004
0.19803299382328987
0.19644146505743265
0.1956033669412136
0.19399171695113182
0.1943631931208074
0.1937383571639657
0.19734514225274324
0.1970761911943555
0.19593496900051832
0.1906343442387879
0.1912680803798139
0.19462925055995584
0.19751929864287376
0.19945765705779195
0.19782537082210183
0.1972440448589623
0.19766552513465285
0.19798332080245018
0.1983952191658318
0.19725413294509053
0.19756409479305148
0.19831622578203678
0.19867239380255342
0.1995876356959343
0.19622897217050195
0.1966279400512576
0.1951914457604289
0.19395531620830297
0.19220896577462554
0.19511172315105796
0.19652324030175805
0.19724746700376272
0.19863966386765242
0.19378226529806852
0.19203878985717893
0.19676691619679332
0.19816693710163236
0.19778082240372896
0.19758982677012682
0.19817096600309014
0.19772813702002168
0.19672555616125464
0.197417922783643
0.19770482508465648
0.19722209125757217
0.1979022421874106
0.1979034193791449
0.19813467981293797
0.196822518017143
0.19686902221292257
0.19692075438797474
0.19540779013186693
0.19418357498943806
0.19367196364328265
0.19285119883716106
0.1962930322624743
0.1972193829715252
0.19788004457950592
0.19350778684020042
0.19229606026783586
0.19727129628881812
0.1990797589533031
0.1976248426362872
0.1974723068997264
0.19753825571388006
0.19784644525498152
0.19707877887412906
0.19691364001482725
0.19732486503198743
0.19735155114904046
0.1980065368115902
0.1970490231178701
0.19823875790461898
0.1981487600132823
0.19678016286343336
0.1969857239164412
0.19456859398633242
0.19421544298529625
0.19213222991675138
0.19628491112962365
0.19584536412730813
0.19756949925795197
0.19805782800540328
0.19358293479308486
0.1927580307237804
0.1971467500552535
0.19813392590731382
0.1975891669280827
0.1977431490086019
0.19832836417481303
0.19923197198659182
0.19608114613220096
0.19672969030216336
0.19780306331813335
0.1972710369154811
0.19745527673512697
0.19831444416195154
0.19851634977385402
0.19846646999940276
0.19792382512241602
0.19724467489868402
0.19606524193659425
0.19435836700722575
0.19133544806391
0.1947203897871077
0.1953442757949233
0.19662027806043625
0.19608741300180554
0.1917612892575562
0.1896685790270567
0.19424802623689175
0.19833185896277428
0.19883983582258224
0.19865361088886857
0.19810536922886968
0.1973076220601797
0.1974055557511747
0.1984646962955594
0.19640267407521605
0.19749352429062128
0.1980628902092576
0.19761334685608745
0.19837347604334354
0.196129584684968
0.1955099692568183
0.19413331616669893
0.19238496385514736
0.1939419168047607
0.19384671188890934
0.19674567878246307
0.19809327507391572
0.19284759694710374
0.18928749905899167
0.18984551494941115
0.19549023360013962
0.19885172508656979
0.19813669938594103
0.19744954304769635
0.19768654461950064
0.19746279017999768
0.19804729195311666
0.19580978527665138
0.19603989971801639
0.19885403430089355
0.19567730091512203
0.19782464997842908
0.19778639869764447
0.19784555491060019
0.19490844383835793
0.1916289427317679
0.19463280402123928
0.1973810102790594
0.19700857298448682
0.1916543417610228
0.1895142113789916
0.18731303000822663
0.1924932491965592
0.19849132793024182
0.19875542586669326
0.1990506323054433
0.19839640380814672
0.19664702890440822
0.19743920490145683
0.19779919041320682
0.19760160194709897
0.1982629681006074
0.19795485492795706
0.1983942282386124
0.19822754617780447
0.19774964498355985
0.19784805225208402
0.19598014233633876
0.1939671733416617
0.19316476490348577
0.1957067442126572
0.1961001129820943
0.19676216319203377
0.19062596699222922
0.18801327934488654
0.19108996773138642
0.19748407369479537
0.19948223885148764
0.19850176898762584
0.19878437975421548
0.19836695864796638
0.19768946198746562
0.19743758207187057
0.19778978312388062
0.1983751179650426
0.19889669213443995
0.19851136906072497
0.20049045607447624
0.1990163498558104
0.19923617504537106
0.1988873821683228
0.19819606002420187
0.198628521990031
0.1974284052848816
0.1947908247821033
0.19345528213307261
0.196957441046834
0.1960700829513371
0.1980188824236393
0.19548286125063896
0.18871662812307477
0.18697711499407887
0.19293462112545967
0.19844519859179854
0.19962556986138225
0.198286353610456
0.19863266171887517
0.19816721929237247
0.19744407292455435
0.1975328060798347
0.1978267510421574
0.19772453885525465
0.19771944405511022
0.19801489310339093
0.19835502095520496
0.1970472689718008
0.198273167014122
0.19718061992898583
0.19460393115878105
0.19297122582793236
0.19437033124268055
0.19569279020652175
0.1949585471302271
0.19335873192176223
0.18914294242858887
0.18686473602429032
0.18715535989031196
0.1926019061356783
0.19715274590998888
0.1991641721688211
0.19913030928000808
0.19925490021705627
0.19849099218845367
0.19744537211954594
0.19735169876366854
0.19797607092186809
0.19863035390153527
0.19714365806430578
0.19685617880895734
0.1967362491413951
0.19505041325464845
0.19232787424698472
0.19542782986536622
0.19493845058605075
0.19734632316976786
0.19793958123773336
0.1937389918603003
0.18919156398624182
0.19282304495573044
0.19848100002855062
0.1971125341951847
0.19770642602816224
0.1972822560928762
0.1967127057723701
0.19720578519627452
0.19744393322616816
0.19785167463123798
0.19668616959825158
0.19762910902500153
0.19760817009955645
0.1974667701870203
0.19658381212502718
0.1982568190433085
0.19498906005173922
0.19350413605570793
0.1936693750321865
0.19342542998492718
0.19695568131282926
0.19643827993422747
0.19589095003902912
0.19312711618840694
0.1950400504283607
0.19843858713284135
0.1982945571653545
0.1970222219824791
0.19820849830284715
0.1988240028731525
0.19809050671756268
0.19733448280021548
0.19694033591076732
0.19738047802820802
0.19856435526162386
0.19689805898815393
0.19869123119860888
0.19720128690823913
0.19793369621038437
0.19770808471366763
0.19690129486843944
0.19574375404044986
0.19406294217333198
0.19206884317100048
0.19525669841095805
0.19531164644286036
0.19603980099782348
0.19779114704579115
0.1927598020993173
0.18978197872638702
0.19250006694346666
0.19878760678693652
0.19761200016364455
0.19778999965637922
0.19764771591871977
0.19683381402865052
0.19741715723648667
0.19784245127812028
0.19706262880936265
0.19748288299888372
0.19759622868150473
0.19792227586731315
0.19847470708191395
0.19761562207713723
0.19643808715045452
0.19653940992429852
0.1937805376946926
0.19223287981003523
0.19477368891239166
0.19372338987886906
0.1971792709082365
0.19922954495996237
0.19331297790631652
0.1920540789142251
0.19632321083918214
0.19872352294623852
0.19862427515909076
0.1973317489027977
0.19801172195002437
0.19730620691552758
0.19677841616794467
0.19721508538350463
0.1976379887200892
0.19686825573444366
0.19767780182883143
0.19663610588759184
0.19844329403713346
0.19658386334776878
0.1956231207586825
0.19548844592645764
0.19231937173753977
0.19265060313045979
0.19497976684942842
0.19362971233204007
0.19881306495517492
0.19404482515528798
0.18876693909987807
0.18676327588036656
0.18871267465874553
0.19598467787727714
0.1986933248117566
0.1974791856482625
0.19801153521984816
0.19742175098508596
0.19801839301362634
0.19841802772134542
0.19662463199347258
0.19750741915777326
0.19724602811038494
0.19811068009585142
0.19742295425385237
0.19540323968976736
0.19273860193789005
0.1939172032289207
0.19471543515101075
0.19749660370871425
0.19512307504191995
0.18956586020067334
0.1866542068310082
0.18981255497783422
0.19494057726114988
0.19849693914875388
0.19799147080630064
0.19669989217072725
0.19744577538222075
0.19716851785779
0.1971781961619854
0.1985218278132379
0.19671690976247191
0.19814554182812572
0.19739124877378345
0.19658325612545013
0.19713657908141613
0.1943056732416153
0.19036068208515644
0.1959094488993287
0.19466794515028596
0.19694307493045926
0.1980534358881414
0.1923128110356629
0.18881464703008533
0.18630414921790361
0.18945335783064365
0.19504222087562084
0.1987305600196123
0.1983978278003633
0.19693672889843583
0.19703009305521846
0.19753908412531018
0.1979283569380641
0.19755675178021193
0.19736237591132522
0.19865531800314784
0.19708588114008307
0.19553360482677817
0.19291844684630632
0.19245763355866075
0.19501104718074203
0.1952314479276538
0.1957867667078972
0.18961476488038898
0.18737904028967023
0.18735310481861234
0.19204347115010023
0.19805841520428658
0.19836706016212702
0.1978625077754259
0.1981651671230793
0.19901480386033654
0.1972237708978355
0.19864812213927507
0.19693669537082314
0.20023579942062497
0.1980445240624249
0.1982699348591268
0.19638754706829786
0.19732960686087608
0.19603283097967505
0.19389454368501902
0.19416465377435088
0.19618278881534934
0.19777475809678435
0.19686030875891447
0.199119727127254
0.1929267100058496
0.1888870531693101
0.19244897505268455
0.1991042336449027
0.19906086893752217
0.19834924396127462
0.19792571710422635
0.19740044930949807
0.1974879689514637
0.19748591165989637
0.19839981803670526
0.19804226513952017
0.1979729998856783
0.198092354927212
0.19835133105516434
0.19854791788384318
0.19911205722019076
0.197282113134861
0.1962063992395997
0.1933308532461524
0.193235382437706
0.1949091968126595
0.196345757227391
0.1952584278769791
0.19667014991864562
0.1922276490367949
0.19164491910487413
0.19648041715845466
0.19862222392112017
0.19831668585538864
0.19822929985821247
0.19804647890850902
0.19815131090581417
0.19711037632077932
0.1989594711922109
0.19811636907979846
0.1977464291267097
0.19789741607382894
0.19809125503525138
0.19774134829640388
0.19793527387082577
0.19825225789099932
0.19707257207483053
0.19684787513688207
0.19407242722809315
0.19414887903258204
0.1941797947511077
0.19369002198800445
0.19796073623001575
0.1970342369750142
0.19301528809592128
0.1883800751529634
0.1919410708360374
0.19699907302856445
0.19831580389291048
0.1990251080133021
0.1981966132298112
0.19694186421111226
0.19741748785600066
0.19804174592718482
0.198110724799335
0.19859736692160368
0.20000492921099067
0.19932154566049576
0.20081208180636168
0.19817352993413806
0.19996075937524438
0.197847131639719
0.19717486901208758
0.1953267389908433
0.19556447211652994
0.19473085878416896
0.19533423986285925
0.19399518612772226
0.19625927275046706
0.197249221149832
0.1926441197283566
0.18850365281105042
0.1922789355739951
0.19928529392927885
0.19841400999575853
0.1981936260126531
0.19827068783342838
0.1967802490107715
0.19704098999500275
0.19787971582263708
0.1972374259494245
0.19803299801424146
0.197189352940768
0.19786648312583566
0.19837911380454898
0.19705893006175756
0.1953151118941605
0.1953797247260809
0.19430395495146513
0.19203314883634448
0.196047255769372
0.19542302703484893
0.1982975653372705
0.1973017966374755
0.19348593009635806
0.1927292849868536
0.19686875119805336
0.19820249220356345
0.1979432888329029
0.19767000572755933
0.1982289431616664
0.19631889602169394
0.1966271260753274
0.19796678284183145
0.19638376589864492
0.19656385900452733
0.19777686707675457
0.19753602100536227
0.19854781404137611
0.19759029475972056
0.1959974062629044
0.19567074719816446
0.1940400581806898
0.1922583100385964
0.19471520278602839
0.19343525869771838
0.19759470410645008
0.19625575933605433
0.18982337089255452
0.18760289577767253
0.18971628043800592
0.19670381117612123
0.19912062399089336
0.1973587512038648
0.19685799535363913
0.19755252311006188
0.1969395480118692
0.19663578504696488
0.19788948399946094
0.19871798111125827
0.19614555314183235
0.19768093386664987
0.19580882135778666
0.19497733004391193
0.19338719500228763
0.19237320078536868
0.195478820707649
0.19462295901030302
0.1969467052258551
0.19276608200743794
0.18862611101940274
0.19208447402343154
0.1955256350338459
0.19806038588285446
0.19919792283326387
0.19733495404943824
0.19723028596490622
0.197413784917444
0.19775375025346875
0.19767247699201107
0.19775610510259867
0.19789787800982594
0.19783772621303797
0.1983566558919847
0.1974067729897797
0.19626752380281687
0.1961999461054802
0.1943113813176751
0.1923457868397236
0.1949747339822352
0.1942038401030004
0.1972451750189066
0.19760640989989042
0.1937392121180892
0.19536513416096568
0.19820651784539223
0.1993644032627344
0.19729570811614394
0.19725895207375288
0.19723994005471468
0.19721594313159585
0.1960675148293376
0.19627098413184285
0.19771442003548145
0.1970969052053988
0.1976050757803023
0.19688931806012988
0.19781318213790655
0.19789260858669877
0.1973039428703487
0.1962537309154868
0.19628468807786703
0.19306258717551827
0.19294008798897266
0.19507043901830912
0.19365853304043412
0.19709086371585727
0.19616412185132504
0.19114279095083475
0.19128437200561166
0.19798933807760477
0.19882390927523375
0.19713494926691055
0.19824317982420325
0.19796413090080023
0.19669634941965342
0.19728216994553804
0.19704705197364092
0.19771650712937117
0.19689660519361496
0.1973535711877048
0.19803797593340278
0.1979200839996338
0.1970090758986771
0.19683300098404288
0.19647467881441116
0.19334368640556931
0.1932283230125904
0.19447970436885953
0.19352264609187841
0.19729179982095957
0.19806215772405267
0.19297426100820303
0.19160658726468682
0.19594857469201088
0.1988556608557701
0.19825467094779015
0.19738188525661826
0.19853714480996132
0.19637893000617623
0.19616109086200595
0.19819319620728493
0.19796539098024368
0.1970542329363525
0.19745967676863074
0.1979798600077629
0.1979508870281279
0.198074780870229
0.1975373807363212
0.19653458474203944
0.19527770020067692
0.19247424928471446
0.19366779504343867
0.1935820751823485
0.19753630505874753
0.19635934010148048
0.19553657295182347
0.19053811486810446
0.19147131592035294
0.1977111822925508
0.19812349788844585
0.19774333201348782
0.19833426736295223
0.1979064387269318
0.19622846087440848
0.1973279588855803
0.1973929712548852
0.19621722120791674
0.19877947820350528
0.19714048085734248
0.19807460624724627
0.19650609884411097
0.19737922213971615
0.19626695103943348
0.19419829128310084
0.19261509040370584
0.19376044999808073
0.19380471669137478
0.19742373377084732
0.19819746492430568
0.19290339294821024
0.18927890295162797
0.1927797542884946
0.1986480848863721
0.19841211382299662
0.198470545001328
0.19820667896419764
0.19762952392920852
0.19656712701544166
0.19755291799083352
0.19793262472376227
0.19713085098192096
0.19738407572731376
0.19759621378034353
0.19834800763055682
0.19782859971746802
0.19713022001087666
0.19577197497710586
0.193961001932621
0.19209290482103825
0.19356658216565847
0.193561305757612
0.19753210991621017
0.1962372842244804
0.19240273302420974
0.19126161094754934
0.19658372923731804
0.19725517695769668
0.19756792904809117
0.19718244299292564
0.1975843640975654
0.19621298601850867
0.19714336097240448
0.1976030576042831
0.19661743706092238
0.19751980900764465
0.19680609833449125
0.1982285683043301
0.19704248989000916
0.19661695696413517
0.19544659601524472
0.19427470909431577
0.19182294514030218
0.19468586891889572
0.19379396829754114
0.1980677372775972
0.19736555125564337
0.19364769011735916
0.19310216419398785
0.19647734006866813
0.19862841488793492
0.1985441530123353
0.19786813389509916
0.19716855371370912
0.19765393808484077
0.19691314874216914
0.19706866098567843
0.1977624697610736
0.19708876078948379
0.19803349999710917
0.19672489119693637
0.1977497050538659
0.19819866213947535
0.19730837596580386
0.1964780711568892
0.19529392570257187
0.1937074768356979
0.19203969463706017
0.19439203012734652
0.1931569636799395
0.19826287310570478
0.19406162528321147
0.19096050271764398
0.19437311310321093
0.1982179000042379
0.19727220200002193
0.1973275220952928
0.1978774876333773
0.19731309497728944
0.19674183102324605
0.19730790005996823
0.19767237501218915
0.1960441549308598
0.19734130008146167
0.19673132989555597
0.19731260277330875
0.1961593092419207
0.19725542608648539
0.19712867680937052
0.1932980688288808
0.19135413598269224
0.19432187313213944
0.1970091280527413
0.19706036988645792
0.19011456379666924
0.188119038939476
0.18654031911864877
0.18823724472895265
0.19313667714595795
0.196982242166996
0.19937252718955278
0.1987019288353622
0.19918914372101426
0.2043100562877953
0.2006095559336245
0.19915884686633945
0.19907228276133537
0.19848737074062228
0.19965490093454719
0.19814466079697013
0.1982037890702486
0.19821782875806093
0.19610106199979782
0.19266980001702905
0.1939636250026524
0.19440409308299422
0.1972376210615039
0.19475980009883642
0.19001429295167327
0.18664429616183043
0.19208580814301968
0.19962661992758512
0.199498875066638
0.19816584419459105
0.19820996094495058
0.19744964689016342
0.19709897181019187
0.19762884499505162
0.19813897600397468
0.19662924390286207
0.1973441462032497
0.19769233791157603
0.19803366996347904
0.1976366857998073
0.19678275287151337
0.19616268994286656
0.19422234874218702
0.19376186886802316
0.1939906943589449
0.19637553673237562
0.1951998369768262
0.1981481397524476
0.19291038438677788
0.19361736485734582
0.19788967911154032
0.1993901478126645
0.19858331233263016
0.19836030807346106
0.19736931379884481
0.1976038943976164
0.197756411973387
0.19597856095060706
0.19747180631384254
0.19673391617834568
0.19705004896968603
0.19740182720124722
0.19709262624382973
0.19784373277798295
0.1979933651164174
0.19692385476082563
0.19554797187447548
0.1939722509123385
0.1926870485767722
0.19394873036071658
0.19636957766488194
0.1954157748259604
0.1965346010401845
0.19206926180049777
0.19031353620812297
0.19581854762509465
0.19825586676597595
0.19862810475751758
0.19807232124730945
0.19774722959846258
0.19615814043208957
0.1964147468097508
0.19752896297723055
0.1970270872116089
0.19950805883854628
0.19698557211086154
0.19793845200911164
0.19798644492402673
0.19765423377975821
0.1965116187930107
0.19543669931590557
0.1949877981096506
0.1922845020890236
0.19554429966956377
0.19425310008227825
0.19757893215864897
0.1964959460310638
0.192669409327209
0.191702825948596
0.19678949005901814
0.19890707498416305
0.19806943321600556
0.19719017669558525
0.19763780385255814
0.19625176722183824
0.1957045579329133
0.19783466309309006
0.1969311712309718
0.19667711993679404
0.19773552799597383
0.1971710929647088
0.19816468423232436
0.19554600212723017
0.1971161589026451
0.19595730304718018
0.1924680289812386
0.19251074688509107
0.1944353748112917
0.1961911884136498
0.19783947803080082
0.19371706759557128
0.18832617672160268
0.1925632217898965
0.19805276487022638
0.198226778768003
0.1984871430322528
0.1971396659500897
0.19705063104629517
0.19700602488592267
0.1977574061602354
0.1968411928974092
0.19641948398202658
0.19796270178630948
0.1980555639602244
0.19717620825394988
0.19652874488383532
0.19770479016005993
0.19719346892088652
0.19437063625082374
0.19210187904536724
0.19476244924589992
0.19606129406020045
0.19786582002416253
0.19747810205444694
0.1918100300244987
0.18883560691028833
0.18735821079462767
0.18958835722878575
0.196579126175493
0.19939482491463423
0.19880316406488419
0.19785715965554118
0.19745480408892035
0.19746080972254276
0.19810826098546386
0.19810422882437706
0.19651913875713944
0.19894211972132325
0.1981478901579976
0.19877895200625062
0.19703924423083663
0.1936797178350389
0.19243674771860242
0.1947417100891471
0.19781934516504407
0.1953493459150195
0.18929399643093348
0.1881433092057705
0.19023933308199048
0.19479851191863418
0.1990740029141307
0.1991207581013441
0.19962624786421657
0.19859966496005654
0.19799666805192828
0.19791480991989374
0.1986650973558426
0.19816974131390452
0.19955118698999286
0.1977242431603372
0.1978623610921204
0.1986150210723281
0.19871600717306137
0.19792435597628355
0.197759754024446
0.19490856491029263
0.19348694011569023
0.19433408416807652
0.19605907285586
0.1961488896049559
0.1966405352577567
0.18996229907497764
0.187773116864264
0.1883968198671937
0.1916559301316738
0.19759439397603273
0.19963995786383748
0.1979450359940529
0.19954322697594762
0.19896348332986236
0.1982292872853577
0.19921202305704355
0.19998707994818687
0.19856295688077807
0.19993139570578933
0.19729414395987988
0.19901717687025666
0.19907573284581304
0.1987640061415732
0.19613861804828048
0.1942924507893622
0.19301868276670575
0.19447811972349882
0.196980157867074
0.1956932758912444
0.19167147669941187
0.1884743249975145
0.1909990911372006
0.19669030793011189
0.19846132770180702
0.19955551391467452
0.1999899256043136
0.19843607116490602
0.19869527406990528
0.19877227302640676
0.19866408128291368
0.19899922609329224
0.19820282189175487
0.19978070259094238
0.1976866228505969
0.1993693020194769
0.19887760607525706
0.19913928769528866
0.1981265409849584
0.1986816837452352
0.19508144306018949
0.1945147207006812
0.1931984988041222
0.19575856300070882
0.19610261823982
0.1979487119242549
0.19246668322011828
0.1892074211500585
0.18772767204791307
0.18786435993388295
0.1935210209339857
0.19807077571749687
0.19983925065025687
0.19949023891240358
0.19894524617120624
0.1992137529887259
0.1983422301709652
0.1979872938245535
0.19850569916889071
0.19899342814460397
0.19975537387654185
0.19829504983499646
0.19695629784837365
0.1965179299004376
0.19581450754776597
0.19384110486134887
0.1953520430251956
0.19466390600427985
0.19809870328754187
0.19740602700039744
0.19704642100259662
0.19173238519579172
0.1900120717473328
0.19569668406620622
0.19926848821341991
0.20000732922926545
0.19873153092339635
0.1987980930134654
0.19852691190317273
0.1974447015672922
0.19770260900259018
0.19785371888428926
0.1982327401638031
0.19840618502348661
0.19840793311595917
0.1983353951945901
0.1985921710729599
0.19891568832099438
0.19733652472496033
0.19760248204693198
0.19506374699994922
0.19429207406938076
0.19456271408125758
0.19574161525815725
0.1955098519101739
0.1977596036158502
0.19225149834528565
0.18889620015397668
0.1904452070593834
0.19545305287465453
0.19944468094035983
0.2001319988630712
0.1997682829387486
0.19882466504350305
0.19790538400411606
0.1979245487600565
0.19825686607509851
0.1989795141853392
0.19779190281406045
0.19917240599170327
0.19780638813972473
0.1994180385954678
0.1976321660913527
0.1980231120251119
0.19843761110678315
0.19765798514708877
0.1958175958134234
0.1943865828216076
0.19598046503961086
0.1965744369663298
0.20044518541544676
0.20005928818136454
0.19931785389780998
0.19611800322309136
0.19071887712925673
0.19181571621447802
0.189437969122082
0.19456113316118717
0.20094180386513472
0.2012526080943644
0.19953885674476624
0.19913858082145452
0.19859882537275553
0.19927933206781745
0.19867525529116392
0.1976032890379429
0.1992443399503827
0.1993317692540586
0.19891486410051584
0.19816319411620498
0.19753103284165263
0.1983497659675777
0.19803461525589228
0.19771128427237272
0.19440812012180686
0.1929640849120915
0.19535527005791664
0.19444026006385684
0.19989112904295325
0.19679065980017185
0.18979642121121287
0.1887934603728354
0.1870243507437408
0.18707623099908233
0.19147794879972935
0.19589387206360698
0.20006932597607374
0.19869442516937852
0.19909641984850168
0.19960381696000695
0.19901489187031984
0.19912639074027538
0.19899185793474317
0.20007769018411636
0.19819071423262358
0.1981216468848288
0.1965732192620635
0.19437709404155612
0.19462104188278317
0.19581584725528955
0.1953949322924018
0.19816071959212422
0.1932194628752768
0.18839058931916952
0.1881328010931611
0.19148916192352772
0.1947277309373021
0.19961109338328242
0.19918413320556283
0.19877402111887932
0.20014076586812735
0.19920368026942015
0.20000023115426302
0.1982705919072032
0.19884072802960873
0.19967358699068427
0.1990223489701748
0.1998823769390583
0.19860608782619238
0.19895018404349685
0.19806866208091378
0.1978546380996704
0.19542064471170306
0.1945910770446062
0.19425704795867205
0.19573782896623015
0.19553963700309396
0.19839647505432367
0.19186600763350725
0.18772181682288647
0.19169460283592343
0.19715784583240747
0.19900334207341075
0.19971469836309552
0.19925888534635305
0.20021418202668428
0.19846508326008916
0.19736520433798432
0.1985012460500002
0.1985996151342988
0.1988512077368796
0.199498500674963
0.19783479208126664
0.19947190303355455
0.198651522397995
0.1978781269863248
0.19860816514119506
0.19811647292226553
0.19636123115196824
0.19295863015577197
0.194027132820338
0.19617151701822877
0.19822011003270745
0.19823860190808773
0.18946939799934626
0.18817297695204616
0.18725566798821092
0.18837300268933177
0.19300080696120858
0.19891167804598808
0.19962680293247104
0.19920387910678983
0.19938116520643234
0.20030194520950317
0.1990780308842659
0.19950836105272174
0.1996828098781407
0.1989928837865591
0.19962388230487704
0.20020281057804823
0.19744534697383642
0.19886402692645788
0.19619457190856338
0.19489505095407367
0.19259040988981724
0.1955279461108148
0.19581471104174852
0.19700345629826188
0.19818701688200235
0.19384018098935485
0.1891704690642655
0.19135269662365317
0.1967324153520167
0.1986332880333066
0.19976097904145718
0.19937592092901468
0.19865567237138748
0.19768741400912404
0.19842421496286988
0.19807754177600145
0.19801003113389015
0.19889981718733907
0.19802257977426052
0.19893422024324536
0.1995062711648643
0.19785002525895834
0.19861431885510683
0.198253164999187
0.19724700413644314
0.1950488118454814
0.19367439160123467
0.19380095694214106
0.19561811536550522
0.195770266931504
0.19289524108171463
0.18884384399279952
0.18680356396362185
0.1868568118661642
0.19244890799745917
0.1975009012967348
0.1998682264238596
0.1987929861061275
0.19936009589582682
0.19723360380157828
0.1984957428649068
0.19903671508654952
0.1985372779890895
0.19870698917657137
0.19700983492657542
0.19832710083574057
0.19731123792007565
0.19624688103795052
0.1908395430073142
0.19688770128414035
0.1953949946910143
0.19823817675933242
0.19958384428173304
0.1971728103235364
0.1951477127149701
0.19194483384490013
0.19476606929674745
0.19973560515791178
0.19884792575612664
0.19848581915721297
0.19865513080731034
0.19834675593301654
0.1979195992462337
0.19694195501506329
0.1974003086797893
0.19819632079452276
0.19721528375521302
0.19737094920128584
0.1979089737869799
0.19832512689754367
0.1968828709796071
0.19814447918906808
0.19708722829818726
0.19631867995485663
0.19310676399618387
0.1924778069369495
0.19511440489441156
0.19426403706893325
0.1978687490336597
0.19836211437359452
0.19319425197318196
0.18939479999244213
0.19331491691991687
0.1977777797728777
0.1987136472016573
0.19875506032258272
0.19787472393363714
0.19803793588653207
0.1961780171841383
0.19825209397822618
0.1977186081930995
0.1979538956657052
0.19827129878103733
0.19839369598776102
0.19843518920242786
0.1984055181965232
0.1971644638106227
0.1970888883806765
0.19488306296989322
0.19310294231399894
0.19376601511612535
0.19460067572072148
0.19666943699121475
0.19524341076612473
0.19419580977410078
0.18954436713829637
0.190792097710073
0.194404321257025
0.1966728982515633
0.19833633489906788
0.19720038026571274
0.1972290500998497
0.19827276095747948
0.1968755777925253
0.1967247948050499
0.1975808539427817
0.19678440364077687
0.19830333022400737
0.1978852511383593
0.1969158430583775
0.1963489092886448
0.19423286383971572
0.19252830697223544
0.19420072669163346
0.1938417018391192
0.19677114998921752
0.1983919939957559
0.1925504868850112
0.19313653791323304
0.19851344311609864
0.1992724807932973
0.19787664711475372
0.19789456063881516
0.20033936901018023
0.19726731581613421
0.19981103902682662
0.19735661568120122
0.1970782889984548
0.1986275129020214
0.19699735892936587
0.19847448635846376
0.19844949711114168
0.19740955298766494
0.19986239355057478
0.2002981579862535
0.19749206397682428
0.19784516980871558
0.19521365500986576
0.1949924542568624
0.1930076270364225
0.1951946271583438
0.1970773134380579
0.19505045004189014
0.1981852361932397
0.1953777428716421
0.1895589311607182
0.18840750586241484
0.1902634808793664
0.19454612908884883
0.19796608202159405
0.1989338337443769
0.19800445390865207
0.1974230483174324
0.19975411100313067
0.19774379022419453
0.1982967802323401
0.19851379422470927
0.19916482036933303
0.1977927810512483
0.1979028289206326
0.19722415087744594
0.19694195594638586
0.1954315099865198
0.1926116030663252
0.19466871581971645
0.19676854507997632
0.1969235921278596
0.1985316127538681
0.19281961163505912
0.18907046830281615
0.1930358069948852
0.19935892801731825
0.19897399237379432
0.19812304433435202
0.1977890650741756
0.19736159313470125
0.1972804949618876
0.19728589802980423
0.19825438782572746
0.19735089456662536
0.19791234424337745
0.19885016418993473
0.19802532671019435
0.19778780173510313
0.19567222381010652
0.19651530077680945
0.19388489099219441
0.19141651596874
0.19538157060742378
0.19454893888905644
0.19741557724773884
0.19689401891082525
0.193508705124259
0.1929552280344069
0.19719288079068065
0.19812610000371933
0.197564204223454
0.1974146389402449
0.1975137796252966
0.19770016381517053
0.19752795109525323
0.1968473424203694
0.19760629767552018
0.19676404166966677
0.1968633932992816
0.19774616928771138
0.19723022868856788
0.19782118685543537
0.19715230213478208
0.19708408694714308
0.19513913989067078
0.1925063361413777
0.1929408679716289
0.19315188098698854
0.1972677749581635
0.19650093792006373
0.19303401885554194
0.1892767888493836
0.19244341598823667
0.19897021120414138
0.1980586010031402
0.19826048100367188
0.19762670807540417
0.19712053891271353
0.19692591624334455
0.19735946087166667
0.19779511215165257
0.196890355553478
0.19766791723668575
0.19669565884396434
0.1973308245651424
0.1965433619916439
0.19576958613470197
0.195622188039124
0.19210659619420767
0.19204009976238012
0.19583000568673015
0.19641704624518752
0.1950948010198772
0.18950475892052054
0.1874629999510944
0.18724260106682777
0.18904142919927835
0.1955191451124847
0.19862267980352044
0.19762900192290545
0.19791205320507288
0.1975779552012682
0.19844687404111028
0.19796294998377562
0.19852767558768392
0.1986529240384698
0.19694390567019582
0.1974560129456222
0.19560915976762772
0.19381873589009047
0.19286429369822145
0.19495978159829974
0.19615664007142186
0.19815416121855378
0.19763835612684488
0.19176031602546573
0.1935634887777269
0.19754975475370884
0.19830518681555986
0.197197409812361
0.1967127686366439
0.19747716607525945
0.19597873510792851
0.19634967064484954
0.19721155893057585
0.19698218861594796
0.19746607495471835
0.1963278902694583
0.1981484550051391
0.19618953578174114
0.19617951521649957
0.19723928207531571
0.19614462880417705
0.19227474695071578
0.19110393291339278
0.1957954140380025
0.19761968217790127
0.19734967593103647
0.19088659016415477
0.18833170412108302
0.1865983810275793
0.18680137442424893
0.1925073079764843
0.1963882721029222
0.19961169315502048
0.19847469218075275
0.1980056706815958
0.19796948228031397
0.19942940212786198
0.19825415965169668
0.19817904336377978
0.1974349170923233
0.19729061890393496
0.1957620782777667
0.1940820813179016
0.19230709597468376
0.19470884976908565
0.19532757624983788
0.19558505481109023
0.19348032074049115
0.18902852339670062
0.18992174789309502
0.19601009506732225
0.1979211219586432
0.1990420059300959
0.19746565585955977
0.19675259571522474
0.19773857202380896
0.19729623664170504
0.1977630453184247
0.19775169296190143
0.19780094968155026
0.19833268085494637
0.19703132519498467
0.19851260306313634
0.19649729179218411
0.19686503103002906
0.19478103891015053
0.1923310928978026
0.19401590386405587
0.19376075500622392
0.19713428523391485
0.19643780821934342
0.19345816830173135
0.192094418220222
0.19661732530221343
0.19906384265050292
0.19860396208241582
0.19810264371335506
0.19765579886734486
0.19816156011074781
0.19657887378707528
0.19727332005277276
0.19790516002103686
0.19670251617208123
0.19730973709374666
0.19776076404377818
0.1983713642694056
0.19831578014418483
0.19797153305262327
0.19707838678732514
0.19638837408274412
0.1931061609648168
0.19297937909141183
0.1943238782696426
0.19651057804003358
0.19529082905501127
0.19828961230814457
0.19300856301560998
0.18841402605175972
0.19221267802640796
0.19954456109553576
0.19841735297814012
0.19848500518128276
0.19832182815298438
0.19757584435865283
0.19672968797385693
0.1976847560144961
0.19849910167977214
0.19768057577311993
0.1981644039042294
0.19763710023835301
0.19973604194819927
0.19859178084880114
0.19776336196810007
0.19707054877653718
0.19565424090251327
0.19389814184978604
0.19418438617140055
0.19449371797963977
0.1979016810655594
0.19768522400408983
0.19242997327819467
0.18808635789901018
0.18754481291398406
0.19032945903018117
0.19560743309557438
0.1990659236907959
0.19885200913995504
0.1988323121331632
0.19866320909932256
0.19914858601987362
0.1985110929235816
0.1983814020641148
0.1977616548538208
0.20003086887300014
0.19759855000302196
0.19813318317756057
0.19739278312772512
0.1965391719713807
0.19574960600584745
0.19339038617908955
0.19357535941526294
0.19544071424752474
0.19699729699641466
0.19679254293441772
0.19710503378883004
0.19200720824301243
0.19149021618068218
0.19667799212038517
0.19858049042522907
0.19904470909386873
0.19825468910858035
0.1987717063166201
0.19859251100569963
0.19711673026904464
0.19762419816106558
0.19813578762114048
0.19865584932267666
0.19761349400505424
0.19813418108969927
0.19847140228375793
0.19882850581780076
0.19770267698913813
0.19774967664852738
0.19674388505518436
0.19536967016756535
0.1928252549842
0.19380260491743684
0.19579690881073475
0.1966739851050079
0.19231034675613046
0.18889581924304366
0.1877416712231934
0.18841846100986004
0.19334364403039217
0.19719125097617507
0.19931447925046086
0.1987005453556776
0.19845306500792503
0.1982827391475439
0.19818479288369417
0.1985593680292368
0.19872614415362477
0.19850522093474865
0.19807841628789902
0.19712766911834478
0.19801842886954546
0.196340206079185
0.19467605324462056
0.1940230429172516
0.19549623504281044
0.19712215568870306
0.19738205103203654
0.1985282269306481
0.19549754401668906
0.18995431484654546
0.18807668797671795
0.19011599011719227
0.19656881084665656
0.19987464789301157
0.198781693354249
0.1981083070859313
0.1985125900246203
0.19865792896598577
0.19845734164118767
0.198424706235528
0.19857039535418153
0.19894612906500697
0.19934103079140186
0.19833008805289865
0.19881376903504133
0.1976214679889381
0.19629074214026332
0.19441140303388238
0.19409806560724974
0.19579785410314798
0.1953312768600881
0.19831317383795977
0.19923404464498162
0.19829886313527822
0.1908655259758234
0.1889731022529304
0.192182632163167
0.19605766097083688
0.20014963718131185
0.19932515686377883
0.19952919986099005
0.19872748665511608
0.1993124820291996
0.19963047513738275
0.19886851496994495
0.1982984389178455
0.1993583389557898
0.19761090818792582
0.19870711723342538
0.19865410588681698
0.19878789223730564
0.19789752922952175
0.19718114100396633
0.1956433798186481
0.19398652203381062
0.19381006993353367
0.19520443305373192
0.19722009496763349
0.19584084674715996
0.19807663187384605
0.19291083374992013
0.18881946662440896
0.19252785807475448
0.19953234074637294
0.19900515070185065
0.19858776591718197
0.19856402790173888
0.19709717482328415
0.19770922977477312
0.1979699800722301
0.19814318092539907
0.19831399293616414
0.19943025102838874
0.1977305649779737
0.19843772612512112
0.1987531129270792
0.19692774303257465
0.19822376035153866
0.19635479478165507
0.19424284296110272
0.19417406897991896
0.19403189839795232
0.19694767287001014
0.19814577791839838
0.19311144668608904
0.18897533183917403
0.18745698407292366
0.19204382598400116
0.19860501075163484
0.20007891207933426
0.19961396418511868
0.19816200900822878
0.19716546079143882
0.19832017784938216
0.19891051668673754
0.1974621070548892
0.19770433800294995
0.19857241213321686
0.1994416918605566
0.19838610710576177
0.19822582323104143
0.1980707598850131
0.19750321190804243
0.19502167077735066
0.19314942928031087
0.19397190306335688
0.1956710759550333
0.19546138681471348
0.19774364680051804
0.19367198692634702
0.18878511898219585
0.19128010794520378
0.19714553374797106
0.19883539900183678
0.19832020485773683
0.19741233391687274
0.19754576170817018
0.19635207718238235
0.1983629590831697
0.1972217932343483
0.1978394379839301
0.19785801973193884
0.197665445972234
0.19928862620145082
0.1971355569548905
0.1975569510832429
0.19611901324242353
0.19460365921258926
0.1921769487671554
0.1942383493296802
0.1966637847945094
0.1952802538871765
0.1977306893095374
0.19347560312598944
0.1886526420712471
0.18725409405305982
0.18954483838751912
0.1965035810135305
0.19895606394857168
0.1985119078308344
0.19867031322792172
0.19845935003831983
0.19709924375638366
0.19811095483601093
0.19827320287004113
0.19810744700953364
0.19973390689119697
0.19769766693934798
0.19628162775188684
0.19572873320430517
0.19473276985809207
0.1922848871909082
0.19481612974777818
0.19402560219168663
0.19811372179538012
0.19853605004027486
0.19300019880756736
0.19363992987200618
0.19599159015342593
0.1981437080539763
0.19863508502021432
0.19846632797271013
0.19789658393710852
0.1982872891239822
0.1980708590708673
0.197022148873657
0.1979738101363182
0.19824767112731934
0.19760908000171185
0.19757154677063227
0.1987017560750246
0.19832209218293428
0.19874068209901452
0.1980906231328845
0.19698742916807532
0.19666543416678905
0.19422781886532903
0.19301289319992065
0.19389488780871034
0.19657844165340066
0.1957359928637743
0.19725904101505876
0.19635301129892468
0.1916316170245409
0.19375941390171647
0.19850219786167145
0.1987487250007689
0.19783174619078636
0.19780596112832427
0.19821101007983088
0.19862723583355546
0.1971315648406744
0.19745461689308286
0.1987985409796238
0.19722885126248002
0.1976629290729761
0.19819078501313925
0.1986877890303731
0.1971082827076316
0.19734700117260218
0.1962507707066834
0.19526571594178677
0.19382130587473512
0.19401393085718155
0.19432031083852053
0.19669137801975012
0.1971082966774702
0.19755559181794524
0.19296175986528397
0.18894445430487394
0.19347637286409736
0.19861178379505873
0.19876566296443343
0.19802005728706717
0.19835649523884058
0.19757339311763644
0.197629498783499
0.19733694335445762
0.19843321107327938
0.1970486999489367
0.19721999717876315
0.19878984289243817
0.1974526522681117
0.19793793885037303
0.1961437063291669
0.19613229390233755
0.1938619171269238
0.19280163012444973
0.19374924898147583
0.19531517289578915
0.19686828088015318
0.197483301628381
0.19226924795657396
0.19166876189410686
0.1958223721012473
0.197980972006917
0.19847456412389874
0.1981778321787715
0.19705131789669394
0.19645531987771392
0.19720461126416922
0.1977030709385872
0.19694159692153335
0.19701621076092124
0.197207847610116
0.19738034205511212
0.1984267490915954
0.19664016272872686
0.19717403501272202
0.19684315286576748
0.19290949404239655
0.19338308740407228
0.19345634058117867
0.19688596297055483
0.19759225007146597
0.19725112710148096
0.19254934787750244
0.19284932920709252
0.1973288501612842
0.19907159032300115
0.1977455709129572
0.1972259059548378
0.19821065198630095
0.19784899009391665
0.19621913693845272
0.19623115984722972
0.19667878607288003
0.19690050184726715
0.196810953784734
0.19727449072524905
0.19748426601290703
0.19629035284742713
0.1959119252860546
0.19668674701824784
0.19285141583532095
0.1935224481858313
0.19348824303597212
0.19658568128943443
0.19755361881107092
0.19686681777238846
0.1917883581481874
0.1938219889998436
0.19942299416288733
0.1996097252704203
0.19879361893981695
0.1974432789720595
0.19742211000993848
0.19824637798592448
0.19746187515556812
0.19530344381928444
0.19774691620841622
0.19728661887347698
0.1972707170061767
0.19702704017981887
0.197759416885674
0.19943863712251186
0.19749198900535703
0.19761189306154847
0.1965764220803976
0.1962525132112205
0.19385655224323273
0.1927894502878189
0.19548129988834262
0.19448594842106104
0.19660736620426178
0.19686730206012726
0.19265091186389327
0.191772002261132
0.19679223094135523
0.19868244789540768
0.19916671887040138
0.19825931638479233
0.19748941157013178
0.1971394456923008
0.1966911293566227
0.19755648775026202
0.19937595166265965
0.1984135522507131
0.19823763007298112
0.19762067077681422
0.19854482030496
0.19917902583256364
0.198224863037467
0.19688651198521256
0.19585426105186343
0.19398050103336573
0.19211502512916923
0.19573038909584284
0.1954772463068366
0.19790856400504708
0.1913965898565948
0.18844527984037995
0.1901313210837543
0.19505111407488585
0.19908040715381503
0.19909670110791922
0.1994202621281147
0.1987280398607254
0.19757136888802052
0.1971721756272018
0.1986140590161085
0.19739382760599256
0.19886031281203032
0.1984822149388492
0.1998840468004346
0.19923443626612425
0.19822702882811427
0.1980502069927752
0.1970738903619349
0.19525111513212323
0.19389496743679047
0.1940096989274025
0.19621945125982165
0.19585135811939836
0.19794380804523826
0.19152365997433662
0.18893672991544008
0.19077349454164505
0.19599189702421427
0.19898854941129684
0.19889066694304347
0.19828067906200886
0.1990852179005742
0.19846312701702118
0.1978431548923254
0.19839962804690003
0.19670825684443116
0.19818945368751884
0.198486456181854
0.1978849321603775
0.19862156314775348
0.19825360411778092
0.19677038490772247
0.1976483608596027
0.19421095494180918
0.193859807215631
0.1935202837921679
0.19615568080917
0.19656673911958933
0.19477855693548918
0.1895264950580895
0.18815352534875274
0.19292998500168324
0.19778694631531835
0.199143229983747
0.199318690225482
0.19855812983587384
0.197647029068321
0.19739005900919437
0.1978972079232335
0.19881391432136297
0.19777457090094686
0.1985052339732647
0.19768585823476315
0.19926746981218457
0.19902546284720302
0.197936387732625
0.1980627030134201
0.197894599288702
0.19462478905916214
0.19321250542998314
0.19399969279766083
0.19671441614627838
0.19612941797822714
0.19240858405828476
0.1891141915693879
0.1879937550984323
0.18840443110093474
0.19132174272090197
0.19757365016266704
0.20011306973174214
0.19891276489943266
0.19863981707021594
0.19874249398708344
0.19912927597761154
0.20010824082419276
0.19825218291953206
0.19914165791124105
0.19932627910748124
0.19870961597189307
0.19754237309098244
0.1969759608618915
0.19639016082510352
0.19359192065894604
0.19398327264934778
0.19619432231411338
0.19476394774392247
0.19864590466022491
0.19898573588579893
0.19228312512859702
0.18857502611353993
0.190812055952847
0.19626750890165567
0.19997872598469257
0.20078377472236753
0.19933436112478375
0.19796685734763741
0.1973672197200358
0.19959347136318684
0.19883465534076095
0.19793718587607145
0.1983676180243492
0.1987405358813703
0.19879037607461214
0.19888675026595592
0.1989783551543951
0.19814257184043527
0.19815925229340792
0.19514536391943693
0.19376199366524816
0.19556972989812493
0.19434418436139822
0.19731294037774205
0.19491251511499286
0.1915632919408381
0.18858109274879098
0.19059195602312684
0.19420706294476986
0.19701784383505583
0.19848830625414848
0.19710751017555594
0.1969417897053063
0.1971449819393456
0.1976903798058629
0.19642827985808253
0.19827663991600275
0.19670829502865672
0.19856682093814015
0.19663029490038753
0.19633082393556833
0.19576300773769617
0.19219667091965675
0.19246850814670324
0.19423866691067815
0.1958733550272882
0.19788846373558044
0.1939918678253889
0.1884826780296862
0.18693106435239315
0.18842809461057186
0.19317336892709136
0.19672310398891568
0.19745368510484695
0.1971061136573553
0.19746292382478714
0.19759158324450254
0.19758616294711828
0.19736557314172387
0.19704711297526956
0.1975285317748785
0.19703393802046776
0.1944700013846159
0.19283339520916343
0.193486497271806
0.19476124364882708
0.19615073688328266
0.19580953614786267
0.19372316868975759
0.18885279400274158
0.18972261482849717
0.1942186150699854
0.19684275006875396
0.19895890727639198
0.19715981977060437
0.1971007757820189
0.19781277608126402
0.19774880399927497
0.19728737557306886
0.19767941208556294
0.19784907437860966
0.1979156988672912
0.19731789594516158
0.1962551511824131
0.19595814310014248
0.1939435382373631
0.19164367765188217
0.19471804425120354
0.19577677408233285
0.1967993970029056
0.19654124090448022
0.19090044917538762
0.19299483392387629
0.19769053300842643
0.197768728248775
0.1973721836693585
0.19732047896832228
0.19745052233338356
0.19630837300792336
0.19694004580378532
0.19668625900521874
0.196992555167526
0.1971559408120811
0.19734139880165458
0.19816305115818977
0.19668051414191723
0.19469613675028086
0.19669741112738848
0.19328979309648275
0.1910406439565122
0.1942834290675819
0.19581438321620226
0.19881480606272817
0.19371138140559196
0.18811168940737844
0.18721005786210299
0.19103602273389697
0.19560684310272336
0.1979752779006958
0.19769784389063716
0.19703862769529223
0.19677875563502312
0.19687003688886762
0.1973798032850027
0.19677744898945093
0.19786103023216128
0.1990038249641657
0.19718063110485673
0.19645223673433065
0.19600461795926094
0.19280500523746014
0.19208612572401762
0.19450949504971504
0.19430557917803526
0.19694331288337708
0.1941858590580523
0.1883408660069108
0.18761500669643283
0.19174934225156903
0.19717332813888788
0.1987332389689982
0.19699170487001538
0.19749326491728425
0.19751083804294467
0.19620864326134324
0.19709996785968542
0.19741759775206447
0.19698977516964078
0.19644710095599294
0.19787100702524185
0.19687639875337481
0.19290518900379539
0.191030606161803
0.19448680989444256
0.19684670167043805
0.19847715366631746
0.19175395695492625
0.18841089215129614
0.18557299813255668
0.191592029761523
0.19842956215143204
0.19754399498924613
0.19735802989453077
0.1961475512944162
0.1978171500377357
0.19641380524262786
0.19713532738387585
0.19737538415938616
0.19771758606657386
0.19732075976207852
0.19647839479148388
0.19644438475370407
0.19468412408605218
0.19229264603927732
0.19317191513255239
0.19566167099401355
0.19477750407531857
0.19774745497852564
0.19390756962820888
0.1894681160338223
0.18820667639374733
0.19252294301986694
0.1980781927704811
0.19773441134020686
0.19705201918259263
0.19759988877922297
0.1982419970445335
0.1960476920939982
0.19730946701020002
0.1973984413780272
0.19695660937577486
0.19605946261435747
0.19684957480058074
0.1964594149030745
0.1942077330313623
0.19101176084950566
0.19436026085168123
0.19659829512238503
0.19732742616906762
0.1912589450366795
0.18796862289309502
0.18586311489343643
0.19053828110918403
0.1964346319437027
0.1989409402012825
0.19664886826649308
0.1976685607805848
0.19709815690293908
0.1975470851175487
0.1968457130715251
0.19751094607636333
0.1970240119844675
0.19763319799676538
0.1968910307623446
0.19562758086249232
0.19510453892871737
0.195298969745636
0.19485321687534451
0.19372982811182737
0.19724402902647853
0.19734904542565346
0.19451040960848331
0.1894867243245244
0.18757768999785185
0.18962292186915874
0.19539964897558093
0.19795800698921084
0.19810787634924054
0.19807436503469944
0.19784284196794033
0.19649228220805526
0.1988863148726523
0.19758074171841145
0.1976259397342801
0.1975896921940148
0.1961500379256904
0.19797803508117795
0.1947690132074058
0.19001372903585434
0.19513099687173963
0.19486751779913902
0.19722931506112218
0.19621502328664064
0.18986102426424623
0.18781264498829842
0.18887821724638343
0.1943384171463549
0.19883812498301268
0.1978341042995453
0.19647182570770383
0.1971711041405797
0.19671263499185443
0.1967597370967269
0.19770688517019153
0.19735588412731886
0.19631075533106923
0.19677536701783538
0.1968386759981513
0.19540263433009386
0.19269288191571832
0.19437954109162092
0.19381112977862358
0.19663334963843226
0.19425537902861834
0.18883271003142
0.18637625221163034
0.18710065633058548
0.1893309559673071
0.19276738027110696
0.1965200616978109
0.19943918101489544
0.19770018011331558
0.19856033707037568
0.19755938230082393
0.19684356776997447
0.1974788112565875
0.19769686413928866
0.19777669431641698
0.19598295399919152
0.19243441708385944
0.192684143781662
0.19601899525150657
0.19718117406591773
0.1930796718224883
0.1879241969436407
0.18672958575189114
0.19229346001520753
0.19809126993641257
0.1986527182161808
0.19816261716187
0.1973213949240744
0.1973846941255033
0.1978231710381806
0.19835557555779815
0.19765237206593156
0.1973028057254851
0.19755301205441356
0.19838703889399767
0.19720944622531533
0.19709588075056672
0.19636327913030982
0.1943432311527431
0.19323871284723282
0.19360801624134183
0.19572972971946
0.19449595594778657
0.19744975538924336
0.19254634901881218
0.1882396680302918
0.18847390171140432
0.19121172884479165
0.19760352512821555
0.19870113115757704
0.19758922792971134
0.19812316168099642
0.19757852796465158
0.1972784949466586
0.19742104317992926
0.19766767183318734
0.19754000520333648
0.19791312795132399
0.19630383467301726
0.1967090107500553
0.19468143535777926
0.19068601308390498
0.1952685760334134
0.19443790894001722
0.1984960688278079
0.19635055400431156
0.1898979409597814
0.1876881131902337
0.18922440707683563
0.1943799676373601
0.19926653988659382
0.19812471605837345
0.19726499589160085
0.19867943041026592
0.1985301449894905
0.1970707611180842
0.1970737287774682
0.1975254211574793
0.19604442408308387
0.19807975739240646
0.19707494787871838
0.1977170528843999
0.19535012124106288
0.19315436109900475
0.1928374650888145
0.1955662351101637
0.19633644400164485
0.19694659998640418
0.18952394695952535
0.18707733089104295
0.19194888602942228
0.19545854721218348
0.19699924532324076
0.19883468328043818
0.19709746586158872
0.1966231670230627
0.19678141688928008
0.19724594242870808
0.19687576266005635
0.19800940621644258
0.19857369596138597
0.19779339898377657
0.1988342460244894
0.19723337283357978
0.1959955128841102
0.19346590479835868
0.19355371594429016
0.19311396963894367
0.19586687628179789
0.1945182029157877
0.1974793621338904
0.19287511194124818
0.1877414477057755
0.1911287452094257
0.19787563104182482
0.1996777532622218
0.1975578279234469
0.19687387207522988
0.19641498802229762
0.19701905734837055
0.197545797098428
0.19767800299450755
0.19670467404648662
0.19732479704543948
0.19775302335619926
0.19710930017754436
0.1962937293574214
0.19506789883598685
0.1943105380050838
0.19136549904942513
0.194132249802351
0.19548188289627433
0.19700331008061767
0.19542304519563913
0.19254967477172613
0.193289449904114
0.19825745420530438
0.19710710924118757
0.19695717003196478
0.1972638787701726
0.1965051987208426
0.19685437390580773
0.1967293000780046
0.1968480539508164
0.19669294217601418
0.19726908300071955
0.19656900130212307
0.19666928704828024
0.19482328975573182
0.19661341421306133
0.19460932072252035
0.19084576377645135
0.19411634001880884
0.1954188491217792
0.1970863649621606
0.19064365420490503
0.18812609976157546
0.18572594225406647
0.1876397510059178
0.19197759684175253
0.19660092797130346
0.19835644774138927
0.19761944562196732
0.199126488994807
0.1965395910665393
0.1974326567724347
0.19621360301971436
0.1967582106590271
0.19704154506325722
0.19677880965173244
0.1937114829197526
0.19174871919676661
0.19441312598064542
0.19345880718901753
0.19680954003706574
0.1900036856532097
0.1883540963754058
0.1863133511506021
0.18698327895253897
0.19277019891887903
0.19803935196250677
0.19747688714414835
0.19743987685069442
0.19735723128542304
0.1972581148147583
0.19760057190433145
0.1978994789533317
0.19791909214109182
0.19511143630370498
0.19539061607792974
0.19287019176408648
0.19273535488173366
0.1956546832807362
0.1943795350380242
0.19653941504657269
0.19535585399717093
0.19161717779934406
0.19304799241945148
0.19799860194325447
0.19720170879736543
0.19667379604652524
0.1971676698885858
0.1954100993461907
0.19638546789065003
0.1969706122763455
0.1975112920626998
0.19633967010304332
0.19715255917981267
0.19786420511081815
0.19545644475147128
0.19558366294950247
0.19693788280710578
0.1946521601639688
0.1911258716136217
0.19540889794006944
0.19305471004918218
0.1972389928996563
0.19434383185580373
0.18876181123778224
0.1869610301218927
0.19347454980015755
0.19740079436451197
0.1977686546742916
0.19796698400750756
0.19713197322562337
0.19638327276334167
0.19685340812429786
0.19669960718601942
0.1982800946570933
0.19869064772501588
0.19729456305503845
0.19662931887432933
0.1968274349346757
0.1956112300977111
0.192422762978822
0.19136769697070122
0.19398739002645016
0.194291559047997
0.19507707422599196
0.19296472193673253
0.18823316367343068
0.19219719525426626
0.19695738097652793
0.1981162140145898
0.19818156212568283
0.19735304079949856
0.1964748972095549
0.1969270478002727
0.19698972161859274
0.19639963703230023
0.19685179414227605
0.19748967420309782
0.19750229455530643
0.19657024601474404
0.19598553515970707
0.19525749515742064
0.1934079029597342
0.19213018892332911
0.1947464388795197
0.19558890908956528
0.19631734304130077
0.19703715667128563
0.18976886803284287
0.19183114869520068
0.196586178150028
0.1977770640514791
0.198554711882025
0.19734065979719162
0.1969197979196906
0.19636400928720832
0.19708807673305273
0.1964051090180874
0.195312961935997
0.19734905287623405
0.19753399211913347
0.19654754595831037
0.19598695868626237
0.19557479303330183
0.19409879809245467
0.1909537692554295
0.193492301274091
0.19591554114595056
0.1957963858731091
0.18887461675330997
0.18695573695003986
0.19051279593259096
0.19663426838815212
0.19700227212160826
0.19714539824053645
0.19721568981185555
0.19544345419853926
0.19677139073610306
0.19659563666209579
0.19717303290963173
0.1973504265770316
0.1973026660270989
0.1974892090074718
0.19676884403452277
0.19436866091564298
0.19429004099220037
0.19145291578024626
0.19346031919121742
0.19259048206731677
0.1959766219370067
0.19576001865789294
0.18902312591671944
0.19171476922929287
0.1971612530760467
0.19714135024696589
0.19763751002028584
0.1971881198696792
0.19629816012457013
0.1964140683412552
0.1967199300415814
0.19593464583158493
0.19719702191650867
0.19607048900797963
0.19644464692100883
0.19619303196668625
0.19518263265490532
0.19538551615551114
0.1903242007829249
0.19303051894530654
0.1955286101438105
0.1950074266642332
0.1885168249718845
0.1861459226347506
0.18649245193228126
0.18981412891298532
0.19601716380566359
0.19818342197686434
0.1969860913231969
0.19671049807220697
0.19574571680277586
0.1970562362112105
0.19698954187333584
0.1969682639464736
0.19623852288350463
0.19586549373343587
0.19520400324836373
0.19119811663404107
0.19149627489969134
0.19445734098553658
0.1969241239130497
0.19400504184886813
0.1881099110469222
0.18725801398977637
0.19339436665177345
0.19776218803599477
0.1977416342124343
0.19675144413486123
0.19635048881173134
0.19715243577957153
0.19685343001037836
0.19628340238705277
0.1968319588340819
0.1962715550325811
0.19685932574793696
0.19556405115872622
0.195853004232049
0.1933437599800527
0.19187488267198205
0.1928665512241423
0.19502783380448818
0.19400247232988477
0.19675085181370378
0.19284165278077126
0.1923694210126996
0.19716112408787012
0.19733423879370093
0.1963989078067243
0.19664636999368668
0.19697886612266302
0.19501405721530318
0.1962668625637889
0.1967699434608221
0.19481934560462832
0.19739143690094352
0.19659011671319604
0.19657345907762647
0.19477018993347883
0.19666399294510484
0.1933644819073379
0.1903436565771699
0.19518798822537065
0.1946789249777794
0.19638941530138254
0.19054781598970294
0.18930657301098108
0.18886208208277822
0.19263402000069618
0.1977587011642754
0.1964788599871099
0.1954268072731793
0.19743090262636542
0.19691708497703075
0.19674477027729154
0.1973752318881452
0.19643100211396813
0.19724665209650993
0.1960911857895553
0.19535477505996823
0.19491766206920147
0.19265832984820008
0.19077878817915916
0.19510425673797727
0.194556029047817
0.19673073384910822
0.19274871097877622
0.19227801682427526
0.19553257012739778
0.1974323419854045
0.19644690165296197
0.19677123287692666
0.1972227650694549
0.19498509401455522
0.19653669465333223
0.196871739346534
0.1947394097223878
0.19677684223279357
0.1962933111935854
0.1957568428479135
0.1961055239662528
0.1965626017190516
0.19413904380053282
0.19114740006625652
0.1932378038764
0.1971796448342502
0.19431194104254246
0.18768668919801712
0.18614190304651856
0.19157852372154593
0.19672683766111732
0.19743794575333595
0.19774911785498261
0.19616335397586226
0.19612882006913424
0.19618425983935595
0.19663938926532865
0.19640094321221113
0.19674139190465212
0.197166811209172
0.19580378429964185
0.19602105906233191
0.19390283478423953
0.1893281200900674
0.1948729557916522
0.19440319016575813
0.19707523193210363
0.19525769585743546
0.18856624513864517
0.18630037317052484
0.18753670481964946
0.19159804610535502
0.19683755096048117
0.1968042403459549
0.19659149600192904
0.1975837917998433
0.19636927964165807
0.19714668113738298
0.19701833184808493
0.19722279021516442
0.1965466351248324
0.1952834827825427
0.19329200685024261
0.19121555984020233
0.19425011100247502
0.1934264930896461
0.19710022676736116
0.19608744466677308
0.19005122827365994
0.19332834985107183
0.19733466487377882
0.19648525677621365
0.1966323764063418
0.19674300123006105
0.19596858881413937
0.1963108079507947
0.1967241927050054
0.19561571395024657
0.1974107981659472
0.19617706118151546
0.19625634094700217
0.19444626523181796
0.19628203380852938
0.1954023139551282
0.1912055527791381
0.19214486796408892
0.19356479169800878
0.19422147190198302
0.19198402296751738
0.18742693588137627
0.19005710911005735
0.19625311810523272
0.19710623472929
0.19662410393357277
0.1954312096349895
0.19465778395533562
0.1970350150950253
0.19612740399315953
0.19694153498858213
0.19577827211469412
0.1968847750686109
0.19495619693771005
0.19622782105579972
0.19427310582250357
0.1909972708672285
0.19384734611958265
0.19271538872271776
0.1972114839591086
0.19255697214975953
0.18776120524853468
0.18610964016988873
0.19061324512585998
0.19851115019991994
0.19823372503742576
0.19649550691246986
0.19591781636700034
0.1962691298685968
0.19667047820985317
0.19698295323178172
0.19673141464591026
0.19733125995844603
0.19763837475329638
0.1960066664032638
0.19521559588611126
0.19260955322533846
0.1927836099639535
0.19429104309529066
0.1955358972772956
0.1949433060362935
0.1957920347340405
0.19191608484834433
0.1936320303939283
0.19778753025457263
0.1973174847662449
0.19653199799358845
0.19644077215343714
0.19642354967072606
0.19423546316102147
0.19696266390383244
0.19587941886857152
0.19575771735981107
0.19694399693980813
0.19713733904063702
0.19622078584507108
0.19571497477591038
0.19605542300269008
0.1932014198973775
0.19195053400471807
0.19390737963840365
0.1955060618929565
0.19634498469531536
0.19297329476103187
0.18757444713264704
0.18626752914860845
0.1877869889140129
0.19136666413396597
0.197347367182374
0.19767442485317588
0.19639922818168998
0.19783944496884942
0.19685613363981247
0.19723364105448127
0.19725335808470845
0.19726244499906898
0.1975328358821571
0.1957042496651411
0.19389805989339948
0.19370672898367047
0.1942975320853293
0.1957948887720704
0.1972865592688322
0.1942365108989179
0.18886998388916254
0.1870739352889359
0.19058720581233501
0.19540301011875272
0.19735533790662885
0.19667743891477585
0.19704657793045044
0.1967918765731156
0.19639792991802096
0.19771229522302747
0.19607408717274666
0.19564954098314047
0.19785243598744273
0.19656933099031448
0.19464274728670716
0.19158383924514055
0.19255504291504622
0.19585127010941505
0.19675559690222144
0.19050928810611367
0.18794035306200385
0.18624942610040307
0.18633429799228907
0.19196719722822309
0.19732151366770267
0.19861929398030043
0.19725700886920094
0.19722214108332992
0.19715727400034666
0.19715971499681473
0.19765642378479242
0.1958019188605249
0.19648439111188054
0.19619827810674906
0.19319574208930135
0.19152492005378008
0.19519658712670207
0.1968047828413546
0.19722545705735683
0.19192145112901926
0.1884771748445928
0.18538854736834764
0.1917411396279931
0.1984334411099553
0.19876413187012076
0.1972706951200962
0.19765834603458643
0.19798728683963418
0.19665334885939956
0.1973976227454841
0.1978778662160039
0.19878540001809597
0.19669443694874644
0.19780280906707048
0.19718428514897823
0.19500138983130455
0.19223053706809878
0.19400237314403057
0.19493375392630696
0.19704769225791097
0.19469587597995996
0.18919388810172677
0.18683449923992157
0.19251172104850411
0.19824247108772397
0.1988807236775756
0.19907391630113125
0.19758417969569564
0.19655221421271563
0.1969839590601623
0.19707596162334085
0.1968141170218587
0.19757039286196232
0.1978037729859352
0.19747257605195045
0.19846931006759405
0.19713266985490918
0.1960117593407631
0.19369676895439625
0.1919113122858107
0.1943832617253065
0.19505999004468322
0.19737985404208302
0.1965974341146648
0.1963125877082348
0.19181384798139334
0.19301192974671721
0.1976802870631218
0.19814718095585704
0.19792307913303375
0.19769748067483306
0.1973571996204555
0.19680286897346377
0.1966473599895835
0.19707197975367308
0.19636194594204426
0.19717377796769142
0.19781750859692693
0.19794017495587468
0.19729730486869812
0.19681424601003528
0.19540221197530627
0.19487358164042234
0.19197170715779066
0.19370788289234042
0.19590267492458224
0.19483961258083582
0.1980347759090364
0.19278341392055154
0.18721276428550482
0.1873711463995278
0.18941321596503258
0.1932140151038766
0.1964049399830401
0.19926126534119248
0.1969535811804235
0.19681153912097216
0.19758707797154784
0.1966818766668439
0.19777145003899932
0.19672696478664875
0.19766759872436523
0.19545640889555216
0.1926366570405662
0.19305354403331876
0.1961446050554514
0.19622256280854344
0.19649300770834088
0.1892376788891852
0.18658063793554902
0.19126708805561066
0.19532602885738015
0.19685582490637898
0.19870464783161879
0.1966107301414013
0.1973364488221705
0.19707589177414775
0.19726752303540707
0.19738494511693716
0.19680610205978155
0.19772674422711134
0.19739857409149408
0.19784904271364212
0.1964459358714521
0.19450222002342343
0.19339027535170317
0.19386022305116057
0.19284249423071742
0.1967596081085503
0.19854275695979595
0.19578294083476067
0.1888461080379784
0.19168640207499266
0.19482826394960284
0.19806182477623224
0.19844794692471623
0.1969756819307804
0.19792735390365124
0.19692465290427208
0.1971350247040391
0.1971138850785792
0.19717146083712578
0.19774724077433348
0.19744732277467847
0.19857043912634254
0.19535475317388773
0.1976214461028576
0.19596465583890676
0.19267326314002275
0.19150524493306875
0.1943329689092934
0.19691279530525208
0.19573653116822243
0.1890109647065401
0.1876635979861021
0.19013015506789088
0.1954267518594861
0.19787927065044641
0.19792191730812192
0.19687117915600538
0.19696499779820442
0.19785512564703822
0.1967195551842451
0.19729747995734215
0.1974003966897726
0.19725741492584348
0.19752714782953262
0.19674848718568683
0.19652081793174148
0.19306242791935802
0.19134020525962114
0.19416241720318794
0.19479141291230917
0.1947516491636634
0.1975627443753183
0.19360378105193377
0.18889681482687593
0.19274021638557315
0.1983397058211267
0.1968624433502555
0.19750218698754907
0.19633937114849687
0.19658128591254354
0.19636912690475583
0.19710457464680076
0.1971677429974079
0.19715611170977354
0.19740050192922354
0.19738762732595205
0.19635192397981882
0.196282675024122
0.19370385818183422
0.19293236965313554
0.1932029090821743
0.19548902567476034
0.19497965276241302
0.19680210668593645
0.19138171197846532
0.19255445105955005
0.1961336904205382
0.19762569991871715
0.1977560012601316
0.19701026612892747
0.19722560700029135
0.194932974409312
0.1965280957520008
0.1967147570103407
0.1965222368016839
0.19784932490438223
0.19655988784506917
0.19704443076625466
0.1965694143436849
0.1943227299489081
0.19476670119911432
0.19262860901653767
0.19155914522707462
0.19430418126285076
0.19680781802162528
0.19441757071763277
0.18829328520223498
0.18657683301717043
0.19217277597635984
0.1968471589498222
0.1976637481711805
0.198577961884439
0.19680983014404774
0.19771373877301812
0.1970696239732206
0.19639929803088307
0.19721077615395188
0.19742705579847097
0.19715952361002564
0.1974336807616055
0.19654296897351742
0.19626934407278895
0.19352622935548425
0.19179302407428622
0.1928308210335672
0.1957611651159823
0.19456617068499327
0.1970663913525641
0.1913911779411137
0.19007366616278887
0.19553693290799856
0.19820299791172147
0.1983105051331222
0.19733803672716022
0.19666227418929338
0.19642716506496072
0.19701475836336613
0.19752271054312587
0.19655254296958447
0.19723667576909065
0.19711554935202003
0.19652252225205302
0.19779911683872342
0.19468140322715044
0.1948735690675676
0.19199301581829786
0.19332392793148756
0.19339339900761843
0.19675771100446582
0.1977704269811511
0.19173350324854255
0.18869305588304996
0.18662060797214508
0.19248983915895224
0.19802085123956203
0.19801977276802063
0.1968353996053338
0.19705633027479053
0.19645669916644692
0.19648202694952488
0.19776062201708555
0.19677451206371188
0.19642610801383853
0.19689822988584638
0.19694495992735028
0.19597715232521296
0.1924915937706828
0.1943486798554659
0.19618886290118098
0.1951075210236013
0.19788738107308745
0.18970813183113933
0.18725784495472908
0.18941480899229646
0.19366322690621018
0.1989146051928401
0.199364700820297
0.19690920785069466
0.19732841104269028
0.19707149593159556
0.19593918602913618
0.1962344660423696
0.1973620099015534
0.19785552797839046
0.19758774200454354
0.19655069429427385
0.1966516887769103
0.19523808686062694
0.19362809928134084
0.19277231907472014
0.19435817003250122
0.19561758590862155
0.19780055759474635
0.19313657097518444
0.18987374566495419
0.19293401204049587
0.19823649991303682
0.19766815612092614
0.19718162855133414
0.1970977522432804
0.19644245691597462
0.1968856849707663
0.1966166589409113
0.1963329240679741
0.19750179164111614
0.19646394113078713
0.19806520408019423
0.1951870177872479
0.1967031299136579
0.19679540116339922
0.19335036305710673
0.19157468900084496
0.19397041387856007
0.19691277435049415
0.1982910791411996
0.1918293726630509
0.18873570999130607
0.1857828414067626
0.18847848987206817
0.19311835477128625
0.1979284416884184
0.1975990510545671
0.19704478094354272
0.1973455287516117
0.19632657477632165
0.19711708603426814
0.19738824712112546
0.19758801301941276
0.19680418306961656
0.19677609810605645
0.19497072184458375
0.19221738120540977
0.19348428212106228
0.19332418777048588
0.19696700107306242
0.19794974802061915
0.19165782490745187
0.18813132867217064
0.1875074408017099
0.1923165451735258
0.19765233621001244
0.19804343581199646
0.19703021785244346
0.19793274020776153
0.1968798586167395
0.19695473602041602
0.19871158711612225
0.19609585218131542
0.19550797902047634
0.19725885428488255
0.19662299286574125
0.19599377969279885
0.19276398932561278
0.1933232406154275
0.1948340549133718
0.19527676701545715
0.19439463224262
0.18923183297738433
0.187378219794482
0.19261203007772565
0.1993674160912633
0.19828949170187116
0.198286022990942
0.19795343605801463
0.19724572589620948
0.19787221867591143
0.19796410389244556
0.19850924611091614
0.19811210688203573
0.1979754138737917
0.1983059486374259
0.1983776385895908
0.19808552600443363
0.19752090983092785
0.1970078879967332
0.1947059310041368
0.19375817431136966
0.1935218689031899
0.19506449764594436
0.19667733926326036
0.19684418896213174
0.19453038275241852
0.1901567098684609
0.1906080599874258
0.19439272116869688
0.19662678986787796
0.1985204410739243
0.19638044200837612
0.1969215120188892
0.19796486757695675
0.19816769380122423
0.19589108880609274
0.1980992709286511
0.19738362217321992
0.1982974880374968
0.19807403767481446
0.19662368996068835
0.19741453602910042
0.1944338739849627
0.19240018585696816
0.19382721884176135
0.19417465291917324
0.19652551878243685
0.19829033175483346
0.19467888865619898
0.19174932688474655
0.18877153797075152
0.19136300589889288
0.19744449015706778
0.1988474102690816
0.19795874506235123
0.19743379298597574
0.19782562786713243
0.19793827226385474
0.19776975130662322
0.19876285921782255
0.19719131803140044
0.19803138775750995
0.19774933904409409
0.19670816790312529
0.19796829111874104
0.19629842415452003
0.19382867170497775
0.19360606092959642
0.19493223959580064
0.19660364603623748
0.19746380113065243
0.1979463016614318
0.19341309182345867
0.19329388113692403
0.19853861024603248
0.1994446120224893
0.19844513200223446
0.19724699715152383
0.19776822719722986
0.1975378100760281
0.19826898211613297
0.19697042414918542
0.1974876052699983
0.19763218192383647
0.19651299389079213
0.1968215350061655
0.19811343541368842
0.19730190886184573
0.19825541088357568
0.19733217312023044
0.19653690000995994
0.19558069482445717
0.19387968722730875
0.19190745940431952
0.19608431495726109
0.19544658297672868
0.19633146515116096
0.19579092878848314
0.19140782160684466
0.19121167017146945
0.19731864565983415
0.19771762564778328
0.1974242990836501
0.197886873036623
0.19650391396135092
0.1968669188208878
0.19770055497065187
0.1968715088441968
0.19630706124007702
0.19694750430062413
0.19711525226011872
0.19856187095865607
0.1965268892236054
0.19497573701664805
0.19448134629055858
0.1919511342421174
0.19318815972656012
0.1949464399367571
0.19494458474218845
0.1966599808074534
0.1906846729107201
0.1883302377536893
0.18741274485364556
0.19005097076296806
0.19455218268558383
0.1985345296561718
0.19694694504141808
0.19748342502862215
0.19761038897559047
0.19809446297585964
0.19683728320524096
0.1979949469678104
0.19745997479185462
0.19656722992658615
0.19537103734910488
0.1931641073897481
0.19245251407846808
0.19373175827786326
0.19642618903890252
0.19548637606203556
0.19289001217111945
0.18844073824584484
0.19151213997974992
0.19739997293800116
0.19784471299499273
0.1979025863111019
0.19800592632964253
0.19643447920680046
0.19646040489897132
0.19741970067843795
0.19651918206363916
0.19707523519173265
0.1978853950276971
0.19704576302319765
0.19836178701370955
0.1977922823280096
0.19682329893112183
0.19546919502317905
0.1939300769008696
0.1923413542099297
0.1949633490294218
0.1965895453467965
0.1960656950250268
0.1972676762379706
0.19260977022349834
0.19112936686724424
0.1961704296991229
0.1975961341522634
0.1982081769965589
0.19809605507180095
0.19791922019794583
0.19679463794454932
0.19644947489723563
0.19804739207029343
0.19600361585617065
0.19750133994966745
0.1967457882128656
0.19689437001943588
0.1968834614381194
0.19620969984680414
0.19608269818127155
0.19497940596193075
0.19041546620428562
0.19490156788378954
0.19374058488756418
0.1981376027688384
0.19453901797533035
0.18910322105512023
0.18769219191744924
0.19130926998332143
0.19643713673576713
0.19831279385834932
0.19732173159718513
0.19701469084247947
0.1970300911925733
0.19691517064347863
0.19813294569030404
0.1973615037277341
0.19793325196951628
0.19673322513699532
0.19727576663717628
0.19820847688242793
0.19619698682799935
0.19383105775341392
0.19174460880458355
0.193786202929914
0.19388880487531424
0.19738994305953383
0.19216439267620444
0.1876800749450922
0.19128946866840124
0.19698219513520598
0.19864039588719606
0.1976977428421378
0.1980566419661045
0.19743162486702204
0.19754423294216394
0.19789858115836978
0.1996017568744719
0.1981908860616386
0.19877117639407516
0.19833682291209698
0.19911859603598714
0.1984330639243126
0.1990105090662837
0.19745093770325184
0.19668463664129376
0.19504199782386422
0.1936638280749321
0.19335963111370802
0.19522278010845184
0.19379556691274047
0.19726747507229447
0.19556037615984678
0.19222222780808806
0.19375350419431925
0.19804750801995397
0.19765227008610964
0.19746994087472558
0.19759023422375321
0.19764200504869223
0.19613446108996868
0.19752690801396966
0.19656329415738583
0.1963448030874133
0.19643191108480096
0.19728078227490187
0.19828934129327536
0.19575520511716604
0.1952302739955485
0.19521554093807936
0.1914127222262323
0.19340894790366292
0.19355106493458152
0.19750573812052608
0.19828423485159874
0.19234865391626954
0.18940594606101513
0.18665486201643944
0.1898752087727189
0.19405078701674938
0.19637758424505591
0.1981085487641394
0.20020371908321977
0.19762937165796757
0.19687443878501654
0.19829491712152958
0.19631020678207278
0.19715012004598975
0.19744760869070888
0.19729638285934925
0.19536512391641736
0.19279492693021894
0.1922730398364365
0.1946752523072064
0.1955058053135872
0.19649543799459934
0.1927213561721146
0.18856834201142192
0.18978696502745152
0.19662304408848286
0.19858410116285086
0.19835826009511948
0.19697569496929646
0.19644401594996452
0.19767348002642393
0.19703821884468198
0.19767432054504752
0.19687641132622957
0.19768898095935583
0.19804734596982598
0.1979991369880736
0.1971216551028192
0.19726135907694697
0.1940540438517928
0.19395888084545732
0.1926660598255694
0.19498401507735252
0.1938268430531025
0.19837613822892308
0.19376023719087243
0.1905471859499812
0.19052704982459545
0.19552456913515925
0.19865172170102596
0.19762154202908278
0.1969637470319867
0.19702509324997663
0.19740612292662263
0.19745767023414373
0.19614566816017032
0.1976248798891902
0.19806555891409516
0.19735379610210657
0.19661649828776717
0.19703499507158995
0.19580190302804112
0.19315647287294269
0.19063202617689967
0.19480504700914025
0.19646110897883773
0.19654539786279202
0.18958572670817375
0.1879716319963336
0.18984312796965241
0.19544524978846312
0.1979830409400165
0.19800163386389613
0.19797862833365798
0.1981051703915
0.1962154759094119
0.19788597896695137
0.19724552799016237
0.19735555863007903
0.1979054999537766
0.19815189810469747
0.1969876461662352
0.1981245158240199
0.1971185109578073
0.1944157318212092
0.1928409398533404
0.1940655936487019
0.1947610368952155
0.19575036689639091
0.19761132495477796
0.19352758629247546
0.1891563548706472
0.18956543412059546
0.196238128002733
0.19847621815279126
0.19817914301529527
0.19695122074335814
0.19643448386341333
0.19694111915305257
0.19749983493238688
0.1960094440728426
0.19830696191638708
0.1966786221601069
0.19786765100434422
0.19725043699145317
0.19516551308333874
0.19507256895303726
0.19369589956477284
0.19404123071581125
0.19482892705127597
0.19639406306669116
0.1961579700000584
0.19867693074047565
0.1921336492523551
0.1909930040128529
0.19651005696505308
0.19886671705171466
0.19794652424752712
0.19846086902543902
0.19834243785589933
0.19625619892030954
0.1968749789521098
0.19762783404439688
0.19835760397836566
0.19701154110953212
0.19782677199691534
0.19683641521260142
0.19824294513091445
0.19646269921213388
0.1963090137578547
0.19741088338196278
0.19432506198063493
0.19227956421673298
0.1934972871094942
0.19329965068027377
0.19719430804252625
0.19580096006393433
0.18953109672293067
0.1894557261839509
0.19101343816146255
0.1942510949447751
0.19760847184807062
0.19808662123978138
0.1972143934108317
0.1972236931324005
0.19797989586368203
0.19635756965726614
0.1969390520825982
0.19726186990737915
0.19629515707492828
0.19729873072355986
0.19697245908901095
0.19583829073235393
0.1919638249091804
0.19185799220576882
0.19428074872121215
0.19488206692039967
0.19337697280570865
0.18857316486537457
0.18672751495614648
0.1913864929229021
0.1987478043884039
0.1987417326308787
0.19732479099184275
0.1968438569456339
0.19740129401907325
0.1974940816871822
0.19762767758220434
0.19763881713151932
0.1975623518228531
0.19761144602671266
0.1978073250502348
0.19664923893287778
0.1963966190814972
0.1938707297667861
0.19359959522262216
0.193429471924901
0.19574767304584384
0.19467209000140429
0.19771984592080116
0.19444581493735313
0.18977763317525387
0.1933837071992457
0.19803077587857842
0.19837804092094302
0.19732636911794543
0.19792951410636306
0.19717613980174065
0.19659093022346497
0.1968487803824246
0.19731583213433623
0.19762313272804022
0.19713957095518708
0.19767044205218554
0.19639132684096694
0.19635197706520557
0.19747536815702915
0.1949355979450047
0.19128573220223188
0.19281896715983748
0.1932258172892034
0.19767702324315906
0.19609100371599197
0.1894170488230884
0.18767736898735166
0.18730975314974785
0.1876476458273828
0.19353245105594397
0.19796749483793974
0.19887004606425762
0.19740013824775815
0.19772625202313066
0.19929274637252092
0.19784995773807168
0.19772876612842083
0.19745576474815607
0.19648052332922816
0.19707235600799322
0.193996949121356
0.19349269894883037
0.19389609061181545
0.19594103004783392
0.19741753209382296
0.1965949679724872
0.19546193815767765
0.19228178123012185
0.1927561298944056
0.1982038551941514
0.1981858559884131
0.19782476406544447
0.1972035481594503
0.19759787432849407
0.19648464629426599
0.1970856972038746
0.19760777801275253
0.19669263064861298
0.19744566781446338
0.19694268284365535
0.19797877687960863
0.19790294812992215
0.1966400919482112
0.196658780798316
0.19418773101642728
0.19234944693744183
0.1932980827987194
0.19594958005473018
0.19518953701481223
0.19766149017959833
0.19272819999605417
0.19330439483746886
0.19764846796169877
0.19800974242389202
0.19758450891822577
0.19715257175266743
0.19731762818992138
0.19798649987205863
0.19590483186766505
0.1965685267932713
0.1975359502248466
0.1968985227867961
0.19731710804626346
0.19664527289569378
0.19801165256649256
0.19634088594466448
0.1964823929592967
0.19591866107657552
0.19359767390415072
0.19225379079580307
0.19503641314804554
0.1983683118596673
0.19799419678747654
0.19743854133412242
0.2010570289567113
0.19488195329904556
0.18929190933704376
0.1882289331406355
0.1915283859707415
0.1981256646104157
0.198398282751441
0.19950431305915117
0.19806985603645444
0.19766890117898583
0.19785140128806233
0.1972205131314695
0.19799448922276497
0.1970118540339172
0.19725437369197607
0.19551932532340288
0.19743156898766756
0.19665184570476413
0.19209302589297295
0.19115907978266478
0.19586092792451382
0.19654567493125796
0.1938846898265183
0.1891370452940464
0.18738008989021182
0.18982063094154
0.19531058799475431
0.19789629196748137
0.19884427776560187
0.1970212091691792
0.19768224703148007
0.19840328209102154
0.1977007738314569
0.19698155112564564
0.19771863007918
0.19766038982197642
0.19849716313183308
0.19769957615062594
0.1968234609812498
0.19563498301431537
0.19379203394055367
0.19344538496807218
0.19370774365961552
0.19609759096056223
0.19496752601116896
0.19769599894061685
0.19236977398395538
0.19272658601403236
0.19787637889385223
0.19863050896674395
0.19768663495779037
0.1976195340976119
0.1971447761170566
0.19741819612681866
0.19512188900262117
0.19703492801636457
0.19661648897454143
0.19639946892857552
0.19902634900063276
0.1968444949015975
0.19782056706026196
0.19648050284013152
0.1962125487625599
0.1951322560198605
0.19345867168158293
0.19298890512436628
0.1943931169807911
0.19581183604896069
0.1962156812660396
0.19521600799635053
0.19186162017285824
0.1927397707477212
0.19749106792733073
0.19852087320759892
0.1972831068560481
0.19688680628314614
0.19743511313572526
0.19646208314225078
0.19696904625743628
0.19573917519301176
0.19644130812957883
0.19755419390276074
0.19659451069310308
0.19619785016402602
0.1959902779199183
0.1971371821127832
0.19496744172647595
0.19071662612259388
0.19377593230456114
0.19437184603884816
0.1973810321651399
0.1927023660391569
0.18828379083424807
0.18643236625939608
0.19209854677319527
0.19813451776281
0.19773142505437136
0.1977287051267922
0.19547401601448655
0.1966289929114282
0.1983649618923664
0.19721728703007102
0.19793063635006547
0.1967749041505158
0.19797284808009863
0.19873447017744184
0.19624143233522773
0.19499088870361447
0.1927779782563448
0.1937010451219976
0.19259222829714417
0.1959155760705471
0.19545053411275148
0.19544976903125644
0.1903671082109213
0.19081673491746187
0.19713350711390376
0.19823714578524232
0.19752210285514593
0.19825876224786043
0.19753183610737324
0.1970122209750116
0.19749308610334992
0.19666801812127233
0.1964739803224802
0.1977178417146206
0.19673423981294036
0.19806256610900164
0.19750475883483887
0.1953724860213697
0.19603994488716125
0.1929125008173287
0.19194221403449774
0.19434690987691283
0.19381579523906112
0.19766896590590477
0.1949362293817103
0.18950884183868766
0.18724854616448283
0.19196635810658336
0.19898471795022488
0.19780849665403366
0.19749840907752514
0.197196536231786
0.19715278409421444
0.19728307332843542
0.19626171607524157
0.1977187362499535
0.19592514401301742
0.19717162428423762
0.1975146080367267
0.1960975439287722
0.19394019013270736
0.1912607029080391
0.1941004521213472
0.1941965902224183
0.19604543689638376
0.19082930544391274
0.18778389180079103
0.18919522687792778
0.1968166558071971
0.19791233679279685
0.1972361970692873
0.19599086185917258
0.19665261963382363
0.19726274255663157
0.19623601390048862
0.1964022391475737
0.19774776604026556
0.19643082190304995
0.19665213488042355
0.19388924865052104
0.19745295774191618
0.19367615086957812
0.19105763314291835
0.19457583874464035
0.19363095425069332
0.197618224658072
0.19299872918054461
0.18906849529594183
0.18655155086889863
0.1923083709552884
0.19822586001828313
0.19775887858122587
0.19694823119789362
0.19729300402104855
0.19649962335824966
0.19554605893790722
0.1967327161692083
0.19735774910077453
0.1965304766781628
0.1967226080596447
0.19694793922826648
0.1956721511669457
0.19335919432342052
0.19242387590929866
0.19332029297947884
0.1960425223223865
0.19478567503392696
0.19754427205771208
0.1935007618740201
0.1891290438361466
0.19274961529299617
0.19729583011940122
0.19801544910296798
0.19817407801747322
0.19652792299166322
0.1958453613333404
0.1966490102931857
0.19715365767478943
0.19605799578130245
0.19677719892933965
0.19772736076265574
0.19701661868020892
0.19691067887470126
0.19604082684963942
0.19506192998960614
0.19092867709696293
0.19295612210407853
0.1936667556874454
0.19591403286904097
0.1969588571228087
0.1921584391966462
0.19098012428730726
0.19574484275653958
0.19790643034502864
0.19733875524252653
0.19737124256789684
0.1959082200191915
0.19571804208680987
0.19693770073354244
0.197484094183892
0.1969394818879664
0.19759139697998762
0.19716321909800172
0.1979704718105495
0.1961678471416235
0.19814563263207674
0.19509849604219198
0.19349412014707923
0.19019803497940302
0.1958379908464849
0.1962057719938457
0.19710696209222078
0.18994258111342788
0.18845745315775275
0.18680349830538034
0.1919279359281063
0.1979473950341344
0.1979814749211073
0.19700467167422175
0.19677575305104256
0.19744418282061815
0.19704348593950272
0.1977256960235536
0.19718852266669273
0.19793316395953298
0.19745441107079387
0.19732426386326551
0.1969258259050548
0.19384337216615677
0.19220892898738384
0.19422597903758287
0.1941335890442133
0.19734394876286387
0.19167440524324775
0.18815144710242748
0.1910831229761243
0.19524391507729888
0.19702434400096536
0.19857840798795223
0.19803411792963743
0.19706403464078903
0.19739013770595193
0.19757111696526408
0.197388653177768
0.19780711783096194
0.19729715585708618
0.19794180197641253
0.19716671528294683
0.19727034401148558
0.19551951717585325
0.19625797402113676
0.1928375130519271
0.1928625670261681
0.1950866081751883
0.19656353304162621
0.19740073708817363
0.1971569829620421
0.19199028797447681
0.19330572709441185
0.19733515987172723
0.19795029005035758
0.19749081879854202
0.1969478433020413
0.19750707922503352
0.19710218301042914
0.19601512094959617
0.1970626530237496
0.19600943103432655
0.1975534912198782
0.19704680005088449
0.19781659496948123
0.19905014988034964
0.1970798671245575
0.19703847402706742
0.19827271020039916
0.19660885073244572
0.1932550398632884
0.1928119151853025
0.1961647910065949
0.1946827070787549
0.19789865193888545
0.19628644082695246
0.19078241707757115
0.1877104681916535
0.18905564304441214
0.19432510482147336
0.19752881303429604
0.19744347361847758
0.19730095006525517
0.197965188883245
0.19672788679599762
0.19781968975439668
0.19690466532483697
0.19767194893211126
0.1955528650432825
0.19844132708385587
0.19661445310339332
0.19378307927399874
0.19167420407757163
0.19328809203580022
0.1994234281592071
0.19468738604336977
0.18906464567407966
0.1873306380584836
0.18797365296632051
0.19007240002974868
0.19433282688260078
0.19726236490532756
0.1982585140503943
0.19763374188914895
0.1981087946332991
0.19690312910825014
0.19791783299297094
0.19839283172041178
0.19844892108812928
0.19759694579988718
0.1966458261013031
0.1959212077781558
0.19353474909439683
0.19190469710156322
0.19462881702929735
0.19372574100270867
0.1983831226825714
0.1937754531390965
0.18866443308070302
0.18734049703925848
0.18870230903849006
0.1950564938597381
0.19857975095510483
0.1984221637248993
0.19750338001176715
0.1974213640205562
0.19702412327751517
0.1982417879626155
0.19911426724866033
0.19908264884725213
0.19721432635560632
0.19764055404812098
0.1972790569998324
0.196320918854326
0.19342783465981483
0.1919735809788108
0.19597097812220454
0.19636016013100743
0.19705255096778274
0.18964082980528474
0.18779749982059002
0.1908995471894741
0.1942696957848966
0.19637223798781633
0.19909283006563783
0.1977614532224834
0.19674261566251516
0.1976138581521809
0.19827205315232277
0.19722201582044363
0.19759545987471938
0.19786704005673528
0.1983226821757853
0.19815957872197032
0.19749918719753623
0.19698728574439883
0.19560918165370822
0.19493209617212415
0.19236732786521316
0.19595122803002596
0.19540836988016963
0.19740452663972974
0.19784471485763788
0.1924079260788858
0.19100243085995317
0.19636267609894276
0.198818305041641
0.19818412233144045
0.1977293216623366
0.19788622669875622
0.1979482569731772
0.1967044691555202
0.1974693019874394
0.19801217410713434
0.1972441771067679
0.1978140277788043
0.1970137539319694
0.1984049892053008
0.1968976929783821
0.19647892517969012
0.1972923818975687
0.194269890896976
0.19291935302317142
0.19190969970077276
0.19516960019245744
0.19662608113139868
0.19846092583611608
0.19392091035842896
0.189631886780262
0.19350641639903188
0.19838276505470276
0.19742054818198085
0.19747291505336761
0.19795670686289668
0.19626041501760483
0.19719030801206827
0.19782633194699883
0.19801621930673718
0.19735085498541594
0.19794037006795406
0.19717053417116404
0.19682218926027417
0.19670019578188658
0.19768348895013332
0.19679997395724058
0.1941261519677937
0.19133190298452973
0.19500076724216342
0.19399695470929146
0.19917306303977966
0.19489461835473776
0.18920664489269257
0.18737184070050716
0.18769794097170234
0.19001387618482113
0.19546359730884433
0.1988826571032405
0.1981886588037014
0.19781027408316731
0.19818474911153316
0.1977753876708448
0.1977853076532483
0.19831297593191266
0.19745640130713582
0.19751793518662453
0.19735635537654161
0.19519015634432435
0.19258697470650077
0.19339124392718077
0.1952055050060153
0.19693636009469628
0.1969074858352542
0.19433752307668328
0.1890274859033525
0.18778533302247524
0.19006887264549732
0.19530069082975388
0.19911014288663864
0.1982949711382389
0.19834251375868917
0.1987547678872943
0.1974300560541451
0.19698310876265168
0.198033363558352
0.19832850387319922
0.19760610722005367
0.1970964688807726
0.19735855283215642
0.1961226910352707
0.1931678717955947
0.1935843792743981
0.19360772799700499
0.19643227709457278
0.19845410389825702
0.19479458779096603
0.18928357074037194
0.18764446675777435
0.18972019106149673
0.19710033619776368
0.19993039732798934
0.19838339695706964
0.19800795475021005
0.19848737493157387
0.19647040590643883
0.1973626958206296
0.1976627497933805
0.19829453295096755
0.19736051186919212
0.19666299503296614
0.19776401994749904
0.19780663680285215
0.1969428611919284
0.1923644570633769
0.19344533002004027
0.19492573104798794
0.19713100884109735
0.19260718720033765
0.18910979200154543
0.18873456213623285
0.19539632368832827
0.1997974831610918
0.19777213595807552
0.19732724921777844
0.1972925472073257
0.19745681108906865
0.1977038593031466
0.19685248006135225
0.19745896523818374
0.19854859309270978
0.19730756198987365
0.19780568173155189
0.19859183300286531
0.19756518164649606
0.19742922857403755
0.19595549628138542
0.19363515032455325
0.1936747240833938
0.19376325188204646
0.19624253222718835
0.1963509707711637
0.19113875878974795
0.18814261304214597
0.18760000122711062
0.18927312409505248
0.1937245288863778
0.1979266731068492
0.19896535761654377
0.19784094113856554
0.19716685079038143
0.199750698171556
0.19894331879913807
0.19715426582843065
0.1984594389796257
0.1977290753275156
0.1971317226998508
0.19683432905003428
0.19736087787896395
0.193900924641639
0.19197086617350578
0.1960066887550056
0.19557232270017266
0.19712444627657533
0.19784717820584774
0.1904484648257494
0.19231819082051516
0.19784074276685715
0.1984680937603116
0.1984383948147297
0.19774059718474746
0.19820771692320704
0.19793838914483786
0.19677556492388248
0.19759926991537213
0.196261425036937
0.19680448295548558
0.19784653978422284
0.19728441769257188
0.1983598042279482
0.19644152419641614
0.19661194598302245
0.1973023610189557
0.19503955356776714
0.1906903819181025
0.19540809094905853
0.19352123187854886
0.1967245708219707
0.19737597927451134
0.19079408515244722
0.18814419116824865
0.18689418630674481
0.18747740099206567
0.19577293004840612
0.1995164779946208
0.19823704613372684
0.1972662452608347
0.1978316167369485
0.19805323192849755
0.197022442240268
0.19807760836556554
0.19749495713040233
0.19741282612085342
0.1969593521207571
0.1949281021952629
0.19331314228475094
0.19348377082496881
0.19460495095700026
0.1966629782691598
0.19542725710198283
0.19380463240668178
0.18905407609418035
0.1875940072350204
0.19125430705025792
0.19558523409068584
0.19922371301800013
0.1993542928248644
0.19947127485647798
0.19980594469234347
0.19849409814924002
0.19806745601817966
0.1981853749603033
0.19879248132929206
0.199066910892725
0.19813029328361154
0.20013742009177804
0.19656044198200107
0.19675017101690173
0.1933299321681261
0.19247422786429524
0.1940303361043334
0.19368258118629456
0.19779915641993284
0.19682154385372996
0.19470197288319468
0.1901724892668426
0.19378108996897936
0.19823722075670958
0.1982242977246642
0.19734259694814682
0.19776248279958963
0.1972028473392129
0.1968188527971506
0.19769028294831514
0.19643641216680408
0.1968844193033874
0.19775930885225534
0.1969842747785151
0.19858526485040784
0.19630469381809235
0.1960901841521263
0.19421530002728105
0.19387186598032713
0.19188651582226157
0.19630738534033298
0.19558749813586473
0.19665344571694732
0.19435595208778977
0.19147945381700993
0.1942592249251902
0.19834101293236017
0.1967583717778325
0.19752566516399384
0.19785510189831257
0.1962259029969573
0.19696881668642163
0.19765930203720927
0.19640541495755315
0.19691546820104122
0.1978000090457499
0.1969290287233889
0.19799999799579382
0.1959679857827723
0.1963020428083837
0.1950892759487033
0.19236537627875805
0.19300708267837763
0.1951768039725721
0.1939032096415758
