0.113321035169065
0.11161110131070018
0.10852545918896794
0.1128263515420258
0.110547149553895
0.10953189060091972
0.10789269302040339
0.10956626059487462
0.10921726888045669
0.11168158194050193
0.11265667714178562
0.1098373900167644
0.10977905476465821
0.10961630893871188
0.10890557011589408
0.10715287644416094
0.10685732588171959
0.10535182291641831
0.11054594768211246
0.11334762303158641
0.10946011822670698
0.10761977406218648
0.10890612564980984
0.10939771588891745
0.11182235600426793
0.11225923197343946
0.10957904299721122
0.10938091669231653
0.10918346978724003
0.10700510768219829
0.10555476881563663
0.10460340417921543
0.10498758079484105
0.1049675066024065
0.10509601002559066
0.10949000902473927
0.11371843283995986
0.10936763696372509
0.1092863567173481
0.10773447016254067
0.10985156334936619
0.11185052432119846
0.11268110480159521
0.10959106218069792
0.10965340305119753
0.10938272764906287
0.10796840908005834
0.10914569115266204
0.10925121698528528
0.10699240118265152
0.10979886911809444
0.11171228205785155
0.11022974504157901
0.10856893705204129
0.11073140008375049
0.11144179664552212
0.11088566016405821
0.10980058507993817
0.10919179208576679
0.10782938916236162
0.1067002471536398
0.1061823214404285
0.10560517013072968
0.11059593176469207
0.11428755288943648
0.10907818097621202
0.10765827121213078
0.10913320304825902
0.10971296112984419
0.11141705606132746
0.11172477528452873
0.11001518741250038
0.11099740210920572
0.109760123770684
0.10952399903908372
0.10846883477643132
0.10704329889267683
0.107580138836056
0.10931717790663242
0.11185225378721952
0.10901839286088943
0.10736498422920704
0.1088481298647821
0.10979559132829309
0.11044200928881764
0.10996470926329494
0.10955668520182371
0.1093081901781261
0.11003208020702004
0.10839352617040277
0.10669005289673805
0.10615656338632107
0.10553988581523299
0.1062239846214652
0.10599321778863668
0.10993489343672991
0.11274840403348207
0.10995103931054473
0.10787785332649946
0.11129633663222194
0.11153530701994896
0.11028225114569068
0.10940487077459693
0.10813127597793937
0.10755961388349533
0.1059523499570787
0.10576143395155668
0.10462729632854462
0.10440617613494396
0.10404804954305291
0.10424026288092136
0.10429052310064435
0.10539570916444063
0.10504565900191665
0.1074436935596168
0.11016013892367482
0.10970961581915617
0.11012346995994449
0.10982096195220947
0.10964715061709285
0.11279647797346115
0.11288025882095098
0.10930167324841022
0.10936111677438021
0.10958340298384428
0.10789810679852962
0.10643805284053087
0.10582514805719256
0.10504561988636851
0.10510117094963789
0.10547169810160995
0.11005163192749023
0.11392315803095698
0.10887766908854246
0.10801761876791716
0.1082609542645514
0.10932985506951809
0.11148997629061341
0.11240368010476232
0.10898674884811044
0.11020173085853457
0.1091320482082665
0.10890650609508157
0.1095762848854065
0.11007135594263673
0.11110127018764615
0.10979798762127757
0.10889361333101988
0.10967743955552578
0.10899827908724546
0.10981484781950712
0.11023425590246916
0.10986197600141168
0.10927036125212908
0.1086058160290122
0.10753775620833039
0.10614181589335203
0.10580880893394351
0.10624293424189091
0.10898040980100632
0.11197023605927825
0.1088664117269218
0.10934391105547547
0.10844394285231829
0.1088976887986064
0.10818628687411547
0.10822659591212869
0.11136324610561132
0.11079788021743298
0.11047632014378905
0.10933113703504205
0.10812015365809202
0.10721036279574037
0.10541414888575673
0.10543559305369854
0.10581957874819636
0.11064599314704537
0.11368308076635003
0.10902707697823644
0.10745011828839779
0.11127670994028449
0.10964356875047088
0.11000176426023245
0.1101860017515719
0.11031414661556482
0.1097222501412034
0.10861249687150121
0.10859481291845441
0.10739123588427901
0.1062726704403758
0.10620833793655038
0.1089895167388022
0.11216227011755109
0.1089461469091475
0.10769396787509322
0.10797691019251943
0.10739856585860252
0.10958375316113234
0.11061002593487501
0.10986738698557019
0.1093222233466804
0.11084114201366901
0.10913095297291875
0.10767768928781152
0.10804395703598857
0.10600154520943761
0.10661867307499051
0.10555190918967128
0.11001620395109057
0.11192576121538877
0.10909911198541522
0.10736475884914398
0.10922520002350211
0.10922678699716926
0.10972201218828559
0.1091265669092536
0.10982879903167486
0.10884117521345615
0.11101279268041253
0.10920837195590138
0.10797188989818096
0.10662360303103924
0.10638645477592945
0.10775277204811573
0.10878370003774762
0.10807483410462737
0.10934340674430132
0.10868061520159245
0.10798524226993322
0.11094511393457651
0.11065070098266006
0.1099248849786818
0.10971056995913386
0.10826490772888064
0.10798226296901703
0.10633154911920428
0.10633324505761266
0.10474483203142881
0.1044605290517211
0.10378431063145399
0.10409131087362766
0.10348706319928169
0.10451579513028264
0.1046434841118753
0.1054496611468494
0.10513342078775167
0.10966712795197964
0.11236572824418545
0.10948358196765184
0.10809660330414772
0.10899445693939924
0.10984033718705177
0.11034964490681887
0.1105178240686655
0.11101829074323177
0.10916074691340327
0.10719209397211671
0.10763437766581774
0.10562361031770706
0.10591580299660563
0.1044243248179555
0.10492065269500017
0.10483093000948429
0.10574382822960615
0.10623417096212506
0.10992172127589583
0.11269795102998614
0.10884561017155647
0.10725675290450454
0.10854266723617911
0.11011526128277183
0.10948784137144685
0.11033396515995264
0.10906288027763367
0.10827727522701025
0.107168341986835
0.10740487184375525
0.1052345116622746
0.10465471679344773
0.10380301903933287
0.1043283618055284
0.10428830608725548
0.10503714112564921
0.10465997224673629
0.10751222399994731
0.1082075098529458
0.10902280313894153
0.11102135013788939
0.10888572875410318
0.10802430380135775
0.11103488598018885
0.11118813278153539
0.11052672704681754
0.1088466951623559
0.10874805320054293
0.10725423227995634
0.10543127870187163
0.10511093214154243
0.10403799405321479
0.10351884504780173
0.10379127506166697
0.10390494903549552
0.10402767825871706
0.10413010325282812
0.10494738724082708
0.10836011078208685
0.10768941510468721
0.10954076703637838
0.11891517089679837
0.11030516680330038
0.1097659575752914
0.11255077691748738
0.1122411098331213
0.11008564289659262
0.10886911768466234
0.10704349586740136
0.10731501784175634
0.10597691731527448
0.10585095174610615
0.10416714288294315
0.10457941330969334
0.10506678791716695
0.10551708098500967
0.10694496193900704
0.10957743041217327
0.11060132412239909
0.11063928669318557
0.10821168916299939
0.10985666327178478
0.11142537696287036
0.11118925176560879
0.10974827082827687
0.10871359519660473
0.1077707726508379
0.10512979701161385
0.10550556005910039
0.10633268905803561
0.11085835797712207
0.11399201769381762
0.10910487594082952
0.10813647275790572
0.1100056879222393
0.11002793908119202
0.11512923985719681
0.1114022871479392
0.11159516079351306
0.1102396878413856
0.10819253511726856
0.10822441801428795
0.10723896604031324
0.10628708079457283
0.10877494979649782
0.110657699406147
0.11267679883167148
0.1086707441136241
0.10800749668851495
0.109879519790411
0.11075598699972034
0.11147421598434448
0.10961062181740999
0.11154065700247884
0.11009778501465917
0.10813985392451286
0.10817548539489508
0.10676238778978586
0.1080007147975266
0.10999444266781211
0.10806115809828043
0.10927001526579261
0.107724335975945
0.10785990580916405
0.10917389206588268
0.10970110120251775
0.11054500006139278
0.11053484631702304
0.1093654022552073
0.10988273657858372
0.10875969799235463
0.10797648131847382
0.10667443322017789
0.10651505179703236
0.10545281413942575
0.10702423704788089
0.10846122400835156
0.10871580801904202
0.10935929603874683
0.10790377296507359
0.10706501267850399
0.10890577221289277
0.10857674200087786
0.11052195122465491
0.11154667707160115
0.10933348210528493
0.10855318186804652
0.10946111707016826
0.10774471424520016
0.10599711583927274
0.10503361886367202
0.10398401087149978
0.10489607090130448
0.10506009822711349
0.10826738458126783
0.11133782099932432
0.10813040193170309
0.10844418639317155
0.10845622979104519
0.1084325578995049
0.11186290811747313
0.11197578487917781
0.10833984892815351
0.108574781101197
0.10951266204938293
0.10985072515904903
0.108100316952914
0.10720043396577239
0.10546130407601595
0.10605144966393709
0.10533396294340491
0.1094664498232305
0.11235264223068953
0.10866328002884984
0.10862141288816929
0.10942820087075233
0.10924732824787498
0.11029364308342338
0.11067107506096363
0.10795827023684978
0.10903485491871834
0.11092261131852865
0.10979834012687206
0.10872424999251962
0.10810810001567006
0.10797889903187752
0.10862212209030986
0.11060406127944589
0.10842561908066273
0.10815544985234737
0.10731888702139258
0.10716139897704124
0.11330248415470123
0.11272198194637895
0.10764564713463187
0.1086226929910481
0.11051244288682938
0.1095288977958262
0.10818207077682018
0.10713016893714666
0.1055245571769774
0.1067496701143682
0.1075906460173428
0.10823077801615
0.10986846592277288
0.10855223098769784
0.10731656709685922
0.11036551836878061
0.11029521515592933
0.10932268295437098
0.10960460267961025
0.10888871178030968
0.10881440388038754
0.11053359881043434
0.1100205178372562
0.10814571706578135
0.10853920970112085
0.10667790099978447
0.1084379330277443
0.11042085289955139
0.10963998874649405
0.10770069202408195
0.10861582402139902
0.1090287072584033
0.11008139420300722
0.11078461399301887
0.10858529107645154
0.10808246210217476
0.10709325224161148
0.10728535382077098
0.10578252887353301
0.10480920178815722
0.10374071029946208
0.10425638221204281
0.10432203998789191
0.10418046126142144
0.10459871124476194
0.10505658108741045
0.10504685901105404
0.10693446779623628
0.10887058498337865
0.10847678361460567
0.10973660601302981
0.1080735931172967
0.10720825009047985
0.11042800033465028
0.11027095466852188
0.11001915857195854
0.10975700011476874
0.1094570797868073
0.1085154889151454
0.1083516851067543
0.10818544402718544
0.10730851395055652
0.1067977980710566
0.1057990682311356
0.10714607080444694
0.11043387139216065
0.10739527782425284
0.10757319489493966
0.10809610970318317
0.10820458782836795
0.1104835313744843
0.10961665585637093
0.10890530934557319
0.10948112607002258
0.10809836024418473
0.10776589019224048
0.10647199442610145
0.10693639004603028
0.10514175705611706
0.1046549491584301
0.10335090523585677
0.10350960027426481
0.1036620419472456
0.10351211065426469
0.10337253520265222
0.1040882128290832
0.10404469165951014
0.10371429426595569
0.10479034204035997
0.10953894816339016
0.11222527315840125
0.10836730804294348
0.10745182912796736
0.1082860310561955
0.1076581641100347
0.10965459188446403
0.10947096301242709
0.1092220083810389
0.10873277392238379
0.1105422331020236
0.10977798840031028
0.10823575733229518
0.10737841203808784
0.10619799280539155
0.10583210177719593
0.10542096104472876
0.10851496877148747
0.11081779329106212
0.10749335121363401
0.10783407604321837
0.10618762811645865
0.10664324788376689
0.1104221511632204
0.11062323302030563
0.10844981810078025
0.10848779696971178
0.10947346733883023
0.11048497166484594
0.10765372682362795
0.10782894399017096
0.10715996520593762
0.1070810598321259
0.10606233682483435
0.10668294131755829
0.10735287610441446
0.10859890328720212
0.10956349410116673
0.10822079796344042
0.10675868298858404
0.1101802852936089
0.10953660076484084
0.10871795006096363
0.10838251188397408
0.10949184419587255
0.11014555022120476
0.10897083394229412
0.10839550383388996
0.10712959105148911
0.10613383771851659
0.10511213587597013
0.1055643749423325
0.10589624987915158
0.10895237606018782
0.11107643460854888
0.10839053895324469
0.10792268626391888
0.1075480249710381
0.10742211295291781
0.11037944722920656
0.11057471530511975
0.10823197476565838
0.1078460244461894
0.11021083127707243
0.11000703880563378
0.10763744497671723
0.10760531993582845
0.10585718788206577
0.10546826804056764
0.1052343319170177
0.10829921066761017
0.11036996403709054
0.10753590194508433
0.10783767886459827
0.10760356020182371
0.10734803089872003
0.10848822304978967
0.10907540703192353
0.10936215939000249
0.10943289985880256
0.10915189795196056
0.10866565583273768
0.11048287199810147
0.10890464903786778
0.10826616454869509
0.1080031767487526
0.10646810801699758
0.10798911517485976
0.11147822579368949
0.10749363899230957
0.10792521992698312
0.10760919330641627
0.10741962306201458
0.10826902510598302
0.10965695511549711
0.10886891419067979
0.1093288017436862
0.10802767286077142
0.10735853295773268
0.1054261988028884
0.1054939148016274
0.10519538028165698
0.10453617898747325
0.10400144709274173
0.10437515005469322
0.10316949896514416
0.10378050897270441
0.10380624420940876
0.10398369189351797
0.10437455773353577
0.10444120317697525
0.10422865115106106
0.1062363707460463
0.10727875214070082
0.10936658922582865
0.11152865132316947
0.10844264272600412
0.10715087782591581
0.10872411727905273
0.10912982281297445
0.11116015771403909
0.11074690567329526
0.10890494706109166
0.10890049627050757
0.10932020796462893
0.10810396587476134
0.10647440794855356
0.10555174155160785
0.1050095222890377
0.10473969485610723
0.10502421017736197
0.1083499863743782
0.11196901183575392
0.10758796986192465
0.10797793185338378
0.10727694071829319
0.10746451932936907
0.11242626002058387
0.11062623001635075
0.10960394097492099
0.10898440983146429
0.11007863888517022
0.10928697418421507
0.10838166205212474
0.10756168374791741
0.10602242685854435
0.10600973386317492
0.10501852910965681
0.10632873885333538
0.10814857110381126
0.10837499937042594
0.10994379362091422
0.10849371273070574
0.10781096993014216
0.10953540774062276
0.11041092127561569
0.10908692702651024
0.10842168796807528
0.1088252728804946
0.1082559428177774
0.10592774394899607
0.10559436492621899
0.10511415498331189
0.10469394084066153
0.10392721788957715
0.10363438026979566
0.10389186581596732
0.10337111726403236
0.10388781083747745
0.10433263191953301
0.1042845188640058
0.10410224506631494
0.10511524882167578
0.10852894000709057
0.11292212689295411
0.10819561500102282
0.10826418409124017
0.10659487312659621
0.10632103402167559
0.10912637412548065
0.11112310085445642
0.10984141193330288
0.10977169405668974
0.10845620557665825
0.10722701111808419
0.1048371372744441
0.10547788022086024
0.10468246089294553
0.10453120106831193
0.10367182409390807
0.10388874961063266
0.10429710103198886
0.10398655198514462
0.10400555795058608
0.10477373003959656
0.10439205029979348
0.10587474191561341
0.10724827228114009
0.11035592062398791
0.1127261919900775
0.10925823682919145
0.10855317115783691
0.10989764286205173
0.11228073993697762
0.11064421897754073
0.1093579800799489
0.10836245818063617
0.10750273708254099
0.10631906613707542
0.10502334078773856
0.1064673401415348
0.10591471521183848
0.1049715499393642
0.10495239589363337
0.1049264632165432
0.10740997083485126
0.11158344801515341
0.10816729301586747
0.10907990764826536
0.10946744820103049
0.10913420794531703
0.11091970698907971
0.11056513013318181
0.11079847114160657
0.10999565199017525
0.1074294880963862
0.1077171741053462
0.10652539879083633
0.1071045626886189
0.10796362766996026
0.10944658797234297
0.11145672295242548
0.10957022989168763
0.10809135204181075
0.1091716350056231
0.10906037501990795
0.11006706207990646
0.11093657976016402
0.11001256387680769
0.10910723730921745
0.10864361003041267
0.10745872976258397
0.10689742164686322
0.10646058199927211
0.10628981981426477
0.10966523317620158
0.11280198395252228
0.10874295886605978
0.10770945809781551
0.10894255386665463
0.11000855965539813
0.10920571815222502
0.10805692803114653
0.11029193783178926
0.10961308190599084
0.11073563387617469
0.10978679871186614
0.10780619597062469
0.10788969090208411
0.10721777705475688
0.10742143634706736
0.10910906177014112
0.10877331020310521
0.1095006950199604
0.10820894269272685
0.10813095886260271
0.11020689783617854
0.1093124938197434
0.11027411697432399
0.11055870493873954
0.10903501091524959
0.10883684316650033
0.10929005267098546
0.10767670487985015
0.1064171097241342
0.10741734923794866
0.10650413203984499
0.109947738237679
0.11385408183559775
0.10931355273351073
0.10831837076693773
0.10991821996867657
0.1085623949766159
0.1113079572096467
0.11184895783662796
0.1104968530125916
0.10970093589276075
0.11149589996784925
0.11090699816122651
0.10996097372844815
0.11004724213853478
0.10954814497381449
0.1090585459023714
0.10990445222705603
0.10975315002724528
0.10895839519798756
0.10919810319319367
0.10962318489328027
0.11072440119460225
0.110268983989954
0.1082902061752975
0.1073919772170484
0.10599547019228339
0.10565663687884808
0.10591705609112978
0.10510582709684968
0.10424571484327316
0.10449722222983837
0.10478968964889646
0.10531432973220944
0.10489685786888003
0.10984862595796585
0.11222947109490633
0.10822133999317884
0.1078430931083858
0.10965383378788829
0.11079979641363025
0.10861484427005053
0.10849436279386282
0.10876720491796732
0.1088054901920259
0.10680757602676749
0.10626122867688537
0.10538399312645197
0.10517798503860831
0.10501295421272516
0.10496854595839977
0.10374163370579481
0.10380930220708251
0.10401944117620587
0.10477339895442128
0.1040660860016942
0.10556476889178157
0.10615315986797214
0.10981780476868153
0.11287716683000326
0.10889022471383214
0.10738444281741977
0.10882393922656775
0.11030336609110236
0.11036347597837448
0.10934522096067667
0.109217737801373
0.10772763704881072
0.10637896088883281
0.10654680570587516
0.10514930030331016
0.10498189507052302
0.10461294604465365
0.10376621782779694
0.10380125511437654
0.10443436307832599
0.10468301828950644
0.1046434291638434
0.10501002706587315
0.1101241041906178
0.11308212764561176
0.10830378578975797
0.10725554591044784
0.11066762404516339
0.11089280201122165
0.10981899593025446
0.11012038215994835
0.10850787162780762
0.1092042769305408
0.108406119979918
0.1071778261102736
0.10535024665296078
0.1049675727263093
0.10361974127590656
0.10424504475668073
0.10414353711530566
0.10439470503479242
0.10425725532695651
0.10666683223098516
0.10851674806326628
0.109277225099504
0.1110588638111949
0.10837599588558078
0.10829637898132205
0.11104811076074839
0.10974413389340043
0.11037545884028077
0.10905774310231209
0.1080150636844337
0.10813226085156202
0.10760475881397724
0.10740023059770465
0.10538019798696041
0.10475862864404917
0.10357877472415566
0.10450200317427516
0.10454171383753419
0.10514418501406908
0.10578794497996569
0.10973145766183734
0.11330855917185545
0.10853606602177024
0.10707066906616092
0.1098518529906869
0.11067338101565838
0.10992143303155899
0.10900699207559228
0.10895680682733655
0.10872411075979471
0.11033993726596236
0.1097120251506567
0.10821515880525112
0.10768916364759207
0.10642149206250906
0.10901345778256655
0.11105562327429652
0.10835517104715109
0.10782885923981667
0.10900410916656256
0.10883563105016947
0.11028909403830767
0.11066461494192481
0.10918732499703765
0.10889060702174902
0.10844631213694811
0.10801295191049576
0.10683673620223999
0.10573174199089408
0.10486308392137289
0.10384686570614576
0.1042504389770329
0.10449178935959935
0.10505959717556834
0.1063040760345757
0.10842034220695496
0.10871396400034428
0.11063293507322669
0.10868925414979458
0.10832794988527894
0.11028265906497836
0.11190745513886213
0.11046593310311437
0.10921299504116178
0.1074409787543118
0.10681449435651302
0.10485474998131394
0.10455835796892643
0.10408771876245737
0.10399855487048626
0.10321202501654625
0.10358531773090363
0.10368507215753198
0.1041502607986331
0.10410419711843133
0.10431081894785166
0.10477528301998973
0.10493696667253971
0.10558131989091635
0.11066555511206388
0.11324877897277474
0.10872571030631661
0.10706230718642473
0.11144914897158742
0.11112873815000057
0.11027246294543147
0.10938043985515833
0.10963566694408655
0.11046554101631045
0.10928487405180931
0.10841794405132532
0.1077610831707716
0.10647843079641461
0.10642809513956308
0.1092217811383307
0.11263117799535394
0.10807188274338841
0.10697433492168784
0.10731557430699468
0.10841220710426569
0.11218389216810465
0.11264645727351308
0.10776184080168605
0.10788533184677362
0.10719797108322382
0.1085087233223021
0.10700113885104656
0.1059494698420167
0.10405380511656404
0.10395915620028973
0.10327521106228232
0.10460414690896869
0.10376011906191707
0.10611189296469092
0.10549142491072416
0.11049528606235981
0.11360779218375683
0.1093027968890965
0.10765164205804467
0.10864115878939629
0.10965704498812556
0.11139796022325754
0.11083871405571699
0.10859699593856931
0.10900564584881067
0.10884958878159523
0.10682721110060811
0.10610585520043969
0.10524537181481719
0.10428347298875451
0.10443714540451765
0.10437676403671503
0.1050893827341497
0.1068518259562552
0.10969959711655974
0.11230683280155063
0.10911092488095164
0.10865963343530893
0.1117896749638021
0.11129860393702984
0.1097772978246212
0.10905937803909183
0.10782114369794726
0.10742540005594492
0.10551187302917242
0.1059067016467452
0.10490792384371161
0.10453053191304207
0.1034937808290124
0.10385538311675191
0.1038115699775517
0.10455721663311124
0.10444108117371798
0.10459507629275322
0.1053395988419652
0.11052198288962245
0.11313592502847314
0.10865052975714207
0.10731482598930597
0.10920024290680885
0.10946307238191366
0.11035978281870484
0.1112194349989295
0.10959780495613813
0.10894922073930502
0.10805512685328722
0.10691601783037186
0.10524250101298094
0.10505474265664816
0.103965955786407
0.1037319041788578
0.10407162411138415
0.10406677611172199
0.10431719198822975
0.1054876958951354
0.10729967476800084
0.11007128190249205
0.11427441518753767
0.10912740370258689
0.10905792191624641
0.10905314097180963
0.11137123592197895
0.11032463703304529
0.10913414694368839
0.10859637102112174
0.10787210473790765
0.10621038731187582
0.10532951029017568
0.10342054720968008
0.1042620362713933
0.10349486256018281
0.10386457806453109
0.10377424396574497
0.10475942818447948
0.10427177604287863
0.10484243929386139
0.10525103705003858
0.11124751390889287
0.11404192028567195
0.10981575818732381
0.10809301910921931
0.11224785074591637
0.11181891476735473
0.11041230103000998
0.10940488008782268
0.10883378516882658
0.10824551712721586
0.10623428365215659
0.10525443777441978
0.10361856874078512
0.10367187997326255
0.10381491389125586
0.10405943915247917
0.10422346601262689
0.10449580196291208
0.10494883684441447
0.106812315993011
0.10689038317650557
0.1100569381378591
0.11416656523942947
0.10993437236174941
0.1102696661837399
0.11252377927303314
0.11314243311062455
0.1091601150110364
0.11056822072714567
0.10952745797112584
0.10967376315966249
0.10980190988630056
0.10979631775990129
0.10825822502374649
0.1091201868839562
0.11145533109083772
0.11120146606117487
0.10938688600435853
0.11005137395113707
0.11097609717398882
0.11075949529185891
0.10926261683925986
0.10844289977103472
0.10770845226943493
0.10638895770534873
0.10530650289729238
0.10594194894656539
0.11098157288506627
0.11430369270965457
0.10897104907780886
0.10745872324332595
0.11063936073333025
0.11006304481998086
0.11159223224967718
0.11054945085197687
0.10982926934957504
0.10977508034557104
0.10766449104994535
0.10665286518633366
0.105445496737957
0.10569158708676696
0.10504869883880019
0.10927810007706285
0.1118094059638679
0.10972877172753215
0.1108072642236948
0.10912736924365163
0.10807940876111388
0.1083378279581666
0.10676160175353289
0.10907824290916324
0.11005809297785163
0.11088378680869937
0.10945973033085465
0.10888409242033958
0.10813573887571692
0.10665185004472733
0.10558085516095161
0.1060813800431788
0.11037620296701789
0.11328223999589682
0.10881641367450356
0.10696360003203154
0.11009338311851025
0.110199891962111
0.11067462107166648
0.11083395080640912
0.10929626319557428
0.10867895977571607
0.10880704177543521
0.1081633954308927
0.10582634806632996
0.10669434117153287
0.10505876364186406
0.10463721910491586
0.10576773202046752
0.11006254516541958
0.11313242232427001
0.10855459608137608
0.10654893517494202
0.10838436707854271
0.10887326719239354
0.10905085504055023
0.10754517326131463
0.10985257010906935
0.10993502801284194
0.1109860148280859
0.10894422186538577
0.1086319680325687
0.10814642999321222
0.10639629326760769
0.10878124972805381
0.11090691573917866
0.10913335205987096
0.10927504394203424
0.10843585431575775
0.10792557708919048
0.10975622572004795
0.11032631993293762
0.1114614112302661
0.1104409471154213
0.11078343819826841
0.10995258716866374
0.1089026271365583
0.10810595890507102
0.10613268287852407
0.10676629282534122
0.10772910201922059
0.10944211203604937
0.1105658751912415
0.10874722013249993
0.10820766538381577
0.10987936705350876
0.10991517594084144
0.1114766551181674
0.11074264673516154
0.10957317193970084
0.10947133181616664
0.10888188611716032
0.10758563783019781
0.10611789301037788
0.10589882684871554
0.1055143610574305
0.10679699899628758
0.10940852481871843
0.10923978732898831
0.10948902787640691
0.10991151118651032
0.10877862479537725
0.11027815705165267
0.11088488204404712
0.11092699691653252
0.1100618727505207
0.10839879792183638
0.10824195900931954
0.10586196416988969
0.10524762980639935
0.1046538706868887
0.1045699049718678
0.10418327199295163
0.10525892022997141
0.10481050703674555
0.1080433176830411
0.10866028815507889
0.10981483804062009
0.11180313490331173
0.10965995397418737
0.10926578054204583
0.1106984680518508
0.11093308171257377
0.11100480426102877
0.10970506956800818
0.10871472721919417
0.10927386907860637
0.10714160371571779
0.10693324590101838
0.10569042200222611
0.10579285770654678
0.10576232895255089
0.1099485969170928
0.11322734458371997
0.10929418122395873
0.10807976685464382
0.11083678575232625
0.11183509090915322
0.11036594770848751
0.10971153201535344
0.10839610267430544
0.10832638433203101
0.10624251700937748
0.1065662419423461
0.10606451472267509
0.11070280009880662
0.11376336589455605
0.10894519835710526
0.10796008305624127
0.11027398472651839
0.11042584525421262
0.11080146580934525
0.11171131860464811
0.10970438085496426
0.11003928491845727
0.10980522213503718
0.10861342120915651
0.10729312291368842
0.10678330902010202
0.10508820367977023
0.10992724588140845
0.11312202084809542
0.10890399804338813
0.10868290904909372
0.10758721362799406
0.10886339377611876
0.1101460768841207
0.10978417797014117
0.11007010517641902
0.11031739320605993
0.1117612337693572
0.10979104088619351
0.10816492093726993
0.10770641220733523
0.10612170211970806
0.10827070893719792
0.10875251702964306
0.10947267431765795
0.11015111114829779
0.1091348403133452
0.10865382477641106
0.11009315587580204
0.11092641297727823
0.1103616300970316
0.10953592462465167
0.10891559300944209
0.10921772569417953
0.1074049212038517
0.10657127480953932
0.1053272457793355
0.10513698076829314
0.10532855708152056
0.10543753672391176
0.10573492618277669
0.11024949187412858
0.11330804880708456
0.10933362506330013
0.10802099900320172
0.11218103393912315
0.11246929597109556
0.10955383302643895
0.10946942400187254
0.10775617230683565
0.10775245120748878
0.10601974092423916
0.10606881696730852
0.10435683373361826
0.10471279406920075
0.10444709938019514
0.10489412769675255
0.10492444410920143
0.1062334543094039
0.10687112109735608
0.11140763014554977
0.11420842818915844
0.11046232003718615
0.11000863276422024
0.11289639584720135
0.11374639719724655
0.1111341342329979
0.11090871505439281
0.10688481200486422
0.10895957611501217
0.10844584042206407
0.1117262258194387
0.11465545929968357
0.1104195611551404
0.1094148070551455
0.11141731590032578
0.10994783043861389
0.11081697512418032
0.11167194973677397
0.11074898112565279
0.10988051909953356
0.10854882700368762
0.10838664136826992
0.10714482516050339
0.1102153081446886
0.1126935388892889
0.10929958010092378
0.1083440063521266
0.11072526220232248
0.10999184288084507
0.11061970423907042
0.11116779781877995
0.11016043368726969
0.10933736944571137
0.10912255477160215
0.10867859562858939
0.10742322076112032
0.10758437681943178
0.10625300090759993
0.10987648321315646
0.11282377410680056
0.1090118819847703
0.1082992977462709
0.11055265739560127
0.11084563378244638
0.10951742716133595
0.11003146367147565
0.10922924196347594
0.10909020295366645
0.10932908626273274
0.10864221304655075
0.10669319797307253
0.10627045016735792
0.10448760539293289
0.10536822117865086
0.10567981190979481
0.11034546000882983
0.11261934787034988
0.10917221894487739
0.10737153794616461
0.11029737582430243
0.11034974083304405
0.11000864766538143
0.11052882811054587
0.1084804218262434
0.10907941777259111
0.10844650492072105
0.10704664001241326
0.10601623822003603
0.10544020915403962
0.10419640317559242
0.10437144199386239
0.1047744881361723
0.10505888285115361
0.10651456983759999
0.10971309011802077
0.11257188627496362
0.10846573300659657
0.10747645562514663
0.1107001262716949
0.11064186925068498
0.10980993509292603
0.11037615686655045
0.10874604200944304
0.1093111913651228
0.10740664787590504
0.10679857432842255
0.10831062914803624
0.10704014403745532
0.10540899867191911
0.1060288529843092
0.10559643991291523
0.10948956198990345
0.11167360283434391
0.1094974959269166
0.10785580798983574
0.1094437362626195
0.10945537220686674
0.11041166866198182
0.11152367712929845
0.10971961403265595
0.10869419807568192
0.10763078788295388
0.10721388878300786
0.10630114609375596
0.11040351167321205
0.11367964185774326
0.11021824739873409
0.10873301234096289
0.1093148859217763
0.10899993823841214
0.1124476520344615
0.11205291002988815
0.10954027390107512
0.10919994628056884
0.1085716881789267
0.10884270956739783
0.10667552566155791
0.10658453311771154
0.10696910414844751
0.11013418110087514
0.11200127610936761
0.11016198573634028
0.10834429459646344
0.11040831403806806
0.1092794630676508
0.1103116599842906
0.11082771420478821
0.11015119263902307
0.1091477838344872
0.10900234477594495
0.1075157099403441
0.10600317688658834
0.10574016207829118
0.1054161679930985
0.1058793249540031
0.10776875028386712
0.10943165794014931
0.11203109519556165
0.10863173194229603
0.10770788323134184
0.11004865588620305
0.10975042544305325
0.11107753589749336
0.1107364553026855
0.10994161991402507
0.10999380238354206
0.10880609229207039
0.10893537802621722
0.10678182076662779
0.1069781263358891
0.10593703994527459
0.10963038122281432
0.11127376090735197
0.1086382633075118
0.10841697314754128
0.109749058727175
0.1092603737488389
0.11032950086519122
0.11093645123764873
0.1095745638012886
0.11002937098965049
0.10988956922665238
0.10952959395945072
0.10903432266786695
0.10824238928034902
0.10730982758104801
0.10849370434880257
0.1105241971090436
0.10868421476334333
0.10830021044239402
0.10692634899169207
0.10790181718766689
0.1097302408888936
0.109724260866642
0.1090315030887723
0.10908000031486154
0.11046432424336672
0.10976353380829096
0.10745604615658522
0.107810168992728
0.10557082341983914
0.10529125994071364
0.1050750301219523
0.10652162181213498
0.10730549087747931
0.10819138772785664
0.11014418816193938
0.10820749122649431
0.10696181561797857
0.10862214723601937
0.1087646409869194
0.10954905208200216
0.11048405803740025
0.10855813696980476
0.10897656111046672
0.10982671007514
0.10878986772149801
0.10771446395665407
0.10658086091279984
0.10568384174257517
0.10544300591573119
0.10542529402300715
0.10895103216171265
0.11139019811525941
0.10840516723692417
0.10713192401453853
0.10919768922030926
0.10981814516708255
0.10843378491699696
0.1086638867855072
0.10808734595775604
0.1081798579543829
0.10863630101084709
0.10815373668447137
0.10709857800975442
0.10674284119158983
0.10486781084910035
0.10444656293839216
0.10363739123567939
0.10477894404903054
0.10455275978893042
0.10521032894030213
0.1058140522800386
0.1101608551107347
0.1130018811672926
0.10849491273984313
0.10663414793089032
0.11064910609275103
0.11036605667322874
0.10972553305327892
0.10908943088725209
0.10932802129536867
0.11024171393364668
0.1088314768858254
0.10841878596693277
0.10992447333410382
0.10860034637153149
0.1082963002845645
0.10821604589000344
0.10930706607177854
0.10801383759826422
0.10727039678022265
0.10774038499221206
0.10850209789350629
0.11142708314582705
0.1117277629673481
0.10763515438884497
0.10863808076828718
0.10994899831712246
0.10919506009668112
0.107498774304986
0.10736337304115295
0.10544559499248862
0.10490687796846032
0.10546297486871481
0.10878329584375024
0.11120496271178126
0.10835566185414791
0.10760804871097207
0.10900052590295672
0.10897433012723923
0.11050014570355415
0.11092890286818147
0.10898315440863371
0.10894575202837586
0.10884247114881873
0.10795256122946739
0.10774785513058305
0.10688706208020449
0.10591969825327396
0.1057355641387403
0.10532444017007947
0.10826865583658218
0.1116947690024972
0.10767242778092623
0.10738170705735683
0.10828585596755147
0.10925693809986115
0.110383833758533
0.10963719291612506
0.10988639667630196
0.10929816402494907
0.10792580712586641
0.10713671706616879
0.10469711711630225
0.1049813237041235
0.10415094904601574
0.10393449990078807
0.10462548304349184
0.10440264502540231
0.10364289488643408
0.10452842293307185
0.1039736564271152
0.10416653892025352
0.10481091635301709
0.10984103614464402
0.11301916791126132
0.10807349486276507
0.10794841917231679
0.10654251836240292
0.10624404205009341
0.10957012977451086
0.11054333485662937
0.11003600619733334
0.10966521967202425
0.10980976279824972
0.1088335090316832
0.10812069615349174
0.10733265662565827
0.10617721313610673
0.10568956984207034
0.10537400795146823
0.10527093708515167
0.10745307384058833
0.10896398406475782
0.11098095122724771
0.10798659594729543
0.10685497708618641
0.10849631717428565
0.10949405515566468
0.10953080514445901
0.10947584919631481
0.10994571633636951
0.111003577709198
0.10856496868655086
0.1081911283545196
0.10749262198805809
0.10783958621323109
0.10567406611517072
0.10582688404247165
0.10775846661999822
0.10865910723805428
0.11080714967101812
0.10838115494698286
0.1066977228038013
0.10878865700215101
0.10851231403648853
0.11036497401073575
0.11073989421129227
0.1085376120172441
0.10881548887118697
0.10890947701409459
0.10803238861262798
0.10730176791548729
0.10660358099266887
0.10615191096439958
0.105314448941499
0.10577672906219959
0.10918279411271214
0.11184219177812338
0.10842889780178666
0.10801884392276406
0.10826209001243114
0.10830206098034978
0.11137347901239991
0.11230975668877363
0.108115263748914
0.10803693532943726
0.10840868204832077
0.10876003839075565
0.10779962269589305
0.10699933720752597
0.10574385384097695
0.10553659498691559
0.1051416452974081
0.10912094358354807
0.11126042297109962
0.10823419922962785
0.10811988497152925
0.10770696215331554
0.10630789212882519
0.11007030494511127
0.11101640108972788
0.10941573977470398
0.10884013772010803
0.10726182581856847
0.10657902294769883
0.1053532948717475
0.10512816393747926
0.10538673494011164
0.10411463817581534
0.10385616263374686
0.10448562307283282
0.10597327072173357
0.10565981362015009
0.10495258728042245
0.10563698224723339
0.10659875301644206
0.109546790830791
0.11322843004018068
0.10840131994336843
0.10725934617221355
0.10995433991774917
0.11034824186936021
0.10960775706917048
0.10914905089884996
0.10912618599832058
0.10871420986950397
0.1100275400094688
0.11042247526347637
0.10885182488709688
0.10906371893361211
0.10764441872015595
0.10797098698094487
0.1095768641680479
0.10827042208984494
0.1068687909282744
0.10838849702849984
0.10765484813600779
0.10964014427736402
0.10954469814896584
0.10982504114508629
0.10885201720520854
0.1081887069158256
0.10742895724251866
0.10583382286131382
0.10535997804254293
0.10600201087072492
0.10574474185705185
0.10364140896126628
0.1040463331155479
0.10445141885429621
0.10488495882600546
0.10515500279143453
0.10981742106378078
0.11225076904520392
0.1083138482645154
0.10768497595563531
0.10740344924852252
0.10865248925983906
0.11138764396309853
0.11214495496824384
0.10857362998649478
0.10901754489168525
0.10873893275856972
0.1090957373380661
0.1106421030126512
0.10983661888167262
0.1070412527769804
0.10871496004983783
0.10951744904741645
0.10875988285988569
0.10813448997214437
0.10623483592644334
0.10646549798548222
0.10880229063332081
0.10977196181192994
0.10971003817394376
0.10945205902680755
0.1075549446977675
0.10816384619101882
0.10660964995622635
0.10629509575664997
0.10528392344713211
0.10518180532380939
0.1042685559950769
0.10380319505929947
0.1038691638968885
0.10416586929932237
0.10445013176649809
0.10529133304953575
0.10607594577595592
0.10988081200048327
0.11394050903618336
0.10903013404458761
0.10736241098493338
0.10885264910757542
0.11043199803680182
0.10950472019612789
0.10936143808066845
0.10894907312467694
0.10849867202341557
0.10725151794031262
0.1070334860123694
0.1053942097350955
0.10525419609621167
0.10366106824949384
0.10412585781887174
0.10452020214870572
0.10483308183029294
0.10459629958495498
0.10664088232442737
0.10870072385296226
0.10930559085682034
0.11097972467541695
0.1096584782935679
0.1094052167609334
0.11077850637957454
0.1111639179289341
0.11122497403994203
0.1096675549633801
0.10907388804480433
0.10903545096516609
0.10673729795962572
0.10605633398517966
0.10500371502712369
0.10470477025955915
0.10493874689564109
0.10496181529015303
0.10602922597900033
0.11028241366147995
0.11346137104555964
0.10945156216621399
0.10806991066783667
0.1084865489974618
0.1112528401426971
0.11051491601392627
0.10983526892960072
0.10979514289647341
0.10889494977891445
0.10664673801511526
0.10688305785879493
0.10648237820714712
0.11098160594701767
0.11320899706333876
0.11033943528309464
0.10830643121153116
0.11064346926286817
0.10930028511211276
0.11145883798599243
0.11134739918634295
0.1106945569626987
0.11015107436105609
0.10884830867871642
0.10854352079331875
0.10722862370312214
0.10647524381056428
0.10639990400522947
0.11060425965115428
0.11365048261359334
0.1090272031724453
0.10866007534787059
0.11024670861661434
0.11014916794374585
0.10993147222325206
0.11031892290338874
0.1100037912838161
0.10968087613582611
0.10791439982131124
0.10805001622065902
0.1061096410267055
0.10646425187587738
0.10569043830037117
0.10993218002840877
0.1130509851500392
0.10893092025071383
0.10870852880179882
0.11002205591648817
0.10968923289328814
0.11097052041441202
0.11134215630590916
0.11072423402220011
0.11113143619149923
0.11108332825824618
0.10936529887840152
0.10886330716311932
0.10887975990772247
0.11046976922079921
0.10975616704672575
0.11133808782324195
0.10866773594170809
0.10982244974002242
0.11183688184246421
0.11230512894690037
0.11040402296930552
0.11053023673593998
0.10900483233854175
0.109563407022506
0.10935831582173705
0.10920734191313386
0.10737396031618118
0.10987532790750265
0.11251937178894877
0.10961005697026849
0.10899603413417935
0.10920605715364218
0.11010898556560278
0.11075703287497163
0.11133596999570727
0.10947810066863894
0.10876130359247327
0.10874315816909075
0.1096720932982862
0.10873236088082194
0.10956062097102404
0.11174628930166364
0.10833281697705388
0.10795036004856229
0.11050204373896122
0.10996855096891522
0.11161366291344166
0.11062408005818725
0.11017072899267077
0.11003278568387032
0.10816285712644458
0.1084149582311511
0.10679536405950785
0.10677349800243974
0.10720988176763058
0.10970115894451737
0.11228871298953891
0.10914116213098168
0.1076140571385622
0.1109565100632608
0.11025368189439178
0.11192803410813212
0.11051571136340499
0.1104246941395104
0.10937494691461325
0.10907552856951952
0.10747442813590169
0.10595779120922089
0.10650767013430595
0.10548194963485003
0.10934857092797756
0.11260428093373775
0.10900174081325531
0.10830492759123445
0.10923722200095654
0.11037894384935498
0.1104811611585319
0.11124591762199998
0.10949583118781447
0.1088678240776062
0.10787992691621184
0.10879176296293736
0.10688261408358812
0.10693511692807078
0.10440765600651503
0.10509587591513991
0.10494064074009657
0.10897493222728372
0.1109375529922545
0.10879335878416896
0.10892946878448129
0.10898389294743538
0.10759405000135303
0.10997556103393435
0.11145415203645825
0.11078251386061311
0.10949452500790358
0.10882332408800721
0.10784079786390066
0.1065384061075747
0.10560220386832952
0.10453833220526576
0.10455709882080555
0.10513906739652157
0.10538994939997792
0.10482779983431101
0.10768421273678541
0.11104018706828356
0.10886345477774739
0.1096873776987195
0.10884553007781506
0.10808253707364202
0.11061964510008693
0.11177430115640163
0.1100784563459456
0.10935163265094161
0.1085786228068173
0.10766390385106206
0.10687256511300802
0.10918133985251188
0.11129359621554613
0.10973428701981902
0.11024236818775535
0.10849052621051669
0.10893634613603354
0.10958319716155529
0.10895038209855556
0.11058646300807595
0.1108260229229927
0.11023406870663166
0.10933906491845846
0.10903714690357447
0.10823118779808283
0.10656654322519898
0.10875009512528777
0.11206158483400941
0.1090069031342864
0.11072786571457982
0.10951326508074999
0.10854349005967379
0.10812765220180154
0.10676061920821667
0.10860115708783269
0.10970504395663738
0.11046494822949171
0.11107842670753598
0.10889641102403402
0.10897906217724085
0.10782461008056998
0.10739379841834307
0.10774571122601628
0.1094797570258379
0.11128485389053822
0.1087283338420093
0.10749799525365233
0.1102364519611001
0.1092301569879055
0.11240701796486974
0.11096899583935738
0.10990831116214395
0.11004045186564326
0.10844647791236639
0.10786123014986515
0.10661085927858949
0.10692335292696953
0.10701957903802395
0.10952695598825812
0.11179931508377194
0.1088722008280456
0.10797812324017286
0.1080080820247531
0.10967439925298095
0.11025056382641196
0.11037806514650583
0.10889762174338102
0.10977613879367709
0.10948495380580425
0.10971526009961963
0.10965882893651724
0.10897287866100669
0.10701218713074923
0.10868517495691776
0.11010587774217129
0.10941126337274909
0.10788097931072116
0.10924828192219138
0.10958873201161623
0.10991422086954117
0.10923454212024808
0.10949827684089541
0.10957227973267436
0.10999338002875447
0.10946963028982282
0.10813627624884248
0.10750291962176561
0.10639823181554675
0.10736411390826106
0.1106798448599875
0.10829873522743583
0.10978483315557241
0.1084222299978137
0.10884802928194404
0.10898416675627232
0.10983037389814854
0.11068923212587833
0.11015063198283315
0.10792754823341966
0.10804674914106727
0.10957319987937808
0.10671132802963257
0.10555357160046697
0.1052996851503849
0.10490202670916915
0.10465159174054861
0.1048607137054205
0.10985494684427977
0.11263018287718296
0.10886610625311732
0.1079098698683083
0.11016669031232595
0.11051031993702054
0.10943814599886537
0.10898295603692532
0.10965794418007135
0.10769240325316787
0.106105653103441
0.10673681693151593
0.10581746930256486
0.10521793598309159
0.10421981709077954
0.10465422365814447
0.10450453218072653
0.10463894810527563
0.10484758298844099
0.10513288900256157
0.10626276023685932
0.11000113794580102
0.11329982476308942
0.10914425970986485
0.1078752288594842
0.10794260026887059
0.11036662524566054
0.11019605211913586
0.11079852702096105
0.10897937975823879
0.10927432868629694
0.10977186309173703
0.10872080875560641
0.10672582592815161
0.10672494303435087
0.10631509032100439
0.10696857189759612
0.10892619099467993
0.10905593261122704
0.1103460737504065
0.10981666995212436
0.10965742357075214
0.112391771748662
0.11174736684188247
0.11019905423745513
0.1095351711846888
0.10883470112457871
0.10935164708644152
0.10722369328141212
0.10608521709218621
0.10511783417314291
0.10533884027972817
0.10526498593389988
0.10625957977026701
0.10965293413028121
0.10922849271446466
0.11043396405875683
0.10985585814341903
0.10949145909398794
0.10994132235646248
0.11093689687550068
0.11088529275730252
0.1097953449934721
0.10847544996067882
0.10847440687939525
0.10642039030790329
0.10715216118842363
0.10978982085362077
0.10952501371502876
0.11044912412762642
0.10944994259625673
0.1085031758993864
0.10968342423439026
0.1090306849218905
0.11197040090337396
0.1106085842475295
0.11035858793184161
0.10962155601009727
0.10842393105849624
0.10750658297911286
0.10578906023874879
0.10594883793964982
0.10625811712816358
0.11042075324803591
0.11394437309354544
0.10904862498864532
0.10791122587397695
0.11071617295965552
0.10998374316841364
0.10974538326263428
0.1102904980070889
0.11022383300587535
0.10994804603978992
0.10895926505327225
0.10772786382585764
0.10618485370650887
0.10571149690076709
0.10584321664646268
0.11018584715202451
0.11274578794836998
0.10902544809505343
0.10823111375793815
0.10938751511275768
0.10941647784784436
0.10767955193296075
0.10749309184029698
0.1099857809022069
0.11021609418094158
0.11092247115448117
0.10984079213812947
0.10865468624979258
0.10763154784217477
0.10662092128768563
0.10683329310268164
0.10921464674174786
0.10893722111359239
0.11117936111986637
0.10849524103105068
0.10770673584192991
0.10837521124631166
0.1105042826384306
0.11120489099994302
0.11150367418304086
0.11044392455369234
0.11038014898076653
0.10815829923376441
0.10801585018634796
0.10613522911444306
0.10665434692054987
0.10694790491834283
0.1095714489929378
0.11200629267841578
0.10954378684982657
0.1076658139936626
0.1097709103487432
0.1103314608335495
0.1101012621074915
0.10901426803320646
0.10914921527728438
0.10928456904366612
0.11138099059462547
0.11093343375250697
0.10950382286682725
0.10902333399280906
0.10827328823506832
0.10908350814133883
0.11043821880593896
0.10925286123529077
0.10905814403668046
0.10944422520697117
0.11056473385542631
0.11008839122951031
0.110285724978894
0.10867132805287838
0.10811425233259797
0.10558913182467222
0.10641612019389868
0.1058408203534782
0.10574764804914594
0.10476257605478168
0.10506552970036864
0.10517197474837303
0.10587957315146923
0.10676154121756554
0.11050459370017052
0.11285531893372536
0.10973376175388694
0.10877278540283442
0.1101966337300837
0.11123397201299667
0.1107785040512681
0.11008405685424805
0.10858698096126318
0.10797578888013959
0.10594755178317428
0.10692010121420026
0.10737576289102435
0.11063366616144776
0.11429375084117055
0.10974292317405343
0.10911292908713222
0.11040990334004164
0.11003005830571055
0.11019869614392519
0.11069067288190126
0.1111663649789989
0.11027145897969604
0.108537832275033
0.10816276120021939
0.10600196197628975
0.10759151494130492
0.10932239005342126
0.11043621925637126
0.11115245707333088
0.10905115399509668
0.1081225173547864
0.11011371994391084
0.11092188581824303
0.11157202674075961
0.11072250967845321
0.11143944784998894
0.11011717794463038
0.10915092891082168
0.10881588468328118
0.10708739375695586
0.11003773985430598
0.1128129418939352
0.1094057192094624
0.10858283471316099
0.10903477156534791
0.11012295912951231
0.11062527680769563
0.11097258888185024
0.1094037271104753
0.10989151196554303
0.11189520638436079
0.11091980198398232
0.10924954200163484
0.10959926899522543
0.10918346792459488
0.10865027410909534
0.10907857399433851
0.10963820200413465
0.10967381810769439
0.11221609590575099
0.1110491817817092
0.11068490194156766
0.10936750378459692
0.10881360527127981
0.10859406925737858
0.10647108778357506
0.10968747176229954
0.11326225101947784
0.10934474924579263
0.10917034978047013
0.1086715729907155
0.10910974722355604
0.10716002201661468
0.10729740373790264
0.10772051475942135
0.10970661509782076
0.11213082214817405
0.11143526481464505
0.1086407951079309
0.10926161194220185
0.10727479308843613
0.10699877003207803
0.10733291413635015
0.11031320504844189
0.11330939084291458
0.10999289387837052
0.10840853583067656
0.11046520993113518
0.11075063701719046
0.11000086599960923
0.1101006087847054
0.1101218736730516
0.11008701985701919
0.10860812291502953
0.10745675815269351
0.10616336390376091
0.10601771203801036
0.10718433884903789
0.11133865034207702
0.11323593091219664
0.10864101210609078
0.1087783700786531
0.11014068406075239
0.11061304900795221
0.1100105200894177
0.1101458128541708
0.11012435797601938
0.10968030197545886
0.1076673031784594
0.10847174236550927
0.10597881115972996
0.10617111483588815
0.1067893779836595
0.11029157461598516
0.11293780477717519
0.10962588479742408
0.1079105967655778
0.10930922208353877
0.109351706225425
0.10974843800067902
0.1109393211081624
0.11036849161610007
0.10988898435607553
0.11003522295504808
0.10821763100102544
0.10679348185658455
0.10661441972479224
0.10662216786295176
0.10842502908781171
0.11098761111497879
0.10750234918668866
0.10742210363969207
0.1068233447149396
0.10630428418517113
0.11006738292053342
0.11015392513945699
0.10930649563670158
0.10874382127076387
0.10824875812977552
0.1086363191716373
0.10947824688628316
0.10910488804802299
0.10762160876765847
0.10845954110845923
0.10592629527673125
0.10831225104629993
0.11098453402519226
0.10741853341460228
0.10740928398445249
0.1068091681227088
0.10667632799595594
0.10830256389454007
0.10852810693904757
0.10933140711858869
0.10982046369463205
0.10829576011747122
0.10819083172827959
0.10918469680473208
0.10908790770918131
0.10836692992597818
0.10785027919337153
0.10638977214694023
0.10679402435198426
0.10728020314127207
0.10793216386809945
0.11025956366211176
0.10796914109960198
0.10690707806497812
0.10768451076000929
0.10814990103244781
0.1112742330878973
0.1119580902159214
0.1076467796228826
0.10804512025788426
0.11113556614145637
0.10965326800942421
0.10728314612060785
0.10832895478233695
0.10690715396776795
0.10836079902946949
0.10944727994501591
0.10832403274253011
0.10863068979233503
0.10954866511747241
0.1091212797909975
0.11083076102659106
0.11061399290338159
0.11144848493859172
0.11066713882610202
0.10821984987705946
0.10794145008549094
0.10629653790965676
0.10676881996914744
0.10837817005813122
0.10721578495576978
0.10594782512634993
0.10791318817064166
0.11043707886710763
0.10749894892796874
0.10747876716777682
0.10795041359961033
0.10868891514837742
0.11142609594389796
0.10974674439057708
0.10782990464940667
0.10695376293733716
0.10647473810240626
0.10641122795641422
0.10466883284971118
0.10414335411041975
0.10289411060512066
0.10355790983885527
0.10362369893118739
0.10461881710216403
0.10676956921815872
0.10583412600681186
0.10422788187861443
0.1034590182825923
0.10288871498778462
0.10422180965542793
0.10358584765344858
0.10361197590827942
0.10365855600684881
0.10578207671642303
0.10857195500284433
0.10858108941465616
0.11094064824283123
0.10820251423865557
0.10674652038142085
0.10809460422024131
0.10949350520968437
0.11025513615459204
0.11087133781984448
0.10843833023682237
0.10839186701923609
0.10930584790185094
0.10779013624414802
0.1055608643218875
0.10585361579433084
0.10501316329464316
0.10425961529836059
0.10464163823053241
0.10455663222819567
0.10658045439049602
0.10903003206476569
0.11178490379825234
0.10836821608245373
0.10765854408964515
0.10997994057834148
0.10996848996728659
0.10892911721020937
0.10976315708830953
0.10826562298461795
0.10896561993286014
0.10821053432300687
0.10827646218240261
0.10961394105106592
0.1087688417173922
0.10593691980466247
0.10834557842463255
0.1098421961069107
0.1071930336765945
0.10732673108577728
0.10757258767262101
0.10700334096327424
0.11035303166136146
0.10933899274095893
0.10899892309680581
0.10830145888030529
0.108769740909338
0.10923500079661608
0.10928061185404658
0.10889867600053549
0.10726606706157327
0.10719587374478579
0.10654756845906377
0.10708405822515488
0.1096616149879992
0.10684303799644113
0.10742514859884977
0.10801267996430397
0.10748940799385309
0.10888457391411066
0.1089121331460774
0.10896537732332945
0.10948236612603068
0.10863010678440332
0.1092346329241991
0.10912599880248308
0.10754949366673827
0.10695156687870622
0.10698600206524134
0.10553698381409049
0.10501327412202954
0.10482322936877608
0.10659993812441826
0.10826564906165004
0.10771319316700101
0.10908698523417115
0.10793982399627566
0.10639926791191101
0.10912137804552913
0.10896374238654971
0.10937181301414967
0.10847247624769807
0.10858955606818199
0.10828808089718223
0.10891424212604761
0.10857698321342468
0.10724353604018688
0.10691481502726674
0.10564652225002646
0.10500022815540433
0.10418332275003195
0.10516365617513657
0.10544945811852813
0.1088516297750175
0.1115685272961855
0.10804536007344723
0.10706991516053677
0.10776228085160255
0.10784678673371673
0.1087571531534195
0.10968141304329038
0.10848155478015542
0.10869315173476934
0.11007641814649105
0.1097122598439455
0.10762696387246251
0.10756534896790981
0.1067784340120852
0.10770099377259612
0.10524610616266727
0.108590645249933
0.11053176736459136
0.1082477942109108
0.10703736683353782
0.10571425314992666
0.1057274816557765
0.10742969019338489
0.10783560108393431
0.10838803090155125
0.10708432085812092
0.1088151941075921
0.1092757610604167
0.10869683092460036
0.1088199527002871
0.10803377581760287
0.10708127403631806
0.10479753091931343
0.1042816611006856
0.10420949291437864
0.1048350939527154
0.10406262520700693
0.10559495119377971
0.10782330902293324
0.1084759789519012
0.11060428526252508
0.10787829989567399
0.10641375510022044
0.10921998228877783
0.10900394897907972
0.10862846719101071
0.1087559387087822
0.10901433927938342
0.10943933483213186
0.10949516715481877
0.10886430600658059
0.1095350687392056
0.10883637331426144
0.10661197872832417
0.1078236517496407
0.10974971298128366
0.1075358297675848
0.10741245932877064
0.10698297806084156
0.10698456922546029
0.10954821109771729
0.109084852039814
0.10978546785190701
0.11000245064496994
0.10780051397159696
0.10816442081704736
0.11004143999889493
0.10894425492733717
0.10710837040096521
0.10587111301720142
0.10479350993409753
0.10438565723598003
0.10416042990982533
0.10503059485927224
0.1072777952067554
0.1084716753102839
0.11090080859139562
0.10776843316853046
0.10714827198535204
0.10878803580999374
0.10912415198981762
0.10898039909079671
0.11005355231463909
0.10840476863086224
0.10889495816081762
0.10896196914836764
0.10879602283239365
0.10778398718684912
0.10801236098632216
0.10526754893362522
0.10622537089511752
0.10558085376396775
0.10880096210166812
0.1114958981052041
0.10818172292783856
0.10681355372071266
0.10592118510976434
0.10643407423049212
0.1096435240469873
0.10934950318187475
0.1097238096408546
0.10890572099015117
0.1089126612059772
0.10942036425694823
0.10802419064566493
0.10771375382319093
0.10653284098953009
0.10662677185609937
0.10551607189700007
0.10532136680558324
0.10656603192910552
0.10828218888491392
0.11154857696965337
0.10783625300973654
0.1068721292540431
0.10830004559829831
0.10898667713627219
0.10831112414598465
0.10753260785713792
0.10846865409985185
0.10912915877997875
0.10878046602010727
0.10860990919172764
0.10824101325124502
0.10732655925676227
0.10485202400013804
0.10450161620974541
0.10360728995874524
0.10390583472326398
0.10398832987993956
0.10444932384416461
0.1058402699418366
0.10961867775768042
0.11215958977118134
0.10849472088739276
0.1066347612068057
0.10848367679864168
0.10923603642731905
0.10930986003950238
0.10931168915703893
0.10982310399413109
0.10979454685002565
0.1096349130384624
0.10816999478265643
0.10656362865120173
0.10580897470936179
0.10467246128246188
0.10450570518150926
0.10476607223972678
0.10594110284000635
0.10783231677487493
0.10865221172571182
0.1107551478780806
0.1084340582601726
0.10713769309222698
0.10899474937468767
0.109023901168257
0.10838441317901015
0.10922405403107405
0.10892124008387327
0.11008712602779269
0.10923065710812807
0.10896062524989247
0.10920088877901435
0.10909486934542656
0.10690421285107732
0.1089603640139103
0.1109194839373231
0.10777423018589616
0.10668923985213041
0.10851351590827107
0.10888690873980522
0.10863665584474802
0.10846643382683396
0.11104102432727814
0.10983729176223278
0.10901264427229762
0.10852865409106016
0.10843415791168809
0.10688536707311869
0.10479850182309747
0.10490458505228162
0.10407703090459108
0.10424135904759169
0.10347386682406068
0.10523642180487514
0.10622420394793153
0.10950142377987504
0.11229329602792859
0.10806477488949895
0.10648493515327573
0.10874645225703716
0.10937296785414219
0.10932238399982452
0.11006010696291924
0.10879381094127893
0.1099110902287066
0.10997459897771478
0.10894301813095808
0.10779650835320354
0.10829800693318248
0.10651822900399566
0.1081982608884573
0.11108852736651897
0.1080751121044159
0.10807290486991405
0.10712870582938194
0.10633380198851228
0.1089210188947618
0.10968050407245755
0.10890911193564534
0.10955950524657965
0.10873774392530322
0.10868422826752067
0.10988737689331174
0.10758793586865067
0.10641515208408237
0.10537385009229183
0.1042883968912065
0.1041949619539082
0.10395722230896354
0.10457435622811317
0.10526516288518906
0.11002798704430461
0.11367955710738897
0.10826325602829456
0.1067945440299809
0.10923007596284151
0.10870078997686505
0.1091996980831027
0.10978820594027638
0.10868303617462516
0.10971432086080313
0.1095826500095427
0.10986249381676316
0.10792197939008474
0.10840304894372821
0.1059704958461225
0.10855080699548125
0.1100417273119092
0.10829472681507468
0.1082194959744811
0.10828035743907094
0.10777633404359221
0.10890502016991377
0.10765327606350183
0.10899083595722914
0.1091905296780169
0.10837773326784372
0.10884781321510673
0.10848727496340871
0.1084497650153935
0.10732537182047963
0.10726685868576169
0.10601130593568087
0.10681314021348953
0.10866961814463139
0.10804762039333582
0.10937662702053785
0.10764171881601214
0.10668711923062801
0.10732313618063927
0.10853187507018447
0.10705079976469278
0.10621577315032482
0.11130822030827403
0.11123205721378326
0.109273178037256
0.10852283099666238
0.10737839108332992
0.10717544797807932
0.10556849790737033
0.10481462394818664
0.10400964273139834
0.10579864773899317
0.10628983192145824
0.10944020468741655
0.11184998694807291
0.1092708739452064
0.10687376884743571
0.10836466401815414
0.10763920098543167
0.10648494632914662
0.10642030090093613
0.10839183907955885
0.10965578025206923
0.10925655858591199
0.10817800089716911
0.10913889668881893
0.1065053641796112
0.1056511658243835
0.10591353615745902
0.1047048862092197
0.10453404486179352
0.10561680560931563
0.10948991775512695
0.11266414588317275
0.10938542941585183
0.10686606587842107
0.1081172302365303
0.1083788052201271
0.10715254489332438
0.10570982005447149
0.1109634730964899
0.1111319400370121
0.10936340317130089
0.10913545405492187
0.10735694319009781
0.10688419826328754
0.10499920509755611
0.10444457735866308
0.1050982209853828
0.1048981542699039
0.10511957807466388
0.10989529080688953
0.11227899603545666
0.1093020043335855
0.106833066791296
0.10826690029352903
0.10813771327957511
0.10784494783729315
0.10684212064370513
0.1088659381493926
0.10977106681093574
0.10915396409109235
0.10909487307071686
0.10696885595098138
0.10705769434571266
0.10536641487851739
0.10573975928127766
0.10472886264324188
0.10397331696003675
0.1045304243452847
0.10473384475335479
0.10307033592835069
0.10348041728138924
0.10343291284516454
0.1029115729033947
0.10411234712228179
0.10389965400099754
0.10365608800202608
0.10457367775961757
0.10668567288666964
0.10911439312621951
0.11203933926299214
0.10758438007906079
0.10616119904443622
0.10720916790887713
0.10750294988974929
0.10944217024371028
0.11094148084521294
0.10912419809028506
0.10847879108041525
0.11084156390279531
0.1093000560067594
0.10786752076819539
0.10719743696972728
0.1057384847663343
0.10537082375958562
0.10419912589713931
0.10884637897834182
0.11228500306606293
0.10788524989038706
0.10699956817552447
0.10843940312042832
0.1086698779836297
0.110331772826612
0.10972075816243887
0.10957069788128138
0.10791633371263742
0.11034557363018394
0.10975132463499904
0.107363719958812
0.10769832599908113
0.10620657121762633
0.1072906730696559
0.10586191806942225
0.10874282196164131
0.110886603128165
0.10752348601818085
0.10700450092554092
0.10502345394343138
0.105623718816787
0.10599013790488243
0.10849915398284793
0.11039824597537518
0.11131990700960159
0.10754272993654013
0.10711470013484359
0.10781258391216397
0.10847505601122975
0.10677692387253046
0.10679591819643974
0.10504414001479745
0.1058276048861444
0.10427382308989763
0.10454752901569009
0.10442160395905375
0.10783363971859217
0.11190652195364237
0.10731312679126859
0.1069476529955864
0.10760744800791144
0.10663991421461105
0.10788991581648588
0.10842985985800624
0.109903316013515
0.1104906452819705
0.10850348183885217
0.10901644732803106
0.10899544274434447
0.10771964304149151
0.10606089374050498
0.1052851160056889
0.10343345487490296
0.10354872420430183
0.10388197470456362
0.10463518695905805
0.10452451789751649
0.10994725627824664
0.11403878591954708
0.10858681425452232
0.10924655012786388
0.11099327402189374
0.11045922385528684
0.1105476738885045
0.11267017107456923
0.11173927783966064
0.10974913788959384
0.10827511688694358
0.10927654709666967
0.10705148987472057
0.10534692229703069
0.10503740096464753
0.11082529183477163
0.11244522500783205
0.10863380692899227
0.10682905418798327
0.11000511376187205
0.1099587744101882
0.10889491299167275
0.10976740904152393
0.10919442493468523
0.10922339465469122
0.10997753404080868
0.10839963192120194
0.10758662363514304
0.1074880170635879
0.10568387480452657
0.1060383296571672
0.10772480210289359
0.1075104447081685
0.10981524223461747
0.10763442702591419
0.10675353836268187
0.10657937591895461
0.10762009909376502
0.1091401451267302
0.10976402927190065
0.11000634077936411
0.108464899007231
0.10762170609086752
0.10748061398044229
0.10840749554336071
0.10722616314888
0.1042360863648355
0.1049187546595931
0.10357157699763775
0.10322222672402859
0.10349460504949093
0.10418102098628879
0.10352826910093427
0.10365920886397362
0.10488125402480364
0.10961136128753424
0.11237475043162704
0.10793929314240813
0.10646571405231953
0.10632113041356206
0.106723602861166
0.10915930895134807
0.10927717806771398
0.11039004428312182
0.10941264685243368
0.11035482492297888
0.10958637716248631
0.1081503126770258
0.1074725678190589
0.10643446492031217
0.1071919840760529
0.10653972206637263
0.10850788094103336
0.11046374682337046
0.10767221171408892
0.10731707885861397
0.10702729504555464
0.10889946110546589
0.11033782828599215
0.11011212132871151
0.10904883267357945
0.1077829347923398
0.10922630596905947
0.10980341397225857
0.10753120807930827
0.10743090510368347
0.106064782012254
0.10715230880305171
0.10635908460244536
0.10880461009219289
0.11122770188376307
0.10800258861854672
0.10663169762119651
0.10608359286561608
0.10484319413080812
0.11003968818113208
0.109669781755656
0.10860392916947603
0.10951594775542617
0.10846952022984624
0.10876077879220247
0.10845827218145132
0.1077103866264224
0.1065628002397716
0.1063396711833775
0.10500960005447268
0.1047604912891984
0.10449565714225173
0.10473709786310792
0.1068024174310267
0.10884498106315732
0.11253506876528263
0.10785283800214529
0.10602698428556323
0.10779595794156194
0.10820312891155481
0.10831392137333751
0.10736464289948344
0.1101624476723373
0.10954772075638175
0.1093978751450777
0.1094892737455666
0.10773528600111604
0.10736756026744843
0.10627176659181714
0.10587369929999113
0.10507164662703872
0.10548883210867643
0.10692694317549467
0.10805636318400502
0.11029241001233459
0.10812548780813813
0.10691053094342351
0.10837836191058159
0.1081767650321126
0.11094224778935313
0.11160155199468136
0.10829448234289885
0.10856491699814796
0.10945993987843394
0.10796668799594045
0.10619559371843934
0.10677081299945712
0.10534885758534074
0.10464040609076619
0.10493194172158837
0.10488336393609643
0.10643332405015826
0.11309696966782212
0.112686303909868
0.10941020119935274
0.10967090679332614
0.1105598728172481
0.11116727581247687
0.11104176240041852
0.11083299713209271
0.11106038233265281
0.11033829487860203
0.11048050876706839
0.109380342066288
0.10829737456515431
0.10864227591082454
0.11041747685521841
0.10909612383693457
0.10743721760809422
0.10749353561550379
0.10759086301550269
0.1107121892273426
0.11122990399599075
0.10982312075793743
0.10883077280595899
0.1089510996825993
0.1083902190439403
0.10640451079234481
0.10837760427966714
0.11254700599238276
0.1099708080291748
0.10854736203327775
0.1080195577815175
0.11007941467687488
0.10929166385903955
0.10759845143184066
0.11118104076012969
0.11092057405039668
0.1103032068349421
0.1080007841810584
0.10826605465263128
0.1065080538392067
0.1061061192303896
0.10632184706628323
0.10607961378991604
0.11000245809555054
0.11401419201865792
0.10947130294516683
0.10757231013849378
0.11000679573044181
0.10897607915103436
0.11256641987711191
0.11007180204614997
0.10975172091275454
0.10857801465317607
0.10832875920459628
0.10707401670515537
0.10648188414052129
0.10486269136890769
0.10589500889182091
0.10672368388622999
0.10874592512845993
0.1093626357614994
0.11137567786499858
0.10923975380137563
0.10845292499288917
0.10859021730720997
0.10994545696303248
0.10954737477004528
0.11059788521379232
0.11037477990612388
0.10869291704148054
0.10847292793914676
0.1072906837798655
0.10578267788514495
0.10570644168183208
0.10507741291075945
0.10651323990896344
0.10888176830485463
0.10893384041264653
0.1113631627522409
0.10911070089787245
0.10813851468265057
0.10932027967646718
0.10840115463361144
0.11027271766215563
0.11019947938621044
0.1088214018382132
0.10816277004778385
0.10914194863289595
0.1085682949051261
0.10517288185656071
0.10472158109769225
0.10892700683325529
0.10568084800615907
0.10882936744019389
0.11004049330949783
0.11198784317821264
0.10982130374759436
0.10879554133862257
0.1100487420335412
0.11079363944008946
0.11040458967909217
0.1102120797149837
0.10998457204550505
0.10869244486093521
0.1063488288782537
0.10710865305736661
0.10576638393104076
0.1055663051083684
0.10538710281252861
0.10951253678649664
0.11163069913163781
0.10819982504472136
0.10729234293103218
0.10580113111063838
0.10596510488539934
0.10997909912839532
0.10999837378039956
0.11104185879230499
0.11017810413613915
0.11007464909926057
0.10882281698286533
0.10822686925530434
0.10772151174023747
0.10629750369116664
0.10599885880947113
0.1059064562432468
0.1072054817341268
0.10945626301690936
0.10841872403398156
0.10902579594403505
0.1074948157183826
0.10753911780193448
0.10866877110674977
0.10915928706526756
0.10811115009710193
0.10939607489854097
0.10906527983024716
0.10997710935771465
0.10924468981102109
0.10866891779005527
0.10708607314154506
0.10691655101254582
0.10512076830491424
0.10553572280332446
0.1058461950160563
0.10945603623986244
0.11132691195234656
0.10834512813016772
0.10688135679811239
0.10630469676107168
0.1072310172021389
0.10958270588889718
0.10894552804529667
0.10939536010846496
0.10867124469950795
0.1093227150849998
0.10831985622644424
0.10849664732813835
0.10760121885687113
0.1093074381351471
0.10855736769735813
0.10722434986382723
0.10834604129195213
0.10958383418619633
0.1084989751689136
0.10829298989847302
0.1074821981601417
0.10774962091818452
0.10862226597964764
0.10959359724074602
0.10917639173567295
0.10844754381105304
0.10924049187451601
0.10926275700330734
0.10775341000407934
0.107347312849015
0.10603082505986094
0.10605335794389248
0.10521235829219222
0.10577775118872523
0.1064672595821321
0.10841003386303782
0.11039597820490599
0.1082213381305337
0.10716054541990161
0.10657297307625413
0.10718198213726282
0.10949617298319936
0.10900096036493778
0.110401073936373
0.10915799671784043
0.10926375212147832
0.10824454575777054
0.10774247720837593
0.10682911099866033
0.10597471939399838
0.10515545401722193
0.10461481707170606
0.1046287389472127
0.10427179327234626
0.10909702023491263
0.11150011885911226
0.10824207635596395
0.10831769788637757
0.1079944889061153
0.10819118423387408
0.1089245667681098
0.10929271997883916
0.10894124628975987
0.10947001073509455
0.10934114595875144
0.10907815769314766
0.10760415904223919
0.10710264695808291
0.10572773311287165
0.10520137473940849
0.10464096302166581
0.10412031505256891
0.1044849818572402
0.10931026004254818
0.11196614801883698
0.10788600891828537
0.10655497713014483
0.10598721029236913
0.10502804396674037
0.10926226759329438
0.10977266216650605
0.1099784947000444
0.11008247314020991
0.10894641233608127
0.10833453200757504
0.10906190192326903
0.10821546893566847
0.10496210493147373
0.10484978184103966
0.1034910911694169
0.10366295278072357
0.10400411626324058
0.10362186189740896
0.10472276993095875
0.10969215026125312
0.11252100905403495
0.1083276029676199
0.10833780700340867
0.10901200398802757
0.109099296387285
0.10894685098901391
0.10742433881387115
0.10900509916245937
0.11004635412245989
0.10908066900447011
0.1090011759661138
0.1081178761087358
0.10744274314492941
0.10512617975473404
0.10536471009254456
0.10477587720379233
0.105135268997401
0.10479496279731393
0.11011866899207234
0.11173785384744406
0.10798150673508644
0.10671588871628046
0.10888154106214643
0.10902067925781012
0.10853069787845016
0.10743237286806107
0.11093338904902339
0.10949251893907785
0.11042844457551837
0.10852323193103075
0.10852214880287647
0.1074485220015049
0.10537843592464924
0.1054411786608398
0.10583562403917313
0.10917671909555793
0.11230815714225173
0.1083602118305862
0.1071763732470572
0.10868882294744253
0.10841928422451019
0.10748163564130664
0.10614389879629016
0.1115070921368897
0.11147795338183641
0.10864691063761711
0.10700622666627169
0.10572685487568378
0.10586516885086894
0.10437063174322248
0.10449542477726936
0.10320151783525944
0.10408519487828016
0.104038555175066
0.10451680794358253
0.1045874459668994
0.10449918871745467
0.1032599569298327
0.10357616096735
0.10343750519677997
0.10397826880216599
0.10368029121309519
0.10374948102980852
0.1041042460128665
0.10616234224289656
0.10835610004141927
0.10927432496100664
0.11102794809266925
0.10922762798145413
0.10932952677831054
0.11003787815570831
0.11047349311411381
0.11124079301953316
0.10924255289137363
0.10831041727215052
0.10789347114041448
0.10553000681102276
0.10506628500297666
0.10666402988135815
0.10563175985589623
0.10338799795135856
0.1039844797924161
0.10451441910117865
0.10442303819581866
0.10463927499949932
0.10994605394080281
0.11302946973592043
0.10888442397117615
0.10842740768566728
0.11082083499059081
0.1119879512116313
0.10949412127956748
0.10986425075680017
0.10896700480952859
0.10858136834576726
0.10672942409291863
0.1065253159031272
0.10524723073467612
0.10522428108379245
0.10400621499866247
0.10334760509431362
0.10342303616926074
0.10439252993091941
0.10395001620054245
0.1044038599357009
0.10537763312458992
0.1107647167518735
0.11369454488158226
0.10882314294576645
0.10726327681913972
0.11232766695320606
0.11181942606344819
0.1102861138060689
0.10929725086316466
0.10822259774431586
0.10892550321295857
0.10870843240991235
0.10695072403177619
0.10938679799437523
0.10940807219594717
0.10698941024020314
0.10883308993652463
0.11060889018699527
0.10961156478151679
0.10889849299564958
0.11121790576726198
0.11131831258535385
0.10996705899015069
0.10977267706766725
0.10860954597592354
0.10954607604071498
0.10796585911884904
0.10914673004299402
0.10779789229854941
0.10939963720738888
0.11104231793433428
0.10929449507966638
0.10813212068751454
0.10940175503492355
0.10841627372428775
0.10994607862085104
0.1116806291975081
0.10906369285658002
0.10953473020344973
0.1088312859646976
0.10864879237487912
0.10795927420258522
0.10626677796244621
0.1045751478523016
0.10821198811754584
0.11143259797245264
0.10909462813287973
0.10959005588665605
0.10880444012582302
0.10799952317029238
0.1087084230966866
0.10837378399446607
0.10934112500399351
0.11041353922337294
0.10997344320639968
0.10943873599171638
0.10834037000313401
0.10862076096236706
0.1071586087346077
0.1064403080381453
0.10594134498387575
0.11125505296513438
0.1129915346391499
0.10829248698428273
0.10763664171099663
0.11046960530802608
0.10972078097984195
0.1106296288780868
0.11072487896308303
0.10933460015803576
0.10946859186515212
0.10895283007994294
0.10831762012094259
0.1067575803026557
0.1060870299115777
0.10624657291918993
0.10800495371222496
0.1100684436969459
0.10868846904486418
0.1098071038722992
0.10800664220005274
0.10712655307725072
0.10832532402127981
0.10909054009243846
0.1103924373164773
0.11086694383993745
0.10938304290175438
0.10947931930422783
0.10813959315419197
0.10937949595972896
0.10796154383569956
0.10761358588933945
0.10539985541254282
0.10938147502020001
0.11085524596273899
0.10836018109694123
0.10796676576137543
0.10759711591526866
0.10749077470973134
0.11222551809623837
0.1126040662638843
0.10856909584254026
0.1088240290991962
0.11186639685183764
0.10952603910118341
0.10869611892849207
0.10855662496760488
0.10650269500911236
0.10868631210178137
0.11170370783656836
0.1083180969581008
0.10783115401864052
0.10661342507228255
0.10548136290162802
0.11120854178443551
0.11154636088758707
0.11075249686837196
0.10998038994148374
0.10824339324608445
0.10775794461369514
0.10562372813001275
0.10526968305930495
0.10412782104685903
0.10437585087493062
0.10433480981737375
0.10424230294302106
0.10415331786498427
0.10474458476528525
0.10449531301856041
0.10692856088280678
0.10919183120131493
0.10978172579780221
0.11165625602006912
0.10968857491388917
0.10899679735302925
0.11151962541043758
0.11170614790171385
0.11003534588962793
0.10980887897312641
0.11094030505046248
0.10997284995391965
0.10908647859469056
0.10788496397435665
0.10719102527946234
0.10903769824653864
0.11154075292870402
0.10835370887070894
0.10764806577935815
0.10705768316984177
0.10628191381692886
0.10877311369404197
0.10891747428104281
0.11285790614783764
0.11106991721317172
0.10913595790043473
0.10931345773860812
0.10681098978966475
0.1063926131464541
0.10459115309640765
0.10468433983623981
0.10453966120257974
0.10509558115154505
0.1048890920355916
0.10899502411484718
0.11149279586970806
0.10889593698084354
0.10934510873630643
0.10787612199783325
0.10696599679067731
0.1106213191524148
0.1107851192355156
0.11085173022001982
0.10991735104471445
0.10916499560698867
0.10873190592974424
0.10725489584729075
0.11101374262943864
0.11430634977295995
0.10996164567768574
0.1085358839482069
0.11005071317777038
0.11016850499436259
0.11285282298922539
0.11203465890139341
0.10990715259686112
0.10983079904690385
0.10854807076975703
0.10752829676494002
0.10583181539550424
0.10583935678005219
0.10552730225026608
0.10931378090754151
0.11317910300567746
0.10876646311953664
0.10803059721365571
0.1091932631097734
0.10944118490442634
0.11066826013848186
0.11079939967021346
0.10999130830168724
0.11033806065097451
0.11013432499021292
0.11031493823975325
0.10954098124057055
0.10933708306401968
0.10901977308094501
0.10882606543600559
0.11000211304053664
0.10865385737270117
0.10788817889988422
0.11015594098716974
0.11010808311402798
0.11101954011246562
0.11021971981972456
0.11004248028621078
0.10979415010660887
0.10852803196758032
0.10916494997218251
0.10741642210632563
0.10794011782854795
0.10760587500408292
0.10932707600295544
0.11115676676854491
0.10865317797288299
0.10697016585618258
0.10858441516757011
0.10933884605765343
0.11131228413432837
0.11170786106958985
0.10980603517964482
0.11018135026097298
0.10914554726332426
0.10921619366854429
0.10853363014757633
0.10733711579814553
0.1073518618941307
0.10928911808878183
0.11178748589009047
0.10846648924052715
0.1075536422431469
0.11119462130591273
0.11055690562352538
0.11019633198156953
0.11016370635479689
0.10975715797394514
0.11006359802559018
0.10893809609115124
0.10902320500463247
0.10754004120826721
0.10717465030029416
0.1055861720815301
0.1100739729590714
0.11171051021665335
0.10901495581492782
0.10771464416757226
0.1073441719636321
0.10833788895979524
0.11050352407619357
0.11070717079564929
0.11004944890737534
0.10940945101901889
0.10872482880949974
0.10865969210863113
0.10765263717621565
0.10694857221096754
0.105505361687392
0.10570673318579793
0.10613530594855547
0.10953686898574233
0.1124029541388154
0.1088755140081048
0.1077587166801095
0.1084522781893611
0.10902955429628491
0.11075509991496801
0.11172253685072064
0.10876008868217468
0.10904013877734542
0.10839326772838831
0.10865633375942707
0.11056227283552289
0.1096765617839992
0.10722822602838278
0.10908382385969162
0.11025694292038679
0.10862279497087002
0.10814041178673506
0.10625872388482094
0.10668210219591856
0.10941252904012799
0.110478475689888
0.11026172479614615
0.10914898291230202
0.10799176804721355
0.10698161367326975
0.10552800120785832
0.10544685088098049
0.10566324042156339
0.10519140213727951
0.1044452004134655
0.10429967101663351
0.10461578611284494
0.10463360883295536
0.10468204692006111
0.1063832500949502
0.10962159698829055
0.1092950371094048
0.1099554761312902
0.10900396201759577
0.10897363210096955
0.11017564916983247
0.1110368543304503
0.10989833110943437
0.10906260320916772
0.1076278630644083
0.10736286407336593
0.10473824804648757
0.10580875305458903
0.10489421896636486
0.10496866330504417
0.10415739100426435
0.10429515270516276
0.10422136029228568
0.10499284695833921
0.10445745009928942
0.106229686178267
0.10827924311161041
0.11035487661138177
0.11267991596832871
0.10976944724097848
0.10935606993734837
0.11049333121627569
0.11132629029452801
0.11058113723993301
0.1093427948653698
0.10875416593626142
0.10770111018791795
0.10597912175580859
0.1056986185722053
0.10465371794998646
0.10416980274021626
0.10453854501247406
0.10475086281076074
0.10435356572270393
0.10579933691769838
0.10813932819291949
0.10947817424312234
0.11260049510747194
0.10943555785343051
0.10938456887379289
0.11059549823403358
0.11116369487717748
0.1116946074180305
0.11031877202913165
0.10881535895168781
0.10915385885164142
0.10667648958042264
0.11186097003519535
0.11330192908644676
0.1103918650187552
0.108168032951653
0.1109356670640409
0.11015667533501983
0.11021206201985478
0.11116155330091715
0.11084671691060066
0.10996878705918789
0.1085136397741735
0.10713832313194871
0.1055859150364995
0.10551684908568859
0.10467913979664445
0.10816493397578597
0.11125998897477984
0.10958526935428381
0.11051821708679199
0.10949878534302115
0.10851827310398221
0.1078290631994605
0.10623405640944839
0.11239084601402283
0.11276108771562576
0.10941729508340359
0.10862052300944924
0.10682600410655141
0.10641564289107919
0.10507026081904769
0.10505047487094998
0.10454755695536733
0.10697069019079208
0.10927648702636361
0.10942362016066909
0.1109669259749353
0.1102381288073957
0.10906888311728835
0.1095481077209115
0.10873951204121113
0.11045013600960374
0.11036576796323061
0.11089968821033835
0.10990879498422146
0.10823469376191497
0.10729662189260125
0.10543984407559037
0.10524365399032831
0.10568397911265492
0.10975663783028722
0.11290705809369683
0.1086312741972506
0.10797953186556697
0.10902004595845938
0.10874843690544367
0.10680567380040884
0.10719406278803945
0.10951357614248991
0.1100819231942296
0.11018777685239911
0.10986282490193844
0.10835990402847528
0.10771956713870168
0.10609820298850536
0.10576861817389727
0.10542320599779487
0.10946703515946865
0.11297825304791331
0.1086288820952177
0.10799605026841164
0.10936095984652638
0.10897931084036827
0.10728800809010863
0.10748943593353033
0.11000951565802097
0.1103502418845892
0.11067698802798986
0.10907246125862002
0.10807433864101768
0.10716283321380615
0.10545175708830357
0.10501546878367662
0.10445222584530711
0.10755005804821849
0.11084804777055979
0.10886853700503707
0.109559440985322
0.10825929138809443
0.10822461917996407
0.10931909503415227
0.11043938994407654
0.10966540034860373
0.10977267427369952
0.10982683300971985
0.10974694602191448
0.10871547926217318
0.10787160834297538
0.10615769494324923
0.10604771180078387
0.1053657652810216
0.10858014691621065
0.11211109720170498
0.10846382891759276
0.10796483512967825
0.10936425998806953
0.1089705671183765
0.11226543597877026
0.11258664773777127
0.10902186902239919
0.1101776328869164
0.11114698415622115
0.1097500310279429
0.1087615960277617
0.10897512594237924
0.10675226990133524
0.10866886004805565
0.11011842871084809
0.10896771214902401
0.10894900420680642
0.10937267867848277
0.11004917696118355
0.10931514389812946
0.11017443565651774
0.10947735281661153
0.10861438978463411
0.10703924112021923
0.10686052730306983
0.10564431035891175
0.10513292392715812
0.10567565960809588
0.10513923596590757
0.10337639879435301
0.10519058955833316
0.10414850898087025
0.10495969513431191
0.10501979710534215
0.1103829420171678
0.11304120486602187
0.10899150697514415
0.10759770218282938
0.10915269004181027
0.10964729404076934
0.11040948703885078
0.11093190079554915
0.10897993994876742
0.1084665940143168
0.10818406380712986
0.10646514408290386
0.1058682887814939
0.10522325476631522
0.10410430422052741
0.104090326000005
0.104214396327734
0.10456906305626035
0.10412768367677927
0.10650373296812177
0.10878522973507643
0.10927660902962089
0.11063482286408544
0.10943006724119186
0.10863994900137186
0.11204199492931366
0.1110499557107687
0.10938099166378379
0.10939519526436925
0.1077079619280994
0.10785734420642257
0.10606390656903386
0.10544039914384484
0.10602235980331898
0.10566071979701519
0.10405180230736732
0.1051824358291924
0.10440906509757042
0.1060106041841209
0.10667729703709483
0.10928755672648549
0.11101454496383667
0.10928586684167385
0.10851199505850673
0.10969848511740565
0.11084144422784448
0.11016739718616009
0.10926612699404359
0.107567030005157
0.1078382208943367
0.10630523413419724
0.10589348012581468
0.10472608916461468
0.10486021684482694
0.10393964033573866
0.1032918686978519
0.103179597761482
0.10369053902104497
0.10442627966403961
0.10434275213629007
0.10452786134555936
0.10874667903408408
0.11115357605740428
0.10914041381329298
0.1100408979691565
0.10906831128522754
0.10866022203117609
0.11264554969966412
0.11322721606120467
0.10878033889457583
0.1097438340075314
0.10923136211931705
0.10846809390932322
0.10659048287197948
0.10674309311434627
0.10483127506449819
0.10471336403861642
0.10516356909647584
0.10871322080492973
0.11322185304015875
0.10873816488310695
0.10762370144948363
0.10656274808570743
0.10542233381420374
0.10733338491991162
0.10808257712051272
0.11275688698515296
0.11162306414917111
0.10935693373903632
0.10810509184375405
0.1065589776262641
0.10571923898532987
0.10753245605155826
0.10610609920695424
0.10512361815199256
0.10424969019368291
0.10516263078898191
0.10885320091620088
0.1137970918789506
0.10868645505979657
0.10887031676247716
0.107520064804703
0.1097550317645073
0.11215343791991472
0.1126788672991097
0.10883612791076303
0.10959833860397339
0.1091723321005702
0.10808829823508859
0.10809566173702478
0.1077970489859581
0.10611012298613787
0.10709581384435296
0.1090045003220439
0.10920140100643039
0.11007791385054588
0.11002168012782931
0.10986139811575413
0.11161945015192032
0.11094405828043818
0.11082011880353093
0.10953786177560687
0.1083333739079535
0.10870932973921299
0.10665201675146818
0.11063652578741312
0.1134181166999042
0.10950692882761359
0.10899788327515125
0.10975152300670743
0.10940083302557468
0.11133682820945978
0.11186617007479072
0.11014033621177077
0.11034351401031017
0.10953224590048194
0.1090862681157887
0.1078686062246561
0.10705770272761583
0.10743797197937965
0.10998615203425288
0.11207354813814163
0.10885001486167312
0.10759646771475673
0.11105426121503115
0.11021485971286893
0.11165266204625368
0.11064368579536676
0.11027277167886496
0.10984806204214692
0.1088443729095161
0.10799258528277278
0.10594066185876727
0.10611020820215344
0.1062600607983768
0.10956076811999083
0.11259232927113771
0.10836477298289537
0.107614581938833
0.10980603424832225
0.11085315281525254
0.1093647270463407
0.10890546394512057
0.10954314097762108
0.10921847121790051
0.11129905609413981
0.11026174109429121
0.1088289930485189
0.1087504830211401
0.10598220070824027
0.10902619967237115
0.11134668998420238
0.10884950356557965
0.10780493589118123
0.10925336694344878
0.11018024710938334
0.10956838587298989
0.10927232075482607
0.1093234340660274
0.10847123200073838
0.10709849279373884
0.10621949704363942
0.10518426913768053
0.1050293599255383
0.10381870483979583
0.10338639607653022
0.10349460411816835
0.1038062539882958
0.10383364232257009
0.1038310150615871
0.1039252090267837
0.10430682124570012
0.10443185828626156
0.10508225625380874
0.10574227897450328
0.11110957898199558
0.11555585078895092
0.10935980593785644
0.10888285422697663
0.10984802106395364
0.11116905277594924
0.110436184797436
0.10913714207708836
0.10896738013252616
0.10953661100938916
0.10701569030061364
0.10604515392333269
0.1046589664183557
0.10480687813833356
0.10405170684680343
0.10443243244662881
0.10437245666980743
0.1062848400324583
0.10876784007996321
0.11002642381936312
0.11224433872848749
0.11006549699231982
0.10936394101008773
0.1102479207329452
0.1114796637557447
0.11010586377233267
0.10956632066518068
0.10929956333711743
0.10862779896706343
0.1069079558365047
0.10589331993833184
0.10429290775209665
0.10400843480601907
0.10409947484731674
0.10473373485729098
0.1045879521407187
0.10801008529961109
0.11156549770385027
0.10976792313158512
0.11031877808272839
0.11094155721366405
0.11106822174042463
0.11035868711769581
0.11136437812820077
0.10929592419415712
0.11080404603853822
0.10891960794106126
0.10983583005145192
0.11085492698475718
0.11007743328809738
0.10884952684864402
0.10871659964323044
0.1091409558430314
0.10990409227088094
0.1098878919146955
0.11137490393593907
0.11020664777606726
0.11137402476742864
0.1100127138197422
0.10867595998570323
0.10830416716635227
0.1062454148195684
0.10824931133538485
0.11211684579029679
0.10916578583419323
0.10916059697046876
0.10910993395373225
0.10920766135677695
0.10945268906652927
0.10829316498711705
0.10987608833238482
0.11068580113351345
0.11054548900574446
0.10918988799676299
0.10828686598688364
0.10811710730195045
0.10583273880183697
0.10554316500201821
0.10618412308394909
0.10973146883770823
0.112988474778831
0.10885322093963623
0.10665680095553398
0.10963898804038763
0.10960315680131316
0.10976254288107157
0.11002440890297294
0.10978986509144306
0.11062215268611908
0.10937423584982753
0.10947705525904894
0.11053627682849765
0.1096988869830966
0.10890194633975625
0.10878942906856537
0.10976560786366463
0.1083414382301271
0.10775161255151033
0.10887722903862596
0.11084222700446844
0.11080620670691133
0.11089634196832776
0.109470393974334
0.11019754502922297
0.10841065365821123
0.1084690778516233
0.10660969512537122
0.10646889079362154
0.1052773860283196
0.10725496802479029
0.10989502491429448
0.10851568076759577
0.10958525585010648
0.10852948483079672
0.10781349614262581
0.10899084387347102
0.1103511550463736
0.11007516086101532
0.10968505498021841
0.10934455180540681
0.10869589122012258
0.11016543069854379
0.1079974970780313
0.1058691879734397
0.10621808981522918
0.10559326829388738
0.10606211889535189
0.10805963212624192
0.10859329858794808
0.11124109290540218
0.10857285093516111
0.10740705206990242
0.11107545997947454
0.11096954811364412
0.11008648527786136
0.10975907929241657
0.10820967704057693
0.10805587563663721
0.10847863601520658
0.10674833692610264
0.1049962230026722
0.10513239074498415
0.10344636905938387
0.10405591176822782
0.104430525097996
0.10484188608825207
0.1052123699337244
0.11017531296238303
0.11343780206516385
0.10873730760067701
0.10677686706185341
0.1083641997538507
0.1089853448793292
0.11158060794696212
0.11234255786985159
0.10881106089800596
0.1082164510153234
0.10970041295513511
0.10771558294072747
0.10617190599441528
0.1059061698615551
0.10540687711909413
0.10465898085385561
0.10488992091268301
0.10848390776664019
0.11322504095733166
0.10835338523611426
0.10816180892288685
0.10938163008540869
0.11092629097402096
0.10970011400058866
0.1098148562014103
0.10979333287104964
0.10880395630374551
0.10732623701915145
0.10665989900007844
0.10521162999793887
0.10504903690889478
0.10528297908604145
0.10500349896028638
0.10384637396782637
0.10439173365011811
0.10431097587570548
0.10423266934230924
0.10513760009780526
0.1092685079202056
0.11222377605736256
0.10994465183466673
0.1095709870569408
0.1114803901873529
0.11119508510455489
0.11066479701548815
0.11069572996348143
0.10949954390525818
0.10932416096329689
0.10695229610428214
0.10575432935729623
0.10668036388233304
0.10585971921682358
0.10453906981274486
0.1046775639988482
0.10493078175932169
0.10455839615315199
0.10607349593192339
0.11029803287237883
0.11397847020998597
0.11079051112756133
0.1098944297991693
0.11241665994748473
0.11227467004209757
0.11067363014444709
0.11035424284636974
0.10948122292757034
0.10932971118018031
0.10807657800614834
0.11033508228138089
0.11325613223016262
0.11035892786458135
0.1081341179087758
0.11062856297940016
0.11050114082172513
0.11129923025146127
0.11018060520291328
0.11125965882092714
0.11021168995648623
0.10946082603186369
0.10915686003863811
0.1068488908931613
0.1100929738022387
0.11230721278116107
0.10874229110777378
0.10788056533783674
0.1094847028143704
0.11090141022577882
0.11104777595028281
0.11199752893298864
0.10936838807538152
0.11017556395381689
0.10919724870473146
0.10879495600238442
0.10699990810826421
0.10734950797632337
0.10574625292792916
0.10946184396743774
0.11225805198773742
0.10880194325000048
0.1087786229327321
0.1093928162008524
0.1089715170674026
0.1117672398686409
0.11256397515535355
0.10832473915070295
0.10832512006163597
0.1095889350399375
0.10975211206823587
0.10720875998958945
0.10665690433233976
0.10589224565774202
0.10554044600576162
0.10547247203066945
0.1100280350074172
0.11291074613109231
0.10866726795211434
0.10733334999531507
0.11125575099140406
0.11163757415488362
0.11001148913055658
0.10987629275768995
0.10925141396000981
0.10881108324974775
0.10700199892744422
0.10671838698908687
0.10478879697620869
0.1050559408031404
0.10432845633476973
0.10396141884848475
0.10443282965570688
0.10494231479242444
0.10495044011622667
0.1073481747880578
0.1097237509675324
0.10929576773196459
0.1098698740825057
0.10984685691073537
0.10867797303944826
0.11154642887413502
0.11221535410732031
0.11020380072295666
0.10960236890241504
0.10916757397353649
0.10818398091942072
0.10592860821634531
0.1065497430972755
0.1051750248298049
0.10511436499655247
0.10474324924871325
0.10480437474325299
0.10584219498559833
0.11030859733000398
0.11354116024449468
0.10960115818306804
0.10850537288933992
0.11251633195206523
0.11222694907337427
0.11024425877258182
0.1092572920024395
0.10817896761000156
0.10683374106884003
0.10517975175753236
0.10580896493047476
0.10536827705800533
0.10557249514386058
0.10456142202019691
0.10459043364971876
0.10470201401039958
0.10465630888938904
0.10538732400164008
0.11077979300171137
0.1138468012213707
0.10969644412398338
0.1082055470906198
0.1132905432023108
0.11265663523226976
0.11065539298579097
0.10905692866072059
0.10782997496426105
0.1068600402213633
0.10515538137406111
0.10500469477847219
0.10504083381965756
0.11140739591792226
0.11476381216198206
0.10953625477850437
0.10880580637603998
0.11044755205512047
0.10966958291828632
0.11294999392703176
0.11196857923641801
0.11066262889653444
0.10888137016445398
0.10791234020143747
0.10728076798841357
0.10626731580123305
0.10541209392249584
0.1060645910911262
0.11096610454842448
0.11439572321251035
0.1090533509850502
0.10766507778316736
0.1109151840209961
0.1099794739857316
0.11018701223656535
0.1101172468625009
0.1107078306376934
0.1103147342801094
0.10913370596244931
0.10870614880695939
0.10752201406285167
0.10658718924969435
0.10698562720790505
0.11025627003982663
0.11335432808846235
0.10878539364784956
0.10736604407429695
0.10901158908382058
0.10946666495874524
0.11170283379033208
0.11249350477010012
0.10952055966481566
0.11035976512357593
0.10896099079400301
0.10859717382118106
0.10690490389242768
0.1066533038392663
0.10525595070794225
0.11027700919657946
0.11232156306505203
0.10885419882833958
0.10778723610565066
0.10887868190184236
0.10872811498120427
0.11235826415941119
0.11228475486859679
0.10777116799727082
0.10844307718798518
0.10911370627582073
0.1087231570854783
0.11041429219767451
0.11007841071113944
0.10786227695643902
0.10847657127305865
0.11029400816187263
0.10935326898470521
0.1090327468700707
0.11003414122387767
0.11046452727168798
0.10936885699629784
0.10939512588083744
0.10956765012815595
0.108682363294065
0.10667097521945834
0.10737571772187948
0.1057546017691493
0.10529108997434378
0.10657218424603343
0.10592301096767187
0.10491039883345366
0.1056077959947288
0.10511112678796053
0.11029503121972084
0.11237614508718252
0.10873185377568007
0.10766894184052944
0.11187397688627243
0.11178918555378914
0.1109606260433793
0.11023532692342997
0.10879606800153852
0.10760856419801712
0.10504216887056828
0.10511895408853889
0.1055240910500288
0.10548841021955013
0.10426861979067326
0.10387698607519269
0.10453936224803329
0.10496863815933466
0.10430268198251724
0.10669615538790822
0.10896357800811529
0.10921286838129163
0.11061186296865344
0.10958162462338805
0.10892568808048964
0.11327137518674135
0.11324376100674272
0.10986572224646807
0.11066598491743207
0.11002429900690913
0.10970292100682855
0.10884847585111856
0.10884777689352632
0.106484595220536
0.10959332901984453
0.1111745098605752
0.10905860597267747
0.10875321459025145
0.11199796805158257
0.11186465620994568
0.11083500226959586
0.10998256923630834
0.10884571680799127
0.10907942522317171
0.1081740241497755
0.10701312962919474
0.10813248995691538
0.10962408594787121
0.11240471433848143
0.1098360032774508
0.10845961375162005
0.10993357002735138
0.11030215723440051
0.10931830294430256
0.1096510961651802
0.11097101401537657
0.11074628494679928
0.10843199491500854
0.10792194586247206
0.10565631370991468
0.10617234697565436
0.10579804936423898
0.11050293873995543
0.11361214332282543
0.1089643589220941
0.10738532710820436
0.11032960098236799
0.10977752273902297
0.11065032100304961
0.11096248496323824
0.10981246083974838
0.10937714204192162
0.10947926295921206
0.10905599594116211
0.10602420894429088
0.10570185631513596
0.10519894398748875
0.11052631214261055
0.11292339814826846
0.10871336190029979
0.10801184084266424
0.10705367429181933
0.10790866799652576
0.10991203412413597
0.11104598874226213
0.10974424704909325
0.10940114222466946
0.11120479693636298
0.1103240572847426
0.10863229492679238
0.10909122927114367
0.10699498932808638
0.10919393226504326
0.11130067426711321
0.10821288917213678
0.10901321284472942
0.10729296877980232
0.10629257513210177
0.11167971976101398
0.11127302004024386
0.11060077557340264
0.10958006093278527
0.10772030288353562
0.10773025406524539
0.10854455409571528
0.10604367312043905
0.10498189274221659
0.10444937087595463
0.1042527542449534
0.10462854290381074
0.10456520691514015
0.10555609408766031
0.10787627380341291
0.10984044196084142
0.11285210913047194
0.1086855698376894
0.10867668595165014
0.11207464011386037
0.11140808276832104
0.10978761734440923
0.10902350209653378
0.11114231683313847
0.1092502512037754
0.10880072880536318
0.10796113777905703
0.10590339312329888
0.10557750798761845
0.10660897800698876
0.1094216457568109
0.11150826094672084
0.10863171191886067
0.10755160078406334
0.10928204469382763
0.1091333869844675
0.10974046075716615
0.1112603428773582
0.10940103000029922
0.10890761623159051
0.10813103104010224
0.10834536189213395
0.11108570918440819
0.10955166397616267
0.10788022074848413
0.1082666302099824
0.10983695602044463
0.10848117899149656
0.10796505073085427
0.10924623208120465
0.10993344523012638
0.10959697095677257
0.11025253217667341
0.10928659699857235
0.10828807717189193
0.10681640217080712
0.10635653091594577
0.10442300885915756
0.10475054057314992
0.1039002132602036
0.1037147962488234
0.10395192680880427
0.10406207013875246
0.10426519997417927
0.10486127994954586
0.1042604548856616
0.10496601182967424
0.1045565688982606
0.11024590209126472
0.11273946007713675
0.10869116801768541
0.10782590368762612
0.11063703475520015
0.11184700718149543
0.10979351866990328
0.10953955398872495
0.10952950408682227
0.1084661390632391
0.10723050823435187
0.10656690085306764
0.10559496004134417
0.10593686997890472
0.10455835098400712
0.10415642894804478
0.10428329091519117
0.10497619584202766
0.10476764664053917
0.1067708283662796
0.10948693798854947
0.10907567664980888
0.11133648129180074
0.10932545689865947
0.10858266288414598
0.1132906493730843
0.1128126559779048
0.10927920509129763
0.11036195512861013
0.10881902417168021
0.1089926534332335
0.1062092799693346
0.11074968473985791
0.11338145798072219
0.11007683398202062
0.1078338478691876
0.11036376701667905
0.10933139780536294
0.1109552956186235
