0.23135543800890446
0.17231195699423552
0.1715071820653975
0.16765438904985785
0.16819816688075662
0.16831331280991435
0.16787176812067628
0.16838053287938237
0.16854041768237948
0.16831503994762897
0.16850417805835605
0.16820214921608567
0.16803574189543724
0.1681635589338839
0.1685266960412264
0.1685770503245294
0.1680465368553996
0.16848519584164023
0.1700390949845314
0.17105500493198633
0.16976065002381802
0.17161455703899264
0.1705285906791687
0.17098668683320284
0.16917116288095713
0.1706315940245986
0.16974117700010538
0.17117738025262952
0.17058864003047347
0.169711803086102
0.17029977310448885
0.1709842006675899
0.1700223651714623
0.16901333909481764
0.16951191239058971
0.16957303788512945
0.16932083340361714
0.16933670034632087
0.16944762598723173
0.16895508905872703
0.16918315086513758
0.1688708709552884
0.16908951476216316
0.16917220689356327
0.16913710441440344
0.1693832571618259
0.16922246990725398
0.1690247138030827
0.16958307335153222
0.16921397484838963
0.16953518893569708
0.16922303987666965
0.16930891200900078
0.16954822838306427
0.16923895617946982
0.17113710474222898
0.16905105765908957
0.16928346687927842
0.16950834402814507
0.16952648479491472
0.16906368173658848
0.16967453667894006
0.16953227296471596
0.16769659658893943
0.16971518890932202
0.16970983892679214
0.16964128613471985
0.17034785775467753
0.17033555917441845
0.1701528406701982
0.17018870683386922
0.16929030371829867
0.17034578882157803
0.16998558677732944
0.1704509030096233
0.1702372501604259
0.17048179171979427
0.16989168524742126
0.17055490519851446
0.17108103167265654
0.16984672006219625
0.1697168187238276
0.1697667809203267
0.17023110343143344
0.1703935512341559
0.16963599156588316
0.1703579002059996
0.17001478001475334
0.16995236603543162
0.16968766879290342
0.169886807911098
0.1703670988790691
0.17002973426133394
0.1701442152261734
0.17031612899154425
0.17053693812340498
0.1700047068297863
0.17056145425885916
0.17020202288404107
0.170379641931504
0.17140230908989906
0.17015723884105682
0.17059928085654974
0.17014566622674465
0.17005083383992314
0.1704487786628306
0.16994070913642645
0.1709086732007563
0.17048616241663694
0.16970376018434763
0.17234727833420038
0.17047868901863694
0.17081906599923968
0.17113724164664745
0.17065324308350682
0.17132270196452737
0.17025941889733076
0.17081864830106497
0.17090851115062833
0.17092917021363974
0.17085267091169953
0.17042771819978952
0.1705791330896318
0.17079681903123856
0.17090382426977158
0.1710850871168077
0.17022001696750522
0.170579737983644
0.17106341617181897
0.17112620174884796
0.171652106102556
0.17139515234157443
0.17141011776402593
0.1709863841533661
0.17156269121915102
0.17119500692933798
0.17096272204071283
0.1715573170222342
0.17156008491292596
0.17213593143969774
0.170736163854599
0.1714588850736618
0.1712439558468759
0.17091306671500206
0.17136697098612785
0.17131093423813581
0.17119615199044347
0.17080344213172793
0.17108063027262688
0.1709194267168641
0.17157239094376564
0.1710597793571651
0.17112019984051585
0.1713987779803574
0.17127568507567048
0.1709092748351395
0.16821667179465294
0.17107553500682116
0.17074872832745314
0.1716356398537755
0.17205087980255485
0.17138069914653897
0.17135686613619328
0.17143052583560348
0.17134212888777256
0.1714608888141811
0.17169937305152416
0.17160545522347093
0.1717983721755445
0.16840941412374377
0.17125029489398003
0.1720977881923318
0.17183043714612722
0.17182835610583425
0.1718782759271562
0.1725430591031909
0.17126516299322248
0.17254514805972576
0.17224066564813256
0.17205611476674676
0.172378099989146
0.171351361554116
0.17179033905267715
0.17165296897292137
0.17233515810221434
0.17221019277349114
0.172084822319448
0.1713846018537879
0.1720097758807242
0.17199739487841725
0.17229387536644936
0.17189572099596262
0.1721329167485237
0.172016731929034
0.17170199006795883
0.17230946198105812
0.17213988676667213
0.17251910408958793
0.17248567286878824
0.172303746920079
0.17225071834400296
0.17262704065069556
0.17222490534186363
0.1722100591287017
0.17135088704526424
0.17278578178957105
0.1719094137661159
0.17211854876950383
0.17185162007808685
0.17224355321377516
0.17209659423679113
0.17226397478953004
0.17227329080924392
0.17291561607271433
0.17248901119455695
0.1709641059860587
0.17207860806956887
0.17253806814551353
0.17248649336397648
0.17193937813863158
0.17249279702082276
0.172184850089252
0.17260698787868023
0.1724909720942378
0.1719872779212892
0.17274739313870668
0.1723947091959417
0.17255926690995693
0.17255726782605052
0.17227133503183722
0.17241739621385932
0.17198068089783192
0.17251225095242262
0.1724109691567719
0.1728863511234522
0.17289185477420688
0.17295655608177185
0.17264492576941848
0.17221326706930995
0.17249635513871908
0.17243952909484506
0.16951283114030957
0.17303551314398646
0.1722996379248798
0.17263267980888486
0.17279762914404273
0.17326420499011874
0.17284992709755898
0.1726365857757628
0.17251594876870513
0.1726549519225955
0.17262410698458552
0.17309841513633728
0.1732845427468419
0.17354152631014585
0.1728114946745336
0.1731316288933158
0.17255364498123527
0.17300335224717855
0.17348113702610135
0.17386032920330763
0.17349324375391006
0.17297679092735052
0.17337162606418133
0.1727316351607442
0.17381986184045672
0.17313764384016395
0.1730561670847237
0.17334842309355736
0.17353279376402497
0.1730672656558454
0.1730357138440013
0.17316204775124788
0.17309674620628357
0.17289133090525866
0.1730296602472663
0.17334914999082685
0.17249124590307474
0.1726809344254434
0.1730958423577249
0.1731774709187448
0.17310352716594934
0.1728306687436998
0.1734522543847561
0.1731865480542183
0.17329793190583587
0.17339357966557145
0.17272116104140878
0.1735204621218145
0.17272317269816995
0.17460072273388505
0.17396510392427444
0.17336301272735
0.17353022936731577
0.17373953200876713
0.17344672931358218
0.17270437674596906
0.17387314420193434
0.17381745297461748
0.1737738740630448
0.1733646378852427
0.17384958593174815
0.17319928901270032
0.17400428792461753
0.1741577908396721
0.17492857994511724
0.17371731624007225
0.1743887779302895
0.17306275013834238
0.1740171150304377
0.17356762988492846
0.17424570582807064
0.17461809003725648
0.17345265205949545
0.17499508801847696
0.1734315948560834
0.17427905509248376
0.17329599102959037
0.17406281316652894
0.17355299508199096
0.17367318831384182
0.17324151983484626
0.17391648096963763
0.17375511769205332
0.17357939900830388
0.17490582913160324
0.17393819196149707
0.17419889476150274
0.17369816405698657
0.1739947833120823
0.1736782700754702
0.17383752670139074
0.17420166824012995
0.1741009228862822
0.17472106032073498
0.17388005834072828
0.17380695790052414
0.17414628202095628
0.1736940909177065
0.17458717990666628
0.17378394771367311
0.1757814292795956
0.17471860628575087
0.17482100054621696
0.1746814539656043
0.17427888000383973
0.17431086907163262
0.1747053563594818
0.1749266437254846
0.17469681100919843
0.17444285191595554
0.1743849078193307
0.17470599291846156
0.17543000914156437
0.17552616074681282
0.17598272813484073
0.17475292505696416
0.1747518191114068
0.17469116812571883
0.17424945998936892
0.17488729069009423
0.1749213756993413
0.17513995710760355
0.17493215715512633
0.17486853571608663
0.1749397017993033
0.1775781619362533
0.17781261587515473
0.17709808191284537
0.17619257979094982
0.176197721157223
0.1765505033545196
0.17733380617573857
0.1770405569113791
0.1755030732601881
0.1779998391866684
0.17831672867760062
0.17627832805737853
0.17957248259335756
0.1762171657755971
0.17639864701777697
0.1770962430164218
0.1767801526002586
0.17598368413746357
0.17755552008748055
0.17777055222541094
0.1749437008984387
0.17456695530563593
0.17445634305477142
0.1751690679229796
0.1771896411664784
0.17762342980131507
0.17854081699624658
0.17511259485036135
0.17499501165002584
0.1776571678929031
0.17682611290365458
0.1759405923075974
0.17632366297766566
0.1753653814084828
0.17816495010629296
0.1768494676798582
0.1773843257687986
0.17659251298755407
0.17583139427006245
0.17688707308843732
0.17722099274396896
0.17752951616421342
0.17567272996529937
0.17851731413975358
0.17786194616928697
0.1764981816522777
0.17545511526986957
0.17739283991977572
0.1778500429354608
0.17600502632558346
0.17501991102471948
0.17811379814520478
0.1773625430651009
0.1752446531318128
0.1762925391085446
0.17886284738779068
0.17551443492993712
0.17519990308210254
0.17795986263081431
0.17744836630299687
0.17533007869496942
0.1762006557546556
0.1757088373415172
0.1790745072066784
0.1759483846835792
0.17769317794591188
0.17821188503876328
0.1784388697706163
0.17862226767465472
0.17692550690844655
0.17885888274759054
0.1751804039813578
0.17696683993563056
0.17744438908994198
0.17655106680467725
0.17795658530667424
0.1780325910076499
0.1769016939215362
0.1795562761835754
0.17569915996864438
0.17867287388071418
0.17809531511738896
0.17647848092019558
0.17666427930817008
0.178228379227221
0.1790894060395658
0.1761969500221312
0.1773613807745278
0.1791371046565473
0.17837521713227034
0.17676996113732457
0.17715164320543408
0.17819863837212324
0.18089407216757536
0.1762387859635055
0.17914569796994328
0.17869171872735023
0.17703891592100263
0.1757432878948748
0.17827856494113803
0.17894227989017963
0.1810149783268571
0.1774407709017396
0.17884256225079298
0.1795093808323145
0.1779560362920165
0.17884153919294477
0.17952590622007847
0.17896213801577687
0.18387060798704624
0.1779277971945703
0.17864082707092166
0.17907171370461583
0.18074076203629375
0.18133951909840107
0.17941168369725347
0.17910935822874308
0.18252715142443776
0.17834474332630634
0.17768031125888228
0.18299246625974774
0.1809311220422387
0.1796453488059342
0.18168115010485053
0.17868517385795712
0.18023372301831841
0.17552906507626176
0.17822351166978478
0.18079895107075572
0.1808180040679872
0.1778356758877635
0.17898419592529535
0.18121068133041263
0.18097941996529698
0.17828011233359575
0.1793497959151864
0.17992626782506704
0.17955641821026802
0.17744641890749335
0.17753930995240808
0.18097789492458105
0.18176343524828553
0.17910495167598128
0.17602212680503726
0.18394499504938722
0.18172967620193958
0.17843633657321334
0.18026963295415044
0.18300106097012758
0.1805473631247878
0.18282233970239758
0.17841946007683873
0.17965111415833235
0.18135991925373673
0.18173950305208564
0.17915875324979424
0.1802898016758263
0.1807518252171576
0.18153490219265223
0.17821300402283669
0.17883802391588688
0.18096714094281197
0.18193637300282717
0.17915028193965554
0.1808838602155447
0.18223028909415007
0.17870713444426656
0.17632422223687172
0.18110966123640537
0.1802120408974588
0.1805391968227923
0.18255729833617806
0.18331516813486814
0.18165312940254807
0.18013504100963473
0.18547763163223863
0.18054423900321126
0.17589235166087747
0.18441991787403822
0.18289479706436396
0.17999279592186213
0.18107692571356893
0.1832383698783815
0.1794674969278276
0.18466677889227867
0.17863726895302534
0.1782802101224661
0.18468399113044143
0.1835754900239408
0.1834093607030809
0.18509179027751088
0.1829757490195334
0.18087118864059448
0.18401222303509712
0.18021787563338876
0.17979769641533494
0.1831794031895697
0.18286767322570086
0.17934807669371367
0.18216980900615454
0.1865545241162181
0.1794903171248734
0.1823451709933579
0.17736769188195467
0.18139064498245716
0.18281711637973785
0.1809280919842422
0.17881684005260468
0.17883240524679422
0.18239457998424768
0.18463665200397372
0.1842834954150021
0.18147486494854093
0.1798534318804741
0.18289505317807198
0.17974737519398332
0.18360072188079357
0.18788371002301574
0.18384430930018425
0.18149607069790363
0.187682983931154
0.18141437089070678
0.1767631429247558
0.17885909276083112
0.17779397778213024
0.18111195508390665
0.18811818771064281
0.18441305635496974
0.1826812019571662
0.18621197901666164
0.18114754604175687
0.17843973683193326
0.18625611392781138
0.18401131313294172
0.18149097869172692
0.1819207831285894
0.1851253821514547
0.18208430707454681
0.18701311107724905
0.18214028282091022
0.1775593189522624
0.18413788685575128
0.18376262625679374
0.18398878211155534
0.18428588192909956
0.186472799628973
0.18387324316427112
0.18181273993104696
0.18542667292058468
0.17849078821018338
0.1816913508810103
0.18426976585760713
0.18507096078246832
0.18094948818907142
0.18393330834805965
0.1874920097179711
0.18232112238183618
0.18510871240869164
0.18155755707994103
0.17769396118819714
0.18383694300428033
0.1836432688869536
0.18143004784360528
0.1830380759201944
0.1848022500053048
0.18314561992883682
0.18403590004891157
0.18172373063862324
0.1769500500522554
0.18398142093792558
0.18340279487892985
0.18330054124817252
0.18002751609310508
0.18065903102979064
0.186379365157336
0.1827420718036592
0.18959704879671335
0.1818591938354075
0.18158647557720542
0.18352427100762725
0.18430523108690977
0.18012365279719234
0.18444770900532603
0.1890292288735509
0.18324762117117643
0.18388397619128227
0.18752283975481987
0.18200262589380145
0.181516507640481
0.18354899296537042
0.18283991795033216
0.18329211184754968
0.1859437059611082
0.18469386640936136
0.18313822988420725
0.18542786594480276
0.18701193761080503
0.18168698996305466
0.18025293806567788
0.1855582408607006
0.18196118203923106
0.18083989806473255
0.18356595700606704
0.18799138022586703
0.1838196781463921
0.18809185968711972
0.18422362301498652
0.17971833189949393
0.1840033447369933
0.18435197696089745
0.17926235776394606
0.18229858577251434
0.18962976103648543
0.1863257442601025
0.18356585875153542
0.18816464906558394
0.18380314204841852
0.1785894720815122
0.18610827904194593
0.18485807022079825
0.18155928095802665
0.1866593873128295
0.1891983114182949
0.1844214149750769
0.18236961401998997
0.18692032294347882
0.18367631314322352
0.17829599790275097
0.18666830100119114
0.185106142424047
0.18066651420667768
0.18417011899873614
0.18951932108029723
0.18638618104159832
0.18415385205298662
0.1876544919796288
0.1857367753982544
0.1793201412074268
0.18504385417327285
0.18616684386506677
0.18688828218728304
0.18720193393528461
0.18866572994738817
0.18800013884902
0.18674851208925247
0.18446414778009057
0.18783089378848672
0.18498456198722124
0.17771753622218966
0.186562763992697
0.18602936901152134
0.18515669414773583
0.18418787280097604
0.18601974193006754
0.18666893430054188
0.18391187489032745
0.18551773624494672
0.1876279041171074
0.18052413128316402
0.18034100020304322
0.1876613488420844
0.18586118705570698
0.18226234707981348
0.1815823009237647
0.18510884512215853
0.18423090502619743
0.18815192999318242
0.18515381403267384
0.18036612961441278
0.18255693232640624
0.1871537510305643
0.1864925636909902
0.18303392874076962
0.18444200698286295
0.18674584990367293
0.18632359709590673
0.18545231828466058
0.1878111050464213
0.18308596778661013
0.1770330728031695
0.18907230580225587
0.18653990514576435
0.1802576999180019
0.1805918742902577
0.18438673205673695
0.18563479837030172
0.18547124415636063
0.18895143503323197
0.1819838802330196
0.17987055703997612
0.18804192123934627
0.1860634358599782
0.18673530220985413
0.18689481588080525
0.18599791079759598
0.18639568798244
0.1836193511262536
0.18831203784793615
0.18511012708768249
0.17861812189221382
0.18361117132008076
0.18189367093145847
0.1792359040118754
0.1769276768900454
0.18093561381101608
0.18855968490242958
0.1863247868604958
0.18543657753616571
0.17899222811684012
0.18531707394868135
0.18647784600034356
0.18685504468157887
0.18600375205278397
0.18455675337463617
0.1876066247932613
0.18752158293500543
0.18342022830620408
0.18956693401560187
0.18361157504841685
0.17838694714009762
0.1870365608483553
0.18777073407545686
0.18550313729792833
0.18481760192662477
0.18707518884912133
0.18795278435572982
0.18681324273347855
0.18669218895956874
0.18872019415721297
0.18308906722813845
0.17732035974040627
0.18961819587275386
0.18675760086625814
0.18203085288405418
0.18527992023155093
0.1895135259255767
0.18678524997085333
0.18408520007506013
0.18828081898391247
0.18692884594202042
0.18070183135569096
0.18066695239394903
0.17992561357095838
0.17788365902379155
0.17934310901910067
0.1856870837509632
0.18823810014873743
0.18481609597802162
0.18923413613811135
0.18251612782478333
0.17745935916900635
0.1904095532372594
0.18674920685589314
0.18460308015346527
0.18792651081457734
0.18921874277293682
0.18504866724833846
0.18537219194695354
0.18523503001779318
0.18873310135677457
0.18196758395060897
0.18085308698937297
0.1883838837966323
0.18680903501808643
0.18695553578436375
0.18665235443040729
0.18886080291122198
0.18670162092894316
0.18439054815098643
0.18814117601141334
0.1870627631433308
0.1832880307920277
0.17834674380719662
0.19027502601966262
0.18636127281934023
0.18237741198390722
0.18641178496181965
0.1908651189878583
0.18623891100287437
0.18404584797099233
0.18918558210134506
0.18798415642231703
0.18338344898074865
0.1791660152375698
0.18183661019429564
0.18003866588696837
0.18240302707999945
0.18826949084177613
0.18885882711037993
0.18486480601131916
0.18793518655002117
0.1885913060978055
0.1828947518952191
0.179048506077379
0.19006988126784563
0.18748487392440438
0.1845316500402987
0.18590539507567883
0.18965298868715763
0.18773247208446264
0.18440042715519667
0.18831758899614215
0.18803064990788698
0.1825713012367487
0.17802065098658204
0.18115882389247417
0.17868646793067455
0.1815144307911396
0.1884503192268312
0.1891021798364818
0.18546569673344493
0.18836452718824148
0.1884628008119762
0.18157132668420672
0.18020158680155873
0.19137418130412698
0.18939131032675505
0.18696659384295344
0.1846475382335484
0.18733011279255152
0.18864072626456618
0.1861178376711905
0.1873000548221171
0.1888232808560133
0.1848277491517365
0.17861427599564195
0.18701087264344096
0.18741128174588084
0.18170602433383465
0.1846701940521598
0.1901074959896505
0.1876998683437705
0.18534340476617217
0.18828437477350235
0.18799692299216986
0.18333453871309757
0.1840076558291912
0.1872100392356515
0.18758811568841338
0.1837247139774263
0.18156997906044126
0.18199280416592956
0.1889430209994316
0.1853041648864746
0.19190348917618394
0.18756506498903036
0.18250375473871827
0.18194268504157662
0.1838556290604174
0.17935752822086215
0.18223520694300532
0.18854899518191814
0.1902471431531012
0.18628758983686566
0.18848898215219378
0.18967839097604156
0.18368413485586643
0.17580962693318725
0.19163655722513795
0.1891666748560965
0.18420645408332348
0.1832688837312162
0.18526738183572888
0.18979072105139494
0.18633810197934508
0.18850689008831978
0.18975112400949
0.1846942980773747
0.17747714277356863
0.18642927007749677
0.18376483395695686
0.17955905012786388
0.17934396816417575
0.1838526469655335
0.18960608914494514
0.18684855895116925
0.18872149288654327
0.1805674242787063
0.18373494874686003
0.1871683648787439
0.18973359186202288
0.1887116259895265
0.18659874983131886
0.18816344207152724
0.18939622305333614
0.18859389005228877
0.1854714429937303
0.19145418796688318
0.18678474007174373
0.18038865271955729
0.1857926370576024
0.1881587440147996
0.18737109936773777
0.18629149300977588
0.18757791398093104
0.18966706981882453
0.18768646800890565
0.1867302916944027
0.1890203463844955
0.18996291887015104
0.18646475207060575
0.17993950098752975
0.18728687521070242
0.1887131603434682
0.18313874397426844
0.179376273881644
0.1788411010056734
0.18440906703472137
0.1920028291642666
0.18854226171970367
0.1888950327411294
0.18144441302865744
0.1858817688189447
0.18742580013349652
0.18637966876849532
0.1824480937793851
0.18446893012151122
0.1910727429203689
0.1883141938596964
0.185075503308326
0.19079138385131955
0.18819529982283711
0.18371095834299922
0.1848145890980959
0.18804954690858722
0.1889742212370038
0.1830977783538401
0.17866093199700117
0.1799327931366861
0.18785574194043875
0.18829490710049868
0.1910982453264296
0.1891456157900393
0.18683923687785864
0.18392061907798052
0.18774782912805676
0.1872975449077785
0.18292005825787783
0.18178575672209263
0.18299420131370425
0.1889396831393242
0.18626296520233154
0.19097174191847444
0.18454665318131447
0.18545504193753004
0.18518363079056144
0.18841890711337328
0.18780572665855289
0.1837607966735959
0.1823525852523744
0.18424958689138293
0.18855333095416427
0.1862733936868608
0.19294469989836216
0.18650078075006604
0.18082387698814273
0.18745903111994267
0.1887122541666031
0.18864267691969872
0.18301731115207076
0.1794153181836009
0.180269586853683
0.18734138179570436
0.1921125310473144
0.18804000224918127
0.18041358795017004
0.19014944322407246
0.18451278610154986
0.18909809598699212
0.1894035371951759
0.18368671089410782
0.1797500690445304
0.18044070713222027
0.18888074392452836
0.18941850680857897
0.1849043508991599
0.17835498414933681
0.18827598681673408
0.1879791421815753
0.19057267578318715
0.18282244727015495
0.17751995101571083
0.17897872906178236
0.19141471711918712
0.18835460301488638
0.19107228331267834
0.18975621601566672
0.18581995833665133
0.18393824016675353
0.18805098999291658
0.18912612507119775
0.18384977895766497
0.17970527103170753
0.17934760311618447
0.186277796048671
0.19046926498413086
0.1896629873663187
0.1857268656603992
0.18617117078974843
0.18474837904796004
0.18982498813420534
0.18887901632115245
0.1839932156726718
0.180291049182415
0.18028266681358218
0.18612589314579964
0.1908585079945624
0.19102496793493629
0.18662657914683223
0.1833272883668542
0.18530183704569936
0.18996150000020862
0.18840996222570539
0.18337512435391545
0.1798751950263977
0.18002294469624758
0.18754286225885153
0.19019141187891364
0.18713304679840803
0.18080014688894153
0.1918673748150468
0.18374885711818933
0.18926600692793727
0.18650838872417808
0.1811448740772903
0.1815350530669093
0.18587658694013953
0.1894240160472691
0.18996695801615715
0.1871972233057022
0.17972783697769046
0.19032350461930037
0.1854654559865594
0.18964632786810398
0.1862346911802888
0.18175112968310714
0.18511101230978966
0.19107972271740437
0.1878513591364026
0.1857111477293074
0.1823654747568071
0.17681812308728695
0.19142060494050384
0.18671102495864034
0.18881843518465757
0.18402889696881175
0.17883436102420092
0.17781267128884792
0.18638170696794987
0.19076784886419773
0.19133609998971224
0.1871690759435296
0.1826294269412756
0.18837770819664001
0.18865428399294615
0.1904726829379797
0.18358608521521091
0.17790197068825364
0.17847322206944227
0.1863186820410192
0.19293418992310762
0.18621276877820492
0.17930816998705268
0.1916566239669919
0.1837631082162261
0.18964123399928212
0.18980615213513374
0.1837133727967739
0.1811697231605649
0.18231408391147852
0.18994611175730824
0.188010741956532
0.18560899561271071
0.17877805698662996
0.19203227385878563
0.18623786931857467
0.18913781829178333
0.18725941516458988
0.1814068933017552
0.1820717710070312
0.185663852840662
0.19053555419668555
0.18823719071224332
0.18766256887465715
0.1792409378103912
0.1922018863260746
0.18431981792673469
0.18994628312066197
0.18557567009702325
0.18030970124527812
0.1777364630252123
0.18045937409624457
0.18998260982334614
0.19296404719352722
0.19147273432463408
0.1863480033352971
0.18960195081308484
0.18475398467853665
0.19054005993530154
0.1894016033038497
0.18474882515147328
0.18093434907495975
0.18084700498729944
0.18803689815104008
0.19036003900691867
0.18706090096384287
0.17908676620572805
0.19133660476654768
0.18573234882205725
0.18968340521678329
0.18985297856852412
0.18535814806818962
0.18122496362775564
0.1818569079041481
0.1879700180143118
0.1872384874150157
0.1842266689054668
0.17764058290049434
0.19051082618534565
0.18801057897508144
0.18878419371321797
0.1837025349959731
0.1789428750053048
0.17875496111810207
0.1864956272765994
0.19073198596015573
0.19084548112004995
0.1861519357189536
0.18310477305203676
0.18710453528910875
0.18963082879781723
0.18865360785275698
0.18405965436249971
0.18079479690641165
0.17973865801468492
0.18749890895560384
0.1898119538091123
0.19081767508760095
0.18572464818134904
0.18493065610527992
0.18482039961963892
0.18806786788627505
0.1897902050986886
0.18488518707454205
0.18120797304436564
0.18237559823319316
0.18898691702634096
0.18803166132420301
0.1933142109774053
0.18595991097390652
0.18182735284790397
0.18834848888218403
0.18816317012533545
0.1904660500586033
0.18344155000522733
0.17835603095591068
0.1780769326724112
0.18489252403378487
0.1918142233043909
0.18995746178552508
0.1856343988329172
0.18489887891337276
0.18697992200031877
0.19049245910719037
0.1902729901485145
0.1835283567197621
0.17806984623894095
0.17842504335567355
0.18729321379214525
0.193435522262007
0.1883764541707933
0.180753949098289
0.18751063896343112
0.1869980706833303
0.1895288648083806
0.1896934541873634
0.18594616185873747
0.18220886681228876
0.1825667447410524
0.18746252916753292
0.188118448946625
0.19454154511913657
0.18615212896838784
0.18082659505307674
0.18854645220562816
0.18824975611642003
0.18992641801014543
0.18684749631211162
0.18186884699389338
0.1814227132126689
0.1850409428589046
0.18831408210098743
0.1917472998611629
0.18674846924841404
0.1810848219320178
0.19026349484920502
0.18576166359707713
0.19081588089466095
0.189504555426538
0.18494196981191635
0.18085516802966595
0.18271017726510763
0.1920068678446114
0.18945522187277675
0.1910161250270903
0.18515367293730378
0.1780108343809843
0.1922167376615107
0.18909257370978594
0.1904692267999053
0.18922464223578572
0.18894655629992485
0.1893857247196138
0.19114146009087563
0.19005734100937843
0.18627414526417851
0.19197023240849376
0.1894838851876557
0.18630820093676448
0.17983862105756998
0.18781406711786985
0.18898132210597396
0.18398823123425245
0.179602128919214
0.17911282693967223
0.18557464517652988
0.19304101122543216
0.18795652082189918
0.19060452515259385
0.1836799243465066
0.17998762987554073
0.18574543995782733
0.1816219361498952
0.17808532621711493
0.18003637809306383
0.18932057823985815
0.18871395103633404
0.1907148458994925
0.19028498604893684
0.18486441485583782
0.17790455929934978
0.19254970829933882
0.18914303043857217
0.1885588620789349
0.1856838478706777
0.18725180439651012
0.19097450841218233
0.1894170930609107
0.18690734077244997
0.19030901789665222
0.19077192898839712
0.18712683208286762
0.1806339486502111
0.1877772039733827
0.18887012405321002
0.18274842761456966
0.1785462573170662
0.17862468026578426
0.18629644298925996
0.1919586230069399
0.19053198490291834
0.19013141840696335
0.18456740770488977
0.17803075537085533
0.18611425999552011
0.181827574968338
0.1775491600856185
0.17811000114306808
0.18673084815964103
0.19153789896517992
0.19030850008130074
0.1910391910932958
0.18558625783771276
0.17763047106564045
0.19279730506241322
0.19058208260685205
0.184417684096843
0.18112283665686846
0.18061271496117115
0.18746863910928369
0.19064308004453778
0.19126905966550112
0.19327712384983897
0.1892850766889751
0.19194420473650098
0.17830313695594668
0.19421667978167534
0.19015915133059025
0.18493908317759633
0.18008023593574762
0.17971460102126002
0.1825494826771319
0.19201787700876594
0.1920171701349318
0.19077050499618053
0.18855716194957495
0.18040246982127428
0.1906049270182848
0.188913157209754
0.182322951965034
0.17761802207678556
0.1787805538624525
0.18610792234539986
0.19261627225205302
0.1890286416746676
0.1910417890176177
0.1853039008565247
0.17765847919508815
0.19323626812547445
0.1907777995802462
0.18495494592934847
0.18188059609383345
0.1798882493749261
0.18512641731649637
0.18997281603515148
0.19056097464635968
0.19037987710908055
0.1851461799815297
0.177370797842741
0.19262713100761175
0.1905585639178753
0.18455196218565106
0.18114462262019515
0.17937474511563778
0.1864791139960289
0.19068400701507926
0.18917454779148102
0.19216959411278367
0.18659049505367875
0.17904930328950286
0.1926673762500286
0.18892556382343173
0.18184767896309495
0.17674688901752234
0.178615708835423
0.18777281930670142
0.19154460215941072
0.19048655405640602
0.19118518056347966
0.18507975013926625
0.17749172914773226
0.19294558092951775
0.19110080087557435
0.18583572329953313
0.18291793577373028
0.18044750299304724
0.1838354403153062
0.18963152030482888
0.18901490233838558
0.1904078098013997
0.18488583201542497
0.17824335303157568
0.19261868530884385
0.18981045112013817
0.18856054404750466
0.18572141276672482
0.1862993873655796
0.190583823248744
0.18950679106637836
0.18693054700270295
0.18993593519553542
0.1896593850106001
0.1868392671458423
0.18070185370743275
0.18769832188263535
0.18901610421016812
0.18337648594751954
0.17981922114267945
0.17954674363136292
0.186602886300534
0.18893907498568296
0.1896885558962822
0.18986560218036175
0.18477184791117907
0.17824064986780286
0.18640678003430367
0.18253877805545926
0.17770161712542176
0.17727453168481588
0.18577579502016306
0.1925008217804134
0.18995001772418618
0.1908090701326728
0.1845131842419505
0.1778922458179295
0.19245206518098712
0.18995122238993645
0.1857675169594586
0.18291488103568554
0.18233626196160913
0.18852746300399303
0.18936384096741676
0.18909948179498315
0.19202311290428042
0.1873828931711614
0.18022941099479795
0.1863156072795391
0.18827698472887278
0.1817815899848938
0.1779821920208633
0.1781928506679833
0.18508831737563014
0.1928862570784986
0.18875565892085433
0.18852988677099347
0.1807137751020491
0.1830133469775319
0.19119864096865058
0.1901250551454723
0.1858108309097588
0.18432508688420057
0.18601228389889002
0.18963644793257117
0.1884191301651299
0.1895270999521017
0.1913434062153101
0.18671289831399918
0.18004054902121425
0.18929076427593827
0.18833506479859352
0.18454465316608548
0.17983466386795044
0.17837148299440742
0.18348174216225743
0.19009940419346094
0.19045292166993022
0.18975877482444048
0.18407408008351922
0.17723363498225808
0.1843579588457942
0.18138081394135952
0.1781852738931775
0.17896123323589563
0.1862694127485156
0.19145796773955226
0.19031351478770375
0.18968788906931877
0.18237333605065942
0.17936138110235333
0.1921372259967029
0.1904289429076016
0.18406516266986728
0.18240988394245505
0.1836036411114037
0.1897866167128086
0.1874078018590808
0.19006724236533046
0.19022465590387583
0.18575411709025502
0.17785151302814484
0.19336759019643068
0.18940948694944382
0.18419875483959913
0.18157150596380234
0.18029164988547564
0.1835027551278472
0.18945249496027827
0.19014132488518953
0.1899162488989532
0.18489417433738708
0.17775578098371625
0.1859247600659728
0.18210753239691257
0.1772984736599028
0.17788312584161758
0.18567315861582756
0.19253984186798334
0.1898148520849645
0.1900219158269465
0.18298444477841258
0.17949334485456347
0.19123227382078767
0.19089288311079144
0.1884005586616695
0.18465539114549756
0.18444251455366611
0.18842929601669312
0.18937923666089773
0.18680951232090592
0.1918618925847113
0.1882804110646248
0.18267470225691795
0.18094282504171133
0.18421497475355864
0.1811002721078694
0.17867979360744357
0.17929918272420764
0.18656463781371713
0.1908871429041028
0.19135532900691032
0.18662389507517219
0.18023188319057226
0.18602493312209845
0.1889520948752761
0.1885845921933651
0.18578297784551978
0.18594489712268114
0.18945324001833797
0.18840753519907594
0.1868755123578012
0.18802346382290125
0.19048402504995465
0.18662674399092793
0.17948760138824582
0.1886971010826528
0.1880651181563735
0.1826437129639089
0.17919391300529242
0.17964843520894647
0.1868627928197384
0.18825899623334408
0.1906990041024983
0.1863566618412733
0.1813468039035797
0.18449086043983698
0.18913578102365136
0.18756714463233948
0.18468886893242598
0.1851757918484509
0.1896473839879036
0.18869158113375306
0.18549977196380496
0.1882924996316433
0.18837899202480912
0.18310819612815976
0.17854392295703292
0.192056467756629
0.1889983369037509
0.18428451102226973
0.1827897340990603
0.18392805103212595
0.18838276201859117
0.18584745889529586
0.18837938783690333
0.18845147220417857
0.18297249916940928
0.17945237597450614
0.18369264993816614
0.18054685601964593
0.1799515108577907
0.18070213729515672
0.18717225827276707
0.18957299692556262
0.18841574201360345
0.18645974108949304
0.17927608964964747
0.18755026487633586
0.18838558159768581
0.18693168088793755
0.18470296217128634
0.18623037170618773
0.18967908807098866
0.18836233392357826
0.18474855599924922
0.1896015820093453
0.1882828800007701
0.18361111264675856
0.17722673993557692
0.18336511589586735
0.18103653099387884
0.1797767598181963
0.18164888489991426
0.18845625780522823
0.18719352688640356
0.19070311915129423
0.18656423827633262
0.18024697108194232
0.18494460498914123
0.18806715914979577
0.18727582274004817
0.1850601639598608
0.18740998208522797
0.19055008189752698
0.1877515953965485
0.18515969114378095
0.18831574777141213
0.1896970048546791
0.18325134180486202
0.17786449193954468
0.19014156376942992
0.188053825404495
0.18446492590010166
0.18384495843201876
0.1863053352572024
0.19019747199490666
0.18545698700472713
0.1884043700993061
0.1885312171652913
0.18327364092692733
0.17887356411665678
0.19015430379658937
0.1882222993299365
0.18485525669530034
0.18426619283854961
0.18594210874289274
0.18904038472101092
0.18554395716637373
0.18797512166202068
0.18821481941267848
0.18246891722083092
0.17845917399972677
0.19058601977303624
0.1936024259775877
0.18121994007378817
0.18443869706243277
0.1901650968939066
0.1893239920027554
0.18950665881857276
0.18769604107365012
0.1905595581047237
0.18882593419402838
0.18606660095974803
0.18357295403257012
0.18908132426440716
0.18815971398726106
0.18297762423753738
0.1789821982383728
0.17824081890285015
0.1852423520758748
0.19204151118174195
0.18916042428463697
0.18615548498928547
0.18650023080408573
0.1830586977303028
0.1868362887762487
0.18191284406930208
0.17782516963779926
0.1780176367610693
0.1854705922305584
0.1896414691582322
0.1885572406463325
0.18678500968962908
0.18757442897185683
0.18203900894150138
0.18769501522183418
0.1834709499962628
0.17889087880030274
0.1769532090984285
0.18468029890209436
0.18954254500567913
0.18989073764532804
0.18967442912980914
0.1847843211144209
0.18319645104929805
0.18737346306443214
0.18750320002436638
0.18282106425613165
0.1805696007795632
0.1815546271391213
0.1883484898135066
0.18705295491963625
0.1906343516893685
0.18485642410814762
0.1874135290272534
0.18172727106139064
0.18719580303877592
0.18128781626001
0.17723275301977992
0.17790241492912173
0.18631688877940178
0.19005979364737868
0.1889808583073318
0.18594786291942
0.18680843897163868
0.18323460314422846
0.18857227265834808
0.18399523198604584
0.1797615080140531
0.17821521079167724
0.1820613108575344
0.18972209515050054
0.1905168192461133
0.18827725294977427
0.1854297360405326
0.18235609494149685
0.1870280490256846
0.18682866031304002
0.1818770719692111
0.18064636597409844
0.18432136299088597
0.18804097501561046
0.18748370790854096
0.1911858250387013
0.1857294081710279
0.18638732377439737
0.1817884687334299
0.1871246760711074
0.18137694196775556
0.17723347106948495
0.1781568001024425
0.18592345714569092
0.18984189070761204
0.1888443478383124
0.1865210048854351
0.178505249787122
0.1866343328729272
0.18749650567770004
0.18283470114693046
0.180911794770509
0.18220508890226483
0.1885797120630741
0.1860819747671485
0.19102832581847906
0.18779052002355456
0.18302345741540194
0.18174852337688208
0.19000151567161083
0.18836776679381728
0.18551825592294335
0.18485697684809566
0.1867699669674039
0.1878167106769979
0.18446745537221432
0.18846566881984472
0.18808001885190606
0.18330612126737833
0.18369260895997286
0.18577115098014474
0.1875132992863655
0.1840421729721129
0.18185293208807707
0.18449346395209432
0.18889721669256687
0.18416920816525817
0.19124429626390338
0.18674460425972939
0.18143639480695128
0.18433741107583046
0.18652808759361506
0.1820440120063722
0.17792156571522355
0.1775898989289999
0.18358579790219665
0.1911629787646234
0.18754279194399714
0.18576329573988914
0.1782431360334158
0.1887759556993842
0.1873846799135208
0.1840930636972189
0.18117610132321715
0.18280056258663535
0.18776423018425703
0.18483954295516014
0.18957951106131077
0.18752325791865587
0.18230475904420018
0.18000527704134583
0.180543246679008
0.1782063958235085
0.1781284143216908
0.1829817360267043
0.18720943899825215
0.18560706824064255
0.1884253742173314
0.1817092108540237
0.18138384725898504
0.1880056830123067
0.18734186189249158
0.18671529227867723
0.18725155526772141
0.18919307179749012
0.18724292377009988
0.18535326793789864
0.18777704611420631
0.18823273433372378
0.18229826306924224
0.177889424841851
0.19050926575437188
0.188267236109823
0.18507947912439704
0.18448838498443365
0.18775486294180155
0.18768916698172688
0.18422479508444667
0.18807669496163726
0.18822132470086217
0.182573851197958
0.178415697067976
0.1905493102967739
0.18829335318878293
0.18377127777785063
0.18417154625058174
0.18680939124897122
0.18994113663211465
0.18439405038952827
0.1905868612229824
0.1876979391090572
0.18343026377260685
0.17867741314694285
0.18491775589063764
0.18043900420889258
0.1778888520784676
0.17878038994967937
0.1855620602145791
0.18886501900851727
0.18819065298885107
0.18584810895845294
0.17971412325277925
0.18801558483392
0.1877215849235654
0.18734385166317225
0.1839119279757142
0.18548194505274296
0.1891513681039214
0.18897741893306375
0.1850427039898932
0.19206624617800117
0.18746535573154688
0.18237392604351044
0.18011024221777916
0.1812600060366094
0.17901660595089197
0.18249271111562848
0.18964992510154843
0.18927303608506918
0.18585555907338858
0.19055040180683136
0.18893181020393968
0.1834806422702968
0.17726387502625585
0.1924540209583938
0.18745029298588634
0.18247053399682045
0.18055256363004446
0.18190959095954895
0.18754509510472417
0.18775752885267138
0.19093930767849088
0.18669646000489593
0.1786430785432458
0.1873785532079637
0.18750710599124432
0.1803383333608508
0.17789369216188788
0.178715405985713
0.18516736896708608
0.19059323566034436
0.18990764720365405
0.18618989922106266
0.17886712355539203
0.19004363985732198
0.18765478767454624
0.1873263418674469
0.18392874719575047
0.18467579316347837
0.18985108006745577
0.18919477192685008
0.18545501539483666
0.1901319520547986
0.1884213462471962
0.18246212601661682
0.1802734239026904
0.18995971186086535
0.18776326905936003
0.18419820116832852
0.18435125099495053
0.1869251597672701
0.190209886059165
0.1851272750645876
0.18900963012129068
0.18797809025272727
0.18342049093917012
0.17887261928990483
0.19142518285661936
0.18816813500598073
0.18299733195453882
0.1832806821912527
0.18545203981921077
0.1899037449620664
0.18464919505640864
0.18915568199008703
0.18928311113268137
0.18272579880431294
0.17825505044311285
0.18312989128753543
0.1809238102287054
0.17888131085783243
0.18049252312630415
0.18633077992126346
0.18853593990206718
0.1897987462580204
0.18613587599247694
0.1804535840637982
0.18632152304053307
0.18805377511307597
0.1869465890340507
0.18446229491382837
0.18573368061333895
0.19013846199959517
0.18826442630961537
0.18384022871032357
0.19171491218730807
0.18784581357613206
0.18229652987793088
0.18409194331616163
0.1874399329535663
0.1872908161021769
0.18362824711948633
0.18201365694403648
0.18347996706143022
0.18900054320693016
0.18509677983820438
0.19068798702210188
0.18682302720844746
0.186036366969347
0.18248718697577715
0.1882362929172814
0.18574411096051335
0.1806648802012205
0.1841870630159974
0.1907091592438519
0.18781994935125113
0.18457367876544595
0.19175666430965066
0.18784412508830428
0.1853725709952414
0.18200231064110994
0.18734114337712526
0.1869764351285994
0.18374377395957708
0.18451323406770825
0.18952184729278088
0.18723147409036756
0.183956369291991
0.19227927504107356
0.1855246308259666
0.18209281424060464
0.18577568838372827
0.18919351836666465
0.18919195607304573
0.1831184891052544
0.17954800929874182
0.1795782600529492
0.18707589292898774
0.18923110095784068
0.18597941379994154
0.1792079689912498
0.1900444277562201
0.1844150354154408
0.1881679347716272
0.18181962985545397
0.1771922130137682
0.17888749483972788
0.18705384340137243
0.18928295327350497
0.18928213277831674
0.18441769015043974
0.18703031819313765
0.1826960388571024
0.1872541829943657
0.18211474223062396
0.17714061960577965
0.17844252102077007
0.186454470269382
0.1900918446481228
0.18949683010578156
0.1841116459108889
0.18826799979433417
0.18282508291304111
0.1887669642455876
0.18565018102526665
0.1811106069944799
0.18069057585671544
0.1851397049613297
0.18637797515839338
0.1901960400864482
0.1894417111761868
0.1848583659157157
0.18625248596072197
0.18498194543644786
0.18730738712474704
0.18198266858235002
0.1774453059770167
0.1781157241202891
0.18405226292088628
0.19358088308945298
0.18793779099360108
0.1829028851352632
0.18845947925001383
0.18222076911479235
0.18773386301472783
0.18186433101072907
0.17647828394547105
0.1784441559575498
0.18621625797823071
0.19068201119080186
0.18940817611292005
0.1865819408558309
0.18765822425484657
0.18238905584439635
0.18848943803459406
0.185249085072428
0.17976123094558716
0.17849634867161512
0.1805677069351077
0.18914414569735527
0.18857222376391292
0.18794207694008946
0.18593826377764344
0.18224132992327213
0.18797148391604424
0.18795741302892566
0.1840762672945857
0.18483421206474304
0.1899399901740253
0.18694039806723595
0.18472658889368176
0.19012656388804317
0.18879511393606663
0.18375062895938754
0.1841406929306686
0.18709660787135363
0.18713192595168948
0.18290273286402225
0.17890282021835446
0.17987898970022798
0.1871907520107925
0.1882345317862928
0.19037085119634867
0.18410405004397035
0.1873176796361804
0.18246080540120602
0.1872781589627266
0.1829849067144096
0.17829611990600824
0.1782646207138896
0.18532022507861257
0.18872338999062777
0.18970894906669855
0.18389752879738808
0.18787677586078644
0.1822746191173792
0.1867855847813189
0.182383734267205
0.17741493415087461
0.17793858889490366
0.18440642720088363
0.19204304786399007
0.18724987283349037
0.18662923714146018
0.1873753289692104
0.18257582001388073
0.18826282396912575
0.18532207794487476
0.1795981600880623
0.17681112699210644
0.18156466912478209
0.19016322400420904
0.1903335228562355
0.18971992284059525
0.18579418491572142
0.18333127768710256
0.18793212762102485
0.18694756925106049
0.18394005578011274
0.1808704142458737
0.18029610998928547
0.18702701199799776
0.1881643938831985
0.18988685682415962
0.1845730161294341
0.18799497606232762
0.18239431595429778
0.18680142797529697
0.1823693411424756
0.17761100502684712
0.17810552567243576
0.1845633639022708
0.18978697527199984
0.18905016873031855
0.187260280828923
0.17961125914007425
0.18629892962053418
0.18807843094691634
0.18300680117681623
0.1803795131854713
0.18036013934761286
0.18736474309116602
0.18665890907868743
0.19015890220180154
0.18887413293123245
0.18313431879505515
0.1851251721382141
0.18727615615352988
0.18761522183194757
0.18365258118137717
0.18131827656179667
0.18220382882282138
0.1886207270435989
0.18622239492833614
0.1921338881365955
0.18726320378482342
0.18291244423016906
0.18413521209731698
0.1866754642687738
0.18472070898860693
0.18075985414907336
0.17926411191001534
0.18332898197695613
0.1879166471771896
0.18888885295018554
0.18869274714961648
0.18301100376993418
0.17982814274728298
0.18463438004255295
0.18114517210051417
0.1784680807031691
0.1789585524238646
0.1856557740829885
0.1899207141250372
0.18956820713356137
0.1868694368749857
0.17986259795725346
0.1873451191931963
0.18693869234994054
0.1875281073153019
0.18527066987007856
0.1872795820236206
0.1906042080372572
0.1881728582084179
0.1849382440559566
0.18838034197688103
0.18777581304311752
0.18371848994866014
0.17855384666472673
0.1821481236256659
0.1818344439379871
0.1799145620316267
0.18060237728059292
0.1871930928900838
0.18772475002333522
0.19069925509393215
0.1863529346883297
0.17944300221279263
0.18669440783560276
0.1872080061584711
0.1878776210360229
0.18485431419685483
0.18639257736504078
0.19017538195475936
0.18786682235077024
0.1848546559922397
0.18896951200440526
0.18859104812145233
0.1828302489593625
0.17761364486068487
0.18391282809898257
0.18134699016809464
0.1788251898251474
0.18031161883845925
0.18742884695529938
0.18867878103628755
0.18914402788504958
0.18595940759405494
0.17993846675381064
0.18760232999920845
0.18670940771698952
0.18758552381768823
0.18485361384227872
0.18635818967595696
0.19054188719019294
0.18838801886886358
0.18440039409324527
0.19035349786281586
0.18765250779688358
0.18303192732855678
0.17878542374819517
0.19110777974128723
0.1878561256453395
0.18331732181832194
0.1836126479320228
0.18621364561840892
0.18983402801677585
0.1843779208138585
0.18889332609251142
0.1891719070263207
0.1839831518009305
0.17879651905968785
0.18229232775047421
0.18082518177106977
0.178638257086277
0.18094550166279078
0.18654448864981532
0.18804143089801073
0.18836266919970512
0.1853950540535152
0.1781282457523048
0.18959922762587667
0.18868604162707925
0.18746706517413259
0.18384457984939218
0.1855368441902101
0.190250881947577
0.18892860086634755
0.1848449418321252
0.1904679681174457
0.18782196333631873
0.18351536383852363
0.1806083139963448
0.18366251792758703
0.17978210607543588
0.18226866703480482
0.18920824490487576
0.18756268825381994
0.18442037468776107
0.1886495091021061
0.18889233097434044
0.182972505223006
0.1781098609790206
0.19003926403820515
0.18841703375801444
0.18571830773726106
0.18476657941937447
0.18685938324779272
0.1881621261127293
0.18566338624805212
0.18815795984119177
0.188882561866194
0.18278863187879324
0.17700977623462677
0.18245401280000806
0.1797195002436638
0.1807355689816177
0.18505647405982018
0.19012444093823433
0.18548779422417283
0.19006228307262063
0.18816559994593263
0.183917379938066
0.17956001637503505
0.1904310518875718
0.18760435795411468
0.1838014959357679
0.18434202391654253
0.18764769425615668
0.18855457194149494
0.18550882581621408
0.18926277058199048
0.18812880385667086
0.18365211924538016
0.17756015807390213
0.1830569738522172
0.17982637882232666
0.17874661833047867
0.18024834897369146
0.18646095972508192
0.18876089388504624
0.1886035860516131
0.18527228897437453
0.18002299685031176
0.18897031899541616
0.18882490461692214
0.18819485092535615
0.18492960697039962
0.18551582004874945
0.1907171681523323
0.18971965787932277
0.18606539303436875
0.18957550916820765
0.1901982412673533
0.18488148599863052
0.17810468189418316
0.19096429599449039
0.18777086585760117
0.18466142984107137
0.18267486104741693
0.18230525311082602
0.1883113351650536
0.18608079990372062
0.18921738769859076
0.1895742672495544
0.18327876599505544
0.17751901783049107
0.18534447392448783
0.18067941116169095
0.17820213874801993
0.17916410602629185
0.18702586786821485
0.1885817851871252
0.1896800990216434
0.18726081307977438
0.17929549096152186
0.18669515615329146
0.18840653914958239
0.1879021441563964
0.18764412263408303
0.18705024989321828
0.1891849017702043
0.18825984792783856
0.1872117086313665
0.18693447625264525
0.18991177715361118
0.18591685872524977
0.18017079308629036
0.18876677798107266
0.18727485416457057
0.18253942811861634
0.1787874042056501
0.17798241786658764
0.1837033680640161
0.19050705898553133
0.18981814896687865
0.1870053200982511
0.18060966907069087
0.18713536718860269
0.18703895807266235
0.1874882709234953
0.18375169904902577
0.18335797870531678
0.18716081511229277
0.18840136332437396
0.18660489562898874
0.19028685335069895
0.18585367780178785
0.18012504512444139
0.18658302584663033
0.1870608706958592
0.18231069715693593
0.17958815908059478
0.18065506871789694
0.1880099680274725
0.1864792937412858
0.19053555512800813
0.18659630604088306
0.17949094902724028
0.1868692128919065
0.18675348861142993
0.18845106987282634
0.18619899870827794
0.1873651989735663
0.19027007184922695
0.18720498960465193
0.18609169637784362
0.18701882287859917
0.19020585576072335
0.18350937496870756
0.17834158008918166
0.19027778320014477
0.18941260408610106
0.1842283052392304
0.1824833950959146
0.18421988561749458
0.18910896219313145
0.18506363406777382
0.18950439197942615
0.18957306491211057
0.18176671210676432
0.17843156773597002
0.1897135628387332
0.18623880902305245
0.18223337596282363
0.18479485483840108
0.1891382266767323
0.1871240697801113
0.18318346189334989
0.1898535778746009
0.18461801204830408
0.18034878419712186
0.1842681337147951
0.18579810112714767
0.18088982813060284
0.18157861661165953
0.18916442338377237
0.18758002202957869
0.18388560274615884
0.18776524299755692
0.18569717509672046
0.17820738488808274
0.18551267869770527
0.18648454593494534
0.18678758526220918
0.18349714763462543
0.18454957427456975
0.1867966940626502
0.18673484027385712
0.18617646815255284
0.18837364204227924
0.1831741500645876
0.17695022001862526
0.189100774936378
0.1862874235957861
0.18222292512655258
0.18350074021145701
0.1888135289773345
0.1880659000016749
0.1834664773195982
0.18947588885203004
0.1869384511373937
0.18185706296935678
0.17982349917292595
0.18058508075773716
0.17869267892092466
0.1794497980736196
0.1851451857946813
0.18586694821715355
0.18513185204938054
0.18871992081403732
0.1820765621960163
0.1808751397766173
0.18774534668773413
0.1865771720185876
0.18599707400426269
0.1867589787580073
0.18753346288576722
0.18609559489414096
0.18267239490523934
0.18808359000831842
0.1864507319405675
0.17931970674544573
0.1837684870697558
0.18750456115230918
0.18626708257943392
0.18190148891881108
0.18391356291249394
0.1865727510303259
0.18468624213710427
0.18542126193642616
0.18729108478873968
0.18225986184552312
0.18048786418512464
0.18724761065095663
0.18606257112696767
0.18267317488789558
0.1848375564441085
0.18730409909039736
0.18547340529039502
0.18422975298017263
0.18811645591631532
0.18197241611778736
0.1773769990541041
0.18729576002806425
0.1844603568315506
0.18168913293629885
0.1828237622976303
0.18663147930055857
0.1850990392267704
0.18363289535045624
0.1880672280676663
0.18134555406868458
0.17997745098546147
0.18686512112617493
0.18494491185992956
0.18182172812521458
0.18312491429969668
0.18544629123061895
0.18347299797460437
0.1866020169109106
0.18698325287550688
0.18082034401595592
0.18145640892907977
0.1868775268085301
0.18591605918481946
0.18176022497937083
0.1842080899514258
0.18658447265625
0.1842111311852932
0.18356967391446233
0.18576705083251
0.1774068819358945
0.18484642868861556
0.18622450530529022
0.1867893380112946
0.18414974911138415
0.18577510491013527
0.18620425183326006
0.18457069294527173
0.1837854483164847
0.18793132901191711
0.18113023415207863
0.18078670091927052
0.1869773562066257
0.1851439429447055
0.1816505128517747
0.18259877804666758
0.18669058801606297
0.1840908657759428
0.18493140116333961
0.18566255364567041
0.1779728182591498
0.18487739004194736
0.1864254456013441
0.18580769887194037
0.1842196029610932
0.18591455090790987
0.18620623229071498
0.1843600319698453
0.18249305384233594
0.186992266215384
0.17923120176419616
0.18268618313595653
0.1857158043421805
0.18538262695074081
0.18362159794196486
0.18524038512259722
0.1849863869138062
0.1843484602868557
0.18331146892160177
0.18489958997815847
0.17760026641190052
0.18520963471382856
0.1842565410770476
0.18401188403367996
0.18394534569233656
0.1866864967159927
0.18683672975748777
0.18342110887169838
0.18566330010071397
0.1854588589631021
0.1781074060127139
0.18383688293397427
0.18616026500239968
0.18525260221213102
0.18270062282681465
0.186608396936208
0.18668543733656406
0.1832762979902327
0.18352968012914062
0.18332335399463773
0.17582300631329417
0.1865890291519463
0.18441468803212047
0.18287724209949374
0.18386738002300262
0.18639058712869883
0.18646447965875268
0.1835706103593111
0.18800319731235504
0.1828115489333868
0.17887053219601512
0.18587661441415548
0.18558188574388623
0.18417151784524322
0.1839981647208333
0.18491136422380805
0.18585157906636596
0.18290735222399235
0.18831201689317822
0.18395106308162212
0.18065261701121926
0.18332447623834014
0.18627613596618176
0.1852385401725769
0.1836365764029324
0.18642817670479417
0.18535427190363407
0.18306953320279717
0.18522961484268308
0.18415832798928022
0.1774197230115533
0.18625528225675225
0.1847854540683329
0.1842611078172922
0.18390024406835437
0.1857799687422812
0.185744009912014
0.18206310598179698
0.1866429951041937
0.18348463391885161
0.178767800796777
0.1846203631721437
0.1852432219311595
0.18194360798224807
0.18337561283260584
0.18761144997552037
0.18563638301566243
0.18237604666501284
0.1885100258514285
0.18219629721716046
0.1772244838066399
0.1860185982659459
0.1845656717196107
0.18367051891982555
0.1844459087587893
0.18706764373928308
0.1867579990066588
0.18376977322623134
0.18790589226409793
0.1846387549303472
0.1774534210562706
0.18685234803706408
0.18604620499536395
0.18570333905518055
0.1849487628787756
0.1871644756756723
0.18680791929364204
0.18274928908795118
0.18633176339790225
0.18354229116812348
0.17749050818383694
0.18518200889229774
0.18411045894026756
0.18536897283047438
0.1847737180069089
0.18543132906779647
0.18578901002183557
0.18225503992289305
0.1852663131430745
0.18334388500079513
0.17709195613861084
0.18552231276407838
0.18409727094694972
0.18371651228517294
0.18513147626072168
0.1868719062767923
0.18542130989953876
0.1822416689246893
0.18616437260061502
0.18178992019966245
0.17664281465113163
0.1860581929795444
0.1847172868438065
0.18425363209098577
0.1846531182527542
0.18719687964767218
0.18539671786129475
0.1825961908325553
0.18701840890571475
0.18141533201560378
0.17904342198744416
0.1849006600677967
0.18533550202846527
0.18419625097885728
0.18449955433607101
0.1859083529561758
0.18508214503526688
0.1832312261685729
0.186578668653965
0.18202532408758998
0.17973968293517828
0.18593750288709998
0.18505628872662783
0.18401700677350163
0.18433737056329846
0.18561653466895223
0.18479693587869406
0.18225581292062998
0.1862422521226108
0.17914698598906398
0.1818830156698823
0.18650920875370502
0.18513532960787416
0.18303389474749565
0.18528217170387506
0.18469837168231606
0.18279577000066638
0.18336223624646664
0.1835519950836897
0.1765435477718711
0.18662046222016215
0.18427714286372066
0.18289663828909397
0.18404795788228512
0.18628949392586946
0.18550121365115047
0.18209314811974764
0.18646884709596634
0.1819707783870399
0.17697019083425403
0.18631059397011995
0.18429233925417066
0.18171784188598394
0.18194610998034477
0.18568855989724398
0.18297798093408346
0.1834702780470252
0.1844088206999004
0.1767673259600997
0.18493001209571958
0.18429801892489195
0.1828144253231585
0.1842533298768103
0.18590342812240124
0.18528925394639373
0.1822767648845911
0.18778485991060734
0.18273441214114428
0.17799613997340202
0.18556696688756347
0.1843425170518458
0.18431378807872534
0.18451578728854656
0.18653149902820587
0.18530363915488124
0.1822518422268331
0.18744135880842805
0.18199900817126036
0.17753257974982262
0.18529725912958384
0.1845517777837813
0.1828983398154378
0.18267780216410756
0.18612358020618558
0.1840947582386434
0.18192199105396867
0.18268687697127461
0.17697414895519614
0.18566070077940822
0.18510049302130938
0.1849532127380371
0.1818748889490962
0.18147159414365888
0.18599143903702497
0.18326468067243695
0.18645728286355734
0.1823724820278585
0.18061768310144544
0.18267130898311734
0.18521072017028928
0.18071893975138664
0.17723060073330998
0.17763140238821507
0.1834967713803053
0.18905149539932609
0.18330746283754706
0.18365946505218744
0.181682834867388
0.18609542679041624
0.18176190042868257
0.17876758379861712
0.17811828898265958
0.18443098291754723
0.18801646027714014
0.1862895735539496
0.18223695503547788
0.18065916374325752
0.18542134203016758
0.18477249704301357
0.18023774214088917
0.17871274892240763
0.18174760602414608
0.18529447307810187
0.1874496042728424
0.18450261559337378
0.18367327703163028
0.18182799313217402
0.18530368525534868
0.18189230607822537
0.17922294465824962
0.17953351931646466
0.1849195840768516
0.187535697594285
0.18709751591086388
0.18127634888514876
0.181456140242517
0.18521974654868245
0.18193535134196281
0.177561751101166
0.17702140798792243
0.1841592020355165
0.18720147386193275
0.1856718733906746
0.18217477621510625
0.17844887590035796
0.18744856119155884
0.1850943472236395
0.18118073418736458
0.1815959019586444
0.18536873906850815
0.1830943077802658
0.18700449494645
0.1855057217180729
0.17812604689970613
0.18376892106607556
0.1858591348864138
0.18509926507249475
0.18320579500868917
0.1859279708005488
0.18570579029619694
0.18213702272623777
0.1863955263979733
0.18372942321002483
0.17744168592616916
0.18477370589971542
0.18484624987468123
0.18492081807926297
0.18411742988973856
0.18685414735227823
0.1860330398194492
0.18308032024651766
0.18500939616933465
0.183773435652256
0.17687873309478164
0.18528879340738058
0.18536950601264834
0.18603135691955686
0.18525778129696846
0.1860464490018785
0.1851649242453277
0.18277559615671635
0.18508841888979077
0.18239197181537747
0.17650425666943192
0.18529189797118306
0.18477389588952065
0.18308481760323048
0.1831195391714573
0.1861184579320252
0.1845249282196164
0.18238737806677818
0.1862010438926518
0.1782673611305654
0.18226701812818646
0.1860940670594573
0.18511924985796213
0.18068007891997695
0.18302787793800235
0.1871634889394045
0.18340626172721386
0.18729790905490518
0.1827627569437027
0.17716071382164955
0.1827525538392365
0.18478772696107626
0.18186416197568178
0.17801953991875052
0.1762310490012169
0.18187972018495202
0.1933101750910282
0.18078796193003654
0.1788024320267141
0.18240738101303577
0.18507064785808325
0.18169953813776374
0.1798387193121016
0.17947322921827435
0.1857573101297021
0.18416183721274137
0.18775323498994112
0.1812282232567668
0.18266434594988823
0.18482620641589165
0.18415305530652404
0.18081532791256905
0.17927150474861264
0.18334466498345137
0.18445732071995735
0.1864955211058259
0.18365359492599964
0.17735157441347837
0.1868790597654879
0.18524264823645353
0.18148079188540578
0.18176718289032578
0.18587469682097435
0.1867215447127819
0.18191176373511553
0.18800533469766378
0.18168447772040963
0.177105697337538
0.188620547298342
0.18425275012850761
0.18070957716554403
0.1813331781886518
0.18532083230093122
0.18312406074255705
0.186642378102988
0.1849595019593835
0.1778399720788002
0.18363969586789608
0.18630726588889956
0.18530644895508885
0.18264964502304792
0.18587621161714196
0.18520698323845863
0.1826309491880238
0.1862412951886654
0.18369310116395354
0.17816868424415588
0.1862860657274723
0.18463261891156435
0.1846274295821786
0.18375250091776252
0.18617317080497742
0.18511565728113055
0.1813031299971044
0.1871405108831823
0.18447696091607213
0.1788272918201983
0.1848312229849398
0.18530877120792866
0.1812515719793737
0.18166612088680267
0.18534941598773003
0.1865407838486135
0.181906099896878
0.18805194972082973
0.1821760730817914
0.17753729782998562
0.1872880980372429
0.18402797123417258
0.18118606321513653
0.18265210511162877
0.1859929240308702
0.18425269424915314
0.18202849896624684
0.18410807801410556
0.17610327200964093
0.18607458472251892
0.18468244466930628
0.1825060653500259
0.18422346422448754
0.18659330811351538
0.18687146389856935
0.18444928526878357
0.18796716863289475
0.18405215675011277
0.1785779120400548
0.18379875598475337
0.18567994376644492
0.18599912384524941
0.18499727686867118
0.18618144188076258
0.18565305368974805
0.18491610698401928
0.18346605310216546
0.1851160661317408
0.17759334994480014
0.1848263582214713
0.18497245805338025
0.18464592704549432
0.1831032820045948
0.1853185622021556
0.1859096852131188
0.1824005525559187
0.18631478492170572
0.1838480648584664
0.17840409092605114
0.18623368116095662
0.18418099731206894
0.18376353103667498
0.182698804885149
0.1859606560319662
0.18663671892136335
0.1814059680327773
0.18756598606705666
0.1818228201009333
0.1771386950276792
0.18580121221020818
0.18459076387807727
0.18230189383029938
0.18429074389860034
0.18763227807357907
0.18549028784036636
0.1819139770232141
0.18816456384956837
0.18094160920009017
0.17896531196311116
0.18598650582134724
0.184771787840873
0.18341019097715616
0.18365023517981172
0.18532454082742333
0.18444728991016746
0.18200088618323207
0.1859822180122137
0.17902828007936478
0.18204228300601244
0.1863264087587595
0.18507525138556957
0.18381970515474677
0.1851647337898612
0.1852635177783668
0.18266275711357594
0.18358050379902124
0.18297694576904178
0.17629693122580647
0.1854270864278078
0.18503974378108978
0.18600884173065424
0.18504305090755224
0.18562590377405286
0.18515154300257564
0.18271858990192413
0.1861857157200575
0.1819059238769114
0.17688695713877678
0.1859994549304247
0.18474392406642437
0.1854358189739287
0.1847602529451251
0.18625849019736052
0.1847969009540975
0.18206151016056538
0.18652609875425696
0.18131301691755652
0.1799230119213462
0.18342651845887303
0.1838499982841313
0.18184481002390385
0.18170061893761158
0.1858677649870515
0.18360044807195663
0.18434282904490829
0.18232290586456656
0.17715683905407786
0.18507018079981208
0.18532154895365238
0.18574011698365211
0.1847689002752304
0.186136064119637
0.18578075896948576
0.18311922810971737
0.18721216963604093
0.1828954117372632
0.17841323371976614
0.18442241894081235
0.1847323481924832
0.18516975501552224
0.18376381089910865
0.18525517266243696
0.18663113191723824
0.18241234822198749
0.18653683783486485
0.18210592586547136
0.17819238640367985
0.18473028810694814
0.18436716590076685
0.18489981722086668
0.1848530820570886
0.18732243217527866
0.18520648125559092
0.18210491398349404
0.18646923685446382
0.18107692105695605
0.17923871194943786
0.18348115170374513
0.18507514707744122
0.18134502228349447
0.17949239071458578
0.17990229325369
0.18594167986884713
0.18420117488130927
0.1811118652112782
0.18188273115083575
0.18163294484838843
0.18416308518499136
0.18119514314457774
0.1792939123697579
0.17991270869970322
0.18466646317392588
0.18815486412495375
0.18155539501458406
0.1826924248598516
0.18128212401643395
0.1850742632523179
0.18219242012128234
0.17920391960069537
0.17947027506306767
0.18544898321852088
0.18405603105202317
0.18635249370709062
0.18090515490621328
0.18105078022927046
0.18512617982923985
0.18197014182806015
0.17805284215137362
0.17820563400164247
0.18411407805979252
0.18504232401028275
0.1867848988622427
0.18177603790536523
0.17891413811594248
0.18704716209322214
0.1849313760176301
0.18154169898480177
0.1833209660835564
0.18586293794214725
0.1828115489333868
0.18660241924226284
0.18390410440042615
0.1776327253319323
0.184612852986902
0.18386137299239635
0.1823502187617123
0.18361383583396673
0.18733102781698108
0.18669167440384626
0.18269626842811704
0.1880101328715682
0.1835854910314083
0.17863403679803014
0.18400778993964195
0.18618385214358568
0.18473226390779018
0.1834758436307311
0.18565087905153632
0.1860024882480502
0.1828923230059445
0.18639245722442865
0.18326862389221787
0.17768704099580646
0.18545609572902322
0.18504679296165705
0.1846465179696679
0.18469943339005113
0.18622724572196603
0.1853774688206613
0.18248098902404308
0.18764791125431657
0.1847060350701213
0.1803588611073792
0.18324507307261229
0.18536101980134845
0.18361169705167413
0.18448275979608297
0.18628440890461206
0.18423692928627133
0.18225170485675335
0.18835449311882257
0.1836600499227643
0.17970364773645997
0.18486459320411086
0.18443440925329924
0.18136519705876708
0.18144085817039013
0.184753336943686
0.1854297798126936
0.18267415976151824
0.1882221084088087
0.18168972479179502
0.1788773089647293
0.18574902322143316
0.18418015632778406
0.18398099206387997
0.18518379516899586
0.1859092921949923
0.18347392277792096
0.18226316990330815
0.18647546228021383
0.17874280596151948
0.18234497588127851
0.18615245399996638
0.18507721973583102
0.1838803980499506
0.18536054994910955
0.18571532797068357
0.18300984427332878
0.18347904784604907
0.1828910280019045
0.17618909291923046
0.18597227986901999
0.18387938709929585
0.1853343560360372
0.18590396083891392
0.18661843426525593
0.1854072450660169
0.18294200906530023
0.18639599811285734
0.1829886049963534
0.177190984133631
0.18553593615069985
0.18516412284225225
0.1865085237659514
0.18340696301311255
0.18388109002262354
0.18596543511375785
0.18321588914841413
0.1862015901133418
0.18158988188952208
0.1797645539045334
0.18362295487895608
0.18484441004693508
0.18302219919860363
0.17983192997053266
0.18002531491219997
0.18396350275725126
0.1857136208564043
0.1817439142614603
0.1804236676543951
0.18263110565021634
0.1856021867133677
0.18135070707648993
0.17859788099303842
0.17920876806601882
0.1855940450914204
0.1863026199862361
0.18631823314353824
0.18192026391625404
0.18042698362842202
0.1850846498273313
0.18276644218713045
0.1786181451752782
0.17897926410660148
0.18526739301159978
0.18433447275310755
0.1879968182183802
0.18370126001536846
0.18252191506326199
0.1836076509207487
0.18494217470288277
0.18190672434866428
0.180195237044245
0.1811025906354189
0.1857948610559106
0.18424387788400054
0.1868467628955841
0.18165684677660465
0.18007096322253346
0.1852147518657148
0.18114321306347847
0.1773610538803041
0.17659409157931805
0.18172056693583727
0.18746849615126848
0.18644863599911332
0.18168062809854746
0.17978947097435594
0.18848794791847467
0.18598166294395924
0.18148751882836223
0.18356839194893837
0.18687355611473322
0.18359644897282124
0.1852732989937067
0.18708829395473003
0.18106649396941066
0.17985405819490552
0.1888273023068905
0.18554915022104979
0.1815840220078826
0.1832251027226448
0.1859403899870813
0.18371514603495598
0.18530055601149797
0.18684154003858566
0.18103644717484713
0.18009197525680065
0.18063568510115147
0.17877759132534266
0.18276597186923027
0.19106736220419407
0.1885446491651237
0.1846251105889678
0.18874866794794798
0.1863683690316975
0.17937906878069043
0.18343257065862417
0.18752595130354166
0.18626001197844744
0.18236231012269855
0.18362744990736246
0.1864750599488616
0.18306397972628474
0.1868336107581854
0.18563307030126452
0.18057135120034218
0.1811252050101757
0.18745789676904678
0.1855107443407178
0.1822848180308938
0.18439100170508027
0.18562018405646086
0.1832203441299498
0.18491495586931705
0.18426651507616043
0.17861266108229756
0.18387840734794736
0.18521205009892583
0.18452930124476552
0.18372525926679373
0.18638719385489821
0.18523539369925857
0.18232579808682203
0.18658426124602556
0.1836154260672629
0.17838941607624292
0.1862483536824584
0.18487371131777763
0.1838586525991559
0.1846101339906454
0.18651527957990766
0.1858352837152779
0.18133816123008728
0.18755206605419517
0.1834794469177723
0.17869724007323384
0.18453758815303445
0.1847293460741639
0.1844876380637288
0.18387444922700524
0.18657474499195814
0.18514616321772337
0.18233282398432493
0.18801075126975775
0.18365746876224875
0.17993637593463063
0.18412971775978804
0.18485283385962248
0.181604890152812
0.18218069290742278
0.18645438319072127
0.18551802122965455
0.18136989418417215
0.18795778788626194
0.1811723578721285
0.17852437403053045
0.18685989128425717
0.18563087517395616
0.1841689608991146
0.18413354037329555
0.1861074659973383
0.18479247577488422
0.18335424968972802
0.18773403484374285
0.1818177909590304
0.17975457524880767
0.18540868908166885
0.18526765098795295
0.18251530779525638
0.18260215176269412
0.18601622199639678
0.18348795687779784
0.18219643598422408
0.18168578622862697
0.17598007479682565
0.1857996298931539
0.18482808489352465
0.18547349516302347
0.18250298034399748
0.18223211914300919
0.18665599171072245
0.18252848973497748
0.18709852872416377
0.1820686450228095
0.1817403039894998
0.18240157514810562
0.1853889711201191
0.1821138421073556
0.1795768840238452
0.17926950100809336
0.1857643718831241
0.18890330893918872
0.18186940997838974
0.17860759189352393
0.18586641876026988
0.18548013921827078
0.1842650449834764
0.1815154356881976
0.17998298024758697
0.18296658201143146
0.18436587927863002
0.19139186618849635
0.18358370522037148
0.18490486964583397
0.18171168211847544
0.18743994692340493
0.18328112503513694
0.17720754398033023
0.17737044394016266
0.1850867378525436
0.18840075097978115
0.1877514231018722
0.18263772735372186
0.18410162487998605
0.18464431911706924
0.1859484943561256
0.18200087174773216
0.1809162856079638
0.18198548816144466
0.18700075009837747
0.18470854498445988
0.19024582020938396
0.1834921706467867
0.18440449889749289
0.1821874650195241
0.18515033787116408
0.18179275607690215
0.18253087205812335
0.1874240688048303
0.18453073874115944
0.18185311602428555
0.1930341529659927
0.18210370372980833
0.18540842412039638
0.18027117708697915
0.1842707130126655
0.18091230792924762
0.18177386419847608
0.18771590432152152
0.18524744687601924
0.18247214518487453
0.1916661011055112
0.18249494675546885
0.18275062181055546
0.18207949120551348
0.1837200690060854
0.18106968374922872
0.18459108797833323
0.1881624269299209
0.18405064614489675
0.18233594996854663
0.19186755968257785
0.18267579609528184
0.18401336995884776
0.1818668101914227
0.18469646107405424
0.1816984387114644
0.18219225900247693
0.1874970132485032
0.18513733427971601
0.18210895685479045
0.1909226947464049
0.18259640410542488
0.18414052203297615
0.18075589183717966
0.18375897174701095
0.18144063418731093
0.1844693971797824
0.18796027824282646
0.18400285998359323
0.18248877301812172
0.19150337064638734
0.18300135992467403
0.18287320155650377
0.18194183986634016
0.18399257119745016
0.1811809428036213
0.1845396040007472
0.18893527705222368
0.18447531294077635
0.18140763975679874
0.19172855699434876
0.18264837889000773
0.18292156793177128
0.1817619912326336
0.18473419500514865
0.18173262383788824
0.17949425196275115
0.18080560164526105
0.1851515811868012
0.18533931206911802
0.18682152358815074
0.18217303324490786
0.18055512569844723
0.18446703534573317
0.18119700299575925
0.1773836100474
0.1783522185869515
0.18515177723020315
0.18616839917376637
0.18658085213974118
0.18151962431147695
0.18152683740481734
0.18539395788684487
0.18097896594554186
0.17760345339775085
0.17771228216588497
0.18479473795741796
0.1859456025995314
0.18689745804294944
0.18143546907231212
0.17840444389730692
0.18815800407901406
0.18453272804617882
0.18093991000205278
0.18103809328749776
0.18389244796708226
0.18472096091136336
0.1849663141183555
0.18395184772089124
0.17808864684775472
0.18560309894382954
0.18575822608545423
0.18511485122144222
0.18469490110874176
0.1868440080434084
0.18522182013839483
0.18161273002624512
0.1869493336416781
0.18403074285015464
0.1791307060047984
0.184936317615211
0.18543344410136342
0.18448948813602328
0.18418464809656143
0.18638984998688102
0.1863678372465074
0.18344485014677048
0.18520882399752736
0.18451504176482558
0.17766173183918
0.1850867453031242
0.18485139589756727
0.1849713297560811
0.1845893571153283
0.1864626919850707
0.18641371373087168
0.18301788065582514
0.18509680777788162
0.18335610209032893
0.1772730741649866
0.18610944598913193
0.18451764108613133
0.18379786517471075
0.18351409304887056
0.18718741927295923
0.1863611489534378
0.18295481894165277
0.1864859010092914
0.1829546238295734
0.17718822788447142
0.18570331716910005
0.18572193197906017
0.18514155317097902
0.18411369202658534
0.1853635050356388
0.1860166392289102
0.18278861790895462
0.18824542313814163
0.18393037421628833
0.18021301785483956
0.18358595576137304
0.1854068310931325
0.18499182723462582
0.1846618689596653
0.1860632412135601
0.18442826811224222
0.18289647018536925
0.18644100986421108
0.18406672729179263
0.17792067676782608
0.1835699281655252
0.18713319301605225
0.18517255689948797
0.18415185902267694
0.1860851990059018
0.18603115901350975
0.18331954069435596
0.18705793982371688
0.182652298361063
0.17822440387681127
0.18469366524368525
0.18464737897738814
0.1852391422726214
0.1843027281574905
0.18696745904162526
0.18585525127127767
0.1831069798208773
0.1871422417461872
0.18404172081500292
0.17846151906996965
0.18506072089076042
0.18431634083390236
0.18436765484511852
0.18386881379410625
0.18561080424115062
0.18613099213689566
0.18336846679449081
0.18861826788634062
0.18486187793314457
0.17998526990413666
0.1845239601098001
0.18646076694130898
0.18724781973287463
0.18361000902950764
0.1841236869804561
0.18883948121219873
0.1905230418778956
0.18503956217318773
0.19143161503598094
0.18621236504986882
0.18095163209363818
0.18522387417033315
0.18808209104463458
0.18699039984494448
0.18224098905920982
0.18174290284514427
0.1850971169769764
0.1855783020146191
0.18407005025073886
0.18655009707435966
0.179053392726928
0.1841016011312604
0.1872802572324872
0.18586226692423224
0.18435909878462553
0.18558266293257475
0.18705622712150216
0.18651952780783176
0.18336034333333373
0.18866940308362246
0.18276957608759403
0.17830457584932446
0.1859957231208682
0.18598965229466558
0.18638558313250542
0.1863170638680458
0.187696672976017
0.18550048302859068
0.1833775546401739
0.1883877948857844
0.18470972776412964
0.17938491702079773
0.18325980613008142
0.1876889648847282
0.18602041294798255
0.18332600081339478
0.1859102207235992
0.18640305008739233
0.18430766370147467
0.18616887088865042
0.18752048118039966
0.1820062082260847
0.17887526797130704
0.1880998471751809
0.1847788318991661
0.18096439307555556
0.18196683702990413
0.18590919207781553
0.18495685886591673
0.18629100685939193
0.18704512529075146
0.18203291995450854
0.17929279012605548
0.18778741406276822
0.18552925204858184
0.18202666705474257
0.18212878284975886
0.18603772530332208
0.1837626309134066
0.18779608001932502
0.18731272174045444
0.18234853632748127
0.1789944488555193
0.18231330020353198
0.17938055517151952
0.18253521202132106
0.18966710567474365
0.1869903840124607
0.18297533970326185
0.18740286584943533
0.1841442808508873
0.1780785731971264
0.18607604084536433
0.18577413400635123
0.18583065317943692
0.18448630115017295
0.18593902001157403
0.18647864414379
0.18501170398667455
0.1844465471804142
0.18715647095814347
0.18165995599702
0.17961185611784458
0.1876917602494359
0.1858230479992926
0.18215806921944022
0.1834260718896985
0.1867620972916484
0.18525726813822985
0.18458207603543997
0.18830725783482194
0.18293919507414103
0.17913406807929277
0.18804623279720545
0.18613895308226347
0.18170970724895597
0.18135501304641366
0.1843235483393073
0.18539387686178088
0.18452005926519632
0.18734878301620483
0.18012002389878035
0.18249676376581192
0.18657332519069314
0.18599657993763685
0.18311701901257038
0.1844991547986865
0.18727517686784267
0.18607758823782206
0.18458195589482784
0.18862473964691162
0.18247054936364293
0.17722419602796435
0.1880521778948605
0.18643627921119332
0.18359555397182703
0.18544595502316952
0.1893906299956143
0.18681889679282904
0.18290282133966684
0.1883192239329219
0.18479704624041915
0.17946855770424008
0.1847638706676662
0.18618348008021712
0.18619955983012915
0.18335783714428544
0.18435607012361288
0.18602645583450794
0.18420775281265378
0.1864087120629847
0.18790786806493998
0.1821324392221868
0.1799430577084422
0.1888718935661018
0.1860945518128574
0.18271956592798233
0.1847610380500555
0.18871117383241653
0.18641760805621743
0.1833486999385059
0.1898195850662887
0.18399684270843863
0.17895598197355866
0.18688255595043302
0.1853229133412242
0.18275689985603094
0.18561563082039356
0.18846066994592547
0.18509186478331685
0.18314057122915983
0.18823347939178348
0.1857081800699234
0.18165781069546938
0.18063011579215527
0.17918045027181506
0.17815217096358538
0.1769882319495082
0.18070829007774591
0.18779401760548353
0.18704538885504007
0.1853233897127211
0.1786384698934853
0.1869329479523003
0.18607168225571513
0.1857245289720595
0.18419845309108496
0.1853305110707879
0.18687557987868786
0.18510586768388748
0.18477421393617988
0.1888226317241788
0.18271854892373085
0.18006411334499717
0.186791414860636
0.18665224825963378
0.18643641099333763
0.18602972803637385
0.18865857273340225
0.18644985416904092
0.18283053720369935
0.18849367927759886
0.18637821078300476
0.18080921517685056
0.18284487491473556
0.1869907807558775
0.18623526580631733
0.1824120357632637
0.18369213119149208
0.18678990006446838
0.1858467166312039
0.18498099595308304
0.1886335019953549
0.18185715191066265
0.17821020865812898
0.18952051410451531
0.1863656509667635
0.1823480660095811
0.18422662233933806
0.18798862490803003
0.18702232697978616
0.18305210676044226
0.18965809419751167
0.18497482500970364
0.1808352442458272
0.1855291249230504
0.18688618764281273
0.18595740525051951
0.1831930112093687
0.1859169127419591
0.18731659511104226
0.18566277204081416
0.1841303827241063
0.18892702367156744
0.18249013274908066
0.17945472616702318
0.1869769049808383
0.1861724890768528
0.1823652070015669
0.1825445257127285
0.18580995919182897
0.18698015809059143
0.18449300900101662
0.18913945415988564
0.18252738192677498
0.17756566079333425
0.18792643398046494
0.18721078103408217
0.18600537814199924
0.18590984120965004
0.1874965252354741
0.18626873195171356
0.18463312601670623
0.18753055483102798
0.18463251879438758
0.17781719705089927
0.1869972599670291
0.18469331599771976
0.18639157293364406
0.18566025467589498
0.18576243659481406
0.18608191329985857
0.1848802543245256
0.1841216953471303
0.1873860196210444
0.18034809920936823
0.18216498335823417
0.1857521110214293
0.18543441919609904
0.1846839007921517
0.18555127503350377
0.1873227097094059
0.18632027972489595
0.18346271384507418
0.18860645219683647
0.18207924393936992
0.17757471138611436
0.18691234290599823
0.1853149668313563
0.1860270220786333
0.1857322189025581
0.18763845087960362
0.1862905379384756
0.1847436879761517
0.1868783961981535
0.18331340420991182
0.1786625417880714
0.18484897771850228
0.18717311136424541
0.18564463267102838
0.18400994362309575
0.1860928568057716
0.18570875516161323
0.18456503795459867
0.18383996235206723
0.18478047801181674
0.17765278415754437
0.18537942925468087
0.18533925293013453
0.18542764289304614
0.18470379104837775
0.1857498879544437
0.18709370819851756
0.18446056684479117
0.18421853380277753
0.18773357011377811
0.18050610972568393
0.18087838822975755
0.18725795298814774
0.18613208876922727
0.18173455679789186
0.18384849792346358
0.18667099298909307
0.18525275588035583
0.18375283479690552
0.18692886689677835
0.1793173630721867
0.1828278019092977
0.18533540004864335
0.18553490284830332
0.18421187670901418
0.18611158896237612
0.1871013310737908
0.18537882016971707
0.18444140115752816
0.18714586924761534
0.1827155500650406
0.180163131095469
0.1862221942283213
0.18524964340031147
0.18418769584968686
0.1854720339179039
0.1887978781014681
0.18720623524859548
0.18335723923519254
0.18884928990155458
0.18565890612080693
0.18122661905363202
0.18466771533712745
0.18610661011189222
0.18669545417651534
0.18474219413474202
0.18694714037701488
0.1891468777321279
0.1878043981269002
0.1833107629790902
0.190171520691365
0.1842159517109394
0.18063370790332556
0.18586902786046267
0.1873160689137876
0.18696891702711582
0.1845450629480183
0.1860382198356092
0.18659380078315735
0.18531211419031024
0.18410456413403153
0.18805433670058846
0.18236455600708723
0.17951228097081184
0.18641031067818403
0.18535111099481583
0.18379482300952077
0.18468809686601162
0.18753815302625299
0.18667028285562992
0.18305664137005806
0.18814721331000328
0.18523029703646898
0.1762575153261423
0.1877284231595695
0.18541884189471602
0.18668051110580564
0.18550981115549803
0.18653906788676977
0.18637513788416982
0.18267953488975763
0.18749249121174216
0.18516450002789497
0.1792133692651987
0.1839002650231123
0.18696683226153255
0.18646286986768246
0.18364215409383178
0.18542783800512552
0.18653759080916643
0.18487024726346135
0.18286844715476036
0.18748771399259567
0.1806426257826388
0.18135395227000117
0.18785345507785678
