0.19251758512109518
0.19009333197027445
0.18985769525170326
0.1924629551358521
0.19219409581273794
0.1929750288836658
0.19446106115356088
0.19085189700126648
0.1914774738252163
0.1961623360402882
0.1947601092979312
0.19233263609930873
0.1939812870696187
0.1940681361593306
0.1939270691946149
0.19424717919901013
0.1928111705929041
0.19083502143621445
0.19205769896507263
0.1913094399496913
0.19421429932117462
0.19483668077737093
0.19373703515157104
0.19430009182542562
0.19570314977318048
0.19365271972492337
0.19528939481824636
0.19494304712861776
0.19537038495764136
0.1958399908617139
0.19433232257142663
0.19501888193190098
0.19541195314377546
0.19443906331434846
0.19550282135605812
0.1959022912196815
0.1932999612763524
0.1909534242004156
0.19520174525678158
0.19290134217590094
0.195364932063967
0.19607519172132015
0.19054237380623817
0.193085506092757
0.1959493109025061
0.19584081508219242
0.1924012480303645
0.1920587788335979
0.19489439530298114
0.19750808225944638
0.19562105322256684
0.19466656865552068
0.1974359704181552
0.19574515894055367
0.19556034775450826
0.1955620371736586
0.19317592214792967
0.1910589342005551
0.1938428278081119
0.19415521202608943
0.1950047598220408
0.19504478387534618
0.19395695813000202
0.18779315566644073
0.190676084253937
0.19217192800715566
0.19422977091744542
0.19461646303534508
0.19595671677961946
0.19689882919192314
0.19567074021324515
0.1970156179741025
0.19776382204145193
0.19648102391511202
0.19639805192127824
0.19583393493667245
0.19326496589928865
0.19253628700971603
0.19392595626413822
0.19571557361632586
0.19582456815987825
0.19697071611881256
0.1969780563376844
0.19665770092979074
0.19758783420547843
0.19379631290212274
0.19244530564174056
0.19503491185605526
0.19592403899878263
0.19709817599505186
0.19689342798665166
0.19621833134442568
0.1957840141840279
0.1966273938305676
0.19701973488554358
0.19533672975376248
0.1957992510870099
0.19677643291652203
0.19426456978544593
0.1914123143069446
0.19484213273972273
0.19576523220166564
0.19783789897337556
0.19592885812744498
0.196785022970289
0.1939508649520576
0.18804455129429698
0.1900842902250588
0.18835478788241744
0.18666628608480096
0.18996786465868354
0.19314391538500786
0.19808381469920278
0.19737188098952174
0.1960231107659638
0.19734957767650485
0.19646683102473617
0.19287793338298798
0.1917776372283697
0.19716177182272077
0.19573144614696503
0.19804643420502543
0.1963534140959382
0.19851397583261132
0.19342141272500157
0.18848859379068017
0.1911948719061911
0.19269240275025368
0.19729425804689527
0.19776917668059468
0.19699503062292933
0.1974650463089347
0.19716492109000683
0.198015411850065
0.19669345812872052
0.19739834731444716
0.19674354419112206
0.19796945806592703
0.1970545738004148
0.19548672437667847
0.19495542580261827
0.19239343609660864
0.19685726007446647
0.19545553997159004
0.1965673342347145
0.197334926109761
0.19265979481860995
0.187933802139014
0.19039262598380446
0.19283328717574477
0.1967925219796598
0.19699690490961075
0.19742232700809836
0.19667295226827264
0.19792571011930704
0.1963510443456471
0.19560879981145263
0.1967343231663108
0.1973225069232285
0.19640925200656056
0.19674893422052264
0.19334743591025472
0.19235075311735272
0.19648212986066937
0.1959257209673524
0.19549667835235596
0.19811047706753016
0.1970021422021091
0.19739437289536
0.19605253171175718
0.1974171162582934
0.19736679922789335
0.196512121707201
0.19225870305672288
0.19059775536879897
0.1931772199459374
0.19285285891965032
0.19477771827951074
0.19833596982061863
0.19726348388940096
0.1969715259037912
0.19752974389120936
0.19727307837456465
0.1955119827762246
0.19173426181077957
0.19292766507714987
0.195742083247751
0.19606072595342994
0.19724306417629123
0.19700167374685407
0.19507215032353997
0.18957100808620453
0.19291024608537555
0.19108803011476994
0.19052741024643183
0.18979625822976232
0.19170654518529773
0.1949779512360692
0.19778627809137106
0.19702896289527416
0.19813846424221992
0.1958480798639357
0.19707331899553537
0.19568765629082918
0.1917278659529984
0.19616495491936803
0.1943943938240409
0.19714419916272163
0.19635568372905254
0.1972486530430615
0.1972572160884738
0.19610721990466118
0.19694193778559566
0.19917946821078658
0.19730887375772
0.19184741890057921
0.18851752299815416
0.19154110457748175
0.19000751106068492
0.19419910991564393
0.1959020378999412
0.19707655906677246
0.19775328505784273
0.19838796695694327
0.19565744884312153
0.19370974833145738
0.19382181391119957
0.19687985302880406
0.19563368102535605
0.19666001107543707
0.19790592975914478
0.19642574712634087
0.19082842534407973
0.18741679191589355
0.18805071478709579
0.1907463101670146
0.19365312438458204
0.19696276588365436
0.1970214289613068
0.1961847972124815
0.19775663828477263
0.19789217272773385
0.19836847390979528
0.19717937614768744
0.19642111798748374
0.19662420079112053
0.19448268692940474
0.19369319779798388
0.19642524793744087
0.1958535360172391
0.19683860428631306
0.19818632397800684
0.1984559679403901
0.1998251280747354
0.1920388857834041
0.19340503262355924
0.19274414610117674
0.18977399775758386
0.19002115400508046
0.19498286861926317
0.19277804996818304
0.1948087140917778
0.19821733189746737
0.19751474494114518
0.19748547580093145
0.19848209619522095
0.19849683297798038
0.19839057605713606
0.1952251261100173
0.1931520439684391
0.1968890931457281
0.1953181936405599
0.19713626522570848
0.19722443399950862
0.19808646198362112
0.19650635588914156
0.19080506777390838
0.19287514593452215
0.19579778891056776
0.19848064286634326
0.19611026626080275
0.19830860802903771
0.19856772618368268
0.19714914122596383
0.19699334586039186
0.19644750701263547
0.19809421990066767
0.1981459129601717
0.19723195070400834
0.19714769022539258
0.19778468506410718
0.19816142693161964
0.19653000310063362
0.194533861707896
0.1934663662686944
0.19615623587742448
0.19474517786875367
0.19641490513458848
0.19755165791139007
0.1965376832522452
0.191207115072757
0.18768762424588203
0.18542150780558586
0.18971945624798536
0.19169877097010612
0.19194712303578854
0.19470007624477148
0.19775862712413073
0.19642904307693243
0.19699196610599756
0.19698813231661916
0.19697700394317508
0.1928779729641974
0.19320364017039537
0.19615095714107156
0.19657797925174236
0.19773776596412063
0.19702686695382
0.19775177678093314
0.19570156885311007
0.18899008724838495
0.19185369508340955
0.19135799491778016
0.190777865704149
0.1902641779743135
0.19168208818882704
0.19477288238704205
0.1965052871964872
0.19717248436063528
0.19712234335020185
0.19723157538101077
0.19724079361185431
0.1958145252428949
0.19295185897499323
0.19392820727080107
0.196829779073596
0.19805185496807098
0.19771492015570402
0.1973166698589921
0.1982865878380835
0.19632587302476168
0.19104275712743402
0.18900432577356696
0.19216553587466478
0.1943274331279099
0.19507453544065356
0.1946010496467352
0.19510876899585128
0.19759453739970922
0.19737621815875173
0.19707638723775744
0.19831399293616414
0.19841115782037377
0.19647984998300672
0.19612985104322433
0.19574551098048687
0.19223211193457246
0.19740294106304646
0.19515489181503654
0.19634152902290225
0.19741069478914142
0.19529412919655442
0.18876946391537786
0.1904972600750625
0.19206830393522978
0.19320532586425543
0.19364730408415198
0.195064228028059
0.1975387237034738
0.19826609687879682
0.19796593999490142
0.19674575701355934
0.19826678605750203
0.19828116800636053
0.19747032737359405
0.19738992489874363
0.1972593949176371
0.19498349772766232
0.19430202525109053
0.19465071521699429
0.19428672781214118
0.19722499698400497
0.19708630861714482
0.19589048577472568
0.18980763526633382
0.1902792896144092
0.18844196386635303
0.1881388546898961
0.1917552319355309
0.19184417324140668
0.19687725324183702
0.19724819716066122
0.19706476014107466
0.1974668027833104
0.1979762869887054
0.19696701038628817
0.19657163228839636
0.19401908619329333
0.19459175318479538
0.19597009290009737
0.1959659312851727
0.19752358458936214
0.19844941701740026
0.19737086398527026
0.1907087480649352
0.19215532904490829
0.19535615434870124
0.19788926420733333
0.1901705819182098
0.1857869029045105
0.18766350438818336
0.19082018686458468
0.19487132085487247
0.19721580995246768
0.19853897765278816
0.19800926325842738
0.19792302418500185
0.19110944401472807
0.19434966519474983
0.1955800550058484
0.19774951599538326
0.19877662882208824
0.19725283235311508
0.19700049981474876
0.19611084088683128
0.19055612524971366
0.18769911397248507
0.18911827029660344
0.19262468302622437
0.1915957322344184
0.19452645862475038
0.1959375631995499
0.19750165892764926
0.19841745076701045
0.19846668327227235
0.19739726185798645
0.1979878512211144
0.19727901322767138
0.19540209416300058
0.19429133692756295
0.1955856792628765
0.19415424624457955
0.1970594171434641
0.19642355991527438
0.19775557005777955
0.19418773287907243
0.1894004549831152
0.18673790525645018
0.18975034495815635
0.19288357300683856
0.19108285894617438
0.1942346077412367
0.19789366982877254
0.19714738195762038
0.1984471078030765
0.19763851212337613
0.19833136722445488
0.19761152938008308
0.19482204038649797
0.19453887594863772
0.19542364310473204
0.19640260422602296
0.1975590051151812
0.1980597130022943
0.19878510804846883
0.19715748727321625
0.19390308111906052
0.1884191888384521
0.187136422842741
0.18642285885289311
0.18843255005776882
0.19208375783637166
0.19469860009849072
0.19800765626132488
0.19853798486292362
0.19736329978331923
0.19780549965798855
0.19766789581626654
0.1971017518080771
0.19424324110150337
0.19444769993424416
0.19674706412479281
0.19553803419694304
0.19778820220381021
0.19934462616220117
0.19753690995275974
0.19910645997151732
0.1975436550565064
0.1958987689577043
0.19865136593580246
0.19846756663173437
0.19756018184125423
0.1970841302536428
0.19785632891580462
0.19574526092037559
0.19576027477160096
0.1964220991358161
0.19763375399634242
0.1978029841557145
0.1967672323808074
0.19690609443932772
0.19824740663170815
0.1960661420598626
0.19666028395295143
0.19709799578413367
0.19601643504574895
0.19406008627265692
0.19517188984900713
0.19468733202666044
0.19502204889431596
0.1966830538585782
0.1964949327521026
0.18982077902182937
0.1917476593516767
0.19338044710457325
0.1963384230621159
0.19586426625028253
0.19723638659343123
0.19716378301382065
0.19743899116292596
0.1965707498602569
0.19623670913279057
0.19731689570471644
0.19685796089470387
0.1955327889882028
0.19629891868680716
0.19591685803607106
0.1928675565868616
0.19055233616381884
0.1958223101682961
0.1954354178160429
0.1970331920310855
0.19597221072763205
0.197530266828835
0.1929172221571207
0.1871424331329763
0.18712387094274163
0.1887418539263308
0.1892281137406826
0.19435747805982828
0.19588661193847656
0.19748275680467486
0.1979232970625162
0.1957861832343042
0.19734542816877365
0.19605719484388828
0.1934711062349379
0.18969867890700698
0.19619497284293175
0.19532664073631167
0.1968130641616881
0.19683150527998805
0.19792327703908086
0.1935405326075852
0.18725047865882516
0.1889893338084221
0.19070000387728214
0.19195792404934764
0.1943085049279034
0.1980399200692773
0.19802018022164702
0.19725732505321503
0.20086212921887636
0.20111975399777293
0.19788649026304483
0.19673040369525552
0.20086113223806024
0.1956730498932302
0.195793351624161
0.19354830216616392
0.19564224174246192
0.19489330984652042
0.19390930514782667
0.1977108707651496
0.19672361109405756
0.1894005909562111
0.19088336639106274
0.18795117503032088
0.18708880990743637
0.1902513070963323
0.19106762576848269
0.19410445308312774
0.19624664774164557
0.19734219927340746
0.19793418608605862
0.19778921594843268
0.19565369933843613
0.19370605796575546
0.19331903522834182
0.19572549778968096
0.19539831718429923
0.1964753777720034
0.19831881392747164
0.1953950277529657
0.18915966292843223
0.19164218055084348
0.18969727912917733
0.18791915196925402
0.18997877184301615
0.18971038330346346
0.1903421776369214
0.19502472691237926
0.198162741959095
0.1981899947859347
0.19784318003803492
0.1943264938890934
0.19506597286090255
0.19440086092799902
0.19580483017489314
0.1949155991896987
0.19811209430918097
0.19719757279381156
0.19573503406718373
0.1886112280189991
0.19196620024740696
0.19363963417708874
0.1963149756193161
0.19493633322417736
0.19560158299282193
0.19722439721226692
0.19854570738971233
0.19803175888955593
0.1977594280615449
0.19832434598356485
0.19737277319654822
0.19776102574542165
0.19674428598955274
0.1959797590970993
0.1958103170618415
0.19409431610256433
0.19641616521403193
0.19395243003964424
0.1965137072838843
0.195047945715487
0.1991228498518467
0.1970757390372455
0.18828128185123205
0.18923656875267625
0.19240333093330264
0.19614656828343868
0.19780033128336072
0.19838263373821974
0.19833184126764536
0.19713373994454741
0.19640347873792052
0.19632148882374167
0.19819885399192572
0.1969568650238216
0.1965181790292263
0.19673210382461548
0.1968662552535534
0.19325894210487604
0.19264338072389364
0.19646918820217252
0.19531039288267493
0.19445253210142255
0.19710497511550784
0.1968558789230883
0.19657657900825143
0.19673428498208523
0.197656134609133
0.19642041809856892
0.1922683957964182
0.18966959323734045
0.19308208115398884
0.19118024036288261
0.19374414114281535
0.19540630280971527
0.1965750539675355
0.19706260785460472
0.1980712260119617
0.19631392927840352
0.1945096650160849
0.1915512620471418
0.19670926500111818
0.19443270796909928
0.19626677688211203
0.19543476914986968
0.19379525817930698
0.18777744425460696
0.18933372292667627
0.1879813252016902
0.1894653681665659
0.1939521343447268
0.19411944085732102
0.19451212277635932
0.19816080201417208
0.1971450517885387
0.1977347698993981
0.19830871233716607
0.1981536876410246
0.19514299184083939
0.19159815041348338
0.19404559023678303
0.19672691635787487
0.19719147961586714
0.1977080781944096
0.19706915691494942
0.19747463893145323
0.1912523997016251
0.18770165694877505
0.18822682136669755
0.19036815315485
0.19184636464342475
0.1951706688851118
0.19639820232987404
0.19741085032001138
0.19731345027685165
0.19794501084834337
0.19645381579175591
0.19474969478324056
0.19615891994908452
0.19395731901749969
0.19472996704280376
0.19427104759961367
0.19631744595244527
0.19643291784450412
0.19638965092599392
0.19702792074531317
0.19303345819935203
0.1940421536564827
0.1950837611220777
0.19088071677833796
0.1911539458669722
0.19497164711356163
0.19359312625601888
0.19571835221722722
0.19597466569393873
0.1973139038309455
0.19729690393432975
0.19630221510306
0.1977495145983994
0.1964882481843233
0.19213452097028494
0.19368503615260124
0.19579768320545554
0.19591011106967926
0.19709221087396145
0.1969482428394258
0.19464612985029817
0.1895035277120769
0.1918992232531309
0.19087313069030643
0.18912303121760488
0.1910558333620429
0.1945609599351883
0.19607293792068958
0.1968808858655393
0.1969607430510223
0.19806957431137562
0.1955529493279755
0.19658845802769065
0.1968788900412619
0.19280366227030754
0.1941429008729756
0.19440852431580424
0.19607583479955792
0.19775593001395464
0.195988355204463
0.19665096700191498
0.19462642632424831
0.1886237352155149
0.18803305830806494
0.18875145632773638
0.18955284589901567
0.1916729030199349
0.19406678713858128
0.19791596895083785
0.1980379419401288
0.19811741029843688
0.19590244768187404
0.1965043619275093
0.19381687603890896
0.19399452907964587
0.19385060807690024
0.1950085610151291
0.19514614576473832
0.19849809724837542
0.19676654180511832
0.19694905495271087
0.19745029183104634
0.19806133396923542
0.19708834495395422
0.19635177310556173
0.1949751079082489
0.19720094790682197
0.19695506105199456
0.19679574901238084
0.19636644097045064
0.19645879603922367
0.19609840773046017
0.1964577306061983
0.196709877345711
0.1962426919490099
0.19494823087006807
0.1957120457664132
0.19352802773937583
0.1911939438432455
0.19642146490514278
0.19462020881474018
0.19595365319401026
0.1960505680181086
0.19595866603776813
0.19415890518575907
0.19035816797986627
0.18784860521554947
0.1883021490648389
0.19004334276542068
0.19151021307334304
0.19404544727876782
0.1972802821546793
0.19723544595763087
0.1962974271737039
0.19554208032786846
0.1961300289258361
0.19151593185961246
0.19477450707927346
0.1940887519158423
0.19502254528924823
0.19612262304872274
0.1972432998009026
0.19720387877896428
0.19618019461631775
0.19788472913205624
0.1976370089687407
0.19588653882965446
0.19226493407040834
0.1916329087689519
0.19459342490881681
0.1938519491814077
0.19497862691059709
0.1970003442838788
0.1958031882531941
0.19418603088706732
0.19686224311590195
0.19738424522802234
0.19283703668043017
0.1910094697959721
0.19622080586850643
0.19485502410680056
0.19608504371717572
0.19658649479970336
0.19546646438539028
0.1908494052477181
0.1930094249546528
0.19563938584178686
0.19705951865762472
0.19630918186157942
0.19713022885844111
0.19648917065933347
0.1959217726252973
0.19574981788173318
0.19602662371471524
0.19599654572084546
0.19416567496955395
0.19592969119548798
0.1969130807556212
0.1928255339153111
0.19293392077088356
0.1913432260043919
0.19436239916831255
0.1946089370176196
0.1947686793282628
0.1960680251941085
0.18820813577622175
0.18951785238459706
0.18840288231149316
0.18939010659232736
0.191706920042634
0.19245964288711548
0.19793234393000603
0.1995936380699277
0.20000411989167333
0.19777363492175937
0.19764787098392844
0.1990904351696372
0.19756682217121124
0.19503716891631484
0.19225811958312988
0.1942696305923164
0.19631114276126027
0.19800086878240108
0.19559628702700138
0.1959193958900869
0.19522746000438929
0.1883589611388743
0.19213774660602212
0.1938586770556867
0.19521292578428984
0.19554641097784042
0.19389556208625436
0.19500676868483424
0.1969812111929059
0.196705122012645
0.19605043902993202
0.19638750795274973
0.1958992793224752
0.194319284055382
0.19477914087474346
0.1920438800007105
0.19545790320262313
0.19457500195130706
0.1964442189782858
0.19568520598113537
0.19595891702920198
0.19620023388415575
0.1947564296424389
0.19726721197366714
0.19727741600945592
0.19522547302767634
0.19368746830150485
0.19332369230687618
0.1953933988697827
0.19711667485535145
0.19559848541393876
0.19592840084806085
0.19660773500800133
0.19553635315969586
0.1957206348888576
0.19589475682005286
0.19194995518773794
0.1910855215974152
0.19543507136404514
0.19444472063332796
0.19592390721663833
0.19684030395001173
0.1945728580467403
0.1893993210978806
0.19182253582403064
0.19487003330141306
0.19584636576473713
0.19689813163131475
0.1961633558385074
0.19713593367487192
0.1951886280439794
0.1951984348706901
0.1958738872781396
0.19389148568734527
0.19606685172766447
0.19460225757211447
0.19441844709217548
0.19077802309766412
0.1942723006941378
0.19424995873123407
0.19566590199247003
0.1949106575921178
0.19555270113050938
0.19005585182458162
0.1868223580531776
0.18784310296177864
0.1884238487109542
0.18771586613729596
0.19213616708293557
0.194946913048625
0.19749385491013527
0.19733717711642385
0.1956661492586136
0.19525878690183163
0.1924592857249081
0.1939530298113823
0.19414238911122084
0.19634383684024215
0.19650032790377736
0.1960840281099081
0.19073874689638615
0.19198145298287272
0.19332136726006866
0.1947393580339849
0.19276745291426778
0.19509677728638053
0.19634231831878424
0.19525162177160382
0.19507513707503676
0.19661887688562274
0.19682609429582953
0.19504613289609551
0.19662498543038964
0.1959083299152553
0.19284856272861362
0.19122330378741026
0.1960244681686163
0.19616764318197966
0.19626960903406143
0.1969806901179254
0.19450484029948711
0.18891591485589743
0.1921817590482533
0.1916825259104371
0.18865481624379754
0.19000166514888406
0.19444838725030422
0.1960153877735138
0.1972115347161889
0.1963602607138455
0.19526239624246955
0.19554551038891077
0.195921387989074
0.19198679132387042
0.19129124702885747
0.1972889993339777
0.194150285795331
0.19577479315921664
0.19797608023509383
0.19392593577504158
0.18752462090924382
0.18953399313613772
0.18809934379532933
0.18828558223322034
0.19145899405702949
0.1935069039463997
0.1974922171793878
0.19826015504077077
0.1964767873287201
0.19554638396948576
0.19759572576731443
0.19445478031411767
0.1900381580926478
0.1961598778143525
0.195769133977592
0.19718337384983897
0.19667937140911818
0.19746262999251485
0.19451357889920473
0.1881931060925126
0.1861722767353058
0.18637354392558336
0.18847225327044725
0.1911494517698884
0.19445499358698726
0.19797556893900037
0.19791806675493717
0.19531032536178827
0.1965410029515624
0.19683085521683097
0.1932601355947554
0.19097700295969844
0.19699384504929185
0.1955997017212212
0.1971865138038993
0.19671070389449596
0.1967654093168676
0.19404674600809813
0.18708743806928396
0.18885189108550549
0.19107881281524897
0.19084825459867716
0.1940412800759077
0.1972406217828393
0.19652242120355368
0.1972454059869051
0.19843817222863436
0.1967873233370483
0.19655747897922993
0.19619867810979486
0.19509903527796268
0.19266706285998225
0.19423706317320466
0.19333985121920705
0.19364517321810126
0.19700854970142245
0.19718514010310173
0.19369366206228733
0.19499698979780078
0.19674382731318474
0.19697087816894054
0.1956412228755653
0.19483935413882136
0.19559161504730582
0.19665161287412047
0.19709307374432683
0.19584193686023355
0.19624939793720841
0.19639014406129718
0.19619172997772694
0.19452253030613065
0.19596815295517445
0.19403567956760526
0.19088270515203476
0.19604036305099726
0.19271297520026565
0.19685952505096793
0.1957610920071602
0.1971230311319232
0.19078900711610913
0.18724379315972328
0.19005013490095735
0.1928187683224678
0.1923001017421484
0.19431770266965032
0.1973943281918764
0.1953913327306509
0.19623037986457348
0.1970904958434403
0.1955706588923931
0.19604955799877644
0.1952634360641241
0.19184445403516293
0.19424673216417432
0.19445214699953794
0.19467856409028172
0.19588003493845463
0.1963906860910356
0.19614879973232746
0.19602753594517708
0.1976354238577187
0.1970175257883966
0.19594599772244692
0.19716784497722983
0.19674783619120717
0.19655746687203646
0.1962076830677688
0.19541281322017312
0.19566028891131282
0.19647184293717146
0.1959970691241324
0.19519561994820833
0.1957057653926313
0.1965382401831448
0.19303292594850063
0.18955096369609237
0.19591170689091086
0.1942695057950914
0.19718581205233932
0.1954945488832891
0.19633616507053375
0.18995935888960958
0.18625722220167518
0.18686191784217954
0.18747467314824462
0.18956548301503062
0.19259399687871337
0.19715844606980681
0.19703589705750346
0.1961640859954059
0.19784913305193186
0.19605541927739978
0.1925497930496931
0.19257795298472047
0.19497134909033775
0.1953979693353176
0.19590543396770954
0.1968623297289014
0.19587706169113517
0.19068673579022288
0.19349636510014534
0.1948985019698739
0.19408183405175805
0.19583697197958827
0.19562665605917573
0.19352542702108622
0.194071046076715
0.1974819009192288
0.19647391512989998
0.195957126095891
0.19580756314098835
0.19674435816705227
0.19452051911503077
0.19324787007644773
0.19400726491585374
0.19476673426106572
0.19397297780960798
0.19673316134139895
0.1968539236113429
0.1901270691305399
0.19188304990530014
0.19298703968524933
0.18882965482771397
0.18970304913818836
0.19554443936794996
0.19469634583219886
0.19507250003516674
0.19779902696609497
0.1969832619652152
0.19608335383236408
0.19750223075971007
0.19838674878701568
0.19474772736430168
0.19302788889035583
0.1949712852947414
0.1979039623402059
0.19743571197614074
0.19966819416731596
0.19764765817672014
0.19761816691607237
0.19847419392317533
0.19279669364914298
0.18881755974143744
0.19081855192780495
0.19264209875836968
0.19623698433861136
0.19584232522174716
0.19518702197819948
0.19690414192155004
0.19668656820431352
0.19622107921168208
0.1955603240057826
0.19546791911125183
0.19602495897561312
0.19551093829795718
0.19326040195301175
0.19330139784142375
0.19509460404515266
0.1941466499119997
0.19583555590361357
0.19618576718494296
0.1954813520424068
0.1957877022214234
0.19713126681745052
0.1964659937657416
0.19489365816116333
0.19318073196336627
0.19348484370857477
0.19647908164188266
0.19616055162623525
0.1971051311120391
0.19636710034683347
0.19669727282598615
0.19647781597450376
0.1962205609306693
0.1969827599823475
0.19591423822566867
0.19212105264887214
0.19178975000977516
0.19622714910656214
0.19633172918111086
0.19609410827979445
0.19608598435297608
0.19619504502043128
0.1900446410290897
0.1931920051574707
0.19295825203880668
0.19220615085214376
0.19571966631338
0.19484878610819578
0.19546148693189025
0.19763451674953103
0.19629787281155586
0.19547978695482016
0.19949264777824283
0.19613947300240397
0.19575376203283668
0.19570965599268675
0.19383676117286086
0.19368930999189615
0.1934078740887344
0.19331149477511644
0.19567905412986875
0.19514924800023437
0.1963232452981174
0.19538083905354142
0.19663507910445333
0.19556877994909883
0.19268308207392693
0.1915864939801395
0.1946504060178995
0.19225359987467527
0.19349708408117294
0.19607110600918531
0.19671669881790876
0.19549181684851646
0.19694357924163342
0.19528947630897164
0.1928598079830408
0.19138479931280017
0.1949091306887567
0.19313988275825977
0.19632117031142116
0.19614094216376543
0.19046624563634396
0.19248041976243258
0.192641647066921
0.18835132708773017
0.18986375629901886
0.19450560910627246
0.19421070022508502
0.19510242668911815
0.19781702384352684
0.19639952480793
0.19565179711207747
0.19712713826447725
0.1955602909438312
0.19335875986143947
0.19286151602864265
0.19554808223620057
0.19339174637570977
0.19653644505888224
0.19713058788329363
0.194118392188102
0.18819732079282403
0.19069177005439997
0.19218616466969252
0.1931331898085773
0.19372339406982064
0.19670220464468002
0.1983366785570979
0.19715352123603225
0.19594324426725507
0.19844620767980814
0.19703877111896873
0.19593144161626697
0.19563070917502046
0.19608926866203547
0.1911350879818201
0.1962542119435966
0.192753201816231
0.19656538777053356
0.19590035639703274
0.1964759510010481
0.19718664791435003
0.19636244187131524
0.19735748879611492
0.1965202302671969
0.1959454631432891
0.19355505472049117
0.19366361619904637
0.19589115027338266
0.19636119669303298
0.1959742521867156
0.19539676094427705
0.19835871923714876
0.19609068799763918
0.19525829097256064
0.19619412766769528
0.19589539617300034
0.19337233202531934
0.19088739017024636
0.1956528378650546
0.19450747221708298
0.1963877691887319
0.195968730840832
0.19548324029892683
0.18936935206875205
0.19268094282597303
0.19119539577513933
0.1895351242274046
0.19032432697713375
0.19413377530872822
0.19598483480513096
0.19742941297590733
0.1971711991354823
0.19722329499199986
0.19563959818333387
0.19712844025343657
0.19668797869235277
0.19113588891923428
0.19532283395528793
0.19366796733811498
0.19686425104737282
0.1967464629560709
0.1961892331019044
0.19636136991903186
0.19587823189795017
0.19686645036563277
0.19654095405712724
0.19712056685239077
0.1976197981275618
0.1958949319086969
0.1961383791640401
0.19676518673077226
0.19751872215420008
0.19690252421423793
0.19626999413594604
0.1962518459185958
0.19661310501396656
0.19604064710438251
0.1952837728895247
0.1967988507822156
0.19325255509465933
0.18982475018128753
0.19601968070492148
0.19518996262922883
0.19606129312887788
0.19710397394374013
0.19617192493751645
0.19122198084369302
0.18780143605545163
0.18615733180195093
0.1889815917238593
0.19227648479864
0.1970256413333118
0.19615963706746697
0.19670067401602864
0.19735340168699622
0.19599018385633826
0.19622086873278022
0.1965957866050303
0.19499698793515563
0.19149569002911448
0.1950968629680574
0.19478322006762028
0.19677271833643317
0.1962663708254695
0.19739661598578095
0.19533662917092443
0.19095504423603415
0.18741694977506995
0.18885559914633632
0.1916457610204816
0.19052244629710913
0.19271466508507729
0.19552768673747778
0.19797979993745685
0.19752043299376965
0.1958584408275783
0.19547287095338106
0.1949830949306488
0.192324745003134
0.1946826078929007
0.19497398100793362
0.19512606970965862
0.19657236197963357
0.19763632072135806
0.196119150146842
0.19288598699495196
0.19213934103026986
0.1877291058190167
0.18951252987608314
0.19335172092542052
0.1915717488154769
0.19409391609951854
0.19551005307585
0.1976178390905261
0.19762288313359022
0.1959841288626194
0.19485445600003004
0.19232511427253485
0.19370202580466866
0.19532965775579214
0.19438095903024077
0.193178694229573
0.19653531722724438
0.19445083383470774
0.19432487105950713
0.19653191603720188
0.19452620204538107
0.1965118683874607
0.19477443769574165
0.19546553120017052
0.1969804740510881
0.19665072904899716
0.19566592294722795
0.19558447320014238
0.19730829587206244
0.19586258102208376
0.1959868730045855
0.19616879802197218
0.19455447001382709
0.19065475603565574
0.1940384549088776
0.19380494486540556
0.1970801493152976
0.1959409099072218
0.196723991073668
0.1922801802866161
0.18818198796361685
0.1882091728039086
0.18998594675213099
0.19025750597938895
0.19593696296215057
0.19744224986061454
0.1966063273139298
0.1955568566918373
0.1974197248928249
0.19506385317072272
0.19632898410782218
0.1950747799128294
0.19073499692603946
0.19642266305163503
0.19475841103121638
0.19724606862291694
0.1947199427522719
0.19725297624245286
0.19614372123032808
0.19381146365776658
0.1894428040832281
0.18847314221784472
0.18966485559940338
0.18967562029138207
0.19198589492589235
0.194267263635993
0.19709040177986026
0.19798670429736376
0.197081808000803
0.19696942437440157
0.1977925170212984
0.19621411664411426
0.19315721793100238
0.19747481495141983
0.19493624800816178
0.19756345683708787
0.19768144516274333
0.19746252428740263
0.19730511913076043
0.18923646723851562
0.18801479507237673
0.18706463370472193
0.19085310772061348
0.19452526001259685
0.19394872896373272
0.19488820480182767
0.19782342808321118
0.19747384311631322
0.19721520924940705
0.19690723484382033
0.19878793600946665
0.19582201819866896
0.193451969884336
0.1922802389599383
0.19605497317388654
0.1959373578429222
0.19682395877316594
0.1975249289534986
0.19592697313055396
0.1897813118994236
0.19223980978131294
0.1913047432899475
0.1888384879566729
0.1889459011144936
0.19353135908022523
0.1946876710280776
0.19722062163054943
0.19830428715795279
0.19835838489234447
0.19671855494379997
0.19640838680788875
0.19651545397937298
0.19379586400464177
0.19310518400743604
0.19548035226762295
0.1938031311146915
0.1976540102623403
0.19733062013983727
0.19688531896099448
0.1976003791205585
0.19583945209160447
0.19786551501601934
0.19584330217912793
0.19653913285583258
0.19497382314875722
0.19434638414531946
0.19565205788239837
0.19541111309081316
0.19509794702753425
0.1965497932396829
0.19784262869507074
0.19745749328285456
0.19519017543643713
0.19651273638010025
0.19671927765011787
0.19260553596541286
0.1905880542472005
0.19522207137197256
0.1954685002565384
0.19664441421627998
0.1980012720450759
0.19729772303253412
0.19121943227946758
0.19278373708948493
0.19557646894827485
0.1974421190097928
0.198258173186332
0.19729811465367675
0.197687775362283
0.19644151907414198
0.19539008382707834
0.1961896582506597
0.19779666094109416
0.19601015513762832
0.19618487730622292
0.19589554518461227
0.19747523590922356
0.19519080314785242
0.19265678292140365
0.19320156425237656
0.19433055492118
0.19404137693345547
0.1962706190533936
0.1970455409027636
0.19105499889701605
0.19309581816196442
0.1959907440468669
0.19659790582954884
0.1921675931662321
0.19161847699433565
0.19343511434271932
0.195893922355026
0.19668319495394826
0.19607298588380218
0.19599546864628792
0.19562502903863788
0.19632144831120968
0.19585940008983016
0.1931126480922103
0.19036458618938923
0.19419708289206028
0.1966465963050723
0.19690155424177647
0.19545257603749633
0.19737398391589522
0.19108148477971554
0.1923469710163772
0.1941482168622315
0.19295458123087883
0.19455824187025428
0.19378529023379087
0.1950838342308998
0.1983591439202428
0.1970085110515356
0.19557462725788355
0.19590533711016178
0.19606506917625666
0.19486031914129853
0.19557348592206836
0.19419800397008657
0.19277063896879554
0.19619453698396683
0.1937945419922471
0.1971958470530808
0.19777835486456752
0.19819616992026567
0.1895324857905507
0.19063869025558233
0.18949037184938788
0.18897850392386317
0.19213200407102704
0.19051863113418221
0.19241400109604
0.19529313407838345
0.19992927089333534
0.19952280912548304
0.2000379702076316
0.1962816729210317
0.1964442222379148
0.19570117443799973
0.19294756883755326
0.19585676211863756
0.19575414201244712
0.1983334687538445
0.19830231415107846
0.19696793286129832
0.1905809100717306
0.19307353300973773
0.19590390985831618
0.19738907972350717
0.19542179815471172
0.19712458178400993
0.19749114708974957
0.1982417800463736
0.19593387935310602
0.19821489276364446
0.19747823290526867
0.19560848688706756
0.19603085005655885
0.19592600176110864
0.19637919403612614
0.19603951182216406
0.19681611796841025
0.194508396089077
0.1934364102780819
0.19544148491695523
0.19605657225474715
0.19605918880552053
0.19617394916713238
0.19317510863766074
0.19356741895899177
0.1941098840907216
0.1911005419678986
0.19463131623342633
0.19519796315580606
0.19682562118396163
0.19670178042724729
0.19587184907868505
0.19750624103471637
0.19596588984131813
0.19754115212708712
0.1943224249407649
0.19605574384331703
0.1972160511650145
0.1937006856314838
0.19102827599272132
0.19644995592534542
0.19466214021667838
0.1969635346904397
0.19717588601633906
0.19417906505987048
0.18877417407929897
0.1920670266263187
0.18979307590052485
0.189348251093179
0.1895608683116734
0.18889322504401207
0.19355089077726007
0.19631877215579152
0.19730001408606768
0.19776015123352408
0.19687300408259034
0.1934898248873651
0.19243837799876928
0.19619318237528205
0.19591382471844554
0.19819976668804884
0.1964690829627216
0.19803194096311927
0.19478691089898348
0.18891238700598478
0.19103669002652168
0.19277643179520965
0.19302448024973273
0.19241710798814893
0.19552759500220418
0.19756035320460796
0.1961567411199212
0.1959024011157453
0.1965883867815137
0.19773552799597383
0.19555831188336015
0.19705851562321186
0.19566819071769714
0.19056656723842025
0.19730975199490786
0.19422700628638268
0.1947434931062162
0.19746654015034437
0.1958542000502348
0.19660193007439375
0.19580628210678697
0.19731327891349792
0.1975155877880752
0.19585059769451618
0.19747571600601077
0.19849319709464908
0.19771861005574465
0.19752711709588766
0.19836115092039108
0.19689883012324572
0.1959813740104437
0.1956260041333735
0.19588779611513019
0.19682155782356858
0.1950366939418018
0.19507324416190386
0.19244589004665613
0.19092238880693913
0.19661336997523904
0.19219953613355756
0.1965065486729145
0.19572369428351521
0.19521815702319145
0.19087316188961267
0.19284774782136083
0.19500300101935863
0.19423045264557004
0.19668470555916429
0.19735716469585896
0.19651109771803021
0.19484456488862634
0.19591088872402906
0.19647976895794272
0.19597542798146605
0.19546334026381373
0.19571099430322647
0.19560734182596207
0.19446850614622235
0.19244992779567838
0.1948009729385376
0.1936369678005576
0.1951290532015264
0.19634860008955002
0.19269108586013317
0.1873699640855193
0.18553347885608673
0.18886638712137938
0.1909009302034974
0.18924735113978386
0.19185029016807675
0.19497144408524036
0.1975483251735568
0.19695114064961672
0.19536797795444727
0.19399572303518653
0.19234172720462084
0.1944316723383963
0.19273294089362025
0.19697344675660133
0.19583343993872404
0.19060260336846113
0.19299728609621525
0.19557671016082168
0.19649227429181337
0.19758883072063327
0.19725088216364384
0.19698374811559916
0.19839989114552736
0.19609726080670953
0.19652883475646377
0.19789856066927314
0.1984586720354855
0.1952548222616315
0.1961408848874271
0.1964922328479588
0.19617173308506608
0.19551794696599245
0.19390387926250696
0.19207240315154195
0.19460167875513434
0.1941701122559607
0.19630883308127522
0.1958385338075459
0.19557723496109247
0.19651634013280272
0.19451089296489954
0.19319530529901385
0.1943988800048828
0.19257591105997562
0.1949325380846858
0.1939832246862352
0.194923534989357
0.19810617761686444
0.19711514608934522
0.1958144111558795
0.1955104828812182
0.19637103006243706
0.1952382237650454
0.19093071669340134
0.19228596379980445
0.19573123706504703
0.19483990874141455
0.19667985988780856
0.1967302351258695
0.19212174182757735
0.18827182007953525
0.18900386709719896
0.19000339694321156
0.18998752068728209
0.19426906574517488
0.19556923164054751
0.1972161796875298
0.19657951081171632
0.19667691085487604
0.19552686670795083
0.1972076897509396
0.1945197219029069
0.19238943373784423
0.1938494248315692
0.19340830901637673
0.19601366808637977
0.1954664778895676
0.19737859908491373
0.19558608066290617
0.19024042412638664
0.19257439812645316
0.1949967429973185
0.19647520268335938
0.1977493241429329
0.19783037155866623
0.19708698196336627
0.19526621419936419
0.19587771268561482
0.19678190723061562
0.19549945183098316
0.1954930848442018
0.19799412600696087
0.19615202490240335
0.19276400981470942
0.19282353296875954
0.19495041901245713
0.19453578209504485
0.19388827309012413
0.1963256117887795
0.19435268407687545
0.18811163119971752
0.1897032279521227
0.18898966815322638
0.1887295856140554
0.19378025410696864
0.19197758380323648
0.19362363079562783
0.19661282701417804
0.19722723215818405
0.1974237561225891
0.1970860380679369
0.1952984919771552
0.1933009042404592
0.19428426027297974
0.19696493912488222
0.19556031003594398
0.19674552977085114
0.1968615362420678
0.19442123407498002
0.18824327737092972
0.1929577998816967
0.19251513807103038
0.19006259320303798
0.19146919902414083
0.1954752979800105
0.19693346694111824
0.19704668410122395
0.1967847621999681
0.19773185811936855
0.19614050118252635
0.19762069499120116
0.1974840983748436
0.19478159211575985
0.19121625879779458
0.19493658980354667
0.19524951186031103
0.1982212420552969
0.1961341849528253
0.19752613874152303
0.1960361278615892
0.19241731939837337
0.18709968030452728
0.18991323094815016
0.19285286404192448
0.19242064282298088
0.19477972388267517
0.19805195881053805
0.19815529696643353
0.19620335195213556
0.19695226615294814
0.19785897620022297
0.1978072840720415
0.19563081581145525
0.19582790089771152
0.1929994118399918
0.1949169491417706
0.19544470077380538
0.1974916672334075
0.20470011420547962
0.19620921229943633
0.19807629426941276
0.19165135314688087
0.19158255215734243
0.19519553380087018
0.19684123899787664
0.19790111295878887
0.1977601358667016
0.1971540180966258
0.196703698951751
0.19568669376894832
0.19659521942958236
0.196927510201931
0.19593457784503698
0.19552126713097095
0.19721077708527446
0.1961930338293314
0.19589600013568997
0.19629144109785557
0.19240155490115285
0.19467971194535494
0.19509031483903527
0.19337422400712967
0.19666255917400122
0.19740930013358593
0.19659291673451662
0.19571084901690483
0.19737845798954368
0.1967109781689942
0.1945161996409297
0.1916279080323875
0.19229633314535022
0.19645006116479635
0.19602056313306093
0.19625198189169168
0.19683422520756721
0.19733603671193123
0.19593424815684557
0.19644848629832268
0.19718380132690072
0.19439764274284244
0.19000550685450435
0.1949961860664189
0.19456104328855872
0.1978891701437533
0.19648442417383194
0.19600398698821664
0.19388289004564285
0.18795732408761978
0.19106945395469666
0.1886124750599265
0.18919788440689445
0.1932300766929984
0.19544817972928286
0.19710182584822178
0.19873975403606892
0.19747865898534656
0.19640708528459072
0.19604888278990984
0.19677622709423304
0.19352953089401126
0.1911928877234459
0.1964811277575791
0.19538395525887609
0.1963146640919149
0.1966218207962811
0.1957621918991208
0.19357367791235447
0.19002669397741556
0.18891283264383674
0.19115643482655287
0.19561853539198637
0.19485660502687097
0.19600147102028131
0.19822869496420026
0.19764021085575223
0.19552019890397787
0.1967703439295292
0.19696806417778134
0.19569290103390813
0.19436847791075706
0.19247355684638023
0.1938438112847507
0.19351838994771242
0.19668750884011388
0.19527522893622518
0.1966758668422699
0.19282554928213358
0.19365792535245419
0.19518820196390152
0.19038192834705114
0.18805299373343587
0.18981159199029207
0.19049681490287185
0.19499968364834785
0.19621371245011687
0.1981838527135551
0.1977063538506627
0.1969616888090968
0.19498967472463846
0.19481130875647068
0.19335465179756284
0.196054067928344
0.19485277635976672
0.19587465468794107
0.19635043619200587
0.19217529613524675
0.18776139011606574
0.1903064982034266
0.19410377880558372
0.1976764458231628
0.19800417311489582
0.19641756080091
0.1964725130237639
0.19711426412686706
0.195894090924412
0.19599383790045977
0.196838257368654
0.19708802597597241
0.1955037983134389
0.19559960765764117
0.19307343801483512
0.1926534352824092
0.19471984077244997
0.19318573223426938
0.19742387998849154
0.19600768061354756
0.19693737104535103
0.1935766818933189
0.18962215958163142
0.18835906917229295
0.19062017695978284
0.1940942662768066
0.1946181058883667
0.1951420260593295
0.19725245889276266
0.1949151922017336
0.19645122392103076
0.19707235740497708
0.19578855205327272
0.1947335321456194
0.19201816013082862
0.1935755698941648
0.19309827918186784
0.19555579591542482
0.19601100031286478
0.19561913330107927
0.1941741849295795
0.19488583598285913
0.19731273222714663
0.19524889579042792
0.19676251523196697
0.19515902502462268
0.19484882522374392
0.19563955767080188
0.19834567699581385
0.19652485009282827
0.19542253715917468
0.19628142891451716
0.19597192527726293
0.19566546194255352
0.1963173351250589
0.19354435801506042
0.18900744942948222
0.1944069373421371
0.19419628893956542
0.1972118578851223
0.19578650780022144
0.19508348777890205
0.18868968915194273
0.19267189130187035
0.19196804706007242
0.18842350132763386
0.18895418336614966
0.19248025119304657
0.19573501218110323
0.19787934888154268
0.19963781256228685
0.19799585966393352
0.19834146089851856
0.19691752595826983
0.1983307902701199
0.1926014651544392
0.19337332993745804
0.19638024317100644
0.19434469426050782
0.1950682969763875
0.19641052279621363
0.19719372689723969
0.19623944303020835
0.19649866735562682
0.19635717198252678
0.1950773000717163
0.19240952981635928
0.19254328357055783
0.1972387838177383
0.1968591008335352
0.19616891909390688
0.19503105292096734
0.19625270599499345
0.1953785722143948
0.1951430942863226
0.19640318397432566
0.19429291831329465
0.19149192608892918
0.1935483948327601
0.1945058787241578
0.19458997435867786
0.195878678932786
0.19575773319229484
0.18969665095210075
0.19216671911999583
0.19128812616690993
0.1900954400189221
0.19105426780879498
0.19559925002977252
0.1947234426625073
0.19719754299148917
0.19732491206377745
0.19704183377325535
0.19497926998883486
0.19709256989881396
0.19594932906329632
0.19263098016381264
0.19079375872388482
0.1945476671680808
0.19653312815353274
0.1958818486891687
0.19717521499842405
0.19595926813781261
0.1901180101558566
0.19284293800592422
0.19259390980005264
0.19296459993347526
0.19516770308837295
0.19524736516177654
0.19565145205706358
0.1976746511645615
0.1961487247608602
0.19520438462495804
0.19635858060792089
0.19498883187770844
0.1952535598538816
0.19472728995606303
0.1909842207096517
0.1954757608473301
0.19493114203214645
0.1958870622329414
0.19652271177619696
0.19613873586058617
0.19638406112790108
0.19559177570044994
0.19647897267714143
0.19638050720095634
0.19724522018805146
0.19574633613228798
0.19529128959402442
0.19594987574964762
0.19569945195689797
0.19554973300546408
0.1949503910727799
0.1969292019493878
0.19524750392884016
0.19553621904924512
0.19859949499368668
0.19699106784537435
0.1922735059633851
0.19090487202629447
0.19616905925795436
0.19510506326332688
0.19614437595009804
0.19680434511974454
0.1940100509673357
0.18891090108081698
0.19261295069009066
0.19436385482549667
0.1934642600826919
0.19205059902742505
0.19492890406399965
0.19722978118807077
0.19649419421330094
0.19493568921461701
0.19657791079953313
0.19663798715919256
0.19449660181999207
0.19568660575896502
0.19316125195473433
0.1903885379433632
0.1969923498108983
0.19366583740338683
0.19731953786686063
0.19624993205070496
0.1959187318570912
0.19463450834155083
0.19086437206715345
0.1921186549589038
0.19489503698423505
0.19675288582220674
0.19746914086863399
0.19721729680895805
0.19563475297763944
0.19562476873397827
0.19635378383100033
0.195946856867522
0.19535397365689278
0.19740289635956287
0.1967094070278108
0.1938570342026651
0.1923627587966621
0.194079231005162
0.19484391482546926
0.19488607114180923
0.19694253290072083
0.19719880586490035
0.19080933602526784
0.19363389303907752
0.19573437003418803
0.1968858647160232
0.1975342114455998
0.19602240296080709
0.19520982122048736
0.19576133508235216
0.19715790497139096
0.19670238299295306
0.19646513415500522
0.19613638008013368
0.19603565521538258
0.19674324057996273
0.1956130899488926
0.19631617236882448
0.19462273875251412
0.19277823437005281
0.19551984732970595
0.1933719259686768
0.19688077690079808
0.19492299435660243
0.19768578000366688
0.19448614493012428
0.19574630912393332
0.19756075832992792
0.19044786132872105
0.19029375072568655
0.19306851597502828
0.1927373600192368
0.19434005673974752
0.19730748934671283
0.1969202710315585
0.1958937607705593
0.19697140902280807
0.1968444581143558
0.19312945706769824
0.19264055602252483
0.19392917724326253
0.19591070991009474
0.19404704496264458
0.19694145489484072
0.19578830990940332
0.18943049106746912
0.1929917987436056
0.19265835406258702
0.18934503803029656
0.19196943286806345
0.1954459622502327
0.1932489131577313
0.19641399895772338
0.19871398713439703
0.19625332113355398
0.19578645518049598
0.19733419502153993
0.1971578379161656
0.19351300597190857
0.1912410450167954
0.19661231385543942
0.1953444299288094
0.19616864901036024
0.1964715700596571
0.1973341596312821
0.1937864888459444
0.18891463708132505
0.19174900883808732
0.18907320592552423
0.18976745894178748
0.19592005293816328
0.1981859840452671
0.19737954111769795
0.1963086249306798
0.19880130793899298
0.19714366598054767
0.1969145881012082
0.19615324400365353
0.1955050160177052
0.19474685098975897
0.192839281167835
0.1946741151623428
0.1935892258770764
0.19728603400290012
0.1970175039023161
0.1964305518195033
0.19684313796460629
0.19729849975556135
0.1982717108912766
0.19697842188179493
0.19626954570412636
0.19836260098963976
0.19673538766801357
0.19648314313963056
0.19775945506989956
0.19602536223828793
0.1976908235810697
0.19649521028622985
0.1959316418506205
0.19782432122156024
0.19726697076112032
0.1964020635932684
0.19662465387955308
0.19510525092482567
0.19200727995485067
0.19359603710472584
0.1937859021127224
0.19656157307326794
0.19650508789345622
0.19652660191059113
0.1963621350005269
0.19623433891683817
0.19719558861106634
0.19706228515133262
0.19217520207166672
0.19205548195168376
0.19684038124978542
0.19802075810730457
0.1967733409255743
0.19613077491521835
0.19557948037981987
0.19658444123342633
0.19711837824434042
0.1956584989093244
0.19526105094701052
0.19593003625050187
0.1910597081296146
0.19229263812303543
0.19591432623565197
0.19582335418090224
0.19672083435580134
0.197418627794832
0.19386300025507808
0.1881184666417539
0.19292220007628202
0.19124470511451364
0.18857857584953308
0.19085640599951148
0.18925002496689558
0.19412253377959132
0.19687217008322477
0.19724167231470346
0.1965576778165996
0.1973643838427961
0.19363844115287066
0.19213185086846352
0.19521679496392608
0.1958097666501999
0.1970034372061491
0.19650816405192018
0.19810162391513586
0.19368811789900064
0.18791991705074906
0.19111122889444232
0.18884502490982413
0.18855864414945245
0.19216568488627672
0.19477260997518897
0.197641147300601
0.19766896404325962
0.19839958800002933
0.19628057908266783
0.19649756094440818
0.1968370359390974
0.19359163288027048
0.19283290207386017
0.19737527379766107
0.19671314908191562
0.19668791769072413
0.1989885400980711
0.19824234768748283
0.19875286985188723
0.19656986324116588
0.19675491889938712
0.19800906302407384
0.19769602827727795
0.19659943925216794
0.19779011607170105
0.1948947897180915
0.19345017615705729
0.19492567982524633
0.19431099016219378
0.19626681692898273
0.19577993266284466
0.195917631033808
0.19362996984273195
0.19533755304291844
0.19473129976540804
0.18981678504496813
0.19427224481478333
0.19487459305673838
0.1970942411571741
0.1950744860805571
0.19668967509642243
0.19016742380335927
0.19266658183187246
0.19496587198227644
0.19623387791216373
0.19668967835605145
0.19521747902035713
0.19494823226705194
0.19507313892245293
0.19576745992526412
0.19595375889912248
0.19383614789694548
0.1958647919818759
0.19526592176407576
0.19568066205829382
0.193415445741266
0.1908740559592843
0.1947782696224749
0.19410072825849056
0.19588359305635095
0.19456530874595046
0.1949762897565961
0.19607132207602262
0.1957242307253182
0.1969436933286488
0.19396861596032977
0.19378024293109775
0.19454820826649666
0.19525123108178377
0.19428860023617744
0.1940094018355012
0.19605077104642987
0.1947262198664248
0.19482962600886822
0.19658640585839748
0.1940101059153676
0.19099497562274337
0.1930204783566296
0.19382000202313066
0.19414701266214252
0.19603755977004766
0.19265262316912413
0.18812995590269566
0.18966138875111938
0.1907244767062366
0.19058689707890153
0.19648889219388366
0.19624973461031914
0.19494054187089205
0.19667692622169852
0.19569875998422503
0.19337637117132545
0.19621727894991636
0.1947044706903398
0.19048337265849113
0.19220688613131642
0.19407081604003906
0.19268243806436658
0.1943430071696639
0.19503692397847772
0.1887582978233695
0.18626096611842513
0.18782195495441556
0.1884853052906692
0.18879552511498332
0.19334071734920144
0.19546015188097954
0.19702157517895103
0.19656295562162995
0.19490055507048965
0.19410598697140813
0.191774717066437
0.19398860912770033
0.19232862209901214
0.19622953375801444
0.19535346096381545
0.1949930926784873
0.19348689168691635
0.19667734066024423
0.19679424399510026
0.1961152390576899
0.19664344703778625
0.1960989939980209
0.1955809872597456
0.19459660723805428
0.19609287241473794
0.19524650694802403
0.1946536279283464
0.195530551020056
0.1951234331354499
0.19517950108274817
0.19382724910974503
0.1904841959476471
0.194206977263093
0.1938583911396563
0.19533266685903072
0.19553164020180702
0.19666395476087928
0.1935119000263512
0.1893705907277763
0.18751358008012176
0.18841845821589231
0.188872748054564
0.19357672985643148
0.19501390401273966
0.1965526631101966
0.19636532897129655
0.19508390128612518
0.19545519771054387
0.1935204453766346
0.1914830608293414
0.19315973995253444
0.19290298176929355
0.19533995306119323
0.1954356823116541
0.19552772538736463
0.19041806692257524
0.1862647128291428
0.18851381773129106
0.19261026196181774
0.19290325324982405
0.1950424569658935
0.19682977814227343
0.19570430321618915
0.19623129395768046
0.19567139213904738
0.19479358615353703
0.19574546488001943
0.19353665597736835
0.1943983668461442
0.19350516283884645
0.19501724699512124
0.1960113919340074
0.19551971787586808
0.19507897179573774
0.19553404720500112
0.1970508829690516
0.19514968385919929
0.19274377264082432
0.19257363909855485
0.19505722587928176
0.19520796975120902
0.19468624517321587
0.19606371875852346
0.1961631653830409
0.19491098588332534
0.19563352596014738
0.19504552707076073
0.19290177524089813
0.18981503508985043
0.19481644593179226
0.19414610182866454
0.19452929496765137
0.1957564721815288
0.18935092678293586
0.19148752093315125
0.19085735781118274
0.18846410885453224
0.18858425598591566
0.1895279730670154
0.1928159319795668
0.19520881492644548
0.19714619405567646
0.19671942573040724
0.19492026790976524
0.19403693219646811
0.19266821211203933
0.1945160017348826
0.19382291985675693
0.195101086050272
0.1952385869808495
0.19306808384135365
0.18836610671132803
0.18893663072958589
0.19052302930504084
0.1900185327976942
0.19328078487887979
0.1939706620760262
0.19660284090787172
0.19741564011201262
0.1958165387623012
0.19551783287897706
0.19703634409233928
0.1938791936263442
0.19247011514380574
0.19296682998538017
0.19545240886509418
0.19394733384251595
0.19564980221912265
0.19473389303311706
0.1891998420469463
0.1908111860975623
0.18810836412012577
0.18832639884203672
0.19188355188816786
0.1922629913315177
0.19665525387972593
0.19640065589919686
0.19427361618727446
0.1965600256808102
0.19636869803071022
0.1923579960130155
0.19320204900577664
0.19430401409044862
0.1946161058731377
0.19298327807337046
0.19475779170170426
0.19578873878344893
0.1917619537562132
0.19327120389789343
0.19519453728571534
0.19573382195085287
0.19341171206906438
0.19475731579586864
0.19707601703703403
0.1968211056664586
0.194787104614079
0.1951441359706223
0.1976733128540218
0.19461319502443075
0.19593272916972637
0.19547005090862513
0.19236854324117303
0.19067652197554708
0.19655692391097546
0.19566331477835774
0.19528280291706324
0.19527984969317913
0.19395999610424042
0.18733730213716626
0.1864083749242127
0.1859424184076488
0.1868412010371685
0.19004971301183105
0.19496270501986146
0.1981674819253385
0.19619137095287442
0.19532468123361468
0.19551261002197862
0.19124419102445245
0.1921461159363389
0.19463382381945848
0.195346275344491
0.19566264282912016
0.19645428471267223
0.19212106708437204
0.1933044996112585
0.19499474903568625
0.1967090917751193
0.19582991814240813
0.19580442178994417
0.19617553194984794
0.19564047176390886
0.19537149230018258
0.1980238240212202
0.19645931059494615
0.193720658775419
0.19575604982674122
0.1961197298951447
0.1946718543767929
0.19272304000332952
0.1912594297900796
0.19416533363983035
0.19352330500259995
0.195840067230165
0.19541423488408327
0.19499368406832218
0.19474285515025258
0.1964276796206832
0.1956157241947949
0.196936029009521
0.19600381003692746
0.1963646817021072
0.1958639044314623
0.1963779740035534
0.19582845410332084
0.193356451112777
0.19681419106200337
0.19518486596643925
0.19423398096114397
0.19624332105740905
0.19292034395039082
0.19044642290100455
0.19432601099833846
0.1969582922756672
0.1980904578231275
0.19690490374341607
0.19627993693575263
0.19278213614597917
0.18889418384060264
0.18715247325599194
0.18756509386003017
0.18852324597537518
0.18983196513727307
0.19532094709575176
0.1982297459617257
0.19597424799576402
0.19530813675373793
0.1973273130133748
0.19274086318910122
0.19161922810599208
0.19467115914449096
0.1941339378245175
0.19678400410339236
0.19659404689446092
0.19563784403726459
0.18958805315196514
0.19112764718011022
0.1915478641167283
0.1886563841253519
0.1883510067127645
0.19191687228158116
0.19443832011893392
0.197716373950243
0.1968696340918541
0.19558316702023149
0.19581036502495408
0.19491678569465876
0.19012003624811769
0.19330688985064626
0.19356204010546207
0.19703888287767768
0.19563662027940154
0.19633648870512843
0.19256399665027857
0.1928741834126413
0.19508214015513659
0.19797055190429091
0.19768622098490596
0.1962165217846632
0.19637223100289702
0.19542123517021537
0.19448106735944748
0.19590481370687485
0.19585449481382966
0.19456369569525123
0.1960222227498889
0.19597918400540948
0.19452033517882228
0.19242528779432178
0.19263044092804193
0.19391439808532596
0.1935168830677867
0.19535574223846197
0.19467588467523456
0.18998313834890723
0.19173625577241182
0.19124477496370673
0.19263162091374397
0.19390179216861725
0.1957321153022349
0.19460314512252808
0.19486751407384872
0.1974709271453321
0.1950842561200261
0.1943595828488469
0.19643861008808017
0.1945405611768365
0.1920565622858703
0.19095562538132071
0.1949959876947105
0.19403256196528673
0.19563621375709772
0.1951905651949346
0.18699914310127497
0.18791937408968806
0.18934677029028535
0.19140532705932856
0.19544839393347502
0.19418409978970885
0.19490395905449986
0.19739136612042785
0.19420091900974512
0.19541657390072942
0.19709096709266305
0.19384969398379326
0.1905706264078617
0.19352651108056307
0.19480272708460689
0.19462934462353587
0.19515584083274007
0.19577490305528045
0.1894933800213039
0.19176080217584968
0.19342884700745344
0.19333451986312866
0.19069338031113148
0.1939768041484058
0.197438505012542
0.19651998579502106
0.19542491901665926
0.19622584572061896
0.19520436599850655
0.19490318605676293
0.1952492380514741
0.19221197394654155
0.19049000972881913
0.19506740011274815
0.19581587985157967
0.1952518941834569
0.19633032707497478
0.19166000792756677
0.1867663818411529
0.19061656203120947
0.19050902826711535
0.18981318920850754
0.19510020781308413
0.19620903627946973
0.19539399165660143
0.19758386490866542
0.19573893304914236
0.1958667510189116
0.1964090969413519
0.1935177780687809
0.18880820600315928
0.19553118105977774
0.19366225739941
0.1981777590699494
0.19498447002843022
0.19648311333730817
0.18988135131075978
0.1922273961827159
0.19319427898153663
0.19204606814309955
0.19332579988986254
0.1919109276495874
0.19624656904488802
0.1955033983103931
0.1949766338802874
0.19567519798874855
0.19542469969019294
0.19492458226159215
0.19389122491702437
0.19138868432492018
0.19441903987899423
0.19335911376401782
0.19565892778337002
0.19510204391553998
0.196180934086442
0.19150020508095622
0.19216644018888474
0.19287611218169332
0.19260870292782784
0.19537920504808426
0.1950321951881051
0.19478427898138762
0.19663141667842865
0.19576179888099432
0.19388383580371737
0.19575678976252675
0.19478728203102946
0.194404779933393
0.19443171471357346
0.19091771822422743
0.1957926587201655
0.19369392516091466
0.1967063252814114
0.19550185184925795
0.19517761282622814
0.1947692926041782
0.19586660526692867
0.19645713176578283
0.19574622763320804
0.19621316902339458
0.19624259090051055
0.1959769567474723
0.19558782922104
0.19389943312853575
0.19492006627842784
0.19501531030982733
0.19592273188754916
0.193860009778291
0.1946811988018453
0.19246453419327736
0.19011246785521507
0.19539024867117405
0.19597207102924585
0.1936552869156003
0.19514102302491665
0.19198121316730976
0.18631164403632283
0.1880810782313347
0.19012294616550207
0.19005276169627905
0.19286273093894124
0.19445566926151514
0.19814396789297462
0.19471791805699468
0.19399550976231694
0.19606827991083264
0.19422611501067877
0.18888449808582664
0.1942254090681672
0.19340726314112544
0.19484971882775426
0.1947244806215167
0.192064655944705
0.19156445935368538
0.1946788732893765
0.19620172586292028
0.1961160385981202
0.19609932089224458
0.19418911915272474
0.1946022012270987
0.1964285117574036
0.19394414871931076
0.19458454009145498
0.19608247885480523
0.19368543615564704
0.19496926991268992
0.1931782951578498
0.19240794889628887
0.19316860800608993
0.1944702658802271
0.1951208277605474
0.19524861592799425
0.19373481580987573
0.1948718917556107
0.18781324522569776
0.1865746951662004
0.18870055302977562
0.1893511558882892
0.19214225001633167
0.19532357901334763
0.19608753407374024
0.1951051251962781
0.19410310825333
0.19194452883675694
0.19300577696412802
0.19235549215227365
0.1941800988279283
0.1952176420018077
0.19524984108284116
0.1936427210457623
0.19088752008974552
0.18726423708721995
0.18762503378093243
0.18936916487291455
0.19326789770275354
0.1949605718255043
0.1954325740225613
0.1958255060017109
0.1948775351047516
0.19502551993355155
0.19286713376641273
0.19220872502774
0.19490594882518053
0.1917519518174231
0.1962064583785832
0.19516295799985528
0.19456071965396404
0.19548603612929583
0.1964421309530735
0.19243478076532483
0.1921760649420321
0.19292141124606133
0.1948037762194872
0.19426703732460737
0.1942516486160457
0.19612668827176094
0.19455592520534992
0.19525935407727957
0.19482984812930226
0.19327091798186302
0.19171420903876424
0.1922331601381302
0.1945093497633934
0.1935129025951028
0.1948207002133131
0.19483232405036688
0.19551110919564962
0.19628903223201632
0.19561273092404008
0.1943022427149117
0.19597402913495898
0.1953590540215373
0.19570540264248848
0.1957979598082602
0.1946188360452652
0.19412975385785103
0.19596489798277617
0.19310901686549187
0.19430342316627502
0.19430045317858458
0.18989036558195949
0.19080997817218304
0.19515897706151009
0.19385283207520843
0.1951111452654004
0.19062239490449429
0.19263056572526693
0.19602602114900947
0.19696067506447434
0.19551671668887138
0.19696022663265467
0.1967371110804379
0.1976536512374878
0.1952476822771132
0.19650480104610324
0.19643148873001337
0.1944216350093484
0.19548383681103587
0.19504589727148414
0.195478861220181
0.19306595483794808
0.19139528274536133
0.19301418820396066
0.19245562376454473
0.1956500788219273
0.1953982599079609
0.19474440906196833
0.1955569931305945
0.19617933686822653
0.19500285107642412
0.19539416208863258
0.19492530869320035
0.19495703605934978
0.1954832780174911
0.19435190968215466
0.19352323468774557
0.19644958805292845
0.19405204709619284
0.1945261931978166
0.1943442770279944
0.1913895672187209
0.1893226313404739
0.19459865242242813
0.19225360127165914
0.1945330947637558
0.19520089775323868
0.19416546076536179
0.19521205639466643
0.19317962881177664
0.19189660716801882
0.1945423730649054
0.1950667961500585
0.19533919962123036
0.19428795389831066
0.19431782001629472
0.19612988317385316
0.19395907409489155
0.194505269639194
0.19567627320066094
0.1911909501068294
0.18920059502124786
0.19436315214261413
0.19295524340122938
0.19431583397090435
0.19402594212442636
0.1882056831382215
0.1893504848703742
0.1902824160642922
0.19077717512845993
0.19393720012158155
0.1913454383611679
0.19240434700623155
0.1956952540203929
0.19538025790825486
0.1945391041226685
0.19291667779907584
0.19248829316347837
0.19057382363826036
0.1943108350969851
0.19159148773178458
0.19543651910498738
0.1947531821206212
0.19469683803617954
0.19127302896231413
0.18676338996738195
0.18634207407012582
0.19184607500210404
0.19242933671921492
0.1945084948092699
0.19477101787924767
0.19628956075757742
0.19521148689091206
0.19371251296252012
0.1926165516488254
0.19070594012737274
0.19354542437940836
0.19314694125205278
0.19500901829451323
0.19545302772894502
0.19498823070898652
0.19557344261556864
0.19575495505705476
0.19453445496037602
0.1958613428287208
0.1954276622273028
0.19486544327810407
0.19490609969943762
0.19360674498602748
0.19403716828674078
0.19520339695736766
0.19407792203128338
0.19339675176888704
0.1928974580951035
0.18892032420262694
0.1949082361534238
0.19382626144215465
0.194227812346071
0.19369261618703604
0.1898420532234013
0.19142203126102686
0.19242986384779215
0.18869308102875948
0.19037132989615202
0.1945939790457487
0.1949054030701518
0.19524394674226642
0.1959370537661016
0.19408270996063948
0.194191160146147
0.19339872896671295
0.18917514476925135
0.1944348979741335
0.1928390576504171
0.19372181175276637
0.19435345195233822
0.18953217286616564
0.19139382895082235
0.19129461096599698
0.189401145093143
0.19003202486783266
0.19393803412094712
0.19415547093376517
0.196537172421813
0.19661774020642042
0.19491552002727985
0.19497790513560176
0.194795997813344
0.19052851106971502
0.1905640079639852
0.19425070891156793
0.1940216040238738
0.19534255284816027
0.1945592937991023
0.1880325861275196
0.19102655490860343
0.1875052461400628
0.18768330104649067
0.18985802587121725
0.1899705259129405
0.1949324901215732
0.19645356480032206
0.19541148096323013
0.19573971815407276
0.19232211913913488
0.19119696272537112
0.19330885307863355
0.1931563545949757
0.19536249386146665
0.19556581787765026
0.19023799384012818
0.19204475404694676
0.19312579184770584
0.18929543625563383
0.1894193938933313
0.19387871073558927
0.19327534222975373
0.1937949089333415
0.19582307618111372
0.19523781724274158
0.19588059792295098
0.19498358806595206
0.19145107828080654
0.19180910708382726
0.19322472997009754
0.19288694020360708
0.19524519192054868
0.1951988716609776
0.18961882404983044
0.1904687019996345
0.18772709090262651
0.18687153421342373
0.1905975230038166
0.19229989126324654
0.1961066941730678
0.19450309127569199
0.1953818378970027
0.19612107006832957
0.1949996380135417
0.19292517798021436
0.19152947096154094
0.19441257556900382
0.193544315174222
0.19425068795681
0.19491979433223605
0.18928198609501123
0.1909982548095286
0.18833159189671278
0.18681614939123392
0.1902542794123292
0.19062609691172838
0.1946202008984983
0.1954837553203106
0.19686472322791815
0.19579923013225198
0.1942991060204804
0.19224351132288575
0.1929616411216557
0.19396028015762568
0.19379927590489388
0.19551859283819795
0.194921953137964
0.19009412312880158
0.19268793612718582
0.1950113200582564
0.19518648507073522
0.19413303304463625
0.19489209400489926
0.19543425599113107
0.1947661181911826
0.1946401298046112
0.195380297023803
0.19522402994334698
0.19516398617997766
0.1959308097139001
0.19358793273568153
0.18961764220148325
0.19507905701175332
0.19349484099075198
0.19581733783707023
0.19530265918001533
0.19243337819352746
0.19244675105437636
0.19516209280118346
0.1955779460258782
0.19017704483121634
0.18656165711581707
0.18799313297495246
0.19266371196135879
0.1974006798118353
0.1958134239539504
0.19415829796344042
0.1968421465717256
0.19264394976198673
0.19037229102104902
0.19515128014609218
0.193848738912493
0.19435594603419304
0.19522053003311157
0.19231773307546973
0.18836400425061584
0.1909565757960081
0.19103744905442
0.19126526359468699
0.1936506973579526
0.19172720378264785
0.19518838915973902
0.19797057891264558
0.19482705695554614
0.19601992703974247
0.19650329509750009
0.19280099123716354
0.18999198824167252
0.19529859209433198
0.19553475780412555
0.19657728867605329
0.1953216688707471
0.19522180641070008
0.18812296306714416
0.19076787820085883
0.18809639802202582
0.18976623425260186
0.19266974367201328
0.19110425328835845
0.1944905207492411
0.19696976011618972
0.19460747996345162
0.19667786126956344
0.19600215507671237
0.1913780509494245
0.19070141715928912
0.19698979007080197
0.19339958392083645
0.1954075861722231
0.19616608694195747
0.1916246977634728
0.19287012005224824
0.19581792317330837
0.19615843193605542
0.19094662833958864
0.18674788204953074
0.1898394380696118
0.19320854637771845
0.1984336138702929
0.19438657630234957
0.19553414033725858
0.19540369603782892
0.19398342398926616
0.19001683313399553
0.19571615383028984
0.19388847285881639
0.19678113609552383
0.19489035895094275
0.19393443129956722
0.18810112494975328
0.19078713795170188
0.1928153852932155
0.19337778305634856
0.19339791778475046
0.19686851417645812
0.19832111289724708
0.19659832073375583
0.20647208578884602
0.19691039202734828
0.19565447978675365
0.1966932648792863
0.19662671396508813
0.19461585814133286
0.19622938288375735
0.19236650504171848
0.19345194613561034
0.19253899762406945
0.19574463227763772
0.19514424400404096
0.19429978216066957
0.19462715275585651
0.19545445637777448
0.19593879021704197
0.1945233829319477
0.1932332580909133
0.1925218258984387
0.19516902416944504
0.19447955442592502
0.1952476780861616
0.1966529400087893
0.1943796263076365
0.19413182325661182
0.19625593209639192
0.19428404327481985
0.19153965031728148
0.19104735180735588
0.1946111279539764
0.19435198279097676
0.19559184275567532
0.19285695301368833
0.1874397867359221
0.1884082001633942
0.1895380960777402
0.19027533428743482
0.19446123018860817
0.1941808182746172
0.19639651523903012
0.19624640373513103
0.19546482106670737
0.19538908824324608
0.19667962891981006
0.19357834802940488
0.19123090198263526
0.1953811109997332
0.1947907148860395
0.19886957574635744
0.19668817520141602
0.19802738958969712
0.19266385398805141
0.18755964981392026
0.19082216685637832
0.18897509574890137
0.18901851074770093
0.19232907006517053
0.1927553159184754
0.19743096316233277
0.1988684250973165
0.19713565381243825
0.1958990842103958
0.19725011521950364
0.19736704835668206
0.19398533226922154
0.19093243684619665
0.19476180709898472
0.19750912906602025
0.1970266029238701
0.1954244519583881
0.19594493275508285
0.19159456389024854
0.19315552292391658
0.1983771538361907
0.19765756465494633
0.19690215727314353
0.19626285089179873
0.19857265194877982
0.19525573821738362
0.1947636092081666
0.19399037724360824
0.1955194608308375
0.19382453709840775
0.19604301592335105
0.19385894481092691
0.19391755294054747
0.19116835203021765
0.19271954521536827
0.1933021191507578
0.19234963227063417
0.19490754511207342
0.19416622910648584
0.19502631668001413
0.19600916793569922
0.19481726502999663
0.19729694398120046
0.1961759477853775
0.19585096556693316
0.19538683304563165
0.19494241289794445
0.19353489624336362
0.1948550152592361
0.19649632927030325
0.19399330113083124
0.1946335188113153
0.19368196511641145
0.19001420820131898
0.19427421409636736
0.19353034859523177
0.1954923029989004
0.19618917163461447
0.19394865911453962
0.1869543851353228
0.18850896786898375
0.1883262530900538
0.18902291217818856
0.19325876235961914
0.19377751369029284
0.19734423095360398
0.19522609608247876
0.19453149987384677
0.19643606012687087
0.19519641436636448
0.1923256809823215
0.19084689626470208
0.1947605931200087
0.19408228294923902
0.19538091495633125
0.19598295213654637
0.18989272508770227
0.19155338685959578
0.1927107721567154
0.18785201525315642
0.18774993624538183
0.19176306808367372
0.19329837895929813
0.19836042914539576
0.19557835720479488
0.19486277736723423
0.19644851284101605
0.19434029515832663
0.18933113291859627
0.19405720429494977
0.19436710374429822
0.1954267011024058
0.19611633801832795
0.19579152995720506
0.18918110383674502
0.19140389887616038
0.19151884503662586
0.1882908819243312
0.1867492636665702
0.19071140000596642
0.19482735823839903
0.19761597784236073
0.19587128888815641
0.19518648460507393
0.19613806111738086
0.19243679102510214
0.1923897867091
0.19590202532708645
0.19405951583757997
0.19505928363651037
0.19642477110028267
0.19445306295529008
0.187625746242702
0.1857676561921835
0.18635404761880636
0.1869290890172124
0.1904474589973688
0.1930043948814273
0.19563749199733138
0.19640410784631968
0.19789485493674874
0.19663305301219225
0.19390627183020115
0.19135360606014729
0.19526048935949802
0.1954772616736591
0.19520163722336292
0.19608841883018613
0.19522125320509076
0.1882887347601354
0.19183679996058345
0.19325119396671653
0.1941797132603824
0.19258696865290403
0.19530055997893214
0.19720109924674034
0.19679839722812176
0.194895900785923
0.19625490112230182
0.1966610811650753
0.1947699999436736
0.19504384696483612
0.19421469513326883
0.19173417519778013
0.1951816426590085
0.19329839991405606
0.19462571293115616
0.1955592092126608
0.19652964128181338
0.1934545668773353
0.18885396234691143
0.18739144364371896
0.1888057398609817
0.18918149825185537
0.1937804538756609
0.19560664100572467
0.19689094088971615
0.1967183114029467
0.19589518290013075
0.19502492807805538
0.19497249322012067
0.18962154863402247
0.1959397136233747
0.19325992185622454
0.1957121011801064
0.19548666290938854
0.19653592118993402
0.19414419308304787
0.18725583096966147
0.18738026125356555
0.1890035760588944
0.1891872650012374
0.19374542590230703
0.19489984074607491
0.19707206496968865
0.1964988959953189
0.1954688997939229
0.19628519425168633
0.19522740924730897
0.19135983427986503
0.19592209020629525
0.19417492393404245
0.19495290610939264
0.19563145516440272
0.19684105413034558
0.19516748981550336
0.19598820200189948
0.19687502179294825
0.19658777164295316
0.19674762105569243
0.19575403910130262
0.19674703385680914
0.19587971409782767
0.1959959021769464
0.1952758221887052
0.19374495092779398
0.1959678502753377
0.19530983222648501
0.19572436204180121
0.19601307110860944
0.19359434209764004
0.19065690087154508
0.19348602322861552
0.19282864592969418
0.19456234760582447
0.19577757501974702
0.19381521036848426
0.19428572338074446
0.19555783784016967
0.19648084323853254
0.19573547411710024
0.19372594263404608
0.19514535879716277
0.1943376651033759
0.19563720002770424
0.19563506543636322
0.19485602201893926
0.1947817117907107
0.19584184605628252
0.1937380926683545
0.19361410615965724
0.1915478273294866
0.19191388599574566
0.19281469006091356
0.19626320991665125
0.19628017209470272
0.19501007487997413
0.19425528682768345
0.19366298988461494
0.19556375592947006
0.19630324700847268
0.19593157805502415
0.19707341399043798
0.1961937858723104
0.19568397477269173
0.19460958801209927
0.19510541623458266
0.1973880911245942
0.1958326199091971
0.19475662568584085
0.19504804397001863
0.1928857141174376
0.19174662977457047
0.1931424168869853
0.19358540885150433
0.19514801912009716
0.1964921480976045
0.19330496713519096
0.19232628028839827
0.1954749273136258
0.19698589481413364
0.19128878600895405
0.1896625510416925
0.19168043788522482
0.1898003751412034
0.19448137935250998
0.20019538002088666
0.19539349898695946
0.19639389403164387
0.19881494482979178
0.1969358343631029
0.1936277998611331
0.19212295534089208
0.19465584913268685
0.19706344418227673
0.19686906319111586
0.19596963794901967
0.19645401882007718
0.19095593318343163
0.193384378682822
0.1959857838228345
0.19798569194972515
0.19723813235759735
0.19626811565831304
0.19662099378183484
0.19576229341328144
0.19613133696839213
0.19572675181552768
0.19660071888938546
0.19401800259947777
0.1953226337209344
0.19654953898862004
0.19498803606256843
0.19253609515726566
0.19153362000361085
0.19498848402872682
0.19450453389436007
0.1927949688397348
0.19537421269342303
0.19515613885596395
0.1953253699466586
0.1967868530191481
0.1956608910113573
0.19585521472617984
0.1937616728246212
0.19357228092849255
0.19556136522442102
0.19419866101816297
0.19499395415186882
0.19690241292119026
0.19462971994653344
0.1951809241436422
0.1953167598694563
0.19233218813315034
0.18982306122779846
0.19602009560912848
0.19451594399288297
0.1949091488495469
0.19663654966279864
0.19095113733783364
0.19322719099000096
0.19402414513751864
0.19285809714347124
0.19291851902380586
0.19374059978872538
0.1954736658371985
0.19733413495123386
0.19671877985820174
0.1951977638527751
0.1962244212627411
0.19534101290628314
0.1945922989398241
0.19710071431472898
0.19290302600711584
0.19088035076856613
0.1938299066387117
0.19389655720442533
0.19608610216528177
0.19600307615473866
0.19553196988999844
0.19011750305071473
0.1919531999155879
0.19500949839130044
0.19619564013555646
0.19676694786176085
0.19594375928863883
0.1948130871169269
0.195361633785069
0.19659054884687066
0.19442523270845413
0.19503605598583817
0.1946498895995319
0.19367465702816844
0.19457683619111776
0.19099183892831206
0.19318788591772318
0.19301843270659447
0.19693197030574083
0.19491236889734864
0.19589215703308582
0.19526381604373455
0.1958270096220076
0.19634793791919947
0.19515620032325387
0.19364172592759132
0.19352606777101755
0.1963843903504312
0.19595103478059173
0.1948796771466732
0.1955956951715052
0.19519883720204234
0.19479080103337765
0.19550707563757896
0.19428007770329714
0.19242584938183427
0.19092688476666808
0.19513456989079714
0.19389262469485402
0.19478802802041173
0.1932322490029037
0.1931856912560761
0.19368091225624084
0.19323971588164568
0.19304233603179455
0.19208807591348886
0.19456369802355766
0.1939356871880591
0.19496843591332436
0.19694535387679935
0.19515423802658916
0.19492754386737943
0.1965052797459066
0.19487810507416725
0.1910139420069754
0.19217267399653792
0.19471616530790925
0.19385079806670547
0.19523336412385106
0.1944508720189333
0.188323853071779
0.19041886366903782
0.19073978578671813
0.19325794093310833
0.1957933772355318
0.19647001894190907
0.19531573308631778
0.19569588685408235
0.19647025363519788
0.19523361278697848
0.19478317582979798
0.19544244604185224
0.19440063182264566
0.19073173310607672
0.19362709065899253
0.19324920000508428
0.19570626504719257
0.19637985341250896
0.1953909476287663
0.1903148922137916
0.19277776079252362
0.1924183969385922
0.18910581897944212
0.1897647171281278
0.1938491971231997
0.1936462949961424
0.19600684009492397
0.1969569600187242
0.1959091890603304
0.195843905210495
0.19550545094534755
0.19271421525627375
0.19173484202474356
0.19497257797047496
0.19498308096081018
0.19474046304821968
0.19695751834660769
0.19326449697837234
0.18734886683523655
0.18944677617400885
0.18830275675281882
0.18915558187291026
0.19254697812721133
0.19253775384277105
0.19649421889334917
0.19660354498773813
0.1956015368923545
0.1960445218719542
0.1956208860501647
0.19273411482572556
0.19153946731239557
0.19567924505099654
0.19582103984430432
0.19594176206737757
0.19696831377223134
0.19498989963904023
0.1887509203515947
0.19127258099615574
0.1897795470431447
0.18831350468099117
0.19098125118762255
0.19463232904672623
0.19616383593529463
0.19870540592819452
0.19711066782474518
0.19519902486354113
0.19580900575965643
0.1964321481063962
0.1935074431821704
0.19197918800637126
0.1952908430248499
0.19430237216874957
0.19734813692048192
0.19613538216799498
0.19676731061190367
0.19554295297712088
0.19424891471862793
0.19603752298280597
0.1964360629208386
0.1959987599402666
0.1958836391568184
0.1963161639869213
0.1973352562636137
0.19598862202838063
0.1949738310649991
0.1958801755681634
0.1962544247508049
0.19482915196567774
0.1959237502887845
0.1969822570681572
0.1936812656931579
0.19079006370157003
0.1954755336046219
0.19429677724838257
0.19603813532739878
0.19546333700418472
0.19370980095118284
0.18724228162318468
0.1870260313153267
0.18652420304715633
0.18912550993263721
0.19264436699450016
0.19429697189480066
0.19833734910935163
0.1967461439780891
0.1951162340119481
0.196626846678555
0.1968696597032249
0.19291711784899235
0.19168348191305995
0.1956488867290318
0.1938530020415783
0.19556441577151418
0.19653391372412443
0.19529675459489226
0.1885207612067461
0.19157731905579567
0.19404789665713906
0.19451636401936412
0.19199700374156237
0.1938692769035697
0.1968074250034988
0.19627298321574926
0.1959179318509996
0.19668512092903256
0.1956569440662861
0.19458417501300573
0.19616836123168468
0.19293442089110613
0.19016220094636083
0.1959056919440627
0.1944355913437903
0.19605613267049193
0.19670453807339072
0.1944348057731986
0.18918647896498442
0.1855631093494594
0.18842349108308554
0.19228486297652125
0.19422000413760543
0.19683676725253463
0.19620271492749453
0.19531489023938775
0.19567219680175185
0.19463518587872386
0.19506190810352564
0.1943567036651075
0.1927204211242497
0.19345157919451594
0.19267043704167008
0.19554827408865094
0.19575299369171262
0.19757403619587421
0.19452598597854376
0.19674254208803177
0.1970776692032814
0.19514072313904762
0.19632145296782255
0.1959448866546154
0.19602318108081818
0.19624384492635727
0.19571280106902122
0.1951309978030622
0.19569128612056375
0.19595316797494888
0.19467781111598015
0.19489335035905242
0.19544364092871547
0.19228976173326373
0.1911208820529282
0.19679389242082834
0.19539621891453862
0.19715323112905025
0.19621570594608784
0.19430694775655866
0.18876447202637792
0.19203309388831258
0.19360814336687326
0.19329091580584645
0.19279034435749054
0.19511181022971869
0.1987092630006373
0.19799464801326394
0.19657101901248097
0.1965462020598352
0.1961731594055891
0.1948520033620298
0.19542682822793722
0.19394661393016577
0.1907237572595477
0.19435612903907895
0.19432664709165692
0.19589914800599217
0.1960989306680858
0.19506582617759705
0.19326905207708478
0.18932619597762823
0.18788278894498944
0.18940084567293525
0.18909259326756
0.19203725596889853
0.1947459070943296
0.1972451265901327
0.1971318512223661
0.1959595661610365
0.1965233599767089
0.19546406716108322
0.19079614477232099
0.19577577523887157
0.19469424709677696
0.19509286107495427
0.19634721986949444
0.1971070719882846
0.19638504926115274
0.1961159948259592
0.1966587114147842
0.1963002821430564
0.19221654115244746
0.19243167713284492
