load checkpoint from http path: https://dl.cv.ethz.ch/bdd100k/drivable/models/dnl_r50-d8_512x1024_40k_drivable_bdd100k.pth
timely function starting...
2 1 0 0.20090699195861816 0.004647970199584961 0.20555496215820312 1
94 2 92 0.18825197219848633 0.0025386810302734375 0.19079065322875977 2
99 3 96 0.17354059219360352 0.0018897056579589844 0.1754302978515625 3
105 4 101 0.18805885314941406 0.0019712448120117188 0.19003009796142578 4
111 5 106 0.18074727058410645 0.0017223358154296875 0.18246960639953613 5
116 93 23 0.1734473705291748 0.001631021499633789 0.1750783920288086 6
122 99 23 0.17331695556640625 0.0016248226165771484 0.1749417781829834 7
127 104 23 0.17435741424560547 0.0015132427215576172 0.17587065696716309 8
132 110 22 0.17215561866760254 0.0015790462493896484 0.1737346649169922 9
138 116 22 0.17323923110961914 0.0015196800231933594 0.1747589111328125 10
143 121 22 0.17501258850097656 0.0015077590942382812 0.17652034759521484 11
148 126 22 0.17321491241455078 0.009096145629882812 0.1823110580444336 12
154 132 22 0.1754610538482666 0.012885808944702148 0.18834686279296875 13
159 137 22 0.17621207237243652 0.010494470596313477 0.18670654296875 14
165 142 23 0.18968701362609863 0.0016214847564697266 0.19130849838256836 15
171 148 23 0.1815505027770996 0.011543035507202148 0.19309353828430176 16
177 153 24 0.17296862602233887 0.001651763916015625 0.1746203899383545 17
182 159 23 0.17061924934387207 0.0016002655029296875 0.17221951484680176 18
188 165 23 0.17211604118347168 0.0015532970428466797 0.17366933822631836 19
193 171 22 0.16993045806884766 0.001438140869140625 0.17136859893798828 20
198 177 21 0.17162513732910156 0.0015974044799804688 0.17322254180908203 21
204 182 22 0.17090225219726562 0.00157928466796875 0.17248153686523438 22
209 187 22 0.17131495475769043 0.004854679107666016 0.17616963386535645 23
214 193 21 0.17076873779296875 0.002089977264404297 0.17285871505737305 24
220 198 22 0.18158411979675293 0.0016167163848876953 0.18320083618164062 25
225 203 22 0.17930316925048828 0.0014472007751464844 0.18075037002563477 26
231 208 23 0.17067551612854004 0.0015850067138671875 0.17226052284240723 27
236 214 22 0.16986918449401855 0.0015397071838378906 0.17140889167785645 28
241 219 22 0.2199540138244629 0.001676797866821289 0.22163081169128418 29
248 225 23 0.1725015640258789 0.0024802684783935547 0.17498183250427246 30
253 230 23 0.17143607139587402 0.0016407966613769531 0.17307686805725098 31
259 236 23 0.17101645469665527 0.0014278888702392578 0.17244434356689453 32
264 241 23 0.17293190956115723 0.0015745162963867188 0.17450642585754395 33
269 247 22 0.17197394371032715 0.001981973648071289 0.17395591735839844 34
274 253 21 0.17091679573059082 0.010237455368041992 0.1811542510986328 35
280 258 22 0.18269658088684082 0.0015840530395507812 0.1842806339263916 36
286 263 23 0.17861557006835938 0.001543283462524414 0.1801588535308838 37
291 269 22 0.17047595977783203 0.0015420913696289062 0.17201805114746094 38
296 274 22 0.17032265663146973 0.0015146732330322266 0.17183732986450195 39
302 280 22 0.16982460021972656 0.001592874526977539 0.1714174747467041 40
307 285 22 0.17206072807312012 0.001651763916015625 0.17371249198913574 41
312 291 21 0.17177963256835938 0.012668848037719727 0.1844484806060791 42
318 296 22 0.17234444618225098 0.003635406494140625 0.1759798526763916 43
323 301 22 0.18683314323425293 0.0015821456909179688 0.1884152889251709 44
329 306 23 0.1704261302947998 0.0036144256591796875 0.1740405559539795 45
334 312 22 0.1703803539276123 0.001462697982788086 0.1718430519104004 46
340 317 22 0.1717824935913086 0.0015277862548828125 0.1733102798461914 47
345 323 22 0.17293667793273926 0.0016829967498779297 0.1746196746826172 48
350 328 22 0.17200779914855957 0.003737926483154297 0.17574572563171387 49
356 334 21 0.17168951034545898 0.0016477108001708984 0.17333722114562988 50
361 339 22 0.17754840850830078 0.0015215873718261719 0.17906999588012695 51
366 344 22 0.18264341354370117 0.0016145706176757812 0.18425798416137695 52
372 350 22 0.17465615272521973 0.0015518665313720703 0.1762080192565918 53
377 355 22 0.17124533653259277 0.001646280288696289 0.17289161682128906 54
383 360 23 0.17147517204284668 0.0014972686767578125 0.1729724407196045 55
388 366 22 0.17164158821105957 0.002344846725463867 0.17398643493652344 56
393 371 22 0.1718440055847168 0.0015909671783447266 0.17343497276306152 57
398 377 21 0.17276430130004883 0.008658409118652344 0.18142271041870117 58
404 382 22 0.17221355438232422 0.006906270980834961 0.17911982536315918 59
409 387 22 0.18382835388183594 0.0016758441925048828 0.18550419807434082 60
415 393 22 0.18548941612243652 0.0015308856964111328 0.18702030181884766 61
421 398 23 0.17182421684265137 0.0017147064208984375 0.1735389232635498 62
426 403 23 0.17197513580322266 0.0016794204711914062 0.17365455627441406 63
431 409 22 0.17235541343688965 0.0016396045684814453 0.1739950180053711 64
436 415 21 0.18018507957458496 0.011356115341186523 0.19154119491577148 65
442 420 22 0.18832135200500488 0.0125579833984375 0.20087933540344238 66
448 426 22 0.18054890632629395 0.007189512252807617 0.18773841857910156 67
454 431 23 0.18325114250183105 0.0022149085998535156 0.18546605110168457 68
459 436 23 0.18401312828063965 0.012613773345947266 0.19662690162658691 69
465 441 24 0.2309408187866211 0.012621879577636719 0.2435626983642578 70
473 447 26 0.19831418991088867 0.0170900821685791 0.21540427207946777 71
479 453 26 0.18379473686218262 0.0014979839324951172 0.18529272079467773 72
485 459 26 0.17944622039794922 0.01054239273071289 0.1899886131286621 73
491 464 27 0.1811201572418213 0.006885051727294922 0.1880052089691162 74
497 472 24 0.18391013145446777 0.00164031982421875 0.18555045127868652 75
502 479 23 0.1812756061553955 0.012682437896728516 0.19395804405212402 76
508 485 23 0.20534920692443848 0.01982283592224121 0.2251720428466797 77
515 490 25 0.17975664138793945 0.0016193389892578125 0.18137598037719727 78
520 496 24 0.17386841773986816 0.0015306472778320312 0.1753990650177002 79
526 502 24 0.17354917526245117 0.002234220504760742 0.17578339576721191 80
531 508 23 0.1741342544555664 0.0020780563354492188 0.17621231079101562 81
537 514 22 0.18101739883422852 0.0017604827880859375 0.18277788162231445 82
542 520 22 0.1724262237548828 0.002870798110961914 0.17529702186584473 83
547 525 22 0.18327713012695312 0.0015201568603515625 0.1847972869873047 84
553 531 22 0.1734769344329834 0.010826587677001953 0.18430352210998535 85
559 536 23 0.18042445182800293 0.014439582824707031 0.19486403465270996 86
565 542 23 0.17537355422973633 0.0058825016021728516 0.18125605583190918 87
570 547 23 0.17185068130493164 0.011439085006713867 0.1832897663116455 88
576 552 24 0.1753244400024414 0.013677597045898438 0.18900203704833984 89
582 558 24 0.21052074432373047 0.00848531723022461 0.21900606155395508 90
588 564 24 0.18467998504638672 0.02248835563659668 0.2071683406829834 91
594 570 24 0.18304729461669922 0.010534524917602539 0.19358181953430176 92
600 575 25 0.19277524948120117 0.0018532276153564453 0.19462847709655762 93
606 581 25 0.18024682998657227 0.01439046859741211 0.19463729858398438 94
612 588 24 0.19568133354187012 0.0207827091217041 0.21646404266357422 95
619 594 25 0.1944422721862793 0.014358997344970703 0.20880126953125 96
625 600 25 0.20961642265319824 0.014756917953491211 0.22437334060668945 97
631 606 25 0.2093343734741211 0.021986722946166992 0.23132109642028809 98
638 611 27 0.20761775970458984 0.01406240463256836 0.2216801643371582 99
645 618 27 0.2110280990600586 0.012768983840942383 0.22379708290100098 100
651 624 27 0.1874079704284668 0.006300449371337891 0.1937084197998047 101
657 630 27 0.22344136238098145 0.012828826904296875 0.23627018928527832 102
664 637 27 0.18078351020812988 0.014338970184326172 0.19512248039245605 103
670 644 26 0.1815040111541748 0.022811174392700195 0.204315185546875 104
676 651 25 0.1997230052947998 0.011930465698242188 0.211653470993042 105
683 657 26 0.18013405799865723 0.008224010467529297 0.18835806846618652 106
689 664 25 0.19484543800354004 0.0051271915435791016 0.19997262954711914 107
695 669 26 0.188279390335083 0.02394556999206543 0.21222496032714844 108
701 676 25 0.20787978172302246 0.001954317092895508 0.20983409881591797 109
707 682 25 0.18504929542541504 0.001802206039428711 0.18685150146484375 110
713 688 25 0.1862354278564453 0.0058553218841552734 0.19209074974060059 111
718 694 24 0.19008183479309082 0.02969050407409668 0.2197723388671875 112
725 700 25 0.20350337028503418 0.023988008499145508 0.2274913787841797 113
732 707 24 0.20833539962768555 0.012676715850830078 0.22101211547851562 114
739 712 27 0.19563889503479004 0.010246992111206055 0.2058858871459961 115
745 718 27 0.1896529197692871 0.002576112747192383 0.1922290325164795 116
751 724 27 0.19900965690612793 0.013499975204467773 0.2125096321105957 117
757 731 26 0.1895904541015625 0.005905866622924805 0.1954963207244873 118
762 738 24 0.1900773048400879 0.001544952392578125 0.19162225723266602 119
768 744 24 0.17250657081604004 0.0014865398406982422 0.17399311065673828 120
774 750 23 0.17246341705322266 0.0015587806701660156 0.17402219772338867 121
779 756 23 0.17367887496948242 0.0016734600067138672 0.1753523349761963 122
784 762 22 0.1798086166381836 0.001672983169555664 0.18148159980773926 123
790 768 22 0.17989301681518555 0.001657247543334961 0.1815502643585205 124
795 773 22 0.17341113090515137 0.0015377998352050781 0.17494893074035645 125
801 778 23 0.17409372329711914 0.0016713142395019531 0.1757650375366211 126
806 784 22 0.17188787460327148 0.0014951229095458984 0.17338299751281738 127
811 789 22 0.17417454719543457 0.001474142074584961 0.17564868927001953 128
817 795 22 0.17317962646484375 0.0015461444854736328 0.17472577095031738 129
822 800 22 0.1718435287475586 0.001516580581665039 0.17336010932922363 130
827 805 22 0.17511653900146484 0.008756160736083984 0.18387269973754883 131
833 811 22 0.1726980209350586 0.00147247314453125 0.17417049407958984 132
838 816 22 0.18395304679870605 0.0014595985412597656 0.18541264533996582 133
844 822 22 0.19338464736938477 0.001703500747680664 0.19508814811706543 134
850 827 23 0.17179226875305176 0.0015175342559814453 0.1733098030090332 135
855 832 23 0.17308926582336426 0.0015804767608642578 0.17466974258422852 136
861 838 23 0.17146635055541992 0.0015342235565185547 0.17300057411193848 137
866 843 23 0.17421579360961914 0.001676321029663086 0.17589211463928223 138
871 850 21 0.17292094230651855 0.0015540122985839844 0.17447495460510254 139
877 855 22 0.17331218719482422 0.0015044212341308594 0.17481660842895508 140
882 860 22 0.17304682731628418 0.0018374919891357422 0.17488431930541992 141
887 865 22 0.17449021339416504 0.001992464065551758 0.1764826774597168 142
893 871 22 0.18404459953308105 0.0015118122100830078 0.18555641174316406 143
898 876 22 0.18576335906982422 0.0016071796417236328 0.18737053871154785 144
904 881 23 0.17494487762451172 0.0015435218811035156 0.17648839950561523 145
909 887 22 0.17302370071411133 0.0016334056854248047 0.17465710639953613 146
915 892 23 0.17383861541748047 0.0015442371368408203 0.1753828525543213 147
920 898 22 0.1730952262878418 0.0015304088592529297 0.17462563514709473 148
925 904 21 0.17420101165771484 0.001491546630859375 0.17569255828857422 149
931 909 22 0.1754930019378662 0.0015072822570800781 0.1770002841949463 150
936 914 22 0.1745457649230957 0.0015511512756347656 0.17609691619873047 151
941 920 21 0.17598533630371094 0.005759000778198242 0.18174433708190918 152
947 925 22 0.1760416030883789 0.005285024642944336 0.18132662773132324 153
953 930 23 0.17878150939941406 0.0015554428100585938 0.18033695220947266 154
958 936 22 0.18868517875671387 0.002729177474975586 0.19141435623168945 155
964 941 23 0.17536497116088867 0.001535177230834961 0.17690014839172363 156
970 947 22 0.17341351509094238 0.0014567375183105469 0.17487025260925293 157
975 952 23 0.17447733879089355 0.002655506134033203 0.17713284492492676 158
980 958 22 0.17377591133117676 0.0015559196472167969 0.17533183097839355 159
986 964 22 0.17359089851379395 0.0015869140625 0.17517781257629395 160
991 969 22 0.17461705207824707 0.0015873908996582031 0.17620444297790527 161
996 974 22 0.1728193759918213 0.0014901161193847656 0.17430949211120605 162
1002 980 22 0.18332505226135254 0.0015995502471923828 0.18492460250854492 163
1007 985 22 0.18172621726989746 0.0015001296997070312 0.1832263469696045 164
1013 990 23 0.17434120178222656 0.001613616943359375 0.17595481872558594 165
1018 996 22 0.17413830757141113 0.001499176025390625 0.17563748359680176 166
1024 1001 22 0.17531275749206543 0.001573324203491211 0.17688608169555664 167
1029 1007 22 0.17337679862976074 0.0015819072723388672 0.1749587059020996 168
1034 1012 22 0.17442870140075684 0.0015261173248291016 0.17595481872558594 169
1040 1018 22 0.1744823455810547 0.0016632080078125 0.1761455535888672 170
1045 1023 22 0.17442059516906738 0.0014979839324951172 0.1759185791015625 171
1050 1028 22 0.17437028884887695 0.0038089752197265625 0.17817926406860352 172
1056 1034 22 0.17520403861999512 0.0017242431640625 0.17692828178405762 173
1061 1039 22 0.18114233016967773 0.0015971660614013672 0.1827394962310791 174
1067 1044 23 0.17394566535949707 0.0015459060668945312 0.1754915714263916 175
1072 1050 22 0.17521071434020996 0.001561880111694336 0.1767725944519043 176
1078 1056 22 0.1754322052001953 0.0015385150909423828 0.1769707202911377 177
1083 1061 22 0.1748509407043457 0.0015552043914794922 0.1764061450958252 178
1089 1067 21 0.17467904090881348 0.0015594959259033203 0.1762385368347168 179
1094 1072 22 0.17352557182312012 0.0017962455749511719 0.1753218173980713 180
1099 1077 22 0.17466497421264648 0.0016903877258300781 0.17635536193847656 181
1105 1083 22 0.17342901229858398 0.0015659332275390625 0.17499494552612305 182
1110 1088 22 0.17408370971679688 0.002134084701538086 0.17621779441833496 183
1116 1093 23 0.17867231369018555 0.0015268325805664062 0.18019914627075195 184
1121 1099 22 0.18210577964782715 0.0015516281127929688 0.18365740776062012 185
1127 1104 23 0.17571783065795898 0.0015752315521240234 0.177293062210083 186
1132 1110 22 0.17486238479614258 0.0015230178833007812 0.17638540267944336 187
1137 1115 22 0.17573165893554688 0.0015106201171875 0.17724227905273438 188
1143 1121 22 0.1751096248626709 0.0016014575958251953 0.1767110824584961 189
1148 1126 22 0.17456507682800293 0.0014667510986328125 0.17603182792663574 190
1154 1132 22 0.17783212661743164 0.0016701221466064453 0.17950224876403809 191
1159 1137 22 0.17434048652648926 0.0015985965728759766 0.17593908309936523 192
1164 1142 22 0.17457199096679688 0.0014405250549316406 0.17601251602172852 193
1170 1148 22 0.17521357536315918 0.012724637985229492 0.18793821334838867 194
1176 1153 23 0.18176674842834473 0.0021712779998779297 0.18393802642822266 195
1182 1159 22 0.17684197425842285 0.007854223251342773 0.18469619750976562 196
1187 1164 23 0.17975449562072754 0.0016527175903320312 0.18140721321105957 197
1193 1169 24 0.17630958557128906 0.001589059829711914 0.17789864540100098 198
1198 1175 23 0.17543292045593262 0.0015680789947509766 0.1770009994506836 199
1204 1181 23 0.17603182792663574 0.0015521049499511719 0.17758393287658691 200
1209 1187 22 0.1743946075439453 0.0015461444854736328 0.17594075202941895 201
1215 1192 22 0.17624688148498535 0.0015459060668945312 0.17779278755187988 202
1220 1198 22 0.17695164680480957 0.001621246337890625 0.1785728931427002 203
1225 1203 22 0.17458534240722656 0.0015087127685546875 0.17609405517578125 204
1231 1209 22 0.17525720596313477 0.005010128021240234 0.180267333984375 205
1236 1214 22 0.17473316192626953 0.0027663707733154297 0.17749953269958496 206
1242 1219 23 0.17563104629516602 0.001623392105102539 0.17725443840026855 207
1247 1225 22 0.1752316951751709 0.0014982223510742188 0.17672991752624512 208
1252 1230 22 0.17526030540466309 0.0015780925750732422 0.17683839797973633 209
1258 1236 22 0.1766676902770996 0.0020093917846679688 0.17867708206176758 210
1263 1241 22 0.1758873462677002 0.001501321792602539 0.17738866806030273 211
1269 1247 22 0.17737722396850586 0.0017168521881103516 0.1790940761566162 212
1274 1252 22 0.17430806159973145 0.0017147064208984375 0.17602276802062988 213
1279 1257 22 0.1753690242767334 0.0017528533935546875 0.17712187767028809 214
1285 1262 23 0.17770862579345703 0.0015268325805664062 0.17923545837402344 215
1290 1268 22 0.17941689491271973 0.0015287399291992188 0.18094563484191895 216
1296 1274 22 0.17714357376098633 0.009398221969604492 0.18654179573059082 217
1302 1279 23 0.1823406219482422 0.011399269104003906 0.1937398910522461 218
1308 1284 24 0.18444323539733887 0.001711130142211914 0.18615436553955078 219
1313 1290 23 0.18957304954528809 0.0016055107116699219 0.191178560256958 220
1319 1295 24 0.1762256622314453 0.001560211181640625 0.17778587341308594 221
1325 1301 24 0.17468786239624023 0.0016727447509765625 0.1763606071472168 222
1330 1307 23 0.17554640769958496 0.0015857219696044922 0.17713212966918945 223
1336 1313 22 0.17482590675354004 0.00156402587890625 0.1763899326324463 224
1341 1319 22 0.17594552040100098 0.0014917850494384766 0.17743730545043945 225
1346 1324 22 0.17856764793395996 0.0015680789947509766 0.18013572692871094 226
1352 1330 22 0.1774148941040039 0.0015628337860107422 0.17897772789001465 227
1357 1335 22 0.17657113075256348 0.008769750595092773 0.18534088134765625 228
1363 1340 23 0.17950725555419922 0.00699615478515625 0.18650341033935547 229
1369 1346 23 0.1787569522857666 0.0017614364624023438 0.18051838874816895 230
1374 1351 23 0.19351553916931152 0.0018346309661865234 0.19535017013549805 231
1380 1357 23 0.18224215507507324 0.01010441780090332 0.19234657287597656 232
1386 1362 24 0.17656278610229492 0.0015304088592529297 0.17809319496154785 233
1392 1368 24 0.17850208282470703 0.001550436019897461 0.1800525188446045 234
1397 1374 23 0.1785132884979248 0.0015270709991455078 0.1800403594970703 235
1403 1380 23 0.17715811729431152 0.0016369819641113281 0.17879509925842285 236
1408 1386 22 0.17657208442687988 0.0015141963958740234 0.1780862808227539 237
1413 1391 22 0.17835378646850586 0.0016281604766845703 0.17998194694519043 238
1419 1397 22 0.17667508125305176 0.0015399456024169922 0.17821502685546875 239
1424 1402 22 0.17692255973815918 0.0015087127685546875 0.17843127250671387 240
1430 1408 22 0.17929577827453613 0.002286195755004883 0.18158197402954102 241
1435 1413 22 0.17882466316223145 0.013622522354125977 0.19244718551635742 242
1441 1418 23 0.18094873428344727 0.010208845138549805 0.19115757942199707 243
1447 1424 23 0.19571638107299805 0.01283717155456543 0.20855355262756348 244
1454 1429 25 0.18314719200134277 0.004246950149536133 0.1873941421508789 245
1459 1435 24 0.19247126579284668 0.013691425323486328 0.206162691116333 246
1466 1441 25 0.18131375312805176 0.0015995502471923828 0.18291330337524414 247
1471 1447 24 0.19185638427734375 0.001529693603515625 0.19338607788085938 248
1477 1453 24 0.18983817100524902 0.0014781951904296875 0.1913163661956787 249
1483 1459 24 0.17889881134033203 0.0015728473663330078 0.18047165870666504 250
1489 1465 24 0.17824554443359375 0.001743316650390625 0.17998886108398438 251
1494 1471 23 0.17689013481140137 0.001577615737915039 0.1784677505493164 252
1500 1477 22 0.17857933044433594 0.0016574859619140625 0.18023681640625 253
1505 1483 22 0.1794605255126953 0.0016069412231445312 0.18106746673583984 254
1511 1488 22 0.1809542179107666 0.0019593238830566406 0.18291354179382324 255
1516 1494 22 0.18012166023254395 0.0016112327575683594 0.1817328929901123 256
1522 1499 23 0.17915081977844238 0.001592874526977539 0.18074369430541992 257
1527 1505 22 0.17897415161132812 0.008823633193969727 0.18779778480529785 258
1533 1510 23 0.1786341667175293 0.0016474723815917969 0.1802816390991211 259
1538 1516 22 0.19231438636779785 0.009293794631958008 0.20160818099975586 260
1545 1521 24 0.18501830101013184 0.0016736984252929688 0.1866919994354248 261
1551 1527 24 0.1875927448272705 0.0017480850219726562 0.18934082984924316 262
1556 1532 24 0.1874408721923828 0.0016064643859863281 0.18904733657836914 263
1562 1538 24 0.18106651306152344 0.0015854835510253906 0.18265199661254883 264
1568 1544 24 0.17810654640197754 0.0015347003936767578 0.1796412467956543 265
1573 1550 23 0.18091917037963867 0.0016095638275146484 0.18252873420715332 266
1579 1556 23 0.18532609939575195 0.0016636848449707031 0.18698978424072266 267
1585 1562 22 0.1918318271636963 0.0016138553619384766 0.19344568252563477 268
1591 1567 24 0.1808784008026123 0.0016007423400878906 0.1824791431427002 269
1596 1573 23 0.18268346786499023 0.001585245132446289 0.18426871299743652 270
1602 1578 24 0.18414545059204102 0.0015978813171386719 0.1857433319091797 271
1607 1584 23 0.18240976333618164 0.0016262531280517578 0.1840360164642334 272
1613 1590 23 0.18270039558410645 0.001592874526977539 0.18429327011108398 273
1619 1596 23 0.17945456504821777 0.004429340362548828 0.1838839054107666 274
1624 1601 23 0.18151640892028809 0.011542797088623047 0.19305920600891113 275
1630 1607 23 0.18116497993469238 0.011802911758422852 0.19296789169311523 276
1636 1613 23 0.18386554718017578 0.011494159698486328 0.1953597068786621 277
1642 1618 24 0.1915280818939209 0.013704061508178711 0.2052321434020996 278
1648 1624 24 0.18057036399841309 0.0015938282012939453 0.18216419219970703 279
1654 1630 24 0.18357253074645996 0.007010459899902344 0.1905829906463623 280
1660 1636 24 0.1850414276123047 0.001552581787109375 0.18659400939941406 281
1666 1641 25 0.184769868850708 0.0016345977783203125 0.18640446662902832 282
1671 1648 23 0.18007135391235352 0.0016705989837646484 0.18174195289611816 283
1677 1653 24 0.1828465461730957 0.0016925334930419922 0.1845390796661377 284
1683 1659 24 0.1867811679840088 0.001560211181640625 0.18834137916564941 285
1688 1665 23 0.18974781036376953 0.001737356185913086 0.19148516654968262 286
1694 1671 23 0.19573283195495605 0.0016586780548095703 0.19739151000976562 287
1700 1676 24 0.18671369552612305 0.004574298858642578 0.19128799438476562 288
1706 1682 24 0.18497705459594727 0.0017156600952148438 0.1866927146911621 289
1712 1688 24 0.18901896476745605 0.0016181468963623047 0.19063711166381836 290
1717 1694 23 0.1868877410888672 0.0016345977783203125 0.1885223388671875 291
1723 1700 23 0.18602609634399414 0.001589059829711914 0.18761515617370605 292
1729 1705 24 0.1826000213623047 0.001558542251586914 0.1841585636138916 293
1735 1711 23 0.18436884880065918 0.0016574859619140625 0.18602633476257324 294
1740 1717 23 0.19411897659301758 0.0022220611572265625 0.19634103775024414 295
1746 1723 23 0.18742132186889648 0.001708984375 0.18913030624389648 296
1752 1728 24 0.18811702728271484 0.00162506103515625 0.1897420883178711 297
1758 1734 24 0.18922662734985352 0.0016183853149414062 0.19084501266479492 298
1764 1740 24 0.18588709831237793 0.0016434192657470703 0.187530517578125 299
1769 1746 23 0.19500494003295898 0.0024514198303222656 0.19745635986328125 300
1775 1752 23 0.1948833465576172 0.0016317367553710938 0.19651508331298828 301
1782 1757 24 0.1856837272644043 0.001554727554321289 0.18723845481872559 302
1787 1763 24 0.18806767463684082 0.00783228874206543 0.19589996337890625 303
1793 1769 24 0.1889054775238037 0.0033347606658935547 0.19224023818969727 304
1799 1775 24 0.18920278549194336 0.004725456237792969 0.19392824172973633 305
1805 1781 24 0.18944644927978516 0.005037784576416016 0.19448423385620117 306
1811 1787 24 0.19119715690612793 0.005273580551147461 0.1964707374572754 307
1817 1793 24 0.19664764404296875 0.004770517349243164 0.20141816139221191 308
1823 1799 24 0.18723630905151367 0.0052642822265625 0.19250059127807617 309
1829 1804 25 0.1900184154510498 0.003373861312866211 0.19339227676391602 310
1835 1810 25 0.1892991065979004 0.005562305450439453 0.19486141204833984 311
1841 1816 25 0.19156599044799805 0.012741804122924805 0.20430779457092285 312
1847 1823 24 0.19890546798706055 0.0016412734985351562 0.2005467414855957 313
1853 1828 25 0.19059443473815918 0.0015304088592529297 0.1921248435974121 314
1859 1834 25 0.19143176078796387 0.001583099365234375 0.19301486015319824 315
1865 1840 25 0.19096827507019043 0.0020704269409179688 0.1930387020111084 316
1871 1846 25 0.19055628776550293 0.0017006397247314453 0.19225692749023438 317
1877 1853 23 0.1981513500213623 0.003762960433959961 0.20191431045532227 318
1883 1858 25 0.1960155963897705 0.0014944076538085938 0.1975100040435791 319
1889 1864 25 0.19162774085998535 0.008146047592163086 0.19977378845214844 320
1895 1870 25 0.19019269943237305 0.007220268249511719 0.19741296768188477 321
1901 1876 25 0.1921555995941162 0.004494905471801758 0.19665050506591797 322
1907 1882 25 0.19517254829406738 0.0016067028045654297 0.1967792510986328 323
1913 1888 25 0.19206738471984863 0.010192632675170898 0.20226001739501953 324
1919 1894 25 0.187391996383667 0.007775306701660156 0.19516730308532715 325
1925 1900 25 0.18816614151000977 0.005426645278930664 0.19359278678894043 326
1931 1906 25 0.1898024082183838 0.0016865730285644531 0.19148898124694824 327
1937 1912 25 0.18744683265686035 0.012450456619262695 0.19989728927612305 328
1943 1918 25 0.18626809120178223 0.001798391342163086 0.1880664825439453 329
1949 1924 25 0.19390606880187988 0.010568618774414062 0.20447468757629395 330
1955 1930 25 0.18786168098449707 0.001538991928100586 0.18940067291259766 331
1961 1936 25 0.19965338706970215 0.0020444393157958984 0.20169782638549805 332
1967 1942 25 0.20162439346313477 0.011433839797973633 0.2130582332611084 333
1973 1948 25 0.19735479354858398 0.0016942024230957031 0.1990489959716797 334
1979 1954 25 0.19108176231384277 0.0016405582427978516 0.19272232055664062 335
1985 1960 25 0.19105863571166992 0.0017194747924804688 0.1927781105041504 336
1991 1966 25 0.20105743408203125 0.0016145706176757812 0.20267200469970703 337
1997 1973 24 0.19297075271606445 0.0015997886657714844 0.19457054138183594 338
2003 1979 24 0.1936025619506836 0.0015416145324707031 0.1951441764831543 339
2009 1985 24 0.1900949478149414 0.0016407966613769531 0.19173574447631836 340
2015 1991 24 0.18469452857971191 0.0015876293182373047 0.18628215789794922 341
2021 1997 24 0.18360590934753418 0.0015463829040527344 0.18515229225158691 342
2026 2003 23 0.18617892265319824 0.010486125946044922 0.19666504859924316 343
2032 2009 23 0.17813563346862793 0.0015511512756347656 0.1796867847442627 344
2038 2014 24 0.18509149551391602 0.0015790462493896484 0.18667054176330566 345
2043 2020 23 0.19203400611877441 0.0016121864318847656 0.19364619255065918 346
2049 2026 23 0.1928412914276123 0.0015411376953125 0.1943824291229248 347
2055 2032 23 0.19713711738586426 0.0016291141510009766 0.19876623153686523 348
2061 2037 24 0.2008037567138672 0.0018169879913330078 0.2026207447052002 349
2067 2043 24 0.2021794319152832 0.001627206802368164 0.20380663871765137 350
2074 2049 25 0.19395875930786133 0.0016205310821533203 0.19557929039001465 351
2080 2055 24 0.19475746154785156 0.0015869140625 0.19634437561035156 352
2086 2061 24 0.19575023651123047 0.0017025470733642578 0.19745278358459473 353
2092 2067 25 0.20139288902282715 0.0016160011291503906 0.20300889015197754 354
2098 2073 25 0.19429278373718262 0.0015368461608886719 0.1958296298980713 355
2104 2079 25 0.19535136222839355 0.0015568733215332031 0.19690823554992676 356
2110 2085 25 0.19655919075012207 0.0016231536865234375 0.1981823444366455 357
2116 2091 25 0.20145606994628906 0.0016314983367919922 0.20308756828308105 358
2122 2097 25 0.1943340301513672 0.0015254020690917969 0.19585943222045898 359
2128 2103 25 0.19504117965698242 0.0015194416046142578 0.19656062126159668 360
2134 2109 25 0.1968522071838379 0.0015327930450439453 0.19838500022888184 361
2140 2115 25 0.19704484939575195 0.009519815444946289 0.20656466484069824 362
2146 2121 25 0.19345879554748535 0.0017206668853759766 0.19517946243286133 363
2152 2127 25 0.19439029693603516 0.0015897750854492188 0.19598007202148438 364
2158 2133 25 0.1944141387939453 0.0015931129455566406 0.19600725173950195 365
2164 2139 25 0.19380688667297363 0.001474618911743164 0.1952815055847168 366
2170 2146 24 0.19517040252685547 0.0015883445739746094 0.19675874710083008 367
2176 2151 25 0.19942975044250488 0.0016765594482421875 0.20110630989074707 368
2182 2157 25 0.19526100158691406 0.0015835762023925781 0.19684457778930664 369
2188 2163 25 0.1912553310394287 0.0016205310821533203 0.19287586212158203 370
2194 2169 25 0.1914196014404297 0.0015544891357421875 0.19297409057617188 371
2200 2175 25 0.1998119354248047 0.0015704631805419922 0.20138239860534668 372
2206 2182 24 0.19341421127319336 0.001527547836303711 0.19494175910949707 373
2212 2188 24 0.1929183006286621 0.0015790462493896484 0.19449734687805176 374
2218 2194 24 0.19553470611572266 0.0016324520111083984 0.19716715812683105 375
2224 2199 25 0.1972041130065918 0.001585245132446289 0.19878935813903809 376
2230 2205 25 0.19688773155212402 0.001706838607788086 0.1985945701599121 377
2236 2211 25 0.19276165962219238 0.0016372203826904297 0.1943988800048828 378
2242 2217 25 0.1935577392578125 0.0015978813171386719 0.19515562057495117 379
2248 2223 25 0.194260835647583 0.0015704631805419922 0.195831298828125 380
2254 2229 25 0.19013309478759766 0.0017635822296142578 0.19189667701721191 381
2260 2236 24 0.18555474281311035 0.0034291744232177734 0.18898391723632812 382
2266 2242 23 0.17863965034484863 0.010296106338500977 0.1889357566833496 383
2271 2247 24 0.18136167526245117 0.001775503158569336 0.1831371784210205 384
2277 2253 24 0.18147563934326172 0.0016193389892578125 0.18309497833251953 385
2283 2259 24 0.1917884349822998 0.0015072822570800781 0.19329571723937988 386
2289 2265 24 0.1930246353149414 0.0016567707061767578 0.19468140602111816 387
2295 2271 24 0.20501184463500977 0.0015690326690673828 0.20658087730407715 388
2301 2277 24 0.19628620147705078 0.0017580986022949219 0.1980443000793457 389
2307 2282 25 0.19484758377075195 0.0016753673553466797 0.19652295112609863 390
2313 2288 25 0.20595693588256836 0.0016145706176757812 0.20757150650024414 391
2319 2294 25 0.19597530364990234 0.0016179084777832031 0.19759321212768555 392
2325 2300 25 0.19504475593566895 0.00164794921875 0.19669270515441895 393
2331 2306 25 0.19466543197631836 0.0015625953674316406 0.19622802734375 394
2337 2312 25 0.20380592346191406 0.0015714168548583984 0.20537734031677246 395
2343 2319 24 0.19585180282592773 0.0016887187957763672 0.1975405216217041 396
2349 2325 24 0.19378924369812012 0.0016510486602783203 0.19544029235839844 397
2355 2331 24 0.1948533058166504 0.0015606880187988281 0.19641399383544922 398
2361 2337 24 0.20374369621276855 0.0015861988067626953 0.20532989501953125 399
2368 2343 25 0.19159150123596191 0.0015873908996582031 0.19317889213562012 400
2373 2349 24 0.19206762313842773 0.0015273094177246094 0.19359493255615234 401
2379 2355 24 0.1907041072845459 0.0015666484832763672 0.19227075576782227 402
2385 2361 24 0.19159746170043945 0.0017218589782714844 0.19331932067871094 403
2391 2367 24 0.19806456565856934 0.0015718936920166016 0.19963645935058594 404
2397 2373 24 0.18940997123718262 0.001588582992553711 0.19099855422973633 405
2403 2379 24 0.1906604766845703 0.0016281604766845703 0.19228863716125488 406
2409 2385 24 0.1886293888092041 0.0015327930450439453 0.19016218185424805 407
2415 2391 24 0.1920933723449707 0.0017588138580322266 0.19385218620300293 408
2420 2397 23 0.18995380401611328 0.0015299320220947266 0.191483736038208 409
2427 2402 25 0.18349814414978027 0.0015270709991455078 0.18502521514892578 410
2432 2408 24 0.18445277214050293 0.001569509506225586 0.18602228164672852 411
2438 2414 24 0.18451762199401855 0.001661539077758789 0.18617916107177734 412
2444 2420 24 0.1889185905456543 0.0017173290252685547 0.19063591957092285 413
2449 2426 23 0.18587040901184082 0.001753091812133789 0.1876235008239746 414
2455 2432 23 0.1842954158782959 0.00160980224609375 0.18590521812438965 415
2461 2437 24 0.18627476692199707 0.0015819072723388672 0.18785667419433594 416
2466 2443 23 0.19165587425231934 0.0016124248504638672 0.1932682991027832 417
2472 2449 23 0.18263649940490723 0.005906820297241211 0.18854331970214844 418
2478 2455 23 0.18171215057373047 0.012632369995117188 0.19434452056884766 419
2484 2460 24 0.18053770065307617 0.0036215782165527344 0.1841592788696289 420
2490 2466 24 0.1850109100341797 0.003262758255004883 0.18827366828918457 421
2495 2472 23 0.19088220596313477 0.0015370845794677734 0.19241929054260254 422
2501 2477 24 0.201979398727417 0.0016295909881591797 0.20360898971557617 423
2508 2484 23 0.19812726974487305 0.0015802383422851562 0.1997075080871582 424
2514 2489 25 0.18350839614868164 0.0015447139739990234 0.18505311012268066 425
2519 2495 24 0.18224716186523438 0.0016045570373535156 0.1838517189025879 426
2525 2501 24 0.18224501609802246 0.0015854835510253906 0.18383049964904785 427
2530 2507 23 0.1782665252685547 0.0015764236450195312 0.17984294891357422 428
2536 2513 23 0.1854555606842041 0.0015845298767089844 0.18704009056091309 429
2542 2519 23 0.18495774269104004 0.0016019344329833984 0.18655967712402344 430
2547 2524 23 0.18250703811645508 0.0016300678253173828 0.18413710594177246 431
2553 2530 23 0.19106245040893555 0.010329008102416992 0.20139145851135254 432
2559 2535 24 0.17845773696899414 0.0016486644744873047 0.18010640144348145 433
2564 2541 23 0.18437504768371582 0.0017592906951904297 0.18613433837890625 434
2570 2547 23 0.18473243713378906 0.0018911361694335938 0.18662357330322266 435
2576 2552 24 0.19181156158447266 0.003934144973754883 0.19574570655822754 436
2582 2558 24 0.1970534324645996 0.0018584728240966797 0.1989119052886963 437
2588 2564 24 0.19600653648376465 0.0019965171813964844 0.19800305366516113 438
2594 2570 24 0.19637322425842285 0.0015864372253417969 0.19795966148376465 439
2600 2575 25 0.18724989891052246 0.0015902519226074219 0.18884015083312988 440
2606 2581 25 0.18624496459960938 0.0015740394592285156 0.1878190040588379 441
2611 2587 24 0.1861274242401123 0.001712799072265625 0.18784022331237793 442
2617 2593 24 0.18528485298156738 0.0015931129455566406 0.18687796592712402 443
2623 2599 24 0.18469500541687012 0.0016148090362548828 0.186309814453125 444
2628 2605 23 0.18030405044555664 0.0017614364624023438 0.18206548690795898 445
2634 2611 23 0.18724703788757324 0.0015685558319091797 0.18881559371948242 446
2640 2617 23 0.18665456771850586 0.0016438961029052734 0.18829846382141113 447
2645 2622 23 0.18740606307983398 0.001739501953125 0.18914556503295898 448
2651 2628 23 0.19153594970703125 0.006482124328613281 0.19801807403564453 449
2657 2634 23 0.17657876014709473 0.0015358924865722656 0.178114652633667 450
2663 2639 24 0.18062257766723633 0.003933429718017578 0.1845560073852539 451
2668 2645 23 0.18483734130859375 0.0019779205322265625 0.1868152618408203 452
2674 2651 23 0.1879711151123047 0.0074079036712646484 0.19537901878356934 453
2680 2657 23 0.18767786026000977 0.0015797615051269531 0.18925762176513672 454
2686 2662 24 0.20464038848876953 0.011564493179321289 0.21620488166809082 455
2693 2668 25 0.19876599311828613 0.0016438961029052734 0.2004098892211914 456
2699 2674 25 0.1893632411956787 0.0050885677337646484 0.19445180892944336 457
2705 2680 25 0.1964278221130371 0.008194446563720703 0.2046222686767578 458
2711 2686 25 0.2020277976989746 0.013262271881103516 0.21529006958007812 459
2718 2692 26 0.19513916969299316 0.013966560363769531 0.2091057300567627 460
2725 2699 26 0.17908668518066406 0.004131317138671875 0.18321800231933594 461
2730 2705 25 0.18776249885559082 0.0016894340515136719 0.1894519329071045 462
2736 2711 25 0.18392395973205566 0.0015347003936767578 0.18545866012573242 463
2742 2718 24 0.18581938743591309 0.0015952587127685547 0.18741464614868164 464
2747 2724 23 0.19127726554870605 0.0016903877258300781 0.19296765327453613 465
2753 2730 23 0.19615387916564941 0.0018086433410644531 0.19796252250671387 466
2759 2736 23 0.2003006935119629 0.0014996528625488281 0.20180034637451172 467
2765 2741 24 0.1933135986328125 0.001766204833984375 0.19507980346679688 468
2771 2747 24 0.19416427612304688 0.0015141963958740234 0.1956784725189209 469
2777 2753 24 0.19202733039855957 0.0015854835510253906 0.19361281394958496 470
2783 2759 24 0.19096875190734863 0.001680612564086914 0.19264936447143555 471
2789 2765 24 0.19188141822814941 0.0017151832580566406 0.19359660148620605 472
2795 2771 24 0.19339919090270996 0.0016281604766845703 0.19502735137939453 473
2801 2777 24 0.19916129112243652 0.00508427619934082 0.20424556732177734 474
2807 2783 24 0.19177746772766113 0.0017066001892089844 0.19348406791687012 475
2813 2789 24 0.1937236785888672 0.0017321109771728516 0.19545578956604004 476
2819 2794 25 0.18994665145874023 0.0015985965728759766 0.1915452480316162 477
2825 2800 25 0.18991422653198242 0.0016503334045410156 0.19156455993652344 478
2831 2807 24 0.1905684471130371 0.001573801040649414 0.19214224815368652 479
2836 2812 24 0.18833470344543457 0.0015881061553955078 0.18992280960083008 480
2842 2819 23 0.19111156463623047 0.0017409324645996094 0.19285249710083008 481
2848 2824 24 0.19164776802062988 0.0015935897827148438 0.19324135780334473 482
2854 2830 24 0.19152092933654785 0.0016641616821289062 0.19318509101867676 483
2860 2836 24 0.18959856033325195 0.0016067028045654297 0.19120526313781738 484
2866 2842 24 0.18312430381774902 0.0015807151794433594 0.18470501899719238 485
2871 2848 23 0.18101143836975098 0.009286165237426758 0.19029760360717773 486
2877 2854 23 0.17992353439331055 0.001613616943359375 0.18153715133666992 487
2883 2859 24 0.19305086135864258 0.0016956329345703125 0.1947464942932129 488
2889 2865 24 0.19092416763305664 0.0016026496887207031 0.19252681732177734 489
2895 2871 23 0.19374871253967285 0.0016417503356933594 0.1953904628753662 490
2900 2877 23 0.20261836051940918 0.0016105175018310547 0.20422887802124023 491
2907 2882 25 0.1945807933807373 0.0017409324645996094 0.19632172584533691 492
2913 2888 25 0.19470429420471191 0.0017056465148925781 0.1964099407196045 493
2919 2894 25 0.19441866874694824 0.0016868114471435547 0.1961054801940918 494
2925 2900 24 0.19392085075378418 0.0016980171203613281 0.1956188678741455 495
2930 2906 24 0.2027277946472168 0.001644134521484375 0.20437192916870117 496
2937 2912 25 0.19471049308776855 0.001668691635131836 0.1963791847229004 497
2943 2918 25 0.194732666015625 0.0016407966613769531 0.19637346267700195 498
2949 2924 25 0.1934962272644043 0.0016651153564453125 0.1951613426208496 499
2955 2930 25 0.19594287872314453 0.011457204818725586 0.20740008354187012 500
2961 2936 25 0.1914081573486328 0.001596212387084961 0.19300436973571777 501
2967 2942 25 0.19575715065002441 0.0015752315521240234 0.19733238220214844 502
2973 2948 25 0.19580650329589844 0.0015895366668701172 0.19739603996276855 503
2979 2954 25 0.19568204879760742 0.0016167163848876953 0.19729876518249512 504
2985 2960 25 0.19765996932983398 0.006291627883911133 0.20395159721374512 505
2991 2966 25 0.1928107738494873 0.0016012191772460938 0.1944119930267334 506
2997 2972 25 0.19401001930236816 0.0016341209411621094 0.19564414024353027 507
3003 2978 25 0.19322943687438965 0.0016245841979980469 0.1948540210723877 508
3009 2984 25 0.1933143138885498 0.0017001628875732422 0.19501447677612305 509
3015 2991 24 0.1965956687927246 0.0037000179290771484 0.20029568672180176 510
3021 2996 25 0.19568443298339844 0.0017664432525634766 0.19745087623596191 511
3027 3002 25 0.19251084327697754 0.0016350746154785156 0.19414591789245605 512
3033 3008 25 0.19308781623840332 0.0016689300537109375 0.19475674629211426 513
3039 3014 25 0.1935429573059082 0.0016024112701416016 0.1951453685760498 514
3045 3020 25 0.19069647789001465 0.0014774799346923828 0.19217395782470703 515
3051 3026 25 0.201416015625 0.010772705078125 0.212188720703125 516
3057 3032 25 0.19173836708068848 0.001634359359741211 0.1933727264404297 517
3063 3038 25 0.1922593116760254 0.0016636848449707031 0.1939229965209961 518
3069 3044 25 0.19357085227966309 0.0016126632690429688 0.19518351554870605 519
3075 3050 25 0.19443774223327637 0.0015897750854492188 0.19602751731872559 520
3081 3057 24 0.20109891891479492 0.0016641616821289062 0.20276308059692383 521
3087 3063 24 0.19536590576171875 0.0016219615936279297 0.19698786735534668 522
3093 3069 24 0.1934833526611328 0.0016946792602539062 0.19517803192138672 523
3099 3074 25 0.19469332695007324 0.0016646385192871094 0.19635796546936035 524
3105 3080 25 0.19403314590454102 0.001781463623046875 0.1958146095275879 525
3111 3087 24 0.19583392143249512 0.0045015811920166016 0.20033550262451172 526
3117 3093 24 0.19456887245178223 0.0015904903411865234 0.19615936279296875 527
3123 3098 25 0.1960163116455078 0.0016355514526367188 0.19765186309814453 528
3129 3105 24 0.1936807632446289 0.0016846656799316406 0.19536542892456055 529
3135 3111 24 0.18871808052062988 0.0017156600952148438 0.19043374061584473 530
3141 3117 24 0.1832118034362793 0.0016252994537353516 0.18483710289001465 531
3146 3123 23 0.1791224479675293 0.002318859100341797 0.1814413070678711 532
3152 3129 23 0.18873929977416992 0.0015957355499267578 0.19033503532409668 533
3158 3135 23 0.19980168342590332 0.0019202232360839844 0.2017219066619873 534
3164 3140 24 0.20435428619384766 0.0015153884887695312 0.2058696746826172 535
3171 3146 24 0.20265650749206543 0.0016410350799560547 0.20429754257202148 536
3177 3152 25 0.19875597953796387 0.0016033649444580078 0.20035934448242188 537
3183 3157 26 0.1970977783203125 0.0016720294952392578 0.19876980781555176 538
3189 3164 25 0.19589805603027344 0.0016527175903320312 0.19755077362060547 539
3195 3170 25 0.1921532154083252 0.001650094985961914 0.1938033103942871 540
3201 3176 25 0.19348931312561035 0.0017080307006835938 0.19519734382629395 541
3207 3182 25 0.1941065788269043 0.0015811920166015625 0.19568777084350586 542
3213 3188 25 0.19428086280822754 0.0015306472778320312 0.19581151008605957 543
3219 3195 24 0.19765663146972656 0.0019001960754394531 0.19955682754516602 544
3225 3201 24 0.20026588439941406 0.0017077922821044922 0.20197367668151855 545
3231 3207 24 0.1945326328277588 0.0016283988952636719 0.19616103172302246 546
3237 3212 25 0.1943678855895996 0.0016961097717285156 0.19606399536132812 547
3243 3218 25 0.19495749473571777 0.0016951560974121094 0.19665265083312988 548
3249 3224 25 0.19578099250793457 0.002503633499145508 0.19828462600708008 549
3255 3231 24 0.19634008407592773 0.0015170574188232422 0.19785714149475098 550
3261 3237 24 0.19356107711791992 0.0017101764678955078 0.19527125358581543 551
3267 3243 24 0.19324564933776855 0.001653432846069336 0.1948990821838379 552
3273 3249 24 0.19467997550964355 0.0017092227935791016 0.19638919830322266 553
3279 3255 24 0.19432592391967773 0.0015761852264404297 0.19590210914611816 554
3285 3261 24 0.19766640663146973 0.0016832351684570312 0.19934964179992676 555
3291 3267 24 0.20099353790283203 0.006196260452270508 0.20718979835510254 556
3297 3273 24 0.19353032112121582 0.0017228126525878906 0.1952531337738037 557
3303 3279 24 0.19534707069396973 0.0016150474548339844 0.1969621181488037 558
3309 3284 25 0.19489574432373047 0.0016026496887207031 0.19649839401245117 559
3315 3291 24 0.19333100318908691 0.0016269683837890625 0.19495797157287598 560
3321 3297 24 0.19254636764526367 0.001855611801147461 0.19440197944641113 561
3327 3303 24 0.2023334503173828 0.0016238689422607422 0.20395731925964355 562
3333 3309 24 0.1939830780029297 0.0015838146209716797 0.19556689262390137 563
3339 3315 24 0.19317150115966797 0.0016243457794189453 0.19479584693908691 564
3345 3321 24 0.19377660751342773 0.0016674995422363281 0.19544410705566406 565
3351 3327 24 0.19416499137878418 0.0016167163848876953 0.19578170776367188 566
3357 3333 24 0.19456267356872559 0.0025987625122070312 0.19716143608093262 567
3363 3339 24 0.20435667037963867 0.001596689224243164 0.20595335960388184 568
3369 3345 24 0.19379687309265137 0.0017371177673339844 0.19553399085998535 569
3375 3351 24 0.19620132446289062 0.0016241073608398438 0.19782543182373047 570
3381 3357 24 0.19490528106689453 0.0015931129455566406 0.19649839401245117 571
3387 3362 25 0.1973879337310791 0.0018160343170166016 0.1992039680480957 572
3393 3369 24 0.19730114936828613 0.0016164779663085938 0.19891762733459473 573
3399 3375 24 0.19600176811218262 0.00171661376953125 0.19771838188171387 574
3405 3381 24 0.1947793960571289 0.001712799072265625 0.19649219512939453 575
3411 3387 24 0.19511747360229492 0.001619577407836914 0.19673705101013184 576
3417 3393 24 0.1966547966003418 0.0016293525695800781 0.19828414916992188 577
3423 3399 24 0.19848418235778809 0.0016293525695800781 0.20011353492736816 578
3429 3405 24 0.19557619094848633 0.001554727554321289 0.19713091850280762 579
3435 3411 24 0.19559645652770996 0.0016582012176513672 0.19725465774536133 580
3441 3417 24 0.19461989402770996 0.0016148090362548828 0.19623470306396484 581
3447 3423 24 0.19338178634643555 0.0016031265258789062 0.19498491287231445 582
3453 3429 24 0.18759989738464355 0.0020265579223632812 0.18962645530700684 583
3459 3435 24 0.1840198040008545 0.001661062240600586 0.18568086624145508 584
3465 3441 24 0.21048498153686523 0.011594057083129883 0.22207903861999512 585
3472 3447 24 0.20625090599060059 0.0015780925750732422 0.20782899856567383 586
3478 3453 25 0.20300078392028809 0.0022749900817871094 0.2052757740020752 587
3484 3459 25 0.19150471687316895 0.0016808509826660156 0.19318556785583496 588
3490 3464 26 0.19066953659057617 0.0015726089477539062 0.19224214553833008 589
3496 3471 25 0.19581055641174316 0.0038352012634277344 0.1996457576751709 590
3502 3477 25 0.19504141807556152 0.006504058837890625 0.20154547691345215 591
3508 3483 25 0.19246625900268555 0.0077593326568603516 0.2002255916595459 592
3514 3490 24 0.18824553489685059 0.009250402450561523 0.1974959373474121 593
3520 3495 25 0.19825077056884766 0.0015151500701904297 0.19976592063903809 594
3526 3502 24 0.1974191665649414 0.002680063247680664 0.20009922981262207 595
3532 3508 24 0.19287109375 0.006908416748046875 0.19977951049804688 596
3539 3514 25 0.18600726127624512 0.010779857635498047 0.19678711891174316 597
3545 3520 25 0.18783235549926758 0.0032320022583007812 0.19106435775756836 598
3550 3526 24 0.19348907470703125 0.0015437602996826172 0.19503283500671387 599
3556 3532 24 0.18315696716308594 0.0016295909881591797 0.18478655815124512 600
3562 3538 24 0.1867384910583496 0.0015304088592529297 0.18826889991760254 601
3568 3544 24 0.19213438034057617 0.0015785694122314453 0.19371294975280762 602
3574 3550 24 0.19496679306030273 0.0018286705017089844 0.19679546356201172 603
3580 3556 24 0.1952664852142334 0.0017027854919433594 0.19696927070617676 604
3586 3562 24 0.19452118873596191 0.0015869140625 0.19610810279846191 605
3592 3567 25 0.19577884674072266 0.0016493797302246094 0.19742822647094727 606
3598 3573 25 0.193023681640625 0.0015647411346435547 0.19458842277526855 607
3604 3579 25 0.19609951972961426 0.0016326904296875 0.19773221015930176 608
3610 3585 25 0.19408226013183594 0.0016193389892578125 0.19570159912109375 609
3616 3591 25 0.20322799682617188 0.0018916130065917969 0.20511960983276367 610
3622 3598 24 0.19046831130981445 0.0015869140625 0.19205522537231445 611
3628 3603 25 0.19206619262695312 0.0017385482788085938 0.19380474090576172 612
3634 3609 25 0.19218015670776367 0.0016107559204101562 0.19379091262817383 613
3640 3615 25 0.19033360481262207 0.001626729965209961 0.19196033477783203 614
3646 3622 24 0.1983349323272705 0.0015683174133300781 0.19990324974060059 615
3652 3628 24 0.19074726104736328 0.0015132427215576172 0.1922605037689209 616
3658 3634 24 0.1944425106048584 0.0015482902526855469 0.19599080085754395 617
3664 3639 25 0.19630861282348633 0.005694866180419922 0.20200347900390625 618
3670 3645 25 0.18616223335266113 0.0015106201171875 0.18767285346984863 619
3676 3651 25 0.18667173385620117 0.0016493797302246094 0.18832111358642578 620
3681 3657 24 0.18247246742248535 0.0016160011291503906 0.18408846855163574 621
3687 3663 24 0.18378639221191406 0.0015571117401123047 0.18534350395202637 622
3693 3669 24 0.18582987785339355 0.0015566349029541016 0.18738651275634766 623
3698 3675 23 0.18597030639648438 0.0015957355499267578 0.18756604194641113 624
3704 3681 23 0.18361282348632812 0.0014872550964355469 0.18510007858276367 625
3709 3686 23 0.1809537410736084 0.00153350830078125 0.18248724937438965 626
3715 3692 23 0.18272781372070312 0.0015101432800292969 0.18423795700073242 627
3721 3698 23 0.18530511856079102 0.0015532970428466797 0.1868584156036377 628
3726 3704 22 0.1849346160888672 0.0015256404876708984 0.18646025657653809 629
3732 3709 23 0.18411707878112793 0.001476287841796875 0.1855933666229248 630
3738 3715 23 0.18680882453918457 0.0014853477478027344 0.1882941722869873 631
3744 3720 23 0.18410825729370117 0.0015206336975097656 0.18562889099121094 632
3749 3726 23 0.18428421020507812 0.0014941692352294922 0.18577837944030762 633
3755 3732 23 0.18044686317443848 0.0014719963073730469 0.18191885948181152 634
3761 3737 23 0.17752528190612793 0.011630535125732422 0.18915581703186035 635
3766 3743 23 0.19088983535766602 0.001638174057006836 0.19252800941467285 636
3772 3749 23 0.17885231971740723 0.0015537738800048828 0.1804060935974121 637
3778 3754 24 0.18140339851379395 0.0016021728515625 0.18300557136535645 638
3784 3760 23 0.17928552627563477 0.0016391277313232422 0.180924654006958 639
3789 3766 23 0.17882132530212402 0.0016033649444580078 0.18042469024658203 640
3795 3772 23 0.18329620361328125 0.0015451908111572266 0.18484139442443848 641
3800 3777 23 0.18363308906555176 0.0015902519226074219 0.18522334098815918 642
3806 3783 23 0.18274712562561035 0.001491546630859375 0.18423867225646973 643
3811 3789 22 0.18426012992858887 0.006033182144165039 0.1902933120727539 644
3817 3794 23 0.18130207061767578 0.0021636486053466797 0.18346571922302246 645
3823 3800 23 0.19333505630493164 0.0015571117401123047 0.19489216804504395 646
3829 3805 24 0.19711685180664062 0.001528024673461914 0.19864487648010254 647
3835 3811 24 0.18525362014770508 0.0015151500701904297 0.1867687702178955 648
3841 3817 24 0.18440818786621094 0.001546621322631836 0.18595480918884277 649
3847 3823 24 0.18344688415527344 0.0015561580657958984 0.18500304222106934 650
3852 3829 23 0.17890000343322754 0.001462697982788086 0.18036270141601562 651
3858 3835 23 0.1847543716430664 0.0014960765838623047 0.1862504482269287 652
3864 3841 23 0.18540453910827637 0.001642465591430664 0.18704700469970703 653
3869 3846 23 0.19359827041625977 0.007907867431640625 0.2015061378479004 654
3876 3852 24 0.18131279945373535 0.0015289783477783203 0.18284177780151367 655
3881 3857 24 0.17591333389282227 0.002307415008544922 0.1782207489013672 656
3887 3863 24 0.18027639389038086 0.0016274452209472656 0.18190383911132812 657
3892 3869 23 0.1846766471862793 0.0017290115356445312 0.18640565872192383 658
3898 3875 23 0.1879889965057373 0.0015745162963867188 0.18956351280212402 659
3904 3881 23 0.18640756607055664 0.0015518665313720703 0.1879594326019287 660
3910 3886 23 0.1860637664794922 0.001627206802368164 0.18769097328186035 661
3915 3892 23 0.1875169277191162 0.0016968250274658203 0.18921375274658203 662
3921 3898 23 0.18772220611572266 0.0016827583312988281 0.18940496444702148 663
3927 3903 24 0.18549895286560059 0.0016720294952392578 0.18717098236083984 664
3932 3909 23 0.1842348575592041 0.0016088485717773438 0.18584370613098145 665
3938 3915 23 0.18223834037780762 0.001542806625366211 0.18378114700317383 666
3944 3921 23 0.18803882598876953 0.001596689224243164 0.1896355152130127 667
3949 3926 23 0.19215893745422363 0.0016295909881591797 0.1937885284423828 668
3955 3932 23 0.18571043014526367 0.001676797866821289 0.18738722801208496 669
3961 3938 23 0.1911616325378418 0.0015611648559570312 0.19272279739379883 670
3967 3943 24 0.1812272071838379 0.0020902156829833984 0.1833174228668213 671
3973 3949 24 0.1886143684387207 0.0015456676483154297 0.19016003608703613 672
3978 3955 23 0.18696951866149902 0.0016336441040039062 0.18860316276550293 673
3984 3961 23 0.18525362014770508 0.0016422271728515625 0.18689584732055664 674
3990 3966 24 0.19133353233337402 0.0024442672729492188 0.19377779960632324 675
3996 3972 24 0.1988987922668457 0.0014777183532714844 0.2003765106201172 676
4002 3978 24 0.18979382514953613 0.0016775131225585938 0.19147133827209473 677
4008 3984 24 0.19182968139648438 0.005591869354248047 0.19742155075073242 678
4014 3989 25 0.19103527069091797 0.0016198158264160156 0.19265508651733398 679
4020 3995 24 0.19157934188842773 0.0015730857849121094 0.19315242767333984 680
4025 4001 24 0.19085383415222168 0.0015599727630615234 0.1924138069152832 681
4031 4007 24 0.19781732559204102 0.0016057491302490234 0.19942307472229004 682
4037 4013 24 0.1903228759765625 0.0016281604766845703 0.19195103645324707 683
4043 4019 24 0.1907970905303955 0.0015423297882080078 0.19233942031860352 684
4049 4025 24 0.18930339813232422 0.001603841781616211 0.19090723991394043 685
4055 4031 24 0.19073152542114258 0.0016748905181884766 0.19240641593933105 686
4061 4037 24 0.2000584602355957 0.010361433029174805 0.2104198932647705 687
4067 4043 24 0.18569540977478027 0.0019342899322509766 0.18762969970703125 688
4073 4049 24 0.19251537322998047 0.0016512870788574219 0.1941666603088379 689
4079 4054 25 0.19428420066833496 0.001542806625366211 0.19582700729370117 690
4085 4060 25 0.19123625755310059 0.0016546249389648438 0.19289088249206543 691
4091 4066 24 0.191558837890625 0.0014889240264892578 0.19304776191711426 692
4096 4072 24 0.20161700248718262 0.004607200622558594 0.2062242031097412 693
4103 4078 25 0.19324707984924316 0.0017025470733642578 0.19494962692260742 694
4109 4084 25 0.1929624080657959 0.0016205310821533203 0.19458293914794922 695
4115 4090 24 0.1917579174041748 0.0016269683837890625 0.19338488578796387 696
4120 4096 24 0.18604540824890137 0.0016777515411376953 0.18772315979003906 697
4126 4102 24 0.18086528778076172 0.001600027084350586 0.1824653148651123 698
4132 4108 24 0.1782679557800293 0.0015349388122558594 0.17980289459228516 699
4137 4114 23 0.18000340461730957 0.0025184154510498047 0.18252182006835938 700
4143 4120 23 0.19010138511657715 0.0016760826110839844 0.19177746772766113 701
4149 4126 23 0.20226097106933594 0.0016322135925292969 0.20389318466186523 702
4155 4131 24 0.19379448890686035 0.0015115737915039062 0.19530606269836426 703
4161 4137 24 0.1961839199066162 0.0016734600067138672 0.19785737991333008 704
4167 4142 25 0.20167875289916992 0.0030202865600585938 0.20469903945922852 705
4173 4148 25 0.19308161735534668 0.001657247543334961 0.19473886489868164 706
4179 4154 25 0.19383525848388672 0.0016126632690429688 0.1954479217529297 707
4185 4160 25 0.1944589614868164 0.0016455650329589844 0.1961045265197754 708
4191 4166 25 0.1948857307434082 0.0016391277313232422 0.19652485847473145 709
4197 4172 25 0.19557929039001465 0.001850128173828125 0.19742941856384277 710
4203 4178 25 0.20354652404785156 0.006719350814819336 0.2102658748626709 711
4209 4184 25 0.19487547874450684 0.0015873908996582031 0.19646286964416504 712
4215 4190 25 0.19410061836242676 0.0016503334045410156 0.19575095176696777 713
4221 4196 25 0.19472765922546387 0.0016491413116455078 0.19637680053710938 714
4227 4202 25 0.19475793838500977 0.0018279552459716797 0.19658589363098145 715
4233 4209 24 0.20234441757202148 0.002318143844604492 0.20466256141662598 716
4239 4215 24 0.1931295394897461 0.001680135726928711 0.1948096752166748 717
4245 4221 24 0.1937849521636963 0.0016205310821533203 0.1954054832458496 718
4251 4227 24 0.19420433044433594 0.0016634464263916016 0.19586777687072754 719
4257 4232 25 0.19361424446105957 0.0016627311706542969 0.19527697563171387 720
4263 4239 24 0.19256067276000977 0.0015783309936523438 0.1941390037536621 721
4269 4245 24 0.19008755683898926 0.0015938282012939453 0.1916813850402832 722
4275 4251 24 0.19388628005981445 0.0018074512481689453 0.1956937313079834 723
4281 4256 25 0.19789481163024902 0.0015895366668701172 0.19948434829711914 724
4287 4263 24 0.19045591354370117 0.012623786926269531 0.2030797004699707 725
4293 4268 25 0.1903088092803955 0.0016901493072509766 0.19199895858764648 726
4299 4274 25 0.19575953483581543 0.0016355514526367188 0.19739508628845215 727
4305 4280 25 0.19462013244628906 0.0016283988952636719 0.19624853134155273 728
4311 4286 25 0.19594883918762207 0.001718759536743164 0.19766759872436523 729
4317 4293 24 0.19692015647888184 0.0016973018646240234 0.19861745834350586 730
4323 4298 25 0.19490385055541992 0.0063555240631103516 0.20125937461853027 731
4329 4304 25 0.19731640815734863 0.0016536712646484375 0.19897007942199707 732
4335 4310 25 0.19557738304138184 0.0016491413116455078 0.19722652435302734 733
4341 4316 25 0.19578194618225098 0.0016231536865234375 0.19740509986877441 734
4347 4323 24 0.1944413185119629 0.0015361309051513672 0.19597744941711426 735
4353 4329 24 0.19498586654663086 0.001960277557373047 0.1969461441040039 736
4359 4335 24 0.2014772891998291 0.0028846263885498047 0.2043619155883789 737
4365 4341 24 0.19264626502990723 0.002712726593017578 0.1953589916229248 738
4371 4347 24 0.19015789031982422 0.012618780136108398 0.20277667045593262 739
4378 4353 24 0.1820049285888672 0.010922670364379883 0.19292759895324707 740
4383 4359 24 0.18920230865478516 0.0015475749969482422 0.1907498836517334 741
4390 4365 24 0.19467997550964355 0.00940847396850586 0.20408844947814941 742
4396 4371 25 0.190690279006958 0.010078191757202148 0.20076847076416016 743
4402 4377 25 0.19383645057678223 0.006570577621459961 0.2004070281982422 744
4408 4383 25 0.19518804550170898 0.0015740394592285156 0.1967620849609375 745
4414 4389 25 0.19352126121520996 0.0016548633575439453 0.1951761245727539 746
4420 4395 25 0.19821453094482422 0.0015344619750976562 0.19974899291992188 747
4426 4401 25 0.19811105728149414 0.0016896724700927734 0.19980072975158691 748
4432 4407 25 0.20240998268127441 0.0015261173248291016 0.20393610000610352 749
4438 4413 25 0.19550108909606934 0.0014600753784179688 0.1969611644744873 750
4444 4420 24 0.18988919258117676 0.002562999725341797 0.19245219230651855 751
4450 4426 24 0.1862180233001709 0.0018990039825439453 0.18811702728271484 752
4456 4432 24 0.19142603874206543 0.001947164535522461 0.1933732032775879 753
4462 4438 24 0.1971268653869629 0.0015797615051269531 0.19870662689208984 754
4468 4444 24 0.1971900463104248 0.00147247314453125 0.19866251945495605 755
4474 4450 24 0.19698643684387207 0.0016503334045410156 0.19863677024841309 756
4481 4456 25 0.19454073905944824 0.0015838146209716797 0.19612455368041992 757
4487 4462 25 0.1961658000946045 0.0016982555389404297 0.19786405563354492 758
4493 4468 25 0.19428277015686035 0.0015690326690673828 0.19585180282592773 759
4499 4474 25 0.19420289993286133 0.0014848709106445312 0.19568777084350586 760
4505 4480 24 0.1963045597076416 0.0017676353454589844 0.19807219505310059 761
4511 4486 24 0.19885945320129395 0.0016620159149169922 0.20052146911621094 762
4517 4492 25 0.20134568214416504 0.009566783905029297 0.21091246604919434 763
4523 4498 25 0.19078564643859863 0.0015850067138671875 0.19237065315246582 764
4529 4504 25 0.19140124320983887 0.001641988754272461 0.19304323196411133 765
4535 4510 25 0.19106698036193848 0.0016026496887207031 0.19266963005065918 766
4541 4516 25 0.18863177299499512 0.001529693603515625 0.19016146659851074 767
4547 4523 24 0.19022274017333984 0.006585597991943359 0.1968083381652832 768
4553 4529 24 0.19914007186889648 0.007107257843017578 0.20624732971191406 769
4559 4534 25 0.19639158248901367 0.007234811782836914 0.20362639427185059 770
4565 4540 25 0.20427536964416504 0.0015201568603515625 0.2057955265045166 771
4571 4546 25 0.18735074996948242 0.0015447139739990234 0.18889546394348145 772
4577 4552 25 0.1872861385345459 0.0015947818756103516 0.18888092041015625 773
4583 4558 25 0.18679356575012207 0.0015227794647216797 0.18831634521484375 774
4589 4565 24 0.18701863288879395 0.0015339851379394531 0.1885526180267334 775
4594 4571 23 0.18813395500183105 0.0015802383422851562 0.1897141933441162 776
4600 4577 23 0.18777084350585938 0.0015759468078613281 0.1893467903137207 777
4606 4582 24 0.18541502952575684 0.001735687255859375 0.1871507167816162 778
4612 4588 24 0.18448734283447266 0.001718282699584961 0.18620562553405762 779
4617 4594 23 0.18475580215454102 0.0015096664428710938 0.1862654685974121 780
4623 4600 23 0.18550395965576172 0.0014934539794921875 0.1869974136352539 781
4629 4605 24 0.18475699424743652 0.0014865398406982422 0.18624353408813477 782
4635 4611 23 0.18488669395446777 0.0018420219421386719 0.18672871589660645 783
4640 4617 23 0.18285512924194336 0.001524209976196289 0.18437933921813965 784
4646 4623 23 0.17775297164916992 0.0017368793487548828 0.1794898509979248 785
4651 4628 23 0.18300271034240723 0.0015594959259033203 0.18456220626831055 786
4657 4634 23 0.18403077125549316 0.0014438629150390625 0.18547463417053223 787
4663 4640 23 0.18405675888061523 0.0016427040100097656 0.185699462890625 788
4668 4645 23 0.1919875144958496 0.0015785694122314453 0.19356608390808105 789
4674 4651 23 0.18354439735412598 0.0016601085662841797 0.18520450592041016 790
4680 4656 24 0.1835341453552246 0.0015408992767333984 0.185075044631958 791
4686 4662 24 0.18396234512329102 0.00156402587890625 0.18552637100219727 792
4691 4668 23 0.17920851707458496 0.0014934539794921875 0.18070197105407715 793
4697 4674 23 0.18111085891723633 0.001493215560913086 0.18260407447814941 794
4702 4680 22 0.18459820747375488 0.0015380382537841797 0.18613624572753906 795
4708 4685 23 0.18164849281311035 0.002338886260986328 0.18398737907409668 796
4714 4691 23 0.18009328842163086 0.007711648941040039 0.1878049373626709 797
4719 4696 23 0.18962383270263672 0.0015606880187988281 0.19118452072143555 798
4725 4702 23 0.18062376976013184 0.0015521049499511719 0.182175874710083 799
4731 4708 23 0.18489861488342285 0.0015263557434082031 0.18642497062683105 800
4737 4713 24 0.19012665748596191 0.0018758773803710938 0.192002534866333 801
4742 4719 23 0.19885468482971191 0.0019183158874511719 0.20077300071716309 802
4749 4725 24 0.1856393814086914 0.002396106719970703 0.1880354881286621 803
4755 4730 25 0.1877894401550293 0.0015497207641601562 0.18933916091918945 804
4760 4736 24 0.18738555908203125 0.001604318618774414 0.18898987770080566 805
4766 4742 24 0.1868438720703125 0.0015370845794677734 0.18838095664978027 806
4772 4748 24 0.1883256435394287 0.0015358924865722656 0.18986153602600098 807
4778 4754 24 0.18782854080200195 0.0018627643585205078 0.18969130516052246 808
4783 4760 23 0.19008779525756836 0.002705097198486328 0.1927928924560547 809
4789 4766 23 0.18315672874450684 0.0015478134155273438 0.18470454216003418 810
4795 4771 24 0.18207216262817383 0.0016274452209472656 0.1836996078491211 811
4801 4777 24 0.1873457431793213 0.0015447139739990234 0.1888904571533203 812
4806 4783 23 0.19024443626403809 0.0015838146209716797 0.19182825088500977 813
4812 4789 23 0.19005346298217773 0.00150299072265625 0.19155645370483398 814
4817 4795 22 0.18125343322753906 0.0015447139739990234 0.18279814720153809 815
4817 4800 17 0.17819499969482422 0.0014910697937011719 0.1796860694885254 816
4817 4806 11 0.17874956130981445 0.001497030258178711 0.18024659156799316 817
stop drivable detection
