load checkpoint from http path: https://dl.cv.ethz.ch/bdd100k/drivable/models/dnl_r50-d8_512x1024_40k_drivable_bdd100k.pth
timely function starting...
2 1 0 0.20359134674072266 0.009144306182861328 0.21273565292358398 1
91 90 1 0.18419575691223145 0.001560211181640625 0.18575596809387207 2
96 91 5 0.17721247673034668 0.002641439437866211 0.1798539161682129 3
102 96 6 0.16687774658203125 0.0016295909881591797 0.16850733757019043 4
107 101 6 0.16705703735351562 0.012598037719726562 0.1796550750732422 5
113 107 6 0.16788697242736816 0.0013947486877441406 0.1692817211151123 6
118 112 6 0.16965079307556152 0.004329204559326172 0.1739799976348877 7
124 118 6 0.16856145858764648 0.0015537738800048828 0.17011523246765137 8
129 123 6 0.16809940338134766 0.001806497573852539 0.1699059009552002 9
134 128 6 0.16825485229492188 0.00709223747253418 0.17534708976745605 10
140 134 6 0.1710214614868164 0.008273839950561523 0.17929530143737793 11
146 145 1 0.17089080810546875 0.011989831924438477 0.18288064002990723 12
151 146 5 0.16742467880249023 0.001722097396850586 0.16914677619934082 13
157 151 6 0.17206788063049316 0.0079193115234375 0.17998719215393066 14
162 156 6 0.17504572868347168 0.0015687942504882812 0.17661452293395996 15
168 162 6 0.17012405395507812 0.0017664432525634766 0.1718904972076416 16
173 167 6 0.18088102340698242 0.013199090957641602 0.19408011436462402 17
180 179 1 0.16852617263793945 0.0015730857849121094 0.17009925842285156 18
185 180 5 0.16878628730773926 0.0015904903411865234 0.17037677764892578 19
191 184 6 0.16820859909057617 0.0015439987182617188 0.1697525978088379 20
196 190 6 0.1676921844482422 0.005131244659423828 0.17282342910766602 21
201 195 6 0.16716623306274414 0.0015108585357666016 0.16867709159851074 22
207 201 6 0.1689145565032959 0.011186361312866211 0.1801009178161621 23
212 206 6 0.1643543243408203 0.0017464160919189453 0.16610074043273926 24
217 212 5 0.17032098770141602 0.0016398429870605469 0.17196083068847656 25
223 217 6 0.17616796493530273 0.0036101341247558594 0.1797780990600586 26
229 223 6 0.1741640567779541 0.0052144527435302734 0.17937850952148438 27
234 228 6 0.1684269905090332 0.007882118225097656 0.17630910873413086 28
240 234 6 0.16881799697875977 0.0036742687225341797 0.17249226570129395 29
245 239 6 0.17189669609069824 0.009574413299560547 0.1814711093902588 30
251 245 6 0.17766833305358887 0.0014994144439697266 0.1791677474975586 31
257 251 6 0.16944599151611328 0.0014874935150146484 0.17093348503112793 32
262 256 6 0.16861605644226074 0.0014562606811523438 0.17007231712341309 33
268 262 6 0.17002177238464355 0.0014836788177490234 0.17150545120239258 34
273 267 6 0.16876792907714844 0.0015718936920166016 0.17033982276916504 35
278 272 6 0.16935276985168457 0.0026407241821289062 0.17199349403381348 36
284 278 6 0.17945313453674316 0.0016231536865234375 0.1810762882232666 37
290 283 6 0.17681336402893066 0.0015633106231689453 0.1783766746520996 38
295 289 6 0.16899490356445312 0.0015439987182617188 0.17053890228271484 39
301 295 5 0.16785621643066406 0.0015583038330078125 0.16941452026367188 40
306 300 6 0.16864395141601562 0.0016319751739501953 0.17027592658996582 41
311 305 6 0.16733264923095703 0.0015799999237060547 0.16891264915466309 42
316 310 6 0.168593168258667 0.0015840530395507812 0.17017722129821777 43
322 316 6 0.1701679229736328 0.0015056133270263672 0.17167353630065918 44
327 321 6 0.1698758602142334 0.006124973297119141 0.17600083351135254 45
333 327 6 0.16806626319885254 0.003701448440551758 0.1717677116394043 46
338 332 6 0.17470908164978027 0.0017676353454589844 0.17647671699523926 47
344 338 6 0.16934633255004883 0.0015268325805664062 0.17087316513061523 48
349 343 6 0.16866064071655273 0.0015459060668945312 0.17020654678344727 49
355 349 6 0.16877055168151855 0.012188434600830078 0.18095898628234863 50
360 354 6 0.16881251335144043 0.0015308856964111328 0.17034339904785156 51
366 360 6 0.17148780822753906 0.012896299362182617 0.18438410758972168 52
372 366 6 0.168593168258667 0.011255741119384766 0.17984890937805176 53
377 371 6 0.16875815391540527 0.0018756389617919922 0.17063379287719727 54
383 377 6 0.16992998123168945 0.0016052722930908203 0.17153525352478027 55
388 382 6 0.16764569282531738 0.003643512725830078 0.17128920555114746 56
394 388 6 0.16932177543640137 0.009685993194580078 0.17900776863098145 57
400 394 6 0.16898202896118164 0.0015752315521240234 0.17055726051330566 58
405 399 6 0.17101454734802246 0.004791975021362305 0.17580652236938477 59
411 405 6 0.1690523624420166 0.01269841194152832 0.18175077438354492 60
417 411 6 0.1797935962677002 0.00630950927734375 0.18610310554504395 61
423 417 6 0.17177128791809082 0.0015633106231689453 0.17333459854125977 62
428 422 6 0.1705458164215088 0.0015399456024169922 0.17208576202392578 63
434 428 6 0.16944265365600586 0.0016450881958007812 0.17108774185180664 64
439 433 6 0.16945648193359375 0.0016901493072509766 0.17114663124084473 65
445 439 6 0.16850829124450684 0.00621342658996582 0.17472171783447266 66
450 444 6 0.17018342018127441 0.003155231475830078 0.1733386516571045 67
455 449 6 0.16314148902893066 0.006416797637939453 0.16955828666687012 68
461 455 6 0.17125463485717773 0.007955312728881836 0.17920994758605957 69
466 460 6 0.16891098022460938 0.011352300643920898 0.18026328086853027 70
472 466 6 0.1693570613861084 0.012620210647583008 0.1819772720336914 71
478 477 1 0.1724402904510498 0.0015406608581542969 0.1739809513092041 72
484 478 5 0.17415523529052734 0.0014641284942626953 0.17561936378479004 73
489 483 6 0.17273402214050293 0.0015597343444824219 0.17429375648498535 74
495 489 6 0.16916704177856445 0.0015308856964111328 0.17069792747497559 75
500 494 6 0.16840004920959473 0.0014715194702148438 0.16987156867980957 76
505 499 6 0.1702098846435547 0.0016033649444580078 0.1718132495880127 77
511 505 6 0.17020726203918457 0.001558542251586914 0.17176580429077148 78
516 510 6 0.17012619972229004 0.001477956771850586 0.17160415649414062 79
522 516 6 0.16951656341552734 0.0015053749084472656 0.1710219383239746 80
527 521 6 0.1699845790863037 0.00994873046875 0.1799333095550537 81
533 532 1 0.17006182670593262 0.0014955997467041016 0.17155742645263672 82
538 533 5 0.17838764190673828 0.001546621322631836 0.17993426322937012 83
544 543 1 0.17270588874816895 0.001556396484375 0.17426228523254395 84
549 544 5 0.1707470417022705 0.0015368461608886719 0.17228388786315918 85
555 549 6 0.16995882987976074 0.0016329288482666016 0.17159175872802734 86
560 554 6 0.16857290267944336 0.004804849624633789 0.17337775230407715 87
566 559 6 0.1704554557800293 0.0014569759368896484 0.17191243171691895 88
571 565 6 0.1711881160736084 0.005384922027587891 0.1765730381011963 89
576 570 6 0.16966605186462402 0.0014996528625488281 0.17116570472717285 90
582 576 6 0.17242121696472168 0.007982254028320312 0.180403470993042 91
587 581 6 0.16980481147766113 0.005513191223144531 0.17531800270080566 92
593 587 6 0.16930627822875977 0.012579679489135742 0.1818859577178955 93
599 598 1 0.16979193687438965 0.0015785694122314453 0.1713705062866211 94
604 599 5 0.17377734184265137 0.0015225410461425781 0.17529988288879395 95
610 604 6 0.17026662826538086 0.0015642642974853516 0.1718308925628662 96
615 609 6 0.1697688102722168 0.0015742778778076172 0.17134308815002441 97
621 615 6 0.16911935806274414 0.0015811920166015625 0.1707005500793457 98
626 620 6 0.17098522186279297 0.0017423629760742188 0.1727275848388672 99
631 625 6 0.16971182823181152 0.0015697479248046875 0.1712815761566162 100
637 631 6 0.17116403579711914 0.01086115837097168 0.18202519416809082 101
642 636 6 0.16933655738830566 0.011369943618774414 0.18070650100708008 102
648 642 6 0.17063474655151367 0.0016376972198486328 0.1722724437713623 103
654 647 6 0.17483210563659668 0.0016751289367675781 0.17650723457336426 104
659 653 6 0.17442965507507324 0.0016398429870605469 0.1760694980621338 105
665 659 6 0.17060256004333496 0.0016832351684570312 0.172285795211792 106
670 664 6 0.17019104957580566 0.0015931129455566406 0.1717841625213623 107
675 670 5 0.17496180534362793 0.0015201568603515625 0.1764819622039795 108
681 675 6 0.17154741287231445 0.0015063285827636719 0.17305374145507812 109
686 680 6 0.16969680786132812 0.0016798973083496094 0.17137670516967773 110
692 686 6 0.17052364349365234 0.0015835762023925781 0.17210721969604492 111
697 691 6 0.1696181297302246 0.0018985271453857422 0.17151665687561035 112
702 696 6 0.1721031665802002 0.010488748550415039 0.18259191513061523 113
708 702 6 0.17092609405517578 0.0016906261444091797 0.17261672019958496 114
714 708 6 0.17122554779052734 0.0015251636505126953 0.17275071144104004 115
720 713 6 0.1710190773010254 0.0015721321105957031 0.1725912094116211 116
725 719 6 0.17095661163330078 0.001644134521484375 0.17260074615478516 117
730 724 6 0.1702566146850586 0.0016164779663085938 0.1718730926513672 118
736 730 6 0.1711592674255371 0.0017173290252685547 0.17287659645080566 119
741 735 6 0.17112398147583008 0.0016024112701416016 0.17272639274597168 120
747 741 6 0.17272353172302246 0.0015554428100585938 0.17427897453308105 121
752 746 6 0.16999363899230957 0.0017948150634765625 0.17178845405578613 122
758 752 6 0.17011165618896484 0.003124713897705078 0.17323637008666992 123
763 757 6 0.1797933578491211 0.001547098159790039 0.18134045600891113 124
769 763 6 0.17392635345458984 0.001589059829711914 0.17551541328430176 125
774 768 6 0.24549603462219238 0.0019273757934570312 0.24742341041564941 126
782 781 1 0.1715226173400879 0.001771688461303711 0.1732943058013916 127
788 782 6 0.17501544952392578 0.0016875267028808594 0.17670297622680664 128
793 787 6 0.1715397834777832 0.0015418529510498047 0.173081636428833 129
799 793 6 0.17201519012451172 0.0015587806701660156 0.17357397079467773 130
804 798 6 0.1705617904663086 0.0014934539794921875 0.17205524444580078 131
809 803 6 0.17260289192199707 0.0015354156494140625 0.17413830757141113 132
815 809 6 0.17149925231933594 0.0015468597412109375 0.17304611206054688 133
820 814 6 0.17157387733459473 0.00379180908203125 0.17536568641662598 134
826 820 6 0.1705327033996582 0.01173853874206543 0.18227124214172363 135
832 825 6 0.17255306243896484 0.0031037330627441406 0.17565679550170898 136
837 831 6 0.17067694664001465 0.005513668060302734 0.17619061470031738 137
843 837 6 0.17599105834960938 0.0016334056854248047 0.17762446403503418 138
848 842 6 0.17071819305419922 0.0015192031860351562 0.17223739624023438 139
854 848 6 0.1722104549407959 0.0015485286712646484 0.17375898361206055 140
859 853 6 0.1711127758026123 0.0015556812286376953 0.17266845703125 141
865 859 5 0.17123723030090332 0.0015072822570800781 0.1727445125579834 142
870 864 6 0.17183613777160645 0.0015447139739990234 0.17338085174560547 143
875 869 6 0.1713573932647705 0.0015065670013427734 0.17286396026611328 144
881 875 6 0.17150354385375977 0.0016357898712158203 0.17313933372497559 145
886 880 6 0.17128443717956543 0.0016145706176757812 0.1728990077972412 146
892 886 6 0.17796921730041504 0.0018153190612792969 0.17978453636169434 147
898 892 6 0.17362546920776367 0.0015749931335449219 0.1752004623413086 148
903 897 6 0.17471933364868164 0.0015256404876708984 0.17624497413635254 149
909 903 6 0.1717221736907959 0.0016520023345947266 0.17337417602539062 150
914 908 6 0.17103981971740723 0.0015056133270263672 0.1725454330444336 151
920 914 6 0.1718134880065918 0.0015883445739746094 0.1734018325805664 152
925 919 6 0.17150425910949707 0.0016162395477294922 0.17312049865722656 153
930 924 6 0.1714763641357422 0.0015530586242675781 0.17302942276000977 154
936 930 6 0.17217397689819336 0.001544952392578125 0.17371892929077148 155
941 935 6 0.17211699485778809 0.008976936340332031 0.18109393119812012 156
947 941 6 0.1713242530822754 0.001665353775024414 0.1729896068572998 157
953 947 6 0.17281031608581543 0.0017189979553222656 0.1745293140411377 158
958 952 6 0.18830609321594238 0.0014691352844238281 0.1897752285003662 159
964 963 1 0.17902636528015137 0.0016264915466308594 0.18065285682678223 160
970 964 6 0.17265558242797852 0.0015840530395507812 0.1742396354675293 161
975 969 6 0.17153620719909668 0.0015807151794433594 0.17311692237854004 162
981 975 5 0.1732327938079834 0.0014846324920654297 0.17471742630004883 163
986 980 6 0.17184090614318848 0.0015501976013183594 0.17339110374450684 164
991 985 6 0.17411565780639648 0.0015730857849121094 0.1756887435913086 165
997 991 6 0.17161965370178223 0.0015630722045898438 0.17318272590637207 166
1002 996 6 0.17325973510742188 0.0015540122985839844 0.17481374740600586 167
1008 1002 6 0.171600341796875 0.0015799999237060547 0.17318034172058105 168
1013 1007 6 0.17320990562438965 0.001588582992553711 0.17479848861694336 169
1019 1013 6 0.17373442649841309 0.0016014575958251953 0.17533588409423828 170
1024 1018 6 0.17328262329101562 0.0017349720001220703 0.1750175952911377 171
1030 1024 6 0.17201805114746094 0.0017540454864501953 0.17377209663391113 172
1035 1029 6 0.17207121849060059 0.0015730857849121094 0.1736443042755127 173
1041 1035 6 0.17226600646972656 0.0015857219696044922 0.17385172843933105 174
1046 1040 6 0.17272162437438965 0.0015974044799804688 0.17431902885437012 175
1052 1046 6 0.17251038551330566 0.0040111541748046875 0.17652153968811035 176
1057 1051 6 0.17259788513183594 0.0016937255859375 0.17429161071777344 177
1063 1057 6 0.17877936363220215 0.0015828609466552734 0.18036222457885742 178
1068 1062 6 0.17385149002075195 0.0016047954559326172 0.17545628547668457 179
1074 1068 6 0.17229700088500977 0.0016410350799560547 0.17393803596496582 180
1079 1073 6 0.1730642318725586 0.0015926361083984375 0.17465686798095703 181
1085 1079 6 0.17352843284606934 0.0017695426940917969 0.17529797554016113 182
1090 1084 6 0.17407584190368652 0.0016374588012695312 0.17571330070495605 183
1096 1090 6 0.17274951934814453 0.0016307830810546875 0.17438030242919922 184
1101 1095 6 0.17418551445007324 0.010787010192871094 0.18497252464294434 185
1107 1101 6 0.17235326766967773 0.0017812252044677734 0.1741344928741455 186
1112 1106 6 0.1775979995727539 0.005449056625366211 0.18304705619812012 187
1118 1112 6 0.17500805854797363 0.0015876293182373047 0.17659568786621094 188
1124 1118 6 0.1745772361755371 0.001703500747680664 0.17628073692321777 189
1129 1123 6 0.17292022705078125 0.0016160011291503906 0.17453622817993164 190
1135 1129 6 0.1723339557647705 0.001547098159790039 0.17388105392456055 191
1140 1134 6 0.17209076881408691 0.0015497207641601562 0.17364048957824707 192
1145 1139 6 0.17374897003173828 0.0015568733215332031 0.17530584335327148 193
1151 1145 6 0.17308521270751953 0.009336233139038086 0.18242144584655762 194
1157 1151 6 0.172379732131958 0.0015132427215576172 0.17389297485351562 195
1162 1156 6 0.17542600631713867 0.0025014877319335938 0.17792749404907227 196
1168 1162 6 0.1726534366607666 0.0024857521057128906 0.1751391887664795 197
1174 1168 6 0.17508196830749512 0.0015859603881835938 0.1766679286956787 198
1179 1173 6 0.1785259246826172 0.0015151500701904297 0.18004107475280762 199
1185 1179 6 0.17285919189453125 0.0015752315521240234 0.17443442344665527 200
1190 1184 6 0.1732175350189209 0.0017075538635253906 0.1749250888824463 201
1196 1190 6 0.17330646514892578 0.0015494823455810547 0.17485594749450684 202
1201 1195 6 0.17289495468139648 0.0015192031860351562 0.17441415786743164 203
1207 1201 6 0.17374801635742188 0.0015239715576171875 0.17527198791503906 204
1212 1206 6 0.1732008457183838 0.001558065414428711 0.1747589111328125 205
1218 1212 6 0.17412972450256348 0.0015215873718261719 0.17565131187438965 206
1223 1217 6 0.17251324653625488 0.004205465316772461 0.17671871185302734 207
1229 1223 6 0.17321252822875977 0.0015320777893066406 0.1747446060180664 208
1235 1229 6 0.17571210861206055 0.0015578269958496094 0.17726993560791016 209
1240 1234 6 0.17245769500732422 0.0016067028045654297 0.17406439781188965 210
1246 1240 6 0.17345237731933594 0.001726388931274414 0.17517876625061035 211
1251 1245 6 0.17325568199157715 0.0016448497772216797 0.17490053176879883 212
1257 1251 6 0.17479348182678223 0.0016689300537109375 0.17646241188049316 213
1262 1256 6 0.17418313026428223 0.0015974044799804688 0.1757805347442627 214
1268 1262 6 0.1738731861114502 0.0016741752624511719 0.17554736137390137 215
1273 1267 6 0.1737518310546875 0.0014989376068115234 0.17525076866149902 216
1279 1273 6 0.17438244819641113 0.0021004676818847656 0.1764829158782959 217
1284 1278 6 0.1733074188232422 0.003229856491088867 0.17653727531433105 218
1290 1284 6 0.17463326454162598 0.001659393310546875 0.17629265785217285 219
1295 1289 6 0.1744077205657959 0.0015659332275390625 0.17597365379333496 220
1301 1295 6 0.17418599128723145 0.0015265941619873047 0.17571258544921875 221
1306 1300 6 0.17424798011779785 0.0020627975463867188 0.17631077766418457 222
1312 1306 6 0.17299818992614746 0.0016942024230957031 0.17469239234924316 223
1318 1311 6 0.17325353622436523 0.0016536712646484375 0.17490720748901367 224
1323 1317 6 0.17296147346496582 0.0015287399291992188 0.17449021339416504 225
1329 1322 6 0.1731863021850586 0.0015332698822021484 0.17471957206726074 226
1334 1328 6 0.17357110977172852 0.001575469970703125 0.17514657974243164 227
1339 1333 6 0.1738886833190918 0.010275602340698242 0.18416428565979004 228
1345 1339 6 0.1727302074432373 0.0018842220306396484 0.17461442947387695 229
1351 1345 6 0.17677092552185059 0.011606931686401367 0.18837785720825195 230
1357 1351 6 0.17643475532531738 0.001596212387084961 0.17803096771240234 231
1362 1356 6 0.17696785926818848 0.001621246337890625 0.1785891056060791 232
1368 1362 6 0.1733393669128418 0.0016148090362548828 0.17495417594909668 233
1373 1367 6 0.17342472076416016 0.0015130043029785156 0.17493772506713867 234
1379 1373 6 0.17402172088623047 0.0016031265258789062 0.17562484741210938 235
1384 1378 6 0.17500638961791992 0.0015377998352050781 0.176544189453125 236
1390 1384 6 0.17301273345947266 0.001619100570678711 0.17463183403015137 237
1395 1389 6 0.17390823364257812 0.0015048980712890625 0.1754131317138672 238
1401 1395 6 0.17361974716186523 0.0015330314636230469 0.17515277862548828 239
1406 1400 6 0.1745433807373047 0.0015184879302978516 0.17606186866760254 240
1412 1406 6 0.1735093593597412 0.0017390251159667969 0.175248384475708 241
1418 1412 6 0.17664361000061035 0.0015168190002441406 0.1781604290008545 242
1423 1417 6 0.17457103729248047 0.0014579296112060547 0.17602896690368652 243
1429 1423 6 0.17473578453063965 0.0016002655029296875 0.17633605003356934 244
1434 1428 6 0.17423319816589355 0.0016100406646728516 0.1758432388305664 245
1440 1434 6 0.17447304725646973 0.0015184879302978516 0.17599153518676758 246
1445 1439 6 0.17479419708251953 0.0014870166778564453 0.17628121376037598 247
1451 1445 6 0.17385315895080566 0.0015063285827636719 0.17535948753356934 248
1456 1450 6 0.17490530014038086 0.00433349609375 0.17923879623413086 249
1462 1456 6 0.17299246788024902 0.0015974044799804688 0.1745898723602295 250
1467 1461 6 0.17856097221374512 0.001650094985961914 0.18021106719970703 251
1473 1467 6 0.17537617683410645 0.0016372203826904297 0.17701339721679688 252
1479 1473 6 0.17510533332824707 0.0016472339630126953 0.17675256729125977 253
1484 1478 6 0.17738986015319824 0.0015869140625 0.17897677421569824 254
1490 1484 6 0.17500948905944824 0.0016455650329589844 0.17665505409240723 255
1495 1489 6 0.17500877380371094 0.0016050338745117188 0.17661380767822266 256
1501 1495 6 0.17522764205932617 0.0016133785247802734 0.17684102058410645 257
1506 1500 6 0.17534351348876953 0.0015149116516113281 0.17685842514038086 258
1512 1506 6 0.17732644081115723 0.0015306472778320312 0.17885708808898926 259
1518 1512 6 0.17801213264465332 0.0015950202941894531 0.17960715293884277 260
1523 1517 6 0.17565321922302246 0.0017688274383544922 0.17742204666137695 261
1529 1523 6 0.1766035556793213 0.0015904903411865234 0.1781940460205078 262
1534 1528 6 0.17784380912780762 0.0016052722930908203 0.17944908142089844 263
1540 1534 6 0.17646551132202148 0.0015931129455566406 0.17805862426757812 264
1546 1540 6 0.17566585540771484 0.0015621185302734375 0.17722797393798828 265
1551 1545 6 0.1745309829711914 0.0015521049499511719 0.17608308792114258 266
1557 1551 6 0.17487812042236328 0.0016551017761230469 0.17653322219848633 267
1562 1556 6 0.17569494247436523 0.0016596317291259766 0.1773545742034912 268
1568 1562 6 0.17473196983337402 0.0016088485717773438 0.17634081840515137 269
1574 1567 6 0.17445802688598633 0.0015780925750732422 0.17603611946105957 270
1579 1573 6 0.17572903633117676 0.0016510486602783203 0.17738008499145508 271
1585 1579 6 0.17540240287780762 0.003220081329345703 0.17862248420715332 272
1590 1584 6 0.1768331527709961 0.0064849853515625 0.1833181381225586 273
1596 1590 6 0.1830732822418213 0.0016105175018310547 0.18468379974365234 274
1602 1596 6 0.18059444427490234 0.001608133316040039 0.18220257759094238 275
1608 1602 6 0.1785721778869629 0.0016276836395263672 0.18019986152648926 276
1614 1607 6 0.17776012420654297 0.0016658306121826172 0.17942595481872559 277
1619 1613 6 0.1758437156677246 0.0016071796417236328 0.17745089530944824 278
1625 1619 6 0.17531824111938477 0.0015106201171875 0.17682886123657227 279
1630 1624 6 0.17487263679504395 0.001567840576171875 0.17644047737121582 280
1636 1630 6 0.17704486846923828 0.001600027084350586 0.17864489555358887 281
1641 1635 6 0.1757519245147705 0.0015871524810791016 0.1773390769958496 282
1647 1641 6 0.17961835861206055 0.0023267269134521484 0.1819450855255127 283
1653 1647 6 0.17560958862304688 0.001783609390258789 0.17739319801330566 284
1658 1652 6 0.18364858627319336 0.013330459594726562 0.19697904586791992 285
1664 1658 6 0.19284367561340332 0.011707782745361328 0.20455145835876465 286
1671 1665 6 0.18661928176879883 0.0015759468078613281 0.18819522857666016 287
1677 1671 6 0.18141484260559082 0.0015721321105957031 0.18298697471618652 288
1683 1677 6 0.17739057540893555 0.0016171932220458984 0.17900776863098145 289
1689 1682 6 0.17869091033935547 0.001712799072265625 0.1804037094116211 290
1694 1688 6 0.17902803421020508 0.0015747547149658203 0.1806027889251709 291
1700 1694 6 0.1781930923461914 0.0015819072723388672 0.17977499961853027 292
1706 1699 6 0.1773850917816162 0.0016498565673828125 0.17903494834899902 293
1711 1705 6 0.17659330368041992 0.0015673637390136719 0.1781606674194336 294
1717 1711 6 0.17638850212097168 0.0016505718231201172 0.1780390739440918 295
1722 1716 6 0.17663049697875977 0.0015065670013427734 0.17813706398010254 296
1728 1722 6 0.17925500869750977 0.0015308856964111328 0.1807858943939209 297
1734 1728 6 0.17975807189941406 0.0019466876983642578 0.18170475959777832 298
1739 1733 6 0.18065619468688965 0.0167539119720459 0.19741010665893555 299
1746 1740 6 0.18017077445983887 0.003923177719116211 0.18409395217895508 300
1751 1745 6 0.1940152645111084 0.0016422271728515625 0.19565749168395996 301
1758 1757 1 0.19124293327331543 0.006590366363525391 0.19783329963684082 302
1764 1758 6 0.19152164459228516 0.001703500747680664 0.19322514533996582 303
1770 1764 6 0.18692779541015625 0.0015420913696289062 0.18846988677978516 304
1776 1770 6 0.1817493438720703 0.0014600753784179688 0.18320941925048828 305
1782 1776 6 0.17990899085998535 0.0015285015106201172 0.18143749237060547 306
1788 1782 6 0.1799182891845703 0.0015709400177001953 0.1814892292022705 307
1793 1787 6 0.18094110488891602 0.001607656478881836 0.18254876136779785 308
1799 1793 6 0.17989253997802734 0.0015997886657714844 0.18149232864379883 309
1805 1799 6 0.17943954467773438 0.0017228126525878906 0.18116235733032227 310
1810 1804 6 0.1813352108001709 0.0016200542449951172 0.18295526504516602 311
1816 1810 6 0.17774128913879395 0.0016674995422363281 0.17940878868103027 312
1822 1816 6 0.18075823783874512 0.0025784969329833984 0.18333673477172852 313
1827 1821 6 0.1784529685974121 0.0015621185302734375 0.18001508712768555 314
1833 1827 6 0.17799997329711914 0.0015802383422851562 0.1795802116394043 315
1839 1833 6 0.1798553466796875 0.001527547836303711 0.1813828945159912 316
1845 1839 6 0.17940378189086914 0.0014903545379638672 0.180894136428833 317
1850 1844 6 0.18337154388427734 0.0017101764678955078 0.18508172035217285 318
1856 1850 6 0.18587446212768555 0.001615762710571289 0.18749022483825684 319
1862 1856 6 0.18505287170410156 0.001604318618774414 0.18665719032287598 320
1868 1862 6 0.18395519256591797 0.001669168472290039 0.185624361038208 321
1874 1868 6 0.18297576904296875 0.007863759994506836 0.19083952903747559 322
1880 1874 6 0.1817326545715332 0.0016062259674072266 0.18333888053894043 323
1886 1880 6 0.18291401863098145 0.0017027854919433594 0.1846168041229248 324
1892 1886 6 0.18279647827148438 0.0016825199127197266 0.1844789981842041 325
1897 1891 6 0.18534469604492188 0.0016434192657470703 0.18698811531066895 326
1903 1897 6 0.18565678596496582 0.001680612564086914 0.18733739852905273 327
1909 1903 6 0.18247532844543457 0.0015139579772949219 0.1839892864227295 328
1915 1909 6 0.18439149856567383 0.0015425682067871094 0.18593406677246094 329
1921 1915 6 0.18146681785583496 0.0015025138854980469 0.182969331741333 330
1927 1921 6 0.17760515213012695 0.0027167797088623047 0.18032193183898926 331
1932 1926 6 0.18581318855285645 0.00416254997253418 0.18997573852539062 332
1939 1938 1 0.18047070503234863 0.009153127670288086 0.18962383270263672 333
1945 1939 6 0.1929643154144287 0.0016105175018310547 0.19457483291625977 334
1951 1950 1 0.18912863731384277 0.0028426647186279297 0.1919713020324707 335
1957 1951 6 0.20158672332763672 0.0065343379974365234 0.20812106132507324 336
1964 1963 1 0.18393325805664062 0.0015666484832763672 0.185499906539917 337
1969 1964 5 0.1831512451171875 0.0016524791717529297 0.18480372428894043 338
1975 1969 6 0.182114839553833 0.0016100406646728516 0.18372488021850586 339
1981 1975 6 0.18707561492919922 0.0015645027160644531 0.18864011764526367 340
1987 1986 1 0.1864612102508545 0.0016505718231201172 0.1881117820739746 341
1993 1987 6 0.18815064430236816 0.0015976428985595703 0.18974828720092773 342
1999 1998 1 0.17832517623901367 0.0016529560089111328 0.1799781322479248 343
2004 1999 5 0.17707395553588867 0.001486063003540039 0.1785600185394287 344
2010 2004 6 0.1766211986541748 0.0015435218811035156 0.17816472053527832 345
2016 2009 6 0.17859554290771484 0.0015811920166015625 0.1801767349243164 346
2021 2015 6 0.18409395217895508 0.001600503921508789 0.18569445610046387 347
2027 2021 6 0.1906881332397461 0.0014548301696777344 0.19214296340942383 348
2033 2032 1 0.189133882522583 0.0017070770263671875 0.1908409595489502 349
2039 2033 6 0.1898198127746582 0.012817859649658203 0.2026376724243164 350
2046 2045 1 0.1885213851928711 0.0016674995422363281 0.19018888473510742 351
2051 2046 5 0.19143462181091309 0.009367704391479492 0.20080232620239258 352
2058 2057 1 0.18782806396484375 0.0016281604766845703 0.18945622444152832 353
2064 2058 6 0.19040465354919434 0.005864381790161133 0.19626903533935547 354
2070 2069 1 0.1881880760192871 0.0015401840209960938 0.1897282600402832 355
2076 2070 6 0.19082331657409668 0.003430604934692383 0.19425392150878906 356
2082 2081 1 0.19217371940612793 0.011873245239257812 0.20404696464538574 357
2089 2083 6 0.18724775314331055 0.002901315689086914 0.19014906883239746 358
2095 2089 6 0.19015192985534668 0.0016663074493408203 0.1918182373046875 359
2101 2095 6 0.19116592407226562 0.003525257110595703 0.19469118118286133 360
2107 2101 6 0.18764638900756836 0.0016579627990722656 0.18930435180664062 361
2113 2107 6 0.18900847434997559 0.0031821727752685547 0.19219064712524414 362
2119 2113 6 0.18901729583740234 0.0017466545104980469 0.1907639503479004 363
2125 2119 6 0.19963431358337402 0.012818574905395508 0.21245288848876953 364
2132 2131 1 0.18860197067260742 0.0016541481018066406 0.19025611877441406 365
2138 2132 6 0.1918470859527588 0.0015766620635986328 0.19342374801635742 366
2144 2143 1 0.18892145156860352 0.00154876708984375 0.19047021865844727 367
2150 2144 6 0.19259405136108398 0.012360572814941406 0.2049546241760254 368
2156 2155 1 0.18950486183166504 0.0015957355499267578 0.1911005973815918 369
2162 2156 6 0.19031286239624023 0.0042378902435302734 0.1945507526397705 370
2169 2168 1 0.18837547302246094 0.002215862274169922 0.19059133529663086 371
2175 2169 6 0.19046378135681152 0.0019011497497558594 0.19236493110656738 372
2181 2180 1 0.18866634368896484 0.002110719680786133 0.19077706336975098 373
2187 2181 6 0.1970057487487793 0.009250879287719727 0.20625662803649902 374
2194 2193 1 0.18836140632629395 0.0017275810241699219 0.19008898735046387 375
2200 2194 6 0.19193577766418457 0.0015285015106201172 0.1934642791748047 376
2206 2205 1 0.19305038452148438 0.0016200542449951172 0.1946704387664795 377
2212 2206 6 0.18884706497192383 0.004957437515258789 0.19380450248718262 378
2218 2212 6 0.1769564151763916 0.0016222000122070312 0.17857861518859863 379
2224 2218 6 0.19697022438049316 0.012202978134155273 0.20917320251464844 380
2231 2230 1 0.18939518928527832 0.001598358154296875 0.1909935474395752 381
2237 2231 6 0.18227696418762207 0.0015130043029785156 0.18378996849060059 382
2243 2242 1 0.17818331718444824 0.0016078948974609375 0.17979121208190918 383
2248 2243 5 0.18594598770141602 0.0015935897827148438 0.18753957748413086 384
2254 2248 6 0.1892685890197754 0.0015361309051513672 0.19080471992492676 385
2260 2254 6 0.19197988510131836 0.0015835762023925781 0.19356346130371094 386
2266 2260 6 0.19295191764831543 0.004678487777709961 0.1976304054260254 387
2272 2266 6 0.19980978965759277 0.005898714065551758 0.20570850372314453 388
2279 2273 6 0.19147253036499023 0.00944972038269043 0.20092225074768066 389
2285 2279 6 0.19177532196044922 0.0017507076263427734 0.193526029586792 390
2291 2285 6 0.19239163398742676 0.0015797615051269531 0.1939713954925537 391
2297 2291 6 0.19296789169311523 0.0015823841094970703 0.1945502758026123 392
2303 2297 6 0.19308233261108398 0.001726388931274414 0.1948087215423584 393
2309 2303 6 0.2008371353149414 0.0014467239379882812 0.2022838592529297 394
2316 2315 1 0.19227075576782227 0.0015997886657714844 0.19387054443359375 395
2322 2316 6 0.19340777397155762 0.001554727554321289 0.1949625015258789 396
2328 2327 1 0.1914362907409668 0.0015749931335449219 0.19301128387451172 397
2334 2328 6 0.1959846019744873 0.0016803741455078125 0.19766497611999512 398
2340 2334 6 0.19386076927185059 0.0015914440155029297 0.19545221328735352 399
2346 2340 6 0.19483470916748047 0.0015649795532226562 0.19639968872070312 400
2353 2352 1 0.19231367111206055 0.0015234947204589844 0.19383716583251953 401
2359 2353 6 0.1949164867401123 0.0015163421630859375 0.19643282890319824 402
2365 2364 1 0.19397497177124023 0.0016779899597167969 0.19565296173095703 403
2371 2365 6 0.19290637969970703 0.0015931129455566406 0.19449949264526367 404
2377 2376 1 0.2041325569152832 0.001554727554321289 0.2056872844696045 405
2384 2378 6 0.19238758087158203 0.0015780925750732422 0.19396567344665527 406
2390 2384 6 0.1906599998474121 0.0015430450439453125 0.19220304489135742 407
2396 2390 6 0.19228339195251465 0.0015535354614257812 0.19383692741394043 408
2402 2396 6 0.19233298301696777 0.001489877700805664 0.19382286071777344 409
2408 2402 6 0.19486236572265625 0.001596689224243164 0.19645905494689941 410
2414 2408 6 0.19220829010009766 0.0016231536865234375 0.1938314437866211 411
2420 2414 6 0.18268275260925293 0.0018982887268066406 0.18458104133605957 412
2426 2420 6 0.18047380447387695 0.0016655921936035156 0.18213939666748047 413
2432 2426 6 0.18692350387573242 0.0016756057739257812 0.1885991096496582 414
2438 2432 6 0.19043588638305664 0.0016198158264160156 0.19205570220947266 415
2444 2438 6 0.19222259521484375 0.0016052722930908203 0.19382786750793457 416
2450 2444 6 0.19496560096740723 0.0016736984252929688 0.1966392993927002 417
2456 2450 6 0.19592690467834473 0.001680612564086914 0.19760751724243164 418
2462 2456 6 0.19185328483581543 0.0016133785247802734 0.1934666633605957 419
2468 2462 6 0.19356560707092285 0.0016620159149169922 0.19522762298583984 420
2475 2468 6 0.1936500072479248 0.0016589164733886719 0.19530892372131348 421
2481 2474 6 0.1926572322845459 0.0016353130340576172 0.19429254531860352 422
2487 2481 6 0.19388914108276367 0.0016057491302490234 0.1954948902130127 423
2493 2487 6 0.19315886497497559 0.0016427040100097656 0.19480156898498535 424
2499 2493 6 0.19301915168762207 0.003940582275390625 0.1969597339630127 425
2505 2499 6 0.19394516944885254 0.0016226768493652344 0.19556784629821777 426
2511 2505 6 0.19258356094360352 0.0016887187957763672 0.19427227973937988 427
2517 2511 6 0.19287490844726562 0.0015797615051269531 0.19445466995239258 428
2524 2517 6 0.19357633590698242 0.0016994476318359375 0.19527578353881836 429
2530 2524 6 0.19428324699401855 0.0017158985137939453 0.1959991455078125 430
2536 2530 6 0.19364094734191895 0.0016512870788574219 0.19529223442077637 431
2542 2536 6 0.192641019821167 0.0017306804656982422 0.19437170028686523 432
2548 2542 6 0.19269061088562012 0.001689910888671875 0.194380521774292 433
2554 2548 6 0.1922159194946289 0.001680135726928711 0.19389605522155762 434
2560 2554 6 0.19322824478149414 0.0016319751739501953 0.19486021995544434 435
2567 2561 6 0.19550728797912598 0.0015757083892822266 0.1970829963684082 436
2573 2567 6 0.19190144538879395 0.0016644001007080078 0.19356584548950195 437
2579 2573 6 0.19179153442382812 0.0015969276428222656 0.1933884620666504 438
2585 2579 6 0.19142723083496094 0.0015478134155273438 0.19297504425048828 439
2591 2585 6 0.1920011043548584 0.0017867088317871094 0.1937878131866455 440
2597 2591 6 0.20336508750915527 0.0061321258544921875 0.20949721336364746 441
2604 2598 6 0.18793940544128418 0.0016591548919677734 0.18959856033325195 442
2610 2604 6 0.18291473388671875 0.0015935897827148438 0.1845083236694336 443
2616 2610 6 0.18114590644836426 0.001678466796875 0.18282437324523926 444
2621 2615 6 0.1843245029449463 0.0016651153564453125 0.1859896183013916 445
2627 2621 6 0.18882203102111816 0.0016393661499023438 0.1904613971710205 446
2633 2627 6 0.19171881675720215 0.0016205310821533203 0.19333934783935547 447
2639 2633 6 0.1945207118988037 0.0016627311706542969 0.196183443069458 448
2645 2639 6 0.19616007804870605 0.0015871524810791016 0.19774723052978516 449
2652 2645 6 0.19227933883666992 0.0015900135040283203 0.19386935234069824 450
2658 2651 6 0.1920325756072998 0.0015721321105957031 0.1936047077178955 451
2664 2658 6 0.19301319122314453 0.0015406608581542969 0.19455385208129883 452
2670 2664 6 0.19228720664978027 0.001567840576171875 0.19385504722595215 453
2676 2670 6 0.19335651397705078 0.001664876937866211 0.195021390914917 454
2682 2676 6 0.19484853744506836 0.0015711784362792969 0.19641971588134766 455
2688 2682 6 0.1919708251953125 0.0016589164733886719 0.19362974166870117 456
2694 2688 6 0.19443368911743164 0.0017211437225341797 0.19615483283996582 457
2700 2694 6 0.19240140914916992 0.0015976428985595703 0.1939990520477295 458
2706 2700 6 0.19433236122131348 0.0016689300537109375 0.19600129127502441 459
2713 2712 1 0.19540882110595703 0.004530906677246094 0.19993972778320312 460
2719 2713 6 0.1932544708251953 0.001580953598022461 0.19483542442321777 461
2725 2724 1 0.19130182266235352 0.0015969276428222656 0.19289875030517578 462
2731 2725 6 0.19434881210327148 0.0017018318176269531 0.19605064392089844 463
2737 2736 1 0.1927928924560547 0.0015816688537597656 0.19437456130981445 464
2743 2737 6 0.20594143867492676 0.006424903869628906 0.21236634254455566 465
2750 2749 1 0.19154906272888184 0.0016815662384033203 0.19323062896728516 466
2756 2750 6 0.19444990158081055 0.0015964508056640625 0.1960463523864746 467
2762 2761 1 0.19111371040344238 0.0015399456024169922 0.19265365600585938 468
2768 2762 6 0.19420647621154785 0.0016319751739501953 0.19583845138549805 469
2774 2768 6 0.19619488716125488 0.0015795230865478516 0.19777441024780273 470
2781 2774 6 0.19434237480163574 0.001598358154296875 0.19594073295593262 471
2787 2786 1 0.19345569610595703 0.0015902519226074219 0.19504594802856445 472
2793 2787 6 0.19341349601745605 0.001581430435180664 0.19499492645263672 473
2799 2798 1 0.19293570518493652 0.0017573833465576172 0.19469308853149414 474
2805 2799 6 0.2057497501373291 0.0028524398803710938 0.2086021900177002 475
2812 2811 1 0.18300223350524902 0.001653432846069336 0.18465566635131836 476
2818 2812 6 0.18275141716003418 0.006006479263305664 0.18875789642333984 477
2824 2823 1 0.18907999992370605 0.009345531463623047 0.1984255313873291 478
2830 2824 6 0.19286227226257324 0.0062634944915771484 0.1991257667541504 479
2836 2835 1 0.19652271270751953 0.007259845733642578 0.2037825584411621 480
2843 2837 6 0.18698573112487793 0.0093841552734375 0.19636988639831543 481
2849 2843 6 0.17768621444702148 0.0015590190887451172 0.1792452335357666 482
2854 2848 6 0.1901264190673828 0.0017848014831542969 0.1919112205505371 483
2861 2860 1 0.1842060089111328 0.0016376972198486328 0.18584370613098145 484
2866 2861 5 0.19138193130493164 0.0016317367553710938 0.19301366806030273 485
2873 2872 1 0.1893930435180664 0.0016033649444580078 0.19099640846252441 486
2879 2873 5 0.19817233085632324 0.0016582012176513672 0.1998305320739746 487
2885 2884 1 0.1923072338104248 0.0018084049224853516 0.19411563873291016 488
2891 2885 6 0.19629573822021484 0.001697540283203125 0.19799327850341797 489
2897 2891 6 0.19614219665527344 0.0015940666198730469 0.19773626327514648 490
2903 2897 6 0.19880223274230957 0.0017621517181396484 0.20056438446044922 491
2910 2909 1 0.19464612007141113 0.0016508102416992188 0.19629693031311035 492
2916 2910 6 0.19573616981506348 0.0016417503356933594 0.19737792015075684 493
2922 2916 6 0.19502902030944824 0.0016405582427978516 0.1966695785522461 494
2928 2922 6 0.19608116149902344 0.0016536712646484375 0.19773483276367188 495
2935 2928 6 0.19677233695983887 0.002027273178100586 0.19879961013793945 496
2941 2934 6 0.20343399047851562 0.0018062591552734375 0.20524024963378906 497
2947 2946 1 0.19465136528015137 0.001676797866821289 0.19632816314697266 498
2953 2947 6 0.19350886344909668 0.0016317367553710938 0.19514060020446777 499
2959 2953 6 0.1924421787261963 0.0015876293182373047 0.1940298080444336 500
2965 2959 6 0.19216227531433105 0.0015785694122314453 0.1937408447265625 501
2972 2965 6 0.19275832176208496 0.0015473365783691406 0.1943056583404541 502
2977 2971 6 0.1910860538482666 0.0015659332275390625 0.19265198707580566 503
2984 2983 1 0.19090819358825684 0.0015201568603515625 0.1924283504486084 504
2990 2984 6 0.1904010772705078 0.0016522407531738281 0.19205331802368164 505
2996 2995 1 0.1837015151977539 0.0015897750854492188 0.18529129028320312 506
3002 2996 6 0.1855452060699463 0.0015864372253417969 0.18713164329528809 507
3008 3007 1 0.18188762664794922 0.0016155242919921875 0.1835031509399414 508
3013 3008 5 0.18371248245239258 0.001615285873413086 0.18532776832580566 509
3019 3013 6 0.18457388877868652 0.0015964508056640625 0.18617033958435059 510
3025 3019 6 0.18514585494995117 0.0015385150909423828 0.18668437004089355 511
3031 3030 1 0.18532061576843262 0.0018372535705566406 0.18715786933898926 512
3037 3031 6 0.18785667419433594 0.0015811920166015625 0.1894378662109375 513
3043 3042 1 0.19322705268859863 0.006312847137451172 0.1995398998260498 514
3049 3043 6 0.1815810203552246 0.0015778541564941406 0.18315887451171875 515
3055 3049 6 0.1807260513305664 0.01179051399230957 0.19251656532287598 516
3061 3055 6 0.18657279014587402 0.005940675735473633 0.19251346588134766 517
3067 3061 6 0.18305253982543945 0.005480289459228516 0.18853282928466797 518
3073 3067 6 0.1899259090423584 0.0016436576843261719 0.19156956672668457 519
3080 3073 6 0.18861079216003418 0.0016143321990966797 0.19022512435913086 520
3085 3079 6 0.18283367156982422 0.0016674995422363281 0.18450117111206055 521
3091 3085 6 0.18272924423217773 0.0015461444854736328 0.18427538871765137 522
3097 3091 6 0.1810140609741211 0.0015757083892822266 0.18258976936340332 523
3103 3097 6 0.1816258430480957 0.0016689300537109375 0.18329477310180664 524
3108 3102 6 0.18151593208312988 0.0015513896942138672 0.18306732177734375 525
3114 3108 6 0.1775832176208496 0.0015292167663574219 0.17911243438720703 526
3120 3114 6 0.1801891326904297 0.0016300678253173828 0.18181920051574707 527
3125 3119 6 0.18105220794677734 0.001550436019897461 0.1826026439666748 528
3131 3125 6 0.1826169490814209 0.0023789405822753906 0.1849958896636963 529
3137 3131 6 0.1812443733215332 0.0018367767333984375 0.18308115005493164 530
3143 3137 6 0.17990374565124512 0.0016982555389404297 0.18160200119018555 531
3149 3143 6 0.17594623565673828 0.0016355514526367188 0.177581787109375 532
3154 3148 6 0.1785728931427002 0.0015943050384521484 0.18016719818115234 533
3160 3154 6 0.18111658096313477 0.001638650894165039 0.1827552318572998 534
3166 3160 6 0.18616509437561035 0.001481771469116211 0.18764686584472656 535
3172 3171 1 0.18315434455871582 0.0015497207641601562 0.18470406532287598 536
3178 3172 5 0.1860804557800293 0.0014903545379638672 0.18757081031799316 537
3184 3183 1 0.18614745140075684 0.0016367435455322266 0.18778419494628906 538
3189 3184 5 0.18670225143432617 0.0016765594482421875 0.18837881088256836 539
3195 3189 6 0.1855461597442627 0.0015833377838134766 0.18712949752807617 540
3201 3195 6 0.1876680850982666 0.001708984375 0.1893770694732666 541
3207 3201 6 0.18955254554748535 0.0017015933990478516 0.1912541389465332 542
3213 3207 6 0.1868910789489746 0.011260986328125 0.1981520652770996 543
3219 3213 6 0.18451428413391113 0.0016198158264160156 0.18613409996032715 544
3225 3219 6 0.18516254425048828 0.012565374374389648 0.19772791862487793 545
3231 3225 6 0.18497800827026367 0.011228084564208984 0.19620609283447266 546
3238 3231 6 0.18578076362609863 0.004119396209716797 0.18990015983581543 547
3244 3237 6 0.1874556541442871 0.007611513137817383 0.1950671672821045 548
3250 3244 6 0.18698740005493164 0.009810686111450195 0.19679808616638184 549
3256 3250 6 0.18953514099121094 0.0015909671783447266 0.19112610816955566 550
3262 3256 6 0.18718194961547852 0.001565694808959961 0.18874764442443848 551
3268 3262 6 0.184920072555542 0.0016422271728515625 0.18656229972839355 552
3274 3268 6 0.18704962730407715 0.0016047954559326172 0.18865442276000977 553
3280 3274 6 0.1848287582397461 0.0016362667083740234 0.18646502494812012 554
3286 3280 6 0.18236398696899414 0.0015692710876464844 0.18393325805664062 555
3291 3285 6 0.18021225929260254 0.001584768295288086 0.18179702758789062 556
3297 3291 6 0.18431997299194336 0.001661062240600586 0.18598103523254395 557
3303 3297 6 0.18477892875671387 0.001575469970703125 0.186354398727417 558
3309 3303 6 0.18528246879577637 0.0016748905181884766 0.18695735931396484 559
3315 3309 6 0.1897130012512207 0.009155035018920898 0.1988680362701416 560
3321 3315 6 0.18278741836547852 0.0016391277313232422 0.18442654609680176 561
3327 3321 6 0.1892848014831543 0.0015659332275390625 0.19085073471069336 562
3333 3327 6 0.18592262268066406 0.0016140937805175781 0.18753671646118164 563
3339 3333 6 0.18055462837219238 0.0015881061553955078 0.1821427345275879 564
3345 3339 6 0.17755484580993652 0.0016314983367919922 0.17918634414672852 565
3351 3345 6 0.18200373649597168 0.0015709400177001953 0.18357467651367188 566
3357 3350 6 0.17904210090637207 0.0015745162963867188 0.1806166172027588 567
3362 3356 6 0.17924118041992188 0.0016295909881591797 0.18087077140808105 568
3368 3362 6 0.18555164337158203 0.0015790462493896484 0.18713068962097168 569
3374 3368 6 0.1905055046081543 0.0015475749969482422 0.19205307960510254 570
3380 3374 6 0.19245576858520508 0.0016245841979980469 0.19408035278320312 571
3386 3380 6 0.1906571388244629 0.0017197132110595703 0.19237685203552246 572
3392 3386 6 0.19194388389587402 0.00476527214050293 0.19670915603637695 573
3398 3392 6 0.18838262557983398 0.0015990734100341797 0.18998169898986816 574
3404 3398 6 0.18999695777893066 0.001642465591430664 0.19163942337036133 575
3410 3404 6 0.18983674049377441 0.0015680789947509766 0.1914048194885254 576
3416 3410 6 0.18872880935668945 0.0018503665924072266 0.19057917594909668 577
3422 3416 6 0.18996644020080566 0.0017104148864746094 0.19167685508728027 578
3428 3422 6 0.19999027252197266 0.0016410350799560547 0.2016313076019287 579
3435 3429 6 0.1962437629699707 0.0025184154510498047 0.1987621784210205 580
3441 3435 6 0.18978261947631836 0.001575469970703125 0.19135808944702148 581
3447 3441 6 0.19042372703552246 0.0015120506286621094 0.19193577766418457 582
3453 3447 6 0.19059085845947266 0.012546539306640625 0.20313739776611328 583
3459 3453 6 0.18906712532043457 0.002173900604248047 0.19124102592468262 584
3465 3459 6 0.19234848022460938 0.0015056133270263672 0.19385409355163574 585
3471 3465 6 0.19389963150024414 0.0015606880187988281 0.19546031951904297 586
3477 3471 6 0.20058250427246094 0.008753061294555664 0.2093355655670166 587
3484 3478 6 0.18909931182861328 0.0018405914306640625 0.19093990325927734 588
3490 3484 6 0.19596219062805176 0.012889623641967773 0.20885181427001953 589
3497 3496 1 0.18975067138671875 0.0016498565673828125 0.19140052795410156 590
3503 3497 6 0.19731831550598145 0.010282278060913086 0.20760059356689453 591
3510 3509 1 0.19608116149902344 0.001749277114868164 0.1978304386138916 592
3516 3510 6 0.19414496421813965 0.0068476200103759766 0.20099258422851562 593
3523 3522 1 0.17789173126220703 0.0015535354614257812 0.1794452667236328 594
3528 3523 5 0.18194246292114258 0.001617431640625 0.18355989456176758 595
3534 3528 6 0.17627716064453125 0.0015730857849121094 0.17785024642944336 596
3539 3533 6 0.1807568073272705 0.0015611648559570312 0.18231797218322754 597
3545 3539 6 0.1855473518371582 0.00160980224609375 0.18715715408325195 598
3551 3545 6 0.19074368476867676 0.0017480850219726562 0.19249176979064941 599
3557 3551 6 0.1924428939819336 0.0016963481903076172 0.1941392421722412 600
3563 3557 6 0.1932661533355713 0.0017800331115722656 0.19504618644714355 601
3569 3563 6 0.2011415958404541 0.001613616943359375 0.20275521278381348 602
3576 3570 6 0.19361567497253418 0.0015718936920166016 0.19518756866455078 603
3582 3576 6 0.1929481029510498 0.0016400814056396484 0.19458818435668945 604
3588 3582 6 0.19236350059509277 0.0017840862274169922 0.19414758682250977 605
3594 3588 6 0.19145870208740234 0.0017600059509277344 0.19321870803833008 606
3600 3594 6 0.2019655704498291 0.00281524658203125 0.20478081703186035 607
3607 3601 6 0.19216322898864746 0.0015368461608886719 0.19370007514953613 608
3613 3607 6 0.19336748123168945 0.00159454345703125 0.1949620246887207 609
3619 3613 6 0.19106245040893555 0.0015468597412109375 0.19260931015014648 610
3625 3619 6 0.1926121711730957 0.0016498565673828125 0.19426202774047852 611
3631 3625 6 0.20213985443115234 0.0015270709991455078 0.20366692543029785 612
3638 3632 6 0.19205951690673828 0.0015215873718261719 0.19358110427856445 613
3644 3638 6 0.19232797622680664 0.001529693603515625 0.19385766983032227 614
3650 3644 6 0.19144916534423828 0.001577138900756836 0.19302630424499512 615
3656 3650 6 0.1923837661743164 0.0018649101257324219 0.19424867630004883 616
3662 3656 6 0.19208121299743652 0.0018382072448730469 0.19391942024230957 617
3668 3662 6 0.19318485260009766 0.0015287399291992188 0.19471359252929688 618
3675 3668 6 0.1993410587310791 0.002010822296142578 0.20135188102722168 619
3681 3675 6 0.1957075595855713 0.0040171146392822266 0.19972467422485352 620
3687 3681 6 0.18345141410827637 0.0017628669738769531 0.18521428108215332 621
3693 3687 6 0.17856454849243164 0.001653432846069336 0.18021798133850098 622
3699 3693 6 0.17874479293823242 0.0015778541564941406 0.18032264709472656 623
3704 3698 6 0.18324756622314453 0.0015974044799804688 0.184844970703125 624
3710 3704 6 0.1912553310394287 0.0015957355499267578 0.19285106658935547 625
3716 3710 6 0.1924581527709961 0.0016450881958007812 0.19410324096679688 626
3722 3716 6 0.1917726993560791 0.0016620159149169922 0.1934347152709961 627
3728 3722 6 0.19268536567687988 0.0016264915466308594 0.19431185722351074 628
3734 3728 6 0.19207477569580078 0.001485586166381836 0.19356036186218262 629
3740 3734 6 0.19284749031066895 0.001539468765258789 0.19438695907592773 630
3746 3740 6 0.19302964210510254 0.0015342235565185547 0.1945638656616211 631
3752 3746 6 0.201995849609375 0.0019359588623046875 0.2039318084716797 632
3759 3753 6 0.1927480697631836 0.001749277114868164 0.19449734687805176 633
3765 3759 6 0.19381093978881836 0.0016484260559082031 0.19545936584472656 634
3771 3765 6 0.1921703815460205 0.0016303062438964844 0.193800687789917 635
3777 3771 6 0.1955728530883789 0.0015523433685302734 0.19712519645690918 636
3783 3777 6 0.19306373596191406 0.0016112327575683594 0.19467496871948242 637
3789 3783 6 0.19508028030395508 0.0015597343444824219 0.1966400146484375 638
3796 3795 1 0.19255399703979492 0.0015530586242675781 0.1941070556640625 639
3802 3796 6 0.19591093063354492 0.001512765884399414 0.19742369651794434 640
3808 3807 1 0.19282984733581543 0.0016210079193115234 0.19445085525512695 641
3814 3808 6 0.19458413124084473 0.006620883941650391 0.20120501518249512 642
3820 3814 6 0.1922764778137207 0.0015108585357666016 0.1937873363494873 643
3826 3820 6 0.1943216323852539 0.00951695442199707 0.20383858680725098 644
3833 3832 1 0.19206905364990234 0.0015523433685302734 0.19362139701843262 645
3839 3833 6 0.19539141654968262 0.0016274452209472656 0.19701886177062988 646
3846 3845 1 0.19240427017211914 0.0034728050231933594 0.1958770751953125 647
3852 3846 6 0.20569849014282227 0.012812376022338867 0.21851086616516113 648
3859 3858 1 0.18801236152648926 0.007120847702026367 0.19513320922851562 649
3865 3859 6 0.18209457397460938 0.002489805221557617 0.184584379196167 650
3871 3870 1 0.1861410140991211 0.0015537738800048828 0.18769478797912598 651
3877 3871 6 0.1894979476928711 0.0015006065368652344 0.19099855422973633 652
3883 3882 1 0.1854419708251953 0.0016069412231445312 0.18704891204833984 653
3888 3883 5 0.1881864070892334 0.0016829967498779297 0.18986940383911133 654
3894 3888 6 0.1907036304473877 0.0015330314636230469 0.19223666191101074 655
3900 3894 6 0.19596481323242188 0.0016102790832519531 0.19757509231567383 656
3907 3906 1 0.2047562599182129 0.004473209381103516 0.2092294692993164 657
3913 3907 6 0.19641375541687012 0.001737833023071289 0.1981515884399414 658
3919 3913 6 0.19398069381713867 0.0016834735870361328 0.1956641674041748 659
3925 3919 6 0.19869685173034668 0.001619100570678711 0.2003159523010254 660
3932 3931 1 0.19623208045959473 0.0015399456024169922 0.19777202606201172 661
3938 3932 6 0.19776296615600586 0.0015528202056884766 0.19931578636169434 662
3944 3943 1 0.20484471321105957 0.001641988754272461 0.20648670196533203 663
3951 3944 6 0.19222545623779297 0.0016663074493408203 0.1938917636871338 664
3957 3956 1 0.19303321838378906 0.003309488296508789 0.19634270668029785 665
3963 3957 6 0.1918039321899414 0.0015304088592529297 0.19333434104919434 666
3969 3963 6 0.19164133071899414 0.001684427261352539 0.19332575798034668 667
3975 3969 6 0.1933450698852539 0.0016674995422363281 0.19501256942749023 668
3982 3975 6 0.19152259826660156 0.0016150474548339844 0.19313764572143555 669
3987 3981 6 0.19138050079345703 0.001577615737915039 0.19295811653137207 670
3993 3987 6 0.19113469123840332 0.0016307830810546875 0.192765474319458 671
3999 3993 6 0.19182991981506348 0.0015282630920410156 0.1933581829071045 672
4006 4005 1 0.19432449340820312 0.001985311508178711 0.19630980491638184 673
4012 4006 6 0.1970202922821045 0.009692907333374023 0.20671319961547852 674
4018 4017 1 0.18590378761291504 0.0016396045684814453 0.18754339218139648 675
4024 4018 6 0.18676972389221191 0.0016624927520751953 0.1884322166442871 676
4030 4024 6 0.18376588821411133 0.0019419193267822266 0.18570780754089355 677
4036 4030 6 0.18932867050170898 0.0017094612121582031 0.1910381317138672 678
4042 4036 6 0.1920912265777588 0.001708984375 0.1938002109527588 679
4049 4042 6 0.18297910690307617 0.0015549659729003906 0.18453407287597656 680
4054 4048 6 0.18380451202392578 0.002302885055541992 0.18610739707946777 681
4060 4054 6 0.18636536598205566 0.0015892982482910156 0.18795466423034668 682
4066 4060 6 0.18429040908813477 0.0014712810516357422 0.1857616901397705 683
4072 4066 6 0.18408608436584473 0.0016543865203857422 0.18574047088623047 684
4078 4072 6 0.18347930908203125 0.0016012191772460938 0.18508052825927734 685
4083 4077 6 0.1859142780303955 0.0015673637390136719 0.18748164176940918 686
4089 4083 6 0.18317174911499023 0.0016505718231201172 0.18482232093811035 687
4095 4089 6 0.1823577880859375 0.0015218257904052734 0.18387961387634277 688
4101 4095 6 0.18352341651916504 0.0015370845794677734 0.1850605010986328 689
4107 4101 6 0.1873793601989746 0.0017516613006591797 0.1891310214996338 690
4113 4107 6 0.18480420112609863 0.0016942024230957031 0.18649840354919434 691
4119 4113 6 0.19420289993286133 0.0017440319061279297 0.19594693183898926 692
4125 4119 6 0.18727827072143555 0.0018930435180664062 0.18917131423950195 693
4131 4125 6 0.1839127540588379 0.00408482551574707 0.18799757957458496 694
4138 4131 6 0.1827692985534668 0.0015377998352050781 0.18430709838867188 695
4143 4137 6 0.18578624725341797 0.0016644001007080078 0.18745064735412598 696
4149 4143 6 0.18241429328918457 0.0015842914581298828 0.18399858474731445 697
4155 4149 6 0.1835322380065918 0.0016160011291503906 0.1851482391357422 698
4161 4155 6 0.18138718605041504 0.0015592575073242188 0.18294644355773926 699
4167 4161 6 0.1810765266418457 0.0016086101531982422 0.18268513679504395 700
4172 4166 6 0.18178033828735352 0.008228063583374023 0.19000840187072754 701
4178 4172 6 0.18079495429992676 0.005221843719482422 0.18601679801940918 702
4184 4178 6 0.18414998054504395 0.00933527946472168 0.19348526000976562 703
4191 4190 1 0.17975282669067383 0.0018820762634277344 0.18163490295410156 704
4196 4191 5 0.18650031089782715 0.0016205310821533203 0.18812084197998047 705
4202 4196 6 0.18743228912353516 0.0015811920166015625 0.18901348114013672 706
4208 4202 6 0.18092584609985352 0.003587961196899414 0.18451380729675293 707
4214 4208 6 0.17624402046203613 0.0015249252319335938 0.17776894569396973 708
4219 4213 6 0.1767282485961914 0.010516643524169922 0.18724489212036133 709
4225 4219 6 0.17941713333129883 0.0016109943389892578 0.18102812767028809 710
4231 4225 6 0.1842644214630127 0.0016751289367675781 0.18593955039978027 711
4237 4231 6 0.18752050399780273 0.0016756057739257812 0.18919610977172852 712
4243 4237 6 0.18830561637878418 0.0016200542449951172 0.1899256706237793 713
4249 4243 6 0.1882483959197998 0.0015442371368408203 0.18979263305664062 714
4255 4249 6 0.1888282299041748 0.0016071796417236328 0.19043540954589844 715
4261 4255 6 0.1890273094177246 0.012711048126220703 0.2017383575439453 716
4267 4261 6 0.20407724380493164 0.005124807357788086 0.20920205116271973 717
4274 4273 1 0.18809819221496582 0.011531829833984375 0.1996300220489502 718
4280 4274 6 0.19373869895935059 0.003536224365234375 0.19727492332458496 719
4287 4286 1 0.1891164779663086 0.0015861988067626953 0.1907026767730713 720
4293 4287 6 0.19005179405212402 0.0016350746154785156 0.19168686866760254 721
4299 4298 1 0.1883540153503418 0.0016422271728515625 0.18999624252319336 722
4305 4299 5 0.19143390655517578 0.0015687942504882812 0.19300270080566406 723
4311 4310 1 0.18979644775390625 0.0015749931335449219 0.19137144088745117 724
4317 4311 6 0.1995830535888672 0.0015559196472167969 0.20113897323608398 725
4323 4322 1 0.18799734115600586 0.0015761852264404297 0.1895735263824463 726
4329 4323 6 0.19018983840942383 0.0016543865203857422 0.19184422492980957 727
4335 4334 1 0.18858838081359863 0.001649618148803711 0.19023799896240234 728
4341 4335 6 0.19157791137695312 0.001538991928100586 0.1931169033050537 729
4347 4341 6 0.18912410736083984 0.0017023086547851562 0.190826416015625 730
4353 4347 6 0.19094324111938477 0.0016453266143798828 0.19258856773376465 731
4359 4353 6 0.19027376174926758 0.0016512870788574219 0.191925048828125 732
4365 4359 6 0.19016194343566895 0.0017018318176269531 0.1918637752532959 733
4371 4365 6 0.1902930736541748 0.0018799304962158203 0.19217300415039062 734
4377 4371 6 0.18986916542053223 0.002184629440307617 0.19205379486083984 735
4384 4377 6 0.19647574424743652 0.0016605854034423828 0.1981363296508789 736
4390 4384 6 0.19173932075500488 0.0015540122985839844 0.19329333305358887 737
4396 4390 6 0.2000737190246582 0.0017042160034179688 0.20177793502807617 738
4402 4396 6 0.1906449794769287 0.0017135143280029297 0.19235849380493164 739
4408 4402 6 0.18922996520996094 0.0015976428985595703 0.1908276081085205 740
4414 4408 6 0.1908707618713379 0.0015635490417480469 0.19243431091308594 741
4420 4414 6 0.189255952835083 0.0015974044799804688 0.19085335731506348 742
4426 4420 6 0.1909489631652832 0.0015633106231689453 0.19251227378845215 743
4432 4426 6 0.19185304641723633 0.001676797866821289 0.19352984428405762 744
4438 4432 6 0.19470620155334473 0.0015459060668945312 0.19625210762023926 745
4444 4438 6 0.1968379020690918 0.0016467571258544922 0.1984846591949463 746
4451 4445 6 0.19210219383239746 0.0077402591705322266 0.1998424530029297 747
4457 4451 6 0.19063806533813477 0.0018634796142578125 0.19250154495239258 748
4463 4457 6 0.1900491714477539 0.0014739036560058594 0.19152307510375977 749
4469 4463 6 0.19263195991516113 0.0046901702880859375 0.19732213020324707 750
4475 4469 6 0.19067025184631348 0.0016362667083740234 0.1923065185546875 751
4481 4475 6 0.19217300415039062 0.0015559196472167969 0.19372892379760742 752
4488 4481 6 0.19109535217285156 0.0015869140625 0.19268226623535156 753
4493 4487 6 0.19297075271606445 0.0016150474548339844 0.19458580017089844 754
4500 4499 1 0.1923980712890625 0.0016214847564697266 0.19401955604553223 755
4506 4500 6 0.19365978240966797 0.0016031265258789062 0.19526290893554688 756
4512 4511 1 0.20319509506225586 0.0015993118286132812 0.20479440689086914 757
4518 4512 6 0.19711947441101074 0.0015213489532470703 0.1986408233642578 758
4525 4524 1 0.1925978660583496 0.0015802383422851562 0.19417810440063477 759
4531 4525 6 0.19387602806091309 0.0015153884887695312 0.19539141654968262 760
4537 4536 1 0.19080734252929688 0.0016627311706542969 0.19247007369995117 761
4543 4537 6 0.1944899559020996 0.0014619827270507812 0.1959519386291504 762
4549 4543 6 0.19194483757019043 0.0014615058898925781 0.193406343460083 763
4555 4549 6 0.19244074821472168 0.00414729118347168 0.19658803939819336 764
4561 4555 6 0.19437336921691895 0.0019474029541015625 0.1963207721710205 765
4568 4562 6 0.199995756149292 0.013596057891845703 0.2135918140411377 766
4575 4569 6 0.18596863746643066 0.0022728443145751953 0.18824148178100586 767
4581 4575 6 0.18609285354614258 0.001552581787109375 0.18764543533325195 768
4587 4581 6 0.18991303443908691 0.0017099380493164062 0.19162297248840332 769
4593 4587 6 0.18245196342468262 0.0016078948974609375 0.18405985832214355 770
4599 4593 6 0.18418288230895996 0.0015072822570800781 0.18569016456604004 771
4604 4598 6 0.19948220252990723 0.0014972686767578125 0.20097947120666504 772
4611 4610 1 0.19340205192565918 0.0015683174133300781 0.19497036933898926 773
4617 4611 6 0.19381427764892578 0.0014350414276123047 0.19524931907653809 774
4623 4622 1 0.1992635726928711 0.011116266250610352 0.21037983894348145 775
4630 4624 6 0.18961691856384277 0.001596212387084961 0.19121313095092773 776
4636 4630 6 0.18537569046020508 0.0015070438385009766 0.18688273429870605 777
4641 4635 6 0.18588566780090332 0.0016260147094726562 0.18751168251037598 778
4648 4647 1 0.1871809959411621 0.0016314983367919922 0.1888124942779541 779
4653 4648 5 0.19311976432800293 0.001565694808959961 0.1946854591369629 780
4660 4659 1 0.19310688972473145 0.0015201568603515625 0.194627046585083 781
4666 4660 6 0.19541168212890625 0.0014972686767578125 0.19690895080566406 782
4672 4671 1 0.19384098052978516 0.0038077831268310547 0.1976487636566162 783
4678 4672 6 0.19312524795532227 0.0027115345001220703 0.19583678245544434 784
4685 4684 1 0.18837976455688477 0.009375810623168945 0.1977555751800537 785
4691 4685 6 0.18785524368286133 0.001508951187133789 0.18936419486999512 786
4697 4696 1 0.18105101585388184 0.001523733139038086 0.18257474899291992 787
4703 4697 6 0.1860804557800293 0.001661062240600586 0.18774151802062988 788
4709 4702 6 0.1886608600616455 0.001615285873413086 0.1902761459350586 789
4714 4708 6 0.18981146812438965 0.0015969276428222656 0.19140839576721191 790
4720 4714 6 0.18738698959350586 0.0015916824340820312 0.1889786720275879 791
4726 4720 6 0.19022297859191895 0.0015316009521484375 0.19175457954406738 792
4732 4726 6 0.18758058547973633 0.0016334056854248047 0.18921399116516113 793
4738 4732 6 0.19072222709655762 0.0015778541564941406 0.19230008125305176 794
4744 4738 6 0.18690967559814453 0.001760244369506836 0.18866991996765137 795
4750 4744 6 0.18744659423828125 0.0015902519226074219 0.18903684616088867 796
4756 4750 6 0.1891345977783203 0.002073526382446289 0.1912081241607666 797
4762 4756 6 0.19038152694702148 0.002201080322265625 0.1925826072692871 798
4768 4762 6 0.18625283241271973 0.0029954910278320312 0.18924832344055176 799
4774 4768 6 0.19293570518493652 0.0020782947540283203 0.19501399993896484 800
4781 4775 6 0.18380403518676758 0.008974313735961914 0.1927783489227295 801
4786 4780 6 0.18852996826171875 0.0014545917510986328 0.18998456001281738 802
4793 4792 1 0.18320631980895996 0.0014531612396240234 0.18465948104858398 803
4799 4793 5 0.18588590621948242 0.0016012191772460938 0.18748712539672852 804
4805 4804 1 0.18461108207702637 0.012443780899047852 0.19705486297607422 805
4811 4805 6 0.18274617195129395 0.0016624927520751953 0.18440866470336914 806
4817 4816 1 0.182281494140625 0.001483917236328125 0.18376541137695312 807
4817 4817 0 0.1848762035369873 0.0014865398406982422 0.18636274337768555 808
stop drivable detection
