load checkpoint from http path: https://dl.cv.ethz.ch/bdd100k/drivable/models/dnl_r50-d8_512x1024_40k_drivable_bdd100k.pth
timely function starting...
2 1 1 0.20327043533325195 0.002686023712158203 0.20595645904541016 1
90 88 2 0.17250347137451172 0.0015652179718017578 0.17406868934631348 2
94 89 5 0.1694936752319336 0.0016026496887207031 0.1710963249206543 3
99 93 6 0.16502594947814941 0.0016331672668457031 0.16665911674499512 4
104 98 6 0.16646695137023926 0.0013909339904785156 0.16785788536071777 5
109 103 6 0.16715431213378906 0.0024547576904296875 0.16960906982421875 6
115 108 6 0.1676006317138672 0.0016510486602783203 0.1692516803741455 7
119 113 6 0.1728532314300537 0.0015039443969726562 0.17435717582702637 8
124 118 6 0.16619253158569336 0.0015244483947753906 0.16771697998046875 9
129 123 6 0.16656112670898438 0.0032575130462646484 0.16981863975524902 10
134 128 6 0.17453813552856445 0.0018231868743896484 0.1763613224029541 11
139 133 6 0.16826725006103516 0.0014107227325439453 0.1696779727935791 12
144 138 6 0.16637778282165527 0.006226062774658203 0.17260384559631348 13
149 143 6 0.16625547409057617 0.011842489242553711 0.17809796333312988 14
154 148 6 0.1721482276916504 0.0030591487884521484 0.17520737648010254 15
159 153 6 0.1722092628479004 0.0015132427215576172 0.173722505569458 16
164 158 6 0.167008638381958 0.0016143321990966797 0.1686229705810547 17
170 168 2 0.16695547103881836 0.002010822296142578 0.16896629333496094 18
175 169 6 0.17326879501342773 0.0014908313751220703 0.1747596263885498 19
180 174 6 0.16756606101989746 0.0017349720001220703 0.16930103302001953 20
185 179 6 0.16802597045898438 0.0018444061279296875 0.16987037658691406 21
190 184 6 0.16609644889831543 0.0024640560150146484 0.16856050491333008 22
195 189 6 0.16621756553649902 0.0018079280853271484 0.16802549362182617 23
200 194 6 0.17157936096191406 0.012679100036621094 0.18425846099853516 24
206 199 6 0.16753196716308594 0.0016591548919677734 0.1691911220550537 25
211 210 1 0.16695308685302734 0.0015959739685058594 0.1685490608215332 26
216 211 5 0.1676781177520752 0.0016214847564697266 0.16929960250854492 27
221 215 6 0.16695165634155273 0.0015811920166015625 0.1685328483581543 28
225 219 6 0.1658930778503418 0.0018355846405029297 0.16772866249084473 29
230 224 6 0.23266172409057617 0.0015349388122558594 0.23419666290283203 30
237 231 6 0.16924405097961426 0.0016050338745117188 0.17084908485412598 31
242 236 6 0.1677696704864502 0.0018951892852783203 0.16966485977172852 32
247 241 6 0.1679680347442627 0.0015871524810791016 0.1695551872253418 33
252 246 6 0.16691017150878906 0.004625082015991211 0.17153525352478027 34
257 251 6 0.16686463356018066 0.001688241958618164 0.16855287551879883 35
262 256 6 0.17558741569519043 0.0015172958374023438 0.17710471153259277 36
267 261 6 0.20570611953735352 0.001470327377319336 0.20717644691467285 37
273 267 6 0.16781949996948242 0.0018932819366455078 0.16971278190612793 38
278 272 6 0.16997313499450684 0.0016357898712158203 0.17160892486572266 39
283 277 6 0.16660284996032715 0.0016932487487792969 0.16829609870910645 40
288 282 6 0.16800642013549805 0.002127408981323242 0.1701338291168213 41
293 287 6 0.16701698303222656 0.00273895263671875 0.1697559356689453 42
298 292 6 0.1684403419494629 0.013427019119262695 0.18186736106872559 43
303 297 6 0.16762685775756836 0.001768350601196289 0.16939520835876465 44
308 302 6 0.17447566986083984 0.0017414093017578125 0.17621707916259766 45
313 307 6 0.17590641975402832 0.0016655921936035156 0.17757201194763184 46
318 312 6 0.17155170440673828 0.0015022754669189453 0.17305397987365723 47
323 317 6 0.16694235801696777 0.001573324203491211 0.16851568222045898 48
328 322 6 0.16848397254943848 0.0014438629150390625 0.16992783546447754 49
333 327 6 0.1693437099456787 0.00615692138671875 0.17550063133239746 50
338 332 6 0.16681337356567383 0.012377738952636719 0.17919111251831055 51
344 337 6 0.16745924949645996 0.0054166316986083984 0.17287588119506836 52
349 342 6 0.1694049835205078 0.002277374267578125 0.17168235778808594 53
354 348 6 0.16942477226257324 0.0015039443969726562 0.1709287166595459 54
359 353 6 0.17707300186157227 0.0020325183868408203 0.17910552024841309 55
365 359 6 0.17950773239135742 0.0015721321105957031 0.18107986450195312 56
371 364 6 0.17848420143127441 0.0016183853149414062 0.18010258674621582 57
376 374 2 0.16707634925842285 0.0015151500701904297 0.16859149932861328 58
380 375 5 0.16868829727172852 0.0015511512756347656 0.17023944854736328 59
386 384 2 0.17769551277160645 0.0015420913696289062 0.17923760414123535 60
391 385 6 0.1679515838623047 0.0016045570373535156 0.1695561408996582 61
396 390 6 0.16944074630737305 0.0015196800231933594 0.1709604263305664 62
401 395 5 0.17037510871887207 0.0020651817321777344 0.1724402904510498 63
406 402 4 0.1681351661682129 0.007788419723510742 0.17592358589172363 64
411 404 6 0.16806793212890625 0.017429351806640625 0.18549728393554688 65
416 410 6 0.16702938079833984 0.006821870803833008 0.17385125160217285 66
421 415 6 0.1735997200012207 0.007293701171875 0.1808934211730957 67
427 425 2 0.167738676071167 0.004570484161376953 0.17230916023254395 68
432 426 6 0.16889691352844238 0.0015537738800048828 0.17045068740844727 69
436 431 5 0.17409896850585938 0.012503623962402344 0.18660259246826172 70
440 435 5 0.1812598705291748 0.0015964508056640625 0.18285632133483887 71
445 439 6 0.1672346591949463 0.012780904769897461 0.18001556396484375 72
449 444 5 0.19997215270996094 0.015697717666625977 0.21566987037658691 73
454 448 6 0.16876959800720215 0.0015549659729003906 0.17032456398010254 74
459 453 6 0.18495750427246094 0.0127410888671875 0.19769859313964844 75
464 458 6 0.19387149810791016 0.018448352813720703 0.21231985092163086 76
468 462 6 0.1814126968383789 0.01439666748046875 0.19580936431884766 77
473 467 6 0.18929791450500488 0.008070945739746094 0.19736886024475098 78
477 472 5 0.17596697807312012 0.01026296615600586 0.18622994422912598 79
482 476 6 0.21156740188598633 0.006634235382080078 0.2182016372680664 80
487 481 5 0.17310786247253418 0.01263117790222168 0.18573904037475586 81
492 486 6 0.1997838020324707 0.012624263763427734 0.21240806579589844 82
497 490 6 0.17342257499694824 0.002440214157104492 0.17586278915405273 83
502 496 6 0.1670839786529541 0.0016021728515625 0.1686861515045166 84
507 500 6 0.18081331253051758 0.003729104995727539 0.18454241752624512 85
511 505 6 0.21436619758605957 0.0019397735595703125 0.21630597114562988 86
516 510 6 0.17859601974487305 0.0016503334045410156 0.18024635314941406 87
522 520 2 0.17049932479858398 0.0014586448669433594 0.17195796966552734 88
527 521 6 0.16945385932922363 0.0023491382598876953 0.17180299758911133 89
532 526 6 0.16876006126403809 0.0015411376953125 0.17030119895935059 90
537 531 6 0.16925883293151855 0.001550912857055664 0.17080974578857422 91
542 536 6 0.16750264167785645 0.022628068923950195 0.19013071060180664 92
547 541 6 0.1730649471282959 0.008599042892456055 0.18166399002075195 93
552 546 6 0.16707420349121094 0.0015172958374023438 0.16859149932861328 94
557 551 6 0.17495942115783691 0.018999338150024414 0.19395875930786133 95
562 556 5 0.1764369010925293 0.002935647964477539 0.17937254905700684 96
567 561 6 0.1675739288330078 0.0015687942504882812 0.1691427230834961 97
572 566 6 0.1683642864227295 0.011495590209960938 0.17985987663269043 98
577 571 6 0.19488191604614258 0.021207809448242188 0.21608972549438477 99
583 577 6 0.1892557144165039 0.012850522994995117 0.20210623741149902 100
589 582 6 0.18184852600097656 0.008507728576660156 0.19035625457763672 101
594 592 2 0.21691322326660156 0.002655506134033203 0.21956872940063477 102
599 593 6 0.20015382766723633 0.0015950202941894531 0.20174884796142578 103
604 598 6 0.16972136497497559 0.0015606880187988281 0.17128205299377441 104
608 603 5 0.18254947662353516 0.013002872467041016 0.19555234909057617 105
613 607 6 0.18282628059387207 0.012982606887817383 0.19580888748168945 106
618 612 6 0.19055533409118652 0.01055455207824707 0.2011098861694336 107
623 617 6 0.18309783935546875 0.01324152946472168 0.19633936882019043 108
630 623 6 0.19660520553588867 0.008324623107910156 0.20492982864379883 109
634 628 6 0.1703643798828125 0.023218154907226562 0.19358253479003906 110
638 633 5 0.21274328231811523 0.014600515365600586 0.22734379768371582 111
644 638 6 0.2163527011871338 0.0360414981842041 0.2523941993713379 112
650 644 6 0.19318246841430664 0.013994455337524414 0.20717692375183105 113
655 649 6 0.19859790802001953 0.009172439575195312 0.20777034759521484 114
660 654 6 0.1859281063079834 0.0126495361328125 0.1985776424407959 115
665 659 6 0.18555927276611328 0.010592460632324219 0.1961517333984375 116
669 664 5 0.20697522163391113 0.012598037719726562 0.2195732593536377 117
673 668 5 0.18177270889282227 0.020195484161376953 0.20196819305419922 118
678 672 6 0.19036173820495605 0.01166844367980957 0.20203018188476562 119
682 677 5 0.18221688270568848 0.022964000701904297 0.20518088340759277 120
688 682 6 0.17748641967773438 0.05263638496398926 0.23012280464172363 121
693 687 6 0.18825888633728027 0.016495227813720703 0.20475411415100098 122
699 693 6 0.1826920509338379 0.007980585098266602 0.1906726360321045 123
704 698 6 0.18529176712036133 0.004216670989990234 0.18950843811035156 124
709 703 6 0.19821596145629883 0.01274871826171875 0.21096467971801758 125
714 708 6 0.19410419464111328 0.005925178527832031 0.2000293731689453 126
719 713 6 0.18051767349243164 0.001504659652709961 0.1820223331451416 127
724 718 6 0.1692972183227539 0.0038874149322509766 0.17318463325500488 128
730 724 6 0.16870427131652832 0.012632131576538086 0.1813364028930664 129
735 729 6 0.16823530197143555 0.004544973373413086 0.17278027534484863 130
740 734 6 0.17148399353027344 0.0014469623565673828 0.17293095588684082 131
745 739 6 0.17664098739624023 0.0015320777893066406 0.17817306518554688 132
751 745 6 0.17121100425720215 0.004042863845825195 0.17525386810302734 133
756 750 6 0.1682112216949463 0.0016286373138427734 0.16983985900878906 134
761 755 6 0.17036795616149902 0.0018622875213623047 0.17223024368286133 135
766 760 6 0.17104196548461914 0.0019354820251464844 0.17297744750976562 136
771 765 6 0.17053437232971191 0.0013952255249023438 0.17192959785461426 137
776 770 6 0.1690826416015625 0.008913755416870117 0.17799639701843262 138
781 775 6 0.16889476776123047 0.008864402770996094 0.17775917053222656 139
787 781 6 0.1708364486694336 0.0015282630920410156 0.1723647117614746 140
792 786 6 0.1764850616455078 0.001451253890991211 0.17793631553649902 141
797 791 6 0.17064929008483887 0.0022389888763427734 0.17288827896118164 142
802 796 6 0.16906261444091797 0.0014128684997558594 0.17047548294067383 143
807 801 6 0.1697232723236084 0.0016374588012695312 0.17136073112487793 144
813 807 6 0.16857528686523438 0.0014510154724121094 0.17002630233764648 145
818 812 6 0.16946721076965332 0.001516103744506836 0.17098331451416016 146
824 822 2 0.16810846328735352 0.0016887187957763672 0.16979718208312988 147
829 823 6 0.17972612380981445 0.0020318031311035156 0.18175792694091797 148
834 828 6 0.17862987518310547 0.004410266876220703 0.18304014205932617 149
840 834 6 0.18362808227539062 0.011711359024047852 0.19533944129943848 150
846 840 6 0.17999625205993652 0.001645803451538086 0.1816420555114746 151
852 845 6 0.1734018325805664 0.00159454345703125 0.17499637603759766 152
857 851 6 0.1801316738128662 0.005330562591552734 0.18546223640441895 153
862 856 6 0.17141079902648926 0.001529693603515625 0.17294049263000488 154
868 866 2 0.1684274673461914 0.0015833377838134766 0.17001080513000488 155
873 867 6 0.1709578037261963 0.004548311233520508 0.1755061149597168 156
879 877 2 0.16992807388305664 0.006316423416137695 0.17624449729919434 157
884 878 6 0.17009806632995605 0.0015714168548583984 0.17166948318481445 158
890 888 2 0.18054842948913574 0.0015370845794677734 0.18208551406860352 159
895 889 6 0.17082905769348145 0.012420892715454102 0.18324995040893555 160
901 899 2 0.16878557205200195 0.0015511512756347656 0.17033672332763672 161
906 900 6 0.16961956024169922 0.00960850715637207 0.1792280673980713 162
912 905 6 0.16902589797973633 0.003255605697631836 0.17228150367736816 163
917 911 6 0.17037320137023926 0.009359598159790039 0.1797327995300293 164
922 916 6 0.16830110549926758 0.0042607784271240234 0.1725618839263916 165
927 921 6 0.1683650016784668 0.0017039775848388672 0.17006897926330566 166
932 926 6 0.17660188674926758 0.0059719085693359375 0.18257379531860352 167
938 932 6 0.17017388343811035 0.0016183853149414062 0.17179226875305176 168
943 937 6 0.1779940128326416 0.0017247200012207031 0.1797187328338623 169
949 943 6 0.1816558837890625 0.0016224384307861328 0.18327832221984863 170
954 948 6 0.17592120170593262 0.0015416145324707031 0.17746281623840332 171
959 953 6 0.17409086227416992 0.001615762710571289 0.1757066249847412 172
964 958 6 0.17032265663146973 0.0016565322875976562 0.17197918891906738 173
969 963 6 0.1736462116241455 0.0014061927795410156 0.17505240440368652 174
974 968 6 0.1712327003479004 0.001392364501953125 0.17262506484985352 175
980 978 2 0.1696949005126953 0.005105257034301758 0.17480015754699707 176
985 979 6 0.17033767700195312 0.002724170684814453 0.17306184768676758 177
990 984 6 0.17215228080749512 0.0015423297882080078 0.17369461059570312 178
995 989 6 0.17975687980651855 0.0017359256744384766 0.18149280548095703 179
1001 999 2 0.16999197006225586 0.0016586780548095703 0.17165064811706543 180
1005 1000 5 0.1798412799835205 0.0014264583587646484 0.18126773834228516 181
1011 1009 2 0.17548036575317383 0.0014679431915283203 0.17694830894470215 182
1015 1010 5 0.17380714416503906 0.0016062259674072266 0.1754133701324463 183
1020 1014 6 0.1690378189086914 0.010059833526611328 0.17909765243530273 184
1025 1019 6 0.17148566246032715 0.009133338928222656 0.1806190013885498 185
1030 1024 6 0.1858508586883545 0.0017597675323486328 0.18761062622070312 186
1035 1029 6 0.18052244186401367 0.0014889240264892578 0.18201136589050293 187
1041 1035 6 0.1736435890197754 0.001628875732421875 0.17527246475219727 188
1046 1040 6 0.17368102073669434 0.004762411117553711 0.17844343185424805 189
1051 1045 6 0.1800997257232666 0.0016231536865234375 0.18172287940979004 190
1056 1050 6 0.17974400520324707 0.0015926361083984375 0.1813366413116455 191
1061 1055 6 0.16811776161193848 0.0015916824340820312 0.1697094440460205 192
1066 1060 6 0.1703028678894043 0.001569509506225586 0.17187237739562988 193
1071 1065 6 0.17012262344360352 0.0019407272338867188 0.17206335067749023 194
1076 1070 6 0.17263436317443848 0.017951011657714844 0.19058537483215332 195
1082 1076 6 0.17858052253723145 0.0175321102142334 0.19611263275146484 196
1087 1081 6 0.19237756729125977 0.0017609596252441406 0.1941385269165039 197
1093 1091 2 0.19267535209655762 0.0014753341674804688 0.19415068626403809 198
1098 1092 6 0.17967462539672852 0.001556396484375 0.18123102188110352 199
1104 1103 1 0.17043137550354004 0.0016715526580810547 0.1721029281616211 200
1109 1104 5 0.17125749588012695 0.001550912857055664 0.17280840873718262 201
1114 1108 6 0.17116403579711914 0.0015838146209716797 0.17274785041809082 202
1119 1113 6 0.17153406143188477 0.0015001296997070312 0.1730341911315918 203
1124 1118 6 0.17054247856140137 0.004020214080810547 0.17456269264221191 204
1129 1123 6 0.17240262031555176 0.002608776092529297 0.17501139640808105 205
1135 1133 2 0.17724084854125977 0.0053348541259765625 0.18257570266723633 206
1140 1134 6 0.19626116752624512 0.0015382766723632812 0.1977994441986084 207
1147 1145 2 0.18360280990600586 0.0016205310821533203 0.18522334098815918 208
1152 1146 6 0.17242193222045898 0.0016980171203613281 0.1741199493408203 209
1157 1151 6 0.17183876037597656 0.0015387535095214844 0.17337751388549805 210
1162 1156 6 0.17093181610107422 0.0019032955169677734 0.172835111618042 211
1167 1161 6 0.17235732078552246 0.0016045570373535156 0.17396187782287598 212
1173 1166 6 0.17015671730041504 0.0023844242095947266 0.17254114151000977 213
1178 1172 6 0.1708071231842041 0.0020475387573242188 0.17285466194152832 214
1183 1177 6 0.172044038772583 0.019224882125854492 0.1912689208984375 215
1188 1182 6 0.17197084426879883 0.002257108688354492 0.17422795295715332 216
1193 1187 6 0.17844462394714355 0.001932382583618164 0.18037700653076172 217
1199 1197 2 0.1846761703491211 0.012014389038085938 0.19669055938720703 218
1204 1198 6 0.17522239685058594 0.0019865036010742188 0.17720890045166016 219
1210 1208 2 0.17967915534973145 0.001466989517211914 0.18114614486694336 220
1215 1209 6 0.17212820053100586 0.0017995834350585938 0.17392778396606445 221
1220 1214 6 0.17231249809265137 0.0015461444854736328 0.173858642578125 222
1225 1219 6 0.17141366004943848 0.0057909488677978516 0.17720460891723633 223
1230 1224 6 0.17318415641784668 0.0015208721160888672 0.17470502853393555 224
1236 1230 6 0.17052483558654785 0.005013942718505859 0.1755387783050537 225
1241 1235 6 0.17243456840515137 0.009819269180297852 0.18225383758544922 226
1246 1240 6 0.17382383346557617 0.004787921905517578 0.17861175537109375 227
1251 1245 6 0.17437052726745605 0.0016994476318359375 0.176069974899292 228
1256 1250 6 0.1752641201019287 0.0017919540405273438 0.17705607414245605 229
1262 1256 6 0.1701188087463379 0.007962465286254883 0.17808127403259277 230
1267 1261 6 0.1706387996673584 0.0015354156494140625 0.17217421531677246 231
1272 1266 6 0.17308354377746582 0.0014753341674804688 0.1745588779449463 232
1277 1271 6 0.17217278480529785 0.001615285873413086 0.17378807067871094 233
1282 1276 6 0.1713395118713379 0.010792732238769531 0.18213224411010742 234
1287 1281 6 0.17203593254089355 0.0019381046295166016 0.17397403717041016 235
1293 1287 6 0.17214465141296387 0.0015420913696289062 0.17368674278259277 236
1298 1292 6 0.17542123794555664 0.0016078948974609375 0.17702913284301758 237
1304 1302 2 0.17111420631408691 0.0015823841094970703 0.17269659042358398 238
1309 1303 5 0.17097997665405273 0.0033838748931884766 0.1743638515472412 239
1313 1307 6 0.1732938289642334 0.0014302730560302734 0.17472410202026367 240
1319 1312 6 0.17163300514221191 0.00794363021850586 0.17957663536071777 241
1324 1323 1 0.17110157012939453 0.006532192230224609 0.17763376235961914 242
1329 1324 5 0.17322206497192383 0.004618644714355469 0.1778407096862793 243
1335 1328 6 0.17192602157592773 0.0014910697937011719 0.1734170913696289 244
1339 1333 6 0.18502426147460938 0.0032875537872314453 0.18831181526184082 245
1345 1343 2 0.17372775077819824 0.008779764175415039 0.18250751495361328 246
1350 1344 6 0.1920616626739502 0.0219113826751709 0.2139730453491211 247
1357 1355 1 0.1809234619140625 0.00891256332397461 0.1898360252380371 248
1362 1356 6 0.17662739753723145 0.0014758110046386719 0.17810320854187012 249
1368 1367 1 0.16994595527648926 0.002817392349243164 0.17276334762573242 250
1372 1368 4 0.1727278232574463 0.0015807151794433594 0.17430853843688965 251
1377 1371 6 0.17319774627685547 0.0016207695007324219 0.1748185157775879 252
1382 1376 6 0.19433999061584473 0.0015485286712646484 0.19588851928710938 253
1388 1382 6 0.17202997207641602 0.0015788078308105469 0.17360877990722656 254
1393 1387 6 0.17284941673278809 0.0015408992767333984 0.17439031600952148 255
1398 1392 6 0.17560386657714844 0.0015535354614257812 0.17715740203857422 256
1403 1397 6 0.17446446418762207 0.0077800750732421875 0.18224453926086426 257
1408 1402 5 0.17188072204589844 0.01696181297302246 0.1888425350189209 258
1413 1407 6 0.17309856414794922 0.01035618782043457 0.1834547519683838 259
1419 1413 6 0.1757974624633789 0.00156402587890625 0.17736148834228516 260
1424 1418 6 0.17879438400268555 0.001485586166381836 0.18027997016906738 261
1429 1423 6 0.17180275917053223 0.0015671253204345703 0.1733698844909668 262
1435 1428 6 0.1723036766052246 0.010739564895629883 0.1830432415008545 263
1439 1433 6 0.1751692295074463 0.0015571117401123047 0.1767263412475586 264
1443 1438 5 0.1742558479309082 0.009608983993530273 0.18386483192443848 265
1449 1443 6 0.17251968383789062 0.0068132877349853516 0.17933297157287598 266
1454 1448 6 0.1714022159576416 0.009686470031738281 0.18108868598937988 267
1459 1453 6 0.17453503608703613 0.013187408447265625 0.18772244453430176 268
1465 1459 6 0.17193126678466797 0.014772653579711914 0.18670392036437988 269
1470 1464 6 0.17760968208312988 0.005747079849243164 0.18335676193237305 270
1476 1469 6 0.17754006385803223 0.007750511169433594 0.18529057502746582 271
1481 1475 6 0.17611312866210938 0.0015780925750732422 0.17769122123718262 272
1487 1480 6 0.18500232696533203 0.0015616416931152344 0.18656396865844727 273
1491 1485 6 0.17171144485473633 0.001779317855834961 0.1734907627105713 274
1496 1490 6 0.17222380638122559 0.0016167163848876953 0.17384052276611328 275
1501 1495 6 0.17157340049743652 0.0016014575958251953 0.17317485809326172 276
1506 1500 6 0.17128586769104004 0.014351367950439453 0.1856372356414795 277
1511 1505 6 0.17212581634521484 0.020015478134155273 0.19214129447937012 278
1516 1510 6 0.17766189575195312 0.001806020736694336 0.17946791648864746 279
1521 1515 6 0.18432140350341797 0.0054209232330322266 0.1897423267364502 280
1527 1521 6 0.1772146224975586 0.007721662521362305 0.1849362850189209 281
1532 1526 6 0.179121732711792 0.0022182464599609375 0.18133997917175293 282
1537 1531 6 0.184523344039917 0.00558924674987793 0.19011259078979492 283
1542 1536 6 0.17991042137145996 0.012625694274902344 0.1925361156463623 284
1547 1541 6 0.17860817909240723 0.0016112327575683594 0.18021941184997559 285
1552 1546 6 0.17736411094665527 0.001561880111694336 0.1789259910583496 286
1557 1551 6 0.17356395721435547 0.0016317367553710938 0.17519569396972656 287
1562 1556 6 0.1743478775024414 0.0016171932220458984 0.1759650707244873 288
1567 1561 6 0.1737380027770996 0.0015845298767089844 0.1753225326538086 289
1572 1566 6 0.17238140106201172 0.005215644836425781 0.1775970458984375 290
1577 1571 6 0.1750328540802002 0.007678508758544922 0.18271136283874512 291
1582 1576 6 0.2261667251586914 0.0019817352294921875 0.2281484603881836 292
1589 1583 6 0.17502140998840332 0.002077341079711914 0.17709875106811523 293
1594 1588 6 0.21003103256225586 0.012776851654052734 0.2228078842163086 294
1600 1599 1 0.17411112785339355 0.01746511459350586 0.19157624244689941 295
1606 1600 6 0.17265582084655762 0.005549192428588867 0.17820501327514648 296
1612 1605 6 0.17350554466247559 0.0016863346099853516 0.17519187927246094 297
1616 1610 6 0.17346715927124023 0.023637056350708008 0.19710421562194824 298
1622 1620 2 0.1746387481689453 0.012781381607055664 0.18742012977600098 299
1627 1621 6 0.19152164459228516 0.0016355514526367188 0.19315719604492188 300
1632 1626 6 0.1752488613128662 0.005697727203369141 0.18094658851623535 301
1637 1631 6 0.1737985610961914 0.0019252300262451172 0.17572379112243652 302
1643 1641 2 0.17414331436157227 0.00937795639038086 0.18352127075195312 303
1648 1642 6 0.18628573417663574 0.0015819072723388672 0.1878676414489746 304
1654 1652 2 0.17363739013671875 0.001585245132446289 0.17522263526916504 305
1658 1653 5 0.17483997344970703 0.0015411376953125 0.17638111114501953 306
1663 1657 6 0.1743757724761963 0.009116649627685547 0.18349242210388184 307
1668 1662 6 0.17538857460021973 0.004593849182128906 0.17998242378234863 308
1673 1667 6 0.1731114387512207 0.0019817352294921875 0.1750931739807129 309
1677 1672 5 0.18013381958007812 0.0030167102813720703 0.1831505298614502 310
1682 1676 6 0.1736137866973877 0.006984233856201172 0.18059802055358887 311
1687 1681 6 0.1781752109527588 0.0015575885772705078 0.1797327995300293 312
1692 1686 6 0.18909478187561035 0.010034322738647461 0.1991291046142578 313
1697 1691 6 0.17559576034545898 0.016144990921020508 0.1917407512664795 314
1703 1697 6 0.17325997352600098 0.0016448497772216797 0.17490482330322266 315
1708 1702 6 0.19440579414367676 0.002309083938598633 0.1967148780822754 316
1713 1707 6 0.18995189666748047 0.002834320068359375 0.19278621673583984 317
1718 1712 6 0.17520642280578613 0.00799703598022461 0.18320345878601074 318
1723 1717 6 0.17522573471069336 0.0031921863555908203 0.17841792106628418 319
1728 1722 6 0.17484664916992188 0.012506961822509766 0.18735361099243164 320
1733 1727 6 0.17380428314208984 0.0014843940734863281 0.17528867721557617 321
1738 1732 5 0.21688604354858398 0.0015163421630859375 0.21840238571166992 322
1744 1743 1 0.17777347564697266 0.0015163421630859375 0.1792898178100586 323
1748 1744 4 0.1752176284790039 0.0015816688537597656 0.17679929733276367 324
1753 1747 6 0.17683148384094238 0.0017638206481933594 0.17859530448913574 325
1758 1752 6 0.1747572422027588 0.03637218475341797 0.21112942695617676 326
1763 1757 6 0.173675537109375 0.009096622467041016 0.18277215957641602 327
1768 1762 6 0.19238686561584473 0.0072863101959228516 0.19967317581176758 328
1774 1768 6 0.1735851764678955 0.0015616416931152344 0.17514681816101074 329
1779 1773 6 0.1761486530303955 0.0018777847290039062 0.17802643775939941 330
1785 1783 2 0.17568588256835938 0.010793209075927734 0.1864790916442871 331
1790 1784 6 0.17344164848327637 0.0017101764678955078 0.17515182495117188 332
1795 1789 6 0.17683029174804688 0.0015003681182861328 0.178330659866333 333
1800 1794 6 0.17612314224243164 0.003146648406982422 0.17926979064941406 334
1805 1799 6 0.1749560832977295 0.02024245262145996 0.19519853591918945 335
1810 1804 6 0.1728198528289795 0.00987863540649414 0.18269848823547363 336
1816 1809 6 0.17516422271728516 0.012903928756713867 0.18806815147399902 337
1821 1815 6 0.1732783317565918 0.006433963775634766 0.17971229553222656 338
1825 1820 5 0.1762537956237793 0.003336191177368164 0.17958998680114746 339
1829 1824 5 0.2125251293182373 0.01720571517944336 0.22973084449768066 340
1835 1829 6 0.20998549461364746 0.007546901702880859 0.21753239631652832 341
1841 1834 6 0.1924586296081543 0.0020682811737060547 0.19452691078186035 342
1847 1845 2 0.17401885986328125 0.0018379688262939453 0.1758568286895752 343
1852 1846 6 0.20615768432617188 0.001800537109375 0.20795822143554688 344
1857 1851 6 0.20240449905395508 0.001459360122680664 0.20386385917663574 345
1863 1856 6 0.17609524726867676 0.0015866756439208984 0.17768192291259766 346
1867 1861 6 0.1753838062286377 0.0015766620635986328 0.17696046829223633 347
1872 1866 6 0.17396044731140137 0.0014989376068115234 0.1754593849182129 348
1877 1871 6 0.17377424240112305 0.0015926361083984375 0.17536687850952148 349
1882 1876 6 0.17455744743347168 0.0015025138854980469 0.17605996131896973 350
1887 1881 6 0.1739194393157959 0.001537322998046875 0.17545676231384277 351
1892 1886 6 0.17393732070922852 0.007473945617675781 0.1814112663269043 352
1897 1891 6 0.178757905960083 0.011064291000366211 0.18982219696044922 353
1902 1896 6 0.1937723159790039 0.0015828609466552734 0.19535517692565918 354
1907 1901 6 0.1953744888305664 0.0015187263488769531 0.19689321517944336 355
1912 1906 6 0.17543745040893555 0.010459661483764648 0.1858971118927002 356
1916 1910 6 0.18032526969909668 0.0013997554779052734 0.18172502517700195 357
1921 1915 6 0.17530107498168945 0.0015130043029785156 0.17681407928466797 358
1925 1919 6 0.17400741577148438 0.002665281295776367 0.17667269706726074 359
1930 1924 6 0.1767880916595459 0.01257181167602539 0.1893599033355713 360
1935 1929 6 0.1749250888824463 0.008968114852905273 0.18389320373535156 361
1940 1934 6 0.17829346656799316 0.011866331100463867 0.19015979766845703 362
1945 1939 6 0.17328453063964844 0.008034706115722656 0.1813192367553711 363
1949 1943 6 0.1770017147064209 0.010717153549194336 0.18771886825561523 364
1953 1948 5 0.18058443069458008 0.0017001628875732422 0.18228459358215332 365
1959 1952 6 0.18921685218811035 0.005989551544189453 0.1952064037322998 366
1964 1958 6 0.17619538307189941 0.0038771629333496094 0.18007254600524902 367
1969 1963 6 0.1795487403869629 0.0019545555114746094 0.1815032958984375 368
1974 1968 6 0.17270278930664062 0.0015044212341308594 0.17420721054077148 369
1979 1973 6 0.17531919479370117 0.0014753341674804688 0.17679452896118164 370
1984 1978 5 0.17457818984985352 0.012622594833374023 0.18720078468322754 371
1988 1982 6 0.1839148998260498 0.003194093704223633 0.18710899353027344 372
1994 1988 6 0.17574596405029297 0.003892183303833008 0.17963814735412598 373
1999 1993 6 0.18909215927124023 0.0016150474548339844 0.19070720672607422 374
2005 2003 2 0.19994115829467773 0.011132955551147461 0.2110741138458252 375
2010 2004 6 0.19797182083129883 0.0015897750854492188 0.19956159591674805 376
2015 2009 6 0.1904604434967041 0.013262033462524414 0.20372247695922852 377
2020 2014 6 0.18398761749267578 0.003826141357421875 0.18781375885009766 378
2026 2025 1 0.1855320930480957 0.003382444381713867 0.18891453742980957 379
2032 2026 6 0.19907855987548828 0.0015075206756591797 0.20058608055114746 380
2037 2031 6 0.17333245277404785 0.0016155242919921875 0.17494797706604004 381
2041 2036 5 0.19301581382751465 0.0014448165893554688 0.19446063041687012 382
2046 2040 6 0.20761990547180176 0.0015206336975097656 0.20914053916931152 383
2051 2045 6 0.18375492095947266 0.013057708740234375 0.19681262969970703 384
2057 2055 2 0.1778557300567627 0.004998207092285156 0.18285393714904785 385
2062 2056 6 0.17542529106140137 0.001466989517211914 0.17689228057861328 386
2068 2066 2 0.18690228462219238 0.016923189163208008 0.2038254737854004 387
2073 2067 6 0.1794297695159912 0.001524209976196289 0.1809539794921875 388
2078 2072 6 0.18886399269104004 0.008407115936279297 0.19727110862731934 389
2083 2077 6 0.1857621669769287 0.01197957992553711 0.19774174690246582 390
2088 2082 6 0.20456862449645996 0.0015997886657714844 0.20616841316223145 391
2093 2087 6 0.18051648139953613 0.0015058517456054688 0.1820223331451416 392
2098 2092 6 0.1775038242340088 0.005626201629638672 0.18313002586364746 393
2103 2097 6 0.17349720001220703 0.012601852416992188 0.18609905242919922 394
2108 2102 6 0.18357157707214355 0.001573801040649414 0.18514537811279297 395
2112 2107 5 0.1980149745941162 0.012692689895629883 0.2107076644897461 396
2117 2111 6 0.1980915069580078 0.01055765151977539 0.2086491584777832 397
2123 2121 2 0.2264566421508789 0.005053281784057617 0.23150992393493652 398
2128 2122 6 0.1864323616027832 0.012622594833374023 0.19905495643615723 399
2133 2127 6 0.17569255828857422 0.001634836196899414 0.17732739448547363 400
2137 2132 5 0.1828160285949707 0.014543533325195312 0.19735956192016602 401
2142 2136 6 0.18128108978271484 0.014021873474121094 0.19530296325683594 402
2146 2141 5 0.230238676071167 0.014711380004882812 0.2449500560760498 403
2153 2151 2 0.215071439743042 0.030655860900878906 0.2457273006439209 404
2158 2152 5 0.2101573944091797 0.0016481876373291016 0.2118055820465088 405
2163 2161 2 0.1768040657043457 0.001775979995727539 0.17858004570007324 406
2168 2162 6 0.18485093116760254 0.013291597366333008 0.19814252853393555 407
2174 2172 2 0.18456792831420898 0.0027437210083007812 0.18731164932250977 408
2178 2173 5 0.24855732917785645 0.0035898685455322266 0.25214719772338867 409
2185 2184 1 0.18457508087158203 0.014566898345947266 0.1991419792175293 410
2190 2185 5 0.2044672966003418 0.0016968250274658203 0.20616412162780762 411
2197 2195 2 0.17796063423156738 0.0016264915466308594 0.17958712577819824 412
2202 2196 6 0.18069839477539062 0.0019268989562988281 0.18262529373168945 413
2207 2201 6 0.18389129638671875 0.0033483505249023438 0.1872396469116211 414
2212 2206 6 0.17988038063049316 0.004930019378662109 0.18481040000915527 415
2217 2211 5 0.2128925323486328 0.001550912857055664 0.21444344520568848 416
2222 2215 6 0.18793249130249023 0.012595176696777344 0.20052766799926758 417
2226 2220 6 0.19852042198181152 0.005675554275512695 0.20419597625732422 418
2231 2225 6 0.1841292381286621 0.009292840957641602 0.1934220790863037 419
2236 2230 6 0.17476773262023926 0.01377248764038086 0.18854022026062012 420
2241 2235 6 0.17678451538085938 0.001600027084350586 0.17838454246520996 421
2247 2240 6 0.17652010917663574 0.0017561912536621094 0.17827630043029785 422
2252 2246 6 0.18230819702148438 0.0015416145324707031 0.18384981155395508 423
2258 2251 6 0.1776895523071289 0.0015332698822021484 0.17922282218933105 424
2263 2257 6 0.17676091194152832 0.00156402587890625 0.17832493782043457 425
2268 2262 6 0.17438697814941406 0.0015344619750976562 0.17592144012451172 426
2273 2267 6 0.17923402786254883 0.012752532958984375 0.1919865608215332 427
2277 2272 5 0.1905989646911621 0.011553287506103516 0.20215225219726562 428
2283 2277 6 0.17473125457763672 0.012743234634399414 0.18747448921203613 429
2288 2282 6 0.20775508880615234 0.01105952262878418 0.21881461143493652 430
2294 2293 1 0.18520331382751465 0.012726783752441406 0.19793009757995605 431
2299 2294 5 0.19080090522766113 0.012742996215820312 0.20354390144348145 432
2304 2298 6 0.21557164192199707 0.021344423294067383 0.23691606521606445 433
2310 2303 6 0.1916797161102295 0.014351129531860352 0.20603084564208984 434
2314 2309 5 0.1764206886291504 0.001596689224243164 0.17801737785339355 435
2319 2313 6 0.17909598350524902 0.004741191864013672 0.1838371753692627 436
2325 2324 1 0.17847871780395508 0.001634359359741211 0.1801130771636963 437
2330 2325 5 0.17795944213867188 0.00961613655090332 0.1875755786895752 438
2335 2329 6 0.17680621147155762 0.011500835418701172 0.1883070468902588 439
2340 2334 6 0.1786973476409912 0.013547658920288086 0.1922450065612793 440
2346 2345 1 0.17856287956237793 0.002838611602783203 0.18140149116516113 441
2351 2346 5 0.18150758743286133 0.0015397071838378906 0.18304729461669922 442
2356 2350 6 0.18718886375427246 0.0016188621520996094 0.18880772590637207 443
2362 2355 6 0.17872357368469238 0.0015113353729248047 0.1802349090576172 444
2367 2361 6 0.17652320861816406 0.0015788078308105469 0.1781020164489746 445
2371 2365 6 0.17784476280212402 0.001676797866821289 0.1795215606689453 446
2376 2370 6 0.1794130802154541 0.0015342235565185547 0.18094730377197266 447
2381 2375 6 0.17991423606872559 0.0015163421630859375 0.18143057823181152 448
2386 2380 6 0.17830944061279297 0.021403789520263672 0.19971323013305664 449
2391 2385 6 0.17570877075195312 0.022491931915283203 0.19820070266723633 450
2397 2396 1 0.17612004280090332 0.00867772102355957 0.1847977638244629 451
2402 2397 5 0.1838850975036621 0.0016102790832519531 0.18549537658691406 452
2407 2401 6 0.19838237762451172 0.0016283988952636719 0.2000107765197754 453
2413 2406 6 0.17844390869140625 0.007502079010009766 0.18594598770141602 454
2418 2411 6 0.1762073040008545 0.00954580307006836 0.18575310707092285 455
2423 2417 6 0.17442727088928223 0.0076482295989990234 0.18207550048828125 456
2428 2422 6 0.17791008949279785 0.001982450485229492 0.17989253997802734 457
2433 2427 6 0.18061351776123047 0.004377126693725586 0.18499064445495605 458
2439 2433 6 0.18287253379821777 0.0027229785919189453 0.18559551239013672 459
2445 2439 6 0.1822659969329834 0.009352684020996094 0.1916186809539795 460
2451 2445 6 0.18174076080322266 0.002262592315673828 0.18400335311889648 461
2456 2450 6 0.18216300010681152 0.01261758804321289 0.19478058815002441 462
2461 2455 6 0.18204998970031738 0.007327556610107422 0.1893775463104248 463
2466 2460 6 0.20482659339904785 0.012778043746948242 0.2176046371459961 464
2473 2472 1 0.17707037925720215 0.001622915267944336 0.17869329452514648 465
2478 2473 5 0.17645049095153809 0.0015423297882080078 0.1779928207397461 466
2484 2483 1 0.17621874809265137 0.002031087875366211 0.17824983596801758 467
2489 2484 5 0.1778111457824707 0.0015721321105957031 0.1793832778930664 468
2495 2493 2 0.18266963958740234 0.0015764236450195312 0.18424606323242188 469
2500 2494 6 0.1862483024597168 0.0016469955444335938 0.1878952980041504 470
2506 2505 1 0.18380475044250488 0.0016644001007080078 0.1854691505432129 471
2512 2506 6 0.18427443504333496 0.0016336441040039062 0.18590807914733887 472
2518 2517 1 0.18223166465759277 0.0015723705291748047 0.18380403518676758 473
2523 2518 5 0.18537211418151855 0.00176239013671875 0.1871345043182373 474
2529 2528 1 0.18416404724121094 0.0016367435455322266 0.18580079078674316 475
2534 2529 5 0.18686771392822266 0.0015306472778320312 0.1883983612060547 476
2540 2538 2 0.1830291748046875 0.001584768295288086 0.18461394309997559 477
2545 2539 6 0.18700194358825684 0.0017337799072265625 0.1887357234954834 478
2551 2550 1 0.18385100364685059 0.0015413761138916016 0.1853923797607422 479
2557 2551 6 0.19453930854797363 0.010744333267211914 0.20528364181518555 480
2563 2562 1 0.1929476261138916 0.0020651817321777344 0.19501280784606934 481
2568 2563 5 0.2063610553741455 0.005159139633178711 0.21152019500732422 482
2574 2568 6 0.19300508499145508 0.0042188167572021484 0.19722390174865723 483
2581 2575 6 0.18805193901062012 0.012752532958984375 0.2008044719696045 484
2587 2581 6 0.19607925415039062 0.0015990734100341797 0.1976783275604248 485
2593 2586 6 0.1943836212158203 0.001588582992553711 0.19597220420837402 486
2598 2597 1 0.19706988334655762 0.00180816650390625 0.19887804985046387 487
2604 2598 5 0.18584537506103516 0.0015022754669189453 0.1873476505279541 488
2609 2603 6 0.18515801429748535 0.0017025470733642578 0.1868605613708496 489
2615 2609 6 0.18549346923828125 0.0015628337860107422 0.187056303024292 490
2620 2614 6 0.18503403663635254 0.0015969276428222656 0.1866309642791748 491
2624 2619 5 0.18573641777038574 0.0016112327575683594 0.1873476505279541 492
2630 2624 6 0.18495535850524902 0.002166271209716797 0.18712162971496582 493
2636 2630 6 0.1855912208557129 0.0014944076538085938 0.18708562850952148 494
2641 2635 6 0.18713665008544922 0.010691642761230469 0.1978282928466797 495
2647 2641 6 0.18725013732910156 0.00890493392944336 0.19615507125854492 496
2653 2647 6 0.18563628196716309 0.00479578971862793 0.19043207168579102 497
2657 2652 5 0.1879422664642334 0.0032367706298828125 0.1911790370941162 498
2663 2657 6 0.18646764755249023 0.004597187042236328 0.19106483459472656 499
2669 2663 6 0.1890549659729004 0.0071871280670166016 0.196242094039917 500
2675 2669 6 0.1840829849243164 0.012726545333862305 0.1968095302581787 501
2681 2675 6 0.19050335884094238 0.008727312088012695 0.19923067092895508 502
2686 2680 5 0.19177985191345215 0.0016646385192871094 0.19344449043273926 503
2690 2684 6 0.20510077476501465 0.0037124156951904297 0.20881319046020508 504
2696 2690 6 0.1895740032196045 0.013603687286376953 0.20317769050598145 505
2702 2696 6 0.1828901767730713 0.001556396484375 0.1844465732574463 506
2708 2702 6 0.17594289779663086 0.0016632080078125 0.17760610580444336 507
2713 2707 6 0.17853140830993652 0.0017428398132324219 0.18027424812316895 508
2718 2712 6 0.18342328071594238 0.003042936325073242 0.18646621704101562 509
2723 2717 6 0.1950984001159668 0.0015451908111572266 0.19664359092712402 510
2728 2722 6 0.18952465057373047 0.0015957355499267578 0.19112038612365723 511
2734 2728 6 0.18990516662597656 0.001636505126953125 0.1915416717529297 512
2739 2733 6 0.19048738479614258 0.0015954971313476562 0.19208288192749023 513
2744 2738 6 0.1873481273651123 0.0015110969543457031 0.188859224319458 514
2750 2744 6 0.18580341339111328 0.006547689437866211 0.1923511028289795 515
2756 2750 6 0.18830275535583496 0.031220674514770508 0.21952342987060547 516
2761 2755 6 0.19352364540100098 0.007099151611328125 0.2006227970123291 517
2767 2761 6 0.17459344863891602 0.005399942398071289 0.1799933910369873 518
2772 2766 6 0.18198108673095703 0.0370941162109375 0.21907520294189453 519
2778 2777 1 0.2090892791748047 0.001544952392578125 0.2106342315673828 520
2784 2778 6 0.1967928409576416 0.0015177726745605469 0.19831061363220215 521
2790 2789 1 0.18747448921203613 0.0015947818756103516 0.18906927108764648 522
2796 2790 5 0.18856477737426758 0.0051233768463134766 0.19368815422058105 523
2801 2795 6 0.18660521507263184 0.010710716247558594 0.19731593132019043 524
2806 2800 6 0.1994612216949463 0.01096034049987793 0.21042156219482422 525
2811 2805 6 0.18865513801574707 0.012580633163452148 0.20123577117919922 526
2816 2810 6 0.20377349853515625 0.01184391975402832 0.21561741828918457 527
2821 2815 6 0.21327757835388184 0.005467891693115234 0.21874547004699707 528
2826 2820 6 0.19674897193908691 0.012612104415893555 0.20936107635498047 529
2831 2825 6 0.19344305992126465 0.001567840576171875 0.19501090049743652 530
2837 2830 6 0.1881861686706543 0.0016398429870605469 0.18982601165771484 531
2842 2836 6 0.18910431861877441 0.001650094985961914 0.19075441360473633 532
2848 2842 6 0.19036388397216797 0.0016105175018310547 0.19197440147399902 533
2854 2848 6 0.18884944915771484 0.0016467571258544922 0.19049620628356934 534
2859 2853 6 0.18969488143920898 0.0021560192108154297 0.19185090065002441 535
2865 2859 6 0.18861675262451172 0.0016412734985351562 0.19025802612304688 536
2871 2865 6 0.19139671325683594 0.0016560554504394531 0.1930527687072754 537
2877 2871 6 0.1903233528137207 0.0015714168548583984 0.1918947696685791 538
2882 2876 6 0.19071221351623535 0.0017278194427490234 0.19244003295898438 539
2888 2887 1 0.19790172576904297 0.0016818046569824219 0.1995835304260254 540
2894 2888 6 0.19153738021850586 0.0016078948974609375 0.1931452751159668 541
2900 2899 1 0.1945195198059082 0.0021359920501708984 0.1966555118560791 542
2906 2900 6 0.19628334045410156 0.005074739456176758 0.20135807991027832 543
2912 2911 1 0.19373202323913574 0.013025999069213867 0.2067580223083496 544
2917 2912 5 0.19391345977783203 0.0018837451934814453 0.19579720497131348 545
2922 2916 6 0.17794513702392578 0.007844924926757812 0.1857900619506836 546
2926 2921 5 0.19909071922302246 0.013547658920288086 0.21263837814331055 547
2932 2931 1 0.20389032363891602 0.007941484451293945 0.21183180809020996 548
2938 2932 6 0.24092769622802734 0.012846231460571289 0.25377392768859863 549
2945 2944 1 0.23272490501403809 0.0022432804107666016 0.2349681854248047 550
2951 2945 6 0.2142806053161621 0.001520395278930664 0.21580100059509277 551
2957 2956 1 0.17618918418884277 0.0231781005859375 0.19936728477478027 552
2962 2957 5 0.1934680938720703 0.010256290435791016 0.20372438430786133 553
2968 2967 1 0.21007418632507324 0.012908458709716797 0.22298264503479004 554
2972 2968 4 0.21965479850769043 0.012722253799438477 0.2323770523071289 555
2978 2972 6 0.20067930221557617 0.012640237808227539 0.2133195400238037 556
2983 2977 6 0.2079029083251953 0.008185625076293945 0.21608853340148926 557
2989 2987 2 0.20163345336914062 0.009280204772949219 0.21091365814208984 558
2993 2988 5 0.2059953212738037 0.02024984359741211 0.22624516487121582 559
2999 2998 1 0.20104384422302246 0.009814262390136719 0.21085810661315918 560
3003 2999 4 0.2189478874206543 0.014226675033569336 0.23317456245422363 561
3009 3003 6 0.19849777221679688 0.006693840026855469 0.20519161224365234 562
3014 3008 6 0.21030783653259277 0.015352964401245117 0.2256608009338379 563
3020 3018 2 0.2074110507965088 0.0046923160552978516 0.21210336685180664 564
3025 3019 6 0.1933908462524414 0.007016181945800781 0.2004070281982422 565
3031 3030 1 0.2095928192138672 0.00811624526977539 0.21770906448364258 566
3035 3031 4 0.20432424545288086 0.02786731719970703 0.2321915626525879 567
3042 3040 2 0.20563650131225586 0.023715734481811523 0.22935223579406738 568
3048 3042 6 0.20817065238952637 0.03393983840942383 0.2421104907989502 569
3054 3048 6 0.20118951797485352 0.01512289047241211 0.21631240844726562 570
3059 3053 6 0.1943039894104004 0.015716075897216797 0.2100200653076172 571
3064 3058 6 0.20776891708374023 0.0015838146209716797 0.20935273170471191 572
3068 3063 5 0.211533784866333 0.014350414276123047 0.22588419914245605 573
3074 3073 1 0.21180391311645508 0.007533550262451172 0.21933746337890625 574
3079 3074 5 0.2237093448638916 0.0024003982543945312 0.22610974311828613 575
3084 3078 6 0.20612215995788574 0.004071712493896484 0.21019387245178223 576
3088 3083 5 0.1972179412841797 0.04003548622131348 0.23725342750549316 577
3095 3093 2 0.2037825584411621 0.002222776412963867 0.20600533485412598 578
3100 3094 6 0.19011950492858887 0.008500337600708008 0.19861984252929688 579
3106 3104 2 0.21460485458374023 0.0017583370208740234 0.21636319160461426 580
3111 3105 6 0.2502896785736084 0.015169382095336914 0.2654590606689453 581
3117 3116 1 0.20896387100219727 0.03820633888244629 0.24717020988464355 582
3124 3118 6 0.20493507385253906 0.004883766174316406 0.20981884002685547 583
3129 3123 5 0.2068626880645752 0.01332235336303711 0.2201850414276123 584
3134 3128 6 0.20726299285888672 0.009501218795776367 0.21676421165466309 585
3139 3133 6 0.19383502006530762 0.0070188045501708984 0.20085382461547852 586
3144 3138 6 0.2204742431640625 0.0021224021911621094 0.2225966453552246 587
3151 3145 6 0.1878354549407959 0.0027322769165039062 0.1905677318572998 588
3156 3150 6 0.21757960319519043 0.0167691707611084 0.23434877395629883 589
3162 3156 6 0.19880032539367676 0.013783931732177734 0.2125842571258545 590
3167 3161 6 0.24188613891601562 0.012940168380737305 0.25482630729675293 591
3173 3172 1 0.2175130844116211 0.009263753890991211 0.2267768383026123 592
3177 3173 4 0.20091581344604492 0.004487037658691406 0.20540285110473633 593
3183 3177 6 0.19091415405273438 0.012992143630981445 0.20390629768371582 594
3188 3182 6 0.2047436237335205 0.0018148422241210938 0.2065584659576416 595
3194 3188 6 0.19131207466125488 0.0015518665313720703 0.19286394119262695 596
3199 3193 6 0.1951124668121338 0.0016486644744873047 0.1967611312866211 597
3205 3204 1 0.18881583213806152 0.0015976428985595703 0.1904134750366211 598
3211 3205 6 0.1952342987060547 0.0015778541564941406 0.19681215286254883 599
3217 3216 1 0.1914210319519043 0.0015206336975097656 0.19294166564941406 600
3223 3217 6 0.1950368881225586 0.0017178058624267578 0.19675469398498535 601
3229 3227 2 0.1884748935699463 0.0016238689422607422 0.19009876251220703 602
3234 3228 6 0.19495820999145508 0.0018496513366699219 0.196807861328125 603
3240 3239 1 0.1885395050048828 0.005645036697387695 0.1941845417022705 604
3246 3240 6 0.1933426856994629 0.0026099681854248047 0.1959526538848877 605
3252 3251 1 0.19453072547912598 0.0018019676208496094 0.19633269309997559 606
3258 3252 6 0.1944596767425537 0.0040743350982666016 0.1985340118408203 607
3264 3262 2 0.19237494468688965 0.0034987926483154297 0.19587373733520508 608
3269 3263 6 0.1987144947052002 0.002032041549682617 0.2007465362548828 609
3275 3273 2 0.1930866241455078 0.010959148406982422 0.20404577255249023 610
3280 3274 6 0.19469261169433594 0.018189430236816406 0.21288204193115234 611
3286 3285 1 0.2063746452331543 0.0017294883728027344 0.20810413360595703 612
3292 3286 6 0.23133134841918945 0.0047566890716552734 0.23608803749084473 613
3299 3297 1 0.1870880126953125 0.0016324520111083984 0.1887204647064209 614
3304 3298 6 0.18007445335388184 0.009285926818847656 0.1893603801727295 615
3309 3303 6 0.20567798614501953 0.007854938507080078 0.2135329246520996 616
3314 3308 6 0.17944097518920898 0.013517141342163086 0.19295811653137207 617
3319 3313 6 0.21529698371887207 0.011636734008789062 0.22693371772766113 618
3324 3318 6 0.1984553337097168 0.02866530418395996 0.22712063789367676 619
3329 3323 6 0.20531725883483887 0.01092839241027832 0.2162456512451172 620
3334 3328 6 0.19248747825622559 0.0023288726806640625 0.19481635093688965 621
3341 3334 6 0.19234728813171387 0.005892038345336914 0.19823932647705078 622
3347 3340 6 0.20459389686584473 0.0015468597412109375 0.20614075660705566 623
3352 3346 6 0.1975083351135254 0.001596212387084961 0.19910454750061035 624
3357 3351 6 0.19556951522827148 0.012313127517700195 0.20788264274597168 625
3362 3356 6 0.22320818901062012 0.0023784637451171875 0.2255866527557373 626
3366 3360 6 0.19019722938537598 0.0016710758209228516 0.19186830520629883 627
3371 3365 6 0.20002341270446777 0.012876272201538086 0.21289968490600586 628
3377 3371 6 0.19669580459594727 0.0016818046569824219 0.1983776092529297 629
3383 3377 6 0.1898210048675537 0.014959573745727539 0.20478057861328125 630
3388 3382 6 0.19530510902404785 0.0015959739685058594 0.1969010829925537 631
3393 3387 5 0.20226287841796875 0.012719154357910156 0.2149820327758789 632
3399 3393 6 0.21942830085754395 0.02161550521850586 0.2410438060760498 633
3405 3399 6 0.2354879379272461 0.00949549674987793 0.24498343467712402 634
3412 3405 6 0.1998748779296875 0.0056095123291015625 0.20548439025878906 635
3417 3411 6 0.20520997047424316 0.001600503921508789 0.20681047439575195 636
3422 3416 6 0.1974048614501953 0.009051322937011719 0.20645618438720703 637
3427 3421 6 0.21484923362731934 0.006894350051879883 0.22174358367919922 638
3434 3428 6 0.19322633743286133 0.0035338401794433594 0.1967601776123047 639
3440 3434 6 0.22273826599121094 0.034790754318237305 0.25752902030944824 640
3446 3440 6 0.19327545166015625 0.0015594959259033203 0.19483494758605957 641
3450 3445 5 0.19215178489685059 0.0017075538635253906 0.19385933876037598 642
3456 3455 1 0.19554924964904785 0.0018832683563232422 0.1974325180053711 643
3462 3456 6 0.20784878730773926 0.0016050338745117188 0.20945382118225098 644
3468 3467 1 0.18867874145507812 0.001600503921508789 0.19027924537658691 645
3473 3468 5 0.1907942295074463 0.0015149116516113281 0.19230914115905762 646
3479 3477 2 0.18320226669311523 0.0015668869018554688 0.1847691535949707 647
3484 3478 6 0.18711090087890625 0.0016117095947265625 0.1887226104736328 648
3490 3488 2 0.1838681697845459 0.0016183853149414062 0.1854865550994873 649
3495 3489 6 0.17934632301330566 0.0015151500701904297 0.1808614730834961 650
3501 3500 1 0.1769096851348877 0.012719869613647461 0.18962955474853516 651
3506 3501 5 0.17689299583435059 0.013036727905273438 0.18992972373962402 652
3512 3510 2 0.1806180477142334 0.0040814876556396484 0.18469953536987305 653
3517 3511 5 0.18424367904663086 0.0016067028045654297 0.1858503818511963 654
3522 3516 6 0.1761610507965088 0.001531362533569336 0.17769241333007812 655
3527 3521 6 0.17821526527404785 0.0016732215881347656 0.17988848686218262 656
3532 3526 6 0.17742705345153809 0.0033850669860839844 0.18081212043762207 657
3538 3532 6 0.18090224266052246 0.0015192031860351562 0.18242144584655762 658
3543 3537 6 0.18480229377746582 0.0016739368438720703 0.1864762306213379 659
3548 3542 6 0.1846024990081787 0.0016367435455322266 0.18623924255371094 660
3554 3548 6 0.18131232261657715 0.008021831512451172 0.18933415412902832 661
3560 3554 6 0.18100571632385254 0.0017845630645751953 0.18279027938842773 662
3565 3559 6 0.18464398384094238 0.0017762184143066406 0.18642020225524902 663
3571 3565 6 0.1884469985961914 0.0015420913696289062 0.1899890899658203 664
3577 3571 6 0.18264532089233398 0.0016121864318847656 0.18425750732421875 665
3583 3577 6 0.18619084358215332 0.0015478134155273438 0.18773865699768066 666
3588 3582 6 0.18268322944641113 0.0021104812622070312 0.18479371070861816 667
3593 3587 6 0.18288636207580566 0.0017180442810058594 0.18460440635681152 668
3599 3593 6 0.17979049682617188 0.0015304088592529297 0.1813209056854248 669
3604 3598 6 0.18428683280944824 0.0018277168273925781 0.18611454963684082 670
3610 3604 6 0.1784801483154297 0.0014238357543945312 0.17990398406982422 671
3615 3609 6 0.18134188652038574 0.0026235580444335938 0.18396544456481934 672
3621 3620 1 0.17777228355407715 0.008083581924438477 0.18585586547851562 673
3626 3621 5 0.18262600898742676 0.0015530586242675781 0.18417906761169434 674
3632 3626 6 0.17938780784606934 0.0016040802001953125 0.18099188804626465 675
3637 3631 6 0.18613648414611816 0.004650115966796875 0.19078660011291504 676
3643 3642 1 0.18030381202697754 0.005689382553100586 0.18599319458007812 677
3648 3643 5 0.17933893203735352 0.014187097549438477 0.193526029586792 678
3654 3653 1 0.17602252960205078 0.0015606880187988281 0.1775832176208496 679
3659 3654 5 0.1777937412261963 0.0023686885833740234 0.1801624298095703 680
3664 3658 6 0.17756366729736328 0.009332418441772461 0.18689608573913574 681
3669 3663 6 0.18398523330688477 0.0015342235565185547 0.18551945686340332 682
3675 3673 2 0.18880891799926758 0.013177156448364258 0.20198607444763184 683
3680 3674 6 0.18637704849243164 0.009282827377319336 0.19565987586975098 684
3686 3685 1 0.1819901466369629 0.0017676353454589844 0.18375778198242188 685
3692 3686 6 0.18424463272094727 0.0015649795532226562 0.18580961227416992 686
3697 3691 6 0.17866206169128418 0.0015711784362792969 0.18023324012756348 687
3702 3696 6 0.18566370010375977 0.00157928466796875 0.18724298477172852 688
3708 3702 6 0.1862349510192871 0.0015010833740234375 0.18773603439331055 689
3713 3707 6 0.1882340908050537 0.0014960765838623047 0.18973016738891602 690
3719 3718 1 0.18492937088012695 0.0015947818756103516 0.1865241527557373 691
3724 3719 5 0.18933558464050293 0.0022602081298828125 0.19159579277038574 692
3730 3729 1 0.1876058578491211 0.0015454292297363281 0.18915128707885742 693
3736 3730 6 0.18754935264587402 0.0015556812286376953 0.18910503387451172 694
3741 3735 6 0.18730568885803223 0.0022630691528320312 0.18956875801086426 695
3746 3740 6 0.18768000602722168 0.0017974376678466797 0.18947744369506836 696
3752 3751 1 0.1907973289489746 0.0019352436065673828 0.192732572555542 697
3758 3752 6 0.18938946723937988 0.001500844955444336 0.19089031219482422 698
3764 3757 6 0.20125818252563477 0.0015642642974853516 0.20282244682312012 699
3770 3764 6 0.1897292137145996 0.0015549659729003906 0.1912841796875 700
3775 3769 6 0.18607664108276367 0.0016880035400390625 0.18776464462280273 701
3780 3774 6 0.18843817710876465 0.0016067028045654297 0.19004487991333008 702
3785 3779 6 0.18942737579345703 0.00153350830078125 0.19096088409423828 703
3791 3785 6 0.1875157356262207 0.0015606880187988281 0.18907642364501953 704
3797 3791 6 0.18903589248657227 0.001575469970703125 0.1906113624572754 705
3802 3796 6 0.1883690357208252 0.0015590190887451172 0.1899280548095703 706
3807 3801 6 0.189408540725708 0.001474142074584961 0.19088268280029297 707
3812 3806 5 0.18864679336547852 0.012608528137207031 0.20125532150268555 708
3817 3811 6 0.1888902187347412 0.0057108402252197266 0.19460105895996094 709
3822 3816 6 0.19887661933898926 0.0025777816772460938 0.20145440101623535 710
3828 3822 6 0.19656658172607422 0.0021741390228271484 0.19874072074890137 711
3834 3827 6 0.20188307762145996 0.0050678253173828125 0.20695090293884277 712
3839 3833 6 0.19196820259094238 0.001741647720336914 0.1937098503112793 713
3844 3838 6 0.20672106742858887 0.001527547836303711 0.20824861526489258 714
3851 3849 2 0.20063209533691406 0.0017647743225097656 0.20239686965942383 715
3856 3850 6 0.18049144744873047 0.0016949176788330078 0.18218636512756348 716
3862 3856 6 0.18637371063232422 0.001531362533569336 0.18790507316589355 717
3867 3861 6 0.1825428009033203 0.001447439193725586 0.1839902400970459 718
3873 3871 2 0.1905210018157959 0.0015578269958496094 0.1920788288116455 719
3878 3872 6 0.1893634796142578 0.001605987548828125 0.19096946716308594 720
3884 3883 1 0.18329119682312012 0.001527547836303711 0.18481874465942383 721
3890 3884 6 0.18208885192871094 0.0015358924865722656 0.1836247444152832 722
3896 3889 6 0.18709444999694824 0.0016453266143798828 0.18873977661132812 723
3901 3895 6 0.1994786262512207 0.023735523223876953 0.22321414947509766 724
3907 3901 6 0.21236944198608398 0.0016243457794189453 0.21399378776550293 725
3913 3906 6 0.17819762229919434 0.0015702247619628906 0.17976784706115723 726
3918 3912 6 0.17639827728271484 0.0015263557434082031 0.17792463302612305 727
3923 3917 6 0.18504953384399414 0.0037839412689208984 0.18883347511291504 728
3929 3928 1 0.18491291999816895 0.008012533187866211 0.19292545318603516 729
3935 3929 6 0.19169020652770996 0.001583099365234375 0.19327330589294434 730
3940 3934 6 0.1974201202392578 0.0015912055969238281 0.19901132583618164 731
3946 3939 6 0.19059514999389648 0.0015811920166015625 0.19217634201049805 732
3952 3950 2 0.18441414833068848 0.0015020370483398438 0.18591618537902832 733
3957 3951 6 0.18456220626831055 0.0015299320220947266 0.18609213829040527 734
3963 3962 1 0.1900801658630371 0.0014834403991699219 0.19156360626220703 735
3968 3963 5 0.19461631774902344 0.0032351016998291016 0.19785141944885254 736
3974 3973 1 0.1934185028076172 0.010315179824829102 0.2037336826324463 737
3979 3974 5 0.2065870761871338 0.02677750587463379 0.23336458206176758 738
3985 3983 2 0.18173813819885254 0.011942148208618164 0.1936802864074707 739
3990 3984 6 0.2194058895111084 0.0015702247619628906 0.2209761142730713 740
3995 3989 6 0.1897265911102295 0.011579275131225586 0.20130586624145508 741
4000 3994 6 0.22388052940368652 0.0017240047454833984 0.22560453414916992 742
4006 4005 1 0.18503451347351074 0.012745141983032227 0.19777965545654297 743
4011 4006 5 0.20751309394836426 0.0018792152404785156 0.20939230918884277 744
4018 4016 2 0.1867070198059082 0.0014820098876953125 0.18818902969360352 745
4023 4017 6 0.19007229804992676 0.001615762710571289 0.19168806076049805 746
4029 4028 1 0.19171643257141113 0.00845026969909668 0.2001667022705078 747
4034 4029 5 0.18651580810546875 0.0016605854034423828 0.18817639350891113 748
4039 4033 6 0.20696187019348145 0.0045354366302490234 0.21149730682373047 749
4044 4038 6 0.19926810264587402 0.0014569759368896484 0.20072507858276367 750
4050 4049 1 0.184800386428833 0.001504659652709961 0.18630504608154297 751
4056 4050 6 0.18520855903625488 0.001550436019897461 0.18675899505615234 752
4061 4055 6 0.18381881713867188 0.002313852310180664 0.18613266944885254 753
4066 4060 6 0.18334555625915527 0.013491392135620117 0.1968369483947754 754
4071 4065 6 0.20902061462402344 0.017052173614501953 0.2260727882385254 755
4077 4071 6 0.21783161163330078 0.028717756271362305 0.24654936790466309 756
4082 4076 6 0.19190120697021484 0.015331029891967773 0.20723223686218262 757
4087 4081 6 0.21509790420532227 0.03275752067565918 0.24785542488098145 758
4092 4086 6 0.19933104515075684 0.013033866882324219 0.21236491203308105 759
4098 4092 6 0.20604729652404785 0.003679513931274414 0.20972681045532227 760
4102 4096 6 0.2189478874206543 0.0015668869018554688 0.22051477432250977 761
4108 4107 1 0.17931413650512695 0.010818004608154297 0.19013214111328125 762
4114 4108 6 0.1846778392791748 0.004762887954711914 0.18944072723388672 763
4118 4113 5 0.19101905822753906 0.01262044906616211 0.20363950729370117 764
4123 4117 6 0.21720004081726074 0.023808956146240234 0.24100899696350098 765
4128 4127 1 0.21399569511413574 0.0017852783203125 0.21578097343444824 766
4134 4128 6 0.19560909271240234 0.005326509475708008 0.20093560218811035 767
4139 4133 6 0.18430066108703613 0.0460968017578125 0.23039746284484863 768
4145 4139 6 0.19615387916564941 0.025278091430664062 0.22143197059631348 769
4150 4144 6 0.21135258674621582 0.024021148681640625 0.23537373542785645 770
4156 4150 6 0.1902010440826416 0.012902021408081055 0.20310306549072266 771
4160 4155 5 0.21026301383972168 0.0016317367553710938 0.21189475059509277 772
4165 4159 6 0.19107294082641602 0.0018520355224609375 0.19292497634887695 773
4170 4164 6 0.19380450248718262 0.01826000213623047 0.21206450462341309 774
4176 4170 6 0.21400690078735352 0.010643959045410156 0.22465085983276367 775
4182 4175 6 0.19832515716552734 0.010530710220336914 0.20885586738586426 776
4188 4181 6 0.21927213668823242 0.012687444686889648 0.23195958137512207 777
4193 4187 6 0.1939258575439453 0.009545564651489258 0.20347142219543457 778
4198 4192 6 0.19862771034240723 0.00801849365234375 0.20664620399475098 779
4204 4197 6 0.1811811923980713 0.027995586395263672 0.20917677879333496 780
4209 4203 6 0.21238017082214355 0.0070307254791259766 0.21941089630126953 781
4215 4209 6 0.1960296630859375 0.010499715805053711 0.2065293788909912 782
4220 4214 6 0.19191503524780273 0.01943206787109375 0.21134710311889648 783
4225 4219 6 0.21570324897766113 0.00633692741394043 0.22204017639160156 784
4230 4224 6 0.19979405403137207 0.0016946792602539062 0.20148873329162598 785
4236 4230 6 0.18727850914001465 0.0015895366668701172 0.18886804580688477 786
4241 4235 6 0.18515563011169434 0.0014872550964355469 0.18664288520812988 787
4247 4241 6 0.1867046356201172 0.005200624465942383 0.19190526008605957 788
4251 4246 5 0.21954989433288574 0.0016243457794189453 0.2211742401123047 789
4256 4250 6 0.18729543685913086 0.001598358154296875 0.18889379501342773 790
4261 4255 6 0.18728256225585938 0.0015358924865722656 0.18881845474243164 791
4267 4266 1 0.18561005592346191 0.0015866756439208984 0.1871967315673828 792
4272 4267 5 0.1876060962677002 0.01174783706665039 0.19935393333435059 793
4278 4277 1 0.19126439094543457 0.03152132034301758 0.22278571128845215 794
4284 4278 6 0.24713802337646484 0.0016665458679199219 0.24880456924438477 795
4290 4289 1 0.17859387397766113 0.002434253692626953 0.18102812767028809 796
4296 4290 5 0.18786239624023438 0.01739215850830078 0.20525455474853516 797
4301 4295 6 0.2283153533935547 0.013001680374145508 0.2413170337677002 798
4307 4301 6 0.24353742599487305 0.012781858444213867 0.2563192844390869 799
4313 4307 6 0.2042093276977539 0.018303394317626953 0.22251272201538086 800
4318 4312 6 0.21443700790405273 0.01612401008605957 0.2305610179901123 801
4323 4317 6 0.18491697311401367 0.019058704376220703 0.20397567749023438 802
4328 4322 6 0.22691082954406738 0.01177525520324707 0.23868608474731445 803
4335 4334 1 0.2132551670074463 0.02445054054260254 0.23770570755004883 804
4341 4335 6 0.2185039520263672 0.046437978744506836 0.264941930770874 805
4347 4340 6 0.21799397468566895 0.012599706649780273 0.23059368133544922 806
4352 4346 6 0.2176961898803711 0.009968280792236328 0.22766447067260742 807
4357 4351 6 0.20994281768798828 0.009988784790039062 0.21993160247802734 808
4362 4356 6 0.2170424461364746 0.024068117141723633 0.24111056327819824 809
4368 4362 6 0.20141816139221191 0.0071926116943359375 0.20861077308654785 810
4372 4367 5 0.19409728050231934 0.01267862319946289 0.20677590370178223 811
4378 4371 6 0.19839191436767578 0.006814002990722656 0.20520591735839844 812
4382 4376 6 0.20476770401000977 0.024183034896850586 0.22895073890686035 813
4388 4386 2 0.21087408065795898 0.02100825309753418 0.23188233375549316 814
4393 4387 6 0.20934557914733887 0.009122610092163086 0.21846818923950195 815
4398 4392 6 0.2242114543914795 0.012808084487915039 0.23701953887939453 816
4404 4398 6 0.20107030868530273 0.02372002601623535 0.22479033470153809 817
4410 4404 6 0.20232820510864258 0.013148784637451172 0.21547698974609375 818
4415 4409 6 0.2187504768371582 0.016263246536254883 0.23501372337341309 819
4420 4414 6 0.20641350746154785 0.006864309310913086 0.21327781677246094 820
4425 4419 6 0.1990506649017334 0.012854576110839844 0.21190524101257324 821
4430 4424 5 0.21907448768615723 0.014790058135986328 0.23386454582214355 822
4436 4429 6 0.20035147666931152 0.0076558589935302734 0.2080073356628418 823
4441 4434 6 0.2081890106201172 0.013986825942993164 0.22217583656311035 824
4446 4440 6 0.21478986740112305 0.012994527816772461 0.2277843952178955 825
4451 4445 6 0.1994626522064209 0.005832195281982422 0.20529484748840332 826
4457 4450 6 0.2267444133758545 0.012814044952392578 0.23955845832824707 827
4463 4456 6 0.20939207077026367 0.014029264450073242 0.22342133522033691 828
4468 4462 6 0.1894376277923584 0.00587153434753418 0.19530916213989258 829
4473 4467 6 0.24750542640686035 0.016189098358154297 0.26369452476501465 830
4479 4473 6 0.23393893241882324 0.0030121803283691406 0.23695111274719238 831
4485 4479 6 0.19756460189819336 0.004434347152709961 0.20199894905090332 832
4490 4484 6 0.19475221633911133 0.0015647411346435547 0.19631695747375488 833
4495 4489 6 0.20420289039611816 0.012865781784057617 0.21706867218017578 834
4501 4495 6 0.2149803638458252 0.015335321426391602 0.2303156852722168 835
4506 4500 6 0.23190093040466309 0.019946813583374023 0.2518477439880371 836
4513 4511 2 0.2029588222503662 0.002965688705444336 0.20592451095581055 837
4518 4512 6 0.22241854667663574 0.009593009948730469 0.2320115566253662 838
4524 4522 2 0.19531512260437012 0.010718822479248047 0.20603394508361816 839
4529 4523 6 0.21089529991149902 0.002653837203979492 0.21354913711547852 840
4534 4528 6 0.24191999435424805 0.013943672180175781 0.25586366653442383 841
4540 4534 6 0.21575927734375 0.00762939453125 0.223388671875 842
4545 4539 6 0.20469212532043457 0.020000219345092773 0.22469234466552734 843
4551 4544 6 0.20142912864685059 0.010240316390991211 0.2116694450378418 844
4556 4549 6 0.2036759853363037 0.018590927124023438 0.22226691246032715 845
4561 4554 6 0.20496916770935059 0.014122247695922852 0.21909141540527344 846
4566 4560 6 0.2341470718383789 0.0346987247467041 0.268845796585083 847
4572 4566 6 0.2297983169555664 0.013548851013183594 0.24334716796875 848
4577 4571 6 0.1971118450164795 0.004492044448852539 0.20160388946533203 849
4582 4576 6 0.19686412811279297 0.008972883224487305 0.20583701133728027 850
4587 4581 6 0.2224564552307129 0.012907743453979492 0.23536419868469238 851
4592 4586 6 0.2222585678100586 0.045136213302612305 0.2673947811126709 852
4599 4593 6 0.21657347679138184 0.0023560523986816406 0.21892952919006348 853
4603 4598 5 0.1990060806274414 0.025811195373535156 0.22481727600097656 854
4608 4602 6 0.25773191452026367 0.020896196365356445 0.2786281108856201 855
4614 4608 6 0.24332070350646973 0.03860116004943848 0.2819218635559082 856
4620 4614 6 0.21023821830749512 0.007134199142456055 0.21737241744995117 857
4625 4619 6 0.23849058151245117 0.01262044906616211 0.2511110305786133 858
4633 4630 3 0.2497720718383789 0.014636039733886719 0.2644081115722656 859
4638 4632 6 0.20644092559814453 0.011569976806640625 0.21801090240478516 860
4643 4637 6 0.22411251068115234 0.007227420806884766 0.2313399314880371 861
4649 4643 6 0.2039933204650879 0.006102561950683594 0.21009588241577148 862
4654 4648 6 0.22488951683044434 0.01263427734375 0.23752379417419434 863
4661 4659 2 0.2420055866241455 0.02347087860107422 0.2654764652252197 864
4667 4661 6 0.19926023483276367 0.018643617630004883 0.21790385246276855 865
4672 4666 6 0.21002578735351562 0.012817144393920898 0.22284293174743652 866
4677 4671 6 0.2109508514404297 0.004777669906616211 0.2157285213470459 867
4683 4677 6 0.19414210319519043 0.014006853103637695 0.20814895629882812 868
4688 4682 6 0.2121291160583496 0.0018754005432128906 0.2140045166015625 869
4693 4687 6 0.23955035209655762 0.012703180313110352 0.25225353240966797 870
4699 4693 6 0.2331843376159668 0.013088464736938477 0.24627280235290527 871
4703 4698 5 0.20423650741577148 0.02123093605041504 0.22546744346618652 872
4708 4702 6 0.2052597999572754 0.012808799743652344 0.21806859970092773 873
4713 4707 6 0.2009117603302002 0.009653568267822266 0.21056532859802246 874
4719 4713 6 0.2207958698272705 0.0035429000854492188 0.22433876991271973 875
4725 4719 6 0.21439242362976074 0.007531404495239258 0.221923828125 876
4730 4724 6 0.23496007919311523 0.021035194396972656 0.2559952735900879 877
4735 4729 6 0.21755766868591309 0.025376081466674805 0.2429337501525879 878
4741 4735 6 0.22408843040466309 0.04239940643310547 0.26648783683776855 879
4746 4740 6 0.2224714756011963 0.04834437370300293 0.2708158493041992 880
4753 4752 1 0.21413636207580566 0.00472712516784668 0.21886348724365234 881
4758 4753 5 0.23198223114013672 0.00883173942565918 0.2408139705657959 882
4764 4763 1 0.23939800262451172 0.019528865814208984 0.2589268684387207 883
4769 4764 5 0.2129824161529541 0.012794256210327148 0.22577667236328125 884
4775 4769 6 0.23603391647338867 0.021450042724609375 0.25748395919799805 885
4781 4774 6 0.2162487506866455 0.024427413940429688 0.2406761646270752 886
4787 4785 2 0.20999407768249512 0.01256561279296875 0.22255969047546387 887
4793 4787 6 0.21058082580566406 0.012928962707519531 0.2235097885131836 888
4798 4792 6 0.2170262336730957 0.005935192108154297 0.22296142578125 889
4803 4797 6 0.23807549476623535 0.00945425033569336 0.2475297451019287 890
4809 4803 6 0.21102643013000488 0.004361391067504883 0.21538782119750977 891
4814 4808 6 0.22418785095214844 0.00645136833190918 0.23063921928405762 892
4817 4811 6 0.1983480453491211 0.0014164447784423828 0.19976449012756348 893
stop drivable detection
stop drivable detection
