load checkpoint from http path: https://dl.cv.ethz.ch/bdd100k/drivable/models/dnl_r50-d8_512x1024_40k_drivable_bdd100k.pth
timely function starting...
prediction starts
keyframe_mmdrivable
2 1 1 0.21175074577331543 0.0027043819427490234 0.21445512771606445 1
keyframe_mmdrivable
93 91 2 0.1808626651763916 0.0056536197662353516 0.18651628494262695 2
keyframe_mmdrivable
98 92 6 0.17571687698364258 0.001626729965209961 0.17734360694885254 3
keyframe_mmdrivable
104 102 2 0.17236661911010742 0.001984119415283203 0.17435073852539062 4
keyframe_mmdrivable
109 103 6 0.1685802936553955 0.0016057491302490234 0.17018604278564453 5
keyframe_mmdrivable
114 108 6 0.16880202293395996 0.0015606880187988281 0.1703627109527588 6
keyframe_mmdrivable
119 113 6 0.17196154594421387 0.0019652843475341797 0.17392683029174805 7
keyframe_mmdrivable
124 118 6 0.16878056526184082 0.0015721321105957031 0.17035269737243652 8
keyframe_mmdrivable
129 123 6 0.1696610450744629 0.0036194324493408203 0.1732804775238037 9
keyframe_mmdrivable
134 128 6 0.1727581024169922 0.0017638206481933594 0.17452192306518555 10
keyframe_mmdrivable
140 134 6 0.17423534393310547 0.00955057144165039 0.18378591537475586 11
keyframe_mmdrivable
145 139 6 0.1721630096435547 0.0016982555389404297 0.17386126518249512 12
keyframe_mmdrivable
150 144 6 0.17580771446228027 0.0015511512756347656 0.17735886573791504 13
keyframe_mmdrivable
155 149 6 0.19479870796203613 0.001926422119140625 0.19672513008117676 14
keyframe_mmdrivable
161 155 6 0.1698136329650879 0.0017552375793457031 0.1715688705444336 15
keyframe_mmdrivable
166 160 6 0.17526745796203613 0.0015256404876708984 0.17679309844970703 16
keyframe_mmdrivable
171 165 6 0.17205286026000977 0.0016243457794189453 0.1736772060394287 17
keyframe_mmdrivable
177 171 6 0.1704115867614746 0.0015180110931396484 0.17192959785461426 18
keyframe_mmdrivable
182 176 6 0.17489027976989746 0.0014557838439941406 0.1763460636138916 19
keyframe_mmdrivable
187 181 6 0.17380452156066895 0.0015926361083984375 0.17539715766906738 20
keyframe_mmdrivable
192 186 6 0.17061305046081543 0.00513768196105957 0.175750732421875 21
keyframe_mmdrivable
197 191 6 0.17123842239379883 0.001779794692993164 0.173018217086792 22
keyframe_mmdrivable
202 196 6 0.1690654754638672 0.0041425228118896484 0.17320799827575684 23
keyframe_mmdrivable
207 201 6 0.17609238624572754 0.0016562938690185547 0.1777486801147461 24
keyframe_mmdrivable
213 207 6 0.17420172691345215 0.0057752132415771484 0.1799769401550293 25
keyframe_mmdrivable
218 212 6 0.16941189765930176 0.0045795440673828125 0.17399144172668457 26
keyframe_mmdrivable
223 217 6 0.16932463645935059 0.011939764022827148 0.18126440048217773 27
keyframe_mmdrivable
229 222 6 0.16898036003112793 0.008711099624633789 0.17769145965576172 28
keyframe_mmdrivable
234 228 6 0.2025294303894043 0.001627206802368164 0.20415663719177246 29
keyframe_mmdrivable
240 234 6 0.1686854362487793 0.0014731884002685547 0.17015862464904785 30
keyframe_mmdrivable
245 239 6 0.17162132263183594 0.0016374588012695312 0.17325878143310547 31
keyframe_mmdrivable
250 244 6 0.17040061950683594 0.009776592254638672 0.1801772117614746 32
keyframe_mmdrivable
255 249 6 0.17162704467773438 0.0015461444854736328 0.173173189163208 33
keyframe_mmdrivable
260 254 6 0.1698439121246338 0.004936933517456055 0.17478084564208984 34
keyframe_mmdrivable
265 259 6 0.17507004737854004 0.004116058349609375 0.17918610572814941 35
keyframe_mmdrivable
271 265 6 0.1759800910949707 0.0015079975128173828 0.17748808860778809 36
keyframe_mmdrivable
276 270 6 0.18932104110717773 0.0015785694122314453 0.19089961051940918 37
keyframe_mmdrivable
281 275 6 0.1711733341217041 0.0015833377838134766 0.17275667190551758 38
keyframe_mmdrivable
286 280 6 0.17506718635559082 0.0015687942504882812 0.1766359806060791 39
keyframe_mmdrivable
292 285 6 0.17496776580810547 0.0016338825225830078 0.17660164833068848 40
keyframe_mmdrivable
297 291 6 0.17061734199523926 0.0016148090362548828 0.17223215103149414 41
keyframe_mmdrivable
302 296 6 0.1687009334564209 0.0047681331634521484 0.17346906661987305 42
keyframe_mmdrivable
307 301 6 0.1716752052307129 0.013170003890991211 0.1848452091217041 43
keyframe_mmdrivable
313 307 6 0.1718583106994629 0.012854576110839844 0.18471288681030273 44
keyframe_mmdrivable
318 312 6 0.17622828483581543 0.0014679431915283203 0.17769622802734375 45
keyframe_mmdrivable
323 317 6 0.17313766479492188 0.0014197826385498047 0.17455744743347168 46
keyframe_mmdrivable
328 322 6 0.17058563232421875 0.01217961311340332 0.18276524543762207 47
keyframe_mmdrivable
333 327 6 0.18227362632751465 0.0024225711822509766 0.18469619750976562 48
keyframe_mmdrivable
339 333 6 0.17034697532653809 0.0031960010528564453 0.17354297637939453 49
keyframe_mmdrivable
344 338 6 0.17067790031433105 0.008176565170288086 0.17885446548461914 50
keyframe_mmdrivable
349 343 6 0.17134428024291992 0.008765459060668945 0.18010973930358887 51
keyframe_mmdrivable
354 348 6 0.1707916259765625 0.005675792694091797 0.1764674186706543 52
keyframe_mmdrivable
360 353 6 0.17168879508972168 0.0016999244689941406 0.17338871955871582 53
keyframe_mmdrivable
365 359 6 0.17198896408081055 0.006453514099121094 0.17844247817993164 54
keyframe_mmdrivable
371 365 6 0.17264962196350098 0.00153350830078125 0.17418313026428223 55
keyframe_mmdrivable
376 370 6 0.17246127128601074 0.0015347003936767578 0.1739959716796875 56
keyframe_mmdrivable
381 375 6 0.17595529556274414 0.0015606880187988281 0.17751598358154297 57
keyframe_mmdrivable
386 380 6 0.1774740219116211 0.0015714168548583984 0.1790454387664795 58
keyframe_mmdrivable
392 386 6 0.16641020774841309 0.0016567707061767578 0.16806697845458984 59
keyframe_mmdrivable
397 391 6 0.1720716953277588 0.001512765884399414 0.1735844612121582 60
keyframe_mmdrivable
402 396 6 0.16992688179016113 0.00146484375 0.17139172554016113 61
keyframe_mmdrivable
407 401 6 0.17075014114379883 0.006718158721923828 0.17746829986572266 62
keyframe_mmdrivable
412 406 6 0.17226696014404297 0.0015251636505126953 0.17379212379455566 63
keyframe_mmdrivable
417 411 6 0.1723332405090332 0.008516788482666016 0.18085002899169922 64
keyframe_mmdrivable
423 421 2 0.17154431343078613 0.022702455520629883 0.19424676895141602 65
keyframe_mmdrivable
429 422 6 0.1751847267150879 0.003268718719482422 0.1784534454345703 66
keyframe_mmdrivable
434 433 1 0.22725987434387207 0.012645244598388672 0.23990511894226074 67
keyframe_mmdrivable
439 434 5 0.20215725898742676 0.0015375614166259766 0.20369482040405273 68
keyframe_mmdrivable
445 443 2 0.17038893699645996 0.016848325729370117 0.18723726272583008 69
keyframe_mmdrivable
449 444 5 0.18164491653442383 0.010734796524047852 0.19237971305847168 70
keyframe_mmdrivable
453 447 6 0.17349624633789062 0.0016851425170898438 0.17518138885498047 71
keyframe_mmdrivable
458 452 6 0.17112350463867188 0.012172222137451172 0.18329572677612305 72
keyframe_mmdrivable
463 457 6 0.18723440170288086 0.026697874069213867 0.21393227577209473 73
keyframe_mmdrivable
468 462 6 0.20181918144226074 0.007346391677856445 0.2091655731201172 74
keyframe_mmdrivable
473 467 6 0.20148158073425293 0.010197877883911133 0.21167945861816406 75
keyframe_mmdrivable
477 472 5 0.17163848876953125 0.005284309387207031 0.17692279815673828 76
keyframe_mmdrivable
482 476 6 0.19005918502807617 0.023671388626098633 0.2137305736541748 77
keyframe_mmdrivable
487 481 6 0.17290639877319336 0.0015208721160888672 0.17442727088928223 78
keyframe_mmdrivable
491 486 5 0.19345402717590332 0.023494958877563477 0.2169489860534668 79
keyframe_mmdrivable
497 491 6 0.1882939338684082 0.0016007423400878906 0.1898946762084961 80
keyframe_mmdrivable
503 497 6 0.17117977142333984 0.0035059452056884766 0.17468571662902832 81
keyframe_mmdrivable
508 502 6 0.1866748332977295 0.009466886520385742 0.19614171981811523 82
keyframe_mmdrivable
513 506 6 0.1858534812927246 0.0015614032745361328 0.18741488456726074 83
keyframe_mmdrivable
518 512 6 0.17087054252624512 0.0017285346984863281 0.17259907722473145 84
keyframe_mmdrivable
523 517 6 0.1708986759185791 0.002083301544189453 0.17298197746276855 85
keyframe_mmdrivable
528 522 6 0.17147231101989746 0.0016384124755859375 0.1731107234954834 86
keyframe_mmdrivable
533 527 6 0.17158794403076172 0.002485513687133789 0.1740734577178955 87
keyframe_mmdrivable
538 532 6 0.17223238945007324 0.01096796989440918 0.18320035934448242 88
keyframe_mmdrivable
544 537 6 0.1708526611328125 0.01655411720275879 0.1874067783355713 89
keyframe_mmdrivable
549 542 6 0.18437600135803223 0.0017321109771728516 0.18610811233520508 90
keyframe_mmdrivable
555 553 2 0.1741316318511963 0.014110088348388672 0.18824172019958496 91
keyframe_mmdrivable
560 554 6 0.2065262794494629 0.0033440589904785156 0.2098703384399414 92
keyframe_mmdrivable
565 559 6 0.1774120330810547 0.0015349388122558594 0.17894697189331055 93
keyframe_mmdrivable
571 564 6 0.17595458030700684 0.0015003681182861328 0.17745494842529297 94
keyframe_mmdrivable
576 570 6 0.1734480857849121 0.01189279556274414 0.18534088134765625 95
keyframe_mmdrivable
580 575 5 0.1785283088684082 0.0018277168273925781 0.18035602569580078 96
keyframe_mmdrivable
585 579 6 0.18704605102539062 0.011893749237060547 0.19893980026245117 97
keyframe_mmdrivable
590 584 6 0.20592236518859863 0.024389982223510742 0.23031234741210938 98
keyframe_mmdrivable
595 589 6 0.1831061840057373 0.027636289596557617 0.21074247360229492 99
keyframe_mmdrivable
600 594 6 0.1723926067352295 0.011864423751831055 0.18425703048706055 100
keyframe_mmdrivable
605 599 6 0.2200937271118164 0.0070264339447021484 0.22712016105651855 101
keyframe_mmdrivable
611 605 6 0.22049450874328613 0.013353824615478516 0.23384833335876465 102
keyframe_mmdrivable
616 610 6 0.20270872116088867 0.012920141220092773 0.21562886238098145 103
keyframe_mmdrivable
621 615 6 0.19444537162780762 0.011199951171875 0.20564532279968262 104
keyframe_mmdrivable
627 620 6 0.22036004066467285 0.009632587432861328 0.22999262809753418 105
keyframe_mmdrivable
632 626 6 0.18465280532836914 0.012683868408203125 0.19733667373657227 106
keyframe_mmdrivable
637 631 6 0.1962897777557373 0.01169586181640625 0.20798563957214355 107
keyframe_mmdrivable
642 636 6 0.2222611904144287 0.012828826904296875 0.23509001731872559 108
keyframe_mmdrivable
648 642 6 0.19304251670837402 0.012875080108642578 0.2059175968170166 109
keyframe_mmdrivable
654 648 6 0.19526410102844238 0.014990806579589844 0.21025490760803223 110
keyframe_mmdrivable
659 653 6 0.19691038131713867 0.012645483016967773 0.20955586433410645 111
keyframe_mmdrivable
664 658 6 0.19629263877868652 0.01747727394104004 0.21376991271972656 112
keyframe_mmdrivable
669 663 6 0.2019519805908203 0.016571044921875 0.2185230255126953 113
keyframe_mmdrivable
674 668 6 0.21723246574401855 0.02502751350402832 0.24225997924804688 114
keyframe_mmdrivable
679 673 6 0.2241072654724121 0.011035919189453125 0.23514318466186523 115
keyframe_mmdrivable
684 678 6 0.21037912368774414 0.007498025894165039 0.21787714958190918 116
keyframe_mmdrivable
689 683 6 0.18822932243347168 0.00677180290222168 0.19500112533569336 117
keyframe_mmdrivable
694 688 6 0.18038463592529297 0.019248485565185547 0.19963312149047852 118
keyframe_mmdrivable
698 693 5 0.19199728965759277 0.012810707092285156 0.20480799674987793 119
keyframe_mmdrivable
704 698 6 0.20331621170043945 0.010006189346313477 0.21332240104675293 120
keyframe_mmdrivable
709 703 5 0.1880781650543213 0.021687984466552734 0.20976614952087402 121
keyframe_mmdrivable
714 713 1 0.19794273376464844 0.008942842483520508 0.20688557624816895 122
keyframe_mmdrivable
719 714 5 0.21207761764526367 0.0015816688537597656 0.21365928649902344 123
keyframe_mmdrivable
725 724 1 0.1726360321044922 0.008738517761230469 0.18137454986572266 124
keyframe_mmdrivable
731 725 5 0.17155933380126953 0.0015072822570800781 0.1730666160583496 125
keyframe_mmdrivable
736 730 6 0.1719059944152832 0.0015974044799804688 0.17350339889526367 126
keyframe_mmdrivable
741 735 6 0.1730184555053711 0.0015325546264648438 0.17455101013183594 127
keyframe_mmdrivable
746 740 6 0.17537307739257812 0.0015118122100830078 0.17688488960266113 128
keyframe_mmdrivable
751 745 6 0.18434929847717285 0.0016798973083496094 0.18602919578552246 129
keyframe_mmdrivable
757 756 1 0.17291545867919922 0.0019576549530029297 0.17487311363220215 130
keyframe_mmdrivable
762 757 5 0.17261457443237305 0.0014483928680419922 0.17406296730041504 131
keyframe_mmdrivable
767 761 6 0.17470955848693848 0.010867834091186523 0.185577392578125 132
keyframe_mmdrivable
773 767 6 0.17293787002563477 0.0015442371368408203 0.17448210716247559 133
keyframe_mmdrivable
778 772 6 0.1745309829711914 0.0016512870788574219 0.17618227005004883 134
keyframe_mmdrivable
784 778 6 0.17505884170532227 0.0015971660614013672 0.17665600776672363 135
keyframe_mmdrivable
789 783 6 0.1717243194580078 0.0018520355224609375 0.17357635498046875 136
keyframe_mmdrivable
794 788 6 0.1724395751953125 0.0025589466094970703 0.17499852180480957 137
keyframe_mmdrivable
799 793 6 0.17282462120056152 0.0014445781707763672 0.1742691993713379 138
keyframe_mmdrivable
804 798 6 0.1761462688446045 0.00164031982421875 0.17778658866882324 139
keyframe_mmdrivable
810 804 6 0.17364263534545898 0.001535177230834961 0.17517781257629395 140
keyframe_mmdrivable
815 809 6 0.17221426963806152 0.0014412403106689453 0.17365550994873047 141
keyframe_mmdrivable
820 814 6 0.17474818229675293 0.0015552043914794922 0.17630338668823242 142
keyframe_mmdrivable
826 819 6 0.18283557891845703 0.0015573501586914062 0.18439292907714844 143
keyframe_mmdrivable
831 825 6 0.18013620376586914 0.0016047954559326172 0.18174099922180176 144
keyframe_mmdrivable
836 830 6 0.17252039909362793 0.0015785694122314453 0.17409896850585938 145
keyframe_mmdrivable
841 835 6 0.17340946197509766 0.002790212631225586 0.17619967460632324 146
keyframe_mmdrivable
847 840 6 0.17224597930908203 0.0022780895233154297 0.17452406883239746 147
keyframe_mmdrivable
852 846 6 0.17352008819580078 0.0025255680084228516 0.17604565620422363 148
keyframe_mmdrivable
857 851 6 0.17736029624938965 0.00160980224609375 0.1789700984954834 149
keyframe_mmdrivable
863 856 6 0.17437505722045898 0.0020401477813720703 0.17641520500183105 150
keyframe_mmdrivable
868 862 6 0.17766332626342773 0.00452113151550293 0.18218445777893066 151
keyframe_mmdrivable
873 867 6 0.1823434829711914 0.014353036880493164 0.19669651985168457 152
keyframe_mmdrivable
879 873 6 0.177764892578125 0.013507604598999023 0.19127249717712402 153
keyframe_mmdrivable
885 879 6 0.17499208450317383 0.010055780410766602 0.18504786491394043 154
keyframe_mmdrivable
890 884 6 0.18788981437683105 0.011757373809814453 0.1996471881866455 155
keyframe_mmdrivable
896 890 6 0.18474483489990234 0.0024755001068115234 0.18722033500671387 156
keyframe_mmdrivable
902 896 6 0.1785426139831543 0.0027837753295898438 0.18132638931274414 157
keyframe_mmdrivable
908 902 6 0.17447447776794434 0.0016243457794189453 0.17609882354736328 158
keyframe_mmdrivable
913 907 6 0.17430615425109863 0.0020775794982910156 0.17638373374938965 159
keyframe_mmdrivable
919 913 6 0.17347455024719238 0.0025947093963623047 0.1760692596435547 160
keyframe_mmdrivable
924 918 5 0.17478394508361816 0.008568286895751953 0.18335223197937012 161
keyframe_mmdrivable
929 923 6 0.17377638816833496 0.0014300346374511719 0.17520642280578613 162
keyframe_mmdrivable
935 928 6 0.17406678199768066 0.009702682495117188 0.18376946449279785 163
keyframe_mmdrivable
940 934 6 0.17345142364501953 0.010723590850830078 0.1841750144958496 164
keyframe_mmdrivable
946 940 6 0.17372536659240723 0.006636857986450195 0.18036222457885742 165
keyframe_mmdrivable
951 945 6 0.17541861534118652 0.0016968250274658203 0.17711544036865234 166
keyframe_mmdrivable
957 950 6 0.18040871620178223 0.0015192031860351562 0.18192791938781738 167
keyframe_mmdrivable
962 956 6 0.1733262538909912 0.0016477108001708984 0.1749739646911621 168
keyframe_mmdrivable
967 961 6 0.17275118827819824 0.0014581680297851562 0.1742093563079834 169
keyframe_mmdrivable
972 966 6 0.17722415924072266 0.011889934539794922 0.18911409378051758 170
keyframe_mmdrivable
978 972 6 0.19553184509277344 0.0024068355560302734 0.1979386806488037 171
keyframe_mmdrivable
984 978 6 0.17561817169189453 0.0014944076538085938 0.17711257934570312 172
keyframe_mmdrivable
988 983 5 0.17502784729003906 0.001613616943359375 0.17664146423339844 173
keyframe_mmdrivable
993 987 6 0.1765294075012207 0.001973390579223633 0.17850279808044434 174
keyframe_mmdrivable
998 992 6 0.18585848808288574 0.001519918441772461 0.1873784065246582 175
keyframe_mmdrivable
1004 998 6 0.17679357528686523 0.002398252487182617 0.17919182777404785 176
keyframe_mmdrivable
1009 1003 6 0.17511725425720215 0.0016021728515625 0.17671942710876465 177
keyframe_mmdrivable
1014 1008 6 0.17374658584594727 0.0015268325805664062 0.17527341842651367 178
keyframe_mmdrivable
1019 1013 5 0.2125399112701416 0.013709306716918945 0.22624921798706055 179
keyframe_mmdrivable
1024 1018 6 0.17552781105041504 0.0071964263916015625 0.1827242374420166 180
keyframe_mmdrivable
1029 1023 6 0.21004223823547363 0.010003328323364258 0.2200455665588379 181
keyframe_mmdrivable
1036 1035 1 0.18655657768249512 0.009772777557373047 0.19632935523986816 182
keyframe_mmdrivable
1042 1036 6 0.17981910705566406 0.0015976428985595703 0.18141674995422363 183
keyframe_mmdrivable
1047 1041 6 0.17563629150390625 0.0020728111267089844 0.17770910263061523 184
keyframe_mmdrivable
1052 1046 6 0.17740106582641602 0.001965045928955078 0.1793661117553711 185
keyframe_mmdrivable
1057 1051 6 0.1777667999267578 0.0016219615936279297 0.17938876152038574 186
keyframe_mmdrivable
1062 1056 6 0.18105840682983398 0.0015816688537597656 0.18264007568359375 187
keyframe_mmdrivable
1068 1061 6 0.1762988567352295 0.011523008346557617 0.1878218650817871 188
keyframe_mmdrivable
1073 1067 6 0.17584967613220215 0.00365447998046875 0.1795041561126709 189
keyframe_mmdrivable
1078 1072 6 0.17573189735412598 0.013407707214355469 0.18913960456848145 190
keyframe_mmdrivable
1083 1077 6 0.1998443603515625 0.0023589134216308594 0.20220327377319336 191
keyframe_mmdrivable
1089 1083 6 0.17745232582092285 0.001996278762817383 0.17944860458374023 192
keyframe_mmdrivable
1094 1088 6 0.1752636432647705 0.0014808177947998047 0.1767444610595703 193
keyframe_mmdrivable
1099 1093 6 0.17493510246276855 0.005361318588256836 0.1802964210510254 194
keyframe_mmdrivable
1104 1098 6 0.17584943771362305 0.0015385150909423828 0.17738795280456543 195
keyframe_mmdrivable
1109 1103 6 0.17537426948547363 0.0015025138854980469 0.17687678337097168 196
keyframe_mmdrivable
1114 1108 6 0.17446279525756836 0.009041547775268555 0.18350434303283691 197
keyframe_mmdrivable
1120 1118 2 0.17537212371826172 0.0025336742401123047 0.17790579795837402 198
keyframe_mmdrivable
1125 1119 6 0.17686223983764648 0.005171775817871094 0.18203401565551758 199
keyframe_mmdrivable
1130 1124 6 0.17445063591003418 0.001605987548828125 0.1760566234588623 200
keyframe_mmdrivable
1136 1130 6 0.17877697944641113 0.0015988349914550781 0.1803758144378662 201
keyframe_mmdrivable
1142 1136 6 0.17563176155090332 0.0015256404876708984 0.17715740203857422 202
keyframe_mmdrivable
1146 1140 6 0.17670440673828125 0.0016205310821533203 0.17832493782043457 203
keyframe_mmdrivable
1152 1151 1 0.17613649368286133 0.0032629966735839844 0.1793994903564453 204
keyframe_mmdrivable
1157 1152 5 0.18045544624328613 0.0015370845794677734 0.1819925308227539 205
keyframe_mmdrivable
1162 1156 6 0.1766364574432373 0.0024166107177734375 0.17905306816101074 206
keyframe_mmdrivable
1168 1162 6 0.17591047286987305 0.0015494823455810547 0.1774599552154541 207
keyframe_mmdrivable
1173 1167 6 0.17663073539733887 0.0026047229766845703 0.17923545837402344 208
keyframe_mmdrivable
1178 1172 6 0.18012690544128418 0.0014536380767822266 0.1815805435180664 209
keyframe_mmdrivable
1184 1177 6 0.1794123649597168 0.001516580581665039 0.18092894554138184 210
keyframe_mmdrivable
1189 1183 6 0.17444419860839844 0.0015256404876708984 0.17596983909606934 211
keyframe_mmdrivable
1194 1188 6 0.17695069313049316 0.008514881134033203 0.18546557426452637 212
keyframe_mmdrivable
1200 1194 6 0.17484664916992188 0.01327967643737793 0.1881263256072998 213
keyframe_mmdrivable
1205 1199 6 0.17522072792053223 0.00821375846862793 0.18343448638916016 214
keyframe_mmdrivable
1210 1204 6 0.17583179473876953 0.0017096996307373047 0.17754149436950684 215
keyframe_mmdrivable
1215 1209 6 0.17655515670776367 0.005930900573730469 0.18248605728149414 216
keyframe_mmdrivable
1220 1214 6 0.175065279006958 0.010989665985107422 0.18605494499206543 217
keyframe_mmdrivable
1226 1219 6 0.17571735382080078 0.0015745162963867188 0.1772918701171875 218
keyframe_mmdrivable
1231 1225 6 0.1753535270690918 0.0017061233520507812 0.17705965042114258 219
keyframe_mmdrivable
1236 1230 6 0.19536852836608887 0.009402036666870117 0.20477056503295898 220
keyframe_mmdrivable
1242 1240 2 0.18252301216125488 0.004624366760253906 0.1871473789215088 221
keyframe_mmdrivable
1247 1241 6 0.1933283805847168 0.0029375553131103516 0.19626593589782715 222
keyframe_mmdrivable
1252 1246 6 0.17960286140441895 0.002241849899291992 0.18184471130371094 223
keyframe_mmdrivable
1258 1252 6 0.17540812492370605 0.0015039443969726562 0.1769120693206787 224
keyframe_mmdrivable
1263 1257 6 0.17615389823913574 0.0015516281127929688 0.1777055263519287 225
keyframe_mmdrivable
1268 1262 6 0.17785048484802246 0.0018794536590576172 0.17972993850708008 226
keyframe_mmdrivable
1274 1268 6 0.1764388084411621 0.0016353130340576172 0.17807412147521973 227
keyframe_mmdrivable
1279 1273 6 0.17676615715026855 0.0018002986907958984 0.17856645584106445 228
keyframe_mmdrivable
1284 1278 6 0.1775836944580078 0.0017845630645751953 0.179368257522583 229
keyframe_mmdrivable
1289 1283 6 0.1772165298461914 0.006318569183349609 0.18353509902954102 230
keyframe_mmdrivable
1294 1288 6 0.1780564785003662 0.012457609176635742 0.19051408767700195 231
keyframe_mmdrivable
1300 1294 6 0.17590570449829102 0.0015742778778076172 0.17747998237609863 232
keyframe_mmdrivable
1305 1299 6 0.17840123176574707 0.0016758441925048828 0.18007707595825195 233
keyframe_mmdrivable
1310 1304 6 0.18327665328979492 0.001558542251586914 0.18483519554138184 234
keyframe_mmdrivable
1316 1310 6 0.18709707260131836 0.0018186569213867188 0.18891572952270508 235
keyframe_mmdrivable
1321 1315 6 0.17682313919067383 0.0016551017761230469 0.17847824096679688 236
keyframe_mmdrivable
1326 1320 6 0.1808640956878662 0.0032951831817626953 0.1841592788696289 237
keyframe_mmdrivable
1332 1326 6 0.17803502082824707 0.0014374256134033203 0.1794724464416504 238
keyframe_mmdrivable
1337 1331 6 0.17789602279663086 0.001619100570678711 0.17951512336730957 239
keyframe_mmdrivable
1342 1336 6 0.17567658424377441 0.0016560554504394531 0.17733263969421387 240
keyframe_mmdrivable
1347 1341 6 0.1754012107849121 0.012635231018066406 0.18803644180297852 241
keyframe_mmdrivable
1353 1347 6 0.1755993366241455 0.010053157806396484 0.185652494430542 242
keyframe_mmdrivable
1358 1352 6 0.17533612251281738 0.017149686813354492 0.19248580932617188 243
keyframe_mmdrivable
1363 1357 6 0.17840957641601562 0.004482269287109375 0.182891845703125 244
keyframe_mmdrivable
1369 1363 6 0.1807851791381836 0.0015256404876708984 0.1823108196258545 245
keyframe_mmdrivable
1374 1368 6 0.1849040985107422 0.001928567886352539 0.18683266639709473 246
keyframe_mmdrivable
1379 1373 6 0.18940138816833496 0.0015459060668945312 0.1909472942352295 247
keyframe_mmdrivable
1385 1378 6 0.18202781677246094 0.0015850067138671875 0.18361282348632812 248
keyframe_mmdrivable
1390 1389 1 0.1808936595916748 0.0015811920166015625 0.18247485160827637 249
keyframe_mmdrivable
1395 1390 5 0.18422317504882812 0.0016031265258789062 0.18582630157470703 250
keyframe_mmdrivable
1400 1394 6 0.18102097511291504 0.0014536380767822266 0.18247461318969727 251
keyframe_mmdrivable
1405 1399 6 0.18140673637390137 0.001604318618774414 0.18301105499267578 252
keyframe_mmdrivable
1410 1404 6 0.1805887222290039 0.0017504692077636719 0.18233919143676758 253
keyframe_mmdrivable
1415 1409 6 0.18204569816589355 0.009128808975219727 0.19117450714111328 254
keyframe_mmdrivable
1421 1420 1 0.1819753646850586 0.0015757083892822266 0.18355107307434082 255
keyframe_mmdrivable
1426 1421 5 0.19292998313903809 0.0015761852264404297 0.19450616836547852 256
keyframe_mmdrivable
1432 1431 1 0.18403911590576172 0.008551359176635742 0.19259047508239746 257
keyframe_mmdrivable
1437 1432 5 0.19928503036499023 0.00514984130859375 0.20443487167358398 258
keyframe_mmdrivable
1443 1442 1 0.19075942039489746 0.0017452239990234375 0.1925046443939209 259
keyframe_mmdrivable
1448 1443 5 0.18585634231567383 0.0015757083892822266 0.18743205070495605 260
keyframe_mmdrivable
1454 1453 1 0.1815786361694336 0.0021965503692626953 0.1837751865386963 261
keyframe_mmdrivable
1459 1454 5 0.18277406692504883 0.001558542251586914 0.18433260917663574 262
keyframe_mmdrivable
1464 1458 6 0.18425631523132324 0.0015518665313720703 0.1858081817626953 263
keyframe_mmdrivable
1469 1463 6 0.1850283145904541 0.0016143321990966797 0.18664264678955078 264
keyframe_mmdrivable
1474 1468 6 0.1850571632385254 0.0015838146209716797 0.18664097785949707 265
keyframe_mmdrivable
1480 1474 6 0.18315720558166504 0.014924764633178711 0.19808197021484375 266
keyframe_mmdrivable
1485 1479 6 0.18078088760375977 0.0019214153289794922 0.18270230293273926 267
keyframe_mmdrivable
1490 1484 6 0.1909654140472412 0.01153707504272461 0.20250248908996582 268
keyframe_mmdrivable
1496 1490 6 0.1846756935119629 0.0015859603881835938 0.18626165390014648 269
keyframe_mmdrivable
1501 1495 6 0.18643856048583984 0.0017557144165039062 0.18819427490234375 270
keyframe_mmdrivable
1507 1506 1 0.19359230995178223 0.001634359359741211 0.19522666931152344 271
keyframe_mmdrivable
1512 1507 4 0.18674898147583008 0.0016357898712158203 0.1883847713470459 272
keyframe_mmdrivable
1516 1510 6 0.1840672492980957 0.005278587341308594 0.1893458366394043 273
keyframe_mmdrivable
1522 1516 6 0.18193578720092773 0.002559661865234375 0.1844954490661621 274
keyframe_mmdrivable
1527 1521 6 0.19408392906188965 0.0016033649444580078 0.19568729400634766 275
keyframe_mmdrivable
1532 1526 6 0.18148112297058105 0.0016982555389404297 0.18317937850952148 276
keyframe_mmdrivable
1537 1531 6 0.1826951503753662 0.0016672611236572266 0.18436241149902344 277
keyframe_mmdrivable
1542 1536 6 0.18096327781677246 0.0025086402893066406 0.1834719181060791 278
keyframe_mmdrivable
1547 1541 6 0.1869969367980957 0.0020737648010253906 0.1890707015991211 279
keyframe_mmdrivable
1553 1547 6 0.18305516242980957 0.005905628204345703 0.18896079063415527 280
keyframe_mmdrivable
1559 1553 6 0.19091415405273438 0.0017397403717041016 0.19265389442443848 281
keyframe_mmdrivable
1564 1558 6 0.1950676441192627 0.0014989376068115234 0.19656658172607422 282
keyframe_mmdrivable
1569 1563 6 0.1885511875152588 0.0030307769775390625 0.19158196449279785 283
keyframe_mmdrivable
1575 1569 6 0.18185806274414062 0.001689910888671875 0.1835479736328125 284
keyframe_mmdrivable
1580 1574 6 0.1895432472229004 0.003927946090698242 0.19347119331359863 285
keyframe_mmdrivable
1586 1585 1 0.181396484375 0.0016562938690185547 0.18305277824401855 286
keyframe_mmdrivable
1592 1586 5 0.19069576263427734 0.0016245841979980469 0.1923203468322754 287
keyframe_mmdrivable
1597 1591 6 0.18613290786743164 0.0016436576843261719 0.1877765655517578 288
keyframe_mmdrivable
1602 1596 6 0.18244147300720215 0.0015971660614013672 0.18403863906860352 289
keyframe_mmdrivable
1608 1607 1 0.17624115943908691 0.013844966888427734 0.19008612632751465 290
keyframe_mmdrivable
1614 1608 6 0.18231678009033203 0.009375572204589844 0.19169235229492188 291
keyframe_mmdrivable
1620 1618 2 0.1799933910369873 0.013312578201293945 0.19330596923828125 292
keyframe_mmdrivable
1626 1619 6 0.17901039123535156 0.0027942657470703125 0.18180465698242188 293
keyframe_mmdrivable
1631 1625 6 0.17572736740112305 0.0015873908996582031 0.17731475830078125 294
keyframe_mmdrivable
1636 1630 6 0.1767418384552002 0.0016808509826660156 0.1784226894378662 295
keyframe_mmdrivable
1641 1635 6 0.18005037307739258 0.0016834735870361328 0.1817338466644287 296
keyframe_mmdrivable
1647 1641 6 0.18516087532043457 0.0015518665313720703 0.18671274185180664 297
keyframe_mmdrivable
1652 1646 6 0.180619478225708 0.006329059600830078 0.18694853782653809 298
keyframe_mmdrivable
1657 1651 6 0.1830310821533203 0.0015749931335449219 0.18460607528686523 299
keyframe_mmdrivable
1662 1656 6 0.19066214561462402 0.0015988349914550781 0.1922609806060791 300
keyframe_mmdrivable
1666 1661 5 0.19533634185791016 0.00176239013671875 0.1970987319946289 301
keyframe_mmdrivable
1672 1666 6 0.1912827491760254 0.0016257762908935547 0.19290852546691895 302
keyframe_mmdrivable
1677 1671 6 0.20836663246154785 0.007781982421875 0.21614861488342285 303
keyframe_mmdrivable
1683 1682 1 0.1900784969329834 0.0016078948974609375 0.19168639183044434 304
keyframe_mmdrivable
1688 1683 5 0.1953718662261963 0.0030994415283203125 0.1984713077545166 305
keyframe_mmdrivable
1694 1687 6 0.18999242782592773 0.0015697479248046875 0.19156217575073242 306
keyframe_mmdrivable
1698 1692 6 0.18043828010559082 0.002479076385498047 0.18291735649108887 307
keyframe_mmdrivable
1702 1697 5 0.18074941635131836 0.0015759468078613281 0.1823253631591797 308
keyframe_mmdrivable
1707 1701 6 0.18052172660827637 0.0015883445739746094 0.18211007118225098 309
keyframe_mmdrivable
1713 1706 6 0.1815648078918457 0.001661062240600586 0.1832258701324463 310
keyframe_mmdrivable
1718 1712 6 0.19188857078552246 0.007634162902832031 0.1995227336883545 311
keyframe_mmdrivable
1723 1717 6 0.19654560089111328 0.0016605854034423828 0.19820618629455566 312
keyframe_mmdrivable
1728 1722 6 0.1934340000152588 0.001577615737915039 0.19501161575317383 313
keyframe_mmdrivable
1733 1727 6 0.19207239151000977 0.001987457275390625 0.1940598487854004 314
keyframe_mmdrivable
1738 1732 6 0.19407224655151367 0.006514549255371094 0.20058679580688477 315
keyframe_mmdrivable
1744 1738 6 0.19477248191833496 0.004642963409423828 0.1994154453277588 316
keyframe_mmdrivable
1750 1744 6 0.18979978561401367 0.0015234947204589844 0.19132328033447266 317
keyframe_mmdrivable
1755 1749 6 0.18712401390075684 0.0015840530395507812 0.18870806694030762 318
keyframe_mmdrivable
1760 1754 6 0.1850757598876953 0.0014843940734863281 0.18656015396118164 319
keyframe_mmdrivable
1766 1759 6 0.1761312484741211 0.0015461444854736328 0.17767739295959473 320
keyframe_mmdrivable
1770 1764 6 0.17963695526123047 0.0015001296997070312 0.1811370849609375 321
keyframe_mmdrivable
1776 1770 6 0.18212437629699707 0.0015485286712646484 0.18367290496826172 322
keyframe_mmdrivable
1781 1775 6 0.18721699714660645 0.024177074432373047 0.2113940715789795 323
keyframe_mmdrivable
1788 1781 6 0.1871488094329834 0.011489629745483398 0.1986384391784668 324
keyframe_mmdrivable
1792 1786 6 0.18602752685546875 0.001565694808959961 0.1875932216644287 325
keyframe_mmdrivable
1798 1791 6 0.19200873374938965 0.010710954666137695 0.20271968841552734 326
keyframe_mmdrivable
1803 1797 6 0.18763232231140137 0.01262974739074707 0.20026206970214844 327
keyframe_mmdrivable
1809 1802 6 0.18234968185424805 0.011680841445922852 0.1940305233001709 328
keyframe_mmdrivable
1814 1808 6 0.20421934127807617 0.004026174545288086 0.20824551582336426 329
keyframe_mmdrivable
1820 1814 6 0.1933577060699463 0.00426483154296875 0.19762253761291504 330
keyframe_mmdrivable
1825 1819 6 0.19234395027160645 0.004988670349121094 0.19733262062072754 331
keyframe_mmdrivable
1831 1825 6 0.21242332458496094 0.010466337203979492 0.22288966178894043 332
keyframe_mmdrivable
1837 1831 6 0.20187163352966309 0.009610176086425781 0.21148180961608887 333
keyframe_mmdrivable
1842 1836 6 0.19257187843322754 0.013868331909179688 0.20644021034240723 334
keyframe_mmdrivable
1848 1842 6 0.19171786308288574 0.0022344589233398438 0.19395232200622559 335
keyframe_mmdrivable
1853 1847 6 0.19244956970214844 0.01268911361694336 0.2051386833190918 336
keyframe_mmdrivable
1858 1852 6 0.1931767463684082 0.00439143180847168 0.19756817817687988 337
keyframe_mmdrivable
1864 1858 6 0.1960306167602539 0.008732795715332031 0.20476341247558594 338
keyframe_mmdrivable
1869 1863 6 0.20541810989379883 0.0015757083892822266 0.20699381828308105 339
keyframe_mmdrivable
1875 1869 6 0.18236732482910156 0.002561330795288086 0.18492865562438965 340
keyframe_mmdrivable
1880 1874 6 0.1778407096862793 0.0015499591827392578 0.17939066886901855 341
keyframe_mmdrivable
1885 1879 6 0.17905902862548828 0.002193450927734375 0.18125247955322266 342
keyframe_mmdrivable
1890 1884 6 0.18299388885498047 0.0016012191772460938 0.18459510803222656 343
keyframe_mmdrivable
1895 1889 6 0.18742585182189941 0.0023093223571777344 0.18973517417907715 344
keyframe_mmdrivable
1901 1895 6 0.20000147819519043 0.001527547836303711 0.20152902603149414 345
keyframe_mmdrivable
1906 1900 6 0.18846845626831055 0.0027875900268554688 0.19125604629516602 346
keyframe_mmdrivable
1911 1905 6 0.18871307373046875 0.0014774799346923828 0.19019055366516113 347
keyframe_mmdrivable
1915 1910 5 0.1991887092590332 0.001544952392578125 0.20073366165161133 348
keyframe_mmdrivable
1921 1919 2 0.18555188179016113 0.0043680667877197266 0.18991994857788086 349
keyframe_mmdrivable
1926 1920 6 0.18763971328735352 0.0014500617980957031 0.18908977508544922 350
keyframe_mmdrivable
1931 1925 6 0.18359994888305664 0.002591371536254883 0.18619132041931152 351
keyframe_mmdrivable
1936 1930 6 0.18395781517028809 0.001590728759765625 0.1855485439300537 352
keyframe_mmdrivable
1941 1935 6 0.18451857566833496 0.0015425682067871094 0.18606114387512207 353
keyframe_mmdrivable
1946 1940 5 0.18372797966003418 0.009296178817749023 0.1930241584777832 354
keyframe_mmdrivable
1950 1944 6 0.18849635124206543 0.0016448497772216797 0.1901412010192871 355
keyframe_mmdrivable
1955 1949 6 0.19336581230163574 0.01336359977722168 0.20672941207885742 356
keyframe_mmdrivable
1961 1955 6 0.18477511405944824 0.006650447845458984 0.19142556190490723 357
keyframe_mmdrivable
1966 1960 6 0.1844468116760254 0.012988805770874023 0.19743561744689941 358
keyframe_mmdrivable
1971 1965 6 0.1811368465423584 0.01057887077331543 0.19171571731567383 359
keyframe_mmdrivable
1976 1970 6 0.18224883079528809 0.0015215873718261719 0.18377041816711426 360
keyframe_mmdrivable
1981 1975 6 0.19130659103393555 0.0015444755554199219 0.19285106658935547 361
keyframe_mmdrivable
1986 1980 6 0.18037962913513184 0.006786823272705078 0.18716645240783691 362
keyframe_mmdrivable
1992 1990 2 0.17975068092346191 0.002156972885131836 0.18190765380859375 363
keyframe_mmdrivable
1997 1991 6 0.18075799942016602 0.0041675567626953125 0.18492555618286133 364
keyframe_mmdrivable
2002 1996 6 0.17869281768798828 0.011228322982788086 0.18992114067077637 365
keyframe_mmdrivable
2007 2001 6 0.18802213668823242 0.0015838146209716797 0.1896059513092041 366
keyframe_mmdrivable
2012 2006 6 0.18252348899841309 0.0014827251434326172 0.1840062141418457 367
keyframe_mmdrivable
2016 2010 6 0.18430471420288086 0.007790565490722656 0.19209527969360352 368
keyframe_mmdrivable
2022 2020 2 0.19725680351257324 0.0018460750579833984 0.19910287857055664 369
keyframe_mmdrivable
2027 2021 6 0.20393633842468262 0.012250661849975586 0.2161870002746582 370
keyframe_mmdrivable
2034 2032 1 0.18152880668640137 0.010478496551513672 0.19200730323791504 371
keyframe_mmdrivable
2039 2033 5 0.2100059986114502 0.0015366077423095703 0.21154260635375977 372
keyframe_mmdrivable
2044 2043 1 0.21163201332092285 0.006079196929931641 0.2177112102508545 373
keyframe_mmdrivable
2049 2044 5 0.17949581146240234 0.005653858184814453 0.1851496696472168 374
keyframe_mmdrivable
2054 2048 6 0.1804661750793457 0.0014977455139160156 0.18196392059326172 375
keyframe_mmdrivable
2058 2052 6 0.18158602714538574 0.0026531219482421875 0.18423914909362793 376
keyframe_mmdrivable
2063 2057 6 0.17732453346252441 0.003091096878051758 0.18041563034057617 377
keyframe_mmdrivable
2068 2062 6 0.19558382034301758 0.03479123115539551 0.23037505149841309 378
keyframe_mmdrivable
2075 2073 2 0.18865466117858887 0.0015149116516113281 0.1901695728302002 379
keyframe_mmdrivable
2079 2074 5 0.18784236907958984 0.0022356510162353516 0.1900780200958252 380
keyframe_mmdrivable
2084 2078 6 0.17978858947753906 0.012691020965576172 0.19247961044311523 381
keyframe_mmdrivable
2089 2083 6 0.2082529067993164 0.0017576217651367188 0.21001052856445312 382
keyframe_mmdrivable
2095 2093 2 0.18544340133666992 0.0016760826110839844 0.1871194839477539 383
keyframe_mmdrivable
2100 2094 6 0.20249009132385254 0.001627206802368164 0.2041172981262207 384
keyframe_mmdrivable
2105 2099 6 0.19416522979736328 0.0015811920166015625 0.19574642181396484 385
keyframe_mmdrivable
2110 2104 6 0.20134639739990234 0.013323545455932617 0.21466994285583496 386
keyframe_mmdrivable
2116 2109 6 0.1971886157989502 0.024144887924194336 0.22133350372314453 387
keyframe_mmdrivable
2121 2115 6 0.20517396926879883 0.03019237518310547 0.2353663444519043 388
keyframe_mmdrivable
2127 2121 6 0.21472811698913574 0.015552043914794922 0.23028016090393066 389
keyframe_mmdrivable
2133 2127 6 0.21940970420837402 0.0016415119171142578 0.22105121612548828 390
keyframe_mmdrivable
2138 2132 6 0.1799914836883545 0.007204532623291016 0.1871960163116455 391
keyframe_mmdrivable
2142 2137 5 0.19175148010253906 0.012631893157958984 0.20438337326049805 392
keyframe_mmdrivable
2147 2141 6 0.19273090362548828 0.005013942718505859 0.19774484634399414 393
keyframe_mmdrivable
2152 2146 6 0.19585394859313965 0.014411449432373047 0.2102653980255127 394
keyframe_mmdrivable
2157 2151 6 0.20737910270690918 0.00283050537109375 0.21020960807800293 395
keyframe_mmdrivable
2162 2156 6 0.184326171875 0.0014951229095458984 0.1858212947845459 396
keyframe_mmdrivable
2167 2161 6 0.186143159866333 0.022141456604003906 0.20828461647033691 397
keyframe_mmdrivable
2173 2167 6 0.19170212745666504 0.012818098068237305 0.20452022552490234 398
keyframe_mmdrivable
2178 2172 6 0.18456125259399414 0.0016283988952636719 0.1861896514892578 399
keyframe_mmdrivable
2183 2177 6 0.18851852416992188 0.0015716552734375 0.19009017944335938 400
keyframe_mmdrivable
2188 2182 6 0.20317459106445312 0.011337757110595703 0.21451234817504883 401
keyframe_mmdrivable
2194 2188 6 0.1768174171447754 0.010261774063110352 0.18707919120788574 402
keyframe_mmdrivable
2200 2193 6 0.17793703079223633 0.001634359359741211 0.17957139015197754 403
keyframe_mmdrivable
2205 2199 6 0.18567657470703125 0.02509307861328125 0.2107696533203125 404
keyframe_mmdrivable
2210 2204 6 0.19321560859680176 0.010578155517578125 0.20379376411437988 405
keyframe_mmdrivable
2215 2209 6 0.19906210899353027 0.0063321590423583984 0.20539426803588867 406
keyframe_mmdrivable
2220 2214 6 0.2156834602355957 0.009006261825561523 0.22468972206115723 407
keyframe_mmdrivable
2226 2225 1 0.19031167030334473 0.004160881042480469 0.1944725513458252 408
keyframe_mmdrivable
2231 2226 5 0.20769596099853516 0.003732919692993164 0.21142888069152832 409
keyframe_mmdrivable
2236 2230 6 0.19252324104309082 0.012857675552368164 0.20538091659545898 410
keyframe_mmdrivable
2242 2236 6 0.1878504753112793 0.001981973648071289 0.18983244895935059 411
keyframe_mmdrivable
2247 2241 6 0.18951964378356934 0.0021638870239257812 0.19168353080749512 412
keyframe_mmdrivable
2253 2247 6 0.1890583038330078 0.0015323162078857422 0.19059062004089355 413
keyframe_mmdrivable
2259 2253 6 0.1891796588897705 0.0015556812286376953 0.1907353401184082 414
keyframe_mmdrivable
2265 2258 6 0.18847155570983887 0.0015790462493896484 0.19005060195922852 415
keyframe_mmdrivable
2270 2264 6 0.18847012519836426 0.014441490173339844 0.2029116153717041 416
keyframe_mmdrivable
2275 2269 6 0.2029266357421875 0.0018723011016845703 0.20479893684387207 417
keyframe_mmdrivable
2281 2280 1 0.1880505084991455 0.0020797252655029297 0.19013023376464844 418
keyframe_mmdrivable
2287 2281 6 0.20813536643981934 0.01491856575012207 0.2230539321899414 419
keyframe_mmdrivable
2293 2292 1 0.19754624366760254 0.0016477108001708984 0.19919395446777344 420
keyframe_mmdrivable
2298 2293 5 0.18246769905090332 0.01340174674987793 0.19586944580078125 421
keyframe_mmdrivable
2303 2296 6 0.20263242721557617 0.012992620468139648 0.21562504768371582 422
keyframe_mmdrivable
2307 2301 6 0.2128615379333496 0.004737377166748047 0.21759891510009766 423
keyframe_mmdrivable
2313 2306 6 0.22503662109375 0.010535240173339844 0.23557186126708984 424
keyframe_mmdrivable
2319 2313 6 0.18376660346984863 0.002116680145263672 0.1858832836151123 425
keyframe_mmdrivable
2325 2319 6 0.18494415283203125 0.0015940666198730469 0.1865382194519043 426
keyframe_mmdrivable
2330 2324 6 0.18981122970581055 0.001567840576171875 0.19137907028198242 427
keyframe_mmdrivable
2335 2329 6 0.19246959686279297 0.0017113685607910156 0.19418096542358398 428
keyframe_mmdrivable
2341 2335 6 0.19268298149108887 0.0016329288482666016 0.19431591033935547 429
keyframe_mmdrivable
2346 2340 6 0.19399046897888184 0.0022788047790527344 0.19626927375793457 430
keyframe_mmdrivable
2351 2345 6 0.1931600570678711 0.001615285873413086 0.19477534294128418 431
keyframe_mmdrivable
2357 2351 6 0.19402050971984863 0.0015065670013427734 0.1955270767211914 432
keyframe_mmdrivable
2362 2356 6 0.19592070579528809 0.0015416145324707031 0.1974623203277588 433
keyframe_mmdrivable
2368 2362 6 0.20006799697875977 0.0021462440490722656 0.20221424102783203 434
keyframe_mmdrivable
2373 2367 6 0.20344257354736328 0.005437135696411133 0.20887970924377441 435
keyframe_mmdrivable
2379 2373 6 0.19473862648010254 0.0015413761138916016 0.19628000259399414 436
keyframe_mmdrivable
2385 2379 6 0.19324445724487305 0.001482248306274414 0.19472670555114746 437
keyframe_mmdrivable
2391 2384 6 0.19303059577941895 0.0059163570404052734 0.19894695281982422 438
keyframe_mmdrivable
2396 2390 6 0.19373297691345215 0.005204916000366211 0.19893789291381836 439
keyframe_mmdrivable
2401 2395 6 0.1939067840576172 0.0062296390533447266 0.20013642311096191 440
keyframe_mmdrivable
2407 2400 6 0.1924276351928711 0.009534835815429688 0.20196247100830078 441
keyframe_mmdrivable
2413 2406 6 0.20014190673828125 0.010446310043334961 0.2105882167816162 442
keyframe_mmdrivable
2419 2413 6 0.18451380729675293 0.005658864974975586 0.19017267227172852 443
keyframe_mmdrivable
2425 2418 6 0.1776413917541504 0.0016908645629882812 0.17933225631713867 444
keyframe_mmdrivable
2430 2424 6 0.17734813690185547 0.018338680267333984 0.19568681716918945 445
keyframe_mmdrivable
2436 2430 6 0.18095898628234863 0.009122610092163086 0.19008159637451172 446
keyframe_mmdrivable
2442 2436 6 0.17968988418579102 0.014631032943725586 0.1943209171295166 447
keyframe_mmdrivable
2448 2442 6 0.1925525665283203 0.0016841888427734375 0.19423675537109375 448
keyframe_mmdrivable
2454 2447 6 0.19597482681274414 0.0015368461608886719 0.1975116729736328 449
keyframe_mmdrivable
2460 2454 6 0.21624279022216797 0.003503561019897461 0.21974635124206543 450
keyframe_mmdrivable
2466 2460 6 0.2225322723388672 0.01105499267578125 0.23358726501464844 451
keyframe_mmdrivable
2472 2466 6 0.19680237770080566 0.02432560920715332 0.22112798690795898 452
keyframe_mmdrivable
2479 2473 6 0.19113683700561523 0.007668495178222656 0.1988053321838379 453
keyframe_mmdrivable
2485 2479 6 0.1965482234954834 0.0019021034240722656 0.19845032691955566 454
keyframe_mmdrivable
2491 2485 6 0.19109630584716797 0.011753559112548828 0.2028498649597168 455
keyframe_mmdrivable
2497 2491 6 0.19164419174194336 0.0017418861389160156 0.19338607788085938 456
keyframe_mmdrivable
2503 2497 6 0.19127392768859863 0.005697011947631836 0.19697093963623047 457
keyframe_mmdrivable
2509 2503 6 0.1934642791748047 0.0021505355834960938 0.19561481475830078 458
keyframe_mmdrivable
2515 2509 6 0.19124507904052734 0.013671159744262695 0.20491623878479004 459
keyframe_mmdrivable
2521 2515 6 0.1944866180419922 0.002593994140625 0.1970806121826172 460
keyframe_mmdrivable
2527 2521 6 0.21923494338989258 0.001999378204345703 0.22123432159423828 461
keyframe_mmdrivable
2534 2528 6 0.18778443336486816 0.001608133316040039 0.1893925666809082 462
keyframe_mmdrivable
2540 2533 6 0.20019912719726562 0.0015864372253417969 0.20178556442260742 463
keyframe_mmdrivable
2546 2544 2 0.18674135208129883 0.0015103816986083984 0.18825173377990723 464
keyframe_mmdrivable
2551 2545 6 0.187300443649292 0.0016329288482666016 0.1889333724975586 465
keyframe_mmdrivable
2557 2555 2 0.1819136142730713 0.0017342567443847656 0.18364787101745605 466
keyframe_mmdrivable
2562 2556 6 0.18814587593078613 0.0015938282012939453 0.18973970413208008 467
keyframe_mmdrivable
2568 2566 2 0.18329215049743652 0.0015556812286376953 0.18484783172607422 468
keyframe_mmdrivable
2573 2567 6 0.1890566349029541 0.0016362667083740234 0.19069290161132812 469
keyframe_mmdrivable
2579 2578 1 0.18558764457702637 0.0016891956329345703 0.18727684020996094 470
keyframe_mmdrivable
2585 2579 6 0.1860201358795166 0.0025453567504882812 0.18856549263000488 471
keyframe_mmdrivable
2590 2584 6 0.1829993724822998 0.009544610977172852 0.19254398345947266 472
keyframe_mmdrivable
2595 2589 6 0.18258213996887207 0.001764059066772461 0.18434619903564453 473
keyframe_mmdrivable
2601 2600 1 0.18970012664794922 0.0020999908447265625 0.19180011749267578 474
keyframe_mmdrivable
2607 2601 6 0.17943191528320312 0.0015368461608886719 0.1809687614440918 475
keyframe_mmdrivable
2613 2612 1 0.1761009693145752 0.0016100406646728516 0.17771100997924805 476
keyframe_mmdrivable
2618 2613 4 0.17685770988464355 0.012601375579833984 0.18945908546447754 477
keyframe_mmdrivable
2623 2617 6 0.18092083930969238 0.0015451908111572266 0.1824660301208496 478
keyframe_mmdrivable
2629 2622 6 0.1795039176940918 0.003674030303955078 0.18317794799804688 479
keyframe_mmdrivable
2634 2628 6 0.18482685089111328 0.01196908950805664 0.19679594039916992 480
keyframe_mmdrivable
2640 2634 6 0.18650436401367188 0.01274871826171875 0.19925308227539062 481
keyframe_mmdrivable
2646 2640 6 0.1847836971282959 0.0067026615142822266 0.19148635864257812 482
keyframe_mmdrivable
2652 2646 6 0.18225336074829102 0.0017516613006591797 0.1840050220489502 483
keyframe_mmdrivable
2657 2651 6 0.201401948928833 0.001636505126953125 0.20303845405578613 484
keyframe_mmdrivable
2663 2657 6 0.18964076042175293 0.0024116039276123047 0.19205236434936523 485
keyframe_mmdrivable
2669 2663 6 0.18259286880493164 0.0044672489166259766 0.18706011772155762 486
keyframe_mmdrivable
2675 2669 6 0.19210481643676758 0.0053670406341552734 0.19747185707092285 487
keyframe_mmdrivable
2681 2675 6 0.2060079574584961 0.0015108585357666016 0.2075188159942627 488
keyframe_mmdrivable
2686 2680 6 0.20139431953430176 0.0015211105346679688 0.20291543006896973 489
keyframe_mmdrivable
2692 2686 6 0.1895608901977539 0.0040776729583740234 0.19363856315612793 490
keyframe_mmdrivable
2697 2691 6 0.20111870765686035 0.0016186237335205078 0.20273733139038086 491
keyframe_mmdrivable
2702 2696 6 0.18286657333374023 0.0019428730010986328 0.18480944633483887 492
keyframe_mmdrivable
2708 2702 6 0.18293142318725586 0.0060994625091552734 0.18903088569641113 493
keyframe_mmdrivable
2714 2708 6 0.17873501777648926 0.0016567707061767578 0.18039178848266602 494
keyframe_mmdrivable
2719 2713 6 0.20242071151733398 0.003703594207763672 0.20612430572509766 495
keyframe_mmdrivable
2724 2718 6 0.19284367561340332 0.0015764236450195312 0.19442009925842285 496
keyframe_mmdrivable
2729 2723 6 0.18575549125671387 0.002367734909057617 0.18812322616577148 497
keyframe_mmdrivable
2734 2728 6 0.18218398094177246 0.0016002655029296875 0.18378424644470215 498
keyframe_mmdrivable
2739 2733 6 0.1898941993713379 0.0015385150909423828 0.19143271446228027 499
keyframe_mmdrivable
2744 2738 6 0.1865675449371338 0.009766817092895508 0.1963343620300293 500
keyframe_mmdrivable
2749 2743 6 0.17711734771728516 0.0018579959869384766 0.17897534370422363 501
keyframe_mmdrivable
2754 2748 6 0.1776285171508789 0.00406646728515625 0.18169498443603516 502
keyframe_mmdrivable
2759 2753 6 0.179642915725708 0.023876190185546875 0.20351910591125488 503
keyframe_mmdrivable
2764 2758 6 0.19822978973388672 0.0018718242645263672 0.20010161399841309 504
keyframe_mmdrivable
2770 2763 6 0.18546009063720703 0.015277385711669922 0.20073747634887695 505
keyframe_mmdrivable
2775 2769 6 0.20296931266784668 0.0065572261810302734 0.20952653884887695 506
keyframe_mmdrivable
2780 2774 6 0.18442606925964355 0.006407260894775391 0.19083333015441895 507
keyframe_mmdrivable
2786 2785 1 0.1854875087738037 0.0016295909881591797 0.1871170997619629 508
keyframe_mmdrivable
2792 2786 6 0.18673944473266602 0.0016560554504394531 0.18839550018310547 509
keyframe_mmdrivable
2798 2797 1 0.19304394721984863 0.002273082733154297 0.19531702995300293 510
keyframe_mmdrivable
2803 2798 5 0.22281789779663086 0.0016918182373046875 0.22450971603393555 511
keyframe_mmdrivable
2809 2808 1 0.1892852783203125 0.01671767234802246 0.20600295066833496 512
keyframe_mmdrivable
2814 2809 5 0.19176936149597168 0.01099085807800293 0.2027602195739746 513
keyframe_mmdrivable
2819 2813 6 0.20199894905090332 0.002544403076171875 0.2045433521270752 514
keyframe_mmdrivable
2824 2818 6 0.2197704315185547 0.032076120376586914 0.2518465518951416 515
keyframe_mmdrivable
2830 2824 6 0.19182515144348145 0.0016560554504394531 0.1934812068939209 516
keyframe_mmdrivable
2836 2830 6 0.17569756507873535 0.010336160659790039 0.1860337257385254 517
keyframe_mmdrivable
2842 2836 6 0.17666196823120117 0.0016360282897949219 0.1782979965209961 518
keyframe_mmdrivable
2847 2841 6 0.18222761154174805 0.0017461776733398438 0.1839737892150879 519
keyframe_mmdrivable
2853 2847 6 0.17725634574890137 0.0015523433685302734 0.17880868911743164 520
keyframe_mmdrivable
2858 2852 6 0.17921829223632812 0.004298686981201172 0.1835169792175293 521
keyframe_mmdrivable
2864 2862 2 0.18291258811950684 0.0016560554504394531 0.1845686435699463 522
keyframe_mmdrivable
2870 2863 6 0.19028449058532715 0.001733541488647461 0.1920180320739746 523
keyframe_mmdrivable
2875 2869 6 0.19098854064941406 0.0019497871398925781 0.19293832778930664 524
keyframe_mmdrivable
2881 2875 6 0.19160676002502441 0.0016124248504638672 0.19321918487548828 525
keyframe_mmdrivable
2887 2881 6 0.1902616024017334 0.001979351043701172 0.19224095344543457 526
keyframe_mmdrivable
2893 2887 6 0.19104671478271484 0.0015637874603271484 0.192610502243042 527
keyframe_mmdrivable
2899 2893 6 0.19180607795715332 0.0016307830810546875 0.193436861038208 528
keyframe_mmdrivable
2904 2898 6 0.19253325462341309 0.012079238891601562 0.20461249351501465 529
keyframe_mmdrivable
2911 2909 2 0.19202613830566406 0.012737751007080078 0.20476388931274414 530
keyframe_mmdrivable
2916 2910 6 0.23894906044006348 0.0016210079193115234 0.240570068359375 531
keyframe_mmdrivable
2923 2921 1 0.1932375431060791 0.0017192363739013672 0.19495677947998047 532
keyframe_mmdrivable
2928 2922 6 0.21343564987182617 0.0016558170318603516 0.21509146690368652 533
keyframe_mmdrivable
2933 2927 6 0.18891119956970215 0.017892122268676758 0.2068033218383789 534
keyframe_mmdrivable
2938 2932 6 0.24021530151367188 0.032137393951416016 0.2723526954650879 535
keyframe_mmdrivable
2945 2943 2 0.1944136619567871 0.012775659561157227 0.20718932151794434 536
keyframe_mmdrivable
2951 2945 6 0.21654939651489258 0.008342266082763672 0.22489166259765625 537
keyframe_mmdrivable
2958 2956 2 0.19533371925354004 0.013444900512695312 0.20877861976623535 538
keyframe_mmdrivable
2963 2957 6 0.2260584831237793 0.005082368850708008 0.2311408519744873 539
keyframe_mmdrivable
2969 2968 1 0.22078299522399902 0.0034058094024658203 0.22418880462646484 540
keyframe_mmdrivable
2974 2969 5 0.2294318675994873 0.023259639739990234 0.25269150733947754 541
keyframe_mmdrivable
2981 2979 2 0.19828033447265625 0.012926101684570312 0.21120643615722656 542
keyframe_mmdrivable
2986 2980 6 0.20128679275512695 0.012091398239135742 0.2133781909942627 543
keyframe_mmdrivable
2993 2990 3 0.19704699516296387 0.01297760009765625 0.21002459526062012 544
keyframe_mmdrivable
2998 2991 6 0.22397708892822266 0.01973247528076172 0.24370956420898438 545
keyframe_mmdrivable
3003 2997 6 0.19647502899169922 0.024178743362426758 0.22065377235412598 546
keyframe_mmdrivable
3008 3002 6 0.1934983730316162 0.012671947479248047 0.20617032051086426 547
keyframe_mmdrivable
3013 3007 6 0.208038330078125 0.006643533706665039 0.21468186378479004 548
keyframe_mmdrivable
3018 3012 6 0.19638442993164062 0.025034189224243164 0.2214186191558838 549
keyframe_mmdrivable
3024 3018 6 0.2017226219177246 0.0015828609466552734 0.20330548286437988 550
keyframe_mmdrivable
3030 3024 6 0.1932373046875 0.002241849899291992 0.195479154586792 551
keyframe_mmdrivable
3035 3029 6 0.19466710090637207 0.013673782348632812 0.20834088325500488 552
keyframe_mmdrivable
3040 3034 6 0.22335219383239746 0.028676986694335938 0.2520291805267334 553
keyframe_mmdrivable
3047 3045 2 0.1987318992614746 0.030698060989379883 0.2294299602508545 554
keyframe_mmdrivable
3054 3048 6 0.2406601905822754 0.03483939170837402 0.2754995822906494 555
keyframe_mmdrivable
3061 3054 6 0.20641231536865234 0.01585245132446289 0.22226476669311523 556
keyframe_mmdrivable
3066 3060 6 0.23466205596923828 0.017455101013183594 0.2521171569824219 557
keyframe_mmdrivable
3073 3067 6 0.21610808372497559 0.01275181770324707 0.22885990142822266 558
keyframe_mmdrivable
3078 3072 6 0.22220301628112793 0.009358406066894531 0.23156142234802246 559
keyframe_mmdrivable
3084 3078 6 0.21401667594909668 0.007392406463623047 0.22140908241271973 560
keyframe_mmdrivable
3090 3084 6 0.206742525100708 0.012707710266113281 0.2194502353668213 561
keyframe_mmdrivable
3095 3089 6 0.21667981147766113 0.0016243457794189453 0.21830415725708008 562
keyframe_mmdrivable
3101 3095 6 0.19472527503967285 0.012271642684936523 0.20699691772460938 563
keyframe_mmdrivable
3106 3100 6 0.19644689559936523 0.014102458953857422 0.21054935455322266 564
keyframe_mmdrivable
3112 3106 6 0.20701289176940918 0.014369726181030273 0.22138261795043945 565
keyframe_mmdrivable
3118 3112 6 0.1816115379333496 0.0071070194244384766 0.18871855735778809 566
keyframe_mmdrivable
3124 3117 6 0.1965019702911377 0.0017871856689453125 0.198289155960083 567
keyframe_mmdrivable
3129 3123 6 0.20433354377746582 0.02303934097290039 0.2273728847503662 568
keyframe_mmdrivable
3134 3128 6 0.19455814361572266 0.00413966178894043 0.19869780540466309 569
keyframe_mmdrivable
3139 3133 6 0.20014548301696777 0.013308525085449219 0.213454008102417 570
keyframe_mmdrivable
3145 3139 6 0.21868085861206055 0.0017037391662597656 0.2203845977783203 571
keyframe_mmdrivable
3151 3145 6 0.20616722106933594 0.02194976806640625 0.2281169891357422 572
keyframe_mmdrivable
3157 3151 6 0.21906161308288574 0.012928962707519531 0.23199057579040527 573
keyframe_mmdrivable
3163 3157 6 0.2339627742767334 0.008496999740600586 0.24245977401733398 574
keyframe_mmdrivable
3169 3162 6 0.2058868408203125 0.02041316032409668 0.22630000114440918 575
keyframe_mmdrivable
3174 3168 5 0.19319891929626465 0.01470637321472168 0.20790529251098633 576
keyframe_mmdrivable
3179 3173 6 0.22069072723388672 0.014449119567871094 0.2351398468017578 577
keyframe_mmdrivable
3185 3179 6 0.20920920372009277 0.0015234947204589844 0.21073269844055176 578
keyframe_mmdrivable
3190 3184 6 0.17957019805908203 0.0020418167114257812 0.1816120147705078 579
keyframe_mmdrivable
3196 3194 2 0.17873096466064453 0.002033233642578125 0.18076419830322266 580
keyframe_mmdrivable
3201 3195 6 0.18146729469299316 0.0015006065368652344 0.1829679012298584 581
keyframe_mmdrivable
3207 3205 2 0.17770075798034668 0.0015845298767089844 0.17928528785705566 582
keyframe_mmdrivable
3212 3206 6 0.1821136474609375 0.0016241073608398438 0.18373775482177734 583
keyframe_mmdrivable
3218 3217 1 0.18756532669067383 0.0016040802001953125 0.18916940689086914 584
keyframe_mmdrivable
3224 3218 5 0.19283103942871094 0.0027115345001220703 0.195542573928833 585
keyframe_mmdrivable
3229 3223 6 0.19222116470336914 0.0017385482788085938 0.19395971298217773 586
keyframe_mmdrivable
3235 3228 6 0.19167160987854004 0.0017096996307373047 0.19338130950927734 587
keyframe_mmdrivable
3241 3239 2 0.18991756439208984 0.0037255287170410156 0.19364309310913086 588
keyframe_mmdrivable
3247 3241 6 0.18977642059326172 0.005482912063598633 0.19525933265686035 589
keyframe_mmdrivable
3253 3247 6 0.18831729888916016 0.0017206668853759766 0.19003796577453613 590
keyframe_mmdrivable
3259 3252 6 0.1890265941619873 0.006895542144775391 0.1959221363067627 591
keyframe_mmdrivable
3264 3263 1 0.20605754852294922 0.0015954971313476562 0.20765304565429688 592
keyframe_mmdrivable
3269 3264 5 0.17883515357971191 0.006456613540649414 0.18529176712036133 593
keyframe_mmdrivable
3274 3268 6 0.17836427688598633 0.009112119674682617 0.18747639656066895 594
keyframe_mmdrivable
3280 3274 6 0.17843103408813477 0.0017926692962646484 0.18022370338439941 595
keyframe_mmdrivable
3285 3279 6 0.20122241973876953 0.012817621231079102 0.21404004096984863 596
keyframe_mmdrivable
3291 3285 6 0.20340776443481445 0.0016589164733886719 0.20506668090820312 597
keyframe_mmdrivable
3297 3291 6 0.18621087074279785 0.0016293525695800781 0.18784022331237793 598
keyframe_mmdrivable
3303 3297 6 0.1849822998046875 0.010600566864013672 0.19558286666870117 599
keyframe_mmdrivable
3308 3302 6 0.18638396263122559 0.015299797058105469 0.20168375968933105 600
keyframe_mmdrivable
3313 3307 6 0.18263554573059082 0.003189563751220703 0.18582510948181152 601
keyframe_mmdrivable
3318 3312 6 0.20760655403137207 0.01266169548034668 0.22026824951171875 602
keyframe_mmdrivable
3324 3318 6 0.21046781539916992 0.02070760726928711 0.23117542266845703 603
keyframe_mmdrivable
3329 3323 6 0.2428443431854248 0.004845619201660156 0.24768996238708496 604
keyframe_mmdrivable
3335 3329 6 0.18058490753173828 0.0016252994537353516 0.18221020698547363 605
keyframe_mmdrivable
3341 3335 6 0.177656888961792 0.01060938835144043 0.18826627731323242 606
keyframe_mmdrivable
3346 3340 6 0.19453740119934082 0.0016698837280273438 0.19620728492736816 607
keyframe_mmdrivable
3351 3345 6 0.20177650451660156 0.013117313385009766 0.21489381790161133 608
keyframe_mmdrivable
3357 3351 6 0.18993687629699707 0.004518270492553711 0.19445514678955078 609
keyframe_mmdrivable
3362 3356 6 0.18372678756713867 0.04593706130981445 0.22966384887695312 610
keyframe_mmdrivable
3367 3361 6 0.1898036003112793 0.0015244483947753906 0.1913280487060547 611
keyframe_mmdrivable
3371 3366 5 0.19061708450317383 0.012856245040893555 0.20347332954406738 612
keyframe_mmdrivable
3377 3375 2 0.1809525489807129 0.0017719268798828125 0.1827244758605957 613
keyframe_mmdrivable
3382 3376 6 0.19150972366333008 0.006200313568115234 0.1977100372314453 614
keyframe_mmdrivable
3387 3381 6 0.21857881546020508 0.002187967300415039 0.22076678276062012 615
keyframe_mmdrivable
3393 3387 6 0.17826461791992188 0.012717485427856445 0.19098210334777832 616
keyframe_mmdrivable
3399 3393 6 0.20217514038085938 0.0064640045166015625 0.20863914489746094 617
keyframe_mmdrivable
3403 3397 6 0.19800400733947754 0.030252933502197266 0.2282569408416748 618
keyframe_mmdrivable
3408 3402 6 0.18978548049926758 0.0018546581268310547 0.19164013862609863 619
keyframe_mmdrivable
3414 3408 6 0.1904466152191162 0.0016334056854248047 0.19208002090454102 620
keyframe_mmdrivable
3419 3413 6 0.1901233196258545 0.0042269229888916016 0.1943502426147461 621
keyframe_mmdrivable
3424 3418 6 0.18945574760437012 0.009287357330322266 0.19874310493469238 622
keyframe_mmdrivable
3429 3423 6 0.18986916542053223 0.002286672592163086 0.1921558380126953 623
keyframe_mmdrivable
3435 3429 6 0.18937134742736816 0.012825727462768555 0.20219707489013672 624
keyframe_mmdrivable
3441 3435 6 0.2102968692779541 0.014435529708862305 0.2247323989868164 625
keyframe_mmdrivable
3446 3440 6 0.21067523956298828 0.0016369819641113281 0.2123122215270996 626
keyframe_mmdrivable
3452 3446 6 0.1909496784210205 0.002835512161254883 0.1937851905822754 627
keyframe_mmdrivable
3457 3451 6 0.18564748764038086 0.0015709400177001953 0.18721842765808105 628
keyframe_mmdrivable
3463 3461 2 0.17869114875793457 0.003618955612182617 0.1823101043701172 629
keyframe_mmdrivable
3468 3462 6 0.20697546005249023 0.0021750926971435547 0.2091505527496338 630
keyframe_mmdrivable
3474 3472 2 0.18628811836242676 0.0015816688537597656 0.18786978721618652 631
keyframe_mmdrivable
3478 3473 5 0.19421148300170898 0.0017104148864746094 0.1959218978881836 632
keyframe_mmdrivable
3484 3483 1 0.18785572052001953 0.0023996829986572266 0.19025540351867676 633
keyframe_mmdrivable
3490 3484 6 0.19321632385253906 0.0016176700592041016 0.19483399391174316 634
keyframe_mmdrivable
3496 3489 6 0.18763351440429688 0.0014841556549072266 0.1891176700592041 635
keyframe_mmdrivable
3501 3495 6 0.19208431243896484 0.012619972229003906 0.20470428466796875 636
keyframe_mmdrivable
3507 3501 6 0.18791675567626953 0.0059316158294677734 0.1938483715057373 637
keyframe_mmdrivable
3512 3506 6 0.20600104331970215 0.008905649185180664 0.2149066925048828 638
keyframe_mmdrivable
3518 3512 6 0.19725799560546875 0.002148151397705078 0.19940614700317383 639
keyframe_mmdrivable
3524 3517 6 0.2099301815032959 0.0014789104461669922 0.2114090919494629 640
keyframe_mmdrivable
3530 3529 1 0.19715571403503418 0.0015435218811035156 0.1986992359161377 641
keyframe_mmdrivable
3536 3530 6 0.19936132431030273 0.0017321109771728516 0.20109343528747559 642
keyframe_mmdrivable
3542 3541 1 0.19676971435546875 0.0016262531280517578 0.1983959674835205 643
keyframe_mmdrivable
3548 3542 6 0.19524669647216797 0.0015552043914794922 0.19680190086364746 644
keyframe_mmdrivable
3554 3552 2 0.2019975185394287 0.0016164779663085938 0.2036139965057373 645
keyframe_mmdrivable
3560 3554 6 0.20276594161987305 0.0016376972198486328 0.20440363883972168 646
keyframe_mmdrivable
3566 3560 6 0.1942594051361084 0.00154876708984375 0.19580817222595215 647
keyframe_mmdrivable
3573 3566 6 0.19339227676391602 0.0014903545379638672 0.19488263130187988 648
keyframe_mmdrivable
3578 3572 6 0.19291400909423828 0.001592874526977539 0.19450688362121582 649
keyframe_mmdrivable
3584 3578 6 0.1930849552154541 0.0017006397247314453 0.19478559494018555 650
keyframe_mmdrivable
3590 3584 6 0.19228458404541016 0.0015895366668701172 0.19387412071228027 651
keyframe_mmdrivable
3596 3590 6 0.19283819198608398 0.0015587806701660156 0.19439697265625 652
keyframe_mmdrivable
3602 3596 6 0.19234228134155273 0.0015943050384521484 0.19393658638000488 653
keyframe_mmdrivable
3608 3602 6 0.19361233711242676 0.0025017261505126953 0.19611406326293945 654
keyframe_mmdrivable
3614 3608 6 0.19198393821716309 0.0016140937805175781 0.19359803199768066 655
keyframe_mmdrivable
3620 3614 6 0.19494915008544922 0.0016508102416992188 0.19659996032714844 656
keyframe_mmdrivable
3626 3620 6 0.19458651542663574 0.0023691654205322266 0.19695568084716797 657
keyframe_mmdrivable
3632 3626 6 0.1953129768371582 0.0047762393951416016 0.2000892162322998 658
keyframe_mmdrivable
3638 3632 6 0.1954975128173828 0.0016117095947265625 0.19710922241210938 659
keyframe_mmdrivable
3643 3637 6 0.18844866752624512 0.0015184879302978516 0.18996715545654297 660
keyframe_mmdrivable
3649 3643 6 0.19077420234680176 0.0074160099029541016 0.19819021224975586 661
keyframe_mmdrivable
3655 3649 6 0.1860945224761963 0.00391387939453125 0.19000840187072754 662
keyframe_mmdrivable
3661 3655 6 0.18682861328125 0.0015006065368652344 0.18832921981811523 663
keyframe_mmdrivable
3666 3660 6 0.1938018798828125 0.002563953399658203 0.1963658332824707 664
keyframe_mmdrivable
3673 3671 2 0.23048853874206543 0.0016014575958251953 0.23208999633789062 665
keyframe_mmdrivable
3679 3673 6 0.20902180671691895 0.0020325183868408203 0.21105432510375977 666
keyframe_mmdrivable
3685 3679 6 0.20624184608459473 0.0015897750854492188 0.20783162117004395 667
keyframe_mmdrivable
3692 3685 6 0.2045142650604248 0.0016679763793945312 0.20618224143981934 668
keyframe_mmdrivable
3698 3697 1 0.2115800380706787 0.0015344619750976562 0.21311450004577637 669
keyframe_mmdrivable
3704 3698 6 0.20074200630187988 0.0028274059295654297 0.2035694122314453 670
keyframe_mmdrivable
3711 3709 2 0.19551301002502441 0.0016117095947265625 0.19712471961975098 671
keyframe_mmdrivable
3716 3710 6 0.19682097434997559 0.002050161361694336 0.19887113571166992 672
keyframe_mmdrivable
3723 3721 2 0.1932356357574463 0.0015404224395751953 0.19477605819702148 673
keyframe_mmdrivable
3728 3722 6 0.19429707527160645 0.0015952587127685547 0.195892333984375 674
keyframe_mmdrivable
3735 3733 2 0.1918048858642578 0.0017349720001220703 0.19353985786437988 675
keyframe_mmdrivable
3740 3734 6 0.1996910572052002 0.007962942123413086 0.20765399932861328 676
keyframe_mmdrivable
3746 3745 1 0.19100666046142578 0.0035805702209472656 0.19458723068237305 677
keyframe_mmdrivable
3752 3746 6 0.19880127906799316 0.0014927387237548828 0.20029401779174805 678
keyframe_mmdrivable
3758 3757 1 0.1907963752746582 0.0015883445739746094 0.1923847198486328 679
keyframe_mmdrivable
3764 3758 6 0.1864626407623291 0.0014500617980957031 0.1879127025604248 680
keyframe_mmdrivable
3770 3768 2 0.18857574462890625 0.001474142074584961 0.1900498867034912 681
keyframe_mmdrivable
3775 3769 6 0.18929481506347656 0.0015215873718261719 0.19081640243530273 682
keyframe_mmdrivable
3781 3774 6 0.18712234497070312 0.0015671253204345703 0.1886894702911377 683
keyframe_mmdrivable
3786 3780 6 0.1865556240081787 0.00162506103515625 0.18818068504333496 684
keyframe_mmdrivable
3792 3786 6 0.187150239944458 0.001499176025390625 0.18864941596984863 685
keyframe_mmdrivable
3797 3791 6 0.18721985816955566 0.005234956741333008 0.19245481491088867 686
keyframe_mmdrivable
3803 3802 1 0.18298625946044922 0.005068063735961914 0.18805432319641113 687
keyframe_mmdrivable
3808 3803 5 0.20255374908447266 0.0020186901092529297 0.20457243919372559 688
keyframe_mmdrivable
3814 3813 1 0.1901237964630127 0.005178213119506836 0.19530200958251953 689
keyframe_mmdrivable
3820 3814 5 0.19568419456481934 0.001522064208984375 0.1972062587738037 690
keyframe_mmdrivable
3826 3824 2 0.202362060546875 0.0015010833740234375 0.20386314392089844 691
keyframe_mmdrivable
3831 3825 6 0.18565869331359863 0.0026204586029052734 0.1882791519165039 692
keyframe_mmdrivable
3836 3830 6 0.18256783485412598 0.005106449127197266 0.18767428398132324 693
keyframe_mmdrivable
3842 3836 6 0.18400955200195312 0.0015807151794433594 0.18559026718139648 694
keyframe_mmdrivable
3847 3841 6 0.18549132347106934 0.001491546630859375 0.1869828701019287 695
keyframe_mmdrivable
3853 3847 6 0.18645381927490234 0.0016210079193115234 0.18807482719421387 696
keyframe_mmdrivable
3859 3853 6 0.1839299201965332 0.0015668869018554688 0.18549680709838867 697
keyframe_mmdrivable
3864 3858 6 0.18433761596679688 0.0015692710876464844 0.18590688705444336 698
keyframe_mmdrivable
3870 3864 6 0.1771707534790039 0.0015082359313964844 0.1786789894104004 699
keyframe_mmdrivable
3875 3869 6 0.17962312698364258 0.001500844955444336 0.18112397193908691 700
keyframe_mmdrivable
3881 3874 6 0.17998743057250977 0.005274295806884766 0.18526172637939453 701
keyframe_mmdrivable
3886 3880 6 0.1847829818725586 0.012160539627075195 0.1969435214996338 702
keyframe_mmdrivable
3892 3886 6 0.18542838096618652 0.004053831100463867 0.1894822120666504 703
keyframe_mmdrivable
3898 3892 6 0.18702483177185059 0.0016596317291259766 0.18868446350097656 704
keyframe_mmdrivable
3904 3898 6 0.1849977970123291 0.012761116027832031 0.19775891304016113 705
keyframe_mmdrivable
3909 3903 6 0.19240236282348633 0.0015413761138916016 0.19394373893737793 706
keyframe_mmdrivable
3914 3908 6 0.17731237411499023 0.001615285873413086 0.17892765998840332 707
keyframe_mmdrivable
3920 3914 6 0.17995572090148926 0.001573801040649414 0.18152952194213867 708
keyframe_mmdrivable
3925 3919 6 0.1857750415802002 0.005925178527832031 0.19170022010803223 709
keyframe_mmdrivable
3931 3925 6 0.18684983253479004 0.0016999244689941406 0.18854975700378418 710
keyframe_mmdrivable
3937 3930 6 0.18720746040344238 0.001611471176147461 0.18881893157958984 711
keyframe_mmdrivable
3942 3936 6 0.18866753578186035 0.0015614032745361328 0.19022893905639648 712
keyframe_mmdrivable
3948 3942 6 0.18727445602416992 0.00868988037109375 0.19596433639526367 713
keyframe_mmdrivable
3954 3948 6 0.18652009963989258 0.01390695571899414 0.20042705535888672 714
keyframe_mmdrivable
3960 3954 6 0.1906118392944336 0.008202314376831055 0.19881415367126465 715
keyframe_mmdrivable
3966 3960 6 0.1864011287689209 0.0038247108459472656 0.19022583961486816 716
keyframe_mmdrivable
3972 3966 6 0.21372270584106445 0.0021512508392333984 0.21587395668029785 717
keyframe_mmdrivable
3977 3971 6 0.23322415351867676 0.017226457595825195 0.25045061111450195 718
keyframe_mmdrivable
3983 3977 6 0.20859742164611816 0.0026693344116210938 0.21126675605773926 719
keyframe_mmdrivable
3989 3983 6 0.18626046180725098 0.004537820816040039 0.19079828262329102 720
keyframe_mmdrivable
3993 3988 5 0.19101190567016602 0.024195432662963867 0.21520733833312988 721
keyframe_mmdrivable
3999 3993 6 0.21721434593200684 0.0015857219696044922 0.21880006790161133 722
keyframe_mmdrivable
4004 3998 6 0.19011449813842773 0.0017673969268798828 0.19188189506530762 723
keyframe_mmdrivable
4010 4008 2 0.2058558464050293 0.0015492439270019531 0.20740509033203125 724
keyframe_mmdrivable
4016 4009 6 0.19086623191833496 0.0015823841094970703 0.19244861602783203 725
keyframe_mmdrivable
4021 4015 6 0.18989133834838867 0.001959562301635742 0.19185090065002441 726
keyframe_mmdrivable
4027 4021 6 0.18981504440307617 0.01995396614074707 0.20976901054382324 727
keyframe_mmdrivable
4032 4026 6 0.2080695629119873 0.016443490982055664 0.22451305389404297 728
keyframe_mmdrivable
4038 4032 6 0.2122042179107666 0.007520198822021484 0.21972441673278809 729
keyframe_mmdrivable
4045 4038 6 0.21746468544006348 0.0023775100708007812 0.21984219551086426 730
keyframe_mmdrivable
4051 4045 6 0.18657493591308594 0.0023851394653320312 0.18896007537841797 731
keyframe_mmdrivable
4056 4050 6 0.18700671195983887 0.001623392105102539 0.1886301040649414 732
keyframe_mmdrivable
4062 4055 6 0.19244170188903809 0.0019314289093017578 0.19437313079833984 733
keyframe_mmdrivable
4067 4061 6 0.20070719718933105 0.002192258834838867 0.20289945602416992 734
keyframe_mmdrivable
4072 4066 6 0.20360445976257324 0.013353347778320312 0.21695780754089355 735
keyframe_mmdrivable
4077 4071 6 0.22144675254821777 0.004630088806152344 0.22607684135437012 736
keyframe_mmdrivable
4083 4077 6 0.21593999862670898 0.009891986846923828 0.2258319854736328 737
keyframe_mmdrivable
4088 4082 6 0.21911001205444336 0.021652698516845703 0.24076271057128906 738
keyframe_mmdrivable
4095 4093 1 0.251234769821167 0.012679576873779297 0.2639143466949463 739
keyframe_mmdrivable
4100 4094 6 0.20965838432312012 0.004221439361572266 0.21387982368469238 740
keyframe_mmdrivable
4105 4099 6 0.1880028247833252 0.004152059555053711 0.1921548843383789 741
keyframe_mmdrivable
4110 4104 6 0.1892409324645996 0.014409542083740234 0.20365047454833984 742
keyframe_mmdrivable
4115 4109 6 0.206099271774292 0.025899648666381836 0.23199892044067383 743
keyframe_mmdrivable
4121 4115 6 0.21468853950500488 0.016231536865234375 0.23092007637023926 744
keyframe_mmdrivable
4127 4120 6 0.24253344535827637 0.0015835762023925781 0.24411702156066895 745
keyframe_mmdrivable
4133 4132 1 0.19507527351379395 0.014687061309814453 0.2097623348236084 746
keyframe_mmdrivable
4139 4133 6 0.20334148406982422 0.01513814926147461 0.21847963333129883 747
keyframe_mmdrivable
4145 4138 6 0.21880435943603516 0.010710000991821289 0.22951436042785645 748
keyframe_mmdrivable
4149 4143 6 0.21508193016052246 0.005621194839477539 0.220703125 749
keyframe_mmdrivable
4154 4148 6 0.2076432704925537 0.006392478942871094 0.2140357494354248 750
keyframe_mmdrivable
4158 4153 5 0.20609641075134277 0.013926982879638672 0.22002339363098145 751
keyframe_mmdrivable
4163 4157 6 0.18962335586547852 0.0016205310821533203 0.19124388694763184 752
keyframe_mmdrivable
4169 4162 6 0.19141745567321777 0.024732351303100586 0.21614980697631836 753
keyframe_mmdrivable
4175 4174 1 0.2236950397491455 0.01214456558227539 0.2358396053314209 754
keyframe_mmdrivable
4181 4175 6 0.2164750099182129 0.016663551330566406 0.2331385612487793 755
keyframe_mmdrivable
4188 4186 1 0.2110450267791748 0.01241302490234375 0.22345805168151855 756
keyframe_mmdrivable
4192 4187 5 0.2178647518157959 0.0015516281127929688 0.21941637992858887 757
keyframe_mmdrivable
4197 4191 6 0.18225455284118652 0.0015308856964111328 0.18378543853759766 758
keyframe_mmdrivable
4202 4196 6 0.18164539337158203 0.010482072830200195 0.19212746620178223 759
keyframe_mmdrivable
4208 4201 6 0.18758749961853027 0.005420207977294922 0.1930077075958252 760
keyframe_mmdrivable
4213 4207 6 0.18284273147583008 0.011948585510253906 0.19479131698608398 761
keyframe_mmdrivable
4219 4212 6 0.19348478317260742 0.03889131546020508 0.2323760986328125 762
keyframe_mmdrivable
4225 4219 6 0.2079002857208252 0.01388692855834961 0.2217872142791748 763
keyframe_mmdrivable
4231 4225 6 0.22472739219665527 0.0015685558319091797 0.22629594802856445 764
keyframe_mmdrivable
4237 4231 6 0.19456100463867188 0.0016319751739501953 0.19619297981262207 765
keyframe_mmdrivable
4243 4237 6 0.19406414031982422 0.02396845817565918 0.2180325984954834 766
keyframe_mmdrivable
4249 4243 6 0.2133495807647705 0.022599220275878906 0.23594880104064941 767
keyframe_mmdrivable
4255 4249 6 0.19231867790222168 0.013617515563964844 0.20593619346618652 768
keyframe_mmdrivable
4261 4255 6 0.19196271896362305 0.0020453929901123047 0.19400811195373535 769
keyframe_mmdrivable
4267 4261 6 0.18123078346252441 0.0017826557159423828 0.1830134391784668 770
keyframe_mmdrivable
4272 4266 6 0.17913293838500977 0.005736112594604492 0.18486905097961426 771
keyframe_mmdrivable
4278 4272 6 0.18045496940612793 0.0015077590942382812 0.1819627285003662 772
keyframe_mmdrivable
4282 4277 5 0.1793222427368164 0.02212834358215332 0.20145058631896973 773
keyframe_mmdrivable
4287 4281 6 0.23098230361938477 0.0016798973083496094 0.23266220092773438 774
keyframe_mmdrivable
4293 4287 6 0.1900639533996582 0.006029844284057617 0.19609379768371582 775
keyframe_mmdrivable
4298 4292 6 0.20363306999206543 0.02106165885925293 0.22469472885131836 776
keyframe_mmdrivable
4304 4303 1 0.2145676612854004 0.005630016326904297 0.2201976776123047 777
keyframe_mmdrivable
4308 4304 4 0.21577072143554688 0.00847005844116211 0.22424077987670898 778
keyframe_mmdrivable
4314 4308 6 0.19414615631103516 0.013885021209716797 0.20803117752075195 779
keyframe_mmdrivable
4319 4313 6 0.24232149124145508 0.010714054107666016 0.2530355453491211 780
keyframe_mmdrivable
4325 4324 1 0.18761014938354492 0.031732797622680664 0.21934294700622559 781
keyframe_mmdrivable
4330 4325 5 0.2246379852294922 0.015136957168579102 0.2397749423980713 782
keyframe_mmdrivable
4336 4335 1 0.20470499992370605 0.01262807846069336 0.21733307838439941 783
keyframe_mmdrivable
4341 4336 5 0.2208714485168457 0.006499052047729492 0.2273705005645752 784
keyframe_mmdrivable
4347 4346 1 0.24985051155090332 0.008033514022827148 0.25788402557373047 785
keyframe_mmdrivable
4353 4347 5 0.19646143913269043 0.01270437240600586 0.2091658115386963 786
keyframe_mmdrivable
4358 4352 6 0.1942152976989746 0.005681514739990234 0.19989681243896484 787
keyframe_mmdrivable
4363 4357 6 0.19092416763305664 0.012777566909790039 0.20370173454284668 788
keyframe_mmdrivable
4367 4362 5 0.2002265453338623 0.013052701950073242 0.21327924728393555 789
keyframe_mmdrivable
4372 4366 6 0.23145651817321777 0.009851455688476562 0.24130797386169434 790
keyframe_mmdrivable
4377 4371 6 0.2111058235168457 0.01255345344543457 0.22365927696228027 791
keyframe_mmdrivable
4383 4377 6 0.20044779777526855 0.014965534210205078 0.21541333198547363 792
keyframe_mmdrivable
4388 4382 6 0.2433769702911377 0.004187583923339844 0.24756455421447754 793
keyframe_mmdrivable
4393 4387 6 0.20008373260498047 0.011416196823120117 0.21149992942810059 794
keyframe_mmdrivable
4399 4393 6 0.21120500564575195 0.005094289779663086 0.21629929542541504 795
keyframe_mmdrivable
4404 4397 6 0.19516491889953613 0.01240086555480957 0.2075657844543457 796
keyframe_mmdrivable
4409 4403 5 0.20948386192321777 0.010564088821411133 0.2200479507446289 797
keyframe_mmdrivable
4413 4407 6 0.21264386177062988 0.021409988403320312 0.2340538501739502 798
keyframe_mmdrivable
4418 4412 6 0.18835854530334473 0.0037441253662109375 0.19210267066955566 799
keyframe_mmdrivable
4422 4417 5 0.21796131134033203 0.0074939727783203125 0.22545528411865234 800
keyframe_mmdrivable
4428 4426 2 0.19868111610412598 0.016854047775268555 0.21553516387939453 801
keyframe_mmdrivable
4433 4427 6 0.1949160099029541 0.009122848510742188 0.2040388584136963 802
keyframe_mmdrivable
4438 4432 6 0.19448494911193848 0.002963542938232422 0.1974484920501709 803
keyframe_mmdrivable
4442 4437 5 0.20086884498596191 0.024029016494750977 0.2248978614807129 804
keyframe_mmdrivable
4447 4441 6 0.1915724277496338 0.009470939636230469 0.20104336738586426 805
keyframe_mmdrivable
4453 4446 6 0.2018275260925293 0.01250600814819336 0.21433353424072266 806
keyframe_mmdrivable
4458 4452 6 0.2016007900238037 0.007518768310546875 0.20911955833435059 807
keyframe_mmdrivable
4463 4457 6 0.19774508476257324 0.012588262557983398 0.21033334732055664 808
keyframe_mmdrivable
4469 4467 2 0.19636774063110352 0.006486177444458008 0.20285391807556152 809
keyframe_mmdrivable
4473 4468 5 0.2177140712738037 0.01234292984008789 0.2300570011138916 810
keyframe_mmdrivable
4478 4472 6 0.20307135581970215 0.024309635162353516 0.22738099098205566 811
keyframe_mmdrivable
4483 4477 6 0.1947343349456787 0.015900611877441406 0.21063494682312012 812
keyframe_mmdrivable
4490 4488 2 0.21011924743652344 0.03398704528808594 0.24410629272460938 813
keyframe_mmdrivable
4496 4490 6 0.20940756797790527 0.011623382568359375 0.22103095054626465 814
keyframe_mmdrivable
4502 4495 6 0.24446654319763184 0.013102531433105469 0.2575690746307373 815
keyframe_mmdrivable
4509 4502 6 0.21939468383789062 0.010064840316772461 0.22945952415466309 816
keyframe_mmdrivable
4514 4508 6 0.22302889823913574 0.021103858947753906 0.24413275718688965 817
keyframe_mmdrivable
4521 4514 6 0.20265555381774902 0.012612581253051758 0.21526813507080078 818
keyframe_mmdrivable
4526 4520 6 0.20279383659362793 0.012534379959106445 0.21532821655273438 819
keyframe_mmdrivable
4532 4525 6 0.20581388473510742 0.012647151947021484 0.2184610366821289 820
keyframe_mmdrivable
4537 4530 6 0.19050240516662598 0.023474693298339844 0.21397709846496582 821
keyframe_mmdrivable
4541 4535 6 0.18233823776245117 0.0039958953857421875 0.18633413314819336 822
keyframe_mmdrivable
4545 4540 5 0.19481682777404785 0.014400959014892578 0.20921778678894043 823
keyframe_mmdrivable
4551 4545 6 0.20372366905212402 0.01600360870361328 0.2197272777557373 824
keyframe_mmdrivable
4556 4550 6 0.21790027618408203 0.008608579635620117 0.22650885581970215 825
keyframe_mmdrivable
4561 4555 6 0.21146035194396973 0.014375686645507812 0.22583603858947754 826
keyframe_mmdrivable
4567 4561 6 0.20789766311645508 0.012796640396118164 0.22069430351257324 827
keyframe_mmdrivable
4573 4567 6 0.2229769229888916 0.0049092769622802734 0.22788619995117188 828
keyframe_mmdrivable
4578 4572 6 0.19821739196777344 0.008383989334106445 0.20660138130187988 829
keyframe_mmdrivable
4583 4577 6 0.21897554397583008 0.012581825256347656 0.23155736923217773 830
keyframe_mmdrivable
4588 4582 6 0.2021803855895996 0.010723590850830078 0.2129039764404297 831
keyframe_mmdrivable
4593 4587 6 0.2219691276550293 0.008763313293457031 0.23073244094848633 832
keyframe_mmdrivable
4598 4592 6 0.20322036743164062 0.03725075721740723 0.24047112464904785 833
keyframe_mmdrivable
4603 4597 6 0.2181079387664795 0.010379314422607422 0.22848725318908691 834
keyframe_mmdrivable
4609 4602 6 0.23749351501464844 0.015416622161865234 0.25291013717651367 835
keyframe_mmdrivable
4615 4608 6 0.18902254104614258 0.0187685489654541 0.20779109001159668 836
keyframe_mmdrivable
4619 4613 6 0.21961712837219238 0.03541755676269531 0.2550346851348877 837
keyframe_mmdrivable
4626 4624 2 0.2124783992767334 0.03116130828857422 0.24363970756530762 838
keyframe_mmdrivable
4632 4625 6 0.23125481605529785 0.02357769012451172 0.25483250617980957 839
keyframe_mmdrivable
4639 4637 1 0.2328038215637207 0.016444683074951172 0.24924850463867188 840
keyframe_mmdrivable
4645 4638 6 0.23059320449829102 0.010762453079223633 0.24135565757751465 841
keyframe_mmdrivable
4651 4644 6 0.1970064640045166 0.007013559341430664 0.20402002334594727 842
keyframe_mmdrivable
4656 4650 6 0.20784401893615723 0.0348353385925293 0.24267935752868652 843
keyframe_mmdrivable
4661 4655 6 0.2264707088470459 0.009109020233154297 0.2355797290802002 844
keyframe_mmdrivable
4666 4660 6 0.20768260955810547 0.0030364990234375 0.21071910858154297 845
keyframe_mmdrivable
4671 4665 6 0.21585679054260254 0.012637138366699219 0.22849392890930176 846
keyframe_mmdrivable
4677 4671 6 0.21045923233032227 0.016492605209350586 0.22695183753967285 847
keyframe_mmdrivable
4682 4676 6 0.2153770923614502 0.012602090835571289 0.22797918319702148 848
keyframe_mmdrivable
4688 4682 6 0.20964717864990234 0.014510869979858398 0.22415804862976074 849
keyframe_mmdrivable
4694 4687 6 0.2008364200592041 0.011913537979125977 0.21274995803833008 850
keyframe_mmdrivable
4698 4692 6 0.2292799949645996 0.012779712677001953 0.24205970764160156 851
keyframe_mmdrivable
4704 4698 6 0.23187470436096191 0.009365558624267578 0.2412402629852295 852
keyframe_mmdrivable
4710 4704 6 0.1956348419189453 0.0039539337158203125 0.19958877563476562 853
keyframe_mmdrivable
4715 4709 6 0.2148423194885254 0.024520397186279297 0.2393627166748047 854
keyframe_mmdrivable
4721 4715 6 0.20371556282043457 0.0245361328125 0.22825169563293457 855
keyframe_mmdrivable
4727 4721 6 0.21779584884643555 0.012691259384155273 0.23048710823059082 856
keyframe_mmdrivable
4732 4726 6 0.21001362800598145 0.014442682266235352 0.2244563102722168 857
keyframe_mmdrivable
4738 4731 6 0.22010469436645508 0.01473093032836914 0.23483562469482422 858
keyframe_mmdrivable
4743 4737 6 0.22890162467956543 0.005217552185058594 0.23411917686462402 859
keyframe_mmdrivable
4748 4742 6 0.2043132781982422 0.012754440307617188 0.21706771850585938 860
keyframe_mmdrivable
4755 4753 2 0.24026226997375488 0.012948036193847656 0.25321030616760254 861
keyframe_mmdrivable
4761 4755 6 0.24537968635559082 0.013267993927001953 0.2586476802825928 862
keyframe_mmdrivable
4768 4761 6 0.2169814109802246 0.023998737335205078 0.2409801483154297 863
keyframe_mmdrivable
4773 4767 6 0.22224664688110352 0.008328437805175781 0.2305750846862793 864
keyframe_mmdrivable
4778 4772 6 0.24395513534545898 0.012258768081665039 0.256213903427124 865
keyframe_mmdrivable
4784 4778 6 0.2429189682006836 0.027300357818603516 0.2702193260192871 866
keyframe_mmdrivable
4791 4785 6 0.22246265411376953 0.008428812026977539 0.23089146614074707 867
keyframe_mmdrivable
4797 4791 6 0.2333357334136963 0.012300968170166016 0.2456367015838623 868
keyframe_mmdrivable
4803 4797 6 0.19691896438598633 0.008376359939575195 0.20529532432556152 869
keyframe_mmdrivable
4808 4802 5 0.21030116081237793 0.020333290100097656 0.23063445091247559 870
keyframe_mmdrivable
4814 4812 1 0.216355562210083 0.008341550827026367 0.22469711303710938 871
keyframe_mmdrivable
4817 4813 4 0.20124506950378418 0.01403498649597168 0.21528005599975586 872
keyframe_mmdrivable
4817 4814 3 0.20910000801086426 0.0014617443084716797 0.21056175231933594 873
keyframe_mmdrivable
4817 4815 2 0.19310307502746582 0.0015506744384765625 0.19465374946594238 874
stop drivable detection
stop drivable detection
