load checkpoint from http path: https://dl.cv.ethz.ch/bdd100k/drivable/models/dnl_r50-d8_512x1024_40k_drivable_bdd100k.pth
timely function starting...
prediction starts
2 1 1 0.2024698257446289 0.0026712417602539062 0.2051410675048828 1
90 89 1 0.17455101013183594 0.0015857219696044922 0.17613673210144043 2
95 90 5 0.16761994361877441 0.0019443035125732422 0.16956424713134766 3
100 94 6 0.17130088806152344 0.0017428398132324219 0.17304372787475586 4
105 99 6 0.16736555099487305 0.0035245418548583984 0.17089009284973145 5
110 104 6 0.1688857078552246 0.012658357620239258 0.18154406547546387 6
115 109 6 0.16924238204956055 0.006669282913208008 0.17591166496276855 7
121 115 6 0.17031168937683105 0.0015540122985839844 0.17186570167541504 8
125 119 6 0.18755221366882324 0.0015683174133300781 0.18912053108215332 9
131 129 2 0.17097806930541992 0.0024352073669433594 0.17341327667236328 10
136 130 6 0.17997169494628906 0.0016713142395019531 0.18164300918579102 11
141 135 6 0.17664194107055664 0.0031349658966064453 0.17977690696716309 12
147 141 6 0.1777951717376709 0.0015187263488769531 0.17931389808654785 13
152 146 6 0.16871070861816406 0.0015864372253417969 0.17029714584350586 14
157 151 6 0.16942977905273438 0.0016880035400390625 0.17111778259277344 15
162 156 6 0.16861534118652344 0.0015583038330078125 0.17017364501953125 16
167 161 6 0.16597318649291992 0.004268646240234375 0.1702418327331543 17
172 166 6 0.1721646785736084 0.001523733139038086 0.17368841171264648 18
177 171 6 0.17722010612487793 0.0014536380767822266 0.17867374420166016 19
183 177 6 0.17267942428588867 0.0014240741729736328 0.1741034984588623 20
188 182 6 0.17059826850891113 0.001748800277709961 0.1723470687866211 21
193 187 6 0.17038607597351074 0.002957582473754883 0.17334365844726562 22
198 192 6 0.1817471981048584 0.0015568733215332031 0.1833040714263916 23
203 197 6 0.17354488372802734 0.0018165111541748047 0.17536139488220215 24
209 203 6 0.17193388938903809 0.001577615737915039 0.17351150512695312 25
214 208 6 0.17503094673156738 0.0015535354614257812 0.17658448219299316 26
219 213 6 0.17892885208129883 0.0015702247619628906 0.18049907684326172 27
225 219 6 0.17162084579467773 0.010547637939453125 0.18216848373413086 28
229 224 5 0.23939800262451172 0.0023086071014404297 0.24170660972595215 29
236 235 1 0.1723921298980713 0.00461125373840332 0.1770033836364746 30
242 236 6 0.1774277687072754 0.0014696121215820312 0.17889738082885742 31
247 241 6 0.18062281608581543 0.001497507095336914 0.18212032318115234 32
252 246 6 0.17988801002502441 0.0014679431915283203 0.18135595321655273 33
258 257 1 0.17017316818237305 0.0015804767608642578 0.1717536449432373 34
263 258 5 0.1695411205291748 0.006018161773681641 0.17555928230285645 35
268 262 6 0.17055869102478027 0.001529693603515625 0.1720883846282959 36
273 267 6 0.171539306640625 0.006177425384521484 0.17771673202514648 37
278 272 6 0.17270445823669434 0.0036809444427490234 0.17638540267944336 38
283 277 6 0.17134809494018555 0.0018200874328613281 0.17316818237304688 39
288 282 6 0.16947221755981445 0.005163908004760742 0.1746361255645752 40
293 287 6 0.17847943305969238 0.012826204299926758 0.19130563735961914 41
299 298 1 0.17138171195983887 0.0016324520111083984 0.17301416397094727 42
304 299 5 0.19090723991394043 0.0014429092407226562 0.19235014915466309 43
310 309 1 0.19559049606323242 0.002038240432739258 0.19762873649597168 44
316 310 6 0.19764304161071777 0.0029320716857910156 0.2005751132965088 45
321 315 6 0.17441082000732422 0.003172636032104492 0.1775834560394287 46
327 321 6 0.17291498184204102 0.0017864704132080078 0.17470145225524902 47
332 326 6 0.18013811111450195 0.0023865699768066406 0.1825246810913086 48
338 332 6 0.17328667640686035 0.001966714859008789 0.17525339126586914 49
343 337 6 0.17093157768249512 0.001874685287475586 0.1728062629699707 50
348 342 6 0.1709151268005371 0.001547098159790039 0.17246222496032715 51
352 347 5 0.16970419883728027 0.001992464065551758 0.17169666290283203 52
357 351 6 0.17215871810913086 0.0019578933715820312 0.1741166114807129 53
362 356 6 0.17163872718811035 0.0061647891998291016 0.17780351638793945 54
367 361 6 0.18607735633850098 0.0014581680297851562 0.18753552436828613 55
373 367 6 0.17343354225158691 0.0015079975128173828 0.1749415397644043 56
378 372 6 0.16984963417053223 0.0015411376953125 0.17139077186584473 57
383 377 6 0.1696453094482422 0.010696649551391602 0.1803419589996338 58
388 382 6 0.17051911354064941 0.006524085998535156 0.17704319953918457 59
393 387 6 0.17123126983642578 0.012628316879272461 0.18385958671569824 60
398 392 6 0.17244720458984375 0.0014731884002685547 0.1739203929901123 61
404 398 6 0.1707744598388672 0.006379365921020508 0.1771538257598877 62
409 403 6 0.17037391662597656 0.016755104064941406 0.18712902069091797 63
414 408 6 0.17117094993591309 0.009304046630859375 0.18047499656677246 64
420 414 6 0.17859101295471191 0.0016443729400634766 0.1802353858947754 65
426 419 6 0.17907929420471191 0.0026242733001708984 0.1817035675048828 66
431 425 6 0.17054986953735352 0.010946273803710938 0.18149614334106445 67
436 430 6 0.19194507598876953 0.012667179107666016 0.20461225509643555 68
442 435 6 0.19571328163146973 0.002295255661010742 0.19800853729248047 69
446 440 6 0.17641997337341309 0.01280665397644043 0.18922662734985352 70
451 446 5 0.2063593864440918 0.002899169921875 0.2092585563659668 71
456 450 6 0.17152047157287598 0.009373664855957031 0.180894136428833 72
460 455 5 0.18334579467773438 0.003932476043701172 0.18727827072143555 73
465 459 6 0.20955872535705566 0.018963098526000977 0.22852182388305664 74
470 464 6 0.1915268898010254 0.014841556549072266 0.20636844635009766 75
475 469 6 0.20760774612426758 0.025603771209716797 0.23321151733398438 76
480 474 6 0.18343734741210938 0.014585494995117188 0.19802284240722656 77
485 479 6 0.1878490447998047 0.003751993179321289 0.19160103797912598 78
491 485 6 0.1901717185974121 0.012638092041015625 0.20280981063842773 79
495 489 6 0.1856703758239746 0.002347230911254883 0.1880176067352295 80
500 494 6 0.17241406440734863 0.0015075206756591797 0.1739215850830078 81
505 499 6 0.18034696578979492 0.027238845825195312 0.20758581161499023 82
511 509 2 0.18745088577270508 0.012986183166503906 0.20043706893920898 83
516 510 6 0.1752324104309082 0.001961946487426758 0.17719435691833496 84
522 520 2 0.1733381748199463 0.004755258560180664 0.17809343338012695 85
527 521 6 0.17710185050964355 0.0015323162078857422 0.1786341667175293 86
533 531 2 0.17340350151062012 0.0015485286712646484 0.17495203018188477 87
537 532 5 0.16816043853759766 0.0042455196380615234 0.17240595817565918 88
542 536 6 0.17145395278930664 0.013079404830932617 0.18453335762023926 89
547 541 6 0.1931920051574707 0.0016374588012695312 0.19482946395874023 90
553 546 6 0.1712791919708252 0.012982606887817383 0.18426179885864258 91
558 552 6 0.18874049186706543 0.025219202041625977 0.2139596939086914 92
564 558 6 0.20923113822937012 0.008962869644165039 0.21819400787353516 93
570 564 6 0.17188453674316406 0.0036618709564208984 0.17554640769958496 94
575 569 6 0.17294526100158691 0.02165699005126953 0.19460225105285645 95
579 574 5 0.21875762939453125 0.00497889518737793 0.22373652458190918 96
585 579 6 0.18065786361694336 0.013789653778076172 0.19444751739501953 97
589 584 5 0.20406079292297363 0.01377248764038086 0.2178332805633545 98
595 589 6 0.20042920112609863 0.018523454666137695 0.21895265579223633 99
600 594 6 0.19202017784118652 0.0017092227935791016 0.19372940063476562 100
605 599 6 0.17454791069030762 0.011063098907470703 0.18561100959777832 101
609 604 5 0.19011139869689941 0.012740135192871094 0.2028515338897705 102
614 608 6 0.18588519096374512 0.002517223358154297 0.18840241432189941 103
619 613 6 0.17641115188598633 0.029587984085083008 0.20599913597106934 104
623 618 5 0.2135300636291504 0.007901668548583984 0.22143173217773438 105
628 622 6 0.21459031105041504 0.014418601989746094 0.22900891304016113 106
634 628 6 0.18889331817626953 0.002813577651977539 0.19170689582824707 107
638 632 6 0.19278526306152344 0.008651256561279297 0.20143651962280273 108
643 637 6 0.1866002082824707 0.0077016353607177734 0.19430184364318848 109
648 642 5 0.19139790534973145 0.010141611099243164 0.2015395164489746 110
652 646 6 0.20538616180419922 0.002730131149291992 0.2081162929534912 111
657 651 5 0.19851899147033691 0.04071760177612305 0.23923659324645996 112
663 662 1 0.18634343147277832 0.017362594604492188 0.2037060260772705 113
668 663 5 0.22835302352905273 0.022039175033569336 0.25039219856262207 114
674 673 1 0.18875694274902344 0.014381647109985352 0.2031385898590088 115
678 674 4 0.19025087356567383 0.004115104675292969 0.1943659782409668 116
683 677 6 0.19458675384521484 0.0320134162902832 0.22660017013549805 117
688 682 6 0.1902768611907959 0.010738372802734375 0.20101523399353027 118
693 687 6 0.20641589164733887 0.01261591911315918 0.21903181076049805 119
697 691 6 0.20607542991638184 0.0014693737030029297 0.20754480361938477 120
703 696 6 0.19032597541809082 0.021030426025390625 0.21135640144348145 121
707 701 6 0.20009660720825195 0.01613140106201172 0.21622800827026367 122
712 706 6 0.1926870346069336 0.013039112091064453 0.20572614669799805 123
717 711 6 0.21229171752929688 0.018976688385009766 0.23126840591430664 124
724 722 2 0.17974162101745605 0.005529165267944336 0.1852707862854004 125
729 723 6 0.17371010780334473 0.010019302368164062 0.1837294101715088 126
734 728 6 0.18047571182250977 0.010968208312988281 0.19144392013549805 127
740 734 6 0.18096709251403809 0.0017282962799072266 0.1826953887939453 128
746 740 6 0.18236279487609863 0.0015780925750732422 0.18394088745117188 129
751 745 6 0.1741046905517578 0.0016317367553710938 0.1757364273071289 130
756 750 6 0.17299199104309082 0.0015418529510498047 0.17453384399414062 131
762 755 6 0.1726062297821045 0.0014998912811279297 0.17410612106323242 132
767 761 6 0.1734311580657959 0.0014722347259521484 0.17490339279174805 133
772 766 6 0.17104721069335938 0.0015721321105957031 0.17261934280395508 134
777 771 6 0.17353129386901855 0.011378049850463867 0.18490934371948242 135
782 776 6 0.17217421531677246 0.0014345645904541016 0.17360877990722656 136
787 781 6 0.1773991584777832 0.0015888214111328125 0.17898797988891602 137
793 787 6 0.17377018928527832 0.0018608570098876953 0.17563104629516602 138
798 792 6 0.17195701599121094 0.0015401840209960938 0.17349720001220703 139
803 797 6 0.17266201972961426 0.0023229122161865234 0.17498493194580078 140
808 802 6 0.17395567893981934 0.0016889572143554688 0.1756446361541748 141
813 807 6 0.17758941650390625 0.001998424530029297 0.17958784103393555 142
819 813 6 0.172102689743042 0.0015110969543457031 0.1736137866973877 143
824 818 6 0.1721811294555664 0.0015478134155273438 0.17372894287109375 144
829 823 6 0.17202210426330566 0.0026917457580566406 0.1747138500213623 145
834 828 6 0.17652082443237305 0.0016252994537353516 0.1781461238861084 146
840 834 6 0.17335176467895508 0.001596212387084961 0.17494797706604004 147
845 839 6 0.17496633529663086 0.002067089080810547 0.1770334243774414 148
851 844 6 0.17373418807983398 0.0017442703247070312 0.17547845840454102 149
856 850 6 0.17396926879882812 0.0015349388122558594 0.17550420761108398 150
861 855 6 0.17336177825927734 0.0015041828155517578 0.1748659610748291 151
866 860 6 0.17264151573181152 0.0015177726745605469 0.17415928840637207 152
871 865 6 0.17301392555236816 0.002254962921142578 0.17526888847351074 153
877 871 6 0.1717085838317871 0.008721351623535156 0.18042993545532227 154
882 876 6 0.1737194061279297 0.0017156600952148438 0.17543506622314453 155
888 882 6 0.18628859519958496 0.001834869384765625 0.18812346458435059 156
893 887 6 0.18265461921691895 0.002546072006225586 0.18520069122314453 157
899 897 2 0.17300987243652344 0.004740476608276367 0.1777503490447998 158
904 898 6 0.17598867416381836 0.011663675308227539 0.1876523494720459 159
910 908 2 0.17346978187561035 0.006007671356201172 0.17947745323181152 160
915 909 6 0.175384521484375 0.0034008026123046875 0.1787853240966797 161
920 914 6 0.17432427406311035 0.011580944061279297 0.18590521812438965 162
925 919 6 0.17535781860351562 0.0014879703521728516 0.17684578895568848 163
930 924 6 0.17477202415466309 0.005797147750854492 0.18056917190551758 164
935 929 6 0.172896146774292 0.001535177230834961 0.17443132400512695 165
941 939 2 0.1735854148864746 0.001600503921508789 0.1751859188079834 166
946 940 6 0.1752629280090332 0.001519918441772461 0.17678284645080566 167
951 945 6 0.18305444717407227 0.0015294551849365234 0.1845839023590088 168
956 950 6 0.1845395565032959 0.0015299320220947266 0.18606948852539062 169
961 955 6 0.17261195182800293 0.0014264583587646484 0.17403841018676758 170
966 960 6 0.17346954345703125 0.0014257431030273438 0.1748952865600586 171
971 965 6 0.175187349319458 0.0024008750915527344 0.17758822441101074 172
977 971 6 0.17470955848693848 0.0016319751739501953 0.17634153366088867 173
982 976 6 0.17350506782531738 0.0015919208526611328 0.17509698867797852 174
987 981 6 0.17354464530944824 0.0016064643859863281 0.17515110969543457 175
992 986 6 0.17365574836730957 0.006205320358276367 0.17986106872558594 176
997 991 6 0.17575979232788086 0.0014789104461669922 0.17723870277404785 177
1003 997 6 0.17600345611572266 0.0023813247680664062 0.17838478088378906 178
1008 1002 6 0.17568254470825195 0.002399921417236328 0.17808246612548828 179
1014 1008 6 0.17403101921081543 0.0015461444854736328 0.17557716369628906 180
1018 1012 6 0.19051361083984375 0.008131980895996094 0.19864559173583984 181
1024 1023 1 0.17446613311767578 0.007737159729003906 0.1822032928466797 182
1029 1024 5 0.17457056045532227 0.004331111907958984 0.17890167236328125 183
1035 1034 1 0.1812732219696045 0.013948678970336914 0.1952219009399414 184
1040 1035 5 0.18730568885803223 0.0016376972198486328 0.18894338607788086 185
1046 1045 1 0.1743624210357666 0.0016181468963623047 0.1759805679321289 186
1051 1046 5 0.17573022842407227 0.001531839370727539 0.1772620677947998 187
1055 1049 6 0.17431187629699707 0.01721048355102539 0.19152235984802246 188
1060 1054 6 0.17493724822998047 0.001888275146484375 0.17682552337646484 189
1065 1059 6 0.18416762351989746 0.00162506103515625 0.1857926845550537 190
1071 1064 6 0.17645025253295898 0.0015902519226074219 0.1780405044555664 191
1075 1069 6 0.17516016960144043 0.0016427040100097656 0.1768028736114502 192
1081 1075 6 0.17469406127929688 0.030888795852661133 0.205582857131958 193
1086 1080 6 0.18040680885314941 0.007271528244018555 0.18767833709716797 194
1091 1085 6 0.1865849494934082 0.001585245132446289 0.1881701946258545 195
1097 1091 6 0.18832778930664062 0.002129077911376953 0.19045686721801758 196
1102 1096 6 0.17597627639770508 0.0016009807586669922 0.17757725715637207 197
1106 1101 5 0.17546606063842773 0.001483917236328125 0.17694997787475586 198
1111 1105 6 0.17499184608459473 0.0016336441040039062 0.17662549018859863 199
1116 1110 6 0.17029428482055664 0.0015425682067871094 0.17183685302734375 200
1121 1115 6 0.17415094375610352 0.0014913082122802734 0.1756422519683838 201
1126 1120 6 0.17506718635559082 0.006159067153930664 0.18122625350952148 202
1132 1126 6 0.17444634437561035 0.009974956512451172 0.18442130088806152 203
1137 1131 6 0.17866730690002441 0.0037980079650878906 0.1824653148651123 204
1143 1142 1 0.18204283714294434 0.0015916824340820312 0.18363451957702637 205
1149 1143 5 0.18564248085021973 0.001560211181640625 0.18720269203186035 206
1154 1148 6 0.17429733276367188 0.0016286373138427734 0.17592597007751465 207
1159 1153 6 0.17581462860107422 0.004838705062866211 0.18065333366394043 208
1165 1163 2 0.1750476360321045 0.001573324203491211 0.1766209602355957 209
1170 1164 6 0.1762068271636963 0.005838871002197266 0.18204569816589355 210
1175 1169 6 0.17513108253479004 0.0014963150024414062 0.17662739753723145 211
1180 1174 6 0.17541050910949707 0.0033121109008789062 0.17872262001037598 212
1185 1179 6 0.17507052421569824 0.005547761917114258 0.1806182861328125 213
1190 1184 6 0.17869949340820312 0.0016450881958007812 0.1803445816040039 214
1196 1195 1 0.17508769035339355 0.0021848678588867188 0.17727255821228027 215
1201 1196 5 0.19937682151794434 0.001577615737915039 0.20095443725585938 216
1207 1206 1 0.19447112083435059 0.001537322998046875 0.19600844383239746 217
1213 1207 6 0.18462443351745605 0.0015583038330078125 0.18618273735046387 218
1218 1212 6 0.17578411102294922 0.002255678176879883 0.1780397891998291 219
1223 1217 6 0.17812705039978027 0.0016503334045410156 0.1797773838043213 220
1228 1222 6 0.17882585525512695 0.0014545917510986328 0.18028044700622559 221
1234 1227 6 0.1774280071258545 0.0015611648559570312 0.17898917198181152 222
1239 1233 6 0.1757216453552246 0.0016627311706542969 0.1773843765258789 223
1244 1238 6 0.17757606506347656 0.0015132427215576172 0.17908930778503418 224
1249 1243 6 0.17472362518310547 0.0014772415161132812 0.17620086669921875 225
1254 1248 6 0.17675995826721191 0.0015723705291748047 0.17833232879638672 226
1259 1253 6 0.1876354217529297 0.0014538764953613281 0.18908929824829102 227
1265 1259 6 0.17985248565673828 0.0015897750854492188 0.1814422607421875 228
1270 1264 6 0.17481112480163574 0.0015842914581298828 0.17639541625976562 229
1275 1269 6 0.17505311965942383 0.0016677379608154297 0.17672085762023926 230
1280 1274 6 0.1757357120513916 0.001592397689819336 0.17732810974121094 231
1285 1279 6 0.17625927925109863 0.0016415119171142578 0.1779007911682129 232
1290 1284 6 0.17755937576293945 0.001664876937866211 0.17922425270080566 233
1294 1289 5 0.17860102653503418 0.0016160011291503906 0.18021702766418457 234
1300 1294 6 0.17662787437438965 0.0072460174560546875 0.18387389183044434 235
1305 1299 6 0.1782846450805664 0.0014896392822265625 0.17977428436279297 236
1311 1305 6 0.17769980430603027 0.004029512405395508 0.18172931671142578 237
1316 1310 6 0.18165063858032227 0.0015153884887695312 0.1831660270690918 238
1322 1316 6 0.17762041091918945 0.0016772747039794922 0.17929768562316895 239
1327 1321 6 0.17868447303771973 0.0017282962799072266 0.18041276931762695 240
1332 1326 6 0.18155694007873535 0.0016715526580810547 0.1832284927368164 241
1337 1331 6 0.1943340301513672 0.0016858577728271484 0.19601988792419434 242
1342 1337 5 0.179063081741333 0.001573801040649414 0.18063688278198242 243
1347 1341 5 0.17790842056274414 0.0019767284393310547 0.1798851490020752 244
1352 1346 6 0.17588210105895996 0.0016050338745117188 0.17748713493347168 245
1357 1351 6 0.17923259735107422 0.0015726089477539062 0.18080520629882812 246
1363 1361 2 0.1793804168701172 0.007607698440551758 0.18698811531066895 247
1368 1362 6 0.18176054954528809 0.0016715526580810547 0.18343210220336914 248
1373 1367 6 0.18973398208618164 0.0015544891357421875 0.19128847122192383 249
1378 1372 6 0.1816420555114746 0.001580953598022461 0.18322300910949707 250
1383 1377 6 0.17691421508789062 0.0016350746154785156 0.17854928970336914 251
1388 1382 6 0.18111872673034668 0.001558065414428711 0.1826767921447754 252
1394 1387 6 0.1823573112487793 0.001514434814453125 0.18387174606323242 253
1399 1393 6 0.18470215797424316 0.005211830139160156 0.18991398811340332 254
1404 1398 6 0.1818070411682129 0.010862588882446289 0.19266963005065918 255
1409 1403 6 0.1799013614654541 0.0018651485443115234 0.18176651000976562 256
1415 1409 6 0.18012142181396484 0.005650520324707031 0.18577194213867188 257
1420 1414 6 0.18163156509399414 0.0016095638275146484 0.1832411289215088 258
1426 1424 2 0.19629263877868652 0.0016603469848632812 0.1979529857635498 259
1431 1425 6 0.18084955215454102 0.0015294551849365234 0.18237900733947754 260
1436 1430 6 0.17964911460876465 0.008425712585449219 0.18807482719421387 261
1441 1435 6 0.18079376220703125 0.0042743682861328125 0.18506813049316406 262
1447 1446 1 0.17899727821350098 0.0014748573303222656 0.18047213554382324 263
1452 1447 5 0.1845719814300537 0.010070562362670898 0.1946425437927246 264
1458 1456 2 0.17796659469604492 0.0033702850341796875 0.1813368797302246 265
1463 1457 6 0.19534087181091309 0.013309478759765625 0.2086503505706787 266
1468 1462 6 0.18810510635375977 0.004097938537597656 0.19220304489135742 267
1474 1467 6 0.19746112823486328 0.00167083740234375 0.19913196563720703 268
1479 1473 6 0.20019125938415527 0.0016345977783203125 0.20182585716247559 269
1485 1479 6 0.18034696578979492 0.006439924240112305 0.18678689002990723 270
1490 1484 6 0.1809995174407959 0.014860391616821289 0.1958599090576172 271
1496 1489 6 0.18328523635864258 0.001569509506225586 0.18485474586486816 272
1501 1495 6 0.18031907081604004 0.01186823844909668 0.19218730926513672 273
1506 1500 6 0.18050861358642578 0.0015811920166015625 0.18208980560302734 274
1512 1510 2 0.18233585357666016 0.0016148090362548828 0.18395066261291504 275
1516 1511 5 0.1878211498260498 0.001504659652709961 0.18932580947875977 276
1522 1520 2 0.18446731567382812 0.001645803451538086 0.1861131191253662 277
1527 1521 6 0.18121576309204102 0.001627206802368164 0.18284296989440918 278
1532 1526 6 0.17558956146240234 0.001737833023071289 0.17732739448547363 279
1537 1531 6 0.1709141731262207 0.006170511245727539 0.17708468437194824 280
1542 1536 6 0.19408726692199707 0.007791042327880859 0.20187830924987793 281
1547 1541 6 0.19322967529296875 0.0017116069793701172 0.19494128227233887 282
1553 1547 6 0.1884291172027588 0.0017189979553222656 0.19014811515808105 283
1559 1553 6 0.18715786933898926 0.0017039775848388672 0.18886184692382812 284
1564 1558 6 0.18599176406860352 0.00251007080078125 0.18850183486938477 285
1569 1563 6 0.20659112930297852 0.0017883777618408203 0.20837950706481934 286
1575 1569 6 0.18899011611938477 0.0017352104187011719 0.19072532653808594 287
1580 1574 6 0.18907928466796875 0.0019745826721191406 0.1910538673400879 288
1585 1579 6 0.1775650978088379 0.001667022705078125 0.17923212051391602 289
1590 1584 6 0.18700242042541504 0.0016658306121826172 0.18866825103759766 290
1596 1595 1 0.19155502319335938 0.0017039775848388672 0.19325900077819824 291
1601 1596 5 0.19907498359680176 0.001657247543334961 0.20073223114013672 292
1608 1601 6 0.18976879119873047 0.00785064697265625 0.19761943817138672 293
1613 1607 6 0.19523406028747559 0.0023856163024902344 0.19761967658996582 294
1619 1613 6 0.1907498836517334 0.0015947818756103516 0.19234466552734375 295
1625 1619 6 0.18942785263061523 0.0016982555389404297 0.19112610816955566 296
1630 1624 6 0.18710827827453613 0.0016033649444580078 0.18871164321899414 297
1635 1629 6 0.1981523036956787 0.007281303405761719 0.20543360710144043 298
1641 1635 6 0.19047999382019043 0.012990713119506836 0.20347070693969727 299
1647 1641 6 0.19139814376831055 0.008330821990966797 0.19972896575927734 300
1653 1647 6 0.20336246490478516 0.003326892852783203 0.20668935775756836 301
1658 1652 6 0.18708062171936035 0.0028328895568847656 0.18991351127624512 302
1663 1657 6 0.18330931663513184 0.0030014514923095703 0.1863107681274414 303
1668 1662 6 0.185502290725708 0.0027959346771240234 0.18829822540283203 304
1673 1667 6 0.17723321914672852 0.0015997886657714844 0.1788330078125 305
1678 1672 6 0.18098664283752441 0.0016088485717773438 0.18259549140930176 306
1683 1677 6 0.18448972702026367 0.021017789840698242 0.20550751686096191 307
1689 1683 6 0.19071364402770996 0.01658916473388672 0.20730280876159668 308
1694 1688 6 0.18835091590881348 0.005943775177001953 0.19429469108581543 309
1700 1694 6 0.17809700965881348 0.005326986312866211 0.1834239959716797 310
1704 1698 6 0.1857912540435791 0.0017502307891845703 0.18754148483276367 311
1710 1704 6 0.24260878562927246 0.0016360282897949219 0.24424481391906738 312
1717 1711 6 0.19556355476379395 0.0016026496887207031 0.19716620445251465 313
1722 1716 6 0.20013761520385742 0.0015420913696289062 0.20167970657348633 314
1727 1721 6 0.18727874755859375 0.003965616226196289 0.19124436378479004 315
1732 1726 6 0.1908411979675293 0.0020177364349365234 0.19285893440246582 316
1738 1732 6 0.18758416175842285 0.0015861988067626953 0.18917036056518555 317
1743 1737 6 0.19078969955444336 0.0016222000122070312 0.1924118995666504 318
1748 1742 6 0.19101262092590332 0.0016548633575439453 0.19266748428344727 319
1753 1747 6 0.19297266006469727 0.005121707916259766 0.19809436798095703 320
1758 1752 6 0.19006943702697754 0.004938364028930664 0.1950078010559082 321
1763 1757 6 0.205796480178833 0.001657724380493164 0.20745420455932617 322
1770 1768 2 0.19125986099243164 0.0016477108001708984 0.19290757179260254 323
1775 1769 6 0.1929032802581787 0.00152587890625 0.1944291591644287 324
1781 1780 1 0.18842601776123047 0.0018422603607177734 0.19026827812194824 325
1787 1781 6 0.19838309288024902 0.0015294551849365234 0.19991254806518555 326
1792 1786 6 0.19100713729858398 0.0016613006591796875 0.19266843795776367 327
1797 1791 6 0.19394922256469727 0.0015790462493896484 0.19552826881408691 328
1802 1796 6 0.1923203468322754 0.0015668869018554688 0.19388723373413086 329
1808 1802 6 0.18953943252563477 0.0016846656799316406 0.1912240982055664 330
1813 1807 6 0.18924975395202637 0.001956462860107422 0.1912062168121338 331
1818 1812 6 0.19163036346435547 0.0015947818756103516 0.19322514533996582 332
1823 1817 6 0.1890878677368164 0.001638174057006836 0.19072604179382324 333
1828 1822 6 0.18905401229858398 0.008003950119018555 0.19705796241760254 334
1834 1828 6 0.18856096267700195 0.001512289047241211 0.19007325172424316 335
1839 1833 6 0.2042245864868164 0.004497051239013672 0.20872163772583008 336
1846 1844 1 0.1958904266357422 0.0016720294952392578 0.19756245613098145 337
1851 1845 5 0.20219206809997559 0.012796878814697266 0.21498894691467285 338
1856 1850 6 0.19184279441833496 0.0021364688873291016 0.19397926330566406 339
1861 1855 6 0.1975235939025879 0.0015075206756591797 0.19903111457824707 340
1867 1865 2 0.19210386276245117 0.0016210079193115234 0.1937248706817627 341
1872 1866 6 0.19580650329589844 0.02853107452392578 0.22433757781982422 342
1878 1877 1 0.19106006622314453 0.0016629695892333984 0.19272303581237793 343
1883 1878 5 0.19567489624023438 0.0016200542449951172 0.1972949504852295 344
1889 1888 1 0.19212055206298828 0.0015206336975097656 0.19364118576049805 345
1895 1889 5 0.19469213485717773 0.003067493438720703 0.19775962829589844 346
1900 1894 6 0.20019888877868652 0.00754237174987793 0.20774126052856445 347
1905 1899 6 0.19988155364990234 0.0015139579772949219 0.20139551162719727 348
1910 1904 6 0.19455504417419434 0.0057201385498046875 0.20027518272399902 349
1915 1909 6 0.20517635345458984 0.010809183120727539 0.21598553657531738 350
1921 1915 5 0.20886683464050293 0.0017464160919189453 0.21061325073242188 351
1925 1919 6 0.18094921112060547 0.01301884651184082 0.1939680576324463 352
1931 1930 1 0.18090462684631348 0.0015938282012939453 0.18249845504760742 353
1936 1931 5 0.20542645454406738 0.0016245841979980469 0.20705103874206543 354
1942 1940 2 0.21550345420837402 0.005912303924560547 0.22141575813293457 355
1947 1941 6 0.1997089385986328 0.004412174224853516 0.20412111282348633 356
1952 1946 6 0.20027542114257812 0.0016133785247802734 0.2018887996673584 357
1957 1951 6 0.19446825981140137 0.001651763916015625 0.196120023727417 358
1963 1962 1 0.19232940673828125 0.001661539077758789 0.19399094581604004 359
1968 1963 5 0.1934034824371338 0.0016105175018310547 0.19501399993896484 360
1974 1972 2 0.19238972663879395 0.0017328262329101562 0.1941225528717041 361
1979 1973 6 0.19821596145629883 0.0015587806701660156 0.19977474212646484 362
1984 1978 6 0.19483661651611328 0.0014803409576416016 0.19631695747375488 363
1989 1983 6 0.19635510444641113 0.0019278526306152344 0.19828295707702637 364
1995 1994 1 0.20331978797912598 0.0016472339630126953 0.20496702194213867 365
2001 1995 6 0.2109541893005371 0.0016994476318359375 0.21265363693237305 366
2007 2005 2 0.19147396087646484 0.002121448516845703 0.19359540939331055 367
2012 2006 5 0.19851970672607422 0.003982067108154297 0.20250177383422852 368
2017 2011 6 0.18928265571594238 0.0015947818756103516 0.19087743759155273 369
2021 2016 5 0.20307350158691406 0.0016014575958251953 0.20467495918273926 370
2028 2026 1 0.19038081169128418 0.0016255378723144531 0.19200634956359863 371
2033 2027 6 0.19284486770629883 0.0016183853149414062 0.19446325302124023 372
2038 2032 6 0.1962127685546875 0.0015971660614013672 0.19780993461608887 373
2042 2037 5 0.19142365455627441 0.005400896072387695 0.1968245506286621 374
2048 2046 2 0.19004511833190918 0.0020253658294677734 0.19207048416137695 375
2052 2047 5 0.19111394882202148 0.036840200424194336 0.22795414924621582 376
2058 2057 1 0.1887657642364502 0.0015690326690673828 0.19033479690551758 377
2064 2058 6 0.17899084091186523 0.0042226314544677734 0.183213472366333 378
2069 2063 6 0.21230530738830566 0.018108844757080078 0.23041415214538574 379
2075 2069 6 0.19684290885925293 0.014706611633300781 0.2115495204925537 380
2080 2074 5 0.20604372024536133 0.010020256042480469 0.2160639762878418 381
2084 2078 6 0.20782780647277832 0.012879610061645508 0.22070741653442383 382
2089 2083 6 0.22865891456604004 0.004539966583251953 0.233198881149292 383
2094 2088 6 0.20792531967163086 0.009042739868164062 0.21696805953979492 384
2100 2094 6 0.19127607345581055 0.011707782745361328 0.20298385620117188 385
2105 2099 6 0.19162511825561523 0.015907764434814453 0.2075328826904297 386
2111 2109 2 0.2137010097503662 0.013592958450317383 0.2272939682006836 387
2116 2110 6 0.20164990425109863 0.02070021629333496 0.2223501205444336 388
2123 2121 2 0.2205195426940918 0.016631364822387695 0.2371509075164795 389
2128 2122 6 0.21725177764892578 0.002156496047973633 0.21940827369689941 390
2133 2127 6 0.18410062789916992 0.012035608291625977 0.1961362361907959 391
2137 2132 5 0.18487548828125 0.012772798538208008 0.197648286819458 392
2143 2137 5 0.19741082191467285 0.02528691291809082 0.22269773483276367 393
2147 2141 6 0.1926412582397461 0.012735128402709961 0.20537638664245605 394
2153 2152 1 0.212477445602417 0.024404525756835938 0.23688197135925293 395
2159 2153 6 0.22655344009399414 0.0015187263488769531 0.2280721664428711 396
2165 2163 2 0.18136072158813477 0.0023605823516845703 0.18372130393981934 397
2170 2164 6 0.18385601043701172 0.011914730072021484 0.1957707405090332 398
2175 2169 6 0.18836545944213867 0.0015628337860107422 0.18992829322814941 399
2180 2174 6 0.18999862670898438 0.001741647720336914 0.1917402744293213 400
2185 2179 6 0.18181395530700684 0.019185543060302734 0.20099949836730957 401
2190 2184 6 0.18799686431884766 0.0015175342559814453 0.1895143985748291 402
2196 2194 2 0.18338489532470703 0.0019292831420898438 0.18531417846679688 403
2201 2195 6 0.18626737594604492 0.002062082290649414 0.18832945823669434 404
2206 2200 6 0.18906068801879883 0.0246732234954834 0.21373391151428223 405
2212 2206 6 0.2007150650024414 0.02377629280090332 0.22449135780334473 406
2217 2211 6 0.20429658889770508 0.013147354125976562 0.21744394302368164 407
2222 2216 6 0.2177584171295166 0.0025081634521484375 0.22026658058166504 408
2228 2221 6 0.23529505729675293 0.0054509639739990234 0.24074602127075195 409
2233 2227 6 0.19005823135375977 0.001617431640625 0.19167566299438477 410
2237 2232 5 0.1829080581665039 0.0015730857849121094 0.18448114395141602 411
2243 2237 6 0.1835925579071045 0.002157449722290039 0.18575000762939453 412
2248 2242 6 0.19323158264160156 0.0015850067138671875 0.19481658935546875 413
2254 2248 6 0.18593406677246094 0.0015189647674560547 0.187453031539917 414
2260 2254 6 0.18646717071533203 0.0015418529510498047 0.18800902366638184 415
2266 2260 6 0.18926644325256348 0.0015926361083984375 0.19085907936096191 416
2271 2265 6 0.17924880981445312 0.0021681785583496094 0.18141698837280273 417
2276 2270 6 0.18105745315551758 0.0016510486602783203 0.1827085018157959 418
2281 2275 6 0.1814255714416504 0.0017292499542236328 0.18315482139587402 419
2287 2281 6 0.18797683715820312 0.012847185134887695 0.20082402229309082 420
2292 2286 6 0.20729589462280273 0.0016789436340332031 0.20897483825683594 421
2298 2296 2 0.17984962463378906 0.001543283462524414 0.18139290809631348 422
2301 2297 4 0.1851520538330078 0.008305788040161133 0.19345784187316895 423
2306 2300 6 0.22075271606445312 0.012154579162597656 0.23290729522705078 424
2312 2306 6 0.19210171699523926 0.005158185958862305 0.19725990295410156 425
2317 2311 6 0.188826322555542 0.001596212387084961 0.19042253494262695 426
2323 2317 6 0.18425989151000977 0.0015876293182373047 0.18584752082824707 427
2328 2322 6 0.1912076473236084 0.0015513896942138672 0.19275903701782227 428
2334 2332 2 0.18407344818115234 0.0015473365783691406 0.18562078475952148 429
2339 2333 6 0.19165444374084473 0.010878801345825195 0.20253324508666992 430
2345 2344 1 0.18903064727783203 0.0015964508056640625 0.1906270980834961 431
2350 2345 5 0.19459772109985352 0.00711369514465332 0.20171141624450684 432
2356 2355 1 0.1848142147064209 0.0016851425170898438 0.18649935722351074 433
2362 2356 6 0.1960599422454834 0.012629270553588867 0.20868921279907227 434
2368 2366 2 0.18716859817504883 0.009784221649169922 0.19695281982421875 435
2373 2367 6 0.18847417831420898 0.012705564498901367 0.20117974281311035 436
2379 2378 1 0.1914994716644287 0.005127906799316406 0.19662737846374512 437
2385 2379 6 0.19131875038146973 0.004839181900024414 0.19615793228149414 438
2390 2384 6 0.19145750999450684 0.005260467529296875 0.1967179775238037 439
2395 2389 6 0.1916358470916748 0.007622718811035156 0.19925856590270996 440
2401 2394 6 0.1922297477722168 0.005972623825073242 0.19820237159729004 441
2406 2400 6 0.19684576988220215 0.0018780231475830078 0.19872379302978516 442
2411 2405 6 0.19170427322387695 0.004098653793334961 0.19580292701721191 443
2417 2411 6 0.2020254135131836 0.0017342567443847656 0.20375967025756836 444
2423 2417 6 0.19644451141357422 0.010963201522827148 0.20740771293640137 445
2429 2423 6 0.1935422420501709 0.003605365753173828 0.19714760780334473 446
2435 2429 6 0.19087815284729004 0.0015635490417480469 0.19244170188903809 447
2440 2434 6 0.19220590591430664 0.0017597675323486328 0.19396567344665527 448
2446 2440 6 0.19264554977416992 0.0016355514526367188 0.19428110122680664 449
2452 2446 6 0.19103097915649414 0.0040132999420166016 0.19504427909851074 450
2458 2451 6 0.1933126449584961 0.01271677017211914 0.20602941513061523 451
2464 2457 6 0.20273685455322266 0.0014929771423339844 0.20422983169555664 452
2469 2463 6 0.18809866905212402 0.0015804767608642578 0.18967914581298828 453
2475 2469 6 0.17616033554077148 0.0024912357330322266 0.1786515712738037 454
2481 2475 6 0.1768491268157959 0.0015153884887695312 0.17836451530456543 455
2487 2481 6 0.17898249626159668 0.0015425682067871094 0.1805250644683838 456
2492 2486 6 0.17935442924499512 0.0016207695007324219 0.18097519874572754 457
2497 2491 6 0.18553996086120605 0.0015785694122314453 0.1871185302734375 458
2503 2497 6 0.1892223358154297 0.001699209213256836 0.19092154502868652 459
2509 2503 6 0.19356727600097656 0.0015745162963867188 0.19514179229736328 460
2515 2509 6 0.2025160789489746 0.008442401885986328 0.21095848083496094 461
2521 2515 6 0.1921522617340088 0.0016207695007324219 0.1937730312347412 462
2527 2521 6 0.1939399242401123 0.0016436576843261719 0.19558358192443848 463
2533 2527 6 0.19409990310668945 0.001552581787109375 0.19565248489379883 464
2539 2533 6 0.18824005126953125 0.0015828609466552734 0.18982291221618652 465
2545 2539 6 0.1857130527496338 0.0016112327575683594 0.18732428550720215 466
2551 2545 6 0.1836230754852295 0.0016071796417236328 0.18523025512695312 467
2556 2550 6 0.18758463859558105 0.0016427040100097656 0.18922734260559082 468
2562 2561 1 0.1913738250732422 0.0016028881072998047 0.192976713180542 469
2568 2562 6 0.1950836181640625 0.0016646385192871094 0.1967482566833496 470
2574 2573 1 0.19633817672729492 0.0064885616302490234 0.20282673835754395 471
2581 2574 6 0.19212555885314941 0.0015630722045898438 0.19368863105773926 472
2586 2580 6 0.19153928756713867 0.008661508560180664 0.20020079612731934 473
2592 2586 6 0.19108223915100098 0.012887001037597656 0.20396924018859863 474
2598 2592 6 0.18245315551757812 0.0019383430480957031 0.18439149856567383 475
2604 2598 6 0.1795213222503662 0.001667022705078125 0.18118834495544434 476
2610 2604 6 0.18821406364440918 0.008806943893432617 0.1970210075378418 477
2616 2610 6 0.19474029541015625 0.001535654067993164 0.19627594947814941 478
2621 2615 6 0.17917490005493164 0.0015594959259033203 0.18073439598083496 479
2626 2620 6 0.1799168586730957 0.0016236305236816406 0.18154048919677734 480
2631 2625 6 0.180419921875 0.0019407272338867188 0.18236064910888672 481
2637 2631 6 0.18502545356750488 0.001638650894165039 0.18666410446166992 482
2642 2636 6 0.19038867950439453 0.0019941329956054688 0.1923828125 483
2648 2642 6 0.18658185005187988 0.0016331672668457031 0.18821501731872559 484
2653 2647 6 0.19097208976745605 0.005860567092895508 0.19683265686035156 485
2659 2653 6 0.18473362922668457 0.0015935897827148438 0.18632721900939941 486
2665 2658 6 0.18590855598449707 0.0016832351684570312 0.1875917911529541 487
2670 2664 6 0.18435168266296387 0.005835294723510742 0.1901869773864746 488
2676 2670 6 0.18319392204284668 0.001617431640625 0.18481135368347168 489
2682 2676 6 0.1950373649597168 0.006377220153808594 0.2014145851135254 490
2687 2681 6 0.1891469955444336 0.0018818378448486328 0.19102883338928223 491
2692 2686 6 0.18366575241088867 0.008718729019165039 0.1923844814300537 492
2697 2691 6 0.18778014183044434 0.012931585311889648 0.20071172714233398 493
2702 2696 6 0.18347907066345215 0.0015804767608642578 0.1850595474243164 494
2708 2702 6 0.1844322681427002 0.001695394515991211 0.1861276626586914 495
2714 2708 6 0.1828327178955078 0.0016183853149414062 0.18445110321044922 496
2719 2713 6 0.18525958061218262 0.0015819072723388672 0.18684148788452148 497
2725 2718 6 0.18523812294006348 0.0015702247619628906 0.18680834770202637 498
2729 2723 6 0.18520712852478027 0.012770891189575195 0.19797801971435547 499
2736 2734 2 0.18834924697875977 0.007565498352050781 0.19591474533081055 500
2740 2735 5 0.22075533866882324 0.002276182174682617 0.22303152084350586 501
2747 2745 1 0.18571066856384277 0.0015757083892822266 0.187286376953125 502
2752 2746 6 0.1848893165588379 0.012817621231079102 0.197706937789917 503
2758 2756 2 0.20014357566833496 0.0057010650634765625 0.20584464073181152 504
2764 2758 6 0.21535181999206543 0.012756586074829102 0.22810840606689453 505
2770 2764 6 0.17763376235961914 0.025370121002197266 0.2030038833618164 506
2776 2770 6 0.2090895175933838 0.0014908313751220703 0.21058034896850586 507
2782 2776 6 0.1790013313293457 0.0016508102416992188 0.18065214157104492 508
2787 2781 6 0.18104290962219238 0.0021927356719970703 0.18323564529418945 509
2793 2787 6 0.18039321899414062 0.0016019344329833984 0.18199515342712402 510
2798 2792 6 0.18247747421264648 0.008857488632202148 0.19133496284484863 511
2803 2797 6 0.19531726837158203 0.002965688705444336 0.19828295707702637 512
2808 2802 6 0.18248271942138672 0.01270747184753418 0.1951901912689209 513
2813 2807 6 0.19053030014038086 0.013228416442871094 0.20375871658325195 514
2817 2812 5 0.19983816146850586 0.019667387008666992 0.21950554847717285 515
2822 2816 6 0.199202299118042 0.04360651969909668 0.24280881881713867 516
2828 2822 6 0.20470976829528809 0.0015959739685058594 0.20630574226379395 517
2833 2827 6 0.18921828269958496 0.00925445556640625 0.1984727382659912 518
2839 2833 6 0.18619608879089355 0.004617929458618164 0.19081401824951172 519
2845 2839 6 0.18737435340881348 0.015340089797973633 0.2027144432067871 520
2851 2845 6 0.1756725311279297 0.01091909408569336 0.18659162521362305 521
2856 2850 6 0.19151949882507324 0.0016655921936035156 0.19318509101867676 522
2863 2861 1 0.18311071395874023 0.0015692710876464844 0.18467998504638672 523
2868 2862 6 0.17773103713989258 0.0016312599182128906 0.17936229705810547 524
2873 2867 6 0.17593026161193848 0.0017452239990234375 0.17767548561096191 525
2878 2872 6 0.17810320854187012 0.0016102790832519531 0.17971348762512207 526
2883 2877 6 0.18626880645751953 0.0017957687377929688 0.1880645751953125 527
2889 2883 6 0.19143247604370117 0.0016219615936279297 0.1930544376373291 528
2895 2889 6 0.19093847274780273 0.0015032291412353516 0.19244170188903809 529
2901 2895 6 0.19144821166992188 0.001706838607788086 0.19315505027770996 530
2907 2901 6 0.19596076011657715 0.026070833206176758 0.2220315933227539 531
2913 2907 6 0.20202183723449707 0.018303632736206055 0.22032546997070312 532
2918 2912 6 0.20681071281433105 0.012169361114501953 0.218980073928833 533
2924 2918 6 0.20514607429504395 0.023665189743041992 0.22881126403808594 534
2930 2924 6 0.19663119316101074 0.0024580955505371094 0.19908928871154785 535
2935 2929 6 0.18303894996643066 0.004541873931884766 0.18758082389831543 536
2940 2934 6 0.21760153770446777 0.010826587677001953 0.22842812538146973 537
2945 2939 6 0.19396758079528809 0.003937721252441406 0.1979053020477295 538
2950 2944 6 0.22207427024841309 0.0016391277313232422 0.22371339797973633 539
2956 2950 6 0.1979503631591797 0.013016462326049805 0.2109668254852295 540
2962 2956 6 0.20778441429138184 0.013033151626586914 0.22081756591796875 541
2967 2961 6 0.21630501747131348 0.0129547119140625 0.22925972938537598 542
2972 2966 6 0.22938036918640137 0.012779474258422852 0.24215984344482422 543
2978 2972 6 0.24834656715393066 0.0024056434631347656 0.25075221061706543 544
2984 2978 6 0.2163231372833252 0.0065038204193115234 0.22282695770263672 545
2990 2984 6 0.19864296913146973 0.012675046920776367 0.2113180160522461 546
2995 2989 6 0.200653076171875 0.00854349136352539 0.2091965675354004 547
3000 2994 6 0.20976877212524414 0.004035234451293945 0.21380400657653809 548
3004 2999 5 0.20921087265014648 0.012741565704345703 0.2219524383544922 549
3010 3003 6 0.2033088207244873 0.004835367202758789 0.2081441879272461 550
3015 3009 6 0.212968111038208 0.02527928352355957 0.23824739456176758 551
3022 3016 6 0.19663286209106445 0.0017101764678955078 0.19834303855895996 552
3026 3020 6 0.18819475173950195 0.02376842498779297 0.21196317672729492 553
3033 3031 2 0.20911359786987305 0.009073257446289062 0.2181868553161621 554
3038 3032 6 0.2233436107635498 0.012890815734863281 0.23623442649841309 555
3044 3043 1 0.2310340404510498 0.004010438919067383 0.2350444793701172 556
3050 3044 6 0.21903371810913086 0.011677742004394531 0.2307114601135254 557
3055 3049 6 0.19330477714538574 0.018056869506835938 0.21136164665222168 558
3060 3054 6 0.21408700942993164 0.012042999267578125 0.22613000869750977 559
3065 3059 6 0.21469902992248535 0.008275032043457031 0.22297406196594238 560
3070 3064 6 0.22028660774230957 0.01284480094909668 0.23313140869140625 561
3076 3074 2 0.2017650604248047 0.006377220153808594 0.20814228057861328 562
3081 3075 6 0.22913336753845215 0.0078084468841552734 0.23694181442260742 563
3087 3086 1 0.2212355136871338 0.0127410888671875 0.2339766025543213 564
3094 3087 6 0.21820831298828125 0.015578508377075195 0.23378682136535645 565
3099 3097 2 0.18714332580566406 0.012755393981933594 0.19989871978759766 566
3104 3098 6 0.1964857578277588 0.012702465057373047 0.20918822288513184 567
3109 3103 6 0.19899392127990723 0.0018312931060791016 0.20082521438598633 568
3115 3109 6 0.20111751556396484 0.007295370101928711 0.20841288566589355 569
3121 3115 6 0.19526052474975586 0.007204294204711914 0.20246481895446777 570
3126 3120 6 0.1981368064880371 0.012852191925048828 0.21098899841308594 571
3132 3131 1 0.22056293487548828 0.009912729263305664 0.23047566413879395 572
3137 3132 5 0.22372722625732422 0.0028476715087890625 0.22657489776611328 573
3143 3142 1 0.21705317497253418 0.001661539077758789 0.21871471405029297 574
3149 3143 6 0.1920926570892334 0.0047283172607421875 0.19682097434997559 575
3155 3154 1 0.19705557823181152 0.02198004722595215 0.21903562545776367 576
3160 3155 5 0.21195721626281738 0.023851871490478516 0.2358090877532959 577
3165 3159 6 0.19514799118041992 0.015522003173828125 0.21066999435424805 578
3169 3164 5 0.28780031204223633 0.014586448669433594 0.3023867607116699 579
3177 3175 2 0.2992715835571289 0.010035991668701172 0.3093075752258301 580
3185 3179 6 0.26050567626953125 0.0017304420471191406 0.2622361183166504 581
3192 3186 6 0.22408747673034668 0.0018169879913330078 0.2259044647216797 582
3198 3192 6 0.21420073509216309 0.00179290771484375 0.21599364280700684 583
3205 3204 1 0.20580625534057617 0.0016460418701171875 0.20745229721069336 584
3211 3205 6 0.20621466636657715 0.0018069744110107422 0.2080216407775879 585
3218 3217 1 0.20263004302978516 0.0053751468658447266 0.20800518989562988 586
3224 3218 6 0.19597458839416504 0.002719402313232422 0.19869399070739746 587
3230 3229 1 0.19400882720947266 0.002333402633666992 0.19634222984313965 588
3236 3230 6 0.19249820709228516 0.0016963481903076172 0.19419455528259277 589
3242 3241 1 0.19073247909545898 0.0016045570373535156 0.1923370361328125 590
3248 3242 6 0.18983888626098633 0.0025177001953125 0.19235658645629883 591
3254 3253 1 0.18712496757507324 0.0025115013122558594 0.1896364688873291 592
3260 3254 6 0.18985700607299805 0.019176006317138672 0.20903301239013672 593
3265 3259 6 0.19538211822509766 0.0014863014221191406 0.1968684196472168 594
3271 3265 6 0.18626666069030762 0.011964797973632812 0.19823145866394043 595
3276 3270 6 0.18437814712524414 0.002069711685180664 0.1864478588104248 596
3281 3275 6 0.19012165069580078 0.017049074172973633 0.20717072486877441 597
3286 3280 6 0.2299799919128418 0.018332242965698242 0.24831223487854004 598
3292 3286 6 0.21421241760253906 0.0015931129455566406 0.2158055305480957 599
3297 3291 6 0.18823885917663574 0.0015506744384765625 0.1897895336151123 600
3302 3296 6 0.18842148780822754 0.0017096996307373047 0.19013118743896484 601
3308 3302 6 0.19657540321350098 0.0015561580657958984 0.19813156127929688 602
3312 3307 5 0.18733859062194824 0.010668039321899414 0.19800662994384766 603
3318 3312 6 0.19215774536132812 0.04845738410949707 0.2406151294708252 604
3322 3316 6 0.22562885284423828 0.027051687240600586 0.25268054008483887 605
3328 3327 1 0.20515751838684082 0.011709213256835938 0.21686673164367676 606
3334 3328 5 0.2017972469329834 0.008909225463867188 0.21070647239685059 607
3340 3339 1 0.18568849563598633 0.01764082908630371 0.20332932472229004 608
3346 3340 6 0.21834707260131836 0.0016520023345947266 0.21999907493591309 609
3352 3350 2 0.2059926986694336 0.007751941680908203 0.2137446403503418 610
3357 3351 6 0.17802000045776367 0.0016486644744873047 0.17966866493225098 611
3361 3356 5 0.1864945888519287 0.022664308547973633 0.20915889739990234 612
3367 3361 6 0.2074146270751953 0.006941556930541992 0.2143561840057373 613
3372 3366 6 0.18317580223083496 0.012383222579956055 0.19555902481079102 614
3377 3371 6 0.20159530639648438 0.0016603469848632812 0.20325565338134766 615
3384 3382 2 0.18804430961608887 0.0015556812286376953 0.18959999084472656 616
3388 3383 5 0.22324275970458984 0.0015780925750732422 0.22482085227966309 617
3393 3388 5 0.19085288047790527 0.007714748382568359 0.19856762886047363 618
3398 3392 6 0.20238280296325684 0.00677800178527832 0.20916080474853516 619
3404 3398 6 0.19835376739501953 0.01482248306274414 0.21317625045776367 620
3408 3402 6 0.18556737899780273 0.0015456676483154297 0.18711304664611816 621
3414 3412 2 0.18722891807556152 0.005098819732666016 0.19232773780822754 622
3419 3413 6 0.18748974800109863 0.001649618148803711 0.18913936614990234 623
3423 3418 5 0.19467520713806152 0.0015940666198730469 0.19626927375793457 624
3428 3422 6 0.18901729583740234 0.012970685958862305 0.20198798179626465 625
3434 3433 1 0.1870260238647461 0.013339757919311523 0.20036578178405762 626
3440 3434 6 0.2418956756591797 0.011450052261352539 0.2533457279205322 627
3447 3445 2 0.21969342231750488 0.009622812271118164 0.22931623458862305 628
3453 3447 6 0.18555331230163574 0.0015974044799804688 0.1871507167816162 629
3458 3452 6 0.19483590126037598 0.009721755981445312 0.2045576572418213 630
3464 3458 6 0.20355868339538574 0.0038251876831054688 0.2073838710784912 631
3470 3464 6 0.19861793518066406 0.002093076705932617 0.20071101188659668 632
3476 3470 6 0.22369384765625 0.0016989707946777344 0.22539281845092773 633
3482 3476 6 0.19690537452697754 0.0018682479858398438 0.19877362251281738 634
3488 3482 6 0.19882917404174805 0.0069391727447509766 0.20576834678649902 635
3494 3488 6 0.17964863777160645 0.0016794204711914062 0.18132805824279785 636
3500 3493 6 0.19235873222351074 0.0017278194427490234 0.19408655166625977 637
3505 3499 6 0.18576860427856445 0.0017573833465576172 0.18752598762512207 638
3511 3505 6 0.18561840057373047 0.008906364440917969 0.19452476501464844 639
3516 3510 6 0.19419598579406738 0.0016891956329345703 0.19588518142700195 640
3521 3515 6 0.1793348789215088 0.0015501976013183594 0.18088507652282715 641
3527 3521 6 0.18573236465454102 0.0015888214111328125 0.18732118606567383 642
3532 3526 6 0.18738412857055664 0.0017256736755371094 0.18910980224609375 643
3538 3532 6 0.19111084938049316 0.001852273941040039 0.1929631233215332 644
3544 3538 6 0.19101715087890625 0.0016217231750488281 0.19263887405395508 645
3550 3544 6 0.1938033103942871 0.0018260478973388672 0.19562935829162598 646
3555 3549 6 0.19544291496276855 0.0015406608581542969 0.19698357582092285 647
3562 3560 2 0.1923830509185791 0.0016274452209472656 0.19401049613952637 648
3567 3561 6 0.19134974479675293 0.007524251937866211 0.19887399673461914 649
3573 3572 1 0.17863845825195312 0.02360367774963379 0.20224213600158691 650
3579 3573 6 0.18103361129760742 0.0026726722717285156 0.18370628356933594 651
3584 3578 6 0.18989300727844238 0.0073812007904052734 0.19727420806884766 652
3590 3584 6 0.19065213203430176 0.0015606880187988281 0.19221282005310059 653
3596 3590 6 0.17603421211242676 0.001608133316040039 0.1776423454284668 654
3601 3595 6 0.19385910034179688 0.004305362701416016 0.1981644630432129 655
3607 3606 1 0.19051027297973633 0.0016965866088867188 0.19220685958862305 656
3612 3607 5 0.19075775146484375 0.0016567707061767578 0.1924145221710205 657
3618 3616 2 0.18140554428100586 0.0015544891357421875 0.18296003341674805 658
3623 3617 6 0.18306398391723633 0.0016694068908691406 0.18473339080810547 659
3628 3622 6 0.18130159378051758 0.001491546630859375 0.18279314041137695 660
3633 3627 6 0.1909503936767578 0.008015632629394531 0.19896602630615234 661
3640 3638 2 0.19074082374572754 0.005984067916870117 0.19672489166259766 662
3645 3639 6 0.2149660587310791 0.002536296844482422 0.21750235557556152 663
3651 3650 1 0.1976172924041748 0.0016355514526367188 0.19925284385681152 664
3657 3651 6 0.1811230182647705 0.001508951187133789 0.1826319694519043 665
3662 3656 6 0.17809462547302246 0.0014688968658447266 0.1795635223388672 666
3667 3661 6 0.1827564239501953 0.0015375614166259766 0.1842939853668213 667
3673 3671 2 0.18867182731628418 0.001520395278930664 0.19019222259521484 668
3678 3672 6 0.1942579746246338 0.0015914440155029297 0.19584941864013672 669
3684 3682 2 0.19127297401428223 0.0014567375183105469 0.19272971153259277 670
3689 3683 6 0.1958765983581543 0.0015282630920410156 0.1974048614501953 671
3696 3694 2 0.1915757656097412 0.001512289047241211 0.19308805465698242 672
3701 3695 6 0.19426846504211426 0.002444028854370117 0.19671249389648438 673
3708 3706 2 0.18954205513000488 0.009871959686279297 0.19941401481628418 674
3713 3707 6 0.18991398811340332 0.001590728759765625 0.19150471687316895 675
3719 3718 1 0.19122028350830078 0.0024132728576660156 0.1936335563659668 676
3725 3719 6 0.19376134872436523 0.012799978256225586 0.20656132698059082 677
3732 3730 2 0.19785356521606445 0.0039827823638916016 0.20183634757995605 678
3737 3731 6 0.19552135467529297 0.001649618148803711 0.19717097282409668 679
3743 3741 2 0.18966364860534668 0.004369258880615234 0.19403290748596191 680
3748 3742 6 0.18725061416625977 0.006701231002807617 0.19395184516906738 681
3754 3753 1 0.17959952354431152 0.0025892257690429688 0.1821887493133545 682
3760 3754 5 0.18895936012268066 0.002099275588989258 0.19105863571166992 683
3765 3764 1 0.187544584274292 0.005144834518432617 0.1926894187927246 684
3771 3765 6 0.19358110427856445 0.0015828609466552734 0.19516396522521973 685
3776 3770 6 0.1903839111328125 0.003179311752319336 0.19356322288513184 686
3781 3775 6 0.19205427169799805 0.007484912872314453 0.1995391845703125 687
3787 3786 1 0.18473553657531738 0.0035719871520996094 0.188307523727417 688
3793 3787 6 0.19388890266418457 0.0026137828826904297 0.196502685546875 689
3799 3798 1 0.17894649505615234 0.002727031707763672 0.18167352676391602 690
3804 3799 5 0.18165946006774902 0.010726213455200195 0.19238567352294922 691
3809 3803 6 0.18362879753112793 0.00928950309753418 0.1929183006286621 692
3815 3809 6 0.2084193229675293 0.011546134948730469 0.21996545791625977 693
3821 3815 6 0.20680594444274902 0.0014605522155761719 0.2082664966583252 694
3826 3820 6 0.2127995491027832 0.001483917236328125 0.21428346633911133 695
3833 3831 2 0.19368267059326172 0.007486581802368164 0.20116925239562988 696
3838 3832 6 0.18915820121765137 0.0015404224395751953 0.19069862365722656 697
3844 3843 1 0.1825242042541504 0.001737356185913086 0.18426156044006348 698
3850 3844 5 0.18022465705871582 0.0015227794647216797 0.1817474365234375 699
3855 3849 6 0.18073368072509766 0.0016515254974365234 0.18238520622253418 700
3860 3854 6 0.1811363697052002 0.0015716552734375 0.1827080249786377 701
3865 3859 6 0.18226408958435059 0.001733541488647461 0.18399763107299805 702
3871 3865 6 0.17984580993652344 0.0015358924865722656 0.1813817024230957 703
3876 3870 6 0.1786041259765625 0.001567840576171875 0.18017196655273438 704
3881 3875 6 0.18573594093322754 0.0036296844482421875 0.18936562538146973 705
3887 3881 6 0.19258403778076172 0.001508951187133789 0.1940929889678955 706
3893 3887 6 0.18664789199829102 0.00151824951171875 0.18816614151000977 707
3899 3893 6 0.17792797088623047 0.0015974044799804688 0.17952537536621094 708
3904 3898 6 0.18372201919555664 0.012210369110107422 0.19593238830566406 709
3910 3908 2 0.18974542617797852 0.00174713134765625 0.19149255752563477 710
3915 3909 6 0.18796324729919434 0.0016331672668457031 0.18959641456604004 711
3921 3920 1 0.1790316104888916 0.0022492408752441406 0.18128085136413574 712
3927 3921 6 0.19041824340820312 0.0015444755554199219 0.19196271896362305 713
3932 3926 6 0.1856088638305664 0.0023441314697265625 0.18795299530029297 714
3938 3932 6 0.18497443199157715 0.004274129867553711 0.18924856185913086 715
3943 3937 6 0.18872928619384766 0.014512062072753906 0.20324134826660156 716
3950 3944 6 0.17921853065490723 0.0061762332916259766 0.1853947639465332 717
3956 3949 6 0.1853320598602295 0.0020360946655273438 0.18736815452575684 718
3961 3955 6 0.19322609901428223 0.010555505752563477 0.2037816047668457 719
3967 3961 6 0.18974065780639648 0.0015833377838134766 0.19132399559020996 720
3973 3967 6 0.1797177791595459 0.012689352035522461 0.19240713119506836 721
3978 3972 6 0.20531916618347168 0.008794307708740234 0.21411347389221191 722
3983 3977 6 0.21105742454528809 0.0014576911926269531 0.21251511573791504 723
3989 3983 6 0.18892312049865723 0.0036232471466064453 0.19254636764526367 724
3993 3988 5 0.19991707801818848 0.012720108032226562 0.21263718605041504 725
3999 3993 6 0.2063426971435547 0.009037494659423828 0.21538019180297852 726
4003 3998 5 0.18555521965026855 0.012906074523925781 0.19846129417419434 727
4009 4003 6 0.19872403144836426 0.0015273094177246094 0.20025134086608887 728
4014 4008 6 0.18804645538330078 0.0015854835510253906 0.18963193893432617 729
4020 4019 1 0.18596339225769043 0.001470804214477539 0.18743419647216797 730
4025 4020 5 0.19192147254943848 0.018199443817138672 0.21012091636657715 731
4031 4030 1 0.2055211067199707 0.01610708236694336 0.22162818908691406 732
4037 4031 6 0.22875380516052246 0.0056726932525634766 0.23442649841308594 733
4042 4036 6 0.21822857856750488 0.0017023086547851562 0.21993088722229004 734
4047 4041 6 0.18251371383666992 0.005437612533569336 0.18795132637023926 735
4052 4046 6 0.1868422031402588 0.001592397689819336 0.18843460083007812 736
4058 4052 6 0.18745183944702148 0.0019991397857666016 0.18945097923278809 737
4063 4057 6 0.18371009826660156 0.0014667510986328125 0.18517684936523438 738
4068 4062 6 0.1932220458984375 0.0064122676849365234 0.19963431358337402 739
4073 4067 6 0.2079145908355713 0.02601313591003418 0.23392772674560547 740
4078 4072 6 0.21962237358093262 0.0067026615142822266 0.22632503509521484 741
4083 4077 6 0.2295703887939453 0.01250600814819336 0.24207639694213867 742
4089 4083 6 0.19429779052734375 0.012932777404785156 0.2072305679321289 743
4093 4088 5 0.21681594848632812 0.011640071868896484 0.2284560203552246 744
4098 4092 6 0.19020676612854004 0.005087614059448242 0.19529438018798828 745
4102 4097 5 0.24012351036071777 0.002773761749267578 0.24289727210998535 746
4108 4102 6 0.19165945053100586 0.007538557052612305 0.19919800758361816 747
4114 4108 6 0.20297598838806152 0.013354301452636719 0.21633028984069824 748
4120 4114 6 0.2079470157623291 0.004502534866333008 0.2124495506286621 749
4124 4119 5 0.20171761512756348 0.015259742736816406 0.21697735786437988 750
4129 4123 6 0.20754408836364746 0.004456043243408203 0.21200013160705566 751
4135 4129 6 0.17753338813781738 0.011138200759887695 0.18867158889770508 752
4140 4134 6 0.22501921653747559 0.014025211334228516 0.2390444278717041 753
4147 4141 6 0.24945974349975586 0.027569055557250977 0.27702879905700684 754
4154 4148 6 0.21337270736694336 0.011178255081176758 0.22455096244812012 755
4158 4153 5 0.24049019813537598 0.009461641311645508 0.24995183944702148 756
4163 4157 6 0.2051546573638916 0.0015947818756103516 0.20674943923950195 757
4169 4163 6 0.20209598541259766 0.0018088817596435547 0.2039048671722412 758
4175 4169 6 0.21805715560913086 0.001554250717163086 0.21961140632629395 759
4180 4174 6 0.19730591773986816 0.008461952209472656 0.20576786994934082 760
4185 4179 6 0.1949005126953125 0.005207061767578125 0.20010757446289062 761
4190 4184 6 0.19944119453430176 0.024033308029174805 0.22347450256347656 762
4195 4189 6 0.19531011581420898 0.012943744659423828 0.2082538604736328 763
4200 4194 6 0.19256114959716797 0.005910634994506836 0.1984717845916748 764
4206 4200 6 0.20352435111999512 0.010493755340576172 0.2140181064605713 765
4211 4205 6 0.18595361709594727 0.010570049285888672 0.19652366638183594 766
4216 4210 6 0.18543696403503418 0.004278659820556641 0.18971562385559082 767
4221 4215 6 0.1813955307006836 0.013915061950683594 0.1953105926513672 768
4226 4220 6 0.23645973205566406 0.0016071796417236328 0.2380669116973877 769
4232 4226 6 0.18889164924621582 0.0015783309936523438 0.19046998023986816 770
4238 4232 6 0.1914665699005127 0.0015985965728759766 0.19306516647338867 771
4243 4237 6 0.19250011444091797 0.010254859924316406 0.20275497436523438 772
4249 4243 6 0.19849801063537598 0.013017654418945312 0.2115156650543213 773
4254 4248 6 0.1917581558227539 0.0015652179718017578 0.19332337379455566 774
4260 4254 6 0.19261765480041504 0.0018491744995117188 0.19446682929992676 775
4266 4260 6 0.19286274909973145 0.0017452239990234375 0.19460797309875488 776
4272 4266 6 0.19265484809875488 0.0017108917236328125 0.1943657398223877 777
4277 4271 6 0.19292855262756348 0.0014951229095458984 0.19442367553710938 778
4282 4276 6 0.19240546226501465 0.014384269714355469 0.20678973197937012 779
4287 4281 6 0.22142243385314941 0.007393360137939453 0.22881579399108887 780
4294 4293 1 0.19181561470031738 0.03812074661254883 0.2299363613128662 781
4300 4294 6 0.20281672477722168 0.024754762649536133 0.2275714874267578 782
4306 4305 1 0.2142314910888672 0.01469731330871582 0.228928804397583 783
4310 4306 4 0.2051234245300293 0.03493046760559082 0.24005389213562012 784
4315 4309 6 0.20998406410217285 0.004659414291381836 0.2146434783935547 785
4320 4314 6 0.20390057563781738 0.008153676986694336 0.21205425262451172 786
4326 4319 6 0.19751691818237305 0.005993366241455078 0.20351028442382812 787
4330 4324 6 0.20067954063415527 0.03045940399169922 0.2311389446258545 788
4336 4330 6 0.20245027542114258 0.007980108261108398 0.21043038368225098 789
4340 4334 6 0.18904662132263184 0.008443355560302734 0.19748997688293457 790
4345 4339 6 0.21900486946105957 0.010233640670776367 0.22923851013183594 791
4350 4344 6 0.2202775478363037 0.04902029037475586 0.26929783821105957 792
4356 4354 2 0.21416640281677246 0.012825965881347656 0.22699236869812012 793
4360 4355 5 0.21810412406921387 0.0021483898162841797 0.22025251388549805 794
4365 4360 5 0.18760943412780762 0.012762069702148438 0.20037150382995605 795
4369 4364 5 0.20655226707458496 0.013453483581542969 0.22000575065612793 796
4374 4368 6 0.20139861106872559 0.020749568939208984 0.22214818000793457 797
4378 4373 5 0.21420669555664062 0.03251147270202637 0.246718168258667 798
4384 4382 2 0.19475674629211426 0.017647266387939453 0.2124040126800537 799
4388 4383 5 0.21204042434692383 0.012808084487915039 0.22484850883483887 800
4394 4388 6 0.2297675609588623 0.010350942611694336 0.24011850357055664 801
4399 4393 6 0.18570828437805176 0.009170770645141602 0.19487905502319336 802
4404 4398 6 0.2191014289855957 0.003893613815307617 0.22299504280090332 803
4407 4403 4 0.19840693473815918 0.04737520217895508 0.24578213691711426 804
4413 4407 6 0.19720745086669922 0.010916948318481445 0.20812439918518066 805
4418 4412 6 0.20333433151245117 0.012738227844238281 0.21607255935668945 806
4423 4417 6 0.24439764022827148 0.008494377136230469 0.25289201736450195 807
4428 4422 6 0.19247055053710938 0.01405024528503418 0.20652079582214355 808
4433 4427 6 0.22280216217041016 0.019065380096435547 0.2418675422668457 809
4439 4433 6 0.2036433219909668 0.006979942321777344 0.21062326431274414 810
4443 4438 5 0.2089996337890625 0.010931730270385742 0.21993136405944824 811
4449 4442 6 0.25058817863464355 0.002583026885986328 0.2531712055206299 812
4454 4448 6 0.20946073532104492 0.008658885955810547 0.21811962127685547 813
4459 4453 6 0.1921229362487793 0.0112152099609375 0.2033381462097168 814
4464 4458 6 0.20900464057922363 0.027080774307250977 0.2360854148864746 815
4470 4464 6 0.19717979431152344 0.029581546783447266 0.2267613410949707 816
4475 4469 6 0.20986342430114746 0.012814044952392578 0.22267746925354004 817
4480 4474 6 0.21239352226257324 0.031415700912475586 0.24380922317504883 818
4486 4480 6 0.19396352767944336 0.013011693954467773 0.20697522163391113 819
4490 4485 5 0.22229623794555664 0.012640237808227539 0.23493647575378418 820
4497 4496 1 0.23357176780700684 0.02407526969909668 0.2576470375061035 821
4502 4497 5 0.21566009521484375 0.028185367584228516 0.24384546279907227 822
4507 4501 6 0.20862674713134766 0.01271200180053711 0.22133874893188477 823
4512 4506 6 0.23884916305541992 0.0014967918395996094 0.24034595489501953 824
4517 4511 6 0.20998287200927734 0.02380061149597168 0.23378348350524902 825
4522 4516 6 0.22432494163513184 0.0054931640625 0.22981810569763184 826
4528 4527 1 0.19925284385681152 0.012799739837646484 0.212052583694458 827
4533 4528 5 0.19107580184936523 0.014341592788696289 0.20541739463806152 828
4538 4532 6 0.19295096397399902 0.012941598892211914 0.20589256286621094 829
4543 4537 6 0.21033620834350586 0.015223264694213867 0.22555947303771973 830
4548 4542 6 0.2267920970916748 0.012561321258544922 0.23935341835021973 831
4553 4547 6 0.23982620239257812 0.03925037384033203 0.27907657623291016 832
4561 4559 2 0.20881104469299316 0.03810763359069824 0.2469186782836914 833
4567 4561 6 0.21596550941467285 0.007828474044799805 0.22379398345947266 834
4572 4566 6 0.2385387420654297 0.024688243865966797 0.2632269859313965 835
4578 4571 6 0.22000479698181152 0.03983736038208008 0.2598421573638916 836
4585 4583 2 0.2257847785949707 0.025191307067871094 0.2509760856628418 837
4591 4584 6 0.20488619804382324 0.01275491714477539 0.21764111518859863 838
4596 4590 6 0.2431163787841797 0.008597850799560547 0.25171422958374023 839
4602 4596 6 0.2022409439086914 0.012992382049560547 0.21523332595825195 840
4607 4601 6 0.225905179977417 0.004106044769287109 0.2300112247467041 841
4612 4606 6 0.19710469245910645 0.010154008865356445 0.2072587013244629 842
4617 4611 6 0.22104382514953613 0.010687828063964844 0.23173165321350098 843
4623 4617 6 0.2028963565826416 0.01251673698425293 0.21541309356689453 844
4628 4622 6 0.2217085361480713 0.012732505798339844 0.23444104194641113 845
4634 4633 1 0.24408459663391113 0.01650238037109375 0.2605869770050049 846
4640 4634 5 0.21236515045166016 0.012620210647583008 0.22498536109924316 847
4646 4644 2 0.2225484848022461 0.023897647857666016 0.2464461326599121 848
4651 4645 6 0.2252645492553711 0.012837886810302734 0.23810243606567383 849
4658 4656 2 0.25401997566223145 0.0015575885772705078 0.25557756423950195 850
4664 4658 6 0.2092750072479248 0.013164043426513672 0.22243905067443848 851
4669 4663 6 0.19800233840942383 0.009289741516113281 0.2072920799255371 852
4674 4668 6 0.1882026195526123 0.014964818954467773 0.20316743850708008 853
4679 4673 6 0.22474288940429688 0.008753061294555664 0.23349595069885254 854
4684 4678 6 0.21237516403198242 0.01447749137878418 0.2268526554107666 855
4691 4684 6 0.20406126976013184 0.011142969131469727 0.21520423889160156 856
4695 4689 6 0.22706818580627441 0.020499706268310547 0.24756789207458496 857
4700 4694 6 0.19565558433532715 0.005062580108642578 0.20071816444396973 858
4704 4699 5 0.18991899490356445 0.004088640213012695 0.19400763511657715 859
4709 4703 6 0.22124552726745605 0.02112293243408203 0.24236845970153809 860
4714 4708 6 0.23893117904663086 0.00478363037109375 0.2437148094177246 861
4721 4719 2 0.2359602451324463 0.005252361297607422 0.2412126064300537 862
4726 4720 6 0.20516109466552734 0.02385568618774414 0.22901678085327148 863
4732 4725 6 0.20320940017700195 0.012127876281738281 0.21533727645874023 864
4735 4730 5 0.19064927101135254 0.012850046157836914 0.20349931716918945 865
4741 4739 2 0.21655702590942383 0.03335070610046387 0.2499077320098877 866
4746 4740 6 0.21270990371704102 0.013760089874267578 0.2264699935913086 867
4752 4751 1 0.2371821403503418 0.013254880905151367 0.25043702125549316 868
4758 4752 6 0.18446850776672363 0.03749895095825195 0.22196745872497559 869
4763 4757 6 0.22171664237976074 0.014735937118530273 0.23645257949829102 870
4769 4763 6 0.23812532424926758 0.009458065032958984 0.24758338928222656 871
4776 4774 2 0.22632169723510742 0.008100509643554688 0.2344222068786621 872
4781 4775 6 0.22256183624267578 0.01277780532836914 0.23533964157104492 873
4787 4786 1 0.2590975761413574 0.0055730342864990234 0.26467061042785645 874
4792 4787 5 0.2523782253265381 0.03558230400085449 0.2879605293273926 875
4798 4792 6 0.24598360061645508 0.022795438766479492 0.26877903938293457 876
4804 4798 6 0.20988917350769043 0.01260828971862793 0.22249746322631836 877
4809 4803 6 0.19949984550476074 0.006525754928588867 0.2060256004333496 878
4814 4808 6 0.23192310333251953 0.005326271057128906 0.23724937438964844 879
4817 4813 4 0.1814112663269043 0.0030553340911865234 0.18446660041809082 880
stop drivable detection
stop drivable detection
