load checkpoint from http path: https://dl.cv.ethz.ch/bdd100k/drivable/models/dnl_r50-d8_512x1024_40k_drivable_bdd100k.pth
timely function starting...
keyframe_mmdrivable
2 1 1 0.23813676834106445 0.0026504993438720703 0.24078726768493652 1
keyframe_mmdrivable
95 93 2 0.17015767097473145 0.0016322135925292969 0.17178988456726074 2
keyframe_mmdrivable
99 94 5 0.1705942153930664 0.0015435218811035156 0.17213773727416992 3
keyframe_mmdrivable
105 103 2 0.1658642292022705 0.0016474723815917969 0.1675117015838623 4
keyframe_mmdrivable
110 104 6 0.16715478897094727 0.009093761444091797 0.17624855041503906 5
keyframe_mmdrivable
115 109 6 0.16682028770446777 0.00377655029296875 0.17059683799743652 6
keyframe_mmdrivable
120 114 6 0.16794323921203613 0.009554386138916016 0.17749762535095215 7
keyframe_mmdrivable
125 119 6 0.16902613639831543 0.0014543533325195312 0.17048048973083496 8
keyframe_mmdrivable
130 124 6 0.16599488258361816 0.012929439544677734 0.1789243221282959 9
keyframe_mmdrivable
136 129 6 0.16970562934875488 0.001508951187133789 0.17121458053588867 10
keyframe_mmdrivable
140 134 6 0.17998600006103516 0.0014007091522216797 0.18138670921325684 11
keyframe_mmdrivable
146 144 2 0.1679086685180664 0.0015478134155273438 0.16945648193359375 12
keyframe_mmdrivable
151 145 6 0.16877436637878418 0.0015003681182861328 0.1702747344970703 13
keyframe_mmdrivable
156 150 6 0.16607117652893066 0.0015561580657958984 0.16762733459472656 14
keyframe_mmdrivable
161 154 6 0.1677393913269043 0.017079591751098633 0.18481898307800293 15
keyframe_mmdrivable
166 165 1 0.1676499843597412 0.001718759536743164 0.16936874389648438 16
keyframe_mmdrivable
171 166 5 0.17228245735168457 0.0017938613891601562 0.17407631874084473 17
keyframe_mmdrivable
177 171 6 0.16982412338256836 0.0015926361083984375 0.1714167594909668 18
keyframe_mmdrivable
182 176 6 0.16545462608337402 0.001605987548828125 0.16706061363220215 19
keyframe_mmdrivable
187 181 6 0.1671445369720459 0.0073816776275634766 0.17452621459960938 20
keyframe_mmdrivable
192 185 6 0.1675877571105957 0.006884098052978516 0.17447185516357422 21
keyframe_mmdrivable
197 196 1 0.1699504852294922 0.0017316341400146484 0.17168211936950684 22
keyframe_mmdrivable
202 197 5 0.16874074935913086 0.0036468505859375 0.17238759994506836 23
keyframe_mmdrivable
208 207 1 0.16760945320129395 0.012354135513305664 0.1799635887145996 24
keyframe_mmdrivable
213 208 5 0.17010498046875 0.0015277862548828125 0.1716327667236328 25
keyframe_mmdrivable
219 218 1 0.16666841506958008 0.001922607421875 0.16859102249145508 26
keyframe_mmdrivable
224 219 5 0.1765596866607666 0.009697914123535156 0.18625760078430176 27
keyframe_mmdrivable
230 228 2 0.1776573657989502 0.0016410350799560547 0.17929840087890625 28
keyframe_mmdrivable
236 229 6 0.18321681022644043 0.001605987548828125 0.18482279777526855 29
keyframe_mmdrivable
242 240 2 0.24645662307739258 0.001447916030883789 0.24790453910827637 30
keyframe_mmdrivable
249 243 6 0.16684556007385254 0.012613773345947266 0.1794593334197998 31
keyframe_mmdrivable
254 248 6 0.16927647590637207 0.0014798641204833984 0.17075634002685547 32
keyframe_mmdrivable
259 253 6 0.17064213752746582 0.009212493896484375 0.1798546314239502 33
keyframe_mmdrivable
265 259 6 0.1686077117919922 0.0015895366668701172 0.1701972484588623 34
keyframe_mmdrivable
270 264 6 0.16724658012390137 0.0015611648559570312 0.1688077449798584 35
keyframe_mmdrivable
275 269 6 0.16801881790161133 0.003640413284301758 0.17165923118591309 36
keyframe_mmdrivable
280 274 6 0.16793298721313477 0.009207487106323242 0.177140474319458 37
keyframe_mmdrivable
285 279 6 0.16683578491210938 0.002844095230102539 0.16967988014221191 38
keyframe_mmdrivable
290 284 6 0.1674816608428955 0.004718303680419922 0.17219996452331543 39
keyframe_mmdrivable
296 290 6 0.16637396812438965 0.0016803741455078125 0.16805434226989746 40
keyframe_mmdrivable
301 295 6 0.1681041717529297 0.001855611801147461 0.16995978355407715 41
keyframe_mmdrivable
307 306 1 0.16974902153015137 0.002007007598876953 0.17175602912902832 42
keyframe_mmdrivable
312 307 5 0.18190836906433105 0.0017535686492919922 0.18366193771362305 43
keyframe_mmdrivable
318 317 1 0.18345904350280762 0.0016558170318603516 0.18511486053466797 44
keyframe_mmdrivable
323 318 5 0.17882704734802246 0.0015611648559570312 0.1803882122039795 45
keyframe_mmdrivable
329 327 2 0.1678011417388916 0.0014786720275878906 0.1692798137664795 46
keyframe_mmdrivable
334 328 6 0.1682596206665039 0.0026006698608398438 0.17086029052734375 47
keyframe_mmdrivable
339 333 6 0.16701793670654297 0.002376079559326172 0.16939401626586914 48
keyframe_mmdrivable
344 338 6 0.17181944847106934 0.0014772415161132812 0.17329668998718262 49
keyframe_mmdrivable
350 343 6 0.16866326332092285 0.0016617774963378906 0.17032504081726074 50
keyframe_mmdrivable
354 348 6 0.16797375679016113 0.003802061080932617 0.17177581787109375 51
keyframe_mmdrivable
360 359 1 0.1713423728942871 0.0014896392822265625 0.17283201217651367 52
keyframe_mmdrivable
365 360 5 0.17395925521850586 0.003640413284301758 0.17759966850280762 53
keyframe_mmdrivable
371 365 6 0.16707491874694824 0.0015652179718017578 0.16864013671875 54
keyframe_mmdrivable
376 370 6 0.16812801361083984 0.0019009113311767578 0.1700289249420166 55
keyframe_mmdrivable
381 375 6 0.16670823097229004 0.0016431808471679688 0.168351411819458 56
keyframe_mmdrivable
386 380 6 0.17034053802490234 0.005939483642578125 0.17628002166748047 57
keyframe_mmdrivable
391 385 6 0.1686539649963379 0.0072247982025146484 0.17587876319885254 58
keyframe_mmdrivable
397 390 6 0.16722679138183594 0.0034847259521484375 0.17071151733398438 59
keyframe_mmdrivable
402 396 6 0.1687760353088379 0.013249397277832031 0.18202543258666992 60
keyframe_mmdrivable
408 402 6 0.17461061477661133 0.012251138687133789 0.18686175346374512 61
keyframe_mmdrivable
413 407 6 0.17877888679504395 0.0018684864044189453 0.1806473731994629 62
keyframe_mmdrivable
419 413 6 0.1694960594177246 0.00220489501953125 0.17170095443725586 63
keyframe_mmdrivable
424 418 6 0.1703329086303711 0.0016322135925292969 0.1719651222229004 64
keyframe_mmdrivable
430 424 6 0.16850781440734863 0.013763427734375 0.18227124214172363 65
keyframe_mmdrivable
435 429 6 0.18401217460632324 0.00426793098449707 0.1882801055908203 66
keyframe_mmdrivable
440 434 6 0.18640756607055664 0.0015523433685302734 0.18795990943908691 67
keyframe_mmdrivable
445 439 6 0.16867756843566895 0.0063745975494384766 0.17505216598510742 68
keyframe_mmdrivable
449 444 5 0.1836557388305664 0.016048192977905273 0.19970393180847168 69
keyframe_mmdrivable
454 448 6 0.17127585411071777 0.007984638214111328 0.1792604923248291 70
keyframe_mmdrivable
460 454 6 0.20514750480651855 0.012408018112182617 0.21755552291870117 71
keyframe_mmdrivable
465 459 6 0.19479060173034668 0.0063893795013427734 0.20117998123168945 72
keyframe_mmdrivable
471 469 2 0.21114420890808105 0.00824427604675293 0.21938848495483398 73
keyframe_mmdrivable
475 470 5 0.20621991157531738 0.006861448287963867 0.21308135986328125 74
keyframe_mmdrivable
480 474 6 0.16756224632263184 0.012653589248657227 0.18021583557128906 75
keyframe_mmdrivable
485 479 6 0.18283295631408691 0.0036292076110839844 0.1864621639251709 76
keyframe_mmdrivable
490 484 6 0.18149542808532715 0.03337526321411133 0.21487069129943848 77
keyframe_mmdrivable
495 489 6 0.1901090145111084 0.007733345031738281 0.19784235954284668 78
keyframe_mmdrivable
499 494 5 0.16924428939819336 0.0018336772918701172 0.17107796669006348 79
keyframe_mmdrivable
504 498 6 0.17441892623901367 0.0015044212341308594 0.17592334747314453 80
keyframe_mmdrivable
509 503 6 0.19843053817749023 0.006456136703491211 0.20488667488098145 81
keyframe_mmdrivable
513 507 6 0.16869735717773438 0.0015518665313720703 0.17024922370910645 82
keyframe_mmdrivable
518 512 6 0.16921472549438477 0.001934051513671875 0.17114877700805664 83
keyframe_mmdrivable
524 518 6 0.16858649253845215 0.0017321109771728516 0.170318603515625 84
keyframe_mmdrivable
530 524 6 0.17351412773132324 0.0015010833740234375 0.17501521110534668 85
keyframe_mmdrivable
536 529 6 0.17076730728149414 0.0015511512756347656 0.1723184585571289 86
keyframe_mmdrivable
541 535 6 0.1682722568511963 0.021664142608642578 0.18993639945983887 87
keyframe_mmdrivable
547 540 6 0.18729853630065918 0.002404928207397461 0.18970346450805664 88
keyframe_mmdrivable
552 546 6 0.1730968952178955 0.01290750503540039 0.1860044002532959 89
keyframe_mmdrivable
559 553 6 0.1844940185546875 0.012945413589477539 0.19743943214416504 90
keyframe_mmdrivable
564 558 6 0.16946148872375488 0.0015881061553955078 0.1710495948791504 91
keyframe_mmdrivable
570 564 6 0.16797208786010742 0.0016450881958007812 0.1696171760559082 92
keyframe_mmdrivable
575 569 6 0.16620492935180664 0.007439613342285156 0.1736445426940918 93
keyframe_mmdrivable
579 574 5 0.1862795352935791 0.0015866756439208984 0.1878662109375 94
keyframe_mmdrivable
584 578 6 0.17002201080322266 0.012647867202758789 0.18266987800598145 95
keyframe_mmdrivable
589 583 6 0.19001245498657227 0.02912306785583496 0.21913552284240723 96
keyframe_mmdrivable
594 588 6 0.2048647403717041 0.007911205291748047 0.21277594566345215 97
keyframe_mmdrivable
600 599 1 0.1818373203277588 0.0016808509826660156 0.1835181713104248 98
keyframe_mmdrivable
605 600 5 0.21819734573364258 0.012893438339233398 0.23109078407287598 99
keyframe_mmdrivable
612 610 2 0.19207215309143066 0.0180661678314209 0.21013832092285156 100
keyframe_mmdrivable
616 611 5 0.19147968292236328 0.00416111946105957 0.19564080238342285 101
keyframe_mmdrivable
621 615 6 0.19230175018310547 0.011451482772827148 0.20375323295593262 102
keyframe_mmdrivable
626 620 6 0.20086908340454102 0.01708698272705078 0.2179560661315918 103
keyframe_mmdrivable
631 625 6 0.18526816368103027 0.005159854888916016 0.1904280185699463 104
keyframe_mmdrivable
636 630 6 0.1771097183227539 0.02564549446105957 0.20275521278381348 105
keyframe_mmdrivable
640 635 5 0.18352246284484863 0.008295297622680664 0.1918177604675293 106
keyframe_mmdrivable
644 639 5 0.1882929801940918 0.0446016788482666 0.2328946590423584 107
keyframe_mmdrivable
650 649 1 0.1836702823638916 0.014021873474121094 0.1976921558380127 108
keyframe_mmdrivable
655 650 5 0.18794035911560059 0.012082099914550781 0.20002245903015137 109
keyframe_mmdrivable
660 654 6 0.2004539966583252 0.012770891189575195 0.2132248878479004 110
keyframe_mmdrivable
665 659 6 0.20343804359436035 0.0037534236907958984 0.20719146728515625 111
keyframe_mmdrivable
671 669 2 0.1943821907043457 0.005499362945556641 0.19988155364990234 112
keyframe_mmdrivable
675 670 5 0.19100117683410645 0.005148172378540039 0.19614934921264648 113
keyframe_mmdrivable
680 674 6 0.20010614395141602 0.007698774337768555 0.20780491828918457 114
keyframe_mmdrivable
685 679 5 0.17460966110229492 0.004784345626831055 0.17939400672912598 115
keyframe_mmdrivable
687 681 6 0.18194246292114258 0.0015439987182617188 0.1834864616394043 116
keyframe_mmdrivable
692 686 6 0.1685776710510254 0.012942790985107422 0.1815204620361328 117
keyframe_mmdrivable
697 691 6 0.20588231086730957 0.012801885604858398 0.21868419647216797 118
keyframe_mmdrivable
703 697 6 0.19957304000854492 0.0051975250244140625 0.20477056503295898 119
keyframe_mmdrivable
707 702 5 0.23470568656921387 0.012674570083618164 0.24738025665283203 120
keyframe_mmdrivable
714 712 2 0.1826612949371338 0.002026081085205078 0.18468737602233887 121
keyframe_mmdrivable
719 713 6 0.2003767490386963 0.0016210079193115234 0.2019977569580078 122
keyframe_mmdrivable
725 724 1 0.16812825202941895 0.001749277114868164 0.1698775291442871 123
keyframe_mmdrivable
731 725 6 0.17613625526428223 0.0018012523651123047 0.17793750762939453 124
keyframe_mmdrivable
736 730 6 0.17849516868591309 0.0015223026275634766 0.18001747131347656 125
keyframe_mmdrivable
741 735 6 0.17258524894714355 0.001608133316040039 0.1741933822631836 126
keyframe_mmdrivable
747 746 1 0.1731255054473877 0.0016205310821533203 0.17474603652954102 127
keyframe_mmdrivable
753 747 6 0.1700727939605713 0.001619100570678711 0.17169189453125 128
keyframe_mmdrivable
758 752 6 0.16871881484985352 0.0015985965728759766 0.1703174114227295 129
keyframe_mmdrivable
763 757 6 0.17308831214904785 0.010894775390625 0.18398308753967285 130
keyframe_mmdrivable
769 768 1 0.16970276832580566 0.0018663406372070312 0.1715691089630127 131
keyframe_mmdrivable
774 769 5 0.17444658279418945 0.001531839370727539 0.175978422164917 132
keyframe_mmdrivable
780 779 1 0.17864990234375 0.013134241104125977 0.19178414344787598 133
keyframe_mmdrivable
786 780 6 0.17132139205932617 0.002187967300415039 0.1735093593597412 134
keyframe_mmdrivable
792 790 2 0.1671750545501709 0.0019989013671875 0.1691739559173584 135
keyframe_mmdrivable
797 791 6 0.17786431312561035 0.0017156600952148438 0.1795799732208252 136
keyframe_mmdrivable
802 796 6 0.17951583862304688 0.0016632080078125 0.18117904663085938 137
keyframe_mmdrivable
807 801 6 0.17224955558776855 0.0017676353454589844 0.17401719093322754 138
keyframe_mmdrivable
813 812 1 0.16985368728637695 0.0015707015991210938 0.17142438888549805 139
keyframe_mmdrivable
819 813 5 0.17140412330627441 0.005178213119506836 0.17658233642578125 140
keyframe_mmdrivable
824 823 1 0.1692652702331543 0.0015575885772705078 0.1708228588104248 141
keyframe_mmdrivable
829 824 5 0.16918635368347168 0.001499176025390625 0.1706855297088623 142
keyframe_mmdrivable
835 833 2 0.17334651947021484 0.0016515254974365234 0.17499804496765137 143
keyframe_mmdrivable
840 834 6 0.1710362434387207 0.0017478466033935547 0.17278409004211426 144
keyframe_mmdrivable
846 844 2 0.1698932647705078 0.0016131401062011719 0.17150640487670898 145
keyframe_mmdrivable
851 845 6 0.17047715187072754 0.0016660690307617188 0.17214322090148926 146
keyframe_mmdrivable
857 850 6 0.17053842544555664 0.001486063003540039 0.17202448844909668 147
keyframe_mmdrivable
862 856 6 0.17032504081726074 0.009241580963134766 0.1795666217803955 148
keyframe_mmdrivable
867 861 6 0.1685185432434082 0.01212930679321289 0.1806478500366211 149
keyframe_mmdrivable
873 867 6 0.17000889778137207 0.008535385131835938 0.178544282913208 150
keyframe_mmdrivable
879 873 6 0.16991806030273438 0.0016837120056152344 0.1716017723083496 151
keyframe_mmdrivable
884 878 6 0.18871140480041504 0.006722927093505859 0.1954343318939209 152
keyframe_mmdrivable
891 889 2 0.17729568481445312 0.011827230453491211 0.18912291526794434 153
keyframe_mmdrivable
896 890 6 0.1908571720123291 0.0020720958709716797 0.19292926788330078 154
keyframe_mmdrivable
903 901 1 0.17110538482666016 0.003358602523803711 0.17446398735046387 155
keyframe_mmdrivable
908 902 6 0.1695084571838379 0.0017046928405761719 0.17121315002441406 156
keyframe_mmdrivable
913 907 6 0.17069268226623535 0.0018992424011230469 0.1725919246673584 157
keyframe_mmdrivable
919 913 6 0.17337536811828613 0.0015840530395507812 0.17495942115783691 158
keyframe_mmdrivable
924 918 6 0.1700592041015625 0.001836538314819336 0.17189574241638184 159
keyframe_mmdrivable
929 923 6 0.17062115669250488 0.0015544891357421875 0.17217564582824707 160
keyframe_mmdrivable
935 929 6 0.17061471939086914 0.0016016960144042969 0.17221641540527344 161
keyframe_mmdrivable
940 934 6 0.16938066482543945 0.0015485286712646484 0.1709291934967041 162
keyframe_mmdrivable
946 940 6 0.17029929161071777 0.010803461074829102 0.18110275268554688 163
keyframe_mmdrivable
951 945 6 0.17905521392822266 0.012356758117675781 0.19141197204589844 164
keyframe_mmdrivable
957 956 1 0.17205429077148438 0.0015411376953125 0.17359542846679688 165
keyframe_mmdrivable
962 957 5 0.17911267280578613 0.0015032291412353516 0.18061590194702148 166
keyframe_mmdrivable
968 966 2 0.16925525665283203 0.001466989517211914 0.17072224617004395 167
keyframe_mmdrivable
973 967 6 0.16968655586242676 0.0014989376068115234 0.17118549346923828 168
keyframe_mmdrivable
979 977 2 0.17008185386657715 0.0015461444854736328 0.17162799835205078 169
keyframe_mmdrivable
984 978 6 0.17042803764343262 0.006845235824584961 0.17727327346801758 170
keyframe_mmdrivable
989 983 6 0.17066502571105957 0.0015985965728759766 0.17226362228393555 171
keyframe_mmdrivable
994 988 6 0.17448854446411133 0.0016584396362304688 0.1761469841003418 172
keyframe_mmdrivable
1000 999 1 0.17049360275268555 0.00507664680480957 0.17557024955749512 173
keyframe_mmdrivable
1005 1000 5 0.19116759300231934 0.002001047134399414 0.19316864013671875 174
keyframe_mmdrivable
1012 1010 2 0.17929339408874512 0.012965202331542969 0.19225859642028809 175
keyframe_mmdrivable
1017 1011 6 0.1802995204925537 0.0053310394287109375 0.18563055992126465 176
keyframe_mmdrivable
1022 1016 6 0.18461251258850098 0.009639739990234375 0.19425225257873535 177
keyframe_mmdrivable
1027 1021 6 0.17746186256408691 0.0017650127410888672 0.17922687530517578 178
keyframe_mmdrivable
1033 1032 1 0.1817324161529541 0.0070536136627197266 0.18878602981567383 179
keyframe_mmdrivable
1039 1033 6 0.19509005546569824 0.002008199691772461 0.1970982551574707 180
keyframe_mmdrivable
1045 1043 2 0.17180180549621582 0.0050084590911865234 0.17681026458740234 181
keyframe_mmdrivable
1050 1044 6 0.18800568580627441 0.0018851757049560547 0.18989086151123047 182
keyframe_mmdrivable
1055 1049 6 0.19031596183776855 0.001661539077758789 0.19197750091552734 183
keyframe_mmdrivable
1060 1054 6 0.17333650588989258 0.0015878677368164062 0.17492437362670898 184
keyframe_mmdrivable
1065 1059 6 0.17108726501464844 0.001542806625366211 0.17263007164001465 185
keyframe_mmdrivable
1070 1064 6 0.17255640029907227 0.0016283988952636719 0.17418479919433594 186
keyframe_mmdrivable
1076 1075 1 0.17038869857788086 0.0014846324920654297 0.1718733310699463 187
keyframe_mmdrivable
1081 1076 5 0.17303800582885742 0.009823322296142578 0.182861328125 188
keyframe_mmdrivable
1086 1080 6 0.17102527618408203 0.003739595413208008 0.17476487159729004 189
keyframe_mmdrivable
1091 1085 6 0.1832573413848877 0.010306596755981445 0.19356393814086914 190
keyframe_mmdrivable
1097 1096 1 0.17926383018493652 0.007814884185791016 0.18707871437072754 191
keyframe_mmdrivable
1103 1097 6 0.18159055709838867 0.0016453266143798828 0.18323588371276855 192
keyframe_mmdrivable
1109 1107 2 0.1709461212158203 0.0073697566986083984 0.1783158779144287 193
keyframe_mmdrivable
1115 1108 6 0.16914582252502441 0.0015416145324707031 0.17068743705749512 194
keyframe_mmdrivable
1120 1114 6 0.17267704010009766 0.0016367435455322266 0.17431378364562988 195
keyframe_mmdrivable
1125 1119 6 0.17041349411010742 0.001626729965209961 0.17204022407531738 196
keyframe_mmdrivable
1131 1125 6 0.17021393775939941 0.0016446113586425781 0.171858549118042 197
keyframe_mmdrivable
1136 1130 6 0.1720285415649414 0.0016527175903320312 0.17368125915527344 198
keyframe_mmdrivable
1142 1136 6 0.17229604721069336 0.0015416145324707031 0.17383766174316406 199
keyframe_mmdrivable
1147 1141 6 0.17155814170837402 0.0032286643981933594 0.17478680610656738 200
keyframe_mmdrivable
1152 1146 6 0.17102766036987305 0.00619196891784668 0.17721962928771973 201
keyframe_mmdrivable
1157 1151 6 0.17130827903747559 0.0020475387573242188 0.1733558177947998 202
keyframe_mmdrivable
1163 1157 6 0.17946457862854004 0.0067768096923828125 0.18624138832092285 203
keyframe_mmdrivable
1169 1163 6 0.19224953651428223 0.0017688274383544922 0.19401836395263672 204
keyframe_mmdrivable
1176 1174 2 0.1727128028869629 0.00841975212097168 0.18113255500793457 205
keyframe_mmdrivable
1181 1175 6 0.17921805381774902 0.0018186569213867188 0.18103671073913574 206
keyframe_mmdrivable
1186 1180 6 0.17214083671569824 0.0016069412231445312 0.17374777793884277 207
keyframe_mmdrivable
1192 1186 6 0.17072820663452148 0.0018455982208251953 0.17257380485534668 208
keyframe_mmdrivable
1198 1192 6 0.17162346839904785 0.0015912055969238281 0.17321467399597168 209
keyframe_mmdrivable
1203 1197 6 0.1717827320098877 0.0015327930450439453 0.17331552505493164 210
keyframe_mmdrivable
1208 1202 6 0.17162609100341797 0.001641988754272461 0.17326807975769043 211
keyframe_mmdrivable
1213 1207 6 0.17145824432373047 0.0015780925750732422 0.1730363368988037 212
keyframe_mmdrivable
1218 1212 6 0.18649697303771973 0.0016515254974365234 0.18814849853515625 213
keyframe_mmdrivable
1224 1218 6 0.17452263832092285 0.0014443397521972656 0.17596697807312012 214
keyframe_mmdrivable
1229 1223 6 0.17125940322875977 0.0016350746154785156 0.17289447784423828 215
keyframe_mmdrivable
1234 1228 6 0.1739058494567871 0.007656097412109375 0.18156194686889648 216
keyframe_mmdrivable
1240 1234 6 0.17219066619873047 0.00933074951171875 0.18152141571044922 217
keyframe_mmdrivable
1245 1239 6 0.171675443649292 0.0029039382934570312 0.17457938194274902 218
keyframe_mmdrivable
1250 1244 6 0.17097234725952148 0.002889394760131836 0.17386174201965332 219
keyframe_mmdrivable
1255 1249 6 0.17296123504638672 0.012006998062133789 0.1849682331085205 220
keyframe_mmdrivable
1261 1255 6 0.17396306991577148 0.0016257762908935547 0.17558884620666504 221
keyframe_mmdrivable
1267 1261 6 0.17215919494628906 0.0017659664154052734 0.17392516136169434 222
keyframe_mmdrivable
1272 1266 6 0.17324209213256836 0.002972841262817383 0.17621493339538574 223
keyframe_mmdrivable
1278 1272 6 0.17266368865966797 0.006516456604003906 0.17918014526367188 224
keyframe_mmdrivable
1283 1277 6 0.1880035400390625 0.002409219741821289 0.1904127597808838 225
keyframe_mmdrivable
1289 1283 6 0.18567585945129395 0.0016376972198486328 0.18731355667114258 226
keyframe_mmdrivable
1295 1289 6 0.19139313697814941 0.001558065414428711 0.19295120239257812 227
keyframe_mmdrivable
1301 1295 6 0.18204426765441895 0.0016672611236572266 0.18371152877807617 228
keyframe_mmdrivable
1307 1300 6 0.17285537719726562 0.001569509506225586 0.1744248867034912 229
keyframe_mmdrivable
1311 1306 5 0.17195749282836914 0.0016908645629882812 0.17364835739135742 230
keyframe_mmdrivable
1317 1311 6 0.17148184776306152 0.0017001628875732422 0.17318201065063477 231
keyframe_mmdrivable
1322 1316 6 0.17176389694213867 0.0016286373138427734 0.17339253425598145 232
keyframe_mmdrivable
1327 1321 6 0.1744377613067627 0.006467342376708984 0.18090510368347168 233
keyframe_mmdrivable
1332 1326 6 0.17200565338134766 0.0022230148315429688 0.17422866821289062 234
keyframe_mmdrivable
1338 1332 6 0.17604303359985352 0.006906032562255859 0.18294906616210938 235
keyframe_mmdrivable
1343 1337 6 0.18611454963684082 0.006894111633300781 0.1930086612701416 236
keyframe_mmdrivable
1349 1343 6 0.18455743789672852 0.0028693675994873047 0.18742680549621582 237
keyframe_mmdrivable
1355 1348 6 0.1829526424407959 0.0016291141510009766 0.18458175659179688 238
keyframe_mmdrivable
1361 1359 1 0.1803123950958252 0.012989997863769531 0.19330239295959473 239
keyframe_mmdrivable
1366 1360 6 0.17226004600524902 0.0036945343017578125 0.17595458030700684 240
keyframe_mmdrivable
1371 1365 6 0.17232370376586914 0.0017981529235839844 0.17412185668945312 241
keyframe_mmdrivable
1376 1370 6 0.18525338172912598 0.013115406036376953 0.19836878776550293 242
keyframe_mmdrivable
1382 1381 1 0.17583465576171875 0.0015828609466552734 0.17741751670837402 243
keyframe_mmdrivable
1387 1382 5 0.18733549118041992 0.001619577407836914 0.18895506858825684 244
keyframe_mmdrivable
1393 1392 1 0.17391276359558105 0.0017313957214355469 0.1756441593170166 245
keyframe_mmdrivable
1398 1393 5 0.1814103126525879 0.001558065414428711 0.1829683780670166 246
keyframe_mmdrivable
1403 1397 6 0.18327045440673828 0.0015530586242675781 0.18482351303100586 247
keyframe_mmdrivable
1408 1402 6 0.17354035377502441 0.0014295578002929688 0.17496991157531738 248
keyframe_mmdrivable
1413 1407 6 0.17338943481445312 0.001512765884399414 0.17490220069885254 249
keyframe_mmdrivable
1419 1412 6 0.17213654518127441 0.0031778812408447266 0.17531442642211914 250
keyframe_mmdrivable
1424 1423 1 0.17128992080688477 0.005027294158935547 0.1763172149658203 251
keyframe_mmdrivable
1429 1424 5 0.18053507804870605 0.0017590522766113281 0.18229413032531738 252
keyframe_mmdrivable
1435 1434 1 0.2003788948059082 0.0015418529510498047 0.201920747756958 253
keyframe_mmdrivable
1441 1435 5 0.18415570259094238 0.001577615737915039 0.18573331832885742 254
keyframe_mmdrivable
1446 1440 6 0.17509078979492188 0.0015196800231933594 0.17661046981811523 255
keyframe_mmdrivable
1451 1445 6 0.17542028427124023 0.0017778873443603516 0.17719817161560059 256
keyframe_mmdrivable
1457 1455 2 0.17324090003967285 0.0016169548034667969 0.17485785484313965 257
keyframe_mmdrivable
1462 1456 6 0.18597126007080078 0.0015783309936523438 0.18754959106445312 258
keyframe_mmdrivable
1467 1461 6 0.18689966201782227 0.0015401840209960938 0.18843984603881836 259
keyframe_mmdrivable
1472 1466 6 0.17621946334838867 0.0015804767608642578 0.17779994010925293 260
keyframe_mmdrivable
1477 1471 6 0.17570757865905762 0.012637853622436523 0.18834543228149414 261
keyframe_mmdrivable
1483 1477 6 0.17263507843017578 0.004159450531005859 0.17679452896118164 262
keyframe_mmdrivable
1488 1482 6 0.17630362510681152 0.009819269180297852 0.18612289428710938 263
keyframe_mmdrivable
1494 1488 6 0.17926025390625 0.0016016960144042969 0.1808619499206543 264
keyframe_mmdrivable
1499 1493 6 0.17390656471252441 0.0015909671783447266 0.17549753189086914 265
keyframe_mmdrivable
1504 1498 6 0.17392420768737793 0.0016744136810302734 0.1755986213684082 266
keyframe_mmdrivable
1509 1503 6 0.17379283905029297 0.0015878677368164062 0.17538070678710938 267
keyframe_mmdrivable
1515 1509 6 0.17444849014282227 0.0015912055969238281 0.1760396957397461 268
keyframe_mmdrivable
1520 1514 6 0.17266368865966797 0.004148960113525391 0.17681264877319336 269
keyframe_mmdrivable
1525 1519 6 0.17154407501220703 0.012763738632202148 0.18430781364440918 270
keyframe_mmdrivable
1529 1524 5 0.17560124397277832 0.009146451950073242 0.18474769592285156 271
keyframe_mmdrivable
1535 1534 1 0.17243051528930664 0.0036458969116210938 0.17607641220092773 272
keyframe_mmdrivable
1540 1535 5 0.19681215286254883 0.010236024856567383 0.2070481777191162 273
keyframe_mmdrivable
1547 1545 2 0.20391488075256348 0.001615285873413086 0.20553016662597656 274
keyframe_mmdrivable
1552 1546 6 0.21154403686523438 0.0015573501586914062 0.21310138702392578 275
keyframe_mmdrivable
1559 1557 2 0.17567205429077148 0.0016527175903320312 0.17732477188110352 276
keyframe_mmdrivable
1563 1558 5 0.1767582893371582 0.0016872882843017578 0.17844557762145996 277
keyframe_mmdrivable
1568 1562 6 0.17679262161254883 0.001604318618774414 0.17839694023132324 278
keyframe_mmdrivable
1573 1567 6 0.17570257186889648 0.0016613006591796875 0.17736387252807617 279
keyframe_mmdrivable
1578 1572 6 0.17439818382263184 0.0014677047729492188 0.17586588859558105 280
keyframe_mmdrivable
1583 1577 6 0.17586541175842285 0.001627206802368164 0.17749261856079102 281
keyframe_mmdrivable
1589 1588 1 0.1724228858947754 0.008446693420410156 0.18086957931518555 282
keyframe_mmdrivable
1594 1589 5 0.1753389835357666 0.0025129318237304688 0.17785191535949707 283
keyframe_mmdrivable
1600 1599 1 0.17238092422485352 0.005316495895385742 0.17769742012023926 284
keyframe_mmdrivable
1606 1600 6 0.17466044425964355 0.0016109943389892578 0.1762714385986328 285
keyframe_mmdrivable
1611 1605 6 0.17823266983032227 0.0016362667083740234 0.1798689365386963 286
keyframe_mmdrivable
1617 1610 6 0.17261624336242676 0.00612187385559082 0.17873811721801758 287
keyframe_mmdrivable
1622 1621 1 0.17499256134033203 0.001583099365234375 0.1765756607055664 288
keyframe_mmdrivable
1627 1622 5 0.17424464225769043 0.003526926040649414 0.17777156829833984 289
keyframe_mmdrivable
1632 1626 6 0.17475104331970215 0.0015492439270019531 0.1763002872467041 290
keyframe_mmdrivable
1637 1631 6 0.17716217041015625 0.024656295776367188 0.20181846618652344 291
keyframe_mmdrivable
1644 1642 2 0.1726222038269043 0.013316631317138672 0.18593883514404297 292
keyframe_mmdrivable
1650 1644 6 0.1746211051940918 0.0045244693756103516 0.17914557456970215 293
keyframe_mmdrivable
1655 1649 6 0.19460678100585938 0.002462148666381836 0.1970689296722412 294
keyframe_mmdrivable
1660 1654 6 0.19803524017333984 0.0017993450164794922 0.19983458518981934 295
keyframe_mmdrivable
1666 1660 6 0.17235589027404785 0.003402233123779297 0.17575812339782715 296
keyframe_mmdrivable
1670 1665 5 0.19163799285888672 0.013473749160766602 0.20511174201965332 297
keyframe_mmdrivable
1677 1675 2 0.18733429908752441 0.006838321685791016 0.19417262077331543 298
keyframe_mmdrivable
1682 1676 6 0.17621254920959473 0.0022149085998535156 0.17842745780944824 299
keyframe_mmdrivable
1688 1686 2 0.17363429069519043 0.01662898063659668 0.1902632713317871 300
keyframe_mmdrivable
1693 1687 6 0.1919853687286377 0.0015950202941894531 0.19358038902282715 301
keyframe_mmdrivable
1699 1694 5 0.17966866493225098 0.005505084991455078 0.18517374992370605 302
keyframe_mmdrivable
1704 1698 6 0.1737232208251953 0.0017628669738769531 0.17548608779907227 303
keyframe_mmdrivable
1710 1704 6 0.18215060234069824 0.0023703575134277344 0.18452095985412598 304
keyframe_mmdrivable
1715 1709 6 0.1754140853881836 0.0016014575958251953 0.1770155429840088 305
keyframe_mmdrivable
1720 1714 6 0.17438173294067383 0.0015072822570800781 0.1758890151977539 306
keyframe_mmdrivable
1724 1718 6 0.1741786003112793 0.00694584846496582 0.18112444877624512 307
keyframe_mmdrivable
1729 1723 6 0.17387795448303223 0.013249397277832031 0.18712735176086426 308
keyframe_mmdrivable
1733 1728 5 0.17724967002868652 0.014999151229858398 0.19224882125854492 309
keyframe_mmdrivable
1739 1733 6 0.19944357872009277 0.0016357898712158203 0.2010793685913086 310
keyframe_mmdrivable
1745 1739 6 0.20671510696411133 0.009223699569702148 0.21593880653381348 311
keyframe_mmdrivable
1750 1744 6 0.1891462802886963 0.0036950111389160156 0.1928412914276123 312
keyframe_mmdrivable
1755 1749 6 0.18198442459106445 0.0016107559204101562 0.1835951805114746 313
keyframe_mmdrivable
1761 1755 5 0.18831634521484375 0.005787372589111328 0.19410371780395508 314
keyframe_mmdrivable
1765 1759 6 0.17736530303955078 0.0015709400177001953 0.17893624305725098 315
keyframe_mmdrivable
1770 1764 6 0.17729878425598145 0.0016469955444335938 0.17894577980041504 316
keyframe_mmdrivable
1775 1769 6 0.17348432540893555 0.00870370864868164 0.1821880340576172 317
keyframe_mmdrivable
1781 1775 6 0.17393708229064941 0.008269548416137695 0.1822066307067871 318
keyframe_mmdrivable
1786 1780 6 0.1850872039794922 0.022811174392700195 0.20789837837219238 319
keyframe_mmdrivable
1791 1785 6 0.18584704399108887 0.0015327930450439453 0.1873798370361328 320
keyframe_mmdrivable
1796 1790 6 0.1930840015411377 0.007868766784667969 0.20095276832580566 321
keyframe_mmdrivable
1801 1795 6 0.1805565357208252 0.0015437602996826172 0.1821002960205078 322
keyframe_mmdrivable
1807 1800 6 0.1780986785888672 0.001631021499633789 0.17972970008850098 323
keyframe_mmdrivable
1812 1811 1 0.19819307327270508 0.0016257762908935547 0.19981884956359863 324
keyframe_mmdrivable
1817 1812 5 0.18804335594177246 0.0016393661499023438 0.1896827220916748 325
keyframe_mmdrivable
1822 1816 6 0.18507695198059082 0.0015480518341064453 0.18662500381469727 326
keyframe_mmdrivable
1827 1821 6 0.17534351348876953 0.0016210079193115234 0.17696452140808105 327
keyframe_mmdrivable
1832 1826 6 0.17807507514953613 0.005720853805541992 0.18379592895507812 328
keyframe_mmdrivable
1838 1832 6 0.17900609970092773 0.0015320777893066406 0.18053817749023438 329
keyframe_mmdrivable
1844 1837 6 0.17700457572937012 0.002372264862060547 0.17937684059143066 330
keyframe_mmdrivable
1849 1843 6 0.1782970428466797 0.0015709400177001953 0.17986798286437988 331
keyframe_mmdrivable
1854 1848 6 0.17452144622802734 0.0014951229095458984 0.17601656913757324 332
keyframe_mmdrivable
1858 1853 5 0.17421245574951172 0.0015189647674560547 0.17573142051696777 333
keyframe_mmdrivable
1863 1857 6 0.17653560638427734 0.013023614883422852 0.1895592212677002 334
keyframe_mmdrivable
1869 1862 6 0.17822813987731934 0.0025467872619628906 0.18077492713928223 335
keyframe_mmdrivable
1874 1868 6 0.19057846069335938 0.0017442703247070312 0.1923227310180664 336
keyframe_mmdrivable
1879 1873 6 0.18027758598327637 0.0016205310821533203 0.1818981170654297 337
keyframe_mmdrivable
1885 1878 6 0.1776900291442871 0.009743928909301758 0.18743395805358887 338
keyframe_mmdrivable
1890 1884 6 0.1749095916748047 0.008110761642456055 0.18302035331726074 339
keyframe_mmdrivable
1896 1890 6 0.17632722854614258 0.0015804767608642578 0.17790770530700684 340
keyframe_mmdrivable
1901 1895 6 0.19455933570861816 0.005944252014160156 0.20050358772277832 341
keyframe_mmdrivable
1906 1900 6 0.19143939018249512 0.0016298294067382812 0.1930692195892334 342
keyframe_mmdrivable
1911 1905 6 0.18735623359680176 0.0014739036560058594 0.18883013725280762 343
keyframe_mmdrivable
1916 1910 6 0.17464637756347656 0.0016710758209228516 0.17631745338439941 344
keyframe_mmdrivable
1921 1915 6 0.1902787685394287 0.0015349388122558594 0.19181370735168457 345
keyframe_mmdrivable
1926 1920 6 0.1946125030517578 0.0015597343444824219 0.19617223739624023 346
keyframe_mmdrivable
1932 1925 6 0.17687153816223145 0.0016453266143798828 0.17851686477661133 347
keyframe_mmdrivable
1937 1931 6 0.17576122283935547 0.0016148090362548828 0.17737603187561035 348
keyframe_mmdrivable
1942 1936 6 0.17525577545166016 0.0015671253204345703 0.17682290077209473 349
keyframe_mmdrivable
1947 1941 6 0.17722654342651367 0.004805564880371094 0.18203210830688477 350
keyframe_mmdrivable
1952 1946 6 0.17513179779052734 0.012571334838867188 0.18770313262939453 351
keyframe_mmdrivable
1957 1951 6 0.17432856559753418 0.011895418167114258 0.18622398376464844 352
keyframe_mmdrivable
1963 1957 6 0.18558883666992188 0.001775503158569336 0.1873643398284912 353
keyframe_mmdrivable
1968 1962 6 0.17980456352233887 0.0015919208526611328 0.181396484375 354
keyframe_mmdrivable
1973 1967 6 0.17320013046264648 0.001735687255859375 0.17493581771850586 355
keyframe_mmdrivable
1978 1972 6 0.1731414794921875 0.0014383792877197266 0.17457985877990723 356
keyframe_mmdrivable
1982 1977 5 0.17811250686645508 0.007803440093994141 0.18591594696044922 357
keyframe_mmdrivable
1987 1981 6 0.1768169403076172 0.001615762710571289 0.17843270301818848 358
keyframe_mmdrivable
1993 1987 6 0.17422795295715332 0.008342981338500977 0.1825709342956543 359
keyframe_mmdrivable
1998 1992 6 0.17612695693969727 0.007651805877685547 0.1837787628173828 360
keyframe_mmdrivable
2004 1997 6 0.17662811279296875 0.022252321243286133 0.19888043403625488 361
keyframe_mmdrivable
2009 2003 6 0.1742856502532959 0.013978719711303711 0.1882643699645996 362
keyframe_mmdrivable
2014 2008 6 0.17791080474853516 0.009889602661132812 0.18780040740966797 363
keyframe_mmdrivable
2019 2013 6 0.2204418182373047 0.0059087276458740234 0.2263505458831787 364
keyframe_mmdrivable
2026 2019 6 0.18723487854003906 0.009316444396972656 0.19655132293701172 365
keyframe_mmdrivable
2032 2026 6 0.20053839683532715 0.01212930679321289 0.21266770362854004 366
keyframe_mmdrivable
2038 2031 6 0.2248985767364502 0.010715723037719727 0.23561429977416992 367
keyframe_mmdrivable
2043 2037 6 0.19136762619018555 0.013070106506347656 0.2044377326965332 368
keyframe_mmdrivable
2049 2042 6 0.21172595024108887 0.010897636413574219 0.22262358665466309 369
keyframe_mmdrivable
2054 2048 6 0.18850111961364746 0.0016908645629882812 0.19019198417663574 370
keyframe_mmdrivable
2060 2054 6 0.20358061790466309 0.0036797523498535156 0.2072603702545166 371
keyframe_mmdrivable
2066 2060 6 0.17596125602722168 0.0051462650299072266 0.1811075210571289 372
keyframe_mmdrivable
2071 2065 6 0.19637727737426758 0.0015566349029541016 0.19793391227722168 373
keyframe_mmdrivable
2076 2070 6 0.1914231777191162 0.0015988349914550781 0.1930220127105713 374
keyframe_mmdrivable
2081 2075 6 0.1884469985961914 0.006439685821533203 0.1948866844177246 375
keyframe_mmdrivable
2088 2086 1 0.18382668495178223 0.011495351791381836 0.19532203674316406 376
keyframe_mmdrivable
2093 2087 6 0.17747020721435547 0.018054485321044922 0.1955246925354004 377
keyframe_mmdrivable
2098 2092 6 0.18138575553894043 0.004130125045776367 0.1855158805847168 378
keyframe_mmdrivable
2103 2097 6 0.19855904579162598 0.001725912094116211 0.2002849578857422 379
keyframe_mmdrivable
2109 2108 1 0.19924664497375488 0.01297450065612793 0.2122211456298828 380
keyframe_mmdrivable
2114 2109 5 0.2052452564239502 0.0014960765838623047 0.2067413330078125 381
keyframe_mmdrivable
2120 2118 2 0.2449665069580078 0.011183738708496094 0.2561502456665039 382
keyframe_mmdrivable
2126 2120 6 0.21939563751220703 0.007014036178588867 0.2264096736907959 383
keyframe_mmdrivable
2132 2126 6 0.19479131698608398 0.008261919021606445 0.20305323600769043 384
keyframe_mmdrivable
2137 2131 6 0.1968531608581543 0.003730297088623047 0.20058345794677734 385
keyframe_mmdrivable
2142 2136 6 0.19651222229003906 0.0055599212646484375 0.2020721435546875 386
keyframe_mmdrivable
2147 2141 5 0.18392205238342285 0.0016231536865234375 0.1855452060699463 387
keyframe_mmdrivable
2151 2146 5 0.18387508392333984 0.004900455474853516 0.18877553939819336 388
keyframe_mmdrivable
2156 2150 6 0.1870555877685547 0.009441614151000977 0.19649720191955566 389
keyframe_mmdrivable
2161 2155 6 0.18961453437805176 0.0028297901153564453 0.1924443244934082 390
keyframe_mmdrivable
2167 2161 6 0.17702722549438477 0.003705739974975586 0.18073296546936035 391
keyframe_mmdrivable
2172 2166 6 0.18694567680358887 0.0015828609466552734 0.18852853775024414 392
keyframe_mmdrivable
2177 2171 6 0.17901897430419922 0.012902259826660156 0.19192123413085938 393
keyframe_mmdrivable
2182 2176 6 0.18319988250732422 0.013064384460449219 0.19626426696777344 394
keyframe_mmdrivable
2188 2182 6 0.20357179641723633 0.006471157073974609 0.21004295349121094 395
keyframe_mmdrivable
2194 2188 6 0.18863439559936523 0.01619100570678711 0.20482540130615234 396
keyframe_mmdrivable
2201 2194 6 0.1766366958618164 0.001527547836303711 0.17816424369812012 397
keyframe_mmdrivable
2205 2199 6 0.18608498573303223 0.012714624404907227 0.19879961013793945 398
keyframe_mmdrivable
2210 2204 6 0.23120570182800293 0.012798786163330078 0.244004487991333 399
keyframe_mmdrivable
2216 2210 6 0.2130415439605713 0.0037963390350341797 0.21683788299560547 400
keyframe_mmdrivable
2222 2216 6 0.1822361946105957 0.0038826465606689453 0.18611884117126465 401
keyframe_mmdrivable
2227 2221 6 0.1877758502960205 0.008721351623535156 0.19649720191955566 402
keyframe_mmdrivable
2232 2226 6 0.18792200088500977 0.0015556812286376953 0.18947768211364746 403
keyframe_mmdrivable
2237 2231 6 0.1852874755859375 0.0016829967498779297 0.18697047233581543 404
keyframe_mmdrivable
2243 2237 6 0.17804360389709473 0.002048015594482422 0.18009161949157715 405
keyframe_mmdrivable
2248 2242 6 0.1777629852294922 0.0035216808319091797 0.18128466606140137 406
keyframe_mmdrivable
2254 2253 1 0.1755988597869873 0.0017921924591064453 0.17739105224609375 407
keyframe_mmdrivable
2259 2254 5 0.1798086166381836 0.0014922618865966797 0.18130087852478027 408
keyframe_mmdrivable
2265 2259 6 0.1775679588317871 0.0015113353729248047 0.17907929420471191 409
keyframe_mmdrivable
2270 2264 6 0.17881464958190918 0.00580596923828125 0.18462061882019043 410
keyframe_mmdrivable
2275 2269 6 0.17874479293823242 0.0016655921936035156 0.18041038513183594 411
keyframe_mmdrivable
2280 2274 6 0.17871499061584473 0.001603841781616211 0.18031883239746094 412
keyframe_mmdrivable
2286 2284 2 0.1779489517211914 0.0017871856689453125 0.17973613739013672 413
keyframe_mmdrivable
2291 2285 6 0.18596267700195312 0.00635218620300293 0.19231486320495605 414
keyframe_mmdrivable
2296 2290 6 0.185349702835083 0.013520956039428711 0.19887065887451172 415
keyframe_mmdrivable
2301 2295 6 0.2117326259613037 0.023874759674072266 0.23560738563537598 416
keyframe_mmdrivable
2306 2300 6 0.23168325424194336 0.008930683135986328 0.2406139373779297 417
keyframe_mmdrivable
2312 2306 6 0.20165109634399414 0.0016863346099853516 0.2033374309539795 418
keyframe_mmdrivable
2318 2312 6 0.18749499320983887 0.0016450881958007812 0.18914008140563965 419
keyframe_mmdrivable
2324 2318 6 0.17824673652648926 0.0015213489532470703 0.17976808547973633 420
keyframe_mmdrivable
2329 2323 6 0.17844200134277344 0.0016720294952392578 0.1801140308380127 421
keyframe_mmdrivable
2334 2328 6 0.1801466941833496 0.007931232452392578 0.1880779266357422 422
keyframe_mmdrivable
2339 2333 6 0.1793231964111328 0.0018279552459716797 0.1811511516571045 423
keyframe_mmdrivable
2345 2339 6 0.1777505874633789 0.0115814208984375 0.1893320083618164 424
keyframe_mmdrivable
2351 2345 6 0.19056057929992676 0.0016407966613769531 0.1922013759613037 425
keyframe_mmdrivable
2357 2351 6 0.18901848793029785 0.001653909683227539 0.1906723976135254 426
keyframe_mmdrivable
2362 2356 6 0.18801093101501465 0.0015206336975097656 0.18953156471252441 427
keyframe_mmdrivable
2368 2362 6 0.18068242073059082 0.0016934871673583984 0.18237590789794922 428
keyframe_mmdrivable
2373 2367 6 0.17807245254516602 0.0015592575073242188 0.17963171005249023 429
keyframe_mmdrivable
2378 2372 6 0.17657899856567383 0.0015261173248291016 0.17810511589050293 430
keyframe_mmdrivable
2383 2377 6 0.1797802448272705 0.002982616424560547 0.18276286125183105 431
keyframe_mmdrivable
2389 2383 6 0.18126869201660156 0.0015921592712402344 0.1828608512878418 432
keyframe_mmdrivable
2394 2388 6 0.18451905250549316 0.004661083221435547 0.1891801357269287 433
keyframe_mmdrivable
2399 2393 6 0.18097329139709473 0.012823104858398438 0.19379639625549316 434
keyframe_mmdrivable
2404 2398 6 0.1895918846130371 0.0016970634460449219 0.19128894805908203 435
keyframe_mmdrivable
2411 2409 1 0.18229436874389648 0.012656450271606445 0.19495081901550293 436
keyframe_mmdrivable
2417 2411 6 0.178300142288208 0.0016090869903564453 0.17990922927856445 437
keyframe_mmdrivable
2422 2416 6 0.1879289150238037 0.0018477439880371094 0.18977665901184082 438
keyframe_mmdrivable
2428 2422 6 0.18161439895629883 0.0016205310821533203 0.18323493003845215 439
keyframe_mmdrivable
2434 2428 6 0.18632125854492188 0.0018696784973144531 0.18819093704223633 440
keyframe_mmdrivable
2440 2434 6 0.18231916427612305 0.008183002471923828 0.19050216674804688 441
keyframe_mmdrivable
2446 2440 6 0.18425273895263672 0.011119604110717773 0.1953723430633545 442
keyframe_mmdrivable
2452 2446 6 0.1902332305908203 0.009184598922729492 0.1994178295135498 443
keyframe_mmdrivable
2458 2452 6 0.1912834644317627 0.0016901493072509766 0.19297361373901367 444
keyframe_mmdrivable
2463 2457 6 0.18773794174194336 0.002142190933227539 0.1898801326751709 445
keyframe_mmdrivable
2469 2463 6 0.1915731430053711 0.0095977783203125 0.2011709213256836 446
keyframe_mmdrivable
2475 2469 6 0.1799159049987793 0.0016417503356933594 0.18155765533447266 447
keyframe_mmdrivable
2481 2475 6 0.19095778465270996 0.002000093460083008 0.19295787811279297 448
keyframe_mmdrivable
2487 2481 6 0.1835033893585205 0.012780189514160156 0.19628357887268066 449
keyframe_mmdrivable
2493 2487 6 0.17882776260375977 0.0015435218811035156 0.18037128448486328 450
keyframe_mmdrivable
2499 2492 6 0.17959856986999512 0.001508474349975586 0.1811070442199707 451
keyframe_mmdrivable
2505 2504 1 0.17468476295471191 0.0016536712646484375 0.17633843421936035 452
keyframe_mmdrivable
2510 2505 5 0.1787879467010498 0.001608133316040039 0.18039608001708984 453
keyframe_mmdrivable
2516 2515 1 0.18064308166503906 0.0016117095947265625 0.18225479125976562 454
keyframe_mmdrivable
2522 2516 6 0.18471598625183105 0.0017185211181640625 0.18643450736999512 455
keyframe_mmdrivable
2528 2527 1 0.18696308135986328 0.001592397689819336 0.18855547904968262 456
keyframe_mmdrivable
2534 2528 6 0.18669509887695312 0.0017638206481933594 0.18845891952514648 457
keyframe_mmdrivable
2540 2539 1 0.18471002578735352 0.0017702579498291016 0.18648028373718262 458
keyframe_mmdrivable
2546 2540 6 0.18786883354187012 0.0016794204711914062 0.18954825401306152 459
keyframe_mmdrivable
2552 2550 2 0.18625140190124512 0.0015573501586914062 0.18780875205993652 460
keyframe_mmdrivable
2557 2551 5 0.18709778785705566 0.0016422271728515625 0.18874001502990723 461
keyframe_mmdrivable
2562 2561 1 0.18648815155029297 0.012472152709960938 0.1989603042602539 462
keyframe_mmdrivable
2568 2562 6 0.18715810775756836 0.0071942806243896484 0.194352388381958 463
keyframe_mmdrivable
2575 2574 1 0.1942746639251709 0.0016813278198242188 0.19595599174499512 464
keyframe_mmdrivable
2581 2575 6 0.19776034355163574 0.004491090774536133 0.20225143432617188 465
keyframe_mmdrivable
2588 2586 2 0.18797659873962402 0.005009174346923828 0.19298577308654785 466
keyframe_mmdrivable
2593 2587 6 0.18888568878173828 0.010776996612548828 0.1996626853942871 467
keyframe_mmdrivable
2599 2598 1 0.18529343605041504 0.0019605159759521484 0.1872539520263672 468
keyframe_mmdrivable
2605 2599 6 0.18939709663391113 0.0017118453979492188 0.19110894203186035 469
keyframe_mmdrivable
2612 2611 1 0.18605446815490723 0.0016279220581054688 0.1876823902130127 470
keyframe_mmdrivable
2617 2612 5 0.18946433067321777 0.0015761852264404297 0.1910405158996582 471
keyframe_mmdrivable
2623 2622 1 0.18631792068481445 0.0016598701477050781 0.18797779083251953 472
keyframe_mmdrivable
2628 2623 5 0.18848395347595215 0.0016853809356689453 0.1901693344116211 473
keyframe_mmdrivable
2635 2633 2 0.18581271171569824 0.0016789436340332031 0.18749165534973145 474
keyframe_mmdrivable
2641 2635 6 0.18793439865112305 0.0015835762023925781 0.18951797485351562 475
keyframe_mmdrivable
2647 2641 6 0.18753576278686523 0.0015766620635986328 0.18911242485046387 476
keyframe_mmdrivable
2652 2646 6 0.1880815029144287 0.0015964508056640625 0.18967795372009277 477
keyframe_mmdrivable
2658 2651 6 0.1876518726348877 0.0016009807586669922 0.1892528533935547 478
keyframe_mmdrivable
2663 2657 6 0.18857073783874512 0.0016188621520996094 0.19018959999084473 479
keyframe_mmdrivable
2670 2664 6 0.18798255920410156 0.010853767395019531 0.1988363265991211 480
keyframe_mmdrivable
2676 2670 6 0.1864023208618164 0.0015902519226074219 0.18799257278442383 481
keyframe_mmdrivable
2682 2676 6 0.18763041496276855 0.0018544197082519531 0.1894848346710205 482
keyframe_mmdrivable
2687 2681 6 0.18966054916381836 0.012631416320800781 0.20229196548461914 483
keyframe_mmdrivable
2694 2687 6 0.1886889934539795 0.0015637874603271484 0.19025278091430664 484
keyframe_mmdrivable
2698 2692 6 0.19152307510375977 0.005455493927001953 0.19697856903076172 485
keyframe_mmdrivable
2704 2703 1 0.18764495849609375 0.005731105804443359 0.1933760643005371 486
keyframe_mmdrivable
2710 2704 6 0.1897432804107666 0.0018067359924316406 0.19155001640319824 487
keyframe_mmdrivable
2716 2715 1 0.18733620643615723 0.015566825866699219 0.20290303230285645 488
keyframe_mmdrivable
2721 2716 5 0.2021322250366211 0.0015499591827392578 0.20368218421936035 489
keyframe_mmdrivable
2727 2725 2 0.2136838436126709 0.0016927719116210938 0.215376615524292 490
keyframe_mmdrivable
2733 2727 6 0.20165395736694336 0.009698867797851562 0.21135282516479492 491
keyframe_mmdrivable
2739 2733 6 0.18244719505310059 0.004990816116333008 0.1874380111694336 492
keyframe_mmdrivable
2744 2738 6 0.20958209037780762 0.0056951045989990234 0.21527719497680664 493
keyframe_mmdrivable
2751 2749 1 0.18439769744873047 0.0016100406646728516 0.18600773811340332 494
keyframe_mmdrivable
2756 2750 6 0.18667149543762207 0.008824586868286133 0.1954960823059082 495
keyframe_mmdrivable
2761 2755 6 0.18243956565856934 0.002728700637817383 0.18516826629638672 496
keyframe_mmdrivable
2766 2760 6 0.18457961082458496 0.008160829544067383 0.19274044036865234 497
keyframe_mmdrivable
2773 2771 2 0.18272018432617188 0.013223409652709961 0.19594359397888184 498
keyframe_mmdrivable
2778 2772 6 0.21504449844360352 0.006974220275878906 0.22201871871948242 499
keyframe_mmdrivable
2784 2783 1 0.1848452091217041 0.0034949779510498047 0.1883401870727539 500
keyframe_mmdrivable
2790 2784 6 0.1989591121673584 0.0016512870788574219 0.20061039924621582 501
keyframe_mmdrivable
2797 2796 1 0.18982577323913574 0.021693706512451172 0.21151947975158691 502
keyframe_mmdrivable
2803 2797 6 0.2265923023223877 0.0024213790893554688 0.22901368141174316 503
keyframe_mmdrivable
2809 2808 1 0.19423317909240723 0.019643306732177734 0.21387648582458496 504
keyframe_mmdrivable
2815 2809 6 0.19397807121276855 0.01687026023864746 0.21084833145141602 505
keyframe_mmdrivable
2820 2814 6 0.2015833854675293 0.00864267349243164 0.21022605895996094 506
keyframe_mmdrivable
2825 2819 6 0.246307373046875 0.014952898025512695 0.2612602710723877 507
keyframe_mmdrivable
2831 2830 1 0.19391918182373047 0.0015974044799804688 0.19551658630371094 508
keyframe_mmdrivable
2837 2831 6 0.19114375114440918 0.0016450881958007812 0.19278883934020996 509
keyframe_mmdrivable
2844 2842 2 0.19935226440429688 0.0017414093017578125 0.2010936737060547 510
keyframe_mmdrivable
2850 2843 6 0.19659042358398438 0.008689403533935547 0.20527982711791992 511
keyframe_mmdrivable
2856 2855 1 0.19003868103027344 0.0016925334930419922 0.19173121452331543 512
keyframe_mmdrivable
2862 2856 6 0.19565463066101074 0.0028209686279296875 0.19847559928894043 513
keyframe_mmdrivable
2869 2868 1 0.18941020965576172 0.0017323493957519531 0.19114255905151367 514
keyframe_mmdrivable
2875 2869 6 0.19382333755493164 0.008922815322875977 0.20274615287780762 515
keyframe_mmdrivable
2882 2880 2 0.19068074226379395 0.003981351852416992 0.19466209411621094 516
keyframe_mmdrivable
2888 2882 6 0.18940949440002441 0.0015838146209716797 0.1909933090209961 517
keyframe_mmdrivable
2894 2888 6 0.18863725662231445 0.004364013671875 0.19300127029418945 518
keyframe_mmdrivable
2901 2894 6 0.19164419174194336 0.0015223026275634766 0.19316649436950684 519
keyframe_mmdrivable
2907 2906 1 0.1838836669921875 0.005385160446166992 0.1892688274383545 520
keyframe_mmdrivable
2912 2907 5 0.1897597312927246 0.015021562576293945 0.20478129386901855 521
keyframe_mmdrivable
2917 2911 6 0.21391987800598145 0.0015964508056640625 0.2155163288116455 522
keyframe_mmdrivable
2923 2917 6 0.19360876083374023 0.0039370059967041016 0.19754576683044434 523
keyframe_mmdrivable
2928 2922 6 0.19353318214416504 0.0017147064208984375 0.19524788856506348 524
keyframe_mmdrivable
2933 2927 6 0.18882226943969727 0.013841390609741211 0.20266366004943848 525
keyframe_mmdrivable
2938 2932 6 0.1976463794708252 0.024950504302978516 0.2225968837738037 526
keyframe_mmdrivable
2943 2937 6 0.2422034740447998 0.024697303771972656 0.26690077781677246 527
keyframe_mmdrivable
2949 2943 6 0.20420432090759277 0.00662541389465332 0.2108297348022461 528
keyframe_mmdrivable
2956 2950 6 0.18104219436645508 0.014086484909057617 0.1951286792755127 529
keyframe_mmdrivable
2962 2956 6 0.20726251602172852 0.012852668762207031 0.22011518478393555 530
keyframe_mmdrivable
2967 2961 6 0.19882678985595703 0.011036872863769531 0.20986366271972656 531
keyframe_mmdrivable
2972 2966 6 0.2530357837677002 0.008187055587768555 0.26122283935546875 532
keyframe_mmdrivable
2979 2973 6 0.2179253101348877 0.023276805877685547 0.24120211601257324 533
keyframe_mmdrivable
2985 2979 6 0.2072606086730957 0.010558366775512695 0.2178189754486084 534
keyframe_mmdrivable
2991 2985 6 0.2100355625152588 0.0052852630615234375 0.21532082557678223 535
keyframe_mmdrivable
2996 2990 6 0.20772790908813477 0.013811826705932617 0.22153973579406738 536
keyframe_mmdrivable
3002 2995 6 0.2003803253173828 0.01295614242553711 0.21333646774291992 537
keyframe_mmdrivable
3007 3001 6 0.21672368049621582 0.009470462799072266 0.22619414329528809 538
keyframe_mmdrivable
3012 3006 6 0.19089317321777344 0.018559694290161133 0.20945286750793457 539
keyframe_mmdrivable
3017 3011 6 0.18627429008483887 0.006747007369995117 0.19302129745483398 540
keyframe_mmdrivable
3023 3017 6 0.21939921379089355 0.0016396045684814453 0.221038818359375 541
keyframe_mmdrivable
3029 3023 6 0.18144726753234863 0.01270747184753418 0.1941547393798828 542
keyframe_mmdrivable
3034 3028 6 0.20049118995666504 0.010513544082641602 0.21100473403930664 543
keyframe_mmdrivable
3040 3034 6 0.19123458862304688 0.01980447769165039 0.21103906631469727 544
keyframe_mmdrivable
3045 3039 6 0.21671819686889648 0.012691736221313477 0.22940993309020996 545
keyframe_mmdrivable
3051 3045 6 0.20698881149291992 0.010969161987304688 0.2179579734802246 546
keyframe_mmdrivable
3056 3050 5 0.2507960796356201 0.008728981018066406 0.2595250606536865 547
keyframe_mmdrivable
3062 3061 1 0.20369172096252441 0.0091400146484375 0.21283173561096191 548
keyframe_mmdrivable
3067 3062 5 0.19749903678894043 0.0015511512756347656 0.1990501880645752 549
keyframe_mmdrivable
3072 3066 6 0.2044363021850586 0.007492542266845703 0.2119288444519043 550
keyframe_mmdrivable
3077 3071 6 0.21056532859802246 0.03893542289733887 0.24950075149536133 551
keyframe_mmdrivable
3083 3081 2 0.18126964569091797 0.012901544570922852 0.19417119026184082 552
keyframe_mmdrivable
3087 3082 5 0.19440841674804688 0.004161357879638672 0.19856977462768555 553
keyframe_mmdrivable
3092 3086 6 0.18718290328979492 0.02453017234802246 0.21171307563781738 554
keyframe_mmdrivable
3098 3091 6 0.21025657653808594 0.020584583282470703 0.23084115982055664 555
keyframe_mmdrivable
3103 3102 1 0.2056596279144287 0.0037260055541992188 0.20938563346862793 556
keyframe_mmdrivable
3109 3103 6 0.20975470542907715 0.011510610580444336 0.22126531600952148 557
keyframe_mmdrivable
3117 3115 1 0.22230124473571777 0.011778116226196289 0.23407936096191406 558
keyframe_mmdrivable
3124 3118 6 0.19809865951538086 0.007156848907470703 0.20525550842285156 559
keyframe_mmdrivable
3129 3123 6 0.21234846115112305 0.012783527374267578 0.22513198852539062 560
keyframe_mmdrivable
3133 3128 5 0.19643950462341309 0.007657766342163086 0.20409727096557617 561
keyframe_mmdrivable
3138 3132 6 0.19814085960388184 0.0016570091247558594 0.1997978687286377 562
keyframe_mmdrivable
3144 3138 6 0.20681023597717285 0.00159454345703125 0.2084047794342041 563
keyframe_mmdrivable
3149 3143 6 0.19411420822143555 0.005274534225463867 0.19938874244689941 564
keyframe_mmdrivable
3156 3154 2 0.20940852165222168 0.012968778610229492 0.22237730026245117 565
keyframe_mmdrivable
3162 3156 6 0.21159791946411133 0.010348796844482422 0.22194671630859375 566
keyframe_mmdrivable
3167 3161 6 0.1866919994354248 0.017492294311523438 0.20418429374694824 567
keyframe_mmdrivable
3172 3166 6 0.23854541778564453 0.010933399200439453 0.24947881698608398 568
keyframe_mmdrivable
3179 3178 1 0.24588871002197266 0.015337705612182617 0.2612264156341553 569
keyframe_mmdrivable
3186 3180 6 0.21066641807556152 0.0015821456909179688 0.2122485637664795 570
keyframe_mmdrivable
3191 3185 6 0.17903876304626465 0.0015330314636230469 0.1805717945098877 571
keyframe_mmdrivable
3197 3191 6 0.17784404754638672 0.0016160011291503906 0.1794600486755371 572
keyframe_mmdrivable
3202 3196 6 0.18032169342041016 0.0016400814056396484 0.1819617748260498 573
keyframe_mmdrivable
3208 3202 6 0.18604350090026855 0.0017104148864746094 0.18775391578674316 574
keyframe_mmdrivable
3215 3209 6 0.18962335586547852 0.0016336441040039062 0.19125699996948242 575
keyframe_mmdrivable
3221 3215 6 0.19243836402893066 0.0015957355499267578 0.19403409957885742 576
keyframe_mmdrivable
3227 3221 6 0.19257330894470215 0.0016181468963623047 0.19419145584106445 577
keyframe_mmdrivable
3233 3227 6 0.1914386749267578 0.001695871353149414 0.19313454627990723 578
keyframe_mmdrivable
3239 3233 6 0.19361639022827148 0.0015938282012939453 0.19521021842956543 579
keyframe_mmdrivable
3245 3239 6 0.19401335716247559 0.0015723705291748047 0.1955857276916504 580
keyframe_mmdrivable
3252 3246 6 0.1948859691619873 0.0017268657684326172 0.19661283493041992 581
keyframe_mmdrivable
3258 3252 6 0.19380450248718262 0.00634312629699707 0.2001476287841797 582
keyframe_mmdrivable
3263 3257 6 0.19634413719177246 0.0017764568328857422 0.1981205940246582 583
keyframe_mmdrivable
3269 3263 6 0.17897939682006836 0.0016982555389404297 0.1806776523590088 584
keyframe_mmdrivable
3274 3268 6 0.17668914794921875 0.0015892982482910156 0.17827844619750977 585
keyframe_mmdrivable
3279 3273 6 0.1789393424987793 0.0016698837280273438 0.18060922622680664 586
keyframe_mmdrivable
3285 3279 6 0.1905536651611328 0.014596223831176758 0.20514988899230957 587
keyframe_mmdrivable
3291 3285 6 0.20409727096557617 0.002964496612548828 0.207061767578125 588
keyframe_mmdrivable
3297 3290 6 0.17835521697998047 0.0037832260131835938 0.18213844299316406 589
keyframe_mmdrivable
3301 3295 6 0.17892694473266602 0.010628938674926758 0.18955588340759277 590
keyframe_mmdrivable
3307 3301 6 0.20486879348754883 0.013423919677734375 0.2182927131652832 591
keyframe_mmdrivable
3313 3307 6 0.1963200569152832 0.023705482482910156 0.22002553939819336 592
keyframe_mmdrivable
3319 3313 6 0.21622323989868164 0.012984752655029297 0.22920799255371094 593
keyframe_mmdrivable
3325 3319 6 0.2513141632080078 0.013132333755493164 0.264446496963501 594
keyframe_mmdrivable
3330 3324 6 0.22996783256530762 0.0016794204711914062 0.23164725303649902 595
keyframe_mmdrivable
3337 3336 1 0.1963024139404297 0.0018832683563232422 0.19818568229675293 596
keyframe_mmdrivable
3343 3337 6 0.19359517097473145 0.010188579559326172 0.20378375053405762 597
keyframe_mmdrivable
3347 3341 6 0.21351361274719238 0.009227752685546875 0.22274136543273926 598
keyframe_mmdrivable
3353 3347 6 0.22510099411010742 0.0017046928405761719 0.2268056869506836 599
keyframe_mmdrivable
3358 3352 6 0.20098495483398438 0.009028434753417969 0.21001338958740234 600
keyframe_mmdrivable
3363 3357 6 0.21033358573913574 0.014893770217895508 0.22522735595703125 601
keyframe_mmdrivable
3368 3362 6 0.20670628547668457 0.0016014575958251953 0.20830774307250977 602
keyframe_mmdrivable
3373 3367 6 0.2077786922454834 0.001825094223022461 0.20960378646850586 603
keyframe_mmdrivable
3378 3372 6 0.186659574508667 0.001722097396850586 0.18838167190551758 604
keyframe_mmdrivable
3384 3378 6 0.1842494010925293 0.012774229049682617 0.19702363014221191 605
keyframe_mmdrivable
3389 3383 6 0.20788073539733887 0.0022559165954589844 0.21013665199279785 606
keyframe_mmdrivable
3394 3388 6 0.18383002281188965 0.012499094009399414 0.19632911682128906 607
keyframe_mmdrivable
3399 3393 6 0.19794297218322754 0.00157928466796875 0.1995222568511963 608
keyframe_mmdrivable
3404 3398 5 0.19629931449890137 0.015846967697143555 0.21214628219604492 609
keyframe_mmdrivable
3409 3403 6 0.18406915664672852 0.006806612014770508 0.19087576866149902 610
keyframe_mmdrivable
3415 3409 6 0.19315481185913086 0.004133939743041992 0.19728875160217285 611
keyframe_mmdrivable
3421 3415 6 0.18449878692626953 0.00782012939453125 0.19231891632080078 612
keyframe_mmdrivable
3426 3420 6 0.19625568389892578 0.0016350746154785156 0.1978907585144043 613
keyframe_mmdrivable
3432 3426 6 0.18795084953308105 0.0016796588897705078 0.18963050842285156 614
keyframe_mmdrivable
3438 3432 6 0.1949784755706787 0.001575469970703125 0.19655394554138184 615
keyframe_mmdrivable
3444 3438 6 0.19111227989196777 0.0064775943756103516 0.19758987426757812 616
keyframe_mmdrivable
3449 3443 6 0.19042253494262695 0.0016639232635498047 0.19208645820617676 617
keyframe_mmdrivable
3454 3448 6 0.18339085578918457 0.0015518665313720703 0.18494272232055664 618
keyframe_mmdrivable
3459 3453 6 0.1861402988433838 0.012639760971069336 0.19878005981445312 619
keyframe_mmdrivable
3466 3465 1 0.18289732933044434 0.012968301773071289 0.19586563110351562 620
keyframe_mmdrivable
3471 3466 5 0.1894838809967041 0.0015559196472167969 0.1910398006439209 621
keyframe_mmdrivable
3477 3471 6 0.1840500831604004 0.00837850570678711 0.1924285888671875 622
keyframe_mmdrivable
3482 3476 6 0.19068074226379395 0.011127233505249023 0.20180797576904297 623
keyframe_mmdrivable
3489 3487 2 0.17575883865356445 0.0021142959594726562 0.1778731346130371 624
keyframe_mmdrivable
3494 3488 6 0.18896007537841797 0.005134105682373047 0.19409418106079102 625
keyframe_mmdrivable
3501 3499 2 0.17989540100097656 0.01009988784790039 0.18999528884887695 626
keyframe_mmdrivable
3506 3500 6 0.20444440841674805 0.0016400814056396484 0.2060844898223877 627
keyframe_mmdrivable
3512 3511 1 0.19152522087097168 0.0015518665313720703 0.19307708740234375 628
keyframe_mmdrivable
3517 3512 4 0.18338394165039062 0.0016009807586669922 0.18498492240905762 629
keyframe_mmdrivable
3522 3516 6 0.18113374710083008 0.0016107559204101562 0.18274450302124023 630
keyframe_mmdrivable
3527 3521 6 0.18171429634094238 0.001558542251586914 0.1832728385925293 631
keyframe_mmdrivable
3533 3532 1 0.1773993968963623 0.001760721206665039 0.17916011810302734 632
keyframe_mmdrivable
3539 3533 6 0.18038201332092285 0.007730007171630859 0.1881120204925537 633
keyframe_mmdrivable
3545 3544 1 0.1823742389678955 0.0021898746490478516 0.18456411361694336 634
keyframe_mmdrivable
3550 3545 5 0.19036173820495605 0.0015819072723388672 0.19194364547729492 635
keyframe_mmdrivable
3557 3555 2 0.18573784828186035 0.0035829544067382812 0.18932080268859863 636
keyframe_mmdrivable
3563 3557 6 0.18323493003845215 0.001577615737915039 0.1848125457763672 637
keyframe_mmdrivable
3569 3563 6 0.18529820442199707 0.004642009735107422 0.1899402141571045 638
keyframe_mmdrivable
3575 3569 6 0.1788327693939209 0.0015747547149658203 0.18040752410888672 639
keyframe_mmdrivable
3580 3574 6 0.18126535415649414 0.002960681915283203 0.18422603607177734 640
keyframe_mmdrivable
3585 3579 6 0.18007493019104004 0.0017342567443847656 0.1818091869354248 641
keyframe_mmdrivable
3591 3585 6 0.18160462379455566 0.0015816688537597656 0.18318629264831543 642
keyframe_mmdrivable
3597 3591 6 0.18010282516479492 0.0015745162963867188 0.18167734146118164 643
keyframe_mmdrivable
3603 3597 6 0.18011736869812012 0.0016412734985351562 0.18175864219665527 644
keyframe_mmdrivable
3608 3602 6 0.18085885047912598 0.0016057491302490234 0.182464599609375 645
keyframe_mmdrivable
3614 3612 2 0.18038010597229004 0.0057260990142822266 0.18610620498657227 646
keyframe_mmdrivable
3619 3613 6 0.17908477783203125 0.010998249053955078 0.19008302688598633 647
keyframe_mmdrivable
3626 3624 2 0.1818399429321289 0.002802610397338867 0.18464255332946777 648
keyframe_mmdrivable
3631 3625 6 0.1836872100830078 0.0015869140625 0.1852741241455078 649
keyframe_mmdrivable
3637 3636 1 0.1861402988433838 0.0015697479248046875 0.18771004676818848 650
keyframe_mmdrivable
3643 3637 6 0.17789030075073242 0.0014753341674804688 0.1793656349182129 651
keyframe_mmdrivable
3648 3642 6 0.17804431915283203 0.0014731884002685547 0.17951750755310059 652
keyframe_mmdrivable
3653 3647 6 0.18076848983764648 0.002240419387817383 0.18300890922546387 653
keyframe_mmdrivable
3659 3658 1 0.17711758613586426 0.0017693042755126953 0.17888689041137695 654
keyframe_mmdrivable
3665 3659 6 0.1782674789428711 0.01335597038269043 0.19162344932556152 655
keyframe_mmdrivable
3671 3669 2 0.18003249168395996 0.007591724395751953 0.18762421607971191 656
keyframe_mmdrivable
3676 3670 6 0.18618988990783691 0.01332712173461914 0.19951701164245605 657
keyframe_mmdrivable
3682 3681 1 0.17875194549560547 0.012880325317382812 0.19163227081298828 658
keyframe_mmdrivable
3688 3682 6 0.18277668952941895 0.001607656478881836 0.18438434600830078 659
keyframe_mmdrivable
3694 3693 1 0.18823695182800293 0.001789093017578125 0.19002604484558105 660
keyframe_mmdrivable
3700 3694 6 0.17686820030212402 0.0016939640045166016 0.17856216430664062 661
keyframe_mmdrivable
3706 3705 1 0.17647790908813477 0.0018799304962158203 0.17835783958435059 662
keyframe_mmdrivable
3711 3706 5 0.18297600746154785 0.001493692398071289 0.18446969985961914 663
keyframe_mmdrivable
3717 3715 2 0.18398284912109375 0.0015592575073242188 0.18554210662841797 664
keyframe_mmdrivable
3722 3716 6 0.17812347412109375 0.004648923873901367 0.18277239799499512 665
keyframe_mmdrivable
3728 3727 1 0.1764843463897705 0.0015728473663330078 0.17805719375610352 666
keyframe_mmdrivable
3734 3728 6 0.17666125297546387 0.0015900135040283203 0.1782512664794922 667
keyframe_mmdrivable
3739 3733 6 0.17577242851257324 0.003927707672119141 0.17970013618469238 668
keyframe_mmdrivable
3744 3738 6 0.17760729789733887 0.016448974609375 0.19405627250671387 669
keyframe_mmdrivable
3750 3749 1 0.17925691604614258 0.0015528202056884766 0.18080973625183105 670
keyframe_mmdrivable
3756 3750 6 0.1849195957183838 0.0016937255859375 0.1866133213043213 671
keyframe_mmdrivable
3761 3755 6 0.17882800102233887 0.0016617774963378906 0.18048977851867676 672
keyframe_mmdrivable
3767 3761 6 0.17744994163513184 0.005697011947631836 0.18314695358276367 673
keyframe_mmdrivable
3772 3766 6 0.18097877502441406 0.001605987548828125 0.1825847625732422 674
keyframe_mmdrivable
3777 3771 6 0.18593406677246094 0.0015952587127685547 0.1875293254852295 675
keyframe_mmdrivable
3783 3777 6 0.1907665729522705 0.0014948844909667969 0.1922614574432373 676
keyframe_mmdrivable
3789 3783 6 0.18408513069152832 0.0015795230865478516 0.18566465377807617 677
keyframe_mmdrivable
3794 3788 6 0.18493103981018066 0.004056453704833984 0.18898749351501465 678
keyframe_mmdrivable
3800 3794 6 0.17946195602416992 0.0025091171264648438 0.18197107315063477 679
keyframe_mmdrivable
3805 3799 6 0.18864774703979492 0.00777125358581543 0.19641900062561035 680
keyframe_mmdrivable
3811 3805 6 0.1861410140991211 0.007645845413208008 0.1937868595123291 681
keyframe_mmdrivable
3816 3810 6 0.19327878952026367 0.0016751289367675781 0.19495391845703125 682
keyframe_mmdrivable
3822 3821 1 0.18155479431152344 0.010423660278320312 0.19197845458984375 683
keyframe_mmdrivable
3828 3822 6 0.20150423049926758 0.011967182159423828 0.2134714126586914 684
keyframe_mmdrivable
3834 3833 1 0.18079447746276855 0.0015683174133300781 0.18236279487609863 685
keyframe_mmdrivable
3839 3834 5 0.18098092079162598 0.001535177230834961 0.18251609802246094 686
keyframe_mmdrivable
3845 3844 1 0.17859125137329102 0.001825094223022461 0.18041634559631348 687
keyframe_mmdrivable
3851 3845 6 0.17982769012451172 0.0017743110656738281 0.18160200119018555 688
keyframe_mmdrivable
3857 3850 6 0.18165898323059082 0.0015652179718017578 0.18322420120239258 689
keyframe_mmdrivable
3862 3856 6 0.17992520332336426 0.0034589767456054688 0.18338418006896973 690
keyframe_mmdrivable
3868 3862 6 0.17705583572387695 0.004561901092529297 0.18161773681640625 691
keyframe_mmdrivable
3873 3867 6 0.17755341529846191 0.004999876022338867 0.18255329132080078 692
keyframe_mmdrivable
3879 3878 1 0.1791691780090332 0.013623237609863281 0.19279241561889648 693
keyframe_mmdrivable
3885 3879 6 0.18049836158752441 0.013465404510498047 0.19396376609802246 694
keyframe_mmdrivable
3892 3890 2 0.18497633934020996 0.01765275001525879 0.20262908935546875 695
keyframe_mmdrivable
3898 3892 6 0.17903542518615723 0.0016283988952636719 0.1806638240814209 696
keyframe_mmdrivable
3903 3897 6 0.17784619331359863 0.01562047004699707 0.1934666633605957 697
keyframe_mmdrivable
3908 3902 6 0.1906604766845703 0.0037832260131835938 0.1944437026977539 698
keyframe_mmdrivable
3914 3908 6 0.1865677833557129 0.0019049644470214844 0.18847274780273438 699
keyframe_mmdrivable
3920 3914 6 0.18447542190551758 0.0016677379608154297 0.186143159866333 700
keyframe_mmdrivable
3926 3920 6 0.1857314109802246 0.0016613006591796875 0.1873927116394043 701
keyframe_mmdrivable
3932 3926 6 0.18137454986572266 0.0015964508056640625 0.18297100067138672 702
keyframe_mmdrivable
3937 3931 6 0.1786503791809082 0.0015845298767089844 0.1802349090576172 703
keyframe_mmdrivable
3943 3937 6 0.18056941032409668 0.0015027523040771484 0.18207216262817383 704
keyframe_mmdrivable
3949 3942 6 0.1808922290802002 0.0018520355224609375 0.18274426460266113 705
keyframe_mmdrivable
3955 3948 6 0.18158340454101562 0.010437726974487305 0.19202113151550293 706
keyframe_mmdrivable
3960 3954 6 0.18605446815490723 0.0020155906677246094 0.18807005882263184 707
keyframe_mmdrivable
3966 3960 6 0.18544387817382812 0.0015988349914550781 0.1870427131652832 708
keyframe_mmdrivable
3971 3965 6 0.18462872505187988 0.0035979747772216797 0.18822669982910156 709
keyframe_mmdrivable
3977 3976 1 0.19365358352661133 0.013908624649047852 0.20756220817565918 710
keyframe_mmdrivable
3983 3977 6 0.2158656120300293 0.0017714500427246094 0.2176370620727539 711
keyframe_mmdrivable
3990 3988 2 0.18167924880981445 0.012885570526123047 0.1945648193359375 712
keyframe_mmdrivable
3994 3989 5 0.1865525245666504 0.001585245132446289 0.18813776969909668 713
keyframe_mmdrivable
4000 3998 2 0.20269322395324707 0.0018811225891113281 0.2045743465423584 714
keyframe_mmdrivable
4004 3999 5 0.1884307861328125 0.003926753997802734 0.19235754013061523 715
keyframe_mmdrivable
4010 4008 2 0.2020587921142578 0.001684427261352539 0.20374321937561035 716
keyframe_mmdrivable
4015 4009 6 0.1982429027557373 0.0016214847564697266 0.19986438751220703 717
keyframe_mmdrivable
4022 4020 2 0.1864922046661377 0.0018544197082519531 0.18834662437438965 718
keyframe_mmdrivable
4028 4022 6 0.20549774169921875 0.0068662166595458984 0.21236395835876465 719
keyframe_mmdrivable
4032 4027 5 0.20422983169555664 0.010068416595458984 0.21429824829101562 720
keyframe_mmdrivable
4038 4032 6 0.22495579719543457 0.001644134521484375 0.22659993171691895 721
keyframe_mmdrivable
4043 4037 6 0.18962597846984863 0.0014891624450683594 0.191115140914917 722
keyframe_mmdrivable
4049 4043 6 0.17668867111206055 0.007658243179321289 0.18434691429138184 723
keyframe_mmdrivable
4054 4048 6 0.1769258975982666 0.001443624496459961 0.17836952209472656 724
keyframe_mmdrivable
4060 4054 6 0.18722915649414062 0.0015902519226074219 0.18881940841674805 725
keyframe_mmdrivable
4065 4059 6 0.1956171989440918 0.010184288024902344 0.20580148696899414 726
keyframe_mmdrivable
4071 4064 6 0.19445395469665527 0.012794017791748047 0.20724797248840332 727
keyframe_mmdrivable
4076 4070 6 0.2159886360168457 0.012629508972167969 0.22861814498901367 728
keyframe_mmdrivable
4082 4076 6 0.20532751083374023 0.013522148132324219 0.21884965896606445 729
keyframe_mmdrivable
4088 4082 6 0.23198604583740234 0.004681825637817383 0.23666787147521973 730
keyframe_mmdrivable
4094 4087 6 0.22687363624572754 0.010959625244140625 0.23783326148986816 731
keyframe_mmdrivable
4099 4093 6 0.20711994171142578 0.013935089111328125 0.2210550308227539 732
keyframe_mmdrivable
4103 4098 5 0.22330617904663086 0.0016756057739257812 0.22498178482055664 733
keyframe_mmdrivable
4109 4103 6 0.19228124618530273 0.003448009490966797 0.19572925567626953 734
keyframe_mmdrivable
4115 4108 6 0.19810748100280762 0.012700080871582031 0.21080756187438965 735
keyframe_mmdrivable
4119 4113 6 0.19766640663146973 0.0016455650329589844 0.1993119716644287 736
keyframe_mmdrivable
4124 4118 6 0.2043461799621582 0.012621164321899414 0.21696734428405762 737
keyframe_mmdrivable
4130 4124 6 0.1898350715637207 0.0015745162963867188 0.19140958786010742 738
keyframe_mmdrivable
4135 4129 6 0.1923978328704834 0.01675558090209961 0.209153413772583 739
keyframe_mmdrivable
4142 4140 2 0.19515538215637207 0.022037506103515625 0.2171928882598877 740
keyframe_mmdrivable
4147 4141 6 0.20810461044311523 0.003575563430786133 0.21168017387390137 741
keyframe_mmdrivable
4153 4152 1 0.23258423805236816 0.009533166885375977 0.24211740493774414 742
keyframe_mmdrivable
4157 4153 4 0.22719740867614746 0.008845329284667969 0.23604273796081543 743
keyframe_mmdrivable
4162 4156 6 0.19810724258422852 0.0015621185302734375 0.19966936111450195 744
keyframe_mmdrivable
4168 4162 6 0.18432855606079102 0.004586696624755859 0.18891525268554688 745
keyframe_mmdrivable
4173 4167 6 0.1808943748474121 0.0097198486328125 0.1906142234802246 746
keyframe_mmdrivable
4178 4172 6 0.2000739574432373 0.007204771041870117 0.20727872848510742 747
keyframe_mmdrivable
4183 4177 6 0.18510007858276367 0.013868331909179688 0.19896841049194336 748
keyframe_mmdrivable
4188 4182 6 0.2229626178741455 0.019696474075317383 0.2426590919494629 749
keyframe_mmdrivable
4194 4188 6 0.21256113052368164 0.013072729110717773 0.22563385963439941 750
keyframe_mmdrivable
4200 4194 6 0.1935725212097168 0.0045201778411865234 0.19809269905090332 751
keyframe_mmdrivable
4205 4199 6 0.20658493041992188 0.0035009384155273438 0.21008586883544922 752
keyframe_mmdrivable
4211 4205 6 0.21808338165283203 0.0015368461608886719 0.2196202278137207 753
keyframe_mmdrivable
4217 4211 6 0.2022082805633545 0.0018434524536132812 0.20405173301696777 754
keyframe_mmdrivable
4222 4216 6 0.18377161026000977 0.0043332576751708984 0.18810486793518066 755
keyframe_mmdrivable
4227 4221 5 0.18649601936340332 0.003297090530395508 0.18979310989379883 756
keyframe_mmdrivable
4232 4226 6 0.19084668159484863 0.001495361328125 0.19234204292297363 757
keyframe_mmdrivable
4237 4231 6 0.1885066032409668 0.0016493797302246094 0.1901559829711914 758
keyframe_mmdrivable
4244 4242 2 0.1833024024963379 0.0015642642974853516 0.18486666679382324 759
keyframe_mmdrivable
4249 4243 6 0.19464874267578125 0.01575160026550293 0.21040034294128418 760
keyframe_mmdrivable
4255 4253 2 0.21283197402954102 0.001678466796875 0.21451044082641602 761
keyframe_mmdrivable
4261 4255 6 0.19762539863586426 0.0015795230865478516 0.1992049217224121 762
keyframe_mmdrivable
4267 4261 6 0.19078516960144043 0.0015590190887451172 0.19234418869018555 763
keyframe_mmdrivable
4273 4267 6 0.19408321380615234 0.0016467571258544922 0.19572997093200684 764
keyframe_mmdrivable
4279 4273 6 0.18946194648742676 0.0022077560424804688 0.19166970252990723 765
keyframe_mmdrivable
4285 4279 6 0.20711827278137207 0.0016298294067382812 0.20874810218811035 766
keyframe_mmdrivable
4290 4284 6 0.1928112506866455 0.0017690658569335938 0.1945803165435791 767
keyframe_mmdrivable
4296 4290 6 0.18893647193908691 0.003604412078857422 0.19254088401794434 768
keyframe_mmdrivable
4301 4295 6 0.19769930839538574 0.007807016372680664 0.2055063247680664 769
keyframe_mmdrivable
4307 4301 6 0.20700955390930176 0.006139039993286133 0.2131485939025879 770
keyframe_mmdrivable
4313 4307 6 0.21402955055236816 0.029727697372436523 0.2437572479248047 771
keyframe_mmdrivable
4319 4313 6 0.20585894584655762 0.010980844497680664 0.21683979034423828 772
keyframe_mmdrivable
4324 4318 5 0.19966864585876465 0.012607574462890625 0.21227622032165527 773
keyframe_mmdrivable
4329 4323 6 0.2047100067138672 0.010237693786621094 0.21494770050048828 774
keyframe_mmdrivable
4334 4328 6 0.20014238357543945 0.02951502799987793 0.22965741157531738 775
keyframe_mmdrivable
4341 4339 1 0.1955721378326416 0.007148265838623047 0.20272040367126465 776
keyframe_mmdrivable
4345 4340 5 0.21903347969055176 0.003670930862426758 0.22270441055297852 777
keyframe_mmdrivable
4350 4344 6 0.2111372947692871 0.004469633102416992 0.2156069278717041 778
keyframe_mmdrivable
4355 4349 6 0.19747138023376465 0.01279592514038086 0.2102673053741455 779
keyframe_mmdrivable
4361 4360 1 0.19996094703674316 0.01197957992553711 0.21194052696228027 780
keyframe_mmdrivable
4367 4361 6 0.20511221885681152 0.010298967361450195 0.21541118621826172 781
keyframe_mmdrivable
4372 4366 6 0.2023172378540039 0.009921789169311523 0.21223902702331543 782
keyframe_mmdrivable
4377 4371 6 0.19272828102111816 0.017782926559448242 0.2105112075805664 783
keyframe_mmdrivable
4382 4376 6 0.20786666870117188 0.022631406784057617 0.2304980754852295 784
keyframe_mmdrivable
4387 4381 6 0.22691845893859863 0.01858377456665039 0.24550223350524902 785
keyframe_mmdrivable
4394 4392 2 0.18354296684265137 0.011898994445800781 0.19544196128845215 786
keyframe_mmdrivable
4398 4393 5 0.2018423080444336 0.015872716903686523 0.21771502494812012 787
keyframe_mmdrivable
4403 4397 6 0.21258044242858887 0.012933969497680664 0.22551441192626953 788
keyframe_mmdrivable
4410 4403 6 0.19413232803344727 0.010560274124145508 0.20469260215759277 789
keyframe_mmdrivable
4414 4408 6 0.22365808486938477 0.012739419937133789 0.23639750480651855 790
keyframe_mmdrivable
4420 4414 6 0.22898173332214355 0.01605081558227539 0.24503254890441895 791
keyframe_mmdrivable
4426 4420 6 0.1837606430053711 0.012695074081420898 0.196455717086792 792
keyframe_mmdrivable
4430 4425 5 0.21335649490356445 0.007901668548583984 0.22125816345214844 793
keyframe_mmdrivable
4436 4430 6 0.1804027557373047 0.00501561164855957 0.18541836738586426 794
keyframe_mmdrivable
4441 4435 6 0.2157275676727295 0.012616872787475586 0.22834444046020508 795
keyframe_mmdrivable
4446 4440 6 0.19789505004882812 0.01288914680480957 0.2107841968536377 796
keyframe_mmdrivable
4451 4445 6 0.19856691360473633 0.005078554153442383 0.2036454677581787 797
keyframe_mmdrivable
4456 4450 6 0.18985962867736816 0.0239865779876709 0.21384620666503906 798
keyframe_mmdrivable
4460 4455 5 0.2032022476196289 0.028053998947143555 0.23125624656677246 799
keyframe_mmdrivable
4466 4465 1 0.1895608901977539 0.008121728897094727 0.19768261909484863 800
keyframe_mmdrivable
4471 4466 5 0.22563409805297852 0.019449234008789062 0.24508333206176758 801
keyframe_mmdrivable
4476 4470 6 0.17894721031188965 0.0027947425842285156 0.18174195289611816 802
keyframe_mmdrivable
4480 4475 5 0.1974787712097168 0.01994013786315918 0.21741890907287598 803
keyframe_mmdrivable
4485 4479 6 0.1940929889678955 0.010430097579956055 0.20452308654785156 804
keyframe_mmdrivable
4490 4484 6 0.2197437286376953 0.03244328498840332 0.25218701362609863 805
keyframe_mmdrivable
4497 4495 1 0.1859428882598877 0.012656450271606445 0.19859933853149414 806
keyframe_mmdrivable
4502 4496 6 0.2198190689086914 0.003149747848510742 0.22296881675720215 807
keyframe_mmdrivable
4508 4501 6 0.22936558723449707 0.008264780044555664 0.23763036727905273 808
keyframe_mmdrivable
4513 4507 6 0.18575716018676758 0.009023666381835938 0.19478082656860352 809
keyframe_mmdrivable
4519 4513 6 0.20143580436706543 0.013131380081176758 0.2145671844482422 810
keyframe_mmdrivable
4524 4518 6 0.21786022186279297 0.012702703475952148 0.23056292533874512 811
keyframe_mmdrivable
4531 4524 6 0.18855524063110352 0.015567541122436523 0.20412278175354004 812
keyframe_mmdrivable
4535 4529 6 0.21271634101867676 0.007069587707519531 0.2197859287261963 813
keyframe_mmdrivable
4541 4535 5 0.19168925285339355 0.023823976516723633 0.2155132293701172 814
keyframe_mmdrivable
4545 4539 6 0.21332097053527832 0.013309955596923828 0.22663092613220215 815
keyframe_mmdrivable
4551 4544 6 0.2359943389892578 0.010442018508911133 0.24643635749816895 816
keyframe_mmdrivable
4556 4550 6 0.19977378845214844 0.024830102920532227 0.22460389137268066 817
keyframe_mmdrivable
4560 4555 5 0.2124326229095459 0.008904218673706055 0.22133684158325195 818
keyframe_mmdrivable
4566 4560 6 0.21677350997924805 0.007149457931518555 0.2239229679107666 819
keyframe_mmdrivable
4572 4565 6 0.21971392631530762 0.014086246490478516 0.23380017280578613 820
keyframe_mmdrivable
4578 4571 6 0.19827556610107422 0.0017693042755126953 0.20004487037658691 821
keyframe_mmdrivable
4583 4576 6 0.21573209762573242 0.012949705123901367 0.2286818027496338 822
keyframe_mmdrivable
4588 4582 6 0.19450116157531738 0.012577295303344727 0.2070784568786621 823
keyframe_mmdrivable
4593 4587 6 0.19376683235168457 0.013347625732421875 0.20711445808410645 824
keyframe_mmdrivable
4598 4592 6 0.21135950088500977 0.036367177963256836 0.2477266788482666 825
keyframe_mmdrivable
4604 4598 6 0.2007007598876953 0.033286333084106445 0.23398709297180176 826
keyframe_mmdrivable
4611 4604 6 0.19824886322021484 0.0063533782958984375 0.20460224151611328 827
keyframe_mmdrivable
4616 4610 6 0.19784760475158691 0.00813436508178711 0.20598196983337402 828
keyframe_mmdrivable
4621 4615 6 0.1948540210723877 0.013458967208862305 0.20831298828125 829
keyframe_mmdrivable
4626 4620 6 0.2075822353363037 0.012806177139282227 0.22038841247558594 830
keyframe_mmdrivable
4632 4626 6 0.19030141830444336 0.016683340072631836 0.2069847583770752 831
keyframe_mmdrivable
4636 4631 5 0.1972818374633789 0.015518426895141602 0.2128002643585205 832
keyframe_mmdrivable
4641 4635 6 0.19987988471984863 0.014060258865356445 0.21394014358520508 833
keyframe_mmdrivable
4647 4641 6 0.19591307640075684 0.015540361404418945 0.21145343780517578 834
keyframe_mmdrivable
4652 4646 6 0.20667123794555664 0.00543975830078125 0.2121109962463379 835
keyframe_mmdrivable
4658 4652 6 0.19898390769958496 0.012611865997314453 0.21159577369689941 836
keyframe_mmdrivable
4664 4657 6 0.22311949729919434 0.015404224395751953 0.2385237216949463 837
keyframe_mmdrivable
4669 4663 6 0.22189021110534668 0.014144420623779297 0.23603463172912598 838
keyframe_mmdrivable
4675 4669 6 0.20000576972961426 0.023131132125854492 0.22313690185546875 839
keyframe_mmdrivable
4680 4674 6 0.2197706699371338 0.008240461349487305 0.2280111312866211 840
keyframe_mmdrivable
4686 4680 6 0.24643468856811523 0.006447315216064453 0.2528820037841797 841
keyframe_mmdrivable
4691 4685 6 0.19540071487426758 0.0171358585357666 0.21253657341003418 842
keyframe_mmdrivable
4696 4690 6 0.2180187702178955 0.012700557708740234 0.23071932792663574 843
keyframe_mmdrivable
4702 4696 6 0.23846721649169922 0.012256383895874023 0.25072360038757324 844
keyframe_mmdrivable
4708 4702 6 0.20767617225646973 0.012665271759033203 0.22034144401550293 845
keyframe_mmdrivable
4713 4707 6 0.2121880054473877 0.012429475784301758 0.22461748123168945 846
keyframe_mmdrivable
4719 4712 6 0.21199989318847656 0.005679607391357422 0.21767950057983398 847
keyframe_mmdrivable
4724 4718 6 0.19137287139892578 0.028012752532958984 0.21938562393188477 848
keyframe_mmdrivable
4729 4723 6 0.20456910133361816 0.00419163703918457 0.20876073837280273 849
keyframe_mmdrivable
4734 4728 6 0.23485755920410156 0.013375997543334961 0.24823355674743652 850
keyframe_mmdrivable
4740 4734 6 0.19279074668884277 0.012664079666137695 0.20545482635498047 851
keyframe_mmdrivable
4745 4739 6 0.20924687385559082 0.008736610412597656 0.21798348426818848 852
keyframe_mmdrivable
4751 4745 6 0.22605538368225098 0.012640953063964844 0.23869633674621582 853
keyframe_mmdrivable
4757 4750 6 0.22100567817687988 0.012679100036621094 0.23368477821350098 854
keyframe_mmdrivable
4761 4755 6 0.20240569114685059 0.012840032577514648 0.21524572372436523 855
keyframe_mmdrivable
4765 4760 5 0.21059679985046387 0.0030591487884521484 0.21365594863891602 856
keyframe_mmdrivable
4770 4764 6 0.20816802978515625 0.01800251007080078 0.22617053985595703 857
keyframe_mmdrivable
4776 4770 6 0.19729328155517578 0.012688159942626953 0.20998144149780273 858
keyframe_mmdrivable
4782 4776 6 0.21596765518188477 0.006929874420166016 0.22289752960205078 859
keyframe_mmdrivable
4788 4782 6 0.21594929695129395 0.01272273063659668 0.22867202758789062 860
keyframe_mmdrivable
4794 4788 6 0.20954155921936035 0.013057231903076172 0.22259879112243652 861
keyframe_mmdrivable
4799 4793 6 0.2007768154144287 0.0018410682678222656 0.20261788368225098 862
keyframe_mmdrivable
4804 4798 6 0.19331598281860352 0.009047985076904297 0.2023639678955078 863
keyframe_mmdrivable
4810 4803 6 0.19305753707885742 0.014883995056152344 0.20794153213500977 864
keyframe_mmdrivable
4815 4809 6 0.21562433242797852 0.008546829223632812 0.22417116165161133 865
keyframe_mmdrivable
4817 4814 3 0.2154839038848877 0.0016262531280517578 0.21711015701293945 866
keyframe_mmdrivable
4817 4815 2 0.1924753189086914 0.0015676021575927734 0.19404292106628418 867
keyframe_mmdrivable
4817 4816 1 0.1929330825805664 0.0017349720001220703 0.19466805458068848 868
stop drivable detection
