load checkpoint from http path: https://dl.cv.ethz.ch/bdd100k/drivable/models/dnl_r50-d8_512x1024_40k_drivable_bdd100k.pth
timely function starting...
2 1 1 0.21056699752807617 0.007825136184692383 0.21839213371276855 1
91 90 1 0.17595219612121582 0.006124258041381836 0.18207645416259766 2
96 91 5 0.17238306999206543 0.0015718936920166016 0.17395496368408203 3
102 95 6 0.17196249961853027 0.0025031566619873047 0.17446565628051758 4
107 101 6 0.169356107711792 0.0015120506286621094 0.1708681583404541 5
112 106 6 0.16957402229309082 0.001497030258178711 0.17107105255126953 6
117 111 6 0.16854047775268555 0.002660512924194336 0.17120099067687988 7
122 116 6 0.16986942291259766 0.01233673095703125 0.1822061538696289 8
127 121 6 0.1681973934173584 0.002123594284057617 0.17032098770141602 9
132 126 6 0.1699824333190918 0.0016217231750488281 0.17160415649414062 10
137 131 6 0.179703950881958 0.001659393310546875 0.18136334419250488 11
143 137 6 0.17815828323364258 0.0018286705017089844 0.17998695373535156 12
149 142 6 0.16868209838867188 0.010519981384277344 0.17920207977294922 13
153 147 6 0.17271137237548828 0.0016856193542480469 0.17439699172973633 14
158 152 6 0.1760542392730713 0.0016317367553710938 0.17768597602844238 15
164 157 6 0.16835618019104004 0.0017216205596923828 0.17007780075073242 16
168 162 6 0.16729378700256348 0.0049190521240234375 0.17221283912658691 17
173 167 6 0.16998863220214844 0.0014460086822509766 0.17143464088439941 18
178 172 6 0.1701796054840088 0.0017461776733398438 0.17192578315734863 19
184 177 6 0.17242908477783203 0.0015022754669189453 0.17393136024475098 20
189 182 6 0.1746351718902588 0.0015037059783935547 0.17613887786865234 21
193 187 6 0.1741657257080078 0.001661062240600586 0.1758267879486084 22
198 192 6 0.182326078414917 0.009824275970458984 0.19215035438537598 23
204 198 6 0.18065500259399414 0.002250194549560547 0.1829051971435547 24
210 204 6 0.17847537994384766 0.007085323333740234 0.1855607032775879 25
215 209 6 0.17156052589416504 0.012163162231445312 0.18372368812561035 26
221 215 6 0.16992974281311035 0.0037822723388671875 0.17371201515197754 27
226 220 6 0.17720580101013184 0.0016095638275146484 0.17881536483764648 28
232 226 6 0.20807719230651855 0.005532741546630859 0.21360993385314941 29
238 232 6 0.17005586624145508 0.011749267578125 0.18180513381958008 30
244 238 6 0.17482757568359375 0.001871347427368164 0.17669892311096191 31
249 243 6 0.17753386497497559 0.0015151500701904297 0.17904901504516602 32
254 248 6 0.1693434715270996 0.0014777183532714844 0.1708211898803711 33
259 253 6 0.17014145851135254 0.0017163753509521484 0.1718578338623047 34
264 258 6 0.1809370517730713 0.0014617443084716797 0.18239879608154297 35
269 263 6 0.19668817520141602 0.001567840576171875 0.1982560157775879 36
275 274 1 0.185349702835083 0.0014026165008544922 0.1867523193359375 37
281 275 5 0.17153716087341309 0.001556396484375 0.17309355735778809 38
285 280 5 0.16989850997924805 0.001687765121459961 0.171586275100708 39
290 284 6 0.1809084415435791 0.001573324203491211 0.1824817657470703 40
296 295 1 0.1951274871826172 0.0015826225280761719 0.19671010971069336 41
301 296 5 0.19081449508666992 0.0015780925750732422 0.19239258766174316 42
307 306 1 0.1723794937133789 0.0015506744384765625 0.17393016815185547 43
312 307 5 0.17218708992004395 0.0014772415161132812 0.17366433143615723 44
317 311 6 0.1699233055114746 0.0014564990997314453 0.17137980461120605 45
322 316 6 0.17206573486328125 0.007038593292236328 0.17910432815551758 46
327 321 6 0.169769287109375 0.004716157913208008 0.174485445022583 47
332 326 6 0.17129945755004883 0.0015912055969238281 0.17289066314697266 48
337 331 6 0.1711280345916748 0.0027420520782470703 0.17387008666992188 49
342 336 6 0.18421030044555664 0.0021238327026367188 0.18633413314819336 50
348 347 1 0.18202924728393555 0.001573324203491211 0.18360257148742676 51
353 348 5 0.18178987503051758 0.002168416976928711 0.1839582920074463 52
359 358 1 0.17250299453735352 0.0015406608581542969 0.1740436553955078 53
364 359 5 0.16995000839233398 0.002085447311401367 0.17203545570373535 54
369 363 6 0.17299437522888184 0.0015845298767089844 0.17457890510559082 55
374 368 6 0.16974711418151855 0.006249427795410156 0.1759965419769287 56
379 373 6 0.17155885696411133 0.001605987548828125 0.17316484451293945 57
384 378 6 0.17111611366271973 0.007582902908325195 0.17869901657104492 58
389 383 6 0.1707444190979004 0.0015857219696044922 0.17233014106750488 59
395 389 6 0.17211008071899414 0.009487152099609375 0.18159723281860352 60
400 394 6 0.17416810989379883 0.0018939971923828125 0.17606210708618164 61
406 400 6 0.18225741386413574 0.012880563735961914 0.19513797760009766 62
411 405 6 0.18709921836853027 0.01045083999633789 0.19755005836486816 63
417 411 6 0.17077231407165527 0.0015516281127929688 0.17232394218444824 64
422 416 6 0.1806790828704834 0.0015025138854980469 0.18218159675598145 65
428 426 2 0.17081189155578613 0.001596689224243164 0.1724085807800293 66
433 427 6 0.2167060375213623 0.011471271514892578 0.22817730903625488 67
439 438 1 0.17942500114440918 0.0016627311706542969 0.18108773231506348 68
442 439 3 0.18117666244506836 0.005741596221923828 0.1869182586669922 69
447 441 6 0.2093954086303711 0.012691259384155273 0.22208666801452637 70
453 447 6 0.1849372386932373 0.0015478134155273438 0.18648505210876465 71
458 452 6 0.17234206199645996 0.0028924942016601562 0.17523455619812012 72
463 457 6 0.19233107566833496 0.02417445182800293 0.2165055274963379 73
467 462 5 0.221329927444458 0.02030491828918457 0.24163484573364258 74
473 471 2 0.20934677124023438 0.007910490036010742 0.21725726127624512 75
478 472 6 0.2027270793914795 0.006978034973144531 0.20970511436462402 76
483 477 6 0.2068192958831787 0.0015416145324707031 0.20836091041564941 77
487 481 6 0.1742839813232422 0.012812376022338867 0.18709635734558105 78
492 486 6 0.1854546070098877 0.014397382736206055 0.19985198974609375 79
496 491 5 0.19844913482666016 0.0015799999237060547 0.2000291347503662 80
502 501 1 0.17038226127624512 0.0016214847564697266 0.17200374603271484 81
507 502 5 0.17249608039855957 0.012822628021240234 0.1853187084197998 82
511 505 6 0.21432709693908691 0.0015554428100585938 0.2158825397491455 83
516 510 6 0.17257332801818848 0.0015521049499511719 0.17412543296813965 84
521 515 6 0.17205524444580078 0.0015506744384765625 0.17360591888427734 85
526 520 6 0.17714834213256836 0.002756357192993164 0.17990469932556152 86
532 526 6 0.1708221435546875 0.011784553527832031 0.18260669708251953 87
537 531 6 0.18716692924499512 0.00152587890625 0.18869280815124512 88
543 542 1 0.17110633850097656 0.0020782947540283203 0.17318463325500488 89
547 543 4 0.1869666576385498 0.0033826828002929688 0.19034934043884277 90
553 547 6 0.1706857681274414 0.012718439102172852 0.18340420722961426 91
558 552 6 0.20113539695739746 0.023800134658813477 0.22493553161621094 92
564 558 6 0.18270039558410645 0.0015270709991455078 0.18422746658325195 93
569 563 6 0.173095703125 0.001497030258178711 0.1745927333831787 94
574 568 6 0.1810314655303955 0.009192705154418945 0.19022417068481445 95
579 573 6 0.17824792861938477 0.0030565261840820312 0.1813044548034668 96
583 578 5 0.17934203147888184 0.012749910354614258 0.1920919418334961 97
589 583 6 0.17723345756530762 0.012856245040893555 0.19008970260620117 98
593 588 5 0.19124627113342285 0.00849771499633789 0.19974398612976074 99
598 592 6 0.2012956142425537 0.001562356948852539 0.20285797119140625 100
604 597 6 0.17208290100097656 0.005915641784667969 0.17799854278564453 101
608 602 6 0.1835465431213379 0.008575677871704102 0.192122220993042 102
613 607 5 0.18797731399536133 0.006547212600708008 0.19452452659606934 103
618 612 6 0.18834280967712402 0.003050088882446289 0.1913928985595703 104
622 616 6 0.19982194900512695 0.02885127067565918 0.22867321968078613 105
627 621 6 0.1886587142944336 0.005438566207885742 0.19409728050231934 106
631 626 5 0.18413281440734863 0.015027999877929688 0.19916081428527832 107
636 630 6 0.19848847389221191 0.025226354598999023 0.22371482849121094 108
641 635 6 0.1895599365234375 0.007127523422241211 0.1966874599456787 109
645 640 5 0.1864778995513916 0.02404499053955078 0.21052289009094238 110
651 644 6 0.20053482055664062 0.016430139541625977 0.2169649600982666 111
656 650 6 0.20570039749145508 0.010789871215820312 0.2164902687072754 112
661 655 6 0.19481945037841797 0.006767749786376953 0.20158720016479492 113
666 660 6 0.20403552055358887 0.009223222732543945 0.2132587432861328 114
670 665 5 0.17828369140625 0.0032444000244140625 0.18152809143066406 115
673 667 6 0.1850740909576416 0.027505874633789062 0.21257996559143066 116
678 672 6 0.20671677589416504 0.007823944091796875 0.21454071998596191 117
683 677 6 0.20147132873535156 0.035086870193481445 0.236558198928833 118
689 683 6 0.1803452968597412 0.015364885330200195 0.1957101821899414 119
694 688 6 0.1845078468322754 0.02045726776123047 0.20496511459350586 120
699 693 6 0.17714190483093262 0.0043544769287109375 0.18149638175964355 121
704 698 6 0.2068769931793213 0.007962703704833984 0.21483969688415527 122
709 703 6 0.19080305099487305 0.025125980377197266 0.2159290313720703 123
714 708 6 0.1797494888305664 0.011446952819824219 0.19119644165039062 124
719 713 6 0.2098383903503418 0.0016467571258544922 0.2114851474761963 125
725 719 6 0.1729295253753662 0.0016491413116455078 0.17457866668701172 126
730 724 6 0.17350244522094727 0.0015172958374023438 0.1750197410583496 127
735 729 6 0.17299461364746094 0.0015864372253417969 0.17458105087280273 128
741 735 6 0.17337703704833984 0.002488851547241211 0.17586588859558105 129
746 740 6 0.17185044288635254 0.014434814453125 0.18628525733947754 130
752 746 6 0.17271709442138672 0.0015461444854736328 0.17426323890686035 131
757 751 6 0.17637181282043457 0.001552581787109375 0.17792439460754395 132
762 756 6 0.17251229286193848 0.0017819404602050781 0.17429423332214355 133
767 761 6 0.17153358459472656 0.001964569091796875 0.17349815368652344 134
772 766 6 0.17556309700012207 0.001903533935546875 0.17746663093566895 135
778 772 6 0.1793992519378662 0.0017285346984863281 0.18112778663635254 136
783 777 6 0.18010425567626953 0.0015387535095214844 0.18164300918579102 137
788 782 6 0.1819000244140625 0.001474142074584961 0.18337416648864746 138
794 788 6 0.18128156661987305 0.0015819072723388672 0.18286347389221191 139
799 793 6 0.1810157299041748 0.0069768428802490234 0.18799257278442383 140
804 798 6 0.18305659294128418 0.0016999244689941406 0.18475651741027832 141
810 804 6 0.1842031478881836 0.009397745132446289 0.19360089302062988 142
815 809 6 0.1910538673400879 0.003306865692138672 0.19436073303222656 143
821 815 6 0.186737060546875 0.012397050857543945 0.19913411140441895 144
827 821 6 0.1761922836303711 0.0017247200012207031 0.1779170036315918 145
832 826 6 0.17507076263427734 0.007268190383911133 0.18233895301818848 146
838 832 6 0.17234373092651367 0.004825115203857422 0.1771688461303711 147
843 837 6 0.17275500297546387 0.001489400863647461 0.17424440383911133 148
849 843 6 0.1798558235168457 0.0017428398132324219 0.18159866333007812 149
854 848 6 0.18459463119506836 0.0015914440155029297 0.1861860752105713 150
860 854 6 0.17178988456726074 0.0017952919006347656 0.1735851764678955 151
865 859 6 0.17393970489501953 0.0017552375793457031 0.17569494247436523 152
870 864 6 0.1749272346496582 0.0014162063598632812 0.17634344100952148 153
876 869 6 0.17412590980529785 0.0015823841094970703 0.17570829391479492 154
881 880 1 0.17230486869812012 0.0015492439270019531 0.17385411262512207 155
886 881 5 0.17950153350830078 0.0015270709991455078 0.1810286045074463 156
892 890 2 0.1724224090576172 0.0016243457794189453 0.17404675483703613 157
896 891 5 0.1743154525756836 0.008712291717529297 0.1830277442932129 158
902 901 1 0.17791128158569336 0.0015325546264648438 0.1794438362121582 159
908 902 5 0.17354464530944824 0.011019706726074219 0.18456435203552246 160
913 912 1 0.17516541481018066 0.0018091201782226562 0.17697453498840332 161
918 913 5 0.18369626998901367 0.011486291885375977 0.19518256187438965 162
924 918 6 0.1819300651550293 0.0015997886657714844 0.18352985382080078 163
930 923 6 0.18188142776489258 0.002092123031616211 0.1839735507965088 164
935 929 6 0.19176745414733887 0.0021064281463623047 0.19387388229370117 165
941 934 6 0.17995619773864746 0.0017178058624267578 0.18167400360107422 166
946 940 6 0.17301177978515625 0.0015139579772949219 0.17452573776245117 167
951 945 6 0.17473244667053223 0.001486063003540039 0.17621850967407227 168
956 950 6 0.17460131645202637 0.0017633438110351562 0.17636466026306152 169
961 955 6 0.1749887466430664 0.004426717758178711 0.17941546440124512 170
967 965 2 0.1780085563659668 0.0015835762023925781 0.17959213256835938 171
972 966 6 0.1739635467529297 0.001642465591430664 0.17560601234436035 172
977 971 6 0.20056962966918945 0.002652883529663086 0.20322251319885254 173
983 977 6 0.18172574043273926 0.006052732467651367 0.18777847290039062 174
989 983 6 0.17574858665466309 0.0016665458679199219 0.177415132522583 175
994 988 6 0.17532801628112793 0.006826639175415039 0.18215465545654297 176
999 993 6 0.1819446086883545 0.0017099380493164062 0.1836545467376709 177
1004 998 6 0.1988217830657959 0.0015270709991455078 0.2003488540649414 178
1010 1004 6 0.18559670448303223 0.0015375614166259766 0.1871342658996582 179
1015 1009 6 0.18422222137451172 0.001546621322631836 0.18576884269714355 180
1020 1014 6 0.17522573471069336 0.011734724044799805 0.18696045875549316 181
1025 1019 6 0.17786240577697754 0.00963139533996582 0.18749380111694336 182
1030 1024 6 0.19284415245056152 0.01201772689819336 0.20486187934875488 183
1035 1029 6 0.18332266807556152 0.009438037872314453 0.19276070594787598 184
1041 1040 1 0.184586763381958 0.001552581787109375 0.18613934516906738 185
1046 1041 5 0.17473149299621582 0.0017764568328857422 0.17650794982910156 186
1051 1045 6 0.18003344535827637 0.0017256736755371094 0.18175911903381348 187
1056 1050 6 0.18891167640686035 0.0015141963958740234 0.19042587280273438 188
1061 1055 6 0.18379497528076172 0.001621246337890625 0.18541622161865234 189
1067 1060 6 0.17489147186279297 0.0016162395477294922 0.17650771141052246 190
1072 1066 6 0.1740262508392334 0.0038716793060302734 0.17789793014526367 191
1077 1071 6 0.1786973476409912 0.021051883697509766 0.19974923133850098 192
1083 1082 1 0.1754457950592041 0.0017821788787841797 0.17722797393798828 193
1088 1083 5 0.2030620574951172 0.009059667587280273 0.21212172508239746 194
1094 1093 1 0.185577392578125 0.0023572444915771484 0.18793463706970215 195
1100 1094 6 0.17702603340148926 0.0015554428100585938 0.17858147621154785 196
1105 1099 6 0.1755836009979248 0.001634359359741211 0.17721796035766602 197
1110 1104 6 0.17317962646484375 0.001638650894165039 0.1748182773590088 198
1115 1109 6 0.1748027801513672 0.0015058517456054688 0.17630863189697266 199
1120 1114 6 0.17485404014587402 0.005331277847290039 0.18018531799316406 200
1126 1124 2 0.17375612258911133 0.0031681060791015625 0.1769242286682129 201
1131 1125 6 0.17452430725097656 0.013064146041870117 0.18758845329284668 202
1136 1130 6 0.17535924911499023 0.008411884307861328 0.18377113342285156 203
1142 1136 6 0.18071365356445312 0.002493143081665039 0.18320679664611816 204
1147 1141 6 0.186018705368042 0.0035941600799560547 0.18961286544799805 205
1152 1146 6 0.20102643966674805 0.0016450881958007812 0.20267152786254883 206
1158 1152 6 0.18248200416564941 0.0017070770263671875 0.1841890811920166 207
1164 1158 6 0.19008564949035645 0.0015065670013427734 0.19159221649169922 208
1170 1163 6 0.17503833770751953 0.0016491413116455078 0.17668747901916504 209
1175 1168 6 0.1826310157775879 0.0016169548034667969 0.1842479705810547 210
1180 1174 6 0.17934513092041016 0.0017066001892089844 0.18105173110961914 211
1185 1179 6 0.17640042304992676 0.0014677047729492188 0.17786812782287598 212
1191 1184 6 0.1792736053466797 0.0015871524810791016 0.1808607578277588 213
1196 1190 6 0.17391443252563477 0.001440286636352539 0.1753547191619873 214
1201 1195 6 0.16997218132019043 0.008750677108764648 0.17872285842895508 215
1207 1200 6 0.17712831497192383 0.010825395584106445 0.18795371055603027 216
1212 1206 6 0.18438315391540527 0.0014548301696777344 0.185837984085083 217
1217 1211 6 0.18563628196716309 0.0017709732055664062 0.1874072551727295 218
1223 1222 1 0.1744534969329834 0.0025167465209960938 0.1769702434539795 219
1228 1223 5 0.17429709434509277 0.0018830299377441406 0.17618012428283691 220
1233 1227 6 0.17743301391601562 0.0015881061553955078 0.17902112007141113 221
1239 1233 6 0.17693352699279785 0.0016739368438720703 0.17860746383666992 222
1244 1238 6 0.17441082000732422 0.001592874526977539 0.17600369453430176 223
1249 1243 6 0.18192219734191895 0.0018830299377441406 0.18380522727966309 224
1254 1248 6 0.17696022987365723 0.0016622543334960938 0.17862248420715332 225
1260 1254 6 0.1781933307647705 0.0021715164184570312 0.18036484718322754 226
1265 1259 6 0.17855310440063477 0.011652231216430664 0.19020533561706543 227
1271 1265 6 0.17879748344421387 0.002376556396484375 0.18117403984069824 228
1276 1270 6 0.17787408828735352 0.001622915267944336 0.17949700355529785 229
1281 1275 6 0.17900657653808594 0.0015370845794677734 0.1805436611175537 230
1287 1280 6 0.17715692520141602 0.011741399765014648 0.18889832496643066 231
1292 1286 6 0.17528414726257324 0.0021715164184570312 0.17745566368103027 232
1297 1291 6 0.1869802474975586 0.0015125274658203125 0.1884927749633789 233
1303 1302 1 0.18267416954040527 0.001653432846069336 0.1843276023864746 234
1308 1303 5 0.17975759506225586 0.001623392105102539 0.1813809871673584 235
1314 1307 6 0.1755199432373047 0.001800537109375 0.1773204803466797 236
1319 1313 6 0.18036770820617676 0.0016360282897949219 0.18200373649597168 237
1324 1318 6 0.18217134475708008 0.0014903545379638672 0.18366169929504395 238
1330 1323 6 0.17680931091308594 0.001958608627319336 0.17876791954040527 239
1335 1329 6 0.1763312816619873 0.0015437602996826172 0.17787504196166992 240
1339 1334 5 0.17700934410095215 0.0014889240264892578 0.1784982681274414 241
1344 1338 6 0.17740201950073242 0.0015003681182861328 0.17890238761901855 242
1349 1343 6 0.1772902011871338 0.005305767059326172 0.18259596824645996 243
1355 1349 6 0.1771984100341797 0.006135702133178711 0.1833341121673584 244
1360 1354 6 0.17777037620544434 0.014297008514404297 0.19206738471984863 245
1366 1359 6 0.17838025093078613 0.006051301956176758 0.1844315528869629 246
1371 1365 6 0.19202065467834473 0.0016255378723144531 0.19364619255065918 247
1376 1370 6 0.1819443702697754 0.0015151500701904297 0.18345952033996582 248
1381 1375 6 0.17660307884216309 0.0017428398132324219 0.1783459186553955 249
1386 1380 6 0.18015456199645996 0.0032181739807128906 0.18337273597717285 250
1392 1386 6 0.18012380599975586 0.0014653205871582031 0.18158912658691406 251
1397 1391 6 0.17884564399719238 0.0016193389892578125 0.1804649829864502 252
1402 1396 6 0.17801260948181152 0.0016596317291259766 0.1796722412109375 253
1407 1401 6 0.1780242919921875 0.013987541198730469 0.19201183319091797 254
1412 1406 6 0.17914962768554688 0.001728057861328125 0.180877685546875 255
1418 1412 6 0.1877732276916504 0.0017518997192382812 0.18952512741088867 256
1423 1417 6 0.19110894203186035 0.0018756389617919922 0.19298458099365234 257
1429 1423 6 0.17836999893188477 0.0036194324493408203 0.18198943138122559 258
1434 1428 6 0.1787092685699463 0.006444692611694336 0.18515396118164062 259
1439 1433 6 0.1857926845550537 0.015438556671142578 0.2012312412261963 260
1444 1438 6 0.20302820205688477 0.00971841812133789 0.21274662017822266 261
1451 1449 2 0.2002546787261963 0.013425588607788086 0.21368026733398438 262
1456 1450 6 0.21535086631774902 0.0015981197357177734 0.2169489860534668 263
1463 1461 1 0.19413256645202637 0.0016205310821533203 0.1957530975341797 264
1467 1462 5 0.1828768253326416 0.005265474319458008 0.1881422996520996 265
1472 1466 6 0.17858219146728516 0.0016276836395263672 0.18020987510681152 266
1477 1471 6 0.18311405181884766 0.001566171646118164 0.18468022346496582 267
1482 1476 6 0.17994046211242676 0.0015997886657714844 0.18154025077819824 268
1487 1481 6 0.18554186820983887 0.0029549598693847656 0.18849682807922363 269
1493 1486 6 0.18018126487731934 0.0017075538635253906 0.18188881874084473 270
1498 1492 6 0.17767119407653809 0.003918170928955078 0.18158936500549316 271
1503 1497 6 0.17797517776489258 0.005699872970581055 0.18367505073547363 272
1508 1502 6 0.1809847354888916 0.0028579235076904297 0.18384265899658203 273
1513 1507 6 0.17832112312316895 0.001657247543334961 0.1799783706665039 274
1518 1512 6 0.18255972862243652 0.006394863128662109 0.18895459175109863 275
1524 1518 6 0.1810595989227295 0.0015888214111328125 0.1826484203338623 276
1528 1522 6 0.18045735359191895 0.0015676021575927734 0.18202495574951172 277
1533 1527 6 0.17634820938110352 0.0023713111877441406 0.17871952056884766 278
1538 1532 6 0.18147563934326172 0.01590108871459961 0.19737672805786133 279
1543 1537 6 0.18378281593322754 0.0091552734375 0.19293808937072754 280
1549 1543 6 0.18676018714904785 0.0018241405487060547 0.1885843276977539 281
1555 1549 6 0.1828300952911377 0.002392292022705078 0.18522238731384277 282
1560 1554 6 0.1827239990234375 0.0035402774810791016 0.1862642765045166 283
1566 1565 1 0.21224308013916016 0.001562356948852539 0.2138054370880127 284
1572 1566 6 0.1808030605316162 0.0016705989837646484 0.18247365951538086 285
1577 1571 6 0.18104171752929688 0.001600027084350586 0.18264174461364746 286
1582 1576 6 0.18059444427490234 0.0017948150634765625 0.1823892593383789 287
1587 1581 6 0.1805737018585205 0.022385120391845703 0.2029588222503662 288
1593 1587 6 0.18544912338256836 0.0017042160034179688 0.18715333938598633 289
1598 1592 6 0.1867969036102295 0.0015337467193603516 0.18833065032958984 290
1604 1598 6 0.187577486038208 0.0016431808471679688 0.18922066688537598 291
1610 1604 6 0.18561840057373047 0.0015647411346435547 0.18718314170837402 292
1615 1609 6 0.18774151802062988 0.0032868385314941406 0.19102835655212402 293
1621 1615 6 0.18572115898132324 0.006351947784423828 0.19207310676574707 294
1626 1620 6 0.19834613800048828 0.0017917156219482422 0.20013785362243652 295
1632 1626 6 0.18826556205749512 0.0016596317291259766 0.1899251937866211 296
1637 1631 6 0.20700764656066895 0.0016579627990722656 0.2086656093597412 297
1643 1642 1 0.1851060390472412 0.0015559196472167969 0.186661958694458 298
1648 1643 5 0.18850064277648926 0.0016434192657470703 0.19014406204223633 299
1654 1652 2 0.18874859809875488 0.0017392635345458984 0.19048786163330078 300
1659 1653 6 0.18766522407531738 0.0016531944274902344 0.18931841850280762 301
1664 1658 6 0.18892979621887207 0.00162506103515625 0.19055485725402832 302
1669 1663 6 0.1907496452331543 0.0016984939575195312 0.19244813919067383 303
1674 1668 6 0.1879734992980957 0.0016396045684814453 0.18961310386657715 304
1679 1673 6 0.18958163261413574 0.0015926361083984375 0.19117426872253418 305
1685 1678 6 0.1880936622619629 0.0016582012176513672 0.18975186347961426 306
1690 1684 6 0.18785572052001953 0.004921913146972656 0.1927776336669922 307
1695 1689 6 0.18842649459838867 0.014477014541625977 0.20290350914001465 308
1700 1694 6 0.18937158584594727 0.0034737586975097656 0.19284534454345703 309
1706 1699 6 0.1886451244354248 0.024400949478149414 0.21304607391357422 310
1711 1705 6 0.1871488094329834 0.010548830032348633 0.19769763946533203 311
1717 1711 6 0.1778573989868164 0.008565902709960938 0.18642330169677734 312
1722 1716 6 0.18582653999328613 0.013084888458251953 0.19891142845153809 313
1727 1721 6 0.1932075023651123 0.0015177726745605469 0.19472527503967285 314
1732 1726 6 0.18103742599487305 0.0028705596923828125 0.18390798568725586 315
1737 1731 6 0.18018627166748047 0.0038199424743652344 0.1840062141418457 316
1743 1737 6 0.201171875 0.0015552043914794922 0.2027270793914795 317
1748 1742 6 0.17915654182434082 0.0015506744384765625 0.18070721626281738 318
1753 1747 6 0.17676353454589844 0.011145830154418945 0.18790936470031738 319
1758 1752 6 0.17560148239135742 0.0015606880187988281 0.17716217041015625 320
1762 1757 5 0.18904590606689453 0.001529693603515625 0.19057559967041016 321
1768 1762 6 0.1982250213623047 0.00156402587890625 0.19978904724121094 322
1773 1767 6 0.17577695846557617 0.0014526844024658203 0.177229642868042 323
1779 1773 6 0.1796894073486328 0.0018780231475830078 0.18156743049621582 324
1784 1778 6 0.18691015243530273 0.0015759468078613281 0.18848609924316406 325
1790 1783 6 0.19357967376708984 0.0017101764678955078 0.19528985023498535 326
1794 1788 6 0.1973423957824707 0.004015684127807617 0.20135807991027832 327
1800 1794 6 0.19361662864685059 0.0015492439270019531 0.19516587257385254 328
1805 1799 6 0.20050287246704102 0.002917766571044922 0.20342063903808594 329
1811 1810 1 0.20029211044311523 0.0014371871948242188 0.20172929763793945 330
1817 1811 5 0.1891937255859375 0.0014789104461669922 0.1906726360321045 331
1822 1816 6 0.18235278129577637 0.0014719963073730469 0.18382477760314941 332
1826 1820 6 0.18323850631713867 0.0038640499114990234 0.1871025562286377 333
1830 1825 5 0.1925361156463623 0.0018680095672607422 0.19440412521362305 334
1835 1829 6 0.18168115615844727 0.013297080993652344 0.1949782371520996 335
1841 1840 1 0.18960261344909668 0.009050607681274414 0.1986532211303711 336
1847 1841 6 0.1784679889678955 0.0016074180603027344 0.18007540702819824 337
1852 1846 6 0.1812729835510254 0.002203702926635742 0.18347668647766113 338
1857 1851 6 0.18782830238342285 0.008402109146118164 0.19623041152954102 339
1862 1856 6 0.19114303588867188 0.0015988349914550781 0.19274187088012695 340
1867 1861 6 0.19320917129516602 0.001627206802368164 0.19483637809753418 341
1873 1871 2 0.19675540924072266 0.010726451873779297 0.20748186111450195 342
1877 1872 5 0.19497156143188477 0.0030019283294677734 0.19797348976135254 343
1883 1882 1 0.18057632446289062 0.0015497207641601562 0.18212604522705078 344
1888 1883 5 0.17733359336853027 0.0015125274658203125 0.17884612083435059 345
1894 1892 2 0.18198013305664062 0.0015976428985595703 0.1835777759552002 346
1899 1893 6 0.19564104080200195 0.0017724037170410156 0.19741344451904297 347
1905 1898 6 0.21991658210754395 0.0016143321990966797 0.22153091430664062 348
1910 1904 6 0.3008840084075928 0.0027735233306884766 0.30365753173828125 349
1918 1916 2 0.27178263664245605 0.0016217231750488281 0.2734043598175049 350
1925 1919 6 0.2401130199432373 0.012691020965576172 0.2528040409088135 351
1932 1926 6 0.2411503791809082 0.019681930541992188 0.2608323097229004 352
1940 1933 6 0.23443245887756348 0.015595674514770508 0.250028133392334 353
1946 1940 6 0.22602128982543945 0.011359691619873047 0.2373809814453125 354
1951 1945 6 0.18777918815612793 0.0015718936920166016 0.18935108184814453 355
1956 1950 6 0.18634366989135742 0.0016963481903076172 0.18804001808166504 356
1961 1955 5 0.19107437133789062 0.01268911361694336 0.20376348495483398 357
1966 1960 5 0.19026398658752441 0.0016558170318603516 0.19191980361938477 358
1970 1964 6 0.20655035972595215 0.0015091896057128906 0.20805954933166504 359
1976 1975 1 0.18967461585998535 0.0015265941619873047 0.19120121002197266 360
1981 1976 5 0.18973731994628906 0.0015461444854736328 0.1912834644317627 361
1986 1980 6 0.19119548797607422 0.0016789436340332031 0.19287443161010742 362
1991 1985 6 0.18804407119750977 0.013151407241821289 0.20119547843933105 363
1997 1995 2 0.19513988494873047 0.0022449493408203125 0.19738483428955078 364
2002 1996 6 0.19709324836730957 0.004759550094604492 0.20185279846191406 365
2008 2006 2 0.1835038661956787 0.002385854721069336 0.18588972091674805 366
2013 2007 6 0.19835805892944336 0.0015766620635986328 0.199934720993042 367
2019 2018 1 0.20981740951538086 0.012477397918701172 0.22229480743408203 368
2026 2019 6 0.1768937110900879 0.0017268657684326172 0.1786205768585205 369
2031 2030 1 0.18516898155212402 0.00992727279663086 0.19509625434875488 370
2036 2031 5 0.1781597137451172 0.003277301788330078 0.18143701553344727 371
2040 2034 6 0.19049811363220215 0.012627601623535156 0.2031257152557373 372
2046 2040 6 0.1761474609375 0.012721538543701172 0.18886899948120117 373
2051 2045 5 0.17641186714172363 0.0016658306121826172 0.17807769775390625 374
2056 2050 6 0.19741511344909668 0.0016701221466064453 0.19908523559570312 375
2061 2055 6 0.17660903930664062 0.0016498565673828125 0.17825889587402344 376
2066 2060 6 0.1790471076965332 0.003332853317260742 0.18237996101379395 377
2071 2065 6 0.18639874458312988 0.009783506393432617 0.1961822509765625 378
2076 2070 6 0.18114447593688965 0.01260066032409668 0.19374513626098633 379
2081 2075 6 0.18140125274658203 0.012627601623535156 0.1940288543701172 380
2086 2080 6 0.1863713264465332 0.0030775070190429688 0.18944883346557617 381
2091 2085 6 0.20977520942687988 0.00825047492980957 0.21802568435668945 382
2096 2090 6 0.18037891387939453 0.0022292137145996094 0.18260812759399414 383
2101 2095 6 0.19502544403076172 0.0016160011291503906 0.1966414451599121 384
2107 2100 6 0.20755696296691895 0.006500244140625 0.21405720710754395 385
2111 2105 6 0.1872103214263916 0.014188289642333984 0.20139861106872559 386
2117 2111 6 0.19936180114746094 0.013129234313964844 0.21249103546142578 387
2121 2115 6 0.23696136474609375 0.015381574630737305 0.25234293937683105 388
2128 2126 1 0.204390287399292 0.005410194396972656 0.20980048179626465 389
2132 2127 5 0.2042527198791504 0.01195526123046875 0.21620798110961914 390
2138 2136 2 0.1914989948272705 0.0015146732330322266 0.19301366806030273 391
2142 2137 5 0.19817852973937988 0.0065708160400390625 0.20474934577941895 392
2146 2140 6 0.2066957950592041 0.0015954971313476562 0.20829129219055176 393
2151 2145 6 0.18365979194641113 0.02440023422241211 0.20806002616882324 394
2156 2150 5 0.1944420337677002 0.012619495391845703 0.2070615291595459 395
2160 2154 6 0.18829822540283203 0.0014853477478027344 0.18978357315063477 396
2166 2160 6 0.18335676193237305 0.001626729965209961 0.184983491897583 397
2171 2165 6 0.1827390193939209 0.007169246673583984 0.18990826606750488 398
2176 2170 5 0.1784682273864746 0.006045341491699219 0.18451356887817383 399
2180 2174 6 0.19071292877197266 0.00302886962890625 0.1937417984008789 400
2185 2179 6 0.18013858795166016 0.004849433898925781 0.18498802185058594 401
2190 2184 6 0.18651700019836426 0.001596212387084961 0.18811321258544922 402
2196 2190 6 0.17831826210021973 0.001482248306274414 0.17980051040649414 403
2201 2195 6 0.18080878257751465 0.0017037391662597656 0.18251252174377441 404
2206 2200 6 0.18238067626953125 0.005449771881103516 0.18783044815063477 405
2211 2205 5 0.19934606552124023 0.012733936309814453 0.2120800018310547 406
2215 2210 5 0.19530653953552246 0.0033926963806152344 0.1986992359161377 407
2220 2214 6 0.18724298477172852 0.006494283676147461 0.19373726844787598 408
2225 2219 6 0.21406769752502441 0.0019054412841796875 0.2159731388092041 409
2231 2224 6 0.20001506805419922 0.001615762710571289 0.2016308307647705 410
2235 2230 5 0.1844184398651123 0.0015056133270263672 0.18592405319213867 411
2240 2234 6 0.1857295036315918 0.0016679763793945312 0.18739748001098633 412
2246 2244 2 0.18639588356018066 0.0014977455139160156 0.18789362907409668 413
2251 2245 6 0.18674945831298828 0.0017895698547363281 0.1885390281677246 414
2257 2256 1 0.18494653701782227 0.0015435218811035156 0.18649005889892578 415
2263 2257 6 0.1853771209716797 0.0035843849182128906 0.18896150588989258 416
2268 2262 6 0.1892859935760498 0.0014073848724365234 0.19069337844848633 417
2273 2267 6 0.1867673397064209 0.013206720352172852 0.19997406005859375 418
2279 2278 1 0.19244885444641113 0.010174751281738281 0.20262360572814941 419
2285 2279 6 0.1930556297302246 0.006302833557128906 0.19935846328735352 420
2290 2284 6 0.21449947357177734 0.0018794536590576172 0.21637892723083496 421
2295 2289 6 0.20101428031921387 0.014036417007446289 0.21505069732666016 422
2301 2300 1 0.20313525199890137 0.016134023666381836 0.2192692756652832 423
2306 2301 5 0.20776629447937012 0.012384653091430664 0.22015094757080078 424
2312 2311 1 0.2245774269104004 0.0040357112884521484 0.22861313819885254 425
2318 2312 6 0.19641613960266113 0.001703023910522461 0.1981191635131836 426
2324 2323 1 0.20022225379943848 0.0024194717407226562 0.20264172554016113 427
2330 2324 6 0.1877293586730957 0.0017352104187011719 0.18946456909179688 428
2335 2329 6 0.189070463180542 0.0015256404876708984 0.1905961036682129 429
2340 2334 6 0.18895435333251953 0.0015299320220947266 0.19048428535461426 430
2346 2345 1 0.1884303092956543 0.0015921592712402344 0.19002246856689453 431
2351 2346 5 0.19087719917297363 0.0016417503356933594 0.192518949508667 432
2357 2355 2 0.18836688995361328 0.0015559196472167969 0.18992280960083008 433
2362 2356 6 0.19266939163208008 0.0015447139739990234 0.1942141056060791 434
2367 2361 6 0.1897261142730713 0.0015087127685546875 0.19123482704162598 435
2372 2366 6 0.19883251190185547 0.0016007423400878906 0.20043325424194336 436
2378 2377 1 0.18791937828063965 0.0016109943389892578 0.1895303726196289 437
2383 2378 5 0.1902170181274414 0.0015799999237060547 0.19179701805114746 438
2389 2387 2 0.19905328750610352 0.0016295909881591797 0.2006828784942627 439
2394 2388 6 0.20531988143920898 0.0015175342559814453 0.20683741569519043 440
2400 2393 6 0.19238066673278809 0.010462760925292969 0.20284342765808105 441
2405 2399 6 0.18987536430358887 0.0021889209747314453 0.1920642852783203 442
2410 2404 6 0.19002008438110352 0.0015668869018554688 0.19158697128295898 443
2416 2410 6 0.19048738479614258 0.0015873908996582031 0.19207477569580078 444
2422 2416 6 0.1907176971435547 0.0016071796417236328 0.19232487678527832 445
2428 2422 6 0.18920469284057617 0.0015687942504882812 0.19077348709106445 446
2433 2427 6 0.19176983833312988 0.0016558170318603516 0.19342565536499023 447
2439 2433 6 0.19112157821655273 0.0016117095947265625 0.1927332878112793 448
2445 2439 6 0.191420316696167 0.0015680789947509766 0.19298839569091797 449
2450 2444 6 0.20706701278686523 0.0016674995422363281 0.20873451232910156 450
2456 2450 6 0.1967775821685791 0.0016274452209472656 0.19840502738952637 451
2461 2455 6 0.2024402618408203 0.01186823844909668 0.214308500289917 452
2467 2466 1 0.1829240322113037 0.0014812946319580078 0.18440532684326172 453
2472 2467 5 0.18061161041259766 0.007371425628662109 0.18798303604125977 454
2478 2477 1 0.17696428298950195 0.004628658294677734 0.1815929412841797 455
2484 2478 6 0.18920278549194336 0.0016324520111083984 0.19083523750305176 456
2490 2483 6 0.1809985637664795 0.0015518665313720703 0.18255043029785156 457
2494 2488 6 0.18237853050231934 0.0016694068908691406 0.18404793739318848 458
2500 2499 1 0.18572402000427246 0.001615762710571289 0.18733978271484375 459
2506 2500 6 0.19105887413024902 0.0016374588012695312 0.19269633293151855 460
2512 2511 1 0.19139790534973145 0.0016620159149169922 0.19305992126464844 461
2518 2512 6 0.21156597137451172 0.0017490386962890625 0.21331501007080078 462
2526 2523 3 0.2095487117767334 0.0016360282897949219 0.21118474006652832 463
2532 2526 6 0.18801665306091309 0.0015759468078613281 0.18959259986877441 464
2538 2532 6 0.1855006217956543 0.0016620159149169922 0.1871626377105713 465
2543 2537 6 0.20475530624389648 0.002249479293823242 0.20700478553771973 466
2550 2548 2 0.1886005401611328 0.0015347003936767578 0.19013524055480957 467
2555 2549 6 0.18835043907165527 0.0016946792602539062 0.19004511833190918 468
2561 2559 2 0.18686246871948242 0.0015797615051269531 0.18844223022460938 469
2566 2560 6 0.19026446342468262 0.0022134780883789062 0.19247794151306152 470
2572 2571 1 0.18484163284301758 0.0016524791717529297 0.1864941120147705 471
2578 2572 6 0.18816781044006348 0.0017168521881103516 0.18988466262817383 472
2583 2577 6 0.18607211112976074 0.011788368225097656 0.1978604793548584 473
2589 2583 6 0.18561768531799316 0.006703615188598633 0.1923213005065918 474
2595 2589 6 0.18592453002929688 0.010485649108886719 0.1964101791381836 475
2601 2595 6 0.1864452362060547 0.0017409324645996094 0.1881861686706543 476
2607 2601 6 0.19609308242797852 0.002218484878540039 0.19831156730651855 477
2613 2607 6 0.19877886772155762 0.0016720294952392578 0.20045089721679688 478
2618 2612 6 0.19020605087280273 0.0015423297882080078 0.19174838066101074 479
2623 2617 6 0.18645119667053223 0.0015485286712646484 0.18799972534179688 480
2629 2623 6 0.18449044227600098 0.0015938282012939453 0.18608427047729492 481
2635 2629 6 0.18469762802124023 0.002432584762573242 0.18713021278381348 482
2641 2635 6 0.18387579917907715 0.0015366077423095703 0.18541240692138672 483
2646 2640 6 0.1849079132080078 0.0016713142395019531 0.18657922744750977 484
2652 2646 6 0.17914772033691406 0.0040438175201416016 0.18319153785705566 485
2657 2651 6 0.18087148666381836 0.0018422603607177734 0.18271374702453613 486
2662 2656 6 0.17938232421875 0.012562751770019531 0.19194507598876953 487
2668 2662 6 0.18389582633972168 0.001495361328125 0.18539118766784668 488
2674 2668 6 0.18603777885437012 0.0015707015991210938 0.1876084804534912 489
2679 2673 6 0.18445920944213867 0.009279489517211914 0.19373869895935059 490
2685 2678 6 0.17791152000427246 0.02000260353088379 0.19791412353515625 491
2689 2683 6 0.18077778816223145 0.002221822738647461 0.1829996109008789 492
2695 2688 6 0.17766857147216797 0.01100611686706543 0.1886746883392334 493
2700 2694 6 0.18098735809326172 0.0015716552734375 0.18255901336669922 494
2705 2699 6 0.18666815757751465 0.0015707015991210938 0.18823885917663574 495
2712 2705 6 0.17955923080444336 0.0017769336700439453 0.1813361644744873 496
2716 2710 6 0.18846654891967773 0.0016400814056396484 0.19010663032531738 497
2721 2715 6 0.19188380241394043 0.010674715042114258 0.2025585174560547 498
2726 2720 6 0.20585203170776367 0.0017621517181396484 0.20761418342590332 499
2733 2731 2 0.1816709041595459 0.01312398910522461 0.1947948932647705 500
2738 2732 6 0.18586206436157227 0.012749671936035156 0.19861173629760742 501
2744 2742 2 0.1932826042175293 0.001682281494140625 0.19496488571166992 502
2749 2743 6 0.1845684051513672 0.0015950202941894531 0.18616342544555664 503
2755 2753 2 0.19320464134216309 0.026726961135864258 0.21993160247802734 504
2760 2754 6 0.2046055793762207 0.012950420379638672 0.21755599975585938 505
2766 2765 1 0.18500924110412598 0.003751516342163086 0.18876075744628906 506
2772 2766 6 0.1834554672241211 0.0015025138854980469 0.18495798110961914 507
2777 2771 5 0.199232816696167 0.0014698505401611328 0.20070266723632812 508
2781 2775 6 0.18405365943908691 0.0015094280242919922 0.1855630874633789 509
2787 2786 1 0.18529295921325684 0.0015940666198730469 0.18688702583312988 510
2792 2787 5 0.1859419345855713 0.0015709400177001953 0.18751287460327148 511
2798 2797 1 0.185014009475708 0.023788928985595703 0.2088029384613037 512
2804 2798 6 0.20198512077331543 0.001628875732421875 0.2036139965057373 513
2810 2808 2 0.20965361595153809 0.005025148391723633 0.21467876434326172 514
2815 2809 6 0.20631814002990723 0.019179821014404297 0.22549796104431152 515
2820 2814 6 0.21317028999328613 0.012847423553466797 0.22601771354675293 516
2825 2819 6 0.23860955238342285 0.024474620819091797 0.26308417320251465 517
2832 2830 2 0.19815826416015625 0.0015671253204345703 0.19972538948059082 518
2837 2831 6 0.18688464164733887 0.0016086101531982422 0.1884932518005371 519
2843 2837 6 0.18518376350402832 0.0024619102478027344 0.18764567375183105 520
2849 2843 6 0.18740320205688477 0.0016622543334960938 0.18906545639038086 521
2855 2849 6 0.18570685386657715 0.0014605522155761719 0.18716740608215332 522
2861 2854 6 0.18707680702209473 0.0015456676483154297 0.18862247467041016 523
2867 2860 6 0.18631482124328613 0.0018298625946044922 0.18814468383789062 524
2872 2866 6 0.18769240379333496 0.010065555572509766 0.19775795936584473 525
2878 2872 6 0.18801450729370117 0.0015664100646972656 0.18958091735839844 526
2883 2877 6 0.1915442943572998 0.0016632080078125 0.1932075023651123 527
2890 2888 2 0.1880481243133545 0.0015609264373779297 0.18960905075073242 528
2895 2889 6 0.1913738250732422 0.002782583236694336 0.19415640830993652 529
2901 2900 1 0.18828797340393066 0.002622365951538086 0.19091033935546875 530
2907 2901 6 0.1907045841217041 0.018373727798461914 0.20907831192016602 531
2913 2911 2 0.20785760879516602 0.014863967895507812 0.22272157669067383 532
2918 2912 6 0.21604061126708984 0.002578258514404297 0.21861886978149414 533
2924 2923 1 0.21577215194702148 0.011641502380371094 0.22741365432739258 534
2929 2924 5 0.1967945098876953 0.0016849040985107422 0.19847941398620605 535
2935 2933 2 0.18529939651489258 0.008782625198364258 0.19408202171325684 536
2940 2934 6 0.2209913730621338 0.0024700164794921875 0.22346138954162598 537
2945 2939 6 0.20462298393249512 0.02340984344482422 0.22803282737731934 538
2951 2945 6 0.19272613525390625 0.006043910980224609 0.19877004623413086 539
2957 2951 6 0.18865728378295898 0.013134956359863281 0.20179224014282227 540
2962 2956 6 0.21111512184143066 0.025969505310058594 0.23708462715148926 541
2968 2966 2 0.21027565002441406 0.01268768310546875 0.2229633331298828 542
2974 2967 6 0.21460199356079102 0.0017316341400146484 0.21633362770080566 543
2979 2973 5 0.2304697036743164 0.01299285888671875 0.24346256256103516 544
2985 2979 6 0.22449731826782227 0.004134654998779297 0.22863197326660156 545
2991 2984 6 0.20000219345092773 0.012624263763427734 0.21262645721435547 546
2996 2990 6 0.1872568130493164 0.009506464004516602 0.196763277053833 547
3000 2995 5 0.18909454345703125 0.023830890655517578 0.21292543411254883 548
3006 2999 6 0.2120516300201416 0.008137941360473633 0.22018957138061523 549
3010 3004 6 0.226881742477417 0.036939144134521484 0.2638208866119385 550
3016 3015 1 0.21086668968200684 0.0015707015991210938 0.21243739128112793 551
3021 3016 5 0.22565221786499023 0.0016052722930908203 0.22725749015808105 552
3027 3026 1 0.1824970245361328 0.0015516281127929688 0.18404865264892578 553
3033 3027 6 0.1927802562713623 0.007441282272338867 0.20022153854370117 554
3038 3032 6 0.20970964431762695 0.00980997085571289 0.21951961517333984 555
3043 3037 6 0.19931411743164062 0.012880563735961914 0.21219468116760254 556
3048 3042 6 0.1892986297607422 0.012915372848510742 0.20221400260925293 557
3053 3047 6 0.20051789283752441 0.0016486644744873047 0.20216655731201172 558
3059 3053 6 0.21009254455566406 0.007067680358886719 0.21716022491455078 559
3064 3058 6 0.20142006874084473 0.012928485870361328 0.21434855461120605 560
3069 3063 6 0.20194149017333984 0.01371145248413086 0.2156529426574707 561
3074 3068 6 0.25282764434814453 0.014400720596313477 0.267228364944458 562
3081 3080 1 0.22081303596496582 0.0024499893188476562 0.22326302528381348 563
3086 3081 5 0.20319819450378418 0.0030777454376220703 0.20627593994140625 564
3091 3085 6 0.20911002159118652 0.0017614364624023438 0.21087145805358887 565
3097 3091 6 0.23098468780517578 0.0016553401947021484 0.23264002799987793 566
3102 3096 6 0.188920259475708 0.0016162395477294922 0.1905364990234375 567
3107 3101 6 0.18686246871948242 0.001554250717163086 0.1884167194366455 568
3112 3106 6 0.19112396240234375 0.0015902519226074219 0.19271421432495117 569
3118 3112 6 0.18651747703552246 0.012883663177490234 0.1994011402130127 570
3123 3117 6 0.18104338645935059 0.006814241409301758 0.18785762786865234 571
3128 3122 6 0.1942439079284668 0.008105039596557617 0.20234894752502441 572
3133 3127 6 0.20654726028442383 0.012667655944824219 0.21921491622924805 573
3137 3132 5 0.18999505043029785 0.0052645206451416016 0.19525957107543945 574
3142 3136 6 0.21104168891906738 0.0016283988952636719 0.21267008781433105 575
3148 3142 6 0.18084263801574707 0.0016818046569824219 0.1825244426727295 576
3154 3148 6 0.19421839714050293 0.009876251220703125 0.20409464836120605 577
3158 3153 5 0.19655299186706543 0.011373519897460938 0.20792651176452637 578
3162 3157 5 0.19659996032714844 0.012952327728271484 0.20955228805541992 579
3167 3161 6 0.2066326141357422 0.012694358825683594 0.21932697296142578 580
3173 3166 6 0.20368289947509766 0.008071660995483398 0.21175456047058105 581
3178 3172 6 0.21346807479858398 0.012904882431030273 0.22637295722961426 582
3183 3177 6 0.21703553199768066 0.019518613815307617 0.23655414581298828 583
3189 3183 6 0.17983341217041016 0.001634836196899414 0.18146824836730957 584
3194 3188 6 0.18050909042358398 0.0015387535095214844 0.18204784393310547 585
3200 3194 6 0.18099498748779297 0.0016446113586425781 0.18263959884643555 586
3205 3199 6 0.1760423183441162 0.009939432144165039 0.18598175048828125 587
3211 3205 6 0.17554426193237305 0.0016753673553466797 0.17721962928771973 588
3217 3211 6 0.1758272647857666 0.011360883712768555 0.18718814849853516 589
3223 3217 6 0.17949438095092773 0.0018846988677978516 0.18137907981872559 590
3228 3222 6 0.19112610816955566 0.0015332698822021484 0.1926593780517578 591
3234 3228 6 0.1900477409362793 0.0015492439270019531 0.19159698486328125 592
3240 3234 6 0.1834094524383545 0.0016908645629882812 0.18510031700134277 593
3246 3240 6 0.17861557006835938 0.0015704631805419922 0.18018603324890137 594
3251 3245 6 0.18898391723632812 0.0016107559204101562 0.19059467315673828 595
3257 3251 6 0.1798245906829834 0.0016047954559326172 0.18142938613891602 596
3262 3256 6 0.18770980834960938 0.005725860595703125 0.1934356689453125 597
3267 3261 6 0.18603157997131348 0.00401759147644043 0.1900491714477539 598
3272 3266 6 0.1913304328918457 0.003051280975341797 0.1943817138671875 599
3279 3272 6 0.1843557357788086 0.026476621627807617 0.2108323574066162 600
3285 3279 6 0.17934727668762207 0.012822151184082031 0.1921694278717041 601
3290 3284 6 0.21565032005310059 0.0016829967498779297 0.21733331680297852 602
3296 3290 6 0.1812427043914795 0.0015633106231689453 0.18280601501464844 603
3301 3295 6 0.1872878074645996 0.002100229263305664 0.18938803672790527 604
3307 3301 6 0.18183040618896484 0.0181729793548584 0.20000338554382324 605
3311 3305 6 0.193281888961792 0.021978139877319336 0.21526002883911133 606
3317 3311 6 0.1803596019744873 0.01972055435180664 0.20008015632629395 607
3322 3316 6 0.21128082275390625 0.006796598434448242 0.2180774211883545 608
3326 3321 5 0.197676420211792 0.017816781997680664 0.21549320220947266 609
3331 3325 6 0.23570609092712402 0.0017402172088623047 0.23744630813598633 610
3337 3336 1 0.19139766693115234 0.0017864704132080078 0.19318413734436035 611
3343 3337 6 0.18935847282409668 0.003711223602294922 0.1930696964263916 612
3349 3347 2 0.18682479858398438 0.0068933963775634766 0.19371819496154785 613
3354 3348 6 0.21080923080444336 0.0048220157623291016 0.21563124656677246 614
3359 3353 6 0.19829010963439941 0.00925302505493164 0.20754313468933105 615
3364 3358 6 0.19523859024047852 0.006608724594116211 0.20184731483459473 616
3369 3363 6 0.21968913078308105 0.026117801666259766 0.24580693244934082 617
3375 3369 6 0.19622063636779785 0.0015819072723388672 0.19780254364013672 618
3381 3375 6 0.18030858039855957 0.016168594360351562 0.19647717475891113 619
3386 3380 6 0.19366908073425293 0.013440608978271484 0.20710968971252441 620
3392 3391 1 0.1885814666748047 0.003472566604614258 0.19205403327941895 621
3398 3392 5 0.1903243064880371 0.012779951095581055 0.20310425758361816 622
3403 3397 6 0.20936369895935059 0.001836538314819336 0.21120023727416992 623
3409 3403 6 0.2211437225341797 0.007400989532470703 0.2285447120666504 624
3415 3409 6 0.18717432022094727 0.011179208755493164 0.19835352897644043 625
3420 3414 6 0.20908784866333008 0.012768983840942383 0.22185683250427246 626
3427 3425 2 0.18071365356445312 0.012452840805053711 0.19316649436950684 627
3432 3426 6 0.19736623764038086 0.0060536861419677734 0.20341992378234863 628
3438 3437 1 0.20950555801391602 0.0026519298553466797 0.2121574878692627 629
3443 3438 5 0.21980738639831543 0.009296894073486328 0.22910428047180176 630
3449 3447 2 0.22393798828125 0.02317333221435547 0.24711132049560547 631
3455 3449 6 0.20243549346923828 0.01211690902709961 0.2145524024963379 632
3461 3455 6 0.21191835403442383 0.012835264205932617 0.22475361824035645 633
3467 3461 6 0.20011186599731445 0.0016183853149414062 0.20173025131225586 634
3472 3466 6 0.18874263763427734 0.01574087142944336 0.2044835090637207 635
3478 3472 6 0.18503451347351074 0.0036041736602783203 0.18863868713378906 636
3483 3477 6 0.19094228744506836 0.010686874389648438 0.2016291618347168 637
3489 3483 6 0.18737459182739258 0.0015878677368164062 0.18896245956420898 638
3494 3488 6 0.19182610511779785 0.0015804767608642578 0.1934065818786621 639
3501 3499 2 0.1895124912261963 0.0015628337860107422 0.19107532501220703 640
3506 3500 6 0.19367742538452148 0.0016083717346191406 0.19528579711914062 641
3512 3511 1 0.19074058532714844 0.0016009807586669922 0.19234156608581543 642
3517 3512 5 0.19503426551818848 0.0018279552459716797 0.19686222076416016 643
3523 3522 1 0.19076299667358398 0.0016508102416992188 0.1924138069152832 644
3528 3523 5 0.19898605346679688 0.0016922950744628906 0.20067834854125977 645
3534 3533 1 0.1933727264404297 0.0015904903411865234 0.1949632167816162 646
3540 3534 6 0.19400739669799805 0.001565694808959961 0.195573091506958 647
3546 3545 1 0.19127655029296875 0.0016241073608398438 0.1929006576538086 648
3552 3546 6 0.19526171684265137 0.007425546646118164 0.20268726348876953 649
3558 3557 1 0.1910569667816162 0.004670381546020508 0.19572734832763672 650
3564 3558 6 0.19486165046691895 0.0015716552734375 0.19643330574035645 651
3570 3569 1 0.19188761711120605 0.005913496017456055 0.1978011131286621 652
3576 3570 6 0.19369983673095703 0.001978158950805664 0.1956779956817627 653
3582 3580 2 0.19865632057189941 0.0015463829040527344 0.20020270347595215 654
3588 3581 6 0.1987757682800293 0.002016782760620117 0.20079255104064941 655
3594 3593 1 0.19164299964904785 0.00949716567993164 0.2011401653289795 656
3600 3594 6 0.19396042823791504 0.0030410289764404297 0.19700145721435547 657
3606 3605 1 0.1932203769683838 0.008674383163452148 0.20189476013183594 658
3612 3606 6 0.1930408477783203 0.005045890808105469 0.19808673858642578 659
3618 3617 1 0.19211626052856445 0.0016171932220458984 0.19373345375061035 660
3624 3618 6 0.19292616844177246 0.0015552043914794922 0.19448137283325195 661
3630 3629 1 0.18480706214904785 0.0016355514526367188 0.18644261360168457 662
3636 3630 6 0.18407440185546875 0.001605987548828125 0.18568038940429688 663
3641 3635 6 0.1827700138092041 0.0015010833740234375 0.18427109718322754 664
3646 3640 6 0.18321990966796875 0.0014739036560058594 0.1846938133239746 665
3652 3650 2 0.18657851219177246 0.0015463829040527344 0.1881248950958252 666
3657 3651 6 0.1916661262512207 0.0021774768829345703 0.19384360313415527 667
3663 3662 1 0.19439196586608887 0.0016455650329589844 0.19603753089904785 668
3669 3663 6 0.1966865062713623 0.0015990734100341797 0.19828557968139648 669
3675 3673 2 0.196242094039917 0.0015799999237060547 0.19782209396362305 670
3680 3674 6 0.1977684497833252 0.0016214847564697266 0.19938993453979492 671
3686 3685 1 0.19486737251281738 0.0015954971313476562 0.19646286964416504 672
3692 3686 6 0.1953287124633789 0.0015156269073486328 0.19684433937072754 673
3698 3697 1 0.19586539268493652 0.0015306472778320312 0.19739603996276855 674
3704 3698 6 0.19460058212280273 0.0024690628051757812 0.19706964492797852 675
3710 3709 1 0.19446206092834473 0.002741098403930664 0.1972031593322754 676
3716 3710 6 0.1952667236328125 0.00909566879272461 0.2043623924255371 677
3722 3721 1 0.20380878448486328 0.001667022705078125 0.2054758071899414 678
3728 3722 6 0.20069456100463867 0.0018210411071777344 0.2025156021118164 679
3735 3733 2 0.1886460781097412 0.01009225845336914 0.19873833656311035 680
3740 3734 6 0.1912531852722168 0.00406193733215332 0.19531512260437012 681
3746 3745 1 0.18814873695373535 0.0015342235565185547 0.1896829605102539 682
3751 3746 5 0.1981949806213379 0.007454872131347656 0.20564985275268555 683
3758 3756 2 0.19115066528320312 0.007231950759887695 0.19838261604309082 684
3763 3757 6 0.20029592514038086 0.0015261173248291016 0.20182204246520996 685
3769 3768 1 0.20209217071533203 0.0017168521881103516 0.20380902290344238 686
3775 3769 6 0.1978471279144287 0.0015947818756103516 0.19944190979003906 687
3780 3774 6 0.19163155555725098 0.0016977787017822266 0.1933293342590332 688
3786 3780 6 0.1873493194580078 0.003282785415649414 0.19063210487365723 689
3791 3785 6 0.18802452087402344 0.0015664100646972656 0.1895909309387207 690
3797 3790 6 0.18745684623718262 0.0015323162078857422 0.18898916244506836 691
3802 3796 6 0.18815040588378906 0.0016031265258789062 0.18975353240966797 692
3807 3801 6 0.18835926055908203 0.0018928050994873047 0.19025206565856934 693
3812 3806 6 0.18738079071044922 0.0018393993377685547 0.18922019004821777 694
3818 3811 6 0.18692636489868164 0.012632131576538086 0.19955849647521973 695
3823 3821 2 0.18627643585205078 0.003850698471069336 0.19012713432312012 696
3828 3822 6 0.19858813285827637 0.001577615737915039 0.2001657485961914 697
3834 3833 1 0.22829532623291016 0.0016117095947265625 0.22990703582763672 698
3840 3834 6 0.18709564208984375 0.001621246337890625 0.18871688842773438 699
3846 3845 1 0.18454694747924805 0.0016245841979980469 0.1861715316772461 700
3852 3846 5 0.18474435806274414 0.0015404224395751953 0.18628478050231934 701
3857 3851 6 0.1866164207458496 0.0015423297882080078 0.18815875053405762 702
3863 3857 6 0.18506121635437012 0.001886129379272461 0.18694734573364258 703
3868 3862 6 0.18578100204467773 0.004721879959106445 0.19050288200378418 704
3874 3868 6 0.18608546257019043 0.00965428352355957 0.19573974609375 705
3880 3874 6 0.18354320526123047 0.011301994323730469 0.19484519958496094 706
3886 3880 6 0.18485569953918457 0.0027768611907958984 0.18763256072998047 707
3891 3885 6 0.18602991104125977 0.010149478912353516 0.19617938995361328 708
3897 3891 6 0.1860058307647705 0.006855487823486328 0.19286131858825684 709
3903 3897 6 0.1904146671295166 0.0019435882568359375 0.19235825538635254 710
3909 3903 6 0.2050492763519287 0.009489059448242188 0.2145383358001709 711
3915 3909 6 0.18267297744750977 0.008108854293823242 0.190781831741333 712
3920 3914 6 0.18005943298339844 0.0017170906066894531 0.1817765235900879 713
3926 3920 6 0.17807984352111816 0.001505136489868164 0.17958498001098633 714
3931 3925 6 0.1856858730316162 0.0018169879913330078 0.18750286102294922 715
3937 3930 6 0.1887989044189453 0.002002239227294922 0.19080114364624023 716
3942 3936 6 0.18975400924682617 0.0016498565673828125 0.19140386581420898 717
3948 3942 6 0.18889570236206055 0.0017628669738769531 0.1906585693359375 718
3954 3948 6 0.18836307525634766 0.001543283462524414 0.18990635871887207 719
3960 3954 6 0.18718743324279785 0.0015444755554199219 0.18873190879821777 720
3965 3959 6 0.19005751609802246 0.011736869812011719 0.20179438591003418 721
3971 3970 1 0.18857049942016602 0.01882195472717285 0.20739245414733887 722
3977 3971 6 0.2103414535522461 0.014346599578857422 0.22468805313110352 723
3982 3976 6 0.1877741813659668 0.004442453384399414 0.1922166347503662 724
3987 3981 6 0.18083858489990234 0.0074634552001953125 0.18830204010009766 725
3992 3986 6 0.1884603500366211 0.001665353775024414 0.1901257038116455 726
3996 3991 5 0.18428683280944824 0.004990577697753906 0.18927741050720215 727
4001 3994 6 0.19140172004699707 0.0016334056854248047 0.19303512573242188 728
4006 4000 6 0.17588233947753906 0.012371301651000977 0.18825364112854004 729
4011 4005 6 0.2256312370300293 0.0017848014831542969 0.2274160385131836 730
4017 4011 6 0.1882624626159668 0.0016443729400634766 0.18990683555603027 731
4023 4017 6 0.19325709342956543 0.0016093254089355469 0.19486641883850098 732
4028 4022 6 0.18967556953430176 0.012787342071533203 0.20246291160583496 733
4033 4027 6 0.2057938575744629 0.003916740417480469 0.20971059799194336 734
4039 4033 6 0.1962602138519287 0.003933906555175781 0.2001941204071045 735
4043 4037 6 0.2037515640258789 0.0015108585357666016 0.2052624225616455 736
4049 4048 1 0.19104981422424316 0.006292581558227539 0.1973423957824707 737
4055 4049 6 0.1957685947418213 0.003482818603515625 0.19925141334533691 738
4060 4054 6 0.20188355445861816 0.005031585693359375 0.20691514015197754 739
4066 4060 6 0.21513915061950684 0.008949756622314453 0.2240889072418213 740
4072 4066 6 0.21205639839172363 0.012833118438720703 0.22488951683044434 741
4078 4072 6 0.21939873695373535 0.00787663459777832 0.22727537155151367 742
4083 4077 6 0.2239851951599121 0.010280370712280273 0.23426556587219238 743
4088 4082 6 0.24638032913208008 0.0063018798828125 0.2526822090148926 744
4094 4088 6 0.24720072746276855 0.0054721832275390625 0.2526729106903076 745
4098 4093 5 0.21701908111572266 0.013303279876708984 0.23032236099243164 746
4103 4097 6 0.20449590682983398 0.0017113685607910156 0.206207275390625 747
4109 4103 6 0.19360733032226562 0.01282048225402832 0.20642781257629395 748
4115 4109 6 0.21742534637451172 0.005541563034057617 0.22296690940856934 749
4120 4114 6 0.21132516860961914 0.001657724380493164 0.2129828929901123 750
4124 4119 5 0.19993901252746582 0.01270604133605957 0.2126450538635254 751
4128 4123 5 0.2018887996673584 0.0016627311706542969 0.2035515308380127 752
4134 4128 6 0.19964385032653809 0.01752495765686035 0.21716880798339844 753
4140 4133 6 0.1982898712158203 0.02403426170349121 0.22232413291931152 754
4146 4144 2 0.20060968399047852 0.023351192474365234 0.22396087646484375 755
4151 4145 6 0.23439717292785645 0.007017612457275391 0.24141478538513184 756
4157 4155 2 0.26651525497436523 0.013739824295043945 0.2802550792694092 757
4162 4156 6 0.22727704048156738 0.013107061386108398 0.24038410186767578 758
4169 4168 1 0.20454716682434082 0.033527374267578125 0.23807454109191895 759
4175 4169 6 0.2171180248260498 0.010272502899169922 0.22739052772521973 760
4181 4179 2 0.21943235397338867 0.002118349075317383 0.22155070304870605 761
4185 4180 5 0.202392578125 0.010519742965698242 0.21291232109069824 762
4191 4184 6 0.21467328071594238 0.0015041828155517578 0.21617746353149414 763
4195 4189 6 0.19694185256958008 0.007325410842895508 0.20426726341247559 764
4201 4199 2 0.1987934112548828 0.012974023818969727 0.21176743507385254 765
4206 4200 6 0.19483661651611328 0.0031652450561523438 0.19800186157226562 766
4212 4211 1 0.201338529586792 0.0031135082244873047 0.2044520378112793 767
4217 4212 5 0.20856094360351562 0.015357255935668945 0.22391819953918457 768
4223 4222 1 0.21609950065612793 0.054517507553100586 0.2706170082092285 769
4229 4223 6 0.21745777130126953 0.0017006397247314453 0.21915841102600098 770
4235 4234 1 0.1908414363861084 0.00180816650390625 0.19264960289001465 771
4241 4235 6 0.20354819297790527 0.004044055938720703 0.20759224891662598 772
4247 4245 2 0.19388461112976074 0.013349056243896484 0.20723366737365723 773
4252 4246 6 0.22246956825256348 0.0016455650329589844 0.22411513328552246 774
4257 4251 6 0.18501925468444824 0.0015821456909179688 0.1866014003753662 775
4262 4256 6 0.18227291107177734 0.003402233123779297 0.18567514419555664 776
4268 4267 1 0.1891460418701172 0.0040628910064697266 0.19320893287658691 777
4274 4268 6 0.18662786483764648 0.0015103816986083984 0.18813824653625488 778
4280 4278 2 0.18909668922424316 0.029647111892700195 0.21874380111694336 779
4285 4279 6 0.2454385757446289 0.0017056465148925781 0.24714422225952148 780
4292 4290 2 0.22055888175964355 0.010798215866088867 0.23135709762573242 781
4298 4292 6 0.2532472610473633 0.01341390609741211 0.2666611671447754 782
4306 4304 2 0.22824978828430176 0.007700920104980469 0.23595070838928223 783
4312 4306 6 0.27056026458740234 0.010396957397460938 0.2809572219848633 784
4317 4311 6 0.23140239715576172 0.010320663452148438 0.24172306060791016 785
4323 4317 6 0.23372960090637207 0.009340047836303711 0.24306964874267578 786
4329 4323 6 0.23061728477478027 0.002314329147338867 0.23293161392211914 787
4335 4328 6 0.2462918758392334 0.004598379135131836 0.25089025497436523 788
4340 4334 6 0.21077537536621094 0.010174989700317383 0.22095036506652832 789
4346 4339 6 0.20917010307312012 0.009561538696289062 0.21873164176940918 790
4351 4344 6 0.2199862003326416 0.011932373046875 0.2319185733795166 791
4355 4349 6 0.22223377227783203 0.00518798828125 0.22742176055908203 792
4361 4355 6 0.2020261287689209 0.011840343475341797 0.2138664722442627 793
4366 4360 6 0.21467924118041992 0.02704906463623047 0.2417283058166504 794
4372 4365 6 0.21336102485656738 0.0046923160552978516 0.21805334091186523 795
4376 4370 6 0.19555306434631348 0.020812511444091797 0.21636557579040527 796
4382 4375 6 0.21937322616577148 0.00982975959777832 0.2292029857635498 797
4386 4380 6 0.2389211654663086 0.01837444305419922 0.2572956085205078 798
4393 4392 1 0.19634675979614258 0.014807701110839844 0.21115446090698242 799
4398 4393 5 0.21714282035827637 0.015287160873413086 0.23242998123168945 800
4404 4403 1 0.2241196632385254 0.026957273483276367 0.25107693672180176 801
4410 4404 6 0.2059335708618164 0.008805513381958008 0.21473908424377441 802
4416 4414 2 0.19954991340637207 0.006593227386474609 0.20614314079284668 803
4420 4415 5 0.19041013717651367 0.0096435546875 0.20005369186401367 804
4424 4418 6 0.20537400245666504 0.011332273483276367 0.2167062759399414 805
4430 4424 6 0.1942293643951416 0.02826523780822754 0.22249460220336914 806
4436 4430 6 0.20250439643859863 0.028469085693359375 0.230973482131958 807
4443 4441 2 0.19677996635437012 0.014804601669311523 0.21158456802368164 808
4448 4442 6 0.2141871452331543 0.006543636322021484 0.22073078155517578 809
4453 4447 6 0.20759820938110352 0.011320829391479492 0.218919038772583 810
4458 4452 6 0.21661162376403809 0.012760162353515625 0.2293717861175537 811
4464 4458 6 0.2018444538116455 0.005807161331176758 0.20765161514282227 812
4469 4463 6 0.23715424537658691 0.00845956802368164 0.24561381340026855 813
4475 4474 1 0.23893523216247559 0.006768941879272461 0.24570417404174805 814
4480 4475 5 0.20263004302978516 0.00552678108215332 0.20815682411193848 815
4485 4479 6 0.23405122756958008 0.004899740219116211 0.2389509677886963 816
4490 4484 6 0.20586156845092773 0.05229520797729492 0.25815677642822266 817
4496 4495 1 0.2064192295074463 0.005696535110473633 0.21211576461791992 818
4501 4496 5 0.20772886276245117 0.014393091201782227 0.2221219539642334 819
4507 4500 6 0.21877765655517578 0.029865264892578125 0.2486429214477539 820
4512 4506 6 0.22136306762695312 0.004275083541870117 0.22563815116882324 821
4519 4517 2 0.22778797149658203 0.02060246467590332 0.24839043617248535 822
4525 4519 6 0.20369410514831543 0.025157928466796875 0.2288520336151123 823
4531 4525 6 0.22596955299377441 0.013356685638427734 0.23932623863220215 824
4536 4530 6 0.21372056007385254 0.012678861618041992 0.22639942169189453 825
4541 4535 6 0.21051931381225586 0.00414276123046875 0.2146620750427246 826
4547 4540 6 0.21723437309265137 0.011406421661376953 0.22864079475402832 827
4552 4546 6 0.19435977935791016 0.005710601806640625 0.20007038116455078 828
4557 4551 6 0.1989002227783203 0.012751102447509766 0.21165132522583008 829
4562 4556 6 0.20458269119262695 0.0025131702423095703 0.20709586143493652 830
4568 4561 6 0.2021172046661377 0.012525558471679688 0.21464276313781738 831
4572 4566 6 0.1912064552307129 0.024358510971069336 0.21556496620178223 832
4577 4571 6 0.18453216552734375 0.01264190673828125 0.197174072265625 833
4582 4576 6 0.21181416511535645 0.02401280403137207 0.23582696914672852 834
4588 4582 6 0.20113325119018555 0.0065042972564697266 0.20763754844665527 835
4593 4587 6 0.2405552864074707 0.012683629989624023 0.2532389163970947 836
4600 4594 6 0.20746994018554688 0.019670724868774414 0.2271406650543213 837
4606 4600 6 0.2137165069580078 0.012778997421264648 0.22649550437927246 838
4611 4605 6 0.21521496772766113 0.012601137161254883 0.22781610488891602 839
4617 4611 6 0.20861101150512695 0.012656450271606445 0.2212674617767334 840
4623 4616 6 0.2139434814453125 0.012718915939331055 0.22666239738464355 841
4628 4622 6 0.21776938438415527 0.012608766555786133 0.2303781509399414 842
4634 4628 6 0.20392394065856934 0.03133559226989746 0.2352595329284668 843
4639 4633 6 0.2033400535583496 0.017917633056640625 0.22125768661499023 844
4644 4638 6 0.22055554389953613 0.007231950759887695 0.22778749465942383 845
4650 4643 6 0.2142336368560791 0.014429807662963867 0.22866344451904297 846
4655 4648 6 0.19329547882080078 0.022246122360229492 0.21554160118103027 847
4661 4655 6 0.2069089412689209 0.011474847793579102 0.2183837890625 848
4667 4661 6 0.21787309646606445 0.010533809661865234 0.2284069061279297 849
4672 4666 6 0.1990199089050293 0.02557539939880371 0.224595308303833 850
4677 4671 6 0.22960710525512695 0.011083602905273438 0.2406907081604004 851
4683 4677 6 0.22150754928588867 0.012742280960083008 0.23424983024597168 852
4688 4682 6 0.21675801277160645 0.013871431350708008 0.23062944412231445 853
4694 4693 1 0.19527363777160645 0.002092123031616211 0.19736576080322266 854
4698 4694 4 0.21076369285583496 0.012820720672607422 0.22358441352844238 855
4703 4697 6 0.20504474639892578 0.006505727767944336 0.21155047416687012 856
4708 4702 6 0.21021127700805664 0.0015904903411865234 0.21180176734924316 857
4713 4707 6 0.19974184036254883 0.02960824966430664 0.22935009002685547 858
4720 4714 6 0.20569109916687012 0.006374359130859375 0.2120654582977295 859
4725 4719 6 0.2156667709350586 0.012552738189697266 0.22821950912475586 860
4731 4725 6 0.21291756629943848 0.017574310302734375 0.23049187660217285 861
4736 4730 5 0.20482826232910156 0.013093233108520508 0.21792149543762207 862
4741 4735 6 0.22687172889709473 0.012105226516723633 0.23897695541381836 863
4746 4740 6 0.22063183784484863 0.013159036636352539 0.23379087448120117 864
4752 4751 1 0.2198009490966797 0.016657352447509766 0.23645830154418945 865
4757 4752 5 0.2107851505279541 0.012841939926147461 0.22362709045410156 866
4762 4756 6 0.2133028507232666 0.02052760124206543 0.23383045196533203 867
4767 4761 6 0.22327280044555664 0.006227731704711914 0.22950053215026855 868
4772 4766 6 0.22064208984375 0.017599105834960938 0.23824119567871094 869
4778 4772 6 0.20554566383361816 0.009871244430541992 0.21541690826416016 870
4783 4777 6 0.21164536476135254 0.012861967086791992 0.22450733184814453 871
4788 4782 6 0.2072157859802246 0.014942169189453125 0.22215795516967773 872
4793 4787 6 0.22028899192810059 0.004543781280517578 0.22483277320861816 873
4797 4791 6 0.19574260711669922 0.014934301376342773 0.210676908493042 874
4802 4796 6 0.24169516563415527 0.012877941131591797 0.25457310676574707 875
4808 4802 6 0.22720885276794434 0.012701272964477539 0.23991012573242188 876
4815 4809 6 0.26412415504455566 0.012736797332763672 0.27686095237731934 877
4817 4814 3 0.24230146408081055 0.0015599727630615234 0.24386143684387207 878
4817 4815 2 0.2013852596282959 0.001514434814453125 0.20289969444274902 879
stop drivable detection
stop drivable detection
