0.1325992001220584
0.08471882436424494
0.0817064861766994
0.08103810576722026
0.08091748179867864
0.07748817792162299
0.07615836383774877
0.07659015199169517
0.07630968792364001
0.07643315987661481
0.07674260577186942
0.07699765497818589
0.07694599125534296
0.07691339170560241
0.07675505708903074
0.07670255796983838
0.07752426387742162
0.0767798162996769
0.0774614168331027
0.07693993113934994
0.07751896092668176
0.07759610377252102
0.07771596033126116
0.07691444596275687
0.0768859051167965
0.07737899012863636
0.07792865484952927
0.07684460887685418
0.0765581838786602
0.07678390527144074
0.07671967567875981
0.07668192824348807
0.07749630184844136
0.0799749018624425
0.07848269212990999
0.07769712014123797
0.07727417815476656
0.07749983482062817
0.07820257218554616
0.07696385122835636
0.07714319368824363
0.07814614567905664
0.0766098890453577
0.0771086448803544
0.07687414158135653
0.0772887198254466
0.07720099622383714
0.07744637504220009
0.07700690999627113
0.07687452901154757
0.07712229015305638
0.07786388462409377
0.07705415179952979
0.07781086396425962
0.07666091294959188
0.07763834670186043
0.07707957923412323
0.07781965099275112
0.07697452092543244
0.07753209304064512
0.07726418413221836
0.07779220910742879
0.07685586903244257
0.07747148210182786
0.0767413629218936
0.07659133709967136
0.07721878821030259
0.07784169213846326
0.07797229709103703
0.0778355561196804
0.07733615161851048
0.07680802419781685
0.07800811622291803
0.0772456657141447
0.07678182376548648
0.07731967978179455
0.07698096474632621
0.0772875607945025
0.07703807484358549
0.07762598106637597
0.0777428369037807
0.07785896817222238
0.077314259018749
0.07689816318452358
0.07741251587867737
0.07706759916618466
0.07780223619192839
0.0776715618558228
0.07746496284380555
0.07682132627815008
0.07793434103950858
0.07776451483368874
0.07716469559818506
0.0773023720830679
0.07797911576926708
0.07735998695716262
0.07791305519640446
0.07748496113345027
0.07704541506245732
0.07768680388107896
0.07744563883170485
0.07680787798017263
0.07796471891924739
0.07792071485891938
0.07708475133404136
0.0775132430717349
0.07733414927497506
0.0774190011434257
0.07816310971975327
0.07802739692851901
0.0775573281571269
0.07742945617064834
0.07779087731614709
0.07748827524483204
0.07796772615984082
0.07785725593566895
0.07759538991376758
0.07665823074057698
0.07788346614688635
0.07725523505359888
0.07690381025895476
0.07766211498528719
0.07732681185007095
0.07685221591964364
0.07709087105467916
0.07792261987924576
0.07660700287669897
0.07715565711259842
0.07724967319518328
0.0771230747923255
0.07660068990662694
0.07756605604663491
0.07820159615948796
0.07766372291371226
0.07810733001679182
0.07687749108299613
0.07683655712753534
0.07699802471324801
0.07685679197311401
0.07717414479702711
0.07693037204444408
0.07651888206601143
0.07898864801973104
0.07650738023221493
0.07714849011972547
0.07642312441021204
0.07649562507867813
0.0773414671421051
0.0773928533308208
0.07663490856066346
0.07697240868583322
0.07729320973157883
0.07697223406285048
0.07668353989720345
0.078069515991956
0.07622462837025523
0.07694760989397764
0.07731598196551204
0.07630425877869129
0.07657221471890807
0.07687784312292933
0.07674623560160398
0.07721946202218533
0.07681373227387667
0.07727135345339775
0.0771041284315288
0.077105981297791
0.07692484091967344
0.07692568097263575
0.07665441278368235
0.07683059107512236
0.07643170189112425
0.07690728781744838
0.07635281002148986
0.07705500302836299
0.07707396009936929
0.07649699738249183
0.07669363403692842
0.07649143505841494
0.07737215980887413
0.07745303306728601
0.07678424194455147
0.07700847508385777
0.07626110687851906
0.07708122208714485
0.07649952592328191
0.07655537873506546
0.07637281715869904
0.07632276974618435
0.07660169899463654
0.0766892209649086
0.0766056152060628
0.07670600293204188
0.07654970092698932
0.0763835753314197
0.07709426898509264
0.07642424013465643
0.07751206262037158
0.07713179104030132
0.07658752705901861
0.07664107205346227
0.07680683629587293
0.07716824533417821
0.07646523416042328
0.07749757776036859
0.0763430898077786
0.07677028980106115
0.07693609362468123
0.07689917692914605
0.07706307712942362
0.07670648768544197
0.07642042590305209
0.07736312365159392
0.0764956958591938
0.07685396168380976
0.0769201461225748
0.07680054008960724
0.07713326811790466
0.07654307410120964
0.07711867289617658
0.07726486586034298
0.07714038994163275
0.07703314907848835
0.07673576567322016
0.07736320002004504
0.07684015296399593
0.07705769408494234
0.07666208781301975
0.07689303904771805
0.07711004791781306
0.07763702888041735
0.07704432029277086
0.07625095499679446
0.07689455198124051
0.0769715323112905
0.0767058259807527
0.0778780891560018
0.07734256982803345
0.07631030306220055
0.07707797596231103
0.07674716878682375
0.07658980926498771
0.07685268390923738
0.0765398871153593
0.0765329017303884
0.07655360084027052
0.07728242687880993
0.07703381590545177
0.07732328306883574
0.07747216336429119
0.07696918118745089
0.077196991071105
0.07720032194629312
0.07696332409977913
0.07665525190532207
0.07716416800394654
0.07694728719070554
0.07644085679203272
0.07755709066987038
0.07784879812970757
0.07688627112656832
0.07698704302310944
0.076432045083493
0.07743615517392755
0.07671840209513903
0.07655518874526024
0.07661473611369729
0.07756219105795026
0.07671764586120844
0.07686045905575156
0.07681021327152848
0.07737081404775381
0.07693527871742845
0.0779378367587924
0.07780356518924236
0.07686679717153311
0.07656639581546187
0.07648443011566997
0.07660505129024386
0.07673695497214794
0.07730046799406409
0.07680222764611244
0.07671456225216389
0.07677700696513057
0.07685649301856756
0.07761190598830581
0.07733675511553884
0.07660944201052189
0.07675513392314315
0.07667236728593707
0.07804158190265298
0.07680140482261777
0.0769575359299779
0.07664332678541541
0.07729300390928984
0.07665055291727185
0.0762623562477529
0.07709727203473449
0.07683049002662301
0.07669852208346128
0.07659036293625832
0.07692151144146919
0.07690805662423372
0.07706853793933988
0.07672416605055332
0.07701640110462904
0.07782367430627346
0.07727285614237189
0.07689436478540301
0.07646555406972766
0.0770552703179419
0.0767587092705071
0.07697450695559382
0.07723897369578481
0.07717131823301315
0.07725650491192937
0.07683450309559703
0.07718125404790044
0.07676147622987628
0.07660468900576234
0.07659973576664925
0.07669419795274734
0.07725904602557421
0.0770904142409563
0.07752794912084937
0.07700080005452037
0.07754715718328953
0.0774433659389615
0.07758361008018255
0.07816715305671096
0.07687364472076297
0.07684828387573361
0.07710596779361367
0.07805620972067118
0.07695151306688786
0.07736337231472135
0.07704723905771971
0.07704191002994776
0.07715014787390828
0.0771698672324419
0.07681193295866251
0.07689535338431597
0.07748525915667415
0.07687704171985388
0.07699132105335593
0.07732316805049777
0.07680451730266213
0.07785318372771144
0.07685986207798123
0.07721411576494575
0.07776636397466063
0.07709663268178701
0.07744912803173065
0.07665554387494922
0.07690872112289071
0.07681290386244655
0.07671485701575875
0.07673480128869414
0.07692006835713983
0.07686794269829988
0.07695132913067937
0.07664405275136232
0.0772884120233357
0.07772775320336223
0.07659972738474607
0.07664332492277026
0.07693619094789028
0.07706235442310572
0.077912422362715
0.07772775366902351
0.07683768263086677
0.07672538002952933
0.07682341383770108
0.07663154089823365
0.07707015844061971
0.07720744516700506
0.07812153501436114
0.07705741189420223
0.07744619762524962
0.07681229012086987
0.07669144123792648
0.07680044183507562
0.07805835083127022
0.07749026082456112
0.07693772716447711
0.07702892133966088
0.07709775678813457
0.07675510412082076
0.0775478440336883
0.07690281374379992
0.07767187803983688
0.07778698392212391
0.07689883466809988
0.07696706429123878
0.07748806709423661
0.07698133029043674
0.07719343015924096
0.07683679182082415
0.0772104999050498
0.07724304171279073
0.0771470433101058
0.07719116471707821
0.07688741711899638
0.07711568521335721
0.07663850532844663
0.07705502724274993
0.07733526732772589
0.07727803196758032
0.07772627007216215
0.0774202011525631
0.07676676381379366
0.0785717279650271
0.07850034395232797
0.07844972377642989
0.07921251375228167
0.08071936806663871
0.0801386903040111
0.08005832321941853
0.08013914106413722
0.07955821277573705
0.08510911464691162
0.08189672930166125
0.07835019985213876
0.07875500712543726
0.0786563022993505
0.0785012780688703
0.07835278613492846
0.07842530403286219
0.07931602792814374
0.07861328311264515
0.07835011510178447
0.07811707491055131
0.07983320718631148
0.07884295983240008
0.07929327385500073
0.07814841298386455
0.07847526017576456
0.07767113903537393
0.07900612894445658
0.07819693395867944
0.07917441986501217
0.07760367915034294
0.07753738714382052
0.0778591432608664
0.0770902712829411
0.07697058375924826
0.07758167991414666
0.07795224292203784
0.07832649489864707
0.07775383209809661
0.07664540782570839
0.07705213082954288
0.07707197219133377
0.07743741199374199
0.07783723389729857
0.07728302804753184
0.07755687506869435
0.07709634304046631
0.07746097166091204
0.07747012097388506
0.07791718980297446
0.07730231387540698
0.07694670278578997
0.0783497211523354
0.07760034315288067
0.07763192476704717
0.07715945085510612
0.07786792609840631
0.07752262521535158
0.07763038482517004
0.07836186373606324
0.07733156904578209
0.07763516809791327
0.07695860788226128
0.07757472386583686
0.07841046014800668
0.0787036563269794
0.07826396869495511
0.07689447002485394
0.07704723114147782
0.0773500450886786
0.0782501925714314
0.0770171950571239
0.07788444682955742
0.077687774784863
0.0788770541548729
0.07782765291631222
0.07746152812615037
0.07752720359712839
0.07681299140676856
0.07663811976090074
0.07724205404520035
0.07748861936852336
0.07701011700555682
0.07783124502748251
0.07713629491627216
0.0772774238139391
0.07721231784671545
0.07812747824937105
0.07753801112994552
0.07780321966856718
0.07716218987479806
0.07720351591706276
0.07718276511877775
0.07704933267086744
0.0770567930303514
0.07757612876594067
0.07805685605853796
0.07717333314940333
0.07700400473549962
0.07697353418916464
0.07733305729925632
0.07698045903816819
0.0767548750154674
0.07681878376752138
0.07738248305395246
0.07696031266823411
0.0774132888764143
0.07730813883244991
0.07663943897932768
0.07731586415320635
0.0766373760998249
0.0781381530687213
0.0778898480348289
0.07668354362249374
0.07722220662981272
0.0762340547516942
0.07717772712931037
0.07695775898173451
0.07675812812522054
0.0767010748386383
0.07699940307065845
0.07655689539387822
0.07714454364031553
0.07657277397811413
0.0771946320310235
0.07723915204405785
0.07671187678351998
0.07686145510524511
0.07752383500337601
0.07722106203436852
0.07671135989949107
0.07670115306973457
0.07866908982396126
0.07674361718818545
0.07698931684717536
0.0765380198135972
0.07725505298003554
0.07765432400628924
0.07660414511337876
0.07624757895246148
0.0765283633954823
0.07734541175886989
0.07757251616567373
0.07679051114246249
0.07671099295839667
0.07689132960513234
0.07799831125885248
0.07690351689234376
0.07694989303126931
0.07692662999033928
0.07686354406177998
0.07681808387860656
0.07683557411655784
0.07810779800638556
0.07730914605781436
0.07701762299984694
0.07693478604778647
0.07735113706439734
0.07707901811227202
0.07706002332270145
0.07784908590838313
0.07741718692705035
0.0773257459513843
0.07751784101128578
0.07712342916056514
0.0772836939431727
0.0773160420358181
0.07711551105603576
0.07719699898734689
0.07725964626297355
0.07698414800688624
0.07675602985545993
0.07791675487533212
0.0771515411324799
0.07759824767708778
0.0769560020416975
0.07705356692895293
0.07705362001433969
0.07745713414624333
0.07742840331047773
0.07694477634504437
0.07742437720298767
0.07735883397981524
0.07773388409987092
0.07775441417470574
0.07850675564259291
0.07764879474416375
0.07753082783892751
0.07698629470542073
0.07729754922911525
0.07735729496926069
0.07704614289104939
0.07699793810024858
0.0780258490704
0.07768892589956522
0.0770824970677495
0.07726331986486912
0.0772807183675468
0.07778678694739938
0.0773917892947793
0.07724436977878213
0.07746884971857071
0.07668832316994667
0.07788363890722394
0.07719809375703335
0.07745139393955469
0.07716719480231404
0.07762103620916605
0.07832743786275387
0.07805751403793693
0.07749608205631375
0.07791409827768803
0.07745493808761239
0.07788365380838513
0.07742779981344938
0.07859517401084304
0.07785738632082939
0.07819675793871284
0.07825431181117892
0.07800090499222279
0.07720432430505753
0.07818249799311161
0.07763429312035441
0.07804340310394764
0.0774025940336287
0.07830523606389761
0.0781321101821959
0.07766800373792648
0.07782066008076072
0.07793775806203485
0.07804261380806565
0.07817144505679607
0.0775117976590991
0.07772654620930552
0.0775571633130312
0.07771438267081976
0.0784982112236321
0.07795791979879141
0.07742699654772878
0.07806123420596123
0.07870047213509679
0.0777896917425096
0.07758827321231365
0.07741518504917622
0.07753639807924628
0.07779827527701855
0.07753503695130348
0.07800518907606602
0.07847504364326596
0.07740484969690442
0.07852554181590676
0.0781281590461731
0.07787953782826662
0.07785549014806747
0.07765553193166852
0.07730758097022772
0.07775901909917593
0.07816431717947125
0.07795136282220483
0.0777757279574871
0.07777037704363465
0.07776769902557135
0.0792874377220869
0.07738606119528413
0.07769064977765083
0.07758832769468427
0.07783023221418262
0.07742424914613366
0.0780391707085073
0.07778077805414796
0.07777925813570619
0.07788445008918643
0.07775046909227967
0.07749124988913536
0.07774775382131338
0.0782430968247354
0.07825396303087473
0.07764905598014593
0.07788032712414861
0.07781641092151403
0.07768904278054833
0.0779178929515183
0.07772984262555838
0.07845327723771334
0.07793734315782785
0.07831274205818772
0.07783550908789039
0.07742131315171719
0.07766297785565257
0.07790754223242402
0.07840262772515416
0.07779704360291362
0.07762985117733479
0.07823122525587678
0.07783095212653279
0.07715542986989021
0.07781057804822922
0.07804258493706584
0.0779673526994884
0.07825507083907723
0.07792311394587159
0.0779499402269721
0.07797562703490257
0.07772321486845613
0.0785428169183433
0.07752451999112964
0.07844462618231773
0.0778940636664629
0.07805607886984944
0.07873233361169696
0.07817679829895496
0.07797489687800407
0.0778494318947196
0.0781209603883326
0.07749504968523979
0.07819701312109828
0.07873549498617649
0.07915159920230508
0.07821798883378506
0.07794071501120925
0.07829393399879336
0.07801981689408422
0.0780456941574812
0.07813055673614144
0.07770740427076817
0.07773012109100819
0.07777193514630198
0.07827694993466139
0.07775716809555888
0.07818246260285378
0.0779821490868926
0.07795048179104924
0.07830769568681717
0.0768308648839593
0.07731878105551004
0.07791992137208581
0.07813145592808723
0.0779263167642057
0.07896738918498158
0.07868949323892593
0.07847048994153738
0.07856435887515545
0.07794926082715392
0.07757532363757491
0.07860338501632214
0.07825870206579566
0.0792049802839756
0.07778959674760699
0.07770759798586369
0.0780251957476139
0.07796667888760567
0.07803413737565279
0.07819787971675396
0.07888868125155568
0.07797016529366374
0.07971978699788451
0.07800404820591211
0.07818534597754478
0.0786055470816791
0.07773918472230434
0.0784680675715208
0.07815070590004325
0.07766825798898935
0.07771054888144135
0.0779468291439116
0.07824677880853415
0.07814716082066298
0.07886282121762633
0.07899609301239252
0.07831770088523626
0.07828529411926866
0.07802191097289324
0.07809523912146688
0.0783658898435533
0.07838672818616033
0.07859223475679755
0.07828512601554394
0.07823046203702688
0.07810850394889712
0.07887909188866615
0.07838259171694517
0.07803288102149963
0.0780584360472858
0.07823701109737158
0.07930922089144588
0.0791165423579514
0.07868986018002033
0.07831182517111301
0.07839965913444757
0.07839322090148926
0.07812539208680391
0.07822925876826048
0.07837568316608667
0.07891033636406064
0.07899124082177877
0.0783086740411818
0.07870508311316371
0.07846223376691341
0.07828787015751004
0.07817596383392811
0.0778650320135057
0.07882757484912872
0.07855932787060738
0.07892445009201765
0.07842934783548117
0.07824749127030373
0.077946905978024
0.07794450502842665
0.07790986215695739
0.07930453680455685
0.07934373011812568
0.07815942261368036
0.07844654098153114
0.0779441692866385
0.07804681081324816
0.07964722812175751
0.07899977499619126
0.07804788323119283
0.07770113879814744
0.0780508671887219
0.07774122338742018
0.07764166919514537
0.07931124093011022
0.07832861691713333
0.07877324102446437
0.07806906662881374
0.07823834801092744
0.07781430333852768
0.07816311577335
0.07818985683843493
0.07833925588056445
0.07787532778456807
0.07895194599404931
0.07769735716283321
0.07800177903845906
0.07777326507493854
0.07820809306576848
0.07817709678784013
0.07811881089583039
0.07872428093105555
0.07815144583582878
0.07791515905410051
0.0787609969265759
0.07825902430340648
0.07792724575847387
0.07812777673825622
0.07769020181149244
0.07822053600102663
0.0785244363360107
0.0782447000965476
0.07827969919890165
0.0788923129439354
0.07933497475460172
0.0781959667801857
0.07937263697385788
0.07859451090916991
0.07836108608171344
0.07845968613401055
0.0784053816460073
0.07792973797768354
0.07821237621828914
0.07822744641453028
0.0786750609986484
0.0785461631603539
0.07981218211352825
0.07919607777148485
0.07890861202031374
0.07869456429034472
0.07833059132099152
0.07804449880495667
0.07901222491636872
0.07878038566559553
0.07797922985628247
0.0781452339142561
0.07833211775869131
0.07879463769495487
0.0779472547583282
0.07906793104484677
0.07850505225360394
0.0785252689383924
0.0783382966183126
0.07744312612339854
0.07802296802401543
0.07795879943296313
0.07882484281435609
0.07831474300473928
0.07777134096249938
0.07837864803150296
0.07801984203979373
0.07819339772686362
0.07788134785369039
0.07871890906244516
0.0784768769517541
0.07831099908798933
0.07852529175579548
0.07767499424517155
0.07841407181695104
0.07863353006541729
0.0781553341075778
0.07866653287783265
0.07817583624273539
0.07802796410396695
0.07806854322552681
0.07816414721310139
0.07935774466022849
0.07802615826949477
0.07819261401891708
0.07799322111532092
0.07790076732635498
0.07860821671783924
0.07784405490383506
0.07804156700149179
0.07841406995430589
0.07873146701604128
0.07872793031856418
0.07853213278576732
0.07878629118204117
0.07815618487074971
0.07914795726537704
0.07876697788015008
0.07837671507149935
0.07857120502740145
0.07797252712771297
0.07899494795128703
0.07795181311666965
0.07816079584881663
0.0788109009154141
0.07822692906484008
0.07864408288151026
0.07800953695550561
0.07787770731374621
0.07798550929874182
0.07927071815356612
0.07860809192061424
0.07808884000405669
0.07807575585320592
0.0787650728598237
0.07756198709830642
0.07878554007038474
0.07893185969442129
0.07826387090608478
0.07783376332372427
0.0789897721260786
0.07774101942777634
0.07796304579824209
0.07820699689909816
0.07842066371813416
0.078299923799932
0.078890860080719
0.07769735204055905
0.07804178493097425
0.07829724112525582
0.07757596718147397
0.07899877522140741
0.07790213217958808
0.07847535284236073
0.07849899865686893
0.07868848135694861
0.07835005270317197
0.07859062124043703
0.07827887684106827
0.07813303032889962
0.07820255914703012
0.07841556798666716
0.07898222887888551
0.07862241705879569
0.07917474489659071
0.07820705370977521
0.07835052907466888
0.07780826697126031
0.07888719905167818
0.07825697399675846
0.07822663290426135
0.07773413835093379
0.0784213556908071
0.07778177503496408
0.07734593003988266
0.07772372243925929
0.07796243391931057
0.07747470401227474
0.07893297728151083
0.07847598101943731
0.07764618191868067
0.07699452992528677
0.0780637408606708
0.07855780702084303
0.07887715799733996
0.07805611472576857
0.07806406123563647
0.07776448503136635
0.0775888990610838
0.07775112381204963
0.07752634584903717
0.07791373506188393
0.07783177914097905
0.07751969015225768
0.07774884486570954
0.07780149485915899
0.07844019075855613
0.07853086292743683
0.07802052004262805
0.07759350072592497
0.07816696586087346
0.07735800417140126
0.078562973998487
0.07847143895924091
0.07828443497419357
0.07888367678970098
0.07788435695692897
0.078134645242244
0.07820535590872169
0.07852712413296103
0.07827993296086788
0.07852618303149939
0.07794159697368741
0.07817012397572398
0.07788980612531304
0.07809535693377256
0.07852459931746125
0.0783152999356389
0.07812516065314412
0.07779185613617301
0.07847176305949688
0.07795535959303379
0.07862969487905502
0.07841781480237842
0.07846400886774063
0.07801314583048224
0.07809469383209944
0.07849911134690046
0.07782225403934717
0.07854067208245397
0.07752986857667565
0.07831498887389898
0.07762197917327285
0.0783243179321289
0.07891738368198276
0.07855240907520056
0.07856481103226542
0.0781409740447998
0.07755326386541128
0.07788685709238052
0.07805694686248899
0.07837151875719428
0.07804988930001855
0.0779778128489852
0.07719590608030558
0.07837833510711789
0.07793137291446328
0.078009441960603
0.07820939878001809
0.07818561885505915
0.0786892264150083
0.07825022982433438
0.07757712574675679
0.0784336756914854
0.0786640802398324
0.07892810506746173
0.07829057099297643
0.0775505993515253
0.07785813231021166
0.0781422178260982
0.07808258570730686
0.0783366309478879
0.0783569198101759
0.07785534998402
0.07849812228232622
0.07809702306985855
0.07777603203430772
0.07804061518982053
0.07844545319676399
0.07869223784655333
0.07745873602107167
0.07772845309227705
0.07850241893902421
0.07762603275477886
0.07838155189529061
0.07763539906591177
0.07851158501580358
0.07760278088971972
0.07770418329164386
0.07816707575693727
0.07775002205744386
0.07875650934875011
0.07778442185372114
0.07768116611987352
0.0779621060937643
0.07798031298443675
0.07795063685625792
0.07799916993826628
0.07784690381959081
0.07771090092137456
0.07796104671433568
0.07714602584019303
0.07826101826503873
0.0782768139615655
0.07759352587163448
0.0788748450577259
0.07825936516746879
0.07805788423866034
0.07819082075729966
0.07808796968311071
0.07846001721918583
0.07858185097575188
0.0779803809709847
0.07900953013449907
0.07835772121325135
0.0783866560086608
0.07912994688376784
0.07898976933211088
0.07801014883443713
0.0787996738217771
0.07847130810841918
0.07850487902760506
0.07834851602092385
0.07891666889190674
0.07815562002360821
0.07885628007352352
0.07794907782226801
0.07826960179954767
0.07798348600044847
0.07838799199089408
0.07889433391392231
0.07811722159385681
0.07814150815829635
0.07839050376787782
0.08030729880556464
0.07780491188168526
0.07902438705787063
0.07825590018182993
0.07854747818782926
0.07965464284643531
0.07794814091175795
0.07828112505376339
0.07841547625139356
0.07838918687775731
0.07878097705543041
0.07817958993837237
0.0780974980443716
0.07802923396229744
0.07821693876758218
0.07879271125420928
0.07818312710151076
0.07825360214337707
0.07819342892616987
0.07848340086638927
0.07893753284588456
0.07845563534647226
0.07813634630292654
0.0778420609422028
0.07943806797266006
0.0784961748868227
0.07828295882791281
0.07854803605005145
0.07896323129534721
0.07914286199957132
0.07832123059779406
0.07893097912892699
0.0786895900964737
0.07800730783492327
0.07850627275183797
0.07857248326763511
0.07859520427882671
0.07867086818441749
0.078693478833884
0.07919316412881017
0.07929202867671847
0.07900926470756531
0.07832115981727839
0.07895308593288064
0.0817535831592977
0.08097936911508441
0.08030785107985139
0.07986266817897558
0.07979688607156277
0.07973982486873865
0.08090844890102744
0.08084184769541025
0.08046266715973616
0.0809498350135982
0.08105251286178827
0.0800303895957768
0.0798702659085393
0.08010654430836439
0.079464724753052
0.08009980386123061
0.07948626345023513
0.07980351010337472
0.0794683643616736
0.07866255706176162
0.07954803481698036
0.08039805479347706
0.07956528896465898
0.0799248032271862
0.08008431410416961
0.08035108912736177
0.08007977204397321
0.08113208319991827
0.08057198813185096
0.0786598906852305
0.07898984616622329
0.0794756580144167
0.07933466788381338
0.0791920879855752
0.07984738005325198
0.08005003398284316
0.0795800187624991
0.07929610507562757
0.07976468885317445
0.07880626292899251
0.08025360899046063
0.0786321647465229
0.07913935882970691
0.07996603101491928
0.07889130664989352
0.07999670691788197
0.0796125209890306
0.07936475798487663
0.08080085506662726
0.07917177584022284
0.0791671872138977
0.08033556398004293
0.0801610010676086
0.07956618908792734
0.07997681619599462
0.07990349316969514
0.08031295798718929
0.0796966701745987
0.08005403075367212
0.079828972928226
0.07972888695076108
0.0794866350479424
0.07922739302739501
0.0797269819304347
0.0797952450811863
0.08008406590670347
0.07939011510461569
0.07874622102826834
0.07928135106340051
0.0792554528452456
0.07950657606124878
0.07948858011513948
0.0799794108606875
0.07951927091926336
0.08031859342008829
0.07933863019570708
0.0795605150051415
0.07926111994311213
0.08026437228545547
0.0800630347803235
0.079687908757478
0.0796585469506681
0.07969102496281266
0.07984657119959593
0.07975071063265204
0.08045579306781292
0.07992892386391759
0.08005946408957243
0.0802384540438652
0.07976848538964987
0.07938710693269968
0.07964401971548796
0.07939735520631075
0.07895380398258567
0.07962756510823965
0.07967332331463695
0.07988220918923616
0.07959140837192535
0.07983711920678616
0.08031808910891414
0.07957212114706635
0.08016430586576462
0.07985294703394175
0.08008243795484304
0.07993651460856199
0.07937019364908338
0.07903941301628947
0.07968322094529867
0.07945533702149987
0.0796866281889379
0.07930804276838899
0.08045458421111107
0.08057983219623566
0.08010064903646708
0.0789419342763722
0.07956446427851915
0.07889332016929984
0.07945242011919618
0.07958098314702511
0.08067269995808601
0.08052082220092416
0.0804850123822689
0.0793171850964427
0.08130704425275326
0.08058828394860029
0.08005486195906997
0.08154818788170815
0.08135256124660373
0.08136313781142235
0.08078797673806548
0.08216287707909942
0.08043567975983024
0.07987366616725922
0.08039575209841132
0.07987990695983171
0.07958187023177743
0.07954507879912853
0.0796646848320961
0.07967956317588687
0.07985556498169899
0.08028054889291525
0.0799349145963788
0.07898180792108178
0.07989608962088823
0.07985577406361699
0.08044176083058119
0.0800077342428267
0.08089413493871689
0.07923973118886352
0.08007617201656103
0.08066627522930503
0.07948141219094396
0.07865944597870111
0.07891892129555345
0.07958524720743299
0.0794652746990323
0.07900410098955035
0.07984490459784865
0.0803728960454464
0.07918903604149818
0.0794715047813952
0.07919797906652093
0.07843345310539007
0.07830352475866675
0.07911166362464428
0.07874694699421525
0.07928922027349472
0.07914701476693153
0.07881619781255722
0.0793051803484559
0.07841985207051039
0.07837987272068858
0.07915649795904756
0.078758102376014
0.07893532514572144
0.07917618378996849
0.07891388097777963
0.07880260003730655
0.07896626880392432
0.0790701201185584
0.07849249988794327
0.07862264383584261
0.07917845109477639
0.07886992394924164
0.07840547291561961
0.07919527776539326
0.07902540732175112
0.07885413942858577
0.07951434422284365
0.07870343793183565
0.0786918019875884
0.0786428740248084
0.07919816905632615
0.07961671706289053
0.07870670314878225
0.07859041215851903
0.07858544774353504
0.07868848694488406
0.07877170294523239
0.07841709209606051
0.07884802017360926
0.07801967300474644
0.07796784536913037
0.07913747802376747
0.07874136883765459
0.07920001819729805
0.07941864524036646
0.07881040079519153
0.07851564604789019
0.0785438297316432
0.07937817834317684
0.07883799495175481
0.07878057891502976
0.07871975190937519
0.07890842203050852
0.07971298415213823
0.07859606994315982
0.07843325100839138
0.07915835408493876
0.07779131038114429
0.07926145382225513
0.07845847401767969
0.0790174431167543
0.07839166978374124
0.07852773508056998
0.07839462207630277
0.07884011138230562
0.07818681700155139
0.07808950636535883
0.07909501995891333
0.07909314800053835
0.07859508693218231
0.07735054614022374
0.07858778815716505
0.0777005860581994
0.07823198521509767
0.07873929291963577
0.07835548976436257
0.0790558299049735
0.07810310507193208
0.07773895794525743
0.07874923897907138
0.07872888632118702
0.07813680917024612
0.07798139564692974
0.07837613206356764
0.07748294807970524
0.07854678994044662
0.07912673614919186
0.07861741306260228
0.0785783831961453
0.07862461311742663
0.07774941017851233
0.07886163890361786
0.0780093907378614
0.07800928689539433
0.07746978104114532
0.07788213808089495
0.07840318884700537
0.07768699480220675
0.07869096100330353
0.07855410594493151
0.07868632581084967
0.07867759093642235
0.07918528188019991
0.07841974636539817
0.07872569328173995
0.07872987585142255
0.0781331118196249
0.07884545112028718
0.07855386380106211
0.07853662315756083
0.07821008609607816
0.07844742108136415
0.07884817710146308
0.07864468405023217
0.07838425226509571
0.07850073324516416
0.07787710661068559
0.07928032707422972
0.07902311021462083
0.07909090910106897
0.07920978683978319
0.07830567099153996
0.0785642908886075
0.07827223697677255
0.0781357497908175
0.07859286293387413
0.07831859309226274
0.0786673310212791
0.07831621309742332
0.07792260497808456
0.07789568277075887
0.07858028588816524
0.07906773081049323
0.0788253927603364
0.07859310880303383
0.07807190716266632
0.07775754714384675
0.07838826114311814
0.0789026627317071
0.07902568764984608
0.07826787000522017
0.07890297193080187
0.07813829416409135
0.07869496708735824
0.07843963708728552
0.07887194585055113
0.07871184917166829
0.07844177866354585
0.07861417904496193
0.07875074213370681
0.07821155618876219
0.07880103075876832
0.07876174570992589
0.0784848160110414
0.07849033502861857
0.07844557985663414
0.07875955197960138
0.0779518410563469
0.0780962249264121
0.0784260593354702
0.07849444774910808
0.07833398459479213
0.07944696396589279
0.07833371171727777
0.07828313997015357
0.0783136379905045
0.07811223808676004
0.07824820606037974
0.07856181962415576
0.07858753111213446
0.07875998364761472
0.07832438964396715
0.07874945970252156
0.0784274977631867
0.07872790098190308
0.07789298426359892
0.07800849806517363
0.07816303800791502
0.07814584020525217
0.07869501831009984
0.07869399897754192
0.0781693197786808
0.07865143474191427
0.07919004606083035
0.07780548138543963
0.07811884628608823
0.07759650005027652
0.07824167981743813
0.07774379989132285
0.07846096204593778
0.07829708838835359
0.077622065320611
0.07760814623907208
0.07786236703395844
0.07798638101667166
0.07877599913626909
0.07826835894957185
0.07697630068287253
0.07711783470585942
0.07730976259335876
0.07747304392978549
0.07784365117549896
0.07812682399526238
0.07725533610209823
0.07743288716301322
0.07778812199831009
0.07774636568501592
0.07793616876006126
0.07737642340362072
0.07730574905872345
0.07693037809804082
0.07784306118264794
0.07885286398231983
0.07832898106426
0.07723558787256479
0.07689360016956925
0.07721943408250809
0.07790760602802038
0.07806302979588509
0.07767913304269314
0.07819118490442634
0.07732370682060719
0.0771966720931232
0.07794487988576293
0.07818362535908818
0.07856278633698821
0.07792240241542459
0.07781388191506267
0.07776284497231245
0.0784586938098073
0.07734668301418424
0.07753707282245159
0.07801936333999038
0.07712511578574777
0.07721896283328533
0.07816543709486723
0.07763766217976809
0.07764133391901851
0.07751982100307941
0.07896422781050205
0.07767028314992785
0.07739495160058141
0.07838759897276759
0.07749517308548093
0.0774498269893229
0.07771454658359289
0.07747071282938123
0.07959692412987351
0.07737574400380254
0.07774971798062325
0.07771317893639207
0.07888314314186573
0.07741063926368952
0.07757141906768084
0.07827554969117045
0.07750594615936279
0.07859637262299657
0.07787298411130905
0.07718313066288829
0.07788709225133061
0.07801795098930597
0.07736904406920075
0.07796532101929188
0.0775525663048029
0.07767858682200313
0.07824790198355913
0.0776992617174983
0.07784733409062028
0.07742503425106406
0.07859223522245884
0.07755236094817519
0.07880307920277119
0.07893399288877845
0.07829912705346942
0.07776991091668606
0.07740163384005427
0.0780125018209219
0.078042047098279
0.07773069385439157
0.07710936572402716
0.07739218696951866
0.07752806367352605
0.0777318268083036
0.07769411290064454
0.07798616169020534
0.07749151485040784
0.07752997567877173
0.07760551664978266
0.07770027918741107
0.07806831691414118
0.07718171691522002
0.07758732000365853
0.07752868020907044
0.07741042878478765
0.07757998863235116
0.07702422188594937
0.07705793669447303
0.07741956878453493
0.07759137824177742
0.07745118206366897
0.07715287106111646
0.07711166702210903
0.07739009009674191
0.07773508923128247
0.07803187426179647
0.07722624018788338
0.07700404524803162
0.07749714935198426
0.07764363195747137
0.07795429835096002
0.07708616321906447
0.07716955989599228
0.0772741949185729
0.07687779096886516
0.07744319317862391
0.07690496789291501
0.07704668026417494
0.07720401370897889
0.07703508296981454
0.07739572320133448
0.07733882870525122
0.07722875196486712
0.07741095311939716
0.07736426638439298
0.07772088190540671
0.07724885875359178
0.0769853638485074
0.07705989480018616
0.07730135368183255
0.07767726900056005
0.07728242827579379
0.07728017307817936
0.07661774521693587
0.07725999131798744
0.07724640518426895
0.07732245186343789
0.07679645577445626
0.07737622503191233
0.07723023695871234
0.07728856708854437
0.07696759328246117
0.07694337703287601
0.07724905293434858
0.07699752878397703
0.07741136336699128
0.07691768510267138
0.07735847495496273
0.0768908578902483
0.07709324825555086
0.07741906587034464
0.0768999676220119
0.07664640713483095
0.07676029298454523
0.07718084985390306
0.07725693425163627
0.07690940238535404
0.0769757367670536
0.07720893993973732
0.0770550430752337
0.07711087912321091
0.07645877590402961
0.07716949796304107
0.07741237292066216
0.0774744232185185
0.07676859060302377
0.07712943898513913
0.07715261681005359
0.07714600302278996
0.07754908222705126
0.0776994121260941
0.07674975134432316
0.07709092041477561
0.07751525891944766
0.07746042869985104
0.07767902174964547
0.07662976672872901
0.07700868602842093
0.07706045685335994
0.07710186019539833
0.07751720491796732
0.07733128918334842
0.07716732611879706
0.07757798209786415
0.07729346258565784
0.07716938992962241
0.07694075908511877
0.0775237581692636
0.07745734369382262
0.0772352609783411
0.07727463589981198
0.07729557529091835
0.0771952997893095
0.077654920052737
0.07756734266877174
0.07728001475334167
0.07730408990755677
0.07781996298581362
0.07747828494757414
0.07710721576586366
0.0777975651435554
0.07759827002882957
0.07695255614817142
0.07690467219799757
0.07675002003088593
0.07742085587233305
0.07736504077911377
0.07642090693116188
0.07736745616421103
0.0775026767514646
0.07710238359868526
0.07688678102567792
0.07673713890835643
0.07735174614936113
0.07746916217729449
0.0769788958132267
0.07660334091633558
0.07689918903633952
0.07684769341722131
0.07695666933432221
0.07688183430582285
0.0770637970417738
0.07672403892502189
0.07692361110821366
0.07699892669916153
0.07693469477817416
0.07658276800066233
0.07700989535078406
0.07693545194342732
0.07730006985366344
0.07673987513408065
0.07701775478199124
0.07754458207637072
0.07705550221726298
0.07741123577579856
0.07678209990262985
0.07680733595043421
0.07700578309595585
0.07721964409574866
0.07718581287190318
0.07714462094008923
0.07715441286563873
0.07726684212684631
0.07715596817433834
0.07686776435002685
0.07653001323342323
0.07696616370230913
0.07723082322627306
0.07695498457178473
0.07685047201812267
0.07669891184195876
0.07707247603684664
0.07704363204538822
0.07715702801942825
0.07709799380972981
0.07712551206350327
0.07709225732833147
0.0772378291003406
0.0772323589771986
0.07661579083651304
0.07686519017443061
0.07729858485981822
0.07741224486380816
0.07712426036596298
0.07684232434257865
0.07704418897628784
0.07715402403846383
0.07726543489843607
0.07651917915791273
0.07715119002386928
0.07744568027555943
0.07773019000887871
0.07695887796580791
0.0773782953619957
0.07701826933771372
0.07724406011402607
0.07742243027314544
0.07755964482203126
0.07700330717489123
0.07742456579580903
0.07728320686146617
0.0771556319668889
0.07795822201296687
0.07729435805231333
0.07706839498132467
0.07710064062848687
0.07691974472254515
0.07701110700145364
0.07720814971253276
0.07685796078294516
0.07716263504698873
0.07789329206570983
0.07736756931990385
0.07712278515100479
0.07738918112590909
0.07754363911226392
0.0770984748378396
0.07721955794841051
0.07709261495620012
0.0769123719073832
0.07702895905822515
0.07738315826281905
0.07692056987434626
0.07715467968955636
0.07759966002777219
0.07806809991598129
0.07789792912080884
0.07783488789573312
0.0774488989263773
0.0775080886669457
0.07763887802138925
0.0775355719961226
0.07787271309643984
0.07780946884304285
0.07766083674505353
0.07732511078938842
0.07777133723720908
0.07788173900917172
0.07765199104323983
0.07777197798714042
0.07733182096853852
0.07779224496334791
0.07798937009647489
0.07790056569501758
0.07815741701051593
0.07804948929697275
0.07743733515962958
0.07769963005557656
0.07775577064603567
0.0776851768605411
0.07790555525571108
0.07759552681818604
0.0776097271591425
0.07780444389209151
0.07746097119525075
0.07780262595042586
0.07779486197978258
0.07717320416122675
0.07811534311622381
0.07781125977635384
0.07814008835703135
0.07816347805783153
0.07771382899954915
0.0772899892181158
0.07766626682132483
0.07799238618463278
0.07816798007115722
0.07777197705581784
0.07805147906765342
0.0779943959787488
0.0783379403874278
0.07817895105108619
0.07813940895721316
0.07811581389978528
0.07764454605057836
0.07715247292071581
0.07797966618090868
0.07771081384271383
0.07823091698810458
0.07772677019238472
0.07765826396644115
0.07811790611594915
0.0782263851724565
0.0777795109897852
0.07806125190109015
0.07807964878156781
0.07795991189777851
0.0777388820424676
0.07793097523972392
0.07778306910768151
0.07853265712037683
0.07789254607632756
0.07781065907329321
0.07744671776890755
0.07805181900039315
0.07785725919529796
0.07825757982209325
0.07818343164399266
0.0777771258726716
0.0775286927819252
0.07799264928326011
0.07806354202330112
0.079158672131598
0.07837704522535205
0.07865336211398244
0.07864321768283844
0.07754828780889511
0.07811320899054408
0.07789357239380479
0.07829846907407045
0.07781194383278489
0.07782786339521408
0.07779512694105506
0.07811151538044214
0.07805296406149864
0.07825750578194857
0.07806260604411364
0.07765166088938713
0.07782533625140786
0.07807455584406853
0.07805080199614167
0.0779798929579556
0.07798249367624521
0.07814849400892854
0.07823943300172687
0.07981537701562047
0.07975432276725769
0.07987545290961862
0.0792951681651175
0.07934311497956514
0.07961892010644078
0.0798129546456039
0.08135262783616781
0.07992681814357638
0.0813302923925221
0.08063849015161395
0.07947800261899829
0.0818486399948597
0.08153128158301115
0.07935658097267151
0.07907210662961006
0.07907933695241809
0.07969647785648704
0.08277635695412755
0.07942547230049968
0.07903896039351821
0.07916679698973894
0.08060584729537368
0.07909629819914699
0.0799870491027832
0.07908652536571026
0.07923433324322104
0.07908730115741491
0.07908127829432487
0.07850850420072675
0.07833041623234749
0.07807884505018592
0.07845375826582313
0.07815009821206331
0.0777149386703968
0.07851013308390975
0.0783452307805419
0.07839551195502281
0.07842357316985726
0.07807935401797295
0.0777640282176435
0.07812340557575226
0.0783770652487874
0.07820679899305105
0.07829453889280558
0.078390012960881
0.07838991284370422
0.07819003285840154
0.07826068811118603
0.07812870759516954
0.0783983301371336
0.078462615609169
0.07806887989863753
0.07830473408102989
0.078010736964643
0.07815406238660216
0.0784539426676929
0.07823690818622708
0.07829906512051821
0.07808585930615664
0.07790324790403247
0.07838274026289582
0.07837919378653169
0.07805282389745116
0.07821881724521518
0.07793247699737549
0.0780773120932281
0.07781616505235434
0.07806178275495768
0.07820043992251158
0.07834859285503626
0.07811131561174989
0.07804995169863105
0.07797843497246504
0.0778405168093741
0.07798570161685348
0.07802629005163908
0.07812309265136719
0.07926711300387979
0.07797336485236883
0.07790397992357612
0.07794113317504525
0.07768976595252752
0.07817700318992138
0.07803408708423376
0.07757218088954687
0.07776723429560661
0.07784897089004517
0.07830347027629614
0.07832699408754706
0.07795437285676599
0.07785157114267349
0.07800867594778538
0.0783797181211412
0.07741959998384118
0.0779408267699182
0.07844061497598886
0.07737225107848644
0.07794449897482991
0.07805257383733988
0.07802959205582738
0.07805285975337029
0.07807035837322474
0.07740786299109459
0.07763089193031192
0.07770463824272156
0.07809203676879406
0.0779754463583231
0.07785915583372116
0.07803761586546898
0.07779270876199007
0.07768155820667744
0.07746502058580518
0.07765071280300617
0.07761999685317278
0.07768221385776997
0.07753317523747683
0.07709282170981169
0.07819698518142104
0.0778599688783288
0.07730167964473367
0.07738280296325684
0.07824462186545134
0.07790581788867712
0.07781077828258276
0.07748067006468773
0.07728972937911749
0.07723490102216601
0.07709718495607376
0.07772792084142566
0.07757927104830742
0.07756038010120392
0.07748102163895965
0.07741366792470217
0.0778279323130846
0.07760582864284515
0.07769269589334726
0.07713443320244551
0.07802365627139807
0.07768562994897366
0.07786590419709682
0.07775070797652006
0.07712137280032039
0.07722751097753644
0.07762014912441373
0.07906477386131883
0.07741828123107553
0.0772965969517827
0.07771350303664804
0.07718590786680579
0.07810418121516705
0.07772330520674586
0.07739328779280186
0.07722343876957893
0.0776389678940177
0.07748900586739182
0.07787621021270752
0.07798773003742099
0.07725396985188127
0.07716451911255717
0.07739461865276098
0.07829107902944088
0.07843472110107541
0.07816082611680031
0.07776466710492969
0.07737988093867898
0.07796221924945712
0.07756028696894646
0.0781252570450306
0.0774414436891675
0.07791673159226775
0.07780589815229177
0.07728244317695498
0.077671161852777
0.07954818196594715
0.07786792423576117
0.07700383616611362
0.07750473776832223
0.07781338132917881
0.07764704897999763
0.07811851007863879
0.07811849098652601
0.07729087024927139
0.07797308219596744
0.07763657905161381
0.07833272963762283
0.07796948123723269
0.07807609485462308
0.0786393079906702
0.07732290402054787
0.07800620095804334
0.07769292732700706
0.0777799068018794
0.07772299693897367
0.07798200519755483
0.07778269797563553
0.07796627283096313
0.07743634982034564
0.07764166407287121
0.07768527278676629
0.07774899993091822
0.07767547806724906
0.07779834605753422
0.07780375424772501
0.0775739005766809
0.07765929214656353
0.07753043714910746
0.0780806029215455
0.07805259712040424
0.07795302802696824
0.07746248692274094
0.07770280120894313
0.07781430007889867
0.0781494458205998
0.07769160391762853
0.07756755594164133
0.0776581740938127
0.07787982514128089
0.07794410828500986
0.07791855884715915
0.07763391267508268
0.07781871315091848
0.07762885000556707
0.07794310711324215
0.07752356305718422
0.07836274895817041
0.07734282221645117
0.0774439787492156
0.07767775608226657
0.07782478304579854
0.07799801090732217
0.07806584192439914
0.0779262320138514
0.07781033124774694
0.07784754782915115
0.07830978790298104
0.07764064986258745
0.07833707798272371
0.07798625016584992
0.07792788464576006
0.07783825602382421
0.07824023300781846
0.07776351366192102
0.07853626925498247
0.07822187524288893
0.07786364434286952
0.07779463520273566
0.07814752403646708
0.07783401431515813
0.07804816262796521
0.0778808668255806
0.07775807799771428
0.07779248105362058
0.07766452897340059
0.07829197868704796
0.07807630999013782
0.07761998008936644
0.07809880003333092
0.07778897602111101
0.07811438106000423
0.07793631823733449
0.0778283872641623
0.07759462622925639
0.07752484502270818
0.07759962324053049
0.07773922802880406
0.07786768628284335
0.07836181204766035
0.0779032469727099
0.07738631404936314
0.07734578987583518
0.0780012458562851
0.07814163900911808
0.07772771688178182
0.07767736911773682
0.07778812199831009
0.07761500589549541
0.07826522784307599
0.07788359094411135
0.07797880098223686
0.07784554921090603
0.07776086591184139
0.07769519090652466
0.07800709875300527
0.07830538367852569
0.07806060928851366
0.07785056624561548
0.07752917427569628
0.07835437776520848
0.07847343105822802
0.07835760107263923
0.07787513919174671
0.07807335769757628
0.07746838591992855
0.07743609696626663
0.0787261021323502
0.07836613710969687
0.07879447191953659
0.07788438210263848
0.0778527082875371
0.07832990493625402
0.07825954677537084
0.07833769079297781
0.07813475793227553
0.0780971241183579
0.07855989318341017
0.07814117334783077
0.0780322547070682
0.0781769179739058
0.07785848109051585
0.07813986716791987
0.0781576163135469
0.0783225349150598
0.07838591607287526
0.07841943483799696
0.07813790580257773
0.0785254961811006
0.07826388301327825
0.07879886403679848
0.07827477715909481
0.078085380140692
0.07806077413260937
0.07820892287418246
0.07841999782249331
0.07772803911939263
0.07828837679699063
0.07774212397634983
0.07815569126978517
0.07805937016382813
0.07865715632215142
0.07846727408468723
0.07844059774652123
0.07794522494077682
0.07800489384680986
0.07831634022295475
0.07860381808131933
0.07863142527639866
0.07828687829896808
0.07832969725131989
0.07793304929509759
0.0783714996650815
0.07857277663424611
0.0784240672364831
0.07868888135999441
0.07890730490908027
0.07861908711493015
0.07977040717378259
0.07846248801797628
0.0781143419444561
0.07843890180811286
0.07819876307621598
0.07861939305439591
0.0784861808642745
0.0789497890509665
0.07805150002241135
0.07822036417201161
0.07824932085350156
0.07832734100520611
0.07876782771199942
0.07952930126339197
0.07874066568911076
0.07906195009127259
0.07779921498149633
0.07880898099392653
0.07844689395278692
0.07835173839703202
0.07884676195681095
0.07856854796409607
0.07841671211645007
0.07841598987579346
0.07832930004224181
0.07835374306887388
0.07840816117823124
0.07852863008156419
0.0786475008353591
0.07853532209992409
0.07839720603078604
0.07803503191098571
0.07829100824892521
0.07813358539715409
0.07853381615132093
0.07858534390106797
0.07871202379465103
0.0786895607598126
0.07824147678911686
0.0783746330998838
0.07858048612251878
0.07855077600106597
0.07884529745206237
0.07849074713885784
0.07851676270365715
0.07865254115313292
0.07847541058436036
0.07845036499202251
0.0785292312502861
0.0787197002209723
0.07839750312268734
0.07852173503488302
0.07821272779256105
0.0779327847994864
0.07863635616376996
0.07835129089653492
0.07861569477245212
0.07859141007065773
0.07880576187744737
0.07826779969036579
0.07803183607757092
0.07831161515787244
0.07895219884812832
0.07874764176085591
0.07874141586944461
0.07862247014418244
0.07864607637748122
0.0783680509775877
0.0782375899143517
0.07867671735584736
0.07888047164306045
0.07909194007515907
0.07844720082357526
0.0783712100237608
0.07866685511544347
0.07814479665830731
0.07857244461774826
0.07837700936943293
0.07871818589046597
0.07848457619547844
0.07873952202498913
0.07807031832635403
0.07818026002496481
0.07836161833256483
0.07850722735747695
0.0786166712641716
0.078446205239743
0.07875248370692134
0.07871746411547065
0.07834081398323178
0.07823803275823593
0.07900630822405219
0.07869246695190668
0.07874860381707549
0.07854547630995512
0.07865533465519547
0.07900425000116229
0.07834645826369524
0.07859426597133279
0.07859408762305975
0.07867701817303896
0.07870447635650635
0.0787357990629971
0.07833304302766919
0.07814229466021061
0.07804371882230043
0.07848301902413368
0.07874653302133083
0.07851606514304876
0.07886451808735728
0.0785262668505311
0.07801492093130946
0.078138068318367
0.07858423329889774
0.07864510687068105
0.07882954180240631
0.07828401168808341
0.07896798197180033
0.07841631770133972
0.07854078710079193
0.0774585297331214
0.07750567467883229
0.07737938314676285
0.07712594792246819
0.08039875375106931
0.07749805180355906
0.07738958997651935
0.07761515723541379
0.07765160920098424
0.07703687017783523
0.07745766686275601
0.07726697670295835
0.07764234580099583
0.07776506198570132
0.07737991865724325
0.07722722506150603
0.07735675200819969
0.07782999007031322
0.07758750300854445
0.07726049516350031
0.07776162819936872
0.07751666195690632
0.07760867802426219
0.07770407805219293
0.07770284404978156
0.07734479801729321
0.0776006649248302
0.07744648866355419
0.07758240634575486
0.07788055064156651
0.0775056853890419
0.07763483980670571
0.07752199517562985
0.07756222086027265
0.07797318743541837
0.0776473032310605
0.07768533006310463
0.07755270088091493
0.07762445416301489
0.07784960279241204
0.07752086594700813
0.0781327011063695
0.07737141707912087
0.07762260269373655
0.07796508586034179
0.0779050518758595
0.07791038602590561
0.0775766670703888
0.07744192099198699
0.07781769381836057
0.07793083880096674
0.07771035516634583
0.07772713527083397
0.07752669788897038
0.0776989134028554
0.07748966384679079
0.0777579010464251
0.07773302588611841
0.07722209766507149
0.07710825279355049
0.0778574850410223
0.07801376190036535
0.07747635105624795
0.07740598078817129
0.07705995487049222
0.07731715822592378
0.07749802898615599
0.07827625283971429
0.07758400775492191
0.07724673114717007
0.07739051897078753
0.07716929027810693
0.07751786801964045
0.07746271509677172
0.0772015261463821
0.07745958818122745
0.0773312016390264
0.0776348770596087
0.07725252769887447
0.077193443197757
0.07772713573649526
0.07724345335736871
0.07740555191412568
0.07729252800345421
0.07698554079979658
0.07708020089194179
0.07733489805832505
0.07756370399147272
0.0771258701570332
0.07672475418075919
0.07713529793545604
0.07760619791224599
0.07760735275223851
0.07732461718842387
0.07716345507651567
0.07697441289201379
0.07767313718795776
0.07766513805836439
0.07726809801533818
0.07703482918441296
0.07702641189098358
0.0773098599165678
0.07721556024625897
0.07645152881741524
0.07687117392197251
0.07726055104285479
0.07703412091359496
0.07745640212669969
0.0771103072911501
0.07675417698919773
0.07706622127443552
0.07743802573531866
0.07671811990439892
0.07615895615890622
0.07701357780024409
0.07738018967211246
0.07729322696104646
0.0772677562199533
0.07697453116998076
0.07719449885189533
0.07714462699368596
0.07716445112600923
0.07665394805371761
0.07630472304299474
0.07746692886576056
0.07711285538971424
0.07762927561998367
0.07727207196876407
0.07683550799265504
0.07716408418491483
0.07704765209928155
0.07688154699280858
0.0770388999953866
0.07721502799540758
0.07694618217647076
0.07723659463226795
0.07684860192239285
0.07740949606522918
0.07727914722636342
0.07686287583783269
0.0772640909999609
0.0773572651669383
0.07676042290404439
0.07742333505302668
0.07724865572527051
0.0771799678914249
0.07709104986861348
0.07700656121596694
0.07696482492610812
0.07724149199202657
0.07738186093047261
0.07706909300759435
0.07724612858146429
0.07712670415639877
0.07719745999202132
0.07731879409402609
0.07718672277405858
0.07707439782097936
0.07725860318168998
0.07732894597575068
0.07760685868561268
0.07724968297407031
0.07702955417335033
0.07708292966708541
0.07700123079121113
0.07706162799149752
0.07676289696246386
0.0768219018355012
0.07724131317809224
0.07717897091060877
0.07718761218711734
0.07701385533437133
0.07689953502267599
0.07691268110647798
0.07692471193149686
0.07660849206149578
0.07645699940621853
0.07680817134678364
0.07705423701554537
0.07721901033073664
0.0768478219397366
0.07664064597338438
0.07718500820919871
0.0769198159687221
0.07668562605977058
0.07695846818387508
0.07678070291876793
0.07669041911140084
0.07670349813997746
0.07678104471415281
0.0767766060307622
0.07697974238544703
0.0772226257249713
0.07723296619951725
0.07663773698732257
0.07671519974246621
0.07712838193401694
0.07753096939995885
0.07693163212388754
0.07701059617102146
0.07636571116745472
0.07656490802764893
0.07726467773318291
0.07708236202597618
0.07689577294513583
0.07730229292064905
0.07690659258514643
0.07681198604404926
0.07662171125411987
0.07672136509791017
0.07692778203636408
0.07676487183198333
0.07684926316142082
0.07673848886042833
0.07645713118836284
0.07709461124613881
0.07737079309299588
0.07675422774627805
0.07660523243248463
0.076900830026716
0.076904253102839
0.07663176022469997
0.07690117182210088
0.07641984708607197
0.07703680312260985
0.0770147587172687
0.07669327687472105
0.0765450969338417
0.07680941140279174
0.07702742563560605
0.07704691588878632
0.07704751286655664
0.07667371723800898
0.07668292988091707
0.07709146477282047
0.07691695168614388
0.07675907295197248
0.07690517790615559
0.07677982794120908
0.0769985867664218
0.07674047211185098
0.07662759395316243
0.076860377099365
0.07704979786649346
0.07673752214759588
0.07665010634809732
0.07687514973804355
0.07698418013751507
0.07725369045510888
0.07707772683352232
0.07662001391872764
0.07694011181592941
0.07670024875551462
0.07659451896324754
0.07668884377926588
0.07663086010143161
0.07726817112416029
0.07706412393599749
0.07684878585860133
0.0765983178280294
0.07668936997652054
0.07714940002188087
0.07722734473645687
0.07669706596061587
0.07665830012410879
0.07695070095360279
0.0770599190145731
0.07703700428828597
0.07649289723485708
0.07676943205296993
0.07717898627743125
0.07742659281939268
0.07703990815207362
0.07649202179163694
0.07745666289702058
0.07726091425865889
0.07740220334380865
0.07679432071745396
0.07662279205396771
0.07706512697041035
0.0771342683583498
0.07743820082396269
0.0772842769511044
0.07654893910512328
0.07708663307130337
0.07699706498533487
0.07688020030036569
0.07652716198936105
0.0768839712254703
0.0769294761121273
0.07741026906296611
0.07684726314619184
0.07669337978586555
0.0768914669752121
0.07711481908336282
0.07713504089042544
0.07698632590472698
0.07661800598725677
0.07693239999935031
0.07710156077519059
0.07665002718567848
0.07657861104235053
0.07686495035886765
0.07675604894757271
0.07720164116472006
0.07866560108959675
0.0778623460792005
0.07852105237543583
0.07840375881642103
0.07863037381321192
0.07821190590038896
0.07956230128183961
0.07929651904851198
0.0827237730845809
0.07798944413661957
0.07847851887345314
0.07768251374363899
0.07865153532475233
0.07786750886589289
0.07830411987379193
0.07781132310628891
0.07882947893813252
0.07789088087156415
0.07799583207815886
0.07800952019169927
0.07771353190764785
0.07838739594444633
0.07764936611056328
0.07855097996070981
0.07802327116951346
0.07828109385445714
0.07884633494541049
0.07825251994654536
0.07793678902089596
0.07732810825109482
0.07696313876658678
0.07746934425085783
0.07719625579193234
0.07753475988283753
0.07676275167614222
0.0765912919305265
0.07713698968291283
0.07750865397974849
0.07734937174245715
0.07682027528062463
0.0771949328482151
0.07687431154772639
0.07706121075898409
0.07679921016097069
0.07669594697654247
0.07702194293960929
0.07671033684164286
0.07632680702954531
0.07628677319735289
0.07660416699945927
0.07671485422179103
0.07693211501464248
0.0766958431340754
0.07627088902518153
0.07682003173977137
0.07729845400899649
0.07654480915516615
0.07677052216604352
0.07693670596927404
0.07725188601762056
0.07714170310646296
0.0765005899593234
0.07602056488394737
0.07664244482293725
0.07684230525046587
0.07668748404830694
0.07597765699028969
0.07637156499549747
0.07665486913174391
0.07659804495051503
0.07620513811707497
0.07668588915839791
0.07724117208272219
0.07693162327632308
0.07631578203290701
0.0762625141069293
0.0768722789362073
0.07666214508935809
0.07640152610838413
0.07630853122100234
0.07659498695284128
0.07696363609284163
0.0764994639903307
0.07641361141577363
0.07704787375405431
0.07726014964282513
0.0767623782157898
0.07638924894854426
0.07643541181460023
0.07713613286614418
0.07743897009640932
0.07697320356965065
0.07718452531844378
0.0762176257558167
0.07747785188257694
0.07731896778568625
0.07681164378300309
0.07655721716582775
0.07764517609030008
0.0770261799916625
0.0770752839744091
0.07680229842662811
0.07685157097876072
0.07738015800714493
0.07710580434650183
0.07676493097096682
0.07606209767982364
0.07681060303002596
0.07699144724756479
0.07680371310561895
0.07691477378830314
0.07698147697374225
0.07702168310061097
0.07692263182252645
0.0768318329937756
0.07674991199746728
0.07651313627138734
0.07729901606217027
0.07761284289881587
0.07696619024500251
0.07639380590990186
0.07670021895319223
0.07697245012968779
0.0769858960993588
0.07684928365051746
0.07662233803421259
0.07689306093379855
0.0773042100481689
0.07718243962153792
0.07624409487470984
0.07715696236118674
0.07718804012984037
0.07721471320837736
0.07697525108233094
0.07661526603624225
0.07763049099594355
0.07686011493206024
0.07692740205675364
0.07655876129865646
0.07639912096783519
0.0771239441819489
0.07729039900004864
0.07693068077787757
0.076805854216218
0.07689343765377998
0.07670434936881065
0.07697655400261283
0.07648574328050017
0.07689130958169699
0.07660832302644849
0.07736101979389787
0.07683233497664332
0.07633210998028517
0.07674007536843419
0.07727851485833526
0.07659084629267454
0.07657040096819401
0.07656395807862282
0.07705963030457497
0.07738928124308586
0.07687448104843497
0.07642219681292772
0.0774043407291174
0.07722692005336285
0.07696068100631237
0.07688488997519016
0.07641024608165026
0.07733088126406074
0.07669279770925641
0.07698220387101173
0.07672956213355064
0.0767269586212933
0.07731357822194695
0.07676591211929917
0.07675828458741307
0.07672690274193883
0.07678187265992165
0.07731545995920897
0.07677601184695959
0.07613308727741241
0.07721399189904332
0.07696246402338147
0.0766804488375783
0.07676884066313505
0.07675361586734653
0.07672135718166828
0.07703515002503991
0.07676910562440753
0.07619241485372186
0.07726251892745495
0.07738234801217914
0.07716716406866908
0.07702390011399984
0.07670426974073052
0.07646645186468959
0.0771132349036634
0.07702089101076126
0.07659569289535284
0.07698961114510894
0.07710023503750563
0.07711504213511944
0.07654483942314982
0.07685886416584253
0.07680997718125582
0.07696167705580592
0.07656971272081137
0.07649168791249394
0.07699737092480063
0.07712556794285774
0.07723898999392986
0.07663243310526013
0.07667692890390754
0.07717033801600337
0.0771144600585103
0.07682078704237938
0.0766886230558157
0.0767356432043016
0.07732074707746506
0.0768942479044199
0.07733922591432929
0.07675146777182817
0.07670895988121629
0.077198619954288
0.07756292214617133
0.07672035694122314
0.07686602929607034
0.07708188006654382
0.07696036668494344
0.07698671380057931
0.07624120404943824
0.07658948889002204
0.07667735731229186
0.07650001626461744
0.0759645439684391
0.07634006906300783
0.07698724698275328
0.07700581988319755
0.07677683560177684
0.07594856014475226
0.07654493814334273
0.07670990517362952
0.07688014209270477
0.07611188665032387
0.07706017978489399
0.07708077924326062
0.07687757210806012
0.07619651081040502
0.07658479688689113
0.07675312692299485
0.07708126306533813
0.07647094782441854
0.07614374486729503
0.07697618613019586
0.0766054280102253
0.07672133203595877
0.0766150550916791
0.07647354807704687
0.076512745115906
0.07673963392153382
0.07656594133004546
0.07664225809276104
0.07703911187127233
0.07711519626900554
0.07660325290635228
0.07660070806741714
0.07651234697550535
0.07659526215866208
0.07629915000870824
0.07647147262468934
0.07650224911049008
0.07669788273051381
0.0770228267647326
0.07664560293778777
0.07588265277445316
0.07674511009827256
0.07667397474870086
0.07655626721680164
0.07637643022462726
0.07721476908773184
0.07645166991278529
0.07705854577943683
0.0765847903676331
0.07629448594525456
0.07684924686327577
0.07650784309953451
0.07660724921151996
0.07678267266601324
0.07718648808076978
0.07669393625110388
0.0761966397985816
0.07643849216401577
0.07681689178571105
0.076503979973495
0.07699283910915256
0.07608113996684551
0.07673940900713205
0.07667331304401159
0.07626362098380923
0.07633570302277803
0.07624062988907099
0.0770418830215931
0.07663370622321963
0.07653902005404234
0.0768960970453918
0.07723800698295236
0.07687328290194273
0.07685969676822424
0.07651474792510271
0.07696636719629169
0.07632104121148586
0.07717556087300181
0.07672053528949618
0.07640642207115889
0.07685151929035783
0.07699711574241519
0.07734581688418984
0.07658111117780209
0.07689131610095501
0.07662582490593195
0.07634107489138842
0.07630796078592539
0.07678092084825039
0.07702184608206153
0.0772113292478025
0.07708252174779773
0.07680300995707512
0.07700292579829693
0.07698200503364205
0.0769805433228612
0.07648922363296151
0.07637092098593712
0.0768980486318469
0.07688124384731054
0.0767085668630898
0.07654886366799474
0.0765741397626698
0.07722381688654423
0.07657629018649459
0.07647120533511043
0.07661590119823813
0.07688761316239834
0.07680710637941957
0.07626949902623892
0.07702181627973914
0.07676772121340036
0.07730928575620055
0.07685709511861205
0.07634277315810323
0.07672586105763912
0.07679137028753757
0.07651347387582064
0.0765472799539566
0.07680527679622173
0.07657057512551546
0.07715837191790342
0.07674372009932995
0.07676375284790993
0.07655733218416572
0.07688777288421988
0.07672037417069077
0.07654665922746062
0.07667829096317291
0.07667562877759337
0.07668633293360472
0.07622738881036639
0.07654939964413643
0.07715201331302524
0.07698782533407211
0.07675729924812913
0.07653629966080189
0.076652015093714
0.0769613548181951
0.07722816430032253
0.07583712879568338
0.07632692530751228
0.07665609382092953
0.07603403413668275
0.0760453981347382
0.0764426440000534
0.07656274503096938
0.07651582406833768
0.0762865487486124
0.07682321593165398
0.07635965710505843
0.07671707402914762
0.07604052405804396
0.07634285278618336
0.0762781878001988
0.07688804669305682
0.07643630309030414
0.07638526102527976
0.07691797101870179
0.07678719516843557
0.07641219906508923
0.07631926517933607
0.07638613972812891
0.07648477097973228
0.07659035315737128
0.0763952350243926
0.07597705814987421
0.07658839505165815
0.07667463272809982
0.07602604106068611
0.07586124027147889
0.07685427879914641
0.0765101402066648
0.07665322301909328
0.07606715383008122
0.07648222707211971
0.07640584977343678
0.07628428796306252
0.07604511128738523
0.07762714894488454
0.0766147319227457
0.0765037639066577
0.0765680861659348
0.07661944488063455
0.0769481798633933
0.07696393085643649
0.07659152895212173
0.07638161210343242
0.07683237222954631
0.07670706370845437
0.07696980983018875
0.07683298597112298
0.07664768910035491
0.0769791048951447
0.07699760794639587
0.07682080380618572
0.07627019705250859
0.07676722528412938
0.07721112901344895
0.07659742282703519
0.07634941581636667
0.07650853088125587
0.07684241281822324
0.07684809295460582
0.07653767103329301
0.07679421594366431
0.07665714574977756
0.07691263081505895
0.07674113195389509
0.07614528480917215
0.07708323514088988
0.07730140117928386
0.0767062627710402
0.07622899673879147
0.07700836099684238
0.07704008603468537
0.07676352979615331
0.07691478496417403
0.07649432960897684
0.07685563014820218
0.07703288784250617
0.07758240588009357
0.0766886817291379
0.0765350260771811
0.07739551132544875
0.07720005931332707
0.07655587699264288
0.076957484241575
0.07658008998259902
0.07721808878704906
0.07729826122522354
0.07684261910617352
0.07628247002139688
0.0768233360722661
0.07728050788864493
0.07712448202073574
0.07660298189148307
0.07675999496132135
0.0768369808793068
0.07709573395550251
0.07709027407690883
0.07669376861304045
0.07658746605738997
0.07672632811591029
0.07752408925443888
0.07676739757880569
0.07667643297463655
0.07705795019865036
0.07718771416693926
0.07735588820651174
0.07650024490430951
0.07638495694845915
0.07648730324581265
0.07722142105922103
0.07719072001054883
0.07632643403485417
0.0774368210695684
0.07708529010415077
0.07707309583202004
0.07696555182337761
0.07643336104229093
0.07664986466988921
0.07730880659073591
0.07678421726450324
0.07613741513341665
0.07685799617320299
0.0768850571475923
0.07688060589134693
0.07687217369675636
0.07680871896445751
0.0769374268129468
0.077102683018893
0.07723084604367614
0.07661328604444861
0.07659493573009968
0.07698315009474754
0.07730584824457765
0.07684089802205563
0.07644142210483551
0.07681257370859385
0.07702460186555982
0.07648939965292811
0.07694816216826439
0.07650654204189777
0.07708459068089724
0.07706293324008584
0.07717270590364933
0.07659270521253347
0.07677102601155639
0.07735760416835546
0.07728435704484582
0.07704577501863241
0.07685546716675162
0.07691380009055138
0.07705627428367734
0.07692088605836034
0.07665216503664851
0.07648459495976567
0.07684539491310716
0.07727967109531164
0.07687651365995407
0.07655932707712054
0.07680911617353559
0.07696180092170835
0.07692519994452596
0.07710962323471904
0.07636175723746419
0.07695606537163258
0.07717264490202069
0.07688954286277294
0.07671254128217697
0.07660439889878035
0.07700860593467951
0.07693135226145387
0.0768062206916511
0.07667564786970615
0.07693664683029056
0.07710900716483593
0.07717468915507197
0.07652970729395747
0.07659491803497076
0.0773212038911879
0.07723449822515249
0.0770308431237936
0.07669674977660179
0.0768785928376019
0.07677330123260617
0.07713733613491058
0.07703209202736616
0.07628078432753682
0.0769414403475821
0.07724456209689379
0.07684682728722692
0.07652985025197268
0.07676080241799355
0.076934858225286
0.07705389987677336
0.07690523471683264
0.07641712995246053
0.07705893833190203
0.07712307898327708
0.07701568305492401
0.07604068890213966
0.07678377022966743
0.07726796204224229
0.0769428857602179
0.07682252582162619
0.07681414484977722
0.0767975221388042
0.07711239205673337
0.0764764160849154
0.0765497200191021
0.07665692688897252
0.07725195866078138
0.07733105681836605
0.07709552301093936
0.07608427805826068
0.0772454240359366
0.07714907685294747
0.07685395516455173
0.07653934275731444
0.07639720290899277
0.07718196604400873
0.07733349641785026
0.07663292624056339
0.07621906604617834
0.07650026632472873
0.07716326788067818
0.07666241517290473
0.07637808239087462
0.07636912306770682
0.07657769089564681
0.07699296716600657
0.07681750319898129
0.07647701632231474
0.0772432629019022
0.07701675919815898
0.07672553742304444
0.07640563510358334
0.07653268706053495
0.07679760875180364
0.07689786283299327
0.07665527099743485
0.07671497389674187
0.07674139272421598
0.07694396702572703
0.07704151095822453
0.07723309891298413
0.07647159090265632
0.07642497960478067
0.07699939189478755
0.07624497218057513
0.07617203192785382
0.07692812429741025
0.0773148569278419
0.07675955584272742
0.07650279020890594
0.07748594880104065
0.07682517729699612
0.07666772324591875
0.07662843726575375
0.07661500293761492
0.0768724549561739
0.07696843193843961
0.07699092105031013
0.0766164637170732
0.0765213081613183
0.07643419317901134
0.07694265991449356
0.07687715999782085
0.07628072006627917
0.07704191794618964
0.07696012873202562
0.07814788818359375
0.07650062069296837
0.07601809361949563
0.07651373371481895
0.0768004902638495
0.0767230000346899
0.07608406618237495
0.07668989058583975
0.0770626999437809
0.0764928967691958
0.0761915072798729
0.07652050908654928
0.07724118884652853
0.07698192773386836
0.0767215178348124
0.07642307179048657
0.0768391340970993
0.07671542791649699
0.07685521198436618
0.0763711160980165
0.076439771335572
0.07701246859505773
0.07632279116660357
0.07605397701263428
0.0766878267750144
0.07680985890328884
0.07713261432945728
0.07618096005171537
0.07663716515526175
0.07683491706848145
0.07692087115719914
0.07635391503572464
0.07644010661169887
0.07688341243192554
0.07688284805044532
0.07732413103803992
0.07663443684577942
0.07620239118114114
0.07684106566011906
0.07723648427054286
0.07644123490899801
0.07620991114526987
0.07665466563776135
0.0772113767452538
0.0768276397138834
0.07641084911301732
0.07623312063515186
0.07651238329708576
0.07713788887485862
0.07660388806834817
0.07642209809273481
0.07709606597200036
0.0768277570605278
0.07674405677244067
0.07673979504033923
0.07678462006151676
0.07670099474489689
0.07696373807266355
0.07658830098807812
0.07644366519525647
0.0772050772793591
0.07682773610576987
0.07695984607562423
0.07600802509114146
0.07659275084733963
0.07705056015402079
0.07677928498014808
0.07646165229380131
0.07641387218609452
0.07688452443107963
0.07663060119375587
0.07626505801454186
0.07652402389794588
0.0762568423524499
0.07708071917295456
0.0767035773023963
0.07657410483807325
0.07611729437485337
0.07665520301088691
0.077025325037539
0.07636659499257803
0.07638573413714767
0.0768123809248209
0.07720365142449737
0.07688484666869044
0.07643603021278977
0.0765932584181428
0.07639136211946607
0.07691407762467861
0.0767878657206893
0.07673294562846422
0.07683715224266052
0.07677945401519537
0.07663707993924618
0.0763308247551322
0.07720849709585309
0.07703215908259153
0.07703722268342972
0.07722197705879807
0.07622785586863756
0.07719750283285975
0.07760269194841385
0.07696707500144839
0.07701530493795872
0.0769260199740529
0.07759168604388833
0.07741115102544427
0.07676669582724571
0.07720408588647842
0.07682735985144973
0.07685534097254276
0.07767392508685589
0.07696946989744902
0.07649249723181129
0.07674342393875122
0.07673240080475807
0.07724300120025873
0.07725248811766505
0.07676948374137282
0.07680348586291075
0.07711025001481175
0.07742566801607609
0.07668683957308531
0.07675007730722427
0.07770959194749594
0.07729468122124672
0.07689677830785513
0.07668405212461948
0.0768599440343678
0.07695831498131156
0.07789196213707328
0.07741822907701135
0.07697223592549562
0.07737483503296971
0.07797886803746223
0.07780051417648792
0.07858817186206579
0.07862191600725055
0.07802852196618915
0.07871376071125269
0.07822298491373658
0.07838848885148764
0.07848478993400931
0.07927549397572875
0.07902636285871267
0.07938302680850029
0.0779100488871336
0.07874836632981896
0.07877168897539377
0.07763024792075157
0.07893328368663788
0.07834392879158258
0.07826753286644816
0.07770171714946628
0.07776148989796638
0.07793808588758111
0.07846731087192893
0.07864891598001122
0.07804239867255092
0.07779185893014073
0.07869838504120708
0.07821415970101953
0.07827420206740499
0.07838667090982199
0.07801665691658854
0.07796211587265134
0.07687126100063324
0.0768803022801876
0.07766822725534439
0.07729287166148424
0.07723086094483733
0.07703190296888351
0.0775047386996448
0.07769201323390007
0.07752488739788532
0.07747015403583646
0.07687593810260296
0.07691843155771494
0.07740927208214998
0.07739929296076298
0.07681399211287498
0.07688014023005962
0.07700849277898669
0.07720659906044602
0.07761465525254607
0.07746813166886568
0.07673977874219418
0.07739163795486093
0.07751399464905262
0.07751106703653932
0.07694120379164815
0.07730925176292658
0.07737643085420132
0.07693897327408195
0.07816244615241885
0.07698665885254741
0.07712530298158526
0.07735834084451199
0.07777784485369921
0.0774885956197977
0.07777694566175342
0.07694517308846116
0.0768593680113554
0.07751794205978513
0.07758567715063691
0.07742271525785327
0.07700654678046703
0.07768438290804625
0.07743087690323591
0.07801259309053421
0.07763442117720842
0.07741507142782211
0.07726871501654387
0.07736429572105408
0.07739692274481058
0.07780929980799556
0.07728130742907524
0.07712722104042768
0.07704012421891093
0.07751091290265322
0.07768490957096219
0.07715575071051717
0.07768826419487596
0.07726150285452604
0.0774045642465353
0.07741522928699851
0.07752874493598938
0.07755998196080327
0.07693084795027971
0.07740534702315927
0.07753177778795362
0.07777363993227482
0.07688872283324599
0.07704408187419176
0.0771427140571177
0.07775444304570556
0.07735860301181674
0.07712435908615589
0.07713890401646495
0.07715782383456826
0.07799732685089111
0.0776277408003807
0.07727205473929644
0.07691549696028233
0.07774897990748286
0.0775544298812747
0.07776763802394271
0.07735749706625938
0.07710756687447429
0.07755475025624037
0.0774913770146668
0.07869421690702438
0.07854613708332181
0.0788907092064619
0.07856953283771873
0.0787842539139092
0.07861786102876067
0.07841097703203559
0.07931494200602174
0.07964492170140147
0.07866842625662684
0.07871146313846111
0.07813086314126849
0.07837669411674142
0.07884105015546083
0.07809793716296554
0.07894825283437967
0.07891316991299391
0.07862051390111446
0.0785094746388495
0.07828939519822598
0.07876756181940436
0.07852961728349328
0.07887133304029703
0.0786230000667274
0.07877180213108659
0.0785100688226521
0.0785273527726531
0.07818582514300942
0.07861016783863306
0.07828015880659223
0.07913232501596212
0.0786528130993247
0.0787864956073463
0.07838681386783719
0.07865058584138751
0.07875692704692483
0.07876051124185324
0.07868237886577845
0.0787215530872345
0.07859130995348096
0.0789613239467144
0.07866151398047805
0.07808039290830493
0.07846328290179372
0.07847090996801853
0.07949095405638218
0.07932436792179942
0.078974480740726
0.0786839840002358
0.07833021972328424
0.07869878178462386
0.07851015171036124
0.0785319902934134
0.0788616449572146
0.07879877602681518
0.078473802190274
0.07825241610407829
0.07820335403084755
0.07859797216951847
0.07852452527731657
0.07877530576661229
0.07856720313429832
0.07835752330720425
0.07863295124843717
0.07802144018933177
0.07865108083933592
0.07947900425642729
0.07820830214768648
0.07877348689362407
0.07862351322546601
0.07839813595637679
0.07843553833663464
0.07880681427195668
0.0786753399297595
0.07847098587080836
0.0788768669590354
0.07904275879263878
0.07869734801352024
0.07859604712575674
0.07812679605558515
0.07823272189125419
0.07865370623767376
0.07867604400962591
0.07867899211123586
0.08017944497987628
0.07836386188864708
0.07860632333904505
0.07825115788727999
0.07839472405612469
0.07828785572201014
0.07875169813632965
0.07977925473824143
0.07865173136815429
0.07863971684128046
0.07839789101853967
0.07813915284350514
0.07894306816160679
0.07870007678866386
0.07856066478416324
0.07872510701417923
0.07895070360973477
0.07835472328588367
0.07880410039797425
0.07874226616695523
0.07856846321374178
0.07888715295121074
0.07864495506510139
0.07862691907212138
0.0785381137393415
0.07879673969000578
0.07861617673188448
0.07855112664401531
0.0784830842167139
0.07873817067593336
0.07879819255322218
0.07837576698511839
0.07843695022165775
0.07835332583636045
0.07841581106185913
0.07871403591707349
0.07900066999718547
0.07882517715916038
0.07852071616798639
0.07877961825579405
0.07851909101009369
0.07861194061115384
0.07864980399608612
0.07837100559845567
0.07915132259950042
0.0790829248726368
0.07855395507067442
0.07840101327747107
0.07846312504261732
0.0785285159945488
0.07861290080472827
0.07876403303816915
0.07862841291353106
0.07905347924679518
0.07879549264907837
0.07829409372061491
0.0786894871853292
0.0786953391507268
0.07911167666316032
0.0789877469651401
0.0788813978433609
0.07871645176783204
0.07862573908641934
0.07842028420418501
0.0785608240403235
0.07858216762542725
0.07837612787261605
0.07872615708038211
0.07885027304291725
0.0789089216850698
0.07876167492941022
0.0784475221298635
0.07880151690915227
0.07879116665571928
0.07865822175517678
0.07904559839516878
0.07902309810742736
0.07896953681483865
0.07876948872581124
0.078456558752805
0.07830004580318928
0.07871472090482712
0.0785069027915597
0.07907221373170614
0.07908777985721827
0.07863917388021946
0.07891640393063426
0.07829542504623532
0.07842065021395683
0.07879695994779468
0.07854500133544207
0.07910746522247791
0.07880257768556476
0.07868821918964386
0.07819304382428527
0.07820826675742865
0.07904669595882297
0.07852968294173479
0.07878626184538007
0.07908495888113976
0.07866584416478872
0.07864020066335797
0.07819151598960161
0.07867845520377159
0.07831951091066003
0.07843764685094357
0.07902189530432224
0.0787326549179852
0.07905261591076851
0.07916637836024165
0.0782364890910685
0.07864300673827529
0.07890758803114295
0.07853544922545552
0.07918070908635855
0.07891679927706718
0.07867359276860952
0.07895299838855863
0.07855391688644886
0.07892051991075277
0.07859297003597021
0.07878542505204678
0.0786817790940404
0.07859326712787151
0.07839588914066553
0.078307603020221
0.0784290749579668
0.07860028697177768
0.07804912375286222
0.07873988011851907
0.07878413237631321
0.07909383857622743
0.07806080393493176
0.07807599706575274
0.07863600179553032
0.07830139715224504
0.07870819186791778
0.07907033478841186
0.0781812546774745
0.07877765689045191
0.07816722290590405
0.07800162117928267
0.07823705021291971
0.07934509217739105
0.0796799180097878
0.08001957088708878
0.0795635711401701
0.08002651296555996
0.07868759706616402
0.07833464117720723
0.07845155103132129
0.07861117320135236
0.07864692201837897
0.07885777903720737
0.07874519377946854
0.07862351275980473
0.07868366409093142
0.07777628721669316
0.07838566275313497
0.07818004814907908
0.07887061964720488
0.07867914391681552
0.07820590864866972
0.07800484215840697
0.07787231402471662
0.07839599996805191
0.0784378950484097
0.0785413053818047
0.07831534929573536
0.07869180012494326
0.07884950283914804
0.07837039791047573
0.07883098162710667
0.0782090830616653
0.07827469985932112
0.07924900017678738
0.07866939762607217
0.07834523171186447
0.07837811904028058
0.07820697780698538
0.07833955809473991
0.07853766018524766
0.07878371980041265
0.07807710906490684
0.07789621874690056
0.07787963096052408
0.07837567431852221
0.0778681319206953
0.07862674118950963
0.07784147281199694
0.07818822329863906
0.07759092515334487
0.07802852895110846
0.07787180505692959
0.0788666233420372
0.07849323004484177
0.07790838833898306
0.07817927515134215
0.07749912794679403
0.0780890597961843
0.07788699585944414
0.07835105108097196
0.07807597378268838
0.07782303402200341
0.07820894662290812
0.07809692760929465
0.07795502990484238
0.07803166517987847
0.07818924589082599
0.07760582491755486
0.07746793422847986
0.07873292081058025
0.0777035690844059
0.07833718601614237
0.07780159311369061
0.0778453960083425
0.07790853269398212
0.07809507614001632
0.07773420494049788
0.07783535495400429
0.07833445211872458
0.0777629497461021
0.07820005295798182
0.07810691697522998
0.07795532792806625
0.07773207360878587
0.07806093385443091
0.07776879472658038
0.07726002717390656
0.07780264131724834
0.0779202370904386
0.07784413080662489
0.07755193393677473
0.07764683291316032
0.07761161122471094
0.07832431700080633
0.077521997038275
0.07819878589361906
0.07792833726853132
0.0778231699950993
0.07774111302569509
0.07856225874274969
0.07784720696508884
0.07848366629332304
0.0779776037670672
0.07769380416721106
0.07762243738397956
0.07833724329248071
0.0779755599796772
0.07878784090280533
0.07845484185963869
0.07801384199410677
0.07769095478579402
0.07728145690634847
0.07832441991195083
0.0780449965968728
0.0781931160017848
0.07801319099962711
0.07753002783283591
0.0776342349126935
0.07783148484304547
0.07816764526069164
0.07831171900033951
0.07833338109776378
0.07758568972349167
0.07748060813173652
0.07818671176210046
0.07823246903717518
0.07815841911360621
0.07770612323656678
0.07806944707408547
0.07749353116378188
0.07811365183442831
0.0778683996759355
0.07801109598949552
0.07827080506831408
0.07756001595407724
0.07760043302550912
0.07822037395089865
0.07802248420193791
0.07826792588457465
0.07806293293833733
0.07793605979532003
0.07787322485819459
0.07775101810693741
0.07782404031604528
0.07814894383773208
0.07814441993832588
0.07777985511347651
0.0778528181836009
0.07824042672291398
0.07779254019260406
0.07798594236373901
0.0780973406508565
0.07836767705157399
0.07760421792045236
0.07809958187863231
0.07784948218613863
0.07816963689401746
0.07832202408462763
0.07812015479430556
0.07864476600661874
0.07804298028349876
0.07822378724813461
0.07752625597640872
0.07825973303988576
0.07825827784836292
0.07764400914311409
0.07797924196347594
0.0777387679554522
0.07816350227221847
0.07830564677715302
0.07793109165504575
0.07729800464585423
0.07799634942784905
0.07744244812056422
0.07798111205920577
0.07838212326169014
0.07759380480274558
0.07817836897447705
0.07834301330149174
0.07890920713543892
0.07929003611207008
0.07920302404090762
0.07902919501066208
0.07849387964233756
0.07840822730213404
0.07863009488210082
0.07841969514265656
0.07914740685373545
0.07863515103235841
0.0788625031709671
0.07866036426275969
0.07821876835078001
0.07846818678081036
0.07854200899600983
0.07863675896078348
0.07870257180184126
0.07860458502545953
0.07876543793827295
0.07859621895477176
0.07832512818276882
0.07809072034433484
0.07847596285864711
0.07838598964735866
0.07832400593906641
0.07835699105635285
0.07852978026494384
0.07844917709007859
0.07772521721199155
0.07830090774223208
0.0783281372860074
0.07854326628148556
0.07970228511840105
0.07973141176626086
0.07834756514057517
0.07879457902163267
0.07819484919309616
0.07787586795166135
0.07846021791920066
0.07815489312633872
0.07862128410488367
0.07838986720889807
0.07834302540868521
0.07829953683540225
0.0794807500205934
0.07831427315250039
0.07859803969040513
0.07878660224378109
0.07891907403245568
0.07854450820013881
0.07810464594513178
0.07815908780321479
0.0781801980920136
0.07856786996126175
0.07878424739465117
0.0788152408786118
0.07867489708587527
0.0785175571218133
0.07841904880478978
0.07824715506285429
0.07852809689939022
0.07865724107250571
0.07934129191562533
0.07863029977306724
0.07850154442712665
0.07854753220453858
0.07787195406854153
0.0783875067718327
0.07839080225676298
0.07931921817362309
0.07865464081987739
0.07918947795405984
0.07907454995438457
0.0786837381310761
0.0787566821090877
0.07887482363730669
0.07914598239585757
0.07893678219988942
0.07957254303619266
0.08012542827054858
0.07918265694752336
0.07887518778443336
0.07951791398227215
0.07856187969446182
0.07886513276025653
0.07873085793107748
0.07829662598669529
0.07940777624025941
0.07890253979712725
0.07916849991306663
0.0811473592184484
0.08027680404484272
0.07862848369404674
0.07819273602217436
0.07876656716689467
0.07867736322805285
0.07831783499568701
0.0790308890864253
0.07953682774677873
0.08261888567358255
0.08023128332570195
0.07942386483773589
0.08001909591257572
0.07933403411880136
0.08184423297643661
0.08275629486888647
0.07957626692950726
0.07950878189876676
0.08028738899156451
0.07958973897621036
0.0797946872189641
0.07969539007171988
0.07903096312656999
0.08000340918079019
0.08000936405733228
0.08028779085725546
0.08013799134641886
0.07962227985262871
0.07927198801189661
0.07999302819371223
0.07964618084952235
0.07957918383181095
0.07913219137117267
0.0792799019254744
0.07920943619683385
0.07981503801420331
0.07912167301401496
0.08064862014725804
0.07928345212712884
0.07925318600609899
0.07887424807995558
0.07953230896964669
0.07894498482346535
0.07912738621234894
0.07890598708763719
0.07911691628396511
0.0798051580786705
0.07981128478422761
0.07952323835343122
0.079192069824785
0.07887136284261942
0.07921846583485603
0.07904117181897163
0.0798517968505621
0.07971461676061153
0.0794748212210834
0.07941503124311566
0.07912171306088567
0.07928458508104086
0.07930321432650089
0.07881460478529334
0.07865199027583003
0.0786995142698288
0.07897869637235999
0.07880633929744363
0.07865500217303634
0.07923205196857452
0.07938292808830738
0.07858964614570141
0.07889031479135156
0.07868504012003541
0.07858503889292479
0.07974098064005375
0.07867146888747811
0.07918321900069714
0.0792237869463861
0.07906301319599152
0.07908389298245311
0.07901894208043814
0.07956701936200261
0.07916416926309466
0.07868645805865526
0.07877911999821663
0.07945327600464225
0.07942465785890818
0.07924392772838473
0.079121935646981
0.07946770638227463
0.07932948833331466
0.07844366785138845
0.0789400590583682
0.07866663299500942
0.08025851007550955
0.07939951494336128
0.07921251002699137
0.07906526699662209
0.07952084532007575
0.0790622509084642
0.07922398904338479
0.07865768298506737
0.07934196898713708
0.07946123089641333
0.07972023589536548
0.0793886948376894
0.07943249912932515
0.07962534902617335
0.07924439525231719
0.07935733441263437
0.07962354412302375
0.07921792101114988
0.07899969862774014
0.07951540360227227
0.0791991651058197
0.07954477611929178
0.07982881926000118
0.07963882759213448
0.07921798713505268
0.07918326184153557
0.0793162570334971
0.080626105889678
0.08055874332785606
0.07921331701800227
0.07992461789399385
0.08012520428746939
0.08003750490024686
0.08049782086163759
0.07972925901412964
0.08007876668125391
0.07930697128176689
0.07946532731875777
0.07984542613849044
0.07911985088139772
0.07887163385748863
0.07916102325543761
0.07917850511148572
0.07924272818490863
0.07908636610955
0.07982316706329584
0.07953451434150338
0.07968770898878574
0.07917428715154529
0.0787664889357984
0.07940472569316626
0.07861935067921877
0.07973555801436305
0.0791093879379332
0.07923447713255882
0.07897389587014914
0.0795705197378993
0.07889172062277794
0.0789822363294661
0.0792937777005136
0.08016722882166505
0.0818922440521419
0.07973264064639807
0.08115215506404638
0.08049361314624548
0.0800387179479003
0.0803497931919992
0.0794082903303206
0.08003808604553342
0.08097532810643315
0.08188779279589653
0.08091258024796844
0.08047802094370127
0.08005391992628574
0.08013237081468105
0.08009036118164659
0.08018455794081092
0.07999992603436112
0.07959836861118674
0.07941998494789004
0.07896417891606688
0.07913182722404599
0.08030623802915215
0.08011079393327236
0.0799657660536468
0.07940785773098469
0.0797017328441143
0.08071200409904122
0.08085477584972978
0.08027631929144263
0.08124847989529371
0.07913360092788935
0.07865326711907983
0.07859022216871381
0.07866512378677726
0.07865860033780336
0.07885456504300237
0.07889393903315067
0.07910871226340532
0.07882125303149223
0.0793017577379942
0.07953048497438431
0.0789666436612606
0.07854236289858818
0.07899410696700215
0.07870219089090824
0.07930655125528574
0.07954936800524592
0.07910619396716356
0.07911895774304867
0.07908521173521876
0.0787602192722261
0.07878613192588091
0.07937746215611696
0.07877034088596702
0.0790373650379479
0.07908609416335821
0.0792147503234446
0.07901126518845558
0.07908851886168122
0.07913911575451493
0.07862092880532146
0.07890511816367507
0.0786302131600678
0.07907405169680715
0.07927260873839259
0.07928327517583966
0.07902065105736256
0.07875278731808066
0.07873935578390956
0.07930823881179094
0.07895183796063066
0.07931311568245292
0.07920458586886525
0.07911081425845623
0.07938991719856858
0.07925145700573921
0.07926220307126641
0.07921749074012041
0.07981132017448545
0.08069515600800514
0.07983181392773986
0.0801255526021123
0.07972434209659696
0.08009035512804985
0.0799468313343823
0.07983906706795096
0.07967504672706127
0.08038018783554435
0.07970521925017238
0.08042851276695728
0.07995955925434828
0.08054344495758414
0.08041448658332229
0.07990744709968567
0.0804341621696949
0.08005220908671618
0.08102273102849722
0.07939906418323517
0.08013847703114152
0.07966480124741793
0.0794832450337708
0.07930282317101955
0.07967757992446423
0.07977620605379343
0.08011912927031517
0.07982247695326805
0.07950257882475853
0.07972144521772861
0.07923357607796788
0.0790489730425179
0.07943050982430577
0.07920969324186444
0.0794539419002831
0.07931040693074465
0.07984708063304424
0.0801462447270751
0.07977435272186995
0.07953353878110647
0.07928555784747005
0.07932096719741821
0.07924648420885205
0.07953455578535795
0.07985671795904636
0.07942626206204295
0.07923591276630759
0.07961346488445997
0.07947671413421631
0.07965380232781172
0.07968134619295597
0.07930304622277617
0.07946609798818827
0.07907739840447903
0.07920225011184812
0.07941725896671414
0.07948790490627289
0.07951655518263578
0.07951904181391001
0.08008182886987925
0.07993239676579833
0.08004203392192721
0.08007316524162889
0.07946664886549115
0.07935459492728114
0.07929849112406373
0.07961804000660777
0.08033698564395308
0.07997643714770675
0.07978749508038163
0.0798263973556459
0.0801216047257185
0.08045362820848823
0.07978110481053591
0.07983674667775631
0.07968538021668792
0.07976957177743316
0.07998241111636162
0.08024588599801064
0.08088775165379047
0.08006551815196872
0.08030212018638849
0.08027760591357946
0.08012318424880505
0.08015606086701155
0.08050342975184321
0.08001866191625595
0.08129493007436395
0.08009049529209733
0.08030445408076048
0.07970757782459259
0.07992588402703404
0.08030955912545323
0.07937190774828196
0.07880755420774221
0.07857299223542213
0.079143145121634
0.07883004285395145
0.07848882488906384
0.0785874743014574
0.07925092335790396
0.07935263216495514
0.07842819904908538
0.07913829199969769
0.07858093408867717
0.07854146230965853
0.07866023713722825
0.0796473422087729
0.0788562037050724
0.07953877281397581
0.0790100279264152
0.07876867894083261
0.07863407582044601
0.07840863382443786
0.07827357109636068
0.07905803620815277
0.07851734384894371
0.0789004429243505
0.07897499902173877
0.07913278602063656
0.0785030391998589
0.07846586871892214
0.07853755820542574
0.0785471978597343
0.07878454308956861
0.07920593209564686
0.07889137882739305
0.0791780068539083
0.07913428917527199
0.07850562315434217
0.07953912625089288
0.07886256230995059
0.07911596074700356
0.07882685214281082
0.07918405812233686
0.07886983826756477
0.0786656029522419
0.07848197221755981
0.07871336070820689
0.07921670097857714
0.07871302403509617
0.07890840480104089
0.07900231378152966
0.07887209625914693
0.07889793906360865
0.07881466578692198
0.07860866282135248
0.07941395696252584
0.07873876392841339
0.07856224291026592
0.07908251695334911
0.07931865006685257
0.07854094495996833
0.07886583032086492
0.07851208420470357
0.07873952528461814
0.07908092578873038
0.07866459991782904
0.07883373089134693
0.0790330283343792
0.0786842992529273
0.0786289069801569
0.0783055960200727
0.07862197794020176
0.07854382693767548
0.0788211221806705
0.07975094392895699
0.07908298494294286
0.07879297388717532
0.07888768101111054
0.07843879982829094
0.07864663423970342
0.07919352687895298
0.078629728872329
0.07899430627003312
0.0788537641055882
0.07857874082401395
0.07885477086529136
0.07854770822450519
0.07925273897126317
0.07865802897140384
0.07862798497080803
0.07899342617020011
0.07884741108864546
0.07893548579886556
0.07921582786366343
0.07826045714318752
0.0786802819930017
0.07858398836106062
0.07866734080016613
0.07896716380491853
0.07914932072162628
0.07872242713347077
0.07863356545567513
0.07877136673778296
0.07838603621348739
0.0788816949352622
0.07834341609850526
0.0789615330286324
0.0787688447162509
0.07850621361285448
0.07831610785797238
0.07830796809867024
0.07877733185887337
0.0792798469774425
0.07848763791844249
0.07887409906834364
0.0793176437728107
0.07862726133316755
0.07835035910829902
0.07834956096485257
0.07854592194780707
0.0785175571218133
0.07867213571444154
0.07895851042121649
0.07846886478364468
0.07877943105995655
0.07854119641706347
0.07822621427476406
0.07886255905032158
0.07814563438296318
0.07901216810569167
0.07895483821630478
0.07880835188552737
0.07867000717669725
0.0784300328232348
0.07827824866399169
0.07870697323232889
0.07852703519165516
0.07894628494977951
0.07883134298026562
0.0785417309962213
0.07824924634769559
0.07889542356133461
0.0788305401802063
0.0789192970842123
0.07925777090713382
0.07899883389472961
0.07870777789503336
0.07848937576636672
0.07846716279163957
0.07853437680751085
0.07931506028398871
0.07852026587352157
0.07904113829135895
0.07883025240153074
0.07837302470579743
0.07851976016536355
0.07850797194987535
0.07868267176672816
0.07849527383223176
0.07831094600260258
0.07905458379536867
0.0785247408784926
0.07860776223242283
0.07921863300725818
0.07851907704025507
0.07882605586200953
0.07933450397104025
0.0784932360984385
0.0787417241372168
0.07909564627334476
0.07854526210576296
0.07852990226820111
0.07839225977659225
0.07825460284948349
0.07858624588698149
0.07846728665754199
0.07913361070677638
0.07884037494659424
0.0789354806765914
0.07871304731816053
0.0787211381830275
0.07908760802820325
0.07911529904231429
0.07833662396296859
0.07908809278160334
0.07883356604725122
0.0790414740331471
0.07877150597050786
0.07844249112531543
0.07856719568371773
0.07848581625148654
0.07870671898126602
0.0789869362488389
0.07837447384372354
0.07857159804552794
0.07836321135982871
0.0787427444010973
0.07877669716253877
0.07875265693292022
0.07899124966934323
0.07871378120034933
0.07939766207709908
0.07889185566455126
0.0781806381419301
0.07860764488577843
0.07899647625163198
0.0781373349018395
0.0790709787979722
0.07883058208972216
0.07878046995028853
0.07833655970171094
0.07820928189903498
0.07846645498648286
0.07891778135672212
0.07879354665055871
0.07872991496697068
0.0792903327383101
0.07914040237665176
0.0786034120246768
0.07847288390621543
0.0791719020344317
0.0789863783866167
0.07828603405505419
0.07865443732589483
0.08007330261170864
0.07904171710833907
0.0787118929438293
0.07827609917148948
0.0782480463385582
0.07873207191005349
0.07860312797129154
0.07887208601459861
0.07954668207094073
0.07880239002406597
0.07837759098038077
0.07863173400983214
0.07868096698075533
0.07882190681993961
0.078390141017735
0.07957413326948881
0.07941720215603709
0.07898700097575784
0.0785278407856822
0.07826905092224479
0.07871354417875409
0.07855514995753765
0.07888024393469095
0.07873554294928908
0.07880826527252793
0.07859595492482185
0.07834185101091862
0.07833920605480671
0.08069139299914241
0.0786429438740015
0.07862697308883071
0.07871926994994283
0.078884266782552
0.07884879503399134
0.07913474598899484
0.07861734507605433
0.07855225820094347
0.07842893339693546
0.07882099086418748
0.07904328778386116
0.07900958694517612
0.07850522361695766
0.07877759216353297
0.07854961976408958
0.07864242093637586
0.07860682997852564
0.07845827704295516
0.07930135121569037
0.07885929197072983
0.07866236008703709
0.07863401342183352
0.07843735907226801
0.07816887879744172
0.07887145690619946
0.07861969294026494
0.07891319738700986
0.07870611781254411
0.07861111173406243
0.07838922692462802
0.07835197681561112
0.078114562202245
0.07886461121961474
0.07900016335770488
0.0787055199034512
0.0787630369886756
0.07873333198949695
0.07872977061197162
0.07898629596456885
0.07870990596711636
0.07864678464829922
0.07900605769827962
0.0790593191049993
0.07893180474638939
0.07822088431566954
0.07836105301976204
0.07881028018891811
0.07874983828514814
0.07836545025929809
0.07877976121380925
0.07894786912947893
0.07859099516645074
0.0787788131274283
0.0783965839073062
0.07849203096702695
0.078481568954885
0.07904469221830368
0.07874572603031993
0.07823368208482862
0.07847912609577179
0.07871866505593061
0.07890676008537412
0.07834998797625303
0.07842675875872374
0.07908134395256639
0.07888127211481333
0.07910207100212574
0.07839897787198424
0.07853859988972545
0.07858742587268353
0.07882147608324885
0.07894279202446342
0.0789227127097547
0.07878646161407232
0.07864277996122837
0.07958593824878335
0.07833959674462676
0.07872504508122802
0.07876531081274152
0.07855378882959485
0.0787383308634162
0.0789096662774682
0.07859724573791027
0.07843639003112912
0.07843779306858778
0.07874551927670836
0.07852257182821631
0.07924412516877055
0.07932851603254676
0.0790138291195035
0.07873675879091024
0.07868242403492332
0.0784727931022644
0.07861919980496168
0.07951127924025059
0.07852077297866344
0.07903332961723208
0.07917947694659233
0.07896197913214564
0.07862632861360908
0.07859377702698112
0.07879136502742767
0.07887911004945636
0.0785963200032711
0.07928873505443335
0.0791609650477767
0.07864916604012251
0.07875992218032479
0.07872860692441463
0.07903880719095469
0.07898807059973478
0.07879051240161061
0.07879953179508448
0.07988117029890418
0.07901979656890035
0.0788602358661592
0.07870241021737456
0.07882986031472683
0.07858563307672739
0.07869732286781073
0.0785116539336741
0.07878783391788602
0.0790836326777935
0.07872814312577248
0.07853751396760345
0.07903211377561092
0.07907591108232737
0.07886994397267699
0.07883749669417739
0.07890381990000606
0.07891582092270255
