0.0956455790437758
0.09088504407554865
0.09216076089069247
0.09200554713606834
0.09170885011553764
0.0910677695646882
0.09155250899493694
0.09097517002373934
0.09139551036059856
0.09142240602523088
0.09181817015632987
0.09100204892456532
0.09228044375777245
0.0904688318260014
0.09221433755010366
0.09102871082723141
0.09193034563213587
0.09090777207165956
0.09205981576815248
0.0916819628328085
0.09220023592934012
0.09129020012915134
0.09253341937437654
0.09128864808008075
0.09174928534775972
0.09105426538735628
0.09135115798562765
0.09087079716846347
0.0921074110083282
0.09156808583065867
0.0918847406283021
0.09168581664562225
0.09189978102222085
0.09080793289467692
0.09211917594075203
0.09161498909816146
0.0918800039216876
0.0908685140311718
0.09209824213758111
0.09093011915683746
0.09227595664560795
0.09107211790978909
0.09198727319017053
0.09083238989114761
0.0916044432669878
0.09139238204807043
0.09166660206392407
0.09125834284350276
0.09170489991083741
0.09095709025859833
0.09205401502549648
0.09096043882891536
0.09208044037222862
0.091403529047966
0.09193038241937757
0.09094175789505243
0.09185355203226209
0.09117991477251053
0.0926578021608293
0.090868447907269
0.09166067000478506
0.0909551321528852
0.09247618867084384
0.09131010575219989
0.0926462640054524
0.09071223391219974
0.09208871331065893
0.09158505918458104
0.09135911706835032
0.09118735697120428
0.09217238705605268
0.09125825203955173
0.09217240288853645
0.09135429607704282
0.0918872500769794
0.09166747704148293
0.09225153783336282
0.09063105983659625
0.09220439987257123
0.09077056124806404
0.09233768610283732
0.09160311007872224
0.09121499164029956
0.09147753287106752
0.09155767224729061
0.09187110606580973
0.09213602310046554
0.09185540396720171
0.09158685198053718
0.09162871306762099
0.09100879030302167
0.09177907509729266
0.09159146808087826
0.09225097671151161
0.09140834584832191
0.09160062111914158
0.09185926103964448
0.09149679215624928
0.09181448305025697
0.09163963701575994
0.09128838311880827
0.09171917662024498
0.0920874597504735
0.09222692204639316
0.09120679879561067
0.09254345903173089
0.09117954270914197
0.0917492019943893
0.09143594093620777
0.09128251997753978
0.09082733327522874
0.09163077175617218
0.09152912301942706
0.09215076919645071
0.09093767497688532
0.09153958782553673
0.09145102184265852
0.09181353077292442
0.09124331828206778
0.09139365470036864
0.09100267291069031
0.09175190096721053
0.09081636928021908
0.09214190021157265
0.09118091920390725
0.09138448489829898
0.09041071590036154
0.09170986898243427
0.09192851604893804
0.09203050704672933
0.09044968010857701
0.09138792101293802
0.09087050007656217
0.09101398102939129
0.09127514902502298
0.09188211988657713
0.09120361879467964
0.09068109793588519
0.09109530411660671
0.09171809116378427
0.09103039093315601
0.09091053903102875
0.09089555172249675
0.09150597080588341
0.0909408531151712
0.09213742287829518
0.09163511591032147
0.09164672484621406
0.09152152389287949
0.09135825419798493
0.09089922672137618
0.09131399728357792
0.09120324021205306
0.09080539410933852
0.09139887010678649
0.09102187864482403
0.09173752926290035
0.09130207216367126
0.09131340077146888
0.09133123839274049
0.09148960001766682
0.09014304680749774
0.09152656374499202
0.09131092624738812
0.09222731972113252
0.09046083083376288
0.0911908820271492
0.09072767570614815
0.09215676877647638
0.09252498764544725
0.09336194582283497
0.09516048291698098
0.09271937888115644
0.09436137927696109
0.09348863130435348
0.09429017500951886
0.09398350212723017
0.09286837000399828
0.09296539705246687
0.09359972178936005
0.09372540703043342
0.09213590202853084
0.09348930325359106
0.09352409420534968
0.0930228540673852
0.09294618386775255
0.09263883298262954
0.09289193898439407
0.09431278612464666
0.09221434080973268
0.09344189194962382
0.09269881760701537
0.09360471367835999
0.09184570098295808
0.09251091070473194
0.09148709289729595
0.09179219324141741
0.09189236210659146
0.09152690507471561
0.09156676288694143
0.09163440996780992
0.09222682705149055
0.09143615514039993
0.09154562279582024
0.09086709097027779
0.09167795907706022
0.09098730701953173
0.09172446373850107
0.09148499881848693
0.0919622010551393
0.09096734505146742
0.09164380608126521
0.09120284114032984
0.09127181628718972
0.09139664005488157
0.09194976510480046
0.09120145812630653
0.09118962893262506
0.09184131817892194
0.09239745419472456
0.09172651777043939
0.09209713665768504
0.09162072325125337
0.09175155824050307
0.09080890519544482
0.09206847101449966
0.09116458892822266
0.09127452783286572
0.09165545320138335
0.0918562700971961
0.09144040197134018
0.09109864942729473
0.09045241679996252
0.09206148330122232
0.09117784211412072
0.09166664676740766
0.09106460772454739
0.09153997618705034
0.09097694791853428
0.09145042020827532
0.09059546794742346
0.0913735288195312
0.09137289086356759
0.09118718095123768
0.09119302313774824
0.09084730315953493
0.09078096272423863
0.09060171991586685
0.09091220516711473
0.09091762034222484
0.09139532269909978
0.09022462693974376
0.09115395415574312
0.09084494411945343
0.09140374092385173
0.09040241595357656
0.09118845406919718
0.09075880004093051
0.09157118992879987
0.09071520389989018
0.091316694393754
0.0907143629156053
0.09116789698600769
0.09046588279306889
0.09056367725133896
0.09073892515152693
0.09104046924039721
0.09108975110575557
0.09025485813617706
0.090616999194026
0.08958149561658502
0.09228549059480429
0.09049309091642499
0.09148027934134007
0.09040642809122801
0.09176185401156545
0.09122137492522597
0.09155866783112288
0.09056473011150956
0.09065480204299092
0.09161104075610638
0.09126200713217258
0.0914651807397604
0.0909648910164833
0.09131379658356309
0.09087204001843929
0.09135608980432153
0.09105058619752526
0.0916131678968668
0.09019197709858418
0.09195400169119239
0.09091729065403342
0.09184106066823006
0.09127470478415489
0.09194196201860905
0.09087711991742253
0.0910109719261527
0.09049633517861366
0.09159635799005628
0.09054453764110804
0.09054701402783394
0.09055609488859773
0.09248352609574795
0.09068308537825942
0.09198531787842512
0.09096868801862001
0.0912105618044734
0.09089021105319262
0.09184798784554005
0.0901707005687058
0.09169523511081934
0.09107267996296287
0.09176801331341267
0.09091684594750404
0.09154331404715776
0.09166279388591647
0.09172300808131695
0.0912837297655642
0.09132188931107521
0.09112061001360416
0.09205165365710855
0.09024005010724068
0.091058777179569
0.09060006076470017
0.09180464129894972
0.09082589391618967
0.09232661500573158
0.0912708779796958
0.09120306791737676
0.0916145951487124
0.09150006994605064
0.09058303898200393
0.09161816025152802
0.0912786559201777
0.09200606402009726
0.09076377796009183
0.09101600525900722
0.09175447141751647
0.09179325820878148
0.09139944100752473
0.09205406764522195
0.09115994395688176
0.09165397426113486
0.09149381471797824
0.09165622293949127
0.09124964708462358
0.09140310203656554
0.09120966168120503
0.09216024400666356
0.09166962699964643
0.091896235011518
0.09061864810064435
0.0915352338925004
0.09159780433401465
0.09085413115099072
0.09044003579765558
0.09081225423142314
0.09128227410838008
0.09135173400864005
0.09076859895139933
0.09041378879919648
0.09175361879169941
0.0914850952103734
0.09228989528492093
0.0916172880679369
0.09111071424558759
0.091234867926687
0.09180852677673101
0.0917085949331522
0.09147890703752637
0.09194434434175491
0.09141258476302028
0.09128295397385955
0.0917277461849153
0.09197591617703438
0.09159026993438601
0.09187139617279172
0.09182191081345081
0.0918159051798284
0.091321871150285
0.09178622392937541
0.09129577968269587
0.09182494040578604
0.09108419017866254
0.0915200007148087
0.090808663982898
0.09241167083382607
0.09143860638141632
0.09197540208697319
0.09116476681083441
0.09184643905609846
0.09147927118465304
0.09161415696144104
0.0908699338324368
0.09158072201535106
0.09066565986722708
0.09139870014041662
0.09239768097177148
0.0918815559707582
0.0916223987005651
0.09126936923712492
0.09132345393300056
0.09135552402585745
0.0909815994091332
0.090648980345577
0.09078092826530337
0.09134974889457226
0.09106952184811234
0.09278832422569394
0.09122136188670993
0.0916278031654656
0.09183203801512718
0.09071232983842492
0.09163015428930521
0.09128955192863941
0.09149781987071037
0.09047833876684308
0.09105025604367256
0.09143075393512845
0.09164419071748853
0.09123278083279729
0.09128051716834307
0.09152086218819022
0.09136519581079483
0.09135706583037972
0.09086069976910949
0.09116571070626378
0.09170187963172793
0.09100041724741459
0.09126018593087792
0.09258450707420707
0.09142342768609524
0.09143035532906651
0.09137628925964236
0.09258223976939917
0.0916825789026916
0.09160794503986835
0.09192403731867671
0.09138961182907224
0.09191096294671297
0.09175751823931932
0.0916853491216898
0.09184077987447381
0.09112035995349288
0.09141291305422783
0.09200661117210984
0.09259473206475377
0.09173088427633047
0.09176331805065274
0.09181024180725217
0.0916483891196549
0.09078431315720081
0.09135926188901067
0.09051229292526841
0.09232945693656802
0.09074706817045808
0.09228800982236862
0.09221649309620261
0.09256029315292835
0.09228700399398804
0.09244283102452755
0.09187160898000002
0.09106787433847785
0.09153238777071238
0.09230695804581046
0.09128691209480166
0.09257405065000057
0.09073601104319096
0.09285739902406931
0.09207444591447711
0.09191799629479647
0.091927588917315
0.0927778179757297
0.09137145709246397
0.09143970487639308
0.09174361499026418
0.09207043424248695
0.09292353503406048
0.09180996986106038
0.09130207682028413
0.09142191801220179
0.09214655309915543
0.09156100591644645
0.09220650093629956
0.0916242990642786
0.0926213851198554
0.09194070706143975
0.09061399707570672
0.08976667793467641
0.09087487868964672
0.09112549992278218
0.09127828571945429
0.09009741805493832
0.09108341112732887
0.090741032268852
0.09070296213030815
0.09115347219631076
0.08989878557622433
0.09057077672332525
0.09009502781555057
0.0909449802711606
0.09037710633128881
0.09106447733938694
0.09001815598458052
0.09118356788530946
0.09063802007585764
0.09012411907315254
0.09127891715615988
0.09022840205579996
0.09058981016278267
0.08993229130282998
0.09106774302199483
0.09043970983475447
0.09123032493516803
0.09064601035788655
0.09136868407949805
0.09051719214767218
0.09102579206228256
0.09050933783873916
0.0910272030159831
0.09022975619882345
0.09057129826396704
0.09070155583322048
0.09087303280830383
0.09090785915032029
0.09019950404763222
0.09074822114780545
0.08955158526077867
0.09007057221606374
0.09022599505260587
0.09035296272486448
0.08999759703874588
0.09025420108810067
0.09077382320538163
0.0915273823775351
0.09106196090579033
0.08963496703654528
0.0915846019051969
0.091067083645612
0.09044425236061215
0.09047158481553197
0.09009545017033815
0.09107974916696548
0.09016389911994338
0.09099342813715339
0.09139773296192288
0.09156492492184043
0.08990145288407803
0.09073678683489561
0.08991379616782069
0.09045674186199903
0.09008868038654327
0.091871980112046
0.09096823167055845
0.09157118992879987
0.09182136692106724
0.09197236271575093
0.09191454714164138
0.09263131208717823
0.09230395127087831
0.09152862289920449
0.09168733889237046
0.09229411883279681
0.0913179898634553
0.09180113114416599
0.09075059788301587
0.0927575440146029
0.09191706171259284
0.09260045504197478
0.09112412203103304
0.0922138849273324
0.09169686213135719
0.0913847810588777
0.09121006075292826
0.09151816507801414
0.09054875699803233
0.09180628415197134
0.09126033028587699
0.0918337139301002
0.09130298579111695
0.09251374891027808
0.09109387639909983
0.09187303809449077
0.0908792749978602
0.0922201219946146
0.09112245915457606
0.09246778395026922
0.09149566292762756
0.09218381764367223
0.09180637076497078
0.09218404395505786
0.09204343007877469
0.09189339587464929
0.09153358591720462
0.09255071496590972
0.09212570963427424
0.09163123089820147
0.09257523901760578
0.09164710296317935
0.09212779300287366
0.09153671795502305
0.0918694119900465
0.0912463148124516
0.09259832091629505
0.09186926716938615
0.09288922371342778
0.0915438449010253
0.09198084194213152
0.09107830515131354
0.09185848571360111
0.09115800680592656
0.09175349911674857
0.09098902996629477
0.09185141790658236
0.09115249384194613
0.09211775101721287
0.09190831007435918
0.09213530085980892
0.09142359020188451
0.09243790805339813
0.0924015510827303
0.09367649769410491
0.09362716414034367
0.09171930188313127
0.09169979207217693
0.09189311508089304
0.09263597102835774
0.0916855689138174
0.09196159383282065
0.0913616931065917
0.09181192331016064
0.09144909214228392
0.0923824617639184
0.09138371888548136
0.0923454500734806
0.09170426987111568
0.09134197002276778
0.09184993291273713
0.0917689329944551
0.09160957532003522
0.09175978088751435
0.09204646572470665
0.09196197800338268
0.09249830897897482
0.09124862169846892
0.09250752488151193
0.09138904931023717
0.09220980387181044
0.09227285487577319
0.09217576077207923
0.0899400832131505
0.09097007103264332
0.09133987594395876
0.09222117392346263
0.0915875299833715
0.09190093213692307
0.09119896916672587
0.09088274696841836
0.09163494687527418
0.0924021820537746
0.09070840897038579
0.09194226283580065
0.09105707798153162
0.0910551780834794
0.0921021387912333
0.09186846110969782
0.09046835917979479
0.09188379859551787
0.09160602325573564
0.09219101304188371
0.09160519205033779
0.09141704300418496
0.09059400390833616
0.09206029819324613
0.09115769900381565
0.09210883127525449
0.09179803216829896
0.09072817210108042
0.09022065997123718
0.09164677420631051
0.09088024077937007
0.09204796329140663
0.09083899483084679
0.09174632700160146
0.09030993701890111
0.09144599596038461
0.09213896980509162
0.09213301027193666
0.09164452506229281
0.09204978914931417
0.09177948907017708
0.09226975683122873
0.09125826926901937
0.09188863495364785
0.09170407289639115
0.09198093507438898
0.09163145394995809
0.0920915580354631
0.09107003081589937
0.09263146901503205
0.09119832888245583
0.09188486123457551
0.09116142382845283
0.09216086333617568
0.09157559182494879
0.09170004166662693
0.09011928178369999
0.09185380209237337
0.09137116558849812
0.0922960271127522
0.09074248792603612
0.09194672293961048
0.09115999564528465
0.09210173226892948
0.09085648413747549
0.09213128173723817
0.09056284930557013
0.09165862714871764
0.08995510824024677
0.09177253302186728
0.09022167092189193
0.0914070657454431
0.09075302304700017
0.0911838156171143
0.09052002569660544
0.09171279985457659
0.09090542187914252
0.0912208678200841
0.09151866799220443
0.09054891904816031
0.09117559716105461
0.09065378084778786
0.09189506340771914
0.09081955533474684
0.091294523794204
0.09080698899924755
0.0919347982853651
0.09131283219903708
0.09109743079170585
0.09119180217385292
0.09113416913896799
0.09077116195112467
0.09104393282905221
0.09127430897206068
0.09302118699997663
0.0924116182141006
0.09120039502158761
0.09132449701428413
0.09171705786138773
0.09075172618031502
0.09195923386141658
0.09041043370962143
0.09086414705961943
0.08985265204682946
0.09128126408904791
0.09086275892332196
0.09203834738582373
0.09047737531363964
0.09190899832174182
0.09007583279162645
0.09153002686798573
0.0912980679422617
0.09185289219021797
0.09080888191238046
0.09144775569438934
0.0914878398180008
0.09167464077472687
0.09108151076361537
0.09162054443731904
0.09045398700982332
0.09181668097153306
0.09100640891119838
0.09156719828024507
0.09090787870809436
0.09134252788498998
0.09147809399291873
0.09123405115678906
0.09134501498192549
0.09105163998901844
0.0911190090700984
0.09158221306279302
0.09108249191194773
0.09074165765196085
0.09123299410566688
0.09068192262202501
0.09118290478363633
0.09025943791493773
0.09278890257701278
0.09007685771211982
0.09197911620140076
0.09136391105130315
0.09221875900402665
0.08982287719845772
0.09139999002218246
0.092020892072469
0.09205065900459886
0.0909273661673069
0.09159974195063114
0.09109531994909048
0.09207219025120139
0.09086286695674062
0.09223511628806591
0.09229648672044277
0.09249445982277393
0.09106354741379619
0.09249971434473991
0.09162274794653058
0.09185958607122302
0.09104819176718593
0.09091349225491285
0.09226188203319907
0.0908225029706955
0.09183086361736059
0.09196549793705344
0.09174475399777293
0.09053730498999357
0.09099576715379953
0.09227093635126948
0.09352326998487115
0.09165729815140367
0.09246283862739801
0.09166826028376818
0.09224062692373991
0.09045124985277653
0.0931099271401763
0.09278203686699271
0.09481334779411554
0.09670642018318176
0.09355878503993154
0.09358107298612595
0.09561015898361802
0.09379523992538452
0.09331937786191702
0.09276117803528905
0.09442611876875162
0.09717618813738227
0.09631964284926653
0.09309901390224695
0.09312706021592021
0.09218668518587947
0.09177134977653623
0.0925397970713675
0.09258065233007073
0.09295267006382346
0.09133179625496268
0.09295259416103363
0.09233232587575912
0.09206657484173775
0.09183068387210369
0.09167154226452112
0.09052996011450887
0.09087256575003266
0.09089335473254323
0.09172894107177854
0.09078495483845472
0.09140442591160536
0.09097834629938006
0.09107206529006362
0.09101927187293768
0.09134559193626046
0.09246504586189985
0.09296909626573324
0.09005565103143454
0.0909501570276916
0.09054514719173312
0.09080252517014742
0.09166565118357539
0.09055764693766832
0.09111382719129324
0.08984629297628999
0.0911255138926208
0.0907124849036336
0.0909213712438941
0.08961030002683401
0.09167375601828098
0.09073548018932343
0.09101296588778496
0.09073790395632386
0.0906890407204628
0.09059248631820083
0.09088837681338191
0.0910737500526011
0.09003272512927651
0.09069243632256985
0.09068175312131643
0.09056980814784765
0.09089413424953818
0.09256025077775121
0.0918680508621037
0.090633450075984
0.09017590619623661
0.09091234393417835
0.09033655188977718
0.09176696790382266
0.0901317079551518
0.0913330870680511
0.09025806095451117
0.09125221613794565
0.09141875570639968
0.09146576374769211
0.09072544425725937
0.09103580797091126
0.09147191373631358
0.08984931418672204
0.09170529199764132
0.08980227680876851
0.09149302262812853
0.0909507698379457
0.09131995076313615
0.0907891490496695
0.0915487539023161
0.09091368038207293
0.09117131400853395
0.09040403086692095
0.09182984288781881
0.09115685103461146
0.09135462390258908
0.09040710609406233
0.09088128572329879
0.09099730988964438
0.09036711417138577
0.09137198701500893
0.09058651374652982
0.09118694672361016
0.0902312221005559
0.09027312975376844
0.09089571889489889
0.09148317109793425
0.09067607438191772
0.09094359911978245
0.09077786607667804
0.09124046005308628
0.09164606593549252
0.09138341201469302
0.09004090121015906
0.09059926401823759
0.09098361665382981
0.09036713885143399
0.09141493681818247
0.09016712568700314
0.09105588169768453
0.09004927426576614
0.09120279923081398
0.08982924418523908
0.09213032992556691
0.09019732708111405
0.09059796296060085
0.09026240510866046
0.09042515698820353
0.09122123615816236
0.09094510274007916
0.09130019368603826
0.09117566701024771
0.0909616849385202
0.09008554555475712
0.09154271008446813
0.09113637683913112
0.09188074106350541
0.09147262992337346
0.0909214410930872
0.09125373605638742
0.09093386819586158
0.09133261581882834
0.0912675429135561
0.09064846485853195
0.09160544024780393
0.09085071412846446
0.09120023576542735
0.0906092650257051
0.09116712491959333
0.09085780289024115
0.09062696387991309
0.09163472289219499
0.09059391496703029
0.09110189508646727
0.09088535187765956
0.09163703676313162
0.08995872410014272
0.09144179010763764
0.09080391004681587
0.09222468687221408
0.09023835277184844
0.09180640336126089
0.09067533165216446
0.09163268702104688
0.09136731224134564
0.09260051092132926
0.09179010428488255
0.09217990282922983
0.0916198818013072
0.09062327910214663
0.09049101592972875
0.09082683501765132
0.0913693392649293
0.09171768790110946
0.09099384490400553
0.09162114793434739
0.09126269817352295
0.09215537318959832
0.0907889069058001
0.09113281685858965
0.09074187511578202
0.0905426349490881
0.09058432001620531
0.09007695689797401
0.0912118679843843
0.09075699280947447
0.09058347111567855
0.09075218020007014
0.09181854408234358
0.0910479063168168
0.09192417608574033
0.09081547567620873
0.09256989182904363
0.09203889407217503
0.09181925281882286
0.0906662717461586
0.09170958027243614
0.09072811994701624
0.09176737489178777
0.090952652040869
0.09196388768032193
0.09040237311273813
0.09189364733174443
0.09067359194159508
0.09111860487610102
0.09240718511864543
0.09293886506929994
0.09110712772235274
0.09218826983124018
0.09135822718963027
0.09147418104112148
0.09014869201928377
0.09225311130285263
0.09051883406937122
0.09210792696103454
0.0910956272855401
0.09189661080017686
0.09116516914218664
0.09183941828086972
0.09057251503691077
0.09108350286260247
0.09151674434542656
0.09172987611964345
0.09144351165741682
0.09166275896131992
0.09125371975824237
0.0912646446377039
0.09168639639392495
0.09148547798395157
0.09105696808546782
0.09191251918673515
0.09169697389006615
0.09137485269457102
0.09144858596846461
0.09154810383915901
0.09036541311070323
0.09155488992109895
0.09076546598225832
0.09102393500506878
0.09127371199429035
0.09042576421052217
0.09172969171777368
0.09066903311759233
0.09124343423172832
0.09010394103825092
0.0907655581831932
0.09032448008656502
0.0916405413299799
0.09036893397569656
0.0909533598460257
0.09069382166489959
0.09122235281392932
0.09080701600760221
0.09130040695890784
0.09115221165120602
0.09150414075702429
0.0907451706007123
0.09241472417488694
0.09168661898002028
0.09215375408530235
0.09148615971207619
0.09139726730063558
0.0898820161819458
0.09112027706578374
0.0905268108472228
0.09095737896859646
0.09023714484646916
0.0906293741427362
0.0915835821069777
0.09052125876769423
0.09109981264919043
0.09167834976688027
0.09035313222557306
0.08961038989946246
0.09114942606538534
0.09046441409736872
0.09110261499881744
0.09043561294674873
0.09030769718810916
0.09027292486280203
0.09014421794563532
0.09160822303965688
0.09081088891252875
0.09064692072570324
0.09016292402520776
0.09172437759116292
0.09051075903698802
0.09191056527197361
0.0904404129832983
0.09133581398054957
0.0899473037570715
0.09127134224399924
0.09029061393812299
0.09134797099977732
0.09036145964637399
0.09133439091965556
0.09154365304857492
0.09138673823326826
0.09206033311784267
0.09145066887140274
0.09139664098620415
0.09151806309819221
0.09134133206680417
0.09219505311921239
0.09106302494183183
0.09220720827579498
0.09080747189000249
0.09241228830069304
0.09088587760925293
0.0917939580976963
0.0918851550668478
0.09261863306164742
0.09192564198747277
0.09216346126049757
0.0911758872680366
0.09200134221464396
0.09060236206278205
0.09146806597709656
0.09110709233209491
0.09238458331674337
0.09446488879621029
0.09332040837034583
0.0908749490045011
0.09143515583127737
0.09001067792996764
0.09140898007899523
0.09098508395254612
0.09127344191074371
0.09059322671964765
0.09087028400972486
0.0902294279076159
0.09185725823044777
0.09034541714936495
0.09134546667337418
0.09052289091050625
0.09091101214289665
0.09119732724502683
0.09114749915897846
0.09039713116362691
0.09081562235951424
0.09165746625512838
0.09026563726365566
0.0911147128790617
0.09090905729681253
0.0915742851793766
0.08995166188105941
0.09064089274033904
0.09069373225793242
0.09116230579093099
0.09039241401478648
0.09137374395504594
0.09190471097826958
0.09213191596791148
0.09192598005756736
0.09082974307239056
0.09014140209183097
0.09113352000713348
0.09038504213094711
0.09060207288712263
0.09053715784102678
0.09035718021914363
0.09158147173002362
0.09018898708745837
0.09086796408519149
0.09077006578445435
0.09034027485176921
0.09073376096785069
0.09113670978695154
0.09077058080583811
0.09186129504814744
0.09072888689115644
0.09084443794563413
0.09020873392000794
0.09111830918118358
0.0905383238568902
0.0910076480358839
0.0912245330400765
0.0899996287189424
0.09138416917994618
0.09058617893606424
0.09098635986447334
0.09017982333898544
0.09058263758197427
0.09073348389938474
0.0910748508758843
0.09056820813566446
0.09204992093145847
0.09205649327486753
0.09206043789163232
0.09028571797534823
0.09123680694028735
0.09073292603716254
0.09153647581115365
0.09068278782069683
0.0914815841242671
0.09115626104176044
0.09132811985909939
0.09144760109484196
0.09127172268927097
0.09105536714196205
0.09094250295311213
0.090992565266788
0.09103885293006897
0.09154128190129995
0.09043958503752947
0.09170090919360518
0.09089248022064567
0.09145273501053452
0.09157228702679276
0.09140212694182992
0.09064796101301908
0.09187602810561657
0.09088384499773383
0.09150275681167841
0.09132558899000287
0.09189597796648741
0.0904822638258338
0.09149627713486552
0.09090810595080256
0.09196244506165385
0.09090795507654548
0.09188494458794594
0.09082178864628077
0.09168945299461484
0.09102015616372228
0.09179881773889065
0.09086968190968037
0.09146837890148163
0.09159262804314494
0.09166299505159259
0.09128619590774179
0.09199038613587618
0.09150525601580739
0.09154661605134606
0.09118814207613468
0.09177046129480004
0.09130042931064963
0.09190985513851047
0.09179714601486921
0.09284401871263981
0.09205165412276983
0.09151879698038101
0.09083003411069512
0.09145811107009649
0.09096411382779479
0.09135386580601335
0.09092823090031743
0.09164137113839388
0.09084025165066123
0.09190900810062885
0.09104243014007807
0.09198572114109993
0.09211112512275577
0.09296059608459473
0.09089083038270473
0.09142158133909106
0.0910723707638681
0.09166059596464038
0.0907607227563858
0.09186956007033587
0.09085039095953107
0.09180772677063942
0.09120169701054692
0.09160883305594325
0.09120376082137227
0.09163660788908601
0.0911327307112515
0.0914772292599082
0.09123045485466719
0.09167782124131918
0.09105629287660122
0.09212688403204083
0.09128514304757118
0.09196851123124361
0.09103894513100386
0.0917799761518836
0.0906799421645701
0.09175666002556682
0.09093811502680182
0.09186889789998531
0.09076741570606828
0.0917987353168428
0.09084168169647455
0.0915612536482513
0.09114348096773028
0.09123150771483779
0.09092541877180338
0.0914855683222413
0.09147530887275934
0.0915001011453569
0.0917022181674838
0.09169601695612073
0.09116371255367994
0.09141102340072393
0.09100778307765722
0.09182877419516444
0.09103289386257529
0.09117994178086519
0.09085604501888156
0.09060884034261107
0.09127033315598965
0.0917362617328763
0.09127390012145042
0.09179514274001122
0.092882648576051
0.09345974400639534
0.09106478234753013
0.09151587914675474
0.09215125208720565
0.09295669523999095
0.09129026485607028
0.0918517648242414
0.0920167900621891
0.09150278801098466
0.09084176365286112
0.09180806018412113
0.09088133042678237
0.09186108596622944
0.09100939007475972
0.09180257190018892
0.09079801989719272
0.09150520386174321
0.09151427121832967
0.09185742028057575
0.0908734598197043
0.09152390900999308
0.09157691709697247
0.09194923099130392
0.0909773358143866
0.09159412793815136
0.09106829017400742
0.09196712588891387
0.09167724940925837
0.09317705780267715
0.09198354370892048
0.09194084070622921
0.09145553782582283
0.09183810977265239
0.09183800220489502
0.09289247682318091
0.09223843179643154
0.09239537781104445
0.09242535522207618
0.0913273049518466
0.09167639538645744
0.09132174216210842
0.09123608423396945
0.09112193621695042
0.09158281283453107
0.09111319482326508
0.09172733034938574
0.0917363460175693
0.09183967998251319
0.0919876960106194
0.09221079805865884
0.09154088282957673
0.09170823404565454
0.09148378996178508
0.09192205592989922
0.09124303609132767
0.09170173807069659
0.09154216106981039
0.09157447190955281
0.09135902626439929
0.09140615025535226
0.09156515868380666
0.092006906401366
0.09098635287955403
0.09127812972292304
0.091780511662364
0.0915878121741116
0.09106111526489258
0.09164576232433319
0.09156031999737024
0.0916387913748622
0.09134420193731785
0.09141564602032304
0.0914193638600409
0.09154686983674765
0.09099458483979106
0.09099983610212803
0.09079016465693712
0.0911459126509726
0.0914762862958014
0.09092363622039557
0.09137296583503485
0.09094147570431232
0.09124445216730237
0.09156513633206487
0.09275353187695146
0.09331341600045562
0.0909354337491095
0.09063740260899067
0.09152756119146943
0.09139103908091784
0.09079133998602629
0.09080505184829235
0.09145941538736224
0.0908447727560997
0.09118513111025095
0.09082489181309938
0.0915960380807519
0.09139359602704644
0.09124002093449235
0.09112697374075651
0.09174467576667666
0.09063311805948615
0.09117069793865085
0.09093428170308471
0.09174422174692154
0.0904419468715787
0.09139191918075085
0.09083638712763786
0.09139418974518776
0.09082888904958963
0.09208931215107441
0.09048380702733994
0.09155016904696822
0.09068741789087653
0.09154777508229017
0.090988805051893
0.09167915116995573
0.09135477663949132
0.09227153798565269
0.09112853929400444
0.09208716871216893
0.09162002615630627
0.09247937425971031
0.09237991878762841
0.09181140409782529
0.09090175619348884
0.09172305092215538
0.09134566970169544
0.09200813015922904
0.09079156303778291
0.09168339613825083
0.09169830894097686
0.09164115181192756
0.09099712502211332
0.09136130288243294
0.09086858807131648
0.09160441998392344
0.09096229868009686
0.09215234871953726
0.09160626633092761
0.09115512203425169
0.0907441540621221
0.09100241214036942
0.09092903789132833
0.09096394898369908
0.09134200634434819
0.09118315391242504
0.09231400117278099
0.09200700605288148
0.0921213747933507
0.0921502741985023
0.09174723085016012
0.09254196472465992
0.09157206071540713
0.09218689566478133
0.09258470218628645
0.09500720724463463
0.09386452287435532
0.09570122696459293
0.09538138704374433
0.09423662582412362
0.09419902134686708
0.097043311689049
0.0932402266189456
0.09467364475131035
0.09401046205312014
0.09785811463370919
0.09457380790263414
0.09327053092420101
0.09306431887671351
0.09363650484010577
0.09313814993947744
0.09366754302754998
0.0931977666914463
0.09345600428059697
0.09296351205557585
0.09342220518738031
0.09314624080434442
0.09354527480900288
0.09263379406183958
0.09257244085893035
0.09264883678406477
0.09260658314451575
0.09313130984082818
0.09428992122411728
0.093792038038373
0.09158876119181514
0.09279674338176847
0.09156415006145835
0.09204473625868559
0.09154997998848557
0.09194580558687449
0.0920645771548152
0.09174279822036624
0.09204950695857406
0.09245154028758407
0.09210282890126109
0.09174510138109326
0.09220774238929152
0.09195637609809637
0.0926266498863697
0.09146161889657378
0.0918216947466135
0.09159907698631287
0.09190476732328534
0.09120359877124429
0.09195474535226822
0.09106308175250888
0.09220719709992409
0.09135232120752335
0.0923417559824884
0.09145720582455397
0.09196077100932598
0.09130955627188087
0.09212697204202414
0.09184311237186193
0.09131379192695022
0.09216924663633108
0.09181225206702948
0.09193456405773759
0.09114949870854616
0.09276044089347124
0.09158540284261107
0.0920035201124847
0.09130478696897626
0.09204791393131018
0.09126684488728642
0.09171410836279392
0.09104770282283425
0.09237776743248105
0.09241617983207107
0.09177391370758414
0.09168966300785542
0.09176920028403401
0.0911888531409204
0.09221305325627327
0.09111156174913049
0.09211916895583272
0.09105402790009975
0.09180874610319734
0.090768963098526
0.09232864109799266
0.09096427028998733
0.09191134432330728
0.09102839697152376
0.0919739231467247
0.09157918114215136
0.09265700494870543
0.09007632592692971
0.09232771210372448
0.0902073448523879
0.09209825610741973
0.09207576187327504
0.09200973669067025
0.09003405412659049
0.09207934606820345
0.09154520696029067
0.09216877585276961
0.09142690896987915
0.09222707571461797
0.09118037996813655
0.0919523318298161
0.09117892291396856
0.09241253789514303
0.09102780185639858
0.09240313712507486
0.09239984769374132
0.09356367588043213
0.09199729794636369
0.09211427811533213
0.09159811586141586
0.09331659693270922
0.09363049687817693
0.0916684246622026
0.09180701104924083
0.09145888686180115
0.0914037199690938
0.09136773506179452
0.09194966638460755
0.09207665733993053
0.0916982302442193
0.09009008202701807
0.0915245614014566
0.09127461118623614
0.09123162506148219
0.09083976875990629
0.091548812109977
0.09044852666556835
0.0914078950881958
0.09155383100733161
0.09148475294932723
0.09106891322880983
0.09177453396841884
0.09151435876265168
0.09105128608644009
0.09075467940419912
0.09083559503778815
0.09046606719493866
0.09113646391779184
0.09142581699416041
0.09178200410678983
0.09201330598443747
0.0908374791033566
0.09087165584787726
0.09076741198077798
0.09158942382782698
0.09067153185606003
0.09177999291568995
0.09167548501864076
0.09306624392047524
0.09363318793475628
0.09068396082147956
0.09235600382089615
0.09287216886878014
0.09232285898178816
0.09026567405089736
0.09117117896676064
0.09059518342837691
0.09108296735212207
0.09026359673589468
0.09072224702686071
0.09173188591375947
0.09047974785789847
0.09174114372581244
0.09071314567700028
0.09134246502071619
0.09080318920314312
0.0910376189276576
0.09068950498476624
0.09120678482577205
0.09054247988387942
0.09123762184754014
0.09018548671156168
0.09125238424167037
0.09129101224243641
0.09110928000882268
0.09071698505431414
0.09128493396565318
0.09064588090404868
0.09140843478962779
0.09121053200215101
0.090840098913759
0.09123201202601194
0.09031805209815502
0.09107937617227435
0.0911604012362659
0.09136194083839655
0.09095979388803244
0.09166129166260362
0.09072125935927033
0.09148451313376427
0.0902408012188971
0.09167172899469733
0.09053803700953722
0.09094235161319375
0.09098995011299849
0.09149284521117806
0.09075022768229246
0.09118579002097249
0.09104937082156539
0.09153885813429952
0.09075212059542537
0.09143944503739476
0.09086916595697403
0.0906782136298716
0.09074913710355759
0.09064224036410451
0.09126816503703594
0.09042370226234198
0.09114810731261969
0.0905981520190835
0.09079474909231067
0.09053752897307277
0.09119556285440922
0.09055765112861991
0.09107288997620344
0.09230692917481065
0.09212753409519792
0.09064863715320826
0.09122589696198702
0.09036387270316482
0.09116963110864162
0.09061736660078168
0.0911565013229847
0.0909684831276536
0.09109181584790349
0.09134428389370441
0.09004277735948563
0.0912336790934205
0.09057258069515228
0.09137403266504407
0.09027940779924393
0.09083587490022182
0.09009683597832918
0.09140040539205074
0.09033120796084404
0.091475794557482
0.0905623510479927
0.09097719704732299
0.09095287369564176
0.09096433827653527
0.09103717328980565
0.0912454198114574
0.0931989629752934
0.09244994400069118
0.09081146260723472
0.09132129605859518
0.0907927849330008
0.09130997117608786
0.09068954829126596
0.09113311301916838
0.09081718884408474
0.0912238652817905
0.09106479305773973
0.09083867305889726
0.09083145717158914
0.09098233887925744
0.09089134959504008
0.09033351810649037
0.09105545608326793
0.09067394211888313
0.09176349313929677
0.09069332713261247
0.09182595880702138
0.0902574909850955
0.09179698582738638
0.09021230600774288
0.09120459528639913
0.09086441434919834
0.09114045230671763
0.09102371893823147
0.09087131405249238
0.09155469201505184
0.09105755807831883
0.09131779382005334
0.09039383195340633
0.09157833736389875
0.09084417903795838
0.09176259208470583
0.09095420781522989
0.09148207306861877
0.08980841096490622
0.09134472580626607
0.09042399283498526
0.09096138924360275
0.09123872825875878
0.090643972158432
0.09016133984550834
0.09146004915237427
0.09107678616419435
0.09160978114232421
0.09057504683732986
0.09045355813577771
0.09036843571811914
0.09040984883904457
0.09099521022289991
0.09073324222117662
0.09212704095989466
0.09088185196742415
0.09132480807602406
0.09056701976805925
0.09123032726347446
0.09044211776927114
0.09085930371657014
0.09069587988778949
0.0918109267950058
0.09141562087461352
0.09306166786700487
0.09036117419600487
0.0909795300103724
0.0911610210314393
0.09172633616253734
0.09031787095591426
0.09145544236525893
0.09044267795979977
0.09046306507661939
0.09081679908558726
0.0909435716457665
0.09049290185794234
0.09120506839826703
0.09224577993154526
0.09311923291534185
0.09057043958455324
0.09151403186842799
0.09078150615096092
0.09096104511991143
0.09076317865401506
0.09084267215803266
0.09102108282968402
0.09076821990311146
0.09118097508326173
0.09020812204107642
0.09057826409116387
0.09108651895076036
0.09179982775822282
0.09059799183160067
0.09123566700145602
0.09018221125006676
0.09132232796400785
0.09048793092370033
0.09069675719365478
0.09066284773871303
0.09058412909507751
0.09094568574801087
0.09087918791919947
0.09080991288647056
0.09018725901842117
0.09248933801427484
0.09204400610178709
0.09118830785155296
0.09012965392321348
0.0909218923188746
0.09019177220761776
0.0914446352981031
0.09028410678729415
0.09178779879584908
0.0910589569248259
0.09116220101714134
0.09046390000730753
0.09059849195182323
0.09137368202209473
0.09095675591379404
0.09116379031911492
0.09096021903678775
0.09150071721524
0.09065059805288911
0.09171572420746088
0.09173389384523034
0.09155633021146059
0.09112987015396357
0.09164391178637743
0.09051698772236705
0.09245218569412827
0.0906778140924871
0.09132088627666235
0.09077293099835515
0.09130686381831765
0.0911314650438726
0.09187196288257837
0.09030400263145566
0.09161137323826551
0.09021145617589355
0.09126517781987786
0.09094871673732996
0.09201893396675587
0.09070568438619375
0.09275751700624824
0.09066634066402912
0.09204517211765051
0.09054735396057367
0.09186819987371564
0.09066442586481571
0.09160617366433144
0.09079734608530998
0.09180190693587065
0.09199224412441254
0.09167625708505511
0.0923191299661994
0.09165924787521362
0.09200992621481419
0.09173461515456438
0.09234823333099484
0.09218392102047801
0.09060413809493184
0.09265873581171036
0.09106305101886392
0.09265073016285896
0.09183201286941767
0.09351975470781326
0.09219685941934586
0.09204574394971132
0.09144418500363827
0.09240803495049477
0.09162387577816844
0.0924617238342762
0.09284049179404974
0.09156670980155468
0.09277084609493613
0.0915301963686943
0.0919316760264337
0.09141537407413125
0.09164220094680786
0.09266729233786464
0.09315866278484464
0.09288588399067521
0.09285394102334976
0.09289602609351277
0.09369119862094522
0.09337892010807991
0.0919176870957017
0.0919626522809267
0.0914403940550983
0.09228573879227042
0.09192356886342168
0.09272431908175349
0.09129964001476765
0.09252773644402623
0.09167043399065733
0.09226577403023839
0.09235875913873315
0.09303843695670366
0.09193483600392938
0.09114339482039213
0.09236138500273228
0.09167991299182177
0.09281553886830807
0.09112256532534957
0.09270616993308067
0.09154109470546246
0.09275624575093389
0.09177795192226768
0.09294439107179642
0.09218674525618553
0.09320870274677873
0.0920618218369782
0.09242801321670413
0.09284419706091285
0.0916443676687777
0.09207322774454951
0.09171210415661335
0.09245079522952437
0.09146311320364475
0.09213282680138946
0.09144162805750966
0.09330490091815591
0.09143440471962094
0.09199735103175044
0.09242468606680632
0.09224312379956245
0.0920283729210496
0.09210546733811498
0.0923393121920526
0.09164405008777976
0.09216426825150847
0.09155641822144389
0.09227159107103944
0.09117123298346996
0.09211170021444559
0.09158984292298555
0.09262551786378026
0.09149185102432966
0.09193104226142168
0.09210093412548304
0.09361704112961888
0.09327381569892168
0.09373356681317091
0.09356435108929873
0.09140838822349906
0.09202798595651984
0.09123668679967523
0.09217498963698745
0.09192135790362954
0.09175964398309588
0.09110362408682704
0.09240488801151514
0.09115824801847339
0.09225058276206255
0.09122732980176806
0.09199564810842276
0.09216065192595124
0.09196129068732262
0.09231283515691757
0.0921894395723939
0.09135659039020538
0.09203258203342557
0.09203255362808704
0.09142092196270823
0.09167376300320029
0.09239512588828802
0.0918238190934062
0.09224429773166776
0.09273152379319072
0.09269490884616971
0.09268362121656537
0.0925403069704771
0.09207109175622463
0.09132629679515958
0.09195581404492259
0.0913113197311759
0.09179525310173631
0.0920126847922802
0.09231800865381956
0.09190735500305891
0.09385760128498077
0.09347073826938868
0.09120729193091393
0.09282469190657139
0.0930770318955183
0.0933492099866271
0.09175552614033222
0.09171015210449696
0.09140924597159028
0.09171384200453758
0.09162229998037219
0.0929978247731924
0.09176853811368346
0.09241669159382582
0.09167459094896913
0.09151979675516486
0.09147561201825738
0.09218868194147944
0.09163788985460997
0.09191995579749346
0.0921861557289958
0.09331155475229025
0.0923978197388351
0.09152623871341348
0.09295356227084994
0.09105824586004019
0.09219054784625769
0.0912104370072484
0.09281426202505827
0.09127560304477811
0.09233631612733006
0.09238281100988388
0.09146468574181199
0.09291104320436716
0.09217088716104627
0.0913683483377099
0.09245300199836493
0.0919980420731008
0.09204404894262552
0.09315670467913151
0.0910438047721982
0.09315798990428448
0.09177721384912729
0.09176435228437185
0.09232890699058771
0.09223628789186478
0.0905269579961896
0.09281574375927448
0.09208325203508139
0.09414917975664139
0.09315333003178239
0.0905026220716536
0.09283193992450833
0.09085322404280305
0.09245869610458612
0.09152725711464882
0.09286494133993983
0.09062643582001328
0.09240295831114054
0.09113029018044472
0.09468150604516268
0.092281149700284
0.09138472098857164
0.09046268602833152
0.09243639837950468
0.09282283531501889
0.09147553378716111
0.09263657685369253
0.09210833394899964
0.09163263905793428
0.09122018702328205
0.09161497885361314
0.09106275206431746
0.09197432640939951
0.09160691918805242
0.09145612781867385
0.0912708593532443
0.09199230326339602
0.09145616926252842
0.09157697204500437
0.09134254930540919
0.09172831103205681
0.09197087166830897
0.09153985418379307
0.09049488184973598
0.09181357501074672
0.0914488760754466
0.09165781503543258
0.09184519713744521
0.09230893012136221
0.09193179104477167
0.0915256580337882
0.09076859382912517
0.09207887016236782
0.09085582615807652
0.09267792804166675
0.09101938921958208
0.09203911572694778
0.09129769867286086
0.09166513383388519
0.09153104620054364
0.09210850112140179
0.09212169237434864
0.09278008062392473
0.09147240500897169
0.09146753186360002
0.0913826241157949
0.09289961587637663
0.09205885836854577
0.09192275302484632
0.09066076017916203
0.09139262977987528
0.09096151078119874
0.09158722078427672
0.09094093786552548
0.09227986680343747
0.09110668720677495
0.09183172695338726
0.09115383587777615
0.09298030519858003
0.091514035128057
0.09156522387638688
0.09158619213849306
0.09176247613504529
0.09185087773948908
0.0917432326823473
0.09215064719319344
0.09374805493280292
0.09457217110320926
0.09290768066421151
0.09333720291033387
0.09482147404924035
0.09518339671194553
0.09437509719282389
0.09292588476091623
0.09348583687096834
0.09421271365135908
0.09449340961873531
0.09463283885270357
0.09496903279796243
0.09254001406952739
0.09372142888605595
0.09305903082713485
0.0926814740523696
0.09354485664516687
0.09252941608428955
0.09328753035515547
0.092286033090204
0.09310164768248796
0.09328225906938314
0.09477237984538078
0.09535836288705468
0.0933085810393095
0.09171035373583436
0.09141570795327425
0.09273921605199575
0.09226893959566951
0.09162661200389266
0.09223683597519994
0.09156147297471762
0.09231694089248776
0.09116569999605417
0.09184803813695908
0.09131061285734177
0.09199194191023707
0.09128847904503345
0.09220782201737165
0.09053930593654513
0.09177199378609657
0.09151845378801227
0.0922995638102293
0.09081375226378441
0.09183689998462796
0.09108124393969774
0.09180243918672204
0.09104213304817677
0.09302716609090567
0.09105476317927241
0.09202515706419945
0.09198499005287886
0.09338159067556262
0.09250317187979817
0.09163843700662255
0.09054160211235285
0.09291834710165858
0.0930058853700757
0.09143115673214197
0.09123535314574838
0.09145524492487311
0.09148581698536873
0.09153035003691912
0.09110852517187595
0.09122100612148643
0.09075305610895157
0.0917371828109026
0.090949228964746
0.09184696106240153
0.09086445160210133
0.09225023025646806
0.09058165084570646
0.09166433708742261
0.09058389300480485
0.09127442119643092
0.09053595829755068
0.09175627725198865
0.09060949878767133
0.09132720157504082
0.09152017999440432
0.09125081775709987
0.09038702491670847
0.09145308472216129
0.09079326782375574
0.09140940476208925
0.09120619669556618
0.0916092130355537
0.09112521400675178
0.0914299632422626
0.09091940568760037
0.09204187709838152
0.09114865912124515
0.09141326043754816
0.09172965632751584
0.09144984604790807
0.09120434382930398
0.09169619530439377
0.09094891790300608
0.09124215971678495
0.09113509114831686
0.09111364418640733
0.09119559405371547
0.09110970282927155
0.09097662102431059
0.09201009012758732
0.09162648161873221
0.09210879914462566
0.09203560510650277
0.09224277501925826
0.09172421973198652
0.09242155961692333
0.09131825203076005
0.09193946328014135
0.09080802369862795
0.09227045625448227
0.0915399226360023
0.09149116324260831
0.09160153288394213
0.09210643405094743
0.09107407368719578
0.09140457399189472
0.09218373103067279
0.09271389711648226
0.0915156458504498
0.09197833482176065
0.09089229395613074
0.09190496010705829
0.0903331283479929
0.0930500072427094
0.09087039716541767
0.09165195422247052
0.0907059907913208
0.09173956187441945
0.09074046416208148
0.0918528069742024
0.09065026417374611
0.09167683683335781
0.09129433799535036
0.09100766619667411
0.09123988496139646
0.09189357608556747
0.09129452193155885
0.09163607284426689
0.09109636023640633
0.091925164218992
0.0914222002029419
0.0916598211042583
0.09127282304689288
0.09163180273026228
0.09071254217997193
0.09233771124854684
0.09123720228672028
0.0914172655902803
0.09129478596150875
0.09209370613098145
0.09153590723872185
0.09160488191992044
0.0908656851388514
0.09227649215608835
0.09157470101490617
0.09253267897292972
0.09198817191645503
0.0917528118006885
0.0926455301232636
0.09338817000389099
0.09356787288561463
0.09128508111461997
0.09174631861969829
0.09125374304130673
0.09224507492035627
0.09117546491324902
0.09209283208474517
0.09122153930366039
0.09186747390776873
0.09178676037117839
0.09340025810524821
0.09306252980604768
0.0919920839369297
0.09129760507494211
0.09294649725779891
0.09278263105079532
0.09149501984938979
0.09193305671215057
0.09177770698443055
0.0916862771846354
0.09169645281508565
0.09201748110353947
0.091268225107342
0.0926779811270535
0.09119015699252486
0.09212066000327468
0.09124038182199001
0.09198842104524374
0.09139711502939463
0.0921683507040143
0.09113609604537487
0.09143093321472406
0.09145426517352462
0.09224585723131895
0.09186153905466199
0.09207055903971195
0.09127863682806492
0.09188035782426596
0.0918014170601964
0.09328048303723335
0.09224469913169742
0.09154587518423796
0.09113008808344603
0.0922579700127244
0.09110807301476598
0.09285646816715598
0.0912106977775693
0.09204222587868571
0.09000084176659584
0.09215342998504639
0.09104681108146906
0.09203182207420468
0.09223461104556918
0.0932160927914083
0.09119480010122061
0.09221783000975847
0.09123495081439614
0.0921010379679501
0.09120797784999013
0.09223007084801793
0.09106223797425628
0.09224928682669997
0.09157422324642539
0.09201826434582472
0.09114535804837942
0.09173981798812747
0.09195802500471473
0.09195281704887748
0.09222823800519109
0.09223525505512953
0.09184412891045213
0.09178133169189095
0.09245197707787156
0.09138503298163414
0.09229771001264453
0.091409791726619
0.09285147907212377
0.09461261704564095
0.09325265977531672
0.09147753613069654
0.09136213874444366
0.09133807430043817
0.09147921204566956
0.09368521394208074
0.09191678930073977
0.09209639159962535
0.0913425157777965
0.09191825287416577
0.09139443188905716
0.09192234091460705
0.09129766980186105
0.09194483002647758
0.09114487329497933
0.09229006571695209
0.09186786273494363
0.09207745688036084
0.09174008993431926
0.09356252336874604
0.09245650470256805
0.09169481415301561
0.09079556679353118
0.09165873564779758
0.09112551109865308
0.09192254673689604
0.09170727711170912
0.09219454415142536
0.09222992789000273
0.09201564872637391
0.09207587782293558
0.09193795686587691
0.0928590428084135
0.0907117617316544
0.09075020533055067
0.09094114322215319
0.09073286084458232
0.091188152320683
0.09068980207666755
0.09148330520838499
0.09023919561877847
0.09125903015956283
0.09035910107195377
0.09172569075599313
0.09050505282357335
0.09132486023008823
0.09059815295040607
0.09144312608987093
0.09086442179977894
0.09149381890892982
0.09133180137723684
0.09124241909012198
0.09062955202534795
0.09104639803990722
0.0915042613632977
0.09108063718304038
0.0911901518702507
0.09134817030280828
0.09137747110798955
0.09055230719968677
0.09152698423713446
0.08991240710020065
0.09090851387009025
0.08994772890582681
0.09146196721121669
0.09192028222605586
0.091978644952178
0.09194899769499898
0.09137177281081676
0.09030973166227341
0.0915991454385221
0.09033001493662596
0.09151186281815171
0.09045854210853577
0.09139853017404675
0.09096241276711226
0.09186322893947363
0.09044172102585435
0.09136299276724458
0.09163661813363433
0.09274319093674421
0.09062052704393864
0.0909666889347136
0.09130220394581556
0.09224661998450756
0.09162341523915529
0.09153739223256707
0.09104284131899476
0.0909669529646635
0.09072955884039402
0.09078370314091444
0.09033499006181955
0.0916754612699151
0.09233785839751363
0.09309341385960579
0.09031941276043653
0.09147603902965784
0.09224144415929914
0.09287571534514427
0.09061744809150696
0.0911035449244082
0.09053297201171517
0.09092586161568761
0.09026544820517302
0.09064657334238291
0.09099570801481605
0.09093996603041887
0.0916099539026618
0.0913416687399149
0.09162669628858566
0.0911897849291563
0.0928216241300106
0.09341709408909082
0.09059542091563344
0.09098147926852107
0.09078954625874758
0.09047274477779865
0.09132820321246982
0.08983039483428001
0.0919283190742135
0.09074404090642929
0.09136899514123797
0.09092992125079036
0.0911882589571178
0.0901278299279511
0.0918806022964418
0.09062625281512737
0.0915235597640276
0.09009245922788978
0.09187043597921729
0.09100824827328324
0.09168684715405107
0.09122682316228747
0.09107772633433342
0.09151752572506666
0.09159372374415398
0.09135668398812413
0.0912359687499702
0.09094468923285604
0.0914619779214263
0.09111855505034328
0.09174035210162401
0.09107444621622562
0.09139988012611866
0.09155112504959106
0.09110611071810126
0.09143096208572388
0.09120788518339396
0.09167729504406452
0.0920435399748385
0.09148742072284222
0.09147988026961684
0.09148271195590496
0.09183468203991652
0.09103489527478814
0.09161276277154684
0.09107339195907116
0.09137164615094662
0.09105906495824456
0.09100045403465629
0.0904791853390634
0.09103300236165524
0.09222536673769355
0.09271296206861734
0.09164818003773689
0.09105240274220705
0.09189731534570456
0.09256449993699789
0.09174154698848724
0.09093434875831008
0.0910606230609119
0.09192539704963565
0.0910636130720377
0.09148364420980215
0.09156977105885744
0.09261425118893385
0.09315531514585018
0.0938911521807313
0.08982710028067231
0.09088794002309442
0.09059955459088087
0.09114275081083179
0.09069860074669123
0.0906723071821034
0.08989877672865987
0.09137492207810283
0.09094103705137968
0.09147090604528785
0.09125573793426156
0.09033143194392323
0.09149786829948425
0.09180890582501888
0.09065071865916252
0.0909941359423101
0.09265010990202427
0.09360204823315144
0.09166339319199324
0.09167400421574712
0.09071247419342399
0.09152626991271973
0.09120116010308266
0.09175540786236525
0.09191408799961209
0.0909994370304048
0.09059349028393626
0.09188106562942266
0.09117886377498507
0.09338040184229612
0.0897759492509067
0.09024410787969828
0.09007407119497657
0.08963532699272037
0.0906952298246324
0.08996125077828765
0.09039056999608874
0.09023972926661372
0.09069508872926235
0.08996355067938566
0.09076975379139185
0.09019402880221605
0.0892596310004592
0.09061121800914407
0.08966754004359245
0.09065314009785652
0.09044969594106078
0.09026199299842119
0.09017198020592332
0.08966657798737288
0.09018827881664038
0.09070063009858131
0.09183598402887583
0.09101721877232194
0.09036270808428526
0.08965756697580218
0.09004538506269455
0.09026745893061161
0.08960789116099477
0.09045902965590358
0.09050779277458787
0.09204900590702891
0.0914058587513864
0.08992953738197684
0.08975297911092639
0.09037616895511746
0.08988146483898163
0.0901705389842391
0.09031182713806629
0.08906169096007943
0.09016756480559707
0.08986189216375351
0.09011529060080647
0.09041076200082898
0.08980409475043416
0.09038541140034795
0.08939255913719535
0.09042999101802707
0.08952026208862662
0.09021148178726435
0.08960547903552651
0.08893019426614046
0.09015530813485384
0.0896505662240088
0.09041303489357233
0.09081590315327048
0.09099801816046238
0.09110021498054266
0.08974110893905163
0.09031728003174067
0.08987332321703434
0.0903389360755682
0.08962841425091028
0.09037270909175277
0.0902650523930788
0.09103466104716063
0.09103078814223409
0.09013692615553737
0.09125116001814604
0.09015793027356267
0.09011454088613391
0.09040531562641263
0.09137760661542416
0.0897328038699925
0.0910988999530673
0.08981852512806654
0.09112744405865669
0.09147130232304335
0.09057848202064633
0.09096855204552412
0.09056994784623384
0.09055261127650738
0.08998056501150131
0.0902883280068636
0.08962848084047437
0.09039386129006743
0.09093634877353907
0.09012563526630402
0.0911549017764628
0.0903272689320147
0.0923427022062242
0.09336525434628129
0.09080371633172035
0.08975288597866893
0.09092025738209486
0.08987624291330576
0.0913138696923852
0.0895144110545516
0.09112227614969015
0.09084736509248614
0.09158609388396144
0.0909620700404048
0.091341617051512
0.09232822293415666
0.09257373213768005
0.08973343065008521
0.09047569613903761
0.09067963575944304
0.09069721726700664
0.09101491887122393
0.09162535797804594
0.08981787785887718
0.0894109308719635
0.0911532947793603
0.0894440128467977
0.09115902101621032
0.0909153139218688
0.09262208687141538
0.09078739024698734
0.09167864779010415
0.09062343183904886
0.09132475592195988
0.09032495692372322
0.09050934296101332
0.09017524914816022
0.09022742696106434
0.0926875090226531
0.09311653021723032
0.09064245223999023
0.09004452684894204
0.09180539380759001
0.09231643099337816
0.09116266202181578
0.09118770901113749
0.09010941116139293
0.08982758736237884
0.09135666722431779
0.08956730784848332
0.09153569396585226
0.0910145128145814
0.09154271520674229
0.090819685254246
0.0908148679882288
0.09131440799683332
0.09171268483623862
0.09135784488171339
0.09162055281922221
0.09019591100513935
0.09006926277652383
0.09068012330681086
0.08974744100123644
0.0901593929156661
0.0912043652497232
0.09200710570439696
0.09250357514247298
0.09032841864973307
0.09030465316027403
0.09101363364607096
0.08997098915278912
0.09106275765225291
0.09030319098383188
0.09019819786772132
0.09052588511258364
0.09007316874340177
0.09102121414616704
0.09003183105960488
0.091836494859308
0.09092445205897093
0.0912125869654119
0.0907175661996007
0.09088814025744796
0.09025744767859578
0.09139604680240154
0.09003350604325533
0.09090083418413997
0.09009720617905259
0.09077551774680614
0.09090337716042995
0.08954131882637739
0.09136772574856877
0.08949594805017114
0.0916003710590303
0.0903466809540987
0.09029195317998528
0.08995381090790033
0.09001578763127327
0.09106956096366048
0.09124174667522311
0.0908902338705957
0.09034664509817958
0.09095914801582694
0.08967090118676424
0.09042281424626708
0.09028952103108168
0.09080698015168309
0.09003030369058251
0.08952395105734468
0.08989019133150578
0.08983399905264378
0.09118074411526322
0.09204280516132712
0.0928381527774036
0.0905510950833559
0.09166747191920877
0.09187264600768685
0.09489391790702939
0.09425945580005646
0.09272912191227078
0.09405492199584842
0.0920136203058064
0.0928237740881741
0.0930145331658423
0.09375804383307695
0.09239360317587852
0.09233977505937219
0.09408012125641108
0.0922281644307077
0.09150153212249279
0.09169445792213082
0.09325460204854608
0.0924106459133327
0.09228799771517515
0.09285111585631967
0.092345607932657
0.0933981747366488
0.09197328286245465
0.09291593683883548
0.09129897598177195
0.09258616901934147
0.09084278391674161
0.09182311315089464
0.0913142398931086
0.09224791405722499
0.0907312068156898
0.09128998778760433
0.09114930685609579
0.09326718701049685
0.09208968933671713
0.09141772612929344
0.08983363676816225
0.09132379293441772
0.0909155192784965
0.09137524990364909
0.09059989266097546
0.09144682297483087
0.09090601280331612
0.09054909506812692
0.09133895067498088
0.09121466521173716
0.09100149106234312
0.09082108922302723
0.09071479691192508
0.09107553586363792
0.09147499687969685
0.09062050562351942
0.09168914100155234
0.09079233417287469
0.0912323403172195
0.09160683071240783
0.09175592195242643
0.09064688999205828
0.0917254239320755
0.0905052269808948
0.09137851791456342
0.09049652284011245
0.09142279112711549
0.09064686903730035
0.09096412220969796
0.09042299166321754
0.09198026964440942
0.09098637197166681
0.09135174890980124
0.09108788101002574
0.0909551102668047
0.09081295831128955
0.0910457163117826
0.09093132102862
0.09076832374557853
0.09154675016179681
0.09015276888385415
0.09213278815150261
0.09043252980336547
0.09148962097242475
0.0906590879894793
0.09125680522993207
0.09069602517411113
0.0914467740803957
0.09053992107510567
0.09096136689186096
0.09061249671503901
0.09071405092254281
0.0910436031408608
0.09054849902167916
0.09113365272060037
0.09041249332949519
0.09116781922057271
0.09019513102248311
0.09069718699902296
0.09024114441126585
0.09070451091974974
0.0905389697290957
0.09121815394610167
0.09168498171493411
0.09115222608670592
0.09115231921896338
0.09120340598747134
0.0902653862722218
0.0919292182661593
0.09282756503671408
0.09289751201868057
0.09082180820405483
0.09116928512230515
0.09017596393823624
0.09114722581580281
0.09051638981327415
0.0907960468903184
0.09122293069958687
0.08973236288875341
0.09168023522943258
0.09081333503127098
0.09122520918026567
0.08988526882603765
0.09063044423237443
0.09027689509093761
0.090589449275285
0.09041477460414171
0.09065145207569003
0.0913722850382328
0.09097300283610821
0.09085680777207017
0.09006288694217801
0.09051065426319838
0.09182089194655418
0.09024106711149216
0.09063024399802089
0.09244434582069516
0.09192282101139426
0.0918634650297463
0.090861976146698
0.09081392223015428
0.09065953874960542
0.09134929534047842
0.09011242724955082
0.0929642659612
0.09309118567034602
0.09344802191480994
0.09052041172981262
0.09178806934505701
0.09026093827560544
0.09123632777482271
0.09011839190497994
0.09159326087683439
0.09096827171742916
0.09135546628385782
0.0908260801807046
0.09083593683317304
0.09140058001503348
0.09057314926758409
0.0902426983229816
0.090577551163733
0.09067792119458318
0.09040687838569283
0.09136768477037549
0.09058781480416656
0.09113189578056335
0.09066614974290133
0.09140962408855557
0.09101332072168589
0.09062580112367868
0.09087990503758192
0.09137725597247481
0.09047554805874825
0.09046781109645963
0.09041385585442185
0.0908328820951283
0.09125501336529851
0.08926002401858568
0.09136237995699048
0.09020262118428946
0.0919331586919725
0.09386020200327039
0.09325944585725665
0.09088122984394431
0.09103809902444482
0.09013448981568217
0.09122525108978152
0.09057512134313583
0.09087820025160909
0.0895053162239492
0.09173726895824075
0.09048602124676108
0.09019056195393205
0.09131865482777357
0.09045405918732285
0.09124172804877162
0.08983144210651517
0.09120011376217008
0.0907142162322998
0.09222879819571972
0.09154203906655312
0.09015576913952827
0.08992058224976063
0.0908744391053915
0.09036601893603802
0.09126680297777057
0.08965522889047861
0.09113438101485372
0.09310390893369913
0.09250090410932899
0.0906551699154079
0.0916899279691279
0.09077044622972608
0.09174672933295369
0.09047607332468033
0.09021944925189018
0.09123366000130773
0.09085176605731249
0.09075989900156856
0.0897515881806612
0.09051512880250812
0.09053579904139042
0.0914753838442266
0.0896941889077425
0.09061300987377763
0.09093727311119437
0.09109597373753786
0.09118812484666705
0.08965091034770012
0.09088596096262336
0.09097497025504708
0.09086872171610594
0.08945895032957196
0.09018715098500252
0.09073565620929003
0.09212912013754249
0.09200977068394423
0.09061938198283315
0.090984967071563
0.09085873793810606
0.08956481469795108
0.09034627908840775
0.09110005106776953
0.09189918078482151
0.0920911361463368
0.09348504897207022
0.09058313583955169
0.09091123519465327
0.09140812000259757
0.09131612908095121
0.09092342108488083
0.09109118208289146
0.09038010286167264
0.09113416774198413
0.09078858979046345
0.08965061511844397
0.0914942268282175
0.09122291393578053
0.0917259557172656
0.09018127713352442
0.09099949104711413
0.09164256835356355
0.0924607957713306
0.09255358576774597
0.09132305672392249
0.09036970883607864
0.09075197111815214
0.09059298690408468
0.09026856068521738
0.0902141546830535
0.09179964289069176
0.0932137668132782
0.09233132470399141
0.08991897013038397
0.09106202004477382
0.09093469893559813
0.09295366890728474
0.09127405611798167
0.09112951904535294
0.08993001002818346
0.09103780193254352
0.08997810585424304
0.0904005547054112
0.09059181157499552
0.09061268903315067
0.09063973883166909
0.08977675996720791
0.0899431467987597
0.09096739394590259
0.09223039215430617
0.09104707883670926
0.09068836970254779
0.08971773413941264
0.09034419199451804
0.09014307986944914
0.08910826174542308
0.09078790387138724
0.09115253621712327
0.09179733181372285
0.0915260799229145
0.09125527506694198
0.08999123703688383
0.08992957696318626
0.09029756998643279
0.08976873802021146
0.09019369166344404
0.08975932095199823
0.092285699211061
0.09124082187190652
0.09044779790565372
0.08975937310606241
0.09150165738537908
0.09061923995614052
0.09134634817019105
0.08940966986119747
0.09083195170387626
0.09011587500572205
0.08996289689093828
0.09032440604642034
0.08917480474337935
0.08998440811410546
0.0892835222184658
0.09056749194860458
0.09055009111762047
0.0898856371641159
0.09056018525734544
0.08888956531882286
0.09071273729205132
0.08937985077500343
0.09065725095570087
0.08941203495487571
0.09084107587113976
0.09183053905144334
0.09232889907434583
0.09107456868514419
0.08990674093365669
0.0911511923186481
0.09132545720785856
0.09009619196876884
0.09007444279268384
0.08975905599072576
0.0898992819711566
0.09024963527917862
0.08988454798236489
0.08936839690431952
0.09123286977410316
0.08936730306595564
0.09107575984671712
0.09026257507503033
0.09106124704703689
0.08929113345220685
0.09077354008331895
0.09023553738370538
0.09035612409934402
0.09084435412660241
0.0896596722304821
0.09078742982819676
0.08967822790145874
0.09143236512318254
0.0895355329848826
0.09074840182438493
0.08940474409610033
0.08955292357131839
0.08995707519352436
0.08966167597100139
0.0916639668866992
0.09223701385781169
0.09251918038353324
0.08922549802809954
0.09011069405823946
0.09171567810699344
0.09218203276395798
0.08936821110546589
0.09063844522461295
0.0899106222204864
0.08975934097543359
0.09056458994746208
0.09035411616787314
0.08991654263809323
0.09057407733052969
0.09123072307556868
0.08962641283869743
0.09023813623934984
0.09111691080033779
0.0909175961278379
0.09158333064988256
0.09010292124003172
0.09160490985959768
0.09016237501055002
0.0912367352284491
0.08939674077555537
0.0904529863037169
0.09087406191974878
0.0922328568994999
0.09195471229031682
0.09053118899464607
0.0906266919337213
0.09042827086523175
0.0908372150734067
0.09139901213347912
0.08976831007748842
0.08986335527151823
0.09117182530462742
0.08964895596727729
0.09090418415144086
0.08976100571453571
0.09053470380604267
0.09025057032704353
0.09118084330111742
0.09087035479024053
0.0912586529739201
0.08975797984749079
0.09065698320046067
0.09108055802062154
0.08917565876618028
0.09012882364913821
0.0905171581543982
0.09131354792043567
0.09050204092636704
0.09117253730073571
0.0909740081988275
0.0917894640006125
0.09049919806420803
0.0909928628243506
0.09023735718801618
0.09065664606168866
0.09189541824162006
0.09094905387610197
0.09099480090662837
0.0903944973833859
0.09128651209175587
0.09057169780135155
0.09159230208024383
0.0893126092851162
0.09100314695388079
0.09013117616996169
0.09181161364540458
0.09201449481770396
0.09120376501232386
0.09099048189818859
0.09135852241888642
0.09057261096313596
0.09123709937557578
0.09100360004231334
0.09086805582046509
0.0920486650429666
0.09220697358250618
0.09060598304495215
0.09105962701141834
0.09094155998900533
0.09103723894804716
0.08967867819592357
0.09075466869398952
0.09143225010484457
0.090134022757411
0.09029280999675393
0.08969837613403797
0.090434979647398
0.09072250220924616
0.0913763577118516
0.08987314580008388
0.09071846399456263
0.09040283504873514
0.08992061531171203
0.09096032381057739
0.08934688800945878
0.09034417197108269
0.0896841841749847
0.09035705402493477
0.09055531211197376
0.0903206616640091
0.09045707620680332
0.08969230577349663
0.09114274894818664
0.08933972287923098
0.09065018594264984
0.09098392259329557
0.09032181277871132
0.09090498881414533
0.09039051970466971
0.0900627002120018
0.0899348733946681
0.09060835000127554
0.0902613801881671
0.0913471719250083
0.08977570477873087
0.09102199599146843
0.09042935259640217
0.09028231631964445
0.09089660085737705
0.09011809108778834
0.09019850520417094
0.09035526309162378
0.09122153231874108
0.08980984892696142
0.090592245105654
0.09050751011818647
0.09151170728728175
0.09141993708908558
0.09033117070794106
0.09006921201944351
0.09011263586580753
0.09042114997282624
0.08943542465567589
0.09041630616411567
0.0905005787499249
0.09164319606497884
0.09129085019230843
0.09171466995030642
0.09113933518528938
0.09030796028673649
0.09001193987205625
0.09069366985931993
0.08971123676747084
0.08995299693197012
0.09088032273575664
0.08960096910595894
0.09016458177939057
0.090720993001014
0.09038416482508183
0.09030885621905327
0.090012326836586
0.0898899077437818
0.08994325809180737
0.09041861072182655
0.0895603820681572
0.0903804749250412
0.09074352588504553
0.09070562710985541
0.09003289602696896
0.09002978121861815
0.09248653380200267
0.09288119524717331
0.09026288520544767
0.08881799364462495
0.09104154212400317
0.09118289221078157
0.09113476006314158
0.08996229898184538
0.09191527497023344
0.09239369863644242
0.09235202986747026
0.08993491996079683
0.0912426789291203
0.09133749827742577
0.09231814090162516
0.09131252067163587
0.09151002299040556
0.09094886993989348
0.09149913024157286
0.09055283199995756
0.09097495302557945
0.09138594893738627
0.09213994396850467
0.0902647627517581
0.09101895103231072
0.08979104924947023
0.09099303930997849
0.09279167326167226
0.09262953326106071
0.09123270073905587
0.09180419286713004
0.09073130507022142
0.09040878806263208
0.09130996000021696
0.09123212704434991
0.0913219409994781
0.09168226411566138
0.09095023293048143
0.0907132918946445
0.09093580301851034
0.0908268429338932
0.09098161896690726
0.0901463981717825
0.09067467926070094
0.09068564092740417
0.09040812077000737
0.09057781891897321
0.09110735589638352
0.09036117326468229
0.09122271183878183
0.08995064999908209
0.09077269723638892
0.09077184181660414
0.09124621376395226
0.09232039283961058
0.09241347620263696
0.09075197344645858
0.0903776497580111
0.09109587874263525
0.09042594581842422
0.0911820768378675
0.09008200140669942
0.09093985613435507
0.08961313497275114
0.09129175310954452
0.09027415607124567
0.09137674095109105
0.09108923003077507
0.09103908389806747
0.09046856500208378
0.09001348726451397
0.09043730236589909
0.08970407396554947
0.09003123687580228
0.0898916651494801
0.09150231862440705
0.09193690866231918
0.0922777121886611
0.0898753167130053
0.0912202219478786
0.0910034547559917
0.09142602793872356
0.09079012693837285
0.0902030118741095
0.09076944319531322
0.09057206381112337
0.09067422337830067
0.0894325990229845
0.09050352079793811
0.09010401926934719
0.09272339520975947
0.09073975309729576
0.0902752778492868
0.09045076277107
0.09137464314699173
0.09099965775385499
0.09091619914397597
0.08990840800106525
0.09069853276014328
0.09209406934678555
0.09180710464715958
0.09018859267234802
0.08902052696794271
0.09169146278873086
0.09020401816815138
0.0913815451785922
0.09086134098470211
0.09008023841306567
0.08947194088250399
0.08917008992284536
0.09076901990920305
0.08949344698339701
0.090956075116992
0.08970045205205679
0.09084393782541156
0.08977432828396559
0.08940346306189895
0.08966620406135917
0.0892933108843863
0.09011169988662004
0.09049671376124024
0.08996808202937245
0.0906373830512166
0.08962630480527878
0.09120615711435676
0.09142412198707461
0.0897848978638649
0.09006239520385861
0.08996217837557197
0.09089685790240765
0.09040611423552036
0.09007844375446439
0.08978292997926474
0.09191677207127213
0.09170792764052749
0.09178167395293713
0.09136962099000812
0.09364042663946748
0.09414867870509624
0.09235415095463395
0.09280678583309054
0.09534402657300234
0.09175576688721776
0.09122556587681174
0.09254283271729946
0.09343513520434499
0.09215429332107306
0.09102203464135528
0.09157930919900537
0.09180270740762353
0.09112855326384306
0.09056848613545299
0.091440973803401
0.0910824378952384
0.09201556304469705
0.09074999671429396
0.09088196838274598
0.0902811991982162
0.09026356134563684
0.08975414605811238
0.09010148607194424
0.0903310882858932
0.09110963577404618
0.09166073566302657
0.09010979905724525
0.09039149666205049
0.08911163872107863
0.08990434324368834
0.08951065875589848
0.09028951963409781
0.08956903638318181
0.08954907860606909
0.08990695606917143
0.0894932528026402
0.09094757912680507
0.08959850622341037
0.09070924902334809
0.0898191500455141
0.0890756188891828
0.0909366519190371
0.08937035035341978
0.08991480013355613
0.0913802650757134
0.08996775792911649
0.09032304305583239
0.08973840810358524
0.09038886101916432
0.08974485704675317
0.09086675522848964
0.09040530165657401
0.09034801507368684
0.09053378086537123
0.08988280408084393
0.09002380212768912
0.08916141605004668
0.0905755809508264
0.09066531341522932
0.09084546891972423
0.08994590491056442
0.09026474971324205
0.09101334493607283
0.08992298739030957
0.09051978681236506
0.09017838025465608
0.09013828309252858
0.08929271018132567
0.09119390696287155
0.09133547684177756
0.09158979030326009
0.09008260816335678
0.09038256295025349
0.09066866990178823
0.09114323509857059
0.09058984322473407
0.09008872183039784
0.09046820783987641
0.0908157997764647
0.09179445914924145
0.08983222069218755
0.09127059765160084
0.09118843730539083
0.09253107802942395
0.09145709918811917
0.0908158659003675
0.09046560525894165
0.09184538293629885
0.09069060580804944
0.09116079797968268
0.09062102809548378
0.09102517738938332
0.09105228213593364
0.09129807725548744
0.09083298873156309
0.090910823084414
0.09271806105971336
0.0920692696236074
0.08978533232584596
0.09123241994529963
0.09066874720156193
0.08964831614866853
0.09110703505575657
0.08986339718103409
0.0914285508915782
0.09062920697033405
0.09181358199566603
0.09035371569916606
0.09105561999604106
0.09150499990209937
0.09314979193732142
0.09157135197892785
0.09092605812475085
0.09079566691070795
0.09080329164862633
0.0907989302650094
0.09127384703606367
0.09006236400455236
0.09141272585839033
0.09249955415725708
0.09279986284673214
0.09052495285868645
0.0910008572973311
0.09177494421601295
0.09252430638298392
0.09065861161798239
0.09091104008257389
0.09074246510863304
0.09142876276746392
0.09060313319787383
0.091155253816396
0.09083193074911833
0.09117201063781977
0.09053630102425814
0.09026308869943023
0.09134877007454634
0.09086831705644727
0.09170164540410042
0.08987544663250446
0.09126231260597706
0.09037803625687957
0.09105776296928525
0.09055297076702118
0.09108374500647187
0.09061463689431548
0.09155179001390934
0.09291120013222098
0.09211125317960978
0.0905435848981142
0.09186218585819006
0.0915145268663764
0.09320052107796073
0.09076826320961118
0.09109615301713347
0.09117464814335108
0.09062713198363781
0.09051749994978309
0.09186209505423903
0.09089935477823019
0.0908835381269455
0.09023238671943545
0.09062401298433542
0.09057979984208941
0.0901148091070354
0.09069459000602365
0.09000877197831869
0.09082966903224587
0.08991695893928409
0.09090933669358492
0.09009169088676572
0.09051469014957547
0.09014741284772754
0.09094444010406733
0.09178900718688965
0.09248584881424904
0.0903620240278542
0.08999494882300496
0.09081263933330774
0.08968641608953476
0.09098949795588851
0.09050832968205214
0.09086574474349618
0.09056807402521372
0.09080377593636513
0.09035507496446371
0.09024689672514796
0.09070035116747022
0.09006621176376939
0.09043286507949233
0.08993268106132746
0.09081168007105589
0.09012320823967457
0.09081496205180883
0.09041471080854535
0.09089349117130041
0.09016647608950734
0.09044349798932672
0.09065176686272025
0.09003387903794646
0.09043287020176649
0.09006982482969761
0.09067936008796096
0.09005661495029926
0.0906079551205039
0.09043500293046236
0.09054393088445067
0.09068841580301523
0.08988717384636402
0.09044060809537768
0.08973966678604484
0.09047841327264905
0.09074111608788371
0.09168351208791137
0.09000681294128299
0.09029024699702859
0.09015986230224371
0.08977581886574626
0.09075358929112554
0.08962539536878467
0.09091160725802183
0.09094093972817063
0.09210714371874928
0.09018224803730845
0.09058979107066989
0.09067647019401193
0.09153132792562246
0.0914606568403542
0.09078166726976633
0.09081926988437772
0.09050861233845353
0.09036678308621049
0.09026351803913713
0.09110787091776729
0.09034550841897726
0.09233687818050385
0.09186059096828103
0.09247532207518816
0.09212242905050516
0.09089110232889652
0.09027061192318797
0.09057464590296149
0.09004717692732811
0.09082282520830631
0.09011183120310307
0.09091751789674163
0.09014248289167881
0.09131012903526425
0.09073358913883567
0.09104332560673356
0.09073856193572283
0.09105834271758795
0.090836760122329
0.09105128515511751
0.09124214202165604
0.09010244067758322
0.09095296217128634
0.08994572795927525
0.09080166928470135
0.09041728684678674
0.09082369087263942
0.09089957363903522
0.09270145883783698
0.09155283775180578
0.090797433629632
0.09045519027858973
0.09081556787714362
0.09048898192122579
0.09071807004511356
0.0908308899961412
0.09078844590112567
0.09058155072852969
0.09148165117949247
0.09086756408214569
0.0904283169656992
0.09107928676530719
0.08978048898279667
0.09077179804444313
0.09024263173341751
0.09111989382654428
0.09049508301541209
0.09123577503487468
0.09029673179611564
0.0911139352247119
0.09077843790873885
0.09086320688948035
0.09111781697720289
0.0907199177891016
0.09147397382184863
0.09032082138583064
0.09115944476798177
0.0902568157762289
0.09132790705189109
0.09038022998720407
0.0920957368798554
0.09021228086203337
0.09145283792167902
0.09074001619592309
0.09135515009984374
0.09069865522906184
0.09106412762776017
0.09037738107144833
0.09112219186499715
0.09127998538315296
0.09083118289709091
0.09088116930797696
0.0905529698356986
0.09102774411439896
0.09059580788016319
0.09126854501664639
0.09019924979656935
0.0908973840996623
0.09002148313447833
0.09142180811613798
0.09094954561442137
0.09152898984029889
0.09095459803938866
0.09148885495960712
0.09062698390334845
0.09129098802804947
0.090425964910537
0.09109358210116625
0.09072627173736691
0.09082445781677961
0.09089078661054373
0.09074563579633832
0.09107133001089096
0.09113083500415087
0.09169206023216248
0.09060307685285807
0.09131698217242956
0.09023294923827052
0.09108093986287713
0.09042790299281478
0.09119330020621419
0.09050650056451559
0.09162158984690905
0.0905305678024888
0.09142839582636952
0.0909106619656086
0.09092686511576176
0.0907274610362947
0.09058175701647997
0.09088000888004899
0.09049226390197873
0.09092043712735176
0.09049088042229414
0.09123370982706547
0.09008341981098056
0.09120828518643975
0.09037000220268965
0.09121155086904764
0.09026466496288776
0.0913718300871551
0.09184526978060603
0.09241717681288719
0.0901217320933938
0.09119792794808745
0.09070692816749215
0.09075935836881399
0.0912866909056902
0.09094076277688146
0.09082035208120942
0.09065346093848348
0.09113150974735618
0.08996396092697978
0.0908574303612113
0.09089567512273788
0.09266623668372631
0.09222294297069311
0.09082566574215889
0.09072373295202851
0.09163978090509772
0.09008296485990286
0.09208595613017678
0.09035472013056278
0.09164765616878867
0.0904621877707541
0.09164559096097946
0.09080009302124381
0.09192780591547489
0.09050422674044967
0.09130623703822494
0.0913432571105659
0.09227450005710125
0.09086567023769021
0.09163223532959819
0.09094866691157222
0.09188092174008489
0.09072954580187798
0.09179811365902424
0.09107677266001701
0.09095736406743526
0.09246596973389387
0.09139372501522303
0.09102755878120661
0.09095700504258275
0.09088757866993546
0.09053002204746008
0.0910056671127677
0.09062869986519217
0.09341112989932299
0.09215442091226578
0.09214510209858418
0.09172104392200708
0.09181614592671394
0.09233567584306002
0.09206030471250415
0.09191983100026846
0.09092233004048467
0.09165027784183621
0.09172455640509725
0.09127411991357803
0.09218355175107718
0.09271913534030318
0.09439390012994409
0.09290551394224167
0.09117149095982313
0.09095957688987255
0.09226786298677325
0.09136890014633536
0.09147506486624479
0.0919338921085
0.09168739710003138
0.09189757611602545
0.09136151615530252
0.09160021506249905
0.09117946401238441
0.09094897098839283
0.09138835221529007
0.09135576197877526
0.09240680700168014
0.0908042867667973
0.09133937582373619
0.09174173697829247
0.0925997318699956
0.09144603088498116
0.09105509892106056
0.09091908764094114
0.09090358065441251
0.09147782996296883
0.09069996327161789
0.09095971612259746
0.0906141777522862
0.09148721303790808
0.09022870101034641
0.09165151510387659
0.09018837427720428
0.09105698484927416
0.09047270193696022
0.09133395878598094
0.0904951929114759
0.09114581905305386
0.09098375076428056
0.09127504797652364
0.09104800410568714
0.09069384727627039
0.09107403224334121
0.09069429896771908
0.09103607013821602
0.09055292699486017
0.09075475903227925
0.09062509471550584
0.09095175378024578
0.09065142180770636
0.09102743491530418
0.09055239986628294
0.09155219094827771
0.09098867885768414
0.09088134719058871
0.09078456507995725
0.09161965968087316
0.0917675755918026
0.0913760126568377
0.09114133520051837
0.09124978398904204
0.09094454580917954
0.09146137023344636
0.09082650113850832
0.09114815900102258
0.09119524620473385
0.09039210993796587
0.0910891741514206
0.09043211909011006
0.09219195693731308
0.09023732226341963
0.09137096116319299
0.09019481902942061
0.09198726015165448
0.09112169407308102
0.0914404271170497
0.09078153595328331
0.09146003425121307
0.09045450482517481
0.0912780542857945
0.09091922594234347
0.0909411245957017
0.09095664508640766
0.09247613186016679
0.09175603836774826
0.0913065979257226
0.0905737210996449
0.09097680216655135
0.09083532309159636
0.09106115996837616
0.09074671799317002
0.09175577014684677
0.0925061427988112
0.09320566803216934
0.09054056880995631
0.09171845996752381
0.09230113681405783
0.09245265601202846
0.09039661008864641
0.09128315933048725
0.09056768659502268
0.09157703071832657
0.0912834731861949
0.09110062709078193
0.0915848701260984
0.09111062623560429
0.09128873003646731
0.09086850425228477
0.09099865099415183
0.09113848814740777
0.09296294208616018
0.09245818015187979
0.09020175505429506
0.09071766585111618
0.09106206567957997
0.09146805200725794
0.09124538069590926
0.09012219216674566
0.09113389300182462
0.0899468120187521
0.09095895430073142
0.09008282190188766
0.09181367512792349
0.09202958410605788
0.09241387201473117
0.0906245713122189
0.09175231819972396
0.09065974596887827
0.09094314277172089
0.0904052178375423
0.09193144226446748
0.09034967189654708
0.0907451487146318
0.09044467797502875
0.09040333097800612
0.09126524301245809
0.09038623934611678
0.09153224807232618
0.09001685585826635
0.09172235801815987
0.0902991252951324
0.09176435833796859
0.09077526582404971
0.09105293499305844
0.09072284586727619
0.09138201083987951
0.09080027509480715
0.09176450874656439
0.09049301315099001
0.0918213757686317
0.0909714549779892
0.09174216911196709
0.09089202806353569
0.09135114075616002
0.09158469596877694
0.09121510200202465
0.09111120831221342
0.09132264880463481
0.09135890891775489
0.09106957307085395
0.09087520092725754
0.0920525030232966
0.09123566187918186
0.09129371820017695
0.09139912994578481
0.09160022530704737
0.09039659285917878
0.09193877642974257
0.09143936168402433
0.09188361093401909
0.09053067583590746
0.091333641204983
0.0911694304086268
0.09191058296710253
0.09207306057214737
0.0925410739146173
0.09161693090572953
0.09161868365481496
0.09132283926010132
0.09211061336100101
0.09066775627434254
0.0921254619024694
0.09102507028728724
0.0923055550083518
0.09123388212174177
0.09249089937657118
0.09111612010747194
0.09215655503794551
0.09191603725776076
0.09279540181159973
0.09081955906003714
0.09176080487668514
0.09090658510103822
0.09170534880831838
0.09081933088600636
0.09187200013548136
0.09139605285599828
0.09176061674952507
0.09075695974752307
0.091896777972579
0.09118645824491978
0.09190239710733294
0.09100426267832518
0.0922049768269062
0.0911304377950728
0.0917941345833242
0.09107014397159219
0.09162898920476437
0.09132413333281875
0.09218904236331582
0.09042769810184836
0.09215894900262356
0.09216590784490108
0.09321949444711208
0.09197916276752949
0.09190868958830833
0.0911593809723854
0.0918425447307527
0.09123405534774065
0.0919385077431798
0.0909658120945096
0.09161806618794799
0.09078193409368396
0.09197132382541895
0.09100214019417763
0.09157359600067139
0.09113800525665283
0.09173843683674932
0.0909669129177928
0.09200952807441354
0.09089165506884456
0.09337010281160474
0.09325209306553006
0.09033499797806144
0.09023988014087081
0.09158807527273893
0.09080799901857972
0.09203289495781064
0.09033858124166727
0.092203832231462
0.09203571313992143
0.09238342382013798
0.0915505918674171
0.09247272508218884
0.09342867787927389
0.09221245720982552
0.09310429217293859
0.09225663496181369
0.09328038292005658
0.09331065695732832
0.09354384616017342
0.09190654288977385
0.09371290728449821
0.0933686038479209
0.09158108476549387
0.09257284319028258
0.09233673522248864
0.09254146087914705
0.0926091899164021
0.09259622311219573
0.09295082092285156
0.09304440906271338
0.0929591073654592
0.09337708400562406
0.09338243398815393
0.09232794307172298
0.09106902638450265
0.09110188018530607
0.09169311076402664
0.09102187119424343
0.09144575474783778
0.09191739419475198
0.091240253765136
0.09155144961550832
0.09125210205093026
0.09138216311112046
0.0912612802349031
0.09227689495310187
0.09154937695711851
0.09102520998567343
0.09125903574749827
0.09108295431360602
0.09237788710743189
0.09199405694380403
0.09181414637714624
0.09153436589986086
0.09173082001507282
0.09163009701296687
0.09134908486157656
0.09167891228571534
0.09086456289514899
0.09295528708025813
0.09231091523543
0.09224214917048812
0.09126590378582478
0.09174640383571386
0.09124452713876963
0.09158986620604992
0.091340740211308
0.0925866779871285
0.09426259621977806
0.09306238405406475
0.09163402020931244
0.09105462580919266
0.09148648800328374
0.09132877783849835
0.09100354090332985
0.09162384131923318
0.09109268384054303
0.09161647409200668
0.09094183193519711
0.09173421282321215
0.08993356488645077
0.0906463973224163
0.09057646011933684
0.09122192393988371
0.0910081840120256
0.09179036458954215
0.09090908290818334
0.0919210989959538
0.09099945379421115
0.09130484191700816
0.0909434580244124
0.09183200541883707
0.09139138087630272
0.09051753720268607
0.09120800998061895
0.09218500182032585
0.09196122782304883
0.09267713222652674
0.09206570778042078
0.0915674832649529
0.09059733664616942
0.09137719077989459
0.09085285430774093
0.09155867761000991
0.09075803402811289
0.09097103960812092
0.09065693011507392
0.09040060266852379
0.09157016780227423
0.09158497583121061
0.09180712886154652
0.09150394098833203
0.091223802883178
0.0915659531019628
0.09148332476615906
0.09229515912011266
0.09226183127611876
0.09188959980383515
0.0900837741792202
0.09149440005421638
0.0912184021435678
0.09147718083113432
0.09122169436886907
0.09177178889513016
0.09307305794209242
0.09379798313602805
0.09120287885889411
0.09208865975961089
0.09103877888992429
0.09176289895549417
0.09046089090406895
0.09064432885497808
0.09110360546037555
0.09140440123155713
0.09025376196950674
0.09162938501685858
0.09211734123528004
0.09208877710625529
0.09191659698262811
0.09225753787904978
0.09157158993184566
0.09201574604958296
0.09150424599647522
0.09211859479546547
0.09149293135851622
0.09181133704259992
0.0915299579501152
0.09261834202334285
0.092573425732553
0.09323431784287095
0.09104524040594697
0.09237926313653588
0.09147873613983393
0.09415164310485125
0.09316374873742461
0.0915808747522533
0.09225068567320704
0.0914832423441112
0.09246742771938443
0.09164460888132453
0.0923476736061275
0.091587217990309
0.09211057238280773
0.09102106792852283
0.09206075081601739
0.09114188700914383
0.09317640075460076
0.0910637048073113
0.09324778290465474
0.09284454118460417
0.09154151240363717
0.09171954588964581
0.09258722234517336
0.0932343048043549
0.09241217980161309
0.09188043093308806
0.09131804807111621
0.09188992902636528
0.09092241898179054
0.09172562696039677
0.0917298411950469
0.0917806001380086
0.09184406232088804
0.09166555292904377
0.09132081689313054
0.0918861236423254
0.09087287820875645
0.09183259308338165
0.09102467494085431
0.09185985988005996
0.09141299920156598
0.09217087784782052
0.09185545286163688
0.09355167113244534
0.09332586778327823
0.09170006774365902
0.09189457213506103
0.0929840449243784
0.09292691573500633
0.09063825383782387
0.0918717929162085
0.09131030971184373
0.09169898880645633
0.09156122198328376
0.09213083097711205
0.09094721591100097
0.09195327898487449
0.09124453878030181
0.09159876219928265
0.09091797424480319
0.09145276108756661
0.09147839294746518
0.0917412331327796
0.09117849683389068
0.09212586097419262
0.09135650610551238
0.09202049393206835
0.09087738627567887
0.09160287072882056
0.09097264520823956
0.09172173775732517
0.09202401712536812
0.09241588786244392
0.09182555973529816
0.09199754009023309
0.09114073030650616
0.09215009864419699
0.09084562212228775
0.0917702098377049
0.09085793700069189
0.09130547475069761
0.09058175701647997
0.09153242409229279
0.09102277318015695
0.091083281673491
0.09226695215329528
0.09271116694435477
0.09075357811525464
0.09119811793789268
0.09080432401970029
0.09088120004162192
0.0915156900882721
0.09115791413933039
0.09121230617165565
0.09102066792547703
0.09148036176338792
0.0917777270078659
0.09137130482122302
0.09179782122373581
0.09277221001684666
0.09315472887828946
0.09093546215444803
0.09131473721936345
0.0911383698694408
0.09164813812822104
0.0910731260664761
0.09152954211458564
0.09120852593332529
0.09121788991615176
0.09100373275578022
0.09104739129543304
0.09092096704989672
0.09093663981184363
0.0914506409317255
0.0911369570530951
0.090932073071599
0.09096982097253203
0.09161229385063052
0.09064543386921287
0.09149260492995381
0.09025248885154724
0.0912115229293704
0.09033728903159499
0.09178850799798965
0.09063107194378972
0.09211447695270181
0.09080561669543386
0.09141230722889304
0.09084606496617198
0.09151007095351815
0.09090283093973994
0.09158389503136277
0.09084939770400524
0.09143769275397062
0.09104317706078291
0.09118848899379373
0.09177019912749529
0.09194573806598783
0.09167569689452648
0.09134094510227442
0.09090581210330129
0.09136364283040166
0.09068152122199535
0.09103522403165698
0.09101499291136861
0.09104592306539416
0.09153068531304598
0.09053408028557897
0.09132942324504256
0.0905597317032516
0.09165693540126085
0.09069632599130273
0.09155704220756888
0.09032792691141367
0.09145565191283822
0.09063564101234078
0.09137770812958479
0.09079989930614829
0.09199884813278913
0.09047301998361945
0.09171765111386776
0.09090685890987515
0.09139358485117555
0.09118486987426877
0.09229106921702623
0.09200150612741709
0.09160591335967183
0.09090053290128708
0.0918507119640708
0.09089636197313666
0.09164929389953613
0.09127893624827266
0.091654890216887
0.09117093216627836
0.09138632193207741
0.09138476615771651
0.09184336522594094
0.09196553193032742
0.09305649483576417
0.0908516370691359
0.09186956007033587
0.09071793034672737
0.09177716867998242
0.09136974485591054
0.09171399613842368
0.09073440497741103
0.09181307395920157
0.09101580269634724
0.0914638158865273
0.09124948270618916
0.09163492638617754
0.09096822142601013
0.09155567781999707
0.09108740510419011
0.09168764436617494
0.0910304062999785
0.09143262496218085
0.0915140463039279
0.09136797487735748
0.09116023033857346
0.09101455518975854
0.09163360530510545
0.09178035194054246
0.09159120777621865
0.09141682228073478
0.09146554442122579
0.09137110505253077
0.09104645904153585
0.09098708909004927
0.09119211276993155
0.0907327402383089
0.09191800700500607
0.09117572708055377
0.09121690923348069
0.0908571700565517
0.09163176687434316
0.09144258638843894
0.09188588103279471
0.09094425709918141
0.09196677291765809
0.09083530120551586
0.09194528311491013
0.09121699398383498
0.09160955902189016
0.09117259411141276
0.09192464593797922
0.09099603118374944
0.09175600716844201
0.09150003222748637
0.09302076185122132
0.09315744275227189
0.09075785707682371
0.09128939406946301
0.09108259808272123
0.09160655224695802
0.09125993121415377
0.09161031106486917
0.09112225472927094
0.09155545476824045
0.09159516682848334
0.09161144401878119
0.09125305199995637
0.0915178251452744
0.09154687402769923
0.09124871715903282
0.0913521172478795
0.09143342822790146
0.09122298797592521
0.09195143496617675
0.09115978702902794
0.09164303308352828
0.09122627694159746
0.09107591025531292
0.09188421303406358
0.09148766519501805
0.09201413998380303
0.09165264805778861
0.09159052511677146
0.09230477176606655
0.09215875202789903
0.09162519872188568
0.09150103013962507
0.09186165407299995
0.09123017592355609
0.09188716998323798
0.09086659271270037
0.09163804119452834
0.09094161679968238
0.09180456679314375
0.09120682021602988
0.09174398705363274
0.09231355926021934
0.09299969812855124
0.09053195593878627
0.09142246004194021
0.091566888615489
0.09294772893190384
0.09319266816601157
0.09143728809431195
0.09080982487648726
0.09156602015718818
0.09082484804093838
0.09194183396175504
0.0904530081897974
0.09145604586228728
0.09101929888129234
0.09151460183784366
0.09057618211954832
0.09129822999238968
0.09072733297944069
0.09152217581868172
0.09063579561188817
0.09216554090380669
0.09110420430079103
0.091780343092978
0.09116519708186388
0.09189570974558592
0.09137334628030658
0.09180735237896442
0.09097699075937271
0.09154584119096398
0.09086488606408238
0.09157640021294355
0.09121046029031277
0.09142603306099772
0.0912388889119029
0.09130666824057698
0.09101098077371716
0.09165641386061907
0.09098052093759179
0.09134349506348372
0.09153961669653654
0.09155644103884697
0.09140856703743339
0.09247299702838063
0.09177547693252563
0.09168520197272301
0.09092522924765944
0.09181369096040726
0.09096263069659472
0.09180859010666609
0.09106485126540065
0.09194055618718266
0.09313983377069235
0.09345702594146132
0.0907573914155364
0.09198991814628243
0.09118015319108963
0.09226739080622792
0.09049849398434162
0.09138189069926739
0.09072487289085984
0.09132843976840377
0.09081760793924332
0.0917419670149684
0.09081051079556346
0.09158246964216232
0.0908575551584363
0.0915607656352222
0.09109027311205864
0.09163009002804756
0.0908711520023644
0.09165941225364804
0.09113896498456597
0.09179595438763499
0.09103376464918256
0.09174636611714959
0.09116310719400644
0.09153661504387856
0.09118046378716826
0.0918808039277792
0.09149475209414959
0.09237149497494102
0.09180538728833199
0.09172002924606204
0.09131689788773656
0.09162020590156317
0.09095034189522266
0.0917899776250124
0.09102911036461592
0.09175682999193668
0.09086169395595789
0.09176403004676104
0.09086930099874735
0.09143326990306377
0.09250321798026562
0.09271142771467566
0.09067011484876275
0.09165018377825618
0.09168817987665534
0.09304675692692399
0.09228392597287893
0.09098276309669018
0.09069685591384768
0.09162465017288923
0.09062480507418513
0.09152067732065916
0.09107972402125597
0.09230522811412811
0.09378277510404587
0.09332377184182405
0.09067499917000532
0.09165445901453495
0.09076764900237322
0.09153475845232606
0.09074516221880913
0.0919497711583972
0.09054097207263112
0.09150873916223645
0.09078298090025783
0.09158494975417852
0.09077215334400535
0.09192396188154817
0.09210808901116252
0.09155676933005452
0.09039933513849974
0.09164998913183808
0.0909538147971034
0.0914588631130755
0.09061706671491265
0.09144116193056107
0.09070236515253782
0.09149944689124823
0.09095944231376052
0.09143325313925743
0.09106397582218051
0.09135230863466859
0.09132033307105303
0.09245802508667111
0.09192837495356798
0.09182446170598269
0.09060153318569064
0.0920829032547772
0.09074970008805394
0.09206475876271725
0.09093284793198109
0.09171667275950313
0.09085633605718613
0.09164352202787995
0.09117919905111194
0.09165599523112178
0.09256875887513161
0.09286645706743002
0.09075616486370564
0.09162666881456971
0.0916461287997663
0.09291719971224666
0.09198697190731764
0.09150664135813713
0.09045097883790731
0.09165523992851377
0.09070020215585828
0.09157658414915204
0.09070509066805243
0.09153032209724188
0.09111406188458204
0.09162262873724103
0.09102789266034961
0.0914212940260768
0.09105478506535292
0.09149583801627159
0.09149174205958843
0.09159119101241231
0.09120010025799274
0.09167860075831413
0.0909616332501173
0.09175387909635901
0.09160072170197964
0.0917227128520608
0.09095227904617786
0.0917995241470635
0.09081993205472827
0.09178109979256988
0.0909230480901897
0.09136064210906625
0.09136531595140696
0.0911933658644557
0.09149402938783169
0.09151300275698304
0.09122715005651116
0.09122930001467466
0.09148203488439322
0.09127982007339597
0.09153477102518082
0.09178771264851093
0.09201070386916399
0.09141738014295697
0.09121873881667852
0.09171910723671317
0.09128245990723372
0.09144673682749271
0.09112705802544951
0.09237063908949494
0.09339592792093754
0.09345775516703725
0.09038688335567713
0.0911350860260427
0.09102080902084708
0.09241223195567727
0.0909090768545866
0.09142011497169733
0.09124488988891244
0.09139303304255009
0.09080405998975039
0.09192602289840579
0.09136227704584599
0.09179915627464652
0.09093924425542355
0.0917383711785078
0.09144547395408154
0.09171081287786365
0.09129134612157941
0.09169268608093262
0.09125165781006217
0.09199348371475935
0.09120909031480551
0.09158439515158534
0.09121867176145315
0.09167093923315406
0.09104898199439049
0.0921076936647296
0.09124072920531034
0.09312445484101772
0.09213038487359881
0.0911960918456316
0.09112886618822813
0.09177023032680154
0.09074471239000559
0.0919650592841208
0.09103463497012854
0.09169093798846006
0.09087940724566579
0.09182747919112444
0.09097206592559814
0.09271495509892702
0.09330544527620077
0.09501596493646502
0.09504284709692001
0.09311803942546248
0.09293039608746767
0.092516103759408
0.09332789713516831
0.09409232763573527
0.09490322507917881
0.09268263913691044
0.09302416536957026
0.09350938117131591
0.09231390291824937
0.09211819572374225
0.09347858279943466
0.09218142088502645
0.0926250028423965
0.09210166288539767
0.09448031708598137
0.09467387292534113
0.093834956176579
0.09415823314338923
0.09302495280280709
0.09168913587927818
0.09156547673046589
0.09165000030770898
0.09155536629259586
0.09116909420117736
0.09173202514648438
0.09137883270159364
0.09153994638472795
0.09128478402271867
0.09101635497063398
0.09162490582093596
0.09157925518229604
0.09133966406807303
0.09149638889357448
0.09164515091106296
0.09250401705503464
0.09214552026242018
0.09190448513254523
0.09110738104209304
0.09164598491042852
0.09075683075934649
0.09234829619526863
0.09089225297793746
0.09244066709652543
0.09374233987182379
0.09314577979966998
0.0907212900929153
