0.15147290704771876
0.10562059795483947
0.10371403489261866
0.0960296606644988
0.09630277520045638
0.09710276359692216
0.09671822004020214
0.09647571621462703
0.09668035618960857
0.09593286318704486
0.0955492677167058
0.09631071286275983
0.0967819532379508
0.09649707889184356
0.09644547197967768
0.09695372311398387
0.09662689361721277
0.09686830081045628
0.0965654612518847
0.09625249169766903
0.09743046667426825
0.09695788007229567
0.09634639509022236
0.09656652202829719
0.09611540706828237
0.09681633999571204
0.09654804598540068
0.09631298808380961
0.09697467088699341
0.09719771612435579
0.0966764921322465
0.09624433796852827
0.09661514684557915
0.09767563780769706
0.09653013991191983
0.09804285783320665
0.09631407307460904
0.09717724984511733
0.09698285488411784
0.09695388423278928
0.09605744760483503
0.09706748183816671
0.09706374490633607
0.09656960377469659
0.09620204102247953
0.09743003686890006
0.09693167917430401
0.0972874821163714
0.09656789293512702
0.0970383477397263
0.09736814815551043
0.09662231802940369
0.09666287805885077
0.09681538166478276
0.09710306394845247
0.09704650659114122
0.09782670484855771
0.097600057721138
0.09942540526390076
0.09765843581408262
0.09708954999223351
0.0972018907777965
0.09687752090394497
0.09729769080877304
0.09750204905867577
0.09722755523398519
0.09673304576426744
0.09734710026532412
0.09773712605237961
0.09709972189739347
0.09716776199638844
0.09673939505591989
0.09733306290581822
0.09758337074890733
0.09726892504841089
0.09695515502244234
0.09673718083649874
0.09709185501560569
0.09697166597470641
0.09728144109249115
0.09663408109918237
0.09666254697367549
0.09681179421022534
0.0969045590609312
0.09700683364644647
0.09736884199082851
0.09733142284676433
0.09690877329558134
0.09719774918630719
0.09668999118730426
0.09686414618045092
0.09761159960180521
0.09707166580483317
0.09667269792407751
0.09611395094543695
0.09783018287271261
0.09709801431745291
0.09718984318897128
0.0964454929344356
0.09741076128557324
0.09767965134233236
0.09752309788018465
0.09722611587494612
0.0957248299382627
0.09821391897276044
0.0974090863019228
0.09716737270355225
0.09688902320340276
0.09671426704153419
0.09737918572500348
0.09695109771564603
0.09678784059360623
0.09650717535987496
0.09720957698300481
0.0975496070459485
0.09707889892160892
0.09744272101670504
0.09674760280176997
0.09820108907297254
0.09783777594566345
0.09721123985946178
0.09678367711603642
0.09713209792971611
0.09722159756347537
0.09732446307316422
0.09717035014182329
0.09653412410989404
0.09717429568991065
0.09712143801152706
0.09707975387573242
0.09602665202692151
0.0968866441398859
0.0975408311933279
0.09751052688807249
0.09689752571284771
0.09724562102928758
0.09760068776085973
0.09757932182401419
0.09725886909291148
0.09702958818525076
0.09656625799834728
0.09823194891214371
0.09729072591289878
0.09712561080232263
0.09689665585756302
0.09531175205484033
0.09740342805162072
0.0977298328652978
0.09668489964678884
0.09678243473172188
0.09768329886719584
0.09729463700205088
0.09698428399860859
0.09757059719413519
0.09758417215198278
0.09773350087925792
0.09763971902430058
0.09746339777484536
0.09746684785932302
0.09790497971698642
0.09826242132112384
0.09770686691626906
0.09803860587999225
0.09741693269461393
0.09731387486681342
0.09819299401715398
0.09873994998633862
0.0979441381059587
0.09787873970344663
0.09753709379583597
0.09777523204684258
0.09831021819263697
0.09809403494000435
0.09759600088000298
0.09725559409707785
0.09724283637478948
0.09730073809623718
0.0979516631923616
0.09744494501501322
0.0985257993452251
0.09804824693128467
0.09769050916656852
0.0981843308545649
0.09811642207205296
0.09756757505238056
0.09696032525971532
0.09740316495299339
0.09839512826874852
0.09735905472189188
0.09795813541859388
0.09742550319060683
0.09755195397883654
0.0975505132228136
0.09793408494442701
0.09739167429506779
0.09693348919972777
0.09735298901796341
0.0983060640282929
0.0981681072153151
0.09717540768906474
0.0978275528177619
0.09654825879260898
0.09690395416691899
0.09711408521980047
0.09735223418101668
0.09731238894164562
0.09765644418075681
0.09804058307781816
0.09789007203653455
0.09732883609831333
0.09725735569372773
0.09765377826988697
0.09898878680542111
0.09789439896121621
0.09779790183529258
0.09714220510795712
0.09796397900208831
0.09833412291482091
0.09817495988681912
0.09788494883105159
0.09790696669369936
0.09758131206035614
0.09808740299195051
0.09825139073655009
0.0982489981688559
0.09827199205756187
0.09787352103739977
0.09791160374879837
0.09766586776822805
0.09785084892064333
0.09790554363280535
0.09747964702546597
0.09743691794574261
0.10011414904147387
0.09811375569552183
0.09823322482407093
0.09770922409370542
0.09772962098941207
0.09759128466248512
0.09814091306179762
0.09786034282296896
0.09795852797105908
0.09797912510111928
0.09765757387503982
0.09739501774311066
0.09844444785267115
0.09813881339505315
0.09818392433226109
0.09794411808252335
0.09804696729406714
0.09808852476999164
0.09776516491547227
0.09859627205878496
0.09827217785641551
0.09774110978469253
0.09765866491943598
0.09844536101445556
0.0981243853457272
0.09790616622194648
0.09812723286449909
0.09759947005659342
0.09784593991935253
0.09799249842762947
0.09784208331257105
0.09779918333515525
0.09802346117794514
0.09778870502486825
0.09801713563501835
0.09817304322496057
0.09815181838348508
0.0978552638553083
0.09742503706365824
0.09790400182828307
0.09764669090509415
0.09845605585724115
0.09768632613122463
0.09776357980445027
0.0976555896922946
0.09805910615250468
0.09822781290858984
0.09803125914186239
0.09846045589074492
0.09861860703676939
0.09737616591155529
0.09743825905025005
0.09905653493478894
0.09861882915720344
0.0980040542781353
0.09805948007851839
0.09784960886463523
0.09817568073049188
0.09779296489432454
0.09849405381828547
0.09855682495981455
0.0981554752215743
0.09790095407515764
0.09793435502797365
0.09855552297085524
0.09817626001313329
0.09763404121622443
0.0971649307757616
0.0975530231371522
0.09776515094563365
0.09853266784921288
0.09808005671948195
0.09796221135184169
0.09718627575784922
0.09712393907830119
0.09790724981576204
0.09631111286580563
0.09702360536903143
0.09794981870800257
0.09868451999500394
0.09810414398089051
0.09731919132173061
0.0979316821321845
0.09797488013282418
0.09817431587725878
0.09814017312601209
0.0979844811372459
0.09748410107567906
0.0973697965964675
0.09793358389288187
0.09802748216316104
0.09824546379968524
0.09752342198044062
0.09778918465599418
0.09748396510258317
0.09835970867425203
0.09835168113932014
0.09772659605368972
0.09774259896948934
0.09797554137185216
0.09822268690913916
0.09907058719545603
0.0981338219717145
0.09747328190132976
0.09791368572041392
0.09667463274672627
0.0978946266695857
0.09813764085993171
0.09788994304835796
0.09847799316048622
0.09879232803359628
0.09867467498406768
0.09833991527557373
0.0983346551656723
0.09853514796122909
0.0986934551037848
0.09880907507613301
0.09833107702434063
0.09821636509150267
0.09847263619303703
0.09862020611763
0.09857423603534698
0.0982199851423502
0.09754023794084787
0.09750236989930272
0.0987850846722722
0.09830437786877155
0.09839222021400928
0.09885242581367493
0.09803107706829906
0.09843828668817878
0.09838698618113995
0.09894319996237755
0.10026040533557534
0.10080651193857193
0.10056303720921278
0.10036212392151356
0.09995331289246678
0.10088065825402737
0.1009370880201459
0.10114105464890599
0.09989510802552104
0.09970155404880643
0.10037085879594088
0.10015470674261451
0.10032500186935067
0.09990081284195185
0.09982218965888023
0.100620920304209
0.10049156518653035
0.10037510190159082
0.09981981199234724
0.09992856625467539
0.10135320108383894
0.1000045221298933
0.10064462572336197
0.09950996609404683
0.0995245911180973
0.10034684976562858
0.09949575178325176
0.09988519595935941
0.09970669588074088
0.10006084199994802
0.1010444569401443
0.10029941471293569
0.10050960211083293
0.1006846260279417
0.1011665090918541
0.09997755894437432
0.0996284750290215
0.10024941386654973
0.09934601793065667
0.09977903589606285
0.09989976370707154
0.09966782666742802
0.10056395083665848
0.10084220534190536
0.1010067518800497
0.1006885850802064
0.10063148802146316
0.10108722420409322
0.10075548896566033
0.10054724104702473
0.10050551779568195
0.10060546780005097
0.10065164882689714
0.10058332700282335
0.0997924143448472
0.09973918972536922
0.09994798619300127
0.09978607436642051
0.10050701815634966
0.10031539015471935
0.10030812630429864
0.10085484012961388
0.10034648096188903
0.10029857978224754
0.1012785448692739
0.10124201001599431
0.10149157978594303
0.10107110813260078
0.10105021111667156
0.1008422221057117
0.10085185384377837
0.10093856835737824
0.10116844577714801
0.10138323996216059
0.10142662981525064
0.10088680498301983
0.10109174717217684
0.10089599387720227
0.10066135274246335
0.10068584559485316
0.10070318169891834
0.10073266783729196
0.10149302706122398
0.10134000610560179
0.10010929265990853
0.10039691301062703
0.10048018116503954
0.10016766702756286
0.09880372788757086
0.10032436391338706
0.10091702314093709
0.10110322991386056
0.10089660529047251
0.1012770151719451
0.10095450095832348
0.10098390281200409
0.10101305320858955
0.10154667403548956
0.10153564997017384
0.10122403223067522
0.10189546598121524
0.10118743404746056
0.10131919616833329
0.10119893541559577
0.10089672775939107
0.10036838985979557
0.1008127760142088
0.10055113676935434
0.1008451352827251
0.10035649314522743
0.10002824431285262
0.1007418530061841
0.10036889184266329
0.10015850700438023
0.10050503490492702
0.10077427700161934
0.09907085681334138
0.10240253526717424
0.10123439878225327
0.10093961795791984
0.10115545801818371
0.09995605703443289
0.09948010602965951
0.09950395580381155
0.09963352838531137
0.10008956119418144
0.09965725941583514
0.0995674398727715
0.09883762197569013
0.0997434169985354
0.09952472196891904
0.100069684907794
0.09974971506744623
0.10033591603860259
0.09977831598371267
0.09919365867972374
0.09920229576528072
0.09982166811823845
0.09922751877456903
0.0998647608794272
0.09951601177453995
0.10043629258871078
0.10098767513409257
0.09992240322753787
0.10027081379666924
0.10041599022224545
0.09988695895299315
0.09969850210472941
0.0997217739932239
0.10000442527234554
0.09964958997443318
0.0999645427800715
0.09979283018037677
0.09989095013588667
0.09948033466935158
0.09974201815202832
0.10057214088737965
0.0999353351071477
0.09955185325816274
0.0993736619129777
0.09941412508487701
0.09885269869118929
0.0996665908023715
0.09934483701363206
0.09959737909957767
0.09956266870722175
0.0998499933630228
0.10027122683823109
0.10022933781147003
0.09958399692550302
0.0995451151393354
0.09927794616669416
0.09934096084907651
0.09920182870700955
0.09996153274551034
0.09996275370940566
0.10007596760988235
0.10018891608342528
0.09969500405713916
0.09953866666182876
0.09965427406132221
0.0992648471146822
0.09948660200461745
0.09891748987138271
0.09987250389531255
0.09958608727902174
0.10112380282953382
0.10077288514003158
0.1008993461728096
0.10053421510383487
0.10045968182384968
0.10121400188654661
0.10183567786589265
0.10034784208983183
0.10019225813448429
0.10038356063887477
0.09986059693619609
0.09984710300341249
0.10045821499079466
0.10006678802892566
0.10000133886933327
0.10054560331627727
0.10131624899804592
0.10085087735205889
0.10075449012219906
0.10083202179521322
0.10060890624299645
0.10067389626055956
0.10028730472549796
0.10012873588129878
0.10082461917772889
0.10031393216922879
0.09978022519499063
0.09999009314924479
0.10025430703535676
0.09993480378761888
0.10016107279807329
0.10075749829411507
0.10088278725743294
0.1011659731157124
0.10103178536519408
0.10130902286618948
0.10161296976730227
0.1015189178287983
0.10120564186945558
0.10086073679849505
0.1015056069009006
0.10147080710157752
0.10148538602516055
0.10137049201875925
0.10133076878264546
0.10139844799414277
0.10160844307392836
0.10122079309076071
0.10085263010114431
0.10076511418446898
0.10083653312176466
0.10065034497529268
0.10124121187254786
0.10059285210445523
0.10053934017196298
0.10017741890624166
0.10029287077486515
0.10067864786833525
0.10062622185796499
0.10070017306134105
0.1005911291576922
0.10042178397998214
0.10100927529856563
0.10120314499363303
0.10145336156710982
0.10140787390992045
0.10194325121119618
0.10118551785126328
0.10130312014371157
0.10138639993965626
0.10097073717042804
0.10141114238649607
0.10134918708354235
0.1013060980476439
0.10113041801378131
0.10091004893183708
0.10060979798436165
0.10095543880015612
0.10075036529451609
0.10059962468221784
0.10057821171358228
0.10008459677919745
0.0990110021084547
0.10022823186591268
0.10043082619085908
0.10127558093518019
0.10073016304522753
0.10129223577678204
0.10125764925032854
0.10138858202844858
0.10177550418302417
0.10087798302993178
0.10129904700443149
0.10140510275959969
0.10154916299507022
0.10072237392887473
0.1014784830622375
0.10129406489431858
0.10084466589614749
0.10019799321889877
0.1012493809685111
0.10065230494365096
0.1000654068775475
0.10060024680569768
0.10010758694261312
0.09980887081474066
0.1006230772472918
0.10027668299153447
0.10096746729686856
0.10088449576869607
0.1006353572010994
0.10055782180279493
0.10190014308318496
0.1009679650887847
0.10129512008279562
0.10140868509188294
0.1010342133231461
0.10156199615448713
0.10144265880808234
0.10066892672330141
0.10120411589741707
0.10141952661797404
0.10090550314635038
0.10098065622150898
0.10176798468455672
0.10036296583712101
0.1008757809177041
0.10097225708886981
0.10043903486803174
0.09996003704145551
0.1012097168713808
0.10061686392873526
0.10010623326525092
0.10087894927710295
0.10221564909443259
0.10085910093039274
0.10078452341258526
0.10010369401425123
0.10088482778519392
0.10064126970246434
0.10080404300242662
0.10028214380145073
0.10111223999410868
0.10073895892128348
0.10133152175694704
0.10098843974992633
0.10041757300496101
0.10106651624664664
0.10094999987632036
0.10156779689714313
0.10122773516923189
0.10103634558618069
0.10101690981537104
0.10179798817262053
0.10074750473722816
0.10137291997671127
0.10165322618559003
0.10115144494920969
0.10034594731405377
0.10081800632178783
0.1007502069696784
0.10288072237744927
0.10006526065990329
0.10108942911028862
0.10057589877396822
0.10014327382668853
0.10064517380669713
0.10051590530201793
0.10032539209350944
0.10031960811465979
0.10123293800279498
0.10084981098771095
0.10112562077119946
0.10079448018223047
0.10091052809730172
0.10112285520881414
0.10068208584561944
0.1010387958958745
0.10160935809835792
0.10150348115712404
0.10108383372426033
0.10098499059677124
0.10110645508393645
0.10105521930381656
0.10042222356423736
0.10077001992613077
0.10177335515618324
0.10100664803758264
0.10130973299965262
0.10144664719700813
0.10128511488437653
0.10092645278200507
0.1007576142437756
0.10093529615551233
0.10063859494403005
0.1003587651066482
0.10041247494518757
0.1006527217105031
0.10049374774098396
0.09972095210105181
0.09993232088163495
0.10035129496827722
0.10003752587363124
0.1004284811206162
0.10084431804716587
0.10081361280754209
0.10024498403072357
0.10062873782590032
0.10126361809670925
0.10093070613220334
0.10110375192016363
0.10094939731061459
0.1007530870847404
0.1004796870984137
0.10016716131940484
0.10105817671865225
0.10045064799487591
0.10004235757514834
0.10035915719345212
0.09967997623607516
0.10044127888977528
0.10072285402566195
0.1004240857437253
0.10063797701150179
0.10016479576006532
0.10069122584536672
0.10049351025372744
0.10094739403575659
0.10099857812747359
0.10142447287216783
0.10089664021506906
0.10124964080750942
0.10128347761929035
0.10201954515650868
0.10132805304601789
0.10216797888278961
0.10071475012227893
0.1007843860425055
0.10074580693617463
0.10124576603993773
0.10101421782746911
0.10121574066579342
0.1014667390845716
0.10110868187621236
0.10203163884580135
0.10187183087691665
0.1012109499424696
0.10139833390712738
0.10112723987549543
0.10109836189076304
0.102085973136127
0.10208355402573943
0.10110644111409783
0.10189065616577864
0.10138057498261333
0.10127221327275038
0.10040890797972679
0.10068485094234347
0.10175467189401388
0.10105651989579201
0.10069357603788376
0.1007885062135756
0.10145101277157664
0.10104899387806654
0.10045770788565278
0.1010802211239934
0.10099032986909151
0.10082612838596106
0.1012229798361659
0.10112034482881427
0.10078010382130742
0.10063423868268728
0.10104266693815589
0.1008125189691782
0.1016699941828847
0.10176323121413589
0.1005664230324328
0.09981140587478876
0.10019314289093018
0.10075020417571068
0.10116852633655071
0.10047166468575597
0.10190872941166162
0.1017606440000236
0.1018745806068182
0.10189887182787061
0.10157125070691109
0.1020124708302319
0.10068265721201897
0.10166808497160673
0.10123372403904796
0.10223671980202198
0.10094190016388893
0.10187112167477608
0.10156418476253748
0.10163991618901491
0.1021088077686727
0.10089251818135381
0.10111698694527149
0.10162908490747213
0.10121396090835333
0.10071300202980638
0.10151641489937901
0.10106526128947735
0.10053360927850008
0.10095027694478631
0.10147803695872426
0.10080089513212442
0.10074422927573323
0.1008034972473979
0.10105238202959299
0.10101346671581268
0.10048833396285772
0.1001573852263391
0.10083564696833491
0.10009114304557443
0.10073345340788364
0.10051660565659404
0.10021622804924846
0.1001980067230761
0.10079591581597924
0.10094035929068923
0.10096062580123544
0.10077157523483038
0.10127745429053903
0.10104700084775686
0.1010832111351192
0.10107879899442196
0.10224699694663286
0.10123262414708734
0.10127822775393724
0.101439343765378
0.10163433291018009
0.10134647507220507
0.10143846226856112
0.10030689369887114
0.10073903668671846
0.10000418685376644
0.10015180287882686
0.1004367801360786
0.09986739093437791
0.09991199523210526
0.10017099417746067
0.10020026005804539
0.10027123522013426
0.09985542297363281
0.10059292102232575
0.101054766215384
0.10112493298947811
0.10051881894469261
0.10072530200704932
0.10079534025862813
0.10148017201572657
0.10095644881948829
0.10086597688496113
0.10041965823620558
0.10054481914266944
0.1001779418438673
0.10048292903229594
0.09974113991484046
0.1009795730933547
0.10027352394536138
0.10038109822198749
0.10028562927618623
0.10015670489519835
0.10043230699375272
0.10052122315391898
0.10081564588472247
0.10083024296909571
0.10067648719996214
0.10081184888258576
0.10115078371018171
0.10101700481027365
0.10089774429798126
0.10164220165461302
0.10061881598085165
0.10069562494754791
0.10047409264370799
0.10093757836148143
0.10042811511084437
0.10042497841641307
0.10058964509516954
0.09983492083847523
0.09975256910547614
0.1008916120044887
0.09987110504880548
0.10025314707309008
0.10004260996356606
0.10054622916504741
0.10066808899864554
0.10072179697453976
0.10144803207367659
0.10129671078175306
0.10147217381745577
0.10138495406135917
0.10097294626757503
0.10170283215120435
0.10057031409814954
0.10081291198730469
0.1012795609422028
0.10117170866578817
0.10078187705948949
0.1005266928113997
0.10106158489361405
0.10065090889111161
0.10095619084313512
0.10081428941339254
0.10033435700461268
0.10004156595095992
0.10104500968009233
0.10188136901706457
0.10243390407413244
0.1037860307842493
0.10354733699932694
0.10377337224781513
0.10484381578862667
0.1055745710618794
0.10321944579482079
0.10359117388725281
0.10275395214557648
0.10278121195733547
0.10313119692727923
0.10236697318032384
0.10276750707998872
0.10274093970656395
0.10350431594997644
0.10354704316705465
0.1033357847481966
0.10387829039245844
0.10314005613327026
0.10265816235914826
0.1036193729378283
0.1022110478952527
0.10216725198552012
0.10220223292708397
0.10219494393095374
0.10229549277573824
0.1028403420932591
0.10217696661129594
0.10236295638605952
0.10246833227574825
0.10263393027707934
0.10277842124924064
0.10266638780012727
0.10245896875858307
0.10312863299623132
0.1028974037617445
0.10257826931774616
0.10297780390828848
0.10210691578686237
0.10505079897120595
0.1032000882551074
0.10277338000014424
0.1025637867860496
0.10274141887202859
0.10243602003902197
0.10236868914216757
0.10189780592918396
0.10214891796931624
0.10227118991315365
0.10217362502589822
0.10200675204396248
0.10201064916327596
0.10223241709172726
0.10205876920372248
0.10251031443476677
0.10260488884523511
0.10296538192778826
0.10332115273922682
0.10358970426023006
0.10325957275927067
0.10304584819823503
0.10297606699168682
0.10257030511274934
0.10274870088323951
0.10285945888608694
0.10319338599219918
0.10273092426359653
0.10307563189417124
0.1024720212444663
0.10217601200565696
0.10230311192572117
0.10287447599694133
0.10227514011785388
0.10266765486449003
0.10298538999632001
0.1031408179551363
0.10382043803110719
0.10295493807643652
0.10350245796144009
0.10282201366499066
0.10247207386419177
0.10340248886495829
0.10270975669845939
0.10233466001227498
0.10242821695283055
0.10279481299221516
0.10255595808848739
0.10194499092176557
0.10244780778884888
0.10221149306744337
0.10204566083848476
0.10204977076500654
0.102227081079036
0.10251971334218979
0.10203857626765966
0.10267601069062948
0.10284821037203074
0.1032331408932805
0.10333043476566672
0.10284028993919492
0.10286128800362349
0.10284702898934484
0.10214851424098015
0.10269095189869404
0.1026602010242641
0.10208907397463918
0.10290004219859838
0.10188555670902133
0.10222445568069816
0.10302432300522923
0.10236584628000855
0.10191825963556767
0.1033452469855547
0.10228369105607271
0.10267978766933084
0.1028027473948896
0.10224641021341085
0.10216440912336111
0.10179032990708947
0.10229962505400181
0.1012760791927576
0.10169147700071335
0.10156952822580934
0.10195548506453633
0.10308017861098051
0.1020807409659028
0.10199049906805158
0.10244642291218042
0.10228647803887725
0.10216636070981622
0.10192417819052935
0.10167970275506377
0.10167370084673166
0.10186590207740664
0.10183921316638589
0.10186431929469109
0.10128881083801389
0.10221186000853777
0.1012849910184741
0.1018287967890501
0.10206201206892729
0.10158029897138476
0.10145257785916328
0.1018106541596353
0.10171182779595256
0.10153868375346065
0.10158495884388685
0.10199380898848176
0.10136683098971844
0.10191668104380369
0.10191094409674406
0.10104263108223677
0.10144108161330223
0.10148245701566339
0.10174849908798933
0.10176538908854127
0.10226891236379743
0.10196027625352144
0.10133205773308873
0.10192172508686781
0.10207022121176124
0.10148574598133564
0.10128094302490354
0.10202267207205296
0.10112269734963775
0.10166026698425412
0.1015988951548934
0.10194842424243689
0.10138841578736901
0.10123612079769373
0.10303382482379675
0.10173802776262164
0.10167588526383042
0.10144596500322223
0.10153666697442532
0.10195709578692913
0.10214692912995815
0.10107870306819677
0.1014329669997096
0.1017765118740499
0.10185458604246378
0.10219567408785224
0.10111808171495795
0.10120430495589972
0.10175721906125546
0.10162197379395366
0.10204759892076254
0.10166949080303311
0.10178986890241504
0.10205854987725616
0.10160176130011678
0.10127532994374633
0.10138451587408781
0.10231563681736588
0.10170176019892097
0.10130087239667773
0.10165056819096208
0.10186035325750709
0.10197892086580396
0.1015753080137074
0.10134050389751792
0.10151789197698236
0.10130635183304548
0.10172267677262425
0.10116970585659146
0.10200861562043428
0.10191610036417842
0.10180393978953362
0.10207847971469164
0.10174726089462638
0.10161212692037225
0.10212661605328321
0.10143681103363633
0.10141210211440921
0.10222707502543926
0.10137741733342409
0.10145829617977142
0.10157895600423217
0.10186095582321286
0.10125426668673754
0.1017681760713458
0.1012919400818646
0.1019303877837956
0.10195980966091156
0.10124390665441751
0.10139506217092276
0.10168617404997349
0.10175507562234998
0.10110044619068503
0.10201646899804473
0.10173186426982284
0.10155188804492354
0.10205962182953954
0.10122725507244468
0.10148036200553179
0.1023299228399992
0.10119750630110502
0.1012581461109221
0.10152172390371561
0.10140563594177365
0.10192856099456549
0.10158487875014544
0.10144065925851464
0.10118986060842872
0.10125500988215208
0.1012301230803132
0.10181675711646676
0.10160983819514513
0.10203268798068166
0.10178674291819334
0.10190481226891279
0.1017560651525855
0.10208768118172884
0.10236595710739493
0.10229061869904399
0.10197947593405843
0.1021524928510189
0.10205363109707832
0.10209784936159849
0.10161545174196362
0.10193289816379547
0.10185178788378835
0.10208545485511422
0.10218674084171653
0.1018642820417881
0.10135465627536178
0.10201091505587101
0.10147324111312628
0.10173249384388328
0.10202234983444214
0.1017278921790421
0.10177044430747628
0.10207050200551748
0.10194615693762898
0.10191440815106034
0.10205942811444402
0.10202935198321939
0.10172130493447185
0.10172430193051696
0.10164049826562405
0.10145455412566662
0.10185569198802114
0.10208466276526451
0.10188218764960766
0.10196106834337115
0.10153771797195077
0.10151316970586777
0.10163689078763127
0.10199422389268875
0.10180559800937772
0.10205551981925964
0.10191508894786239
0.10211057215929031
0.10187564883381128
0.10213594371452928
0.10167401004582644
0.10180195095017552
0.10178575292229652
0.10171995917335153
0.10195722989737988
0.10191237786784768
0.1015149150043726
0.10159697197377682
0.10159694915637374
0.10175138805061579
0.10162238497287035
0.10161838680505753
0.1019071051850915
0.10164342168718576
0.10186194581910968
0.10183533793315291
0.10187084134668112
0.10201811697334051
0.10213678982108831
0.10566791472956538
0.1028767810203135
0.10226207692176104
0.10194309242069721
0.10213960567489266
0.10185478487983346
0.10206295596435666
0.10178918484598398
0.10171921877190471
0.10170324519276619
0.1016432591713965
0.10157499508932233
0.10155832394957542
0.10162802413105965
0.10145364189520478
0.10184323508292437
0.10132923489436507
0.10160153592005372
0.10157747473567724
0.10223106807097793
0.10189347807317972
0.10148664889857173
0.10202294774353504
0.10199693916365504
0.10199644789099693
0.10182132991030812
0.10254751099273562
0.10224059969186783
0.10215595411136746
0.10199986677616835
0.10207647597417235
0.10227431310340762
0.10251693101599813
0.102761663030833
0.10283733485266566
0.10241893632337451
0.10232977475970984
0.10214586602523923
0.10257043829187751
0.10225446615368128
0.10179034015163779
0.10191794717684388
0.10193188488483429
0.10182240791618824
0.10224213590845466
0.10194242792204022
0.10218256991356611
0.10191002674400806
0.10201683081686497
0.10206501977518201
0.102276133839041
0.10265724314376712
0.10206523211672902
0.10206803726032376
0.10199817456305027
0.10212133871391416
0.10220041079446673
0.10206320695579052
0.1019655978307128
0.10203128214925528
0.10159232327714562
0.10198622522875667
0.10152055183425546
0.10193938203155994
0.1014996119774878
0.10200034081935883
0.10218290565535426
0.10191814415156841
0.10199869005009532
0.10254631517454982
0.10262515116482973
0.10296410601586103
0.1026430488564074
0.10304372385144234
0.10315223596990108
0.1027165949344635
0.10266688419505954
0.10239503812044859
0.10258474433794618
0.1018488728441298
0.10201537096872926
0.10194248985499144
0.10222472483292222
0.1019329079426825
0.10187457408756018
0.10221614968031645
0.10242503602057695
0.10218005580827594
0.10207884898409247
0.10179110895842314
0.10203943401575089
0.10164473904296756
0.10220517311245203
0.10203605890274048
0.10228994907811284
0.10196395590901375
0.10207270784303546
0.1023634341545403
0.1024482911452651
0.10255247820168734
0.10287636891007423
0.1022239769808948
0.1028751996345818
0.10299876797944307
0.10275141196325421
0.10275731096044183
0.10249697184190154
0.1022798647172749
0.10240954300388694
0.10312054492533207
0.10232062404975295
0.10240004397928715
0.10170922707766294
0.10249860398471355
0.10244326293468475
0.10185960168018937
0.10212236270308495
0.10211714170873165
0.1018558950163424
0.10181824304163456
0.10148178786039352
0.10241536097601056
0.10173157695680857
0.10176469199359417
0.10202849516645074
0.10215931432321668
0.10194366006180644
0.10215531196445227
0.10222352296113968
0.10213388502597809
0.10242874920368195
0.10223549976944923
0.10255096619948745
0.10234601283445954
0.10216622101143003
0.10225684382021427
0.10196559131145477
0.10218805307522416
0.10227976506575942
0.1023539169691503
0.10207707807421684
0.10228705266490579
0.10167449014261365
0.10239580366760492
0.10199465788900852
0.10229276493191719
0.10258453479036689
0.1014414201490581
0.1020896122790873
0.10207043820992112
0.10138578293845057
0.10139764891937375
0.10182471573352814
0.10212539089843631
0.10215858882293105
0.1016662772744894
0.10181366605684161
0.10208307160064578
0.10205596499145031
0.10221906611695886
0.10090666078031063
0.10179905407130718
0.10228177579119802
0.10182788269594312
0.10181009070947766
0.10248629609122872
0.10218041110783815
0.10142027772963047
0.10184429492801428
0.10210049292072654
0.10172122810035944
0.10173743218183517
0.10205061500892043
0.10143279191106558
0.10153655800968409
0.10195320099592209
0.10219288896769285
0.10196582274511456
0.10152030177414417
0.10181969311088324
0.10187204368412495
0.10175574384629726
0.10206141322851181
0.10213889088481665
0.1017177370376885
0.102547578047961
0.10248551238328218
0.10197394527494907
0.10238530114293098
0.10209997091442347
0.10218820301815867
0.10211476916447282
0.10200267098844051
0.10249441768974066
0.1025871466845274
0.102654994931072
0.10264487378299236
0.1023323847912252
0.102300098631531
0.10223842971026897
0.10241544805467129
0.10224957903847098
0.10235569439828396
0.10214553587138653
0.10207298211753368
0.10227006301283836
0.10236684791743755
0.10159261478111148
0.10167323285713792
0.10260699270293117
0.10220683924853802
0.1025165831670165
0.10198923200368881
0.10215526912361383
0.10178666608408093
0.10245663719251752
0.10177599405869842
0.10181267093867064
0.10197156621143222
0.10210384894162416
0.10158701986074448
0.10142577905207872
0.1017890009097755
0.10123549029231071
0.1019319100305438
0.10203372966498137
0.10193563718348742
0.10178779810667038
0.10196545533835888
0.10225180210545659
0.10245963325724006
0.10249894391745329
0.10218456340953708
0.10262717120349407
0.10268850764259696
0.10264347027987242
0.10286808805540204
0.10281978501006961
0.10226725041866302
0.10244498774409294
0.10266027599573135
0.10251316102221608
0.10239108605310321
0.10204438213258982
0.1021354990079999
0.1019715191796422
0.10203808033838868
0.10209860187023878
0.10230117198079824
0.10267278226092458
0.10213469201698899
0.10216042958199978
0.10154174081981182
0.1020436123944819
0.10175898391753435
0.10175528889521956
0.10187354730442166
0.10187888192012906
0.10238108783960342
0.10219825804233551
0.10207856819033623
0.10244104824960232
0.10193341923877597
0.10172341484576464
0.1019843709655106
0.1016257107257843
0.10226879920810461
0.10332824010401964
0.10175800509750843
0.10230196826159954
0.10231787012889981
0.10236835805699229
0.10492954263463616
0.1041737743653357
0.10352807212620974
0.10342769231647253
0.10406066011637449
0.10434831911697984
0.10448522306978703
0.1042826808989048
0.10364733962342143
0.10438842233270407
0.10392507631331682
0.10366869485005736
0.10466634389013052
0.10283210640773177
0.10336067620664835
0.10404727282002568
0.10307642398402095
0.10491151222959161
0.10467529017478228
0.10346644092351198
0.10344850970432162
0.10425432212650776
0.10311998799443245
0.10287858219817281
0.10309831099584699
0.10292522935196757
0.103489575907588
0.10343010677024722
0.10340626211836934
0.10427968483418226
0.10311392694711685
0.10308145172894001
0.10266601899638772
0.10257391212508082
0.10238723689690232
0.10276318388059735
0.10270306281745434
0.1023847428150475
0.10278199007734656
0.10362397413700819
0.10401042131707072
0.10343549074605107
0.10340374615043402
0.10340324183925986
0.10247299494221807
0.10251941904425621
0.10261659231036901
0.1021631290204823
0.10252139996737242
0.1025827070698142
0.10261220205575228
0.10290036490187049
0.1035785167478025
0.10284805297851562
0.10316256294026971
0.10364557197317481
0.10455763293430209
0.10309287486597896
0.10267887683585286
0.1027387953363359
0.10318951215595007
0.10267120832577348
0.10228567896410823
0.1024949480779469
0.10279000690206885
0.10192542523145676
0.10212830314412713
0.10264985077083111
0.10263893287628889
0.1028782231733203
0.10259266290813684
0.10316938534379005
0.10270829638466239
0.10334393614903092
0.1030553369782865
0.10326831927523017
0.10247956356033683
0.10242990776896477
0.1024562967941165
0.10197689291089773
0.10259365197271109
0.10276411520317197
0.10251836897805333
0.1024797996506095
0.10188028775155544
0.10240496695041656
0.10270308004692197
0.10304101509973407
0.10273209679871798
0.10288072284311056
0.10290140099823475
0.1035038628615439
0.1028517666272819
0.10283435694873333
0.10372420307248831
0.10292191430926323
0.10249306401237845
0.1028927699662745
0.10312559176236391
0.10285250097513199
0.10238047083839774
0.10282263671979308
0.10242432216182351
0.10308584803715348
0.10541940201073885
0.10405818093568087
0.10378255695104599
0.10335747990757227
0.10227522812783718
0.10243303095921874
0.10294257709756494
0.10325799370184541
0.10249561816453934
0.1020197020843625
0.10175922466441989
0.1014743228442967
0.10172811802476645
0.10140225663781166
0.10123150004073977
0.10131312627345324
0.10112039465457201
0.1012294259853661
0.1015104129910469
0.10140107804909348
0.1014031358063221
0.1017301487736404
0.10161071689799428
0.10160136502236128
0.10170396324247122
0.10235406598076224
0.10198307316750288
0.1016182447783649
0.1017934181727469
0.10169006418436766
0.10177335795015097
0.10173042584210634
0.10192895773798227
0.101808562874794
0.10207290109246969
0.1016885619610548
0.10185036808252335
0.10175000177696347
0.10158715164288878
0.10162294702604413
0.10154896974563599
0.1015180479735136
0.1014378247782588
0.10208371933549643
0.10160598671063781
0.1061046957038343
0.10084810107946396
0.10119144199416041
0.10121881263330579
0.10158399026840925
0.10104244016110897
0.10117148095741868
0.10133668314665556
0.10117115825414658
0.1014157747849822
0.10147884581238031
0.10140222404152155
0.10142357973381877
0.10188187984749675
0.10156148765236139
0.10138687305152416
0.10134347435086966
0.10157847870141268
0.10186438634991646
0.10201532626524568
0.1012638476677239
0.1014915220439434
0.10145729035139084
0.1016582059673965
0.10206951713189483
0.10167869692668319
0.10178401600569487
0.10197681607678533
0.10192281799390912
0.10164808575063944
0.10214352887123823
0.10148651013150811
0.1016715420410037
0.10136595135554671
0.10167693113908172
0.10195735795423388
0.10200464678928256
0.1022810940630734
0.10255607170984149
0.10151739791035652
0.10203510336577892
0.10191081278026104
0.1015432826243341
0.10113945603370667
0.10170113435015082
0.10157716181129217
0.10208834614604712
0.10203436063602567
0.10227498598396778
0.10222180187702179
0.10181538108736277
0.1015133042819798
0.10219689458608627
0.10147832194343209
0.10114774387329817
0.10156694101169705
0.10164221888408065
0.10208788607269526
0.1019611801020801
0.10279492475092411
0.1021812460385263
0.10156819690018892
0.10201307199895382
0.10152511112391949
0.10183982504531741
0.10187727306038141
0.1011740630492568
0.10219419421628118
0.10212862305343151
0.10158487409353256
0.10180316399782896
0.10125795798376203
0.10156608885154128
0.10178611893206835
0.1011125398799777
0.10122627997770905
0.10193911287933588
0.10105031542479992
0.10213252110406756
0.10127758886665106
0.10136572504416108
0.1016152361407876
0.10135487094521523
0.10188408195972443
0.10146994795650244
0.10209998674690723
0.10126688098534942
0.10238459194079041
0.10120040597394109
0.10123386234045029
0.10169389890506864
0.10164783895015717
0.10173564217984676
0.10187331913039088
0.1010990678332746
0.10170246567577124
0.10157724004238844
0.10188893182203174
0.10189771978184581
0.10215592104941607
0.10187559900805354
0.10152573883533478
0.10186567390337586
0.10157837020233274
0.10168432770296931
0.10152905806899071
0.10125682502985
0.10170203261077404
0.10126997670158744
0.10178272519260645
0.1013748487457633
0.10207487596198916
0.10141226975247264
0.10196019010618329
0.10118769714608788
0.10133345611393452
0.10167813487350941
0.10169470496475697
0.10193918412551284
0.10089562507346272
0.10132187884300947
0.10132936015725136
0.10164754278957844
0.10156764602288604
0.10109617467969656
0.10132942721247673
0.10170948319137096
0.10157439904287457
0.1019813739694655
0.1018264782615006
0.10165775893256068
0.10171317402273417
0.10199077101424336
0.10119446879252791
0.10180064663290977
0.1019801301881671
0.10209203604608774
0.10144984209910035
0.10161827132105827
0.10141076892614365
0.10137382475659251
0.10186417028307915
0.10139176901429892
0.10152337327599525
0.10179050639271736
0.10138068301603198
0.10203731013461947
0.10178225813433528
0.1024068109691143
0.1028567967005074
0.10269817803055048
0.10261152358725667
0.10206539090722799
0.10165020311251283
0.10189582267776132
0.10231499513611197
0.10234449990093708
0.10246391873806715
0.10189271392300725
0.10159905580803752
0.10176487127318978
0.10210826992988586
0.10197888407856226
0.10229236586019397
0.10191066469997168
0.1020774357020855
0.1019807169213891
0.10169751010835171
0.10239649191498756
0.10132783185690641
0.10103334207087755
0.1015724940225482
0.10197282582521439
0.10142737999558449
0.10195791907608509
0.10183038609102368
0.102717952337116
0.10128309205174446
0.1017388990148902
0.10178841091692448
0.10245755407959223
0.10226475680246949
0.1020062486641109
0.10188112081959844
0.1020881300792098
0.10246738186106086
0.10219131596386433
0.10211607115343213
0.10276214312762022
0.10246271174401045
0.10249138902872801
0.10248341877013445
0.10272400081157684
0.10253051901236176
0.10261503886431456
0.10221759974956512
0.10271932277828455
0.10199711890891194
0.10199825558811426
0.1022641770541668
0.10205944627523422
0.10179782193154097
0.10220603086054325
0.10186432162299752
0.10185514530166984
0.10237604519352317
0.10220308369025588
0.10228442214429379
0.10189700033515692
0.1019505700096488
0.10276482813060284
0.10223272396251559
0.10180387971922755
0.10167874582111835
0.10203718207776546
0.10219820309430361
0.1019647940993309
0.10190874990075827
0.10183012811467052
0.1018373821862042
0.1019615582190454
0.10212538484483957
0.10166297387331724
0.10169890755787492
0.10195674700662494
0.10240301303565502
0.10246760724112391
0.10226256586611271
0.1020865929313004
0.10211062105372548
0.10224814200773835
0.10197719000279903
0.10285017127171159
0.10257161781191826
0.10267880465835333
0.1027099248021841
0.10248187929391861
0.10255788592621684
0.10261501278728247
0.10240994300693274
0.10278493026271462
0.10197605285793543
0.10198799287900329
0.10204433696344495
0.10257400711998343
0.1017368771135807
0.10232673212885857
0.1019767401739955
0.10238251695409417
0.10227721696719527
0.10200373409315944
0.10261561814695597
0.10199964232742786
0.1019016900099814
0.10285543696954846
0.10243027284741402
0.10271620191633701
0.10265887435525656
0.1027399180456996
0.10277831507846713
0.1030258871614933
0.10259278304874897
0.10328344628214836
0.10408547101542354
0.10369178606197238
0.10306123038753867
0.10301043093204498
0.10270470101386309
0.10274149104952812
0.1029688436537981
0.10264324303716421
0.10275976778939366
0.10230139596387744
0.1025522486306727
0.10236256709322333
0.10298453504219651
0.10312658408656716
0.1031145490705967
0.10303244227543473
0.10364333400502801
0.10372109012678266
0.10361128579825163
0.10321690421551466
0.10295447800308466
0.1030937940813601
0.10307850502431393
0.10303665790706873
0.10277495114132762
0.10258141020312905
0.1027467530220747
0.10295659769326448
0.10330903204157948
0.10383748915046453
0.10402372013777494
0.10370403295382857
0.10329296765848994
0.10310587473213673
0.10291205393150449
0.10309488326311111
0.1030724048614502
0.10271740704774857
0.10290967300534248
0.10346044506877661
0.10381793510168791
0.1040497450158
0.103977061342448
0.10368390288203955
0.10294634522870183
0.10293305292725563
0.10323854302987456
0.10309478780254722
0.10263948002830148
0.10300679272040725
0.10271600121632218
0.10283261863514781
0.1033357298001647
0.10362655436620116
0.10407608607783914
0.10366238001734018
0.10327471094205976
0.10267957393079996
0.10325483838096261
0.1031645149923861
0.10259255627170205
0.10294983070343733
0.10302952490746975
0.10320481797680259
0.10310849407687783
0.10336551489308476
0.10359859419986606
0.10377746308222413
0.10339387832209468
0.10350510012358427
0.10328503511846066
0.10314186802133918
0.10312073398381472
0.1026492603123188
0.10309026390314102
0.10339066898450255
0.10312189208343625
0.1030873330309987
0.10365552688017488
0.10362441325560212
0.1026469087228179
0.10364201199263334
0.10327701410278678
0.1021244521252811
0.1027848869562149
0.10263200523331761
0.1028042808175087
0.10281086387112737
0.10257141478359699
0.10304692899808288
0.1027562590315938
0.10248444927856326
0.1027940702624619
0.10373978596180677
0.10295314388349652
0.1035075462423265
0.10356775298714638
0.10324455704540014
0.10262469202280045
0.10295663587749004
0.10330214165151119
0.10290031926706433
0.1021149018779397
0.10196141665801406
0.10279598878696561
0.10269338404759765
0.10253177676349878
0.10256601218134165
0.10350412130355835
0.10293853702023625
0.1030688788741827
0.10267098899930716
0.10297219641506672
0.10274150827899575
0.10252497158944607
0.10295989410951734
0.1023206957615912
0.10295886173844337
0.10238432697951794
0.10201078373938799
0.10275611188262701
0.10260949796065688
0.10239095566794276
0.10196174494922161
0.10235672211274505
0.10271552577614784
0.10334855830296874
0.10315105877816677
0.10302860289812088
0.10335283307358623
0.10363050596788526
0.10321050509810448
0.10283294226974249
0.10526581294834614
0.10283781075850129
0.10202905675396323
0.10302770137786865
0.10272782994434237
0.1025606282055378
0.10252638719975948
0.10282078897580504
0.10293496865779161
0.10326162911951542
0.10342698404565454
0.10336775425821543
0.10292760282754898
0.10235543176531792
0.10292640421539545
0.1027867728844285
0.10284319194033742
0.1026995680294931
0.10221578320488334
0.10267820069566369
0.10248015401884913
0.10286275902763009
0.10221851570531726
0.10335905384272337
0.10324762389063835
0.10320037789642811
0.1033443110063672
0.1033049589022994
0.10278068482875824
0.10272805904969573
0.10269305016845465
0.10300487093627453
0.10294221481308341
0.10233043786138296
0.10309468489140272
0.10214127972722054
0.10219019092619419
0.10285636316984892
0.10229883017018437
0.10286498395726085
0.10340486466884613
0.10543354507535696
0.1053794207982719
0.10454779304563999
0.1045622662641108
0.10387695301324129
0.10439255880191922
0.10927875619381666
0.10461064428091049
0.1060107103548944
0.10450962278991938
0.10364880692213774
0.10445529501885176
0.10499968798831105
0.10469781374558806
0.10406913887709379
0.10427105706185102
0.10371135268360376
0.10470538400113583
0.10397775983437896
0.10437160218134522
0.10439887410029769
0.10395342810079455
0.1033045039512217
0.10357946902513504
0.10437647020444274
0.10370728187263012
0.10331543488427997
0.1037513711489737
0.10562417702749372
0.10439653368666768
0.10358585277572274
0.1037011407315731
0.10375921428203583
0.10338891902938485
0.10368172591552138
0.10377832408994436
0.10426310310140252
0.10494140116497874
0.10420754877850413
0.1040040566585958
0.1045166770927608
0.10355048021301627
0.10370420198887587
0.10348585713654757
0.10363162541761994
0.10454646591097116
0.10431033233180642
0.10378631856292486
0.10334761813282967
0.1039160331711173
0.10394623829051852
0.10350631084293127
0.10374496784061193
0.10389615828171372
0.1049531321041286
0.10449805296957493
0.1038891919888556
0.1040289276279509
0.10369577305391431
0.10372241819277406
0.10398535756394267
0.10378529038280249
0.10489004477858543
0.1047678729519248
0.10379454586654902
0.10342474421486259
0.10387917794287205
0.10387131292372942
0.10382976103574038
0.10389156080782413
0.10431583598256111
0.1043295580893755
0.10453975386917591
0.10322405211627483
0.10349847469478846
0.10304701514542103
0.10269300593063235
0.10328401857987046
0.10364009393379092
0.10347678000107408
0.1037626569159329
0.10365325678139925
0.10358943417668343
0.10303748724982142
0.10291742905974388
0.1029843152500689
0.1034285081550479
0.10338339162990451
0.10287588788196445
0.1032749661244452
0.10303689306601882
0.10385161079466343
0.10439182724803686
0.10370034910738468
0.10304028494283557
0.10340666305273771
0.10316727589815855
0.10334809077903628
0.10315673891454935
0.10259146196767688
0.10359994415193796
0.10396997397765517
0.10347298486158252
0.1035774340853095
0.1035324539989233
0.10371429799124599
0.10317967878654599
0.10366934817284346
0.103829441126436
0.10335835162550211
0.102997703012079
0.10365577740594745
0.10415828181430697
0.10387463681399822
0.10255380067974329
0.10269824368879199
0.1028084009885788
0.1027190969325602
0.1021827720105648
0.10241871932521462
0.10228439420461655
0.10211498523131013
0.10226765088737011
0.10223003290593624
0.10243412666022778
0.1025088201276958
0.10248274076730013
0.10258424002677202
0.10232446575537324
0.10177033999934793
0.10238138400018215
0.10255176993086934
0.10211824160069227
0.10225372575223446
0.10226471489295363
0.10219684895128012
0.10210952116176486
0.10286739515140653
0.1022303500212729
0.10287735424935818
0.10271084913983941
0.10280892718583345
0.10272825974971056
0.10270174965262413
0.10233554104343057
0.10222559422254562
0.10291510121896863
0.10262058768421412
0.10224887263029814
0.10215306282043457
0.10209043370559812
0.10227243369445205
0.10225534997880459
0.10195743292570114
0.10205128183588386
0.10210918728262186
0.10306617990136147
0.10312109999358654
0.10287728905677795
0.1030124630779028
0.10290094697847962
0.10272422898560762
0.10314910300076008
0.10301353316754103
0.10255525913089514
0.10276736412197351
0.10251253331080079
0.1025801319628954
0.10222431691363454
0.10289165889844298
0.10242711007595062
0.10231744591146708
0.10223169717937708
0.10195347154513001
0.10164055228233337
0.10214714985340834
0.10216714581474662
0.10241242218762636
0.10255041718482971
0.10239479318261147
0.10238598100841045
0.10264681372791529
0.10291401296854019
0.10317732999101281
0.10278406413272023
0.10273612104356289
0.1029111840762198
0.10263587767258286
0.10217867977917194
0.102828583214432
0.10186852794140577
0.10262920800596476
0.10214211605489254
0.10211854381486773
0.10186558868736029
0.10221956809982657
0.10195809416472912
0.10199406323954463
0.10191460605710745
0.10198290972039104
0.1018713042140007
0.10252559883520007
0.10233338316902518
0.10233641834929585
0.10232711676508188
0.10224289866164327
0.10240821726620197
0.10239231772720814
0.10269704693928361
0.10289270896464586
0.10326565988361835
0.10257102129980922
0.10278487810865045
0.10239485511556268
0.10244618216529489
0.10225821193307638
0.10217691492289305
0.10278238309547305
0.10238538170233369
0.1024771947413683
0.10216086031869054
0.1023208238184452
0.10210939915850759
0.10241441195830703
0.10213673114776611
0.10202910704538226
0.10177449230104685
0.10198363335803151
0.10240353085100651
0.10234945686534047
0.10240042256191373
0.1020418950356543
0.10225131688639522
0.10243953997269273
0.1029330613091588
0.10265116021037102
0.10315702389925718
0.10297404183074832
0.10275486623868346
0.10286220302805305
0.10249326284974813
0.10241716122254729
0.10252307588234544
0.10290701314806938
0.10250019794330001
0.10252466378733516
0.10256396699696779
0.10239580599591136
0.10199915524572134
0.10222012596204877
0.10172047093510628
0.10197973111644387
0.10245445789769292
0.10262291738763452
0.10236470215022564
0.10263530490919948
0.10256208200007677
0.10238653793931007
0.10262785386294127
0.1028109141625464
0.10251898504793644
0.1027747169137001
0.10264661209657788
0.10256428876891732
0.10293669439852238
0.10260945791378617
0.10247883200645447
0.1023245551623404
0.10228481702506542
0.1023824424482882
0.10240944102406502
0.10190915316343307
0.10234374366700649
0.10246326494961977
0.10220660734921694
0.1020481619052589
0.10210362682119012
0.10240304516628385
0.10109886107966304
0.10103726107627153
0.10114661604166031
0.100907351821661
0.10128160426393151
0.10131062101572752
0.10138356406241655
0.10127849085256457
0.10169661697000265
0.10140348318964243
0.10135503625497222
0.10146770905703306
0.10139238694682717
0.10151068912819028
0.10145973926410079
0.10146567691117525
0.10159018822014332
0.10175394266843796
0.10155432811006904
0.10141611099243164
0.10138747422024608
0.1017886521294713
0.10168251162394881
0.10161566082388163
0.10173134738579392
0.10140486899763346
0.10184141295030713
0.10161534836515784
0.10155799984931946
0.10134472418576479
0.10197437228634953
0.10182934813201427
0.10158593580126762
0.10144837107509375
0.10180496284738183
0.10185452084988356
0.1017826390452683
0.10242197010666132
0.10137965297326446
0.10204980336129665
0.10190055193379521
0.10158845782279968
0.10171471443027258
0.10185291292145848
0.10159033723175526
0.10161431692540646
0.10197646403685212
0.10191728314384818
0.10145182628184557
0.10183540917932987
0.10209705401211977
0.10212092380970716
0.10165847977623343
0.10179988294839859
0.10169340390712023
0.10136647988110781
0.10242065507918596
0.10150148719549179
0.10128830093890429
0.10122920293360949
0.10190644022077322
0.10180832771584392
0.10128549998626113
0.10080432100221515
0.10093449475243688
0.10124868107959628
0.10119081800803542
0.10153531096875668
0.1013784259557724
0.10121214482933283
0.10146688716486096
0.10105357598513365
0.1010141666047275
0.10142070101574063
0.10149257490411401
0.10126130701974034
0.10127134993672371
0.10108656203374267
0.10144426906481385
0.10149054555222392
0.10193509422242641
0.10123345628380775
0.10135637503117323
0.10189268831163645
0.10229125991463661
0.10135257104411721
0.1017096540890634
0.10165324434638023
0.1016105841845274
0.10099550662562251
0.10146488389000297
0.10199894476681948
0.10160807706415653
0.10145076271146536
0.10172948194667697
0.10174909792840481
0.10209590615704656
0.10186064895242453
0.10186383873224258
0.1014241031371057
0.10112202912569046
0.10148413386195898
0.10184776689857244
0.10168824624270201
0.10118202771991491
0.10153055423870683
0.10168535821139812
0.10141251888126135
0.10153627395629883
0.10165493143722415
0.10122799500823021
0.10181103507056832
0.1017271401360631
0.10165356332436204
0.10158112365752459
0.10228899214416742
0.10162959713488817
0.10160846309736371
0.10160751920193434
0.10135607421398163
0.1018370809033513
0.10186812188476324
0.10137639986351132
0.10134450579062104
0.10135551588609815
0.10155869694426656
0.10176037903875113
0.10147699620574713
0.10175137408077717
0.10169434500858188
0.10148611199110746
0.10143007896840572
0.10178436292335391
0.1020293771289289
0.10213777609169483
0.10220877500250936
0.10173144284635782
0.1021348643116653
0.10219273064285517
0.10120732709765434
0.10166289983317256
0.10209383396431804
0.10213304543867707
0.10167820425704122
0.10204367386177182
0.10151295782998204
0.10167439794167876
0.10128360986709595
0.10122290160506964
0.10129188979044557
0.10177194187417626
0.10229721292853355
0.10188218066468835
0.10142147820442915
0.10241237189620733
0.10211503133177757
0.1017414228990674
0.10206862073391676
0.10188161674886942
0.10136103304103017
0.10212199529632926
0.10102163115516305
0.10231214202940464
0.10171937802806497
0.10154005605727434
0.10103728994727135
0.10176736582070589
0.1020511370152235
0.10176286101341248
0.1016013128682971
0.10177767695859075
0.10138491401448846
0.10202735895290971
0.10161759192124009
0.10173135809600353
0.10171937011182308
0.101441556122154
0.10196402808651328
0.10148918675258756
0.10142211196944118
0.1018209271132946
0.10139582864940166
0.10198944481089711
0.10149168875068426
0.10126076499000192
0.10184956574812531
0.10182469198480248
0.10144864022731781
0.10134058305993676
0.10114710964262486
0.1015421231277287
0.10192738100886345
0.10190534917637706
0.10138342808932066
0.10152293276041746
0.10160301299765706
0.10148395132273436
0.10143900103867054
0.10124148521572351
0.10127823380753398
0.10096736904233694
0.10164596792310476
0.10131344012916088
0.10164531506597996
0.101392462849617
0.10133891925215721
0.10111969383433461
0.1005987199023366
0.10065745702013373
0.10072178998962045
0.10071186302229762
0.10074205975979567
0.10061086621135473
0.10071720229461789
0.10040783509612083
0.10050672991201282
0.10050222370773554
0.10100547084584832
0.10064525622874498
0.1009040093049407
0.1008080211468041
0.10085099004209042
0.10102642700076103
0.10097226779907942
0.10134494490921497
0.1012069690041244
0.10132955200970173
0.10145273897796869
0.10133142909035087
0.10162575263530016
0.10170468594878912
0.1012630476616323
0.10141139989718795
0.10147281317040324
0.10190178593620658
0.10156056890264153
0.10159707628190517
0.10148107726126909
0.10128489788621664
0.10135131003335118
0.10145988827571273
0.1016912367194891
0.1012974726036191
0.10152103286236525
0.10142426937818527
0.10144244180992246
0.10121412388980389
0.10129476804286242
0.10119097400456667
0.10090970294550061
0.10059615131467581
0.10134134301915765
0.10070509789511561
0.10068375989794731
0.1005257903598249
0.10085924481973052
0.10066963080316782
0.1007806658744812
0.10014806501567364
0.10063055483624339
0.10063647292554379
0.10088468715548515
0.10099445376545191
0.10078806802630424
0.1009255088865757
0.1009229370392859
0.1013200031593442
0.10155434999614954
0.1011664429679513
0.10191387915983796
0.10209490219131112
0.10111983679234982
0.10128337098285556
0.1012787907384336
0.1012707487680018
0.1016717771999538
0.1011643591336906
0.10168809909373522
0.10104678897187114
0.10158803593367338
0.10173789225518703
0.10137924505397677
0.10155690182000399
0.10189641499891877
0.1018337938003242
0.1018297029659152
0.10152064310386777
0.10150666022673249
0.10160037130117416
0.10136669920757413
0.10210429271683097
0.10171489883214235
0.10207682708278298
0.10202732402831316
0.10139042884111404
0.10157175688073039
0.10158121306449175
0.10151952877640724
0.10174044501036406
0.10177117306739092
0.10130820702761412
0.10205547185614705
0.10132929077371955
0.10229776473715901
0.10185071500018239
0.1017113053239882
0.10173882124945521
0.10161594627425075
0.10236336896196008
0.10366542404517531
0.10315310209989548
0.10262055695056915
0.10282784420996904
0.10249477904289961
0.10225450014695525
0.10293659521266818
0.1030198191292584
0.10196848725900054
0.10266246180981398
0.10204379633069038
0.10306587815284729
0.10281326295807958
0.10341757023707032
0.10291391238570213
0.10268625989556313
0.10274913301691413
0.10293593164533377
0.1026120069436729
0.10209735808894038
0.10205127485096455
0.10286031384021044
0.10178805887699127
0.10226529976353049
0.10249243304133415
0.10162729024887085
0.10169981885701418
0.10157392080873251
0.10155381402000785
0.10209504887461662
0.10187161015346646
0.10181751195341349
0.1018227650783956
0.10200630687177181
0.10159197496250272
0.10205382434651256
0.10261751106008887
0.10195350693538785
0.10162981692701578
0.10163308912888169
0.10151650104671717
0.10154702700674534
0.10142390476539731
0.10195689788088202
0.10167531715705991
0.10212994087487459
0.10126240318641067
0.10207971511408687
0.10161155182868242
0.10174273885786533
0.10193793522194028
0.10216476209461689
0.1018254617229104
0.10236204694956541
0.10226924763992429
0.10179684683680534
0.10211502388119698
0.10277871927246451
0.1021922710351646
0.10257891891524196
0.10263625206425786
0.10280145984143019
0.10318598710000515
0.10232125176116824
0.10229479102417827
0.10244850302115083
0.10215284582227468
0.10229904390871525
0.10197023022919893
0.10234694322571158
0.10174241196364164
0.10187954502180219
0.10187443904578686
0.10204262984916568
0.10194527171552181
0.10238763969391584
0.10205188719555736
0.10212256899103522
0.10150609305128455
0.10242407722398639
0.10189946601167321
0.1017700252123177
0.10142620000988245
0.10156176006421447
0.10217474587261677
0.10188390500843525
0.1020347299054265
0.10177530627697706
0.10147440526634455
0.10164137883111835
0.10224269004538655
0.1022776709869504
0.10176004888489842
0.10196367185562849
0.10210343729704618
0.10264495015144348
0.10140630602836609
0.1011313796043396
0.10213027661666274
0.10162315610796213
0.1021727747283876
0.10216125706210732
0.10220409370958805
0.10239905398339033
0.10265671508386731
0.10183783434331417
0.10285146813839674
0.10313059017062187
0.10263240104541183
0.10303303319960833
0.1024281089194119
0.10234627407044172
0.10314861498773098
0.10208351630717516
0.10243349708616734
0.1024070493876934
0.10283998772501945
0.10148205002769828
0.10242534568533301
0.10208983300253749
0.1012830981053412
0.10124934697523713
0.10049282712861896
0.10089430492371321
0.10091107292100787
0.10134097188711166
0.10069521190598607
0.10120623698458076
0.10196941206231713
0.10217344807460904
0.10153804812580347
0.1014089360833168
0.10166060784831643
0.10101501317694783
0.10145222907885909
0.10129127698019147
0.10125506529584527
0.10122683178633451
0.10131485480815172
0.10133103793486953
0.10095169022679329
0.10130418092012405
0.10126360226422548
0.1010600789450109
0.10098420409485698
0.10104048112407327
0.10111524490639567
0.10091987997293472
0.10077848471701145
0.1006491482257843
0.10057429876178503
0.10046053119003773
0.10017365170642734
0.10039168270304799
0.10098694823682308
0.10014446824789047
0.10095375403761864
0.1002013017423451
0.10086348885670304
0.10081403283402324
0.10063072387129068
0.1013426543213427
0.10103761311620474
0.10124832903966308
0.10051864571869373
0.10140631906688213
0.10140054626390338
0.10060170479118824
0.10147234005853534
0.10062070190906525
0.10055234329774976
0.10072403214871883
0.10053537599742413
0.10052170418202877
0.10058170696720481
0.10048414813354611
0.10023851413279772
0.1002963981591165
0.10057168174535036
0.10043382598087192
0.10037973988801241
0.10037936177104712
0.10062860092148185
0.10097519820556045
0.10100056137889624
0.10110284481197596
0.10098163178190589
0.10199821600690484
0.10158692626282573
0.10113179823383689
0.10059572802856565
0.10226611606776714
0.10212934296578169
0.10137888416647911
0.10190046206116676
0.10163009306415915
0.1014557951129973
0.10138095682486892
0.1017831270582974
0.10159916197881103
0.1018121368251741
0.10187904629856348
0.10159142501652241
0.10167353926226497
0.1017400729469955
0.10136089427396655
0.10111493431031704
0.10179433412849903
0.10168391512706876
0.10176758700981736
0.10171633213758469
0.10148411663249135
0.10128599219024181
0.10184713825583458
0.10060537001118064
0.10156786488369107
0.10110344691202044
0.10099646728485823
0.1016169460490346
0.10116249788552523
0.10130094084888697
0.10139334900304675
0.10104205505922437
0.10062346095219254
0.1009167730808258
0.10062748705968261
0.10092052398249507
0.10105410916730762
0.10037319362163544
0.10041751200333238
0.10040522692725062
0.10052704298868775
0.1003304529003799
0.10047579137608409
0.10026406636461616
0.10083016892895103
0.10052095213904977
0.10093767382204533
0.1005347240716219
0.10088707925751805
0.10142662795260549
0.1012378572486341
0.10105256689712405
0.1011557150632143
0.10112831275910139
0.10135064274072647
0.10145378531888127
0.10139256017282605
0.10133781982585788
0.10119400592520833
0.10108994133770466
0.10093246214091778
0.10028855223208666
0.10051570227369666
0.1005297009833157
0.1006587091833353
0.10057092877104878
0.10076652467250824
0.10038846638053656
0.10009830538183451
0.10068576131016016
0.10172521974891424
0.1001406111754477
0.10030177980661392
0.10072637628763914
0.1004531909711659
0.1010396322235465
0.10182057786732912
0.10086055006831884
0.10067259520292282
0.10094803804531693
0.10135279409587383
0.10149196721613407
0.10161911277100444
0.10149914491921663
0.10104162665084004
0.10159109300002456
0.10127363819628954
0.1004567900672555
0.10151695506647229
0.10106360213831067
0.10054498026147485
0.10150435194373131
0.10088795982301235
0.10086608305573463
0.10039025312289596
0.10169604094699025
0.10224805399775505
0.10176622774451971
0.10147823672741652
0.10128602385520935
0.10159869911149144
0.10182489594444633
0.10092132305726409
0.10108478274196386
0.10149640822783113
0.10142493108287454
0.10129781113937497
0.10156382387503982
0.10170559398829937
0.10157920001074672
0.10121135413646698
0.10153819806873798
0.10173624008893967
0.10167709086090326
0.10038241418078542
0.10104124806821346
0.10099883703514934
0.10090039717033505
0.10103158885613084
0.10123037826269865
0.10147692309692502
0.10102820815518498
0.10067659104242921
0.10104259196668863
0.10039821080863476
0.10040191188454628
0.10059937695041299
0.1005026469938457
0.10092792799696326
0.10109312599524856
0.10103607317432761
0.10095661459490657
0.10053603909909725
0.10105377808213234
0.10134473396465182
0.10103912511840463
0.1008475199341774
0.10111279878765345
0.10106016090139747
0.10113643668591976
0.10143640032038093
0.10148335201665759
0.10061882389709353
0.10089450469240546
0.10080180689692497
0.10086341854184866
0.1006363476626575
0.10062385303899646
0.10102380672469735
0.10100911883637309
0.10071227792650461
0.1001019743271172
0.10034128092229366
0.10019044997170568
0.10072303982451558
0.10056944005191326
0.10054487781599164
0.10005008475854993
0.10039186710491776
0.1008856357075274
0.10028947191312909
0.10168997338041663
0.10109083401039243
0.10090633388608694
0.10134389903396368
0.10155682917684317
0.10122375283390284
0.10152586223557591
0.10119751840829849
0.10079404199495912
0.10069540562108159
0.10122345807030797
0.10086455289274454
0.10097233206033707
0.1006292118690908
0.10068344185128808
0.10037381714209914
0.1011497569270432
0.10047460068017244
0.10016201110556722
0.09973903000354767
0.09993817890062928
0.10017825243994594
0.10050400532782078
0.09971463028341532
0.10105819487944245
0.10078230686485767
0.1012672409415245
0.1012357110157609
0.10099810734391212
0.1004722872748971
0.10110455099493265
0.10078405169770122
0.1006303378380835
0.10030355723574758
0.10095737501978874
0.10084221791476011
0.10042793722823262
0.10058815404772758
0.10028705978766084
0.0997684970498085
0.1016799290664494
0.10012185433879495
0.1004210039973259
0.1006309692747891
0.10089538712054491
0.10130844078958035
0.10101831704378128
0.10139386495575309
0.10095046181231737
0.10117028001695871
0.10099352290853858
0.10122945718467236
0.10096522001549602
0.10120500531047583
0.10080036101862788
0.10144027275964618
0.10172649985179305
0.10156733216717839
0.1016543828882277
0.10129261761903763
0.10107899596914649
0.10133532900363207
0.10071230866014957
0.1009688088670373
0.10088586481288075
0.10041439672932029
0.10048336675390601
0.10013817809522152
0.10052607301622629
0.10047459788620472
0.10059717576950788
0.10099911270663142
0.10061943903565407
0.10105756903067231
0.100883892737329
0.10109042003750801
0.10092861019074917
0.10124009009450674
0.10107884276658297
0.10137291625142097
0.10135306604206562
0.10130046168342233
0.10133851505815983
0.10131865134462714
0.10103473998606205
0.1009168908931315
0.1013549780473113
0.10123021295294166
0.10121652390807867
0.10090996976941824
0.10111828707158566
0.10076384339481592
0.10098031908273697
0.10078774020075798
0.10034970426931977
0.10055023804306984
0.10077479807659984
0.10083066206425428
0.10100318677723408
0.10038130218163133
0.10071832733228803
0.10115642100572586
0.1011004289612174
0.10118100279942155
0.10115358605980873
0.10110583808273077
0.10171397496014833
0.10173108708113432
0.10136820934712887
0.1009943401440978
0.10150470258668065
0.1022226857021451
0.1015330096706748
0.10073689697310328
0.10179660702124238
0.10147822462022305
0.10087374970316887
0.10171956289559603
0.10156055493280292
0.10111446585506201
0.10109950322657824
0.10141367930918932
0.10132018383592367
0.10181257082149386
0.10121365869417787
0.10114607308059931
0.10102658299729228
0.1009403089992702
0.10089786304160953
0.10068183206021786
0.10023792274296284
0.10023345798254013
0.10037562437355518
0.10058849025517702
0.10065372474491596
0.10063413670286536
0.10086500830948353
0.1006121370010078
0.10078015318140388
0.10149626294150949
0.10129916807636619
0.10106097813695669
0.10099812736734748
0.10155237605795264
0.10153684811666608
0.10131739312782884
0.10174255492165685
0.10117692686617374
0.1014376231469214
0.10142107866704464
0.10137247294187546
0.10100934468209743
0.10127491923049092
0.10135950893163681
0.10120472405105829
0.10103913489729166
0.1013701749034226
0.1012176931835711
0.10115962289273739
0.1008825758472085
0.10083685489371419
0.10094240214675665
0.100778185762465
0.1006428929977119
0.1006886400282383
0.10049887001514435
0.10104544414207339
0.10126527398824692
0.10110826790332794
0.10077503276988864
0.10135837318375707
0.10126061970368028
0.10141278756782413
0.10177410487085581
0.10147989308461547
0.10169036826118827
0.10149524314329028
0.1014397800900042
0.10129203135147691
0.1015004781074822
0.10162015166133642
0.10165154421702027
0.10157936764881015
0.1017153961583972
0.10179724683985114
0.1016900260001421
0.10161774326115847
0.10162743600085378
0.10152495000511408
0.1015017218887806
0.10141508374363184
0.10146244103088975
0.10165303200483322
0.10184973990544677
0.10158280981704593
0.1015237015672028
0.10150963487103581
0.10169584630057216
0.10158543800935149
0.1015542228706181
0.10169692384079099
0.10191858792677522
0.10149380890652537
0.10149484407156706
0.10135196801275015
0.10165506321936846
0.10176027426496148
0.10133105702698231
0.10150290234014392
0.10119402687996626
0.10125309182330966
0.10140447597950697
0.10137028899043798
0.10120678599923849
0.10134671721607447
0.1010272023268044
0.10090836230665445
0.1011959258466959
0.10090422537177801
0.10069511085748672
0.10050657903775573
0.10071120504289865
0.10053814621642232
0.1006613620556891
0.10102716367691755
0.10095419688150287
0.10098979389294982
0.10113876685500145
0.10084637580439448
0.1004956578835845
0.10101450001820922
0.10131856705993414
0.10137020284309983
0.10167362308129668
0.10121505102142692
0.1014160979539156
0.10137452697381377
0.10153817757964134
0.10133901331573725
0.10257266322150826
0.10260739969089627
0.10291728377342224
0.1026513772085309
0.106047332752496
0.10192844504490495
0.10231082187965512
0.10256516607478261
0.10193536197766662
0.10227395873516798
0.10298206890001893
0.10225341795012355
0.10318623716011643
0.10202746326103806
0.10252971202135086
0.10223525110632181
0.10349134402349591
0.10235750023275614
0.10243414714932442
0.10275619616732001
0.10261152312159538
0.10204102098941803
0.10237079998478293
0.10191148892045021
0.10144191421568394
0.1017259769141674
0.10181064205244184
0.10182308917865157
0.10158013366162777
0.10170829761773348
0.10193205391988158
0.10187579318881035
0.10185872996225953
0.1016596369445324
0.10188192036002874
0.10154590010643005
0.10157755203545094
0.10167345218360424
0.102078125346452
0.10249520605430007
0.10419130185618997
0.11051470087841153
0.10308375023305416
0.10389822814613581
0.10307136829942465
0.1033128839917481
0.10279640695080161
0.10269749257713556
0.10253407992422581
0.10304824402555823
0.10233304603025317
0.10279682511463761
0.10213781706988811
0.10234390711411834
0.10239287000149488
0.10229558404535055
0.10217636497691274
0.1025948547758162
0.10240223817527294
0.10308657120913267
0.10283012874424458
0.10348970117047429
0.10329785663634539
0.10332591691985726
0.10248536383733153
0.10312462784349918
0.10262262402102351
0.10220259334892035
0.10332691529765725
0.10321990586817265
0.10214409232139587
0.1023498740978539
0.10290097910910845
0.1022991850040853
0.10231635998934507
0.10286753065884113
0.10265543917194009
0.10331266606226563
0.10321161290630698
0.10332864103838801
0.10356223909184337
0.10319356201216578
0.10267946310341358
0.10277901589870453
0.10243101418018341
0.1028400850482285
0.10282950196415186
0.10231307009235024
0.10222238302230835
0.1025412892922759
0.10270704608410597
0.10296420194208622
0.10312789073213935
0.10275064501911402
0.10311715863645077
0.10339293396100402
0.10309963813051581
0.10330197913572192
0.10292039392516017
0.1029043709859252
0.1027927789837122
0.1029476011171937
0.10247949603945017
0.10243270127102733
0.10239883977919817
0.10266607068479061
0.10244698310270905
0.1028202218003571
0.10291003109887242
0.10324547300115228
0.10314604314044118
0.10373951261863112
0.10310629196465015
0.10137555794790387
0.10129301715642214
0.10188517672941089
0.10176558000966907
0.10209262976422906
0.10162012185901403
0.10199823463335633
0.10175089724361897
0.10191748291254044
0.1017906810157001
0.10124771483242512
0.10136543679982424
0.10182845406234264
0.1011770754121244
0.10165631771087646
0.10116728395223618
0.10150149138644338
0.10194777278229594
0.10176599118858576
0.1017250781878829
0.10147956805303693
0.10199938202276826
0.10211134096607566
0.101608298253268
0.10188414622098207
0.1015858082100749
0.10161213111132383
0.10173330176621675
0.1016228161752224
0.10157946217805147
0.10196853801608086
0.10164254577830434
0.10128642804920673
0.10144260572269559
0.10169603722169995
0.10223599290475249
0.10202726721763611
0.1015440858900547
0.10204110573977232
0.1019310001283884
0.10201998194679618
0.10178450588136911
0.10175744071602821
0.10140400798991323
0.10177401686087251
0.10189936868846416
0.10151241719722748
0.10181966936215758
0.1016310341656208
0.10139946592971683
0.10192541405558586
0.10156965488567948
0.10148412920534611
0.10169969080016017
0.10194630920886993
0.10172473592683673
0.10261559998616576
0.10242922231554985
0.10134141007438302
0.10183019796386361
0.10159342410042882
0.10165601503103971
0.10186483711004257
0.10208328487351537
0.101549974642694
0.10192157328128815
0.10170030128210783
0.10168793983757496
0.10171838384121656
0.1020271866582334
0.10168594820424914
0.10188753996044397
0.10164627199992537
0.10151103604584932
0.10153507022187114
0.1019173739477992
0.10188523074612021
0.10175745002925396
0.10171522619202733
0.10161416931077838
0.10187864303588867
0.10170985013246536
0.10138894431293011
0.10211825091391802
0.10159791307523847
0.10196072980761528
0.10192901408299804
0.10134757775813341
0.1016734428703785
0.10174914309754968
0.10159572586417198
0.10143623827025294
0.10154954483732581
0.10155915329232812
0.10187124414369464
0.10176401399075985
0.10134396888315678
0.10160994902253151
0.10188612388446927
0.10162577871233225
0.10183147294446826
0.10178913082927465
0.10174582712352276
0.10191371198743582
0.10215822793543339
0.10166595224291086
0.10215399414300919
0.10152351018041372
0.10191186238080263
0.10176343191415071
0.1018686443567276
0.10177911166101694
0.10221843095496297
0.1022152341902256
0.10193691030144691
0.10153813287615776
0.10190836293622851
0.10158614488318563
0.1016411711461842
0.10186900803819299
0.10171334818005562
0.10136005422100425
0.10202985489740968
0.10175399202853441
0.10173055995255709
0.10216653486713767
0.10169867984950542
0.10182726290076971
0.10190844209864736
0.10180561896413565
0.10203799000009894
0.10161056276410818
0.10187604697421193
0.10116017423570156
0.10194877488538623
0.10163184115663171
0.10238208901137114
0.10193421971052885
0.10172442486509681
0.10181316593661904
0.10173730924725533
0.10169147467240691
0.1020020991563797
0.10151581093668938
0.10143861593678594
0.1016078069806099
0.10189554700627923
0.10164057416841388
0.10143592488020658
0.10140053508803248
0.10171701898798347
0.10163911012932658
0.10157388309016824
0.10198605200275779
0.10190806118771434
0.10153465624898672
0.10169655689969659
0.10209575295448303
0.1020848429761827
0.10149862524122
0.10161611996591091
0.10173888085409999
0.10172978416085243
0.10155614279210567
0.10168170696124434
0.10185341397300363
0.10208197915926576
0.10146752512082458
0.1014936612918973
0.10166896181181073
0.1014640131033957
0.1015068250708282
0.1013972070068121
0.10163718881085515
0.10196664510294795
0.1017975271679461
0.1017879513092339
0.10169638926163316
0.10232945624738932
0.1022172668017447
0.10228007705882192
0.10217321896925569
0.10224045719951391
0.10173015762120485
0.10211010603234172
0.1018834593705833
0.10160043276846409
0.10226542502641678
0.10242289211601019
0.10293455282226205
0.10248512262478471
0.10254218382760882
0.10215051285922527
0.1027662931010127
0.10232239216566086
0.10258297016844153
0.10250215977430344
0.10208444902673364
0.10274486523121595
0.10328018805012107
0.10299776308238506
0.10240657906979322
0.10295603284612298
0.10232819337397814
0.10280760517343879
0.10276123089715838
0.10243889084085822
0.10203641699627042
0.10228722635656595
0.10240240022540092
0.10154746100306511
0.10180152300745249
0.10288367001339793
0.1027725930325687
0.10196130396798253
0.10167302330955863
0.10222020884975791
0.1024396987631917
0.10213091131299734
0.10245997691527009
0.10227674804627895
0.10262596420943737
0.10190837411209941
0.10217400593683124
0.10169965913519263
0.10261214012280107
0.10202002199366689
0.10192185221239924
0.1020083511248231
0.10163898905739188
0.10213703801855445
0.10189300077036023
0.10196554102003574
0.10224907100200653
0.10254017170518637
0.10253079794347286
0.10281483177095652
0.10249156598001719
0.10276036988943815
0.10239296359941363
0.1024436173029244
0.10220357123762369
0.10244217561557889
0.10185933206230402
0.10286532994359732
0.10348779102787375
0.10180324409157038
0.10199555102735758
0.10190051794052124
0.10214556334540248
0.10259101260453463
0.10260545182973146
0.10258762910962105
0.10223788395524025
0.10205407394096255
0.102304024156183
0.1018818779848516
0.10172715689986944
0.10155447386205196
0.10170062212273479
0.10166713176295161
0.1023103459738195
0.10164729598909616
0.1020075036212802
0.10186131997033954
0.1019472791813314
0.10201608296483755
0.10189943900331855
0.10206154501065612
0.10190678900107741
0.10226985672488809
0.10231895884498954
0.10236528608947992
0.10231028497219086
0.1022278293967247
0.10235716961324215
0.10236848425120115
0.10280652111396194
0.10225080791860819
0.10225428966805339
0.1022825101390481
0.10260078171268106
0.10197756066918373
0.10239398386329412
0.10217371862381697
0.10214022779837251
0.10183622594922781
0.10192663408815861
0.10217459127306938
0.10180821688845754
0.10153371188789606
0.10167243983596563
0.10213836003094912
0.10186793329194188
0.10217973124235868
0.10173686500638723
0.10167088126763701
0.1017464092001319
0.1018443750217557
0.1018088748678565
0.10244152275845408
0.1022851881571114
0.10197302792221308
0.10167914116755128
0.10164398327469826
0.1013813097961247
0.10145328706130385
0.10146187478676438
0.10148976789787412
0.1014376450330019
0.10139347380027175
0.10187886795029044
0.10153155401349068
0.10169520881026983
0.10201925877481699
0.10166245698928833
0.1014750488102436
0.10188042977824807
0.10187666770070791
0.10209255199879408
0.10195229295641184
0.1020561009645462
0.10178415523841977
0.10202858410775661
0.1018589548766613
0.10216751601547003
0.10177640337496996
0.10233805887401104
0.1025043036788702
0.10233041737228632
0.10221439227461815
0.10272700432687998
0.10252139531075954
0.10235263826325536
0.10263389116153121
0.10272626811638474
0.10278651211410761
0.10246592201292515
0.10238204803317785
0.10228396533057094
0.10263346275314689
0.10257882298901677
0.10208924999460578
0.10219442285597324
0.10199246881529689
0.10218795761466026
0.10211190721020103
0.10248765721917152
0.1023117140866816
0.10183567693457007
0.10198715189471841
0.10212306072935462
0.10176245775073767
0.10184833593666553
0.10167133063077927
0.1018896410241723
0.1018858328461647
0.10231144307181239
0.10223095817491412
0.10232002893462777
0.10222196206450462
0.10225886898115277
0.10273802233859897
0.10229934938251972
0.10260526882484555
0.10286450339481235
0.10255934903398156
0.10265579866245389
0.10286560608074069
0.10254160640761256
0.10292418301105499
0.10252050636336207
0.10212774015963078
0.10202901624143124
0.1023516352288425
0.1019531087949872
0.10206307470798492
0.1025694478303194
0.10192153928801417
0.10167405800893903
0.10200141882523894
0.10160067025572062
0.10163514316082001
0.1018644911237061
0.10142834624275565
0.10194065188989043
0.10204957891255617
0.10170277208089828
0.1022537131793797
0.10218632593750954
0.1022870521992445
0.1021575490012765
0.10253497585654259
0.10265936469659209
0.10286428919062018
0.10272718593478203
0.10281765088438988
0.10246308380737901
0.1029857536777854
0.10262645408511162
0.10351329622790217
0.10293258866295218
0.10239812079817057
0.10271813906729221
0.10212582210078835
0.10262877400964499
0.10213062074035406
0.1021990249864757
0.10189018817618489
0.1015911172144115
0.10239141993224621
0.10210545733571053
0.10271327709779143
0.10301310289651155
0.10253567481413484
0.10330865299329162
0.10340040922164917
0.10350436437875032
0.10338057717308402
0.10393228195607662
0.10223916405811906
0.1022667121142149
0.10317361680790782
0.1026059933938086
0.10229004500433803
0.10184583207592368
0.1018884819932282
0.10192791698500514
0.10233943490311503
0.10165444202721119
0.10303893964737654
0.10316814295947552
0.10354100167751312
0.10297629004344344
0.10421913210302591
0.10351866902783513
0.10395128186792135
0.10308823501691222
0.1029987121000886
0.10317223612219095
0.10355388699099422
0.10274194413796067
0.10301609290763736
0.1031633410602808
0.10346524091437459
0.10289853485301137
0.10403848020359874
0.10344716208055615
0.10426832176744938
0.10357689810916781
0.10345846507698298
0.10316656203940511
0.10332732507959008
0.10315089020878077
0.10300925187766552
0.10333801386877894
0.10292708221822977
0.1033045556396246
0.1048062490299344
0.10504644690081477
0.10285782301798463
0.10271663405001163
0.10361036378890276
0.10334336012601852
0.1031465302221477
0.10311167780309916
0.10244225105270743
0.10294800670817494
0.10311898589134216
0.10318068787455559
0.10299839079380035
0.1026543197222054
0.10308940801769495
0.10229846881702542
0.10372057091444731
0.10413367720320821
0.1035277177579701
0.10517077194526792
0.10746599175035954
0.10518072731792927
0.10482090106233954
0.10486634820699692
0.10414711618795991
0.10389246279373765
0.10433748876675963
0.10416965372860432
0.1050287731923163
0.10475208703428507
0.10406284593045712
0.10456223972141743
0.10339737590402365
0.10388230718672276
0.10351217724382877
0.10533913876861334
0.10551363183185458
0.10492471791803837
0.10382528882473707
0.10337933106347919
0.10306227905675769
0.10344218974933028
0.10465020267292857
0.10467939777299762
0.10416224598884583
0.10447904281318188
0.10369805619120598
0.10407967725768685
0.10361052677035332
0.10343218315392733
0.10348227294161916
0.10358990961685777
0.10400564689189196
0.10479640122503042
0.10468422807753086
0.10377421183511615
0.10362932924181223
0.10373882716521621
0.10347778489813209
0.10360818915069103
0.10425607487559319
0.10412085987627506
0.10466345818713307
0.10433619096875191
0.10441743303090334
0.10517349978908896
0.10521703027188778
0.10448028286918998
0.10521806962788105
0.10457332106307149
0.10406478401273489
0.10435270704329014
0.1040528449229896
0.1033667167648673
0.1042561330832541
0.10404461994767189
0.10456513799726963
0.10494204889982939
0.10427573602646589
0.1037664576433599
0.10346362506970763
0.10359749710187316
0.10407760972157121
0.1041064322926104
0.10521699115633965
0.10480229277163744
0.10435868566855788
0.10325469076633453
0.10424485523253679
0.1039839368313551
0.10441426513716578
0.10430317092686892
0.10450203716754913
0.104932501912117
0.104053711052984
0.10446149716153741
0.10321471514180303
0.10354035161435604
0.10365094803273678
0.10344867873936892
0.10353036690503359
0.10365207819268107
0.10392481181770563
0.10339483711868525
0.1028175218962133
0.10262766713276505
0.10320211388170719
0.10326689435169101
0.1030653459019959
0.10315306484699249
0.10322275012731552
0.10319436434656382
0.10415978636592627
0.10462641343474388
0.1035830439068377
0.10305110225453973
0.10352147882804275
0.10336279403418303
0.10313261160627007
0.10298762936145067
0.10288151726126671
0.1028387388214469
0.10342309018597007
0.1031543561257422
0.10328134289011359
0.10349425999447703
0.10354140400886536
0.10419979970902205
0.10278485715389252
0.10256504872813821
0.1028493600897491
0.10235777636989951
0.10257779201492667
0.1028468064032495
0.10191430989652872
0.10262394370511174
0.1027448009699583
0.10234457673504949
0.10261289915069938
0.10306014306843281
0.10372752230614424
0.10297554917633533
0.10292242374271154
0.10229739686474204
0.1033374103717506
0.10228143911808729
0.10220055095851421
0.10312344925478101
0.10275683412328362
0.1021312759257853
0.10300738038495183
0.10188349382951856
0.10197798069566488
0.10176211595535278
0.10249114409089088
0.10199003294110298
0.10189625015482306
0.10256847180426121
0.10197327332571149
0.102502535097301
0.10285675432533026
0.10238715028390288
0.10311896074563265
0.103087502066046
0.10272444505244493
0.10367259802296758
0.10319368075579405
0.10354158282279968
0.1025445363484323
0.10242653358727694
0.10365393199026585
0.1031011464074254
0.10346930380910635
0.10344957001507282
0.10341117437928915
0.10328089818358421
0.10412649065256119
0.10489097237586975
0.10482950694859028
0.10300100734457374
0.10286332992836833
0.10306209977716208
0.10310479206964374
0.10295522166416049
0.102903688326478
0.10273721721023321
0.10276171006262302
0.10250718798488379
0.10268359491601586
0.10243154596537352
0.10312643181532621
0.10261214803904295
0.10262534907087684
0.10305116605013609
0.10314834583550692
0.10268616303801537
0.10296258516609669
0.10298579512163997
0.103750956710428
0.10458518425002694
0.10378662496805191
0.10417177202180028
0.10361640620976686
0.10382013628259301
0.10323865804821253
0.10293135279789567
0.1033042948693037
0.10335188591852784
0.10329097090288997
0.10315837897360325
0.10371987102553248
0.1030610790476203
0.1028990731574595
0.1032165652140975
0.10347924614325166
0.1029089828953147
0.10342552792280912
0.10375173669308424
0.10323922801762819
0.10287345992401242
0.10289161885157228
0.10272615868598223
0.1023329901508987
0.10208924720063806
0.10200943285599351
0.10237604100257158
0.10310378577560186
0.10336131695657969
0.10300488490611315
0.10597419226542115
0.10507915075868368
0.1030650120228529
0.10294494079425931
0.10488337930291891
0.10554921673610806
0.10282404674217105
0.10265125893056393
0.10411423817276955
0.10381508804857731
0.10396951017901301
0.10407106392085552
0.10417438810691237
0.10444053169339895
0.10453316103667021
0.104641183745116
0.10458702687174082
0.10533568123355508
0.10411193920299411
0.1034835153259337
0.10287330811843276
0.10316735412925482
0.10306843603029847
0.1028130198828876
0.10267203208059072
0.10289083607494831
0.10349624417722225
0.10241792909801006
0.10349205834791064
0.10321279428899288
0.10353578720241785
0.1034139939583838
0.10343032982200384
0.10333397798240185
0.10429800767451525
0.10387269500643015
0.10404630610719323
0.10424700006842613
0.10414452804252505
0.10477502690628171
0.10542908078059554
0.10433121817186475
0.10320496000349522
0.1032101484015584
0.10375941963866353
0.10268606804311275
0.10330934217199683
0.10358102014288306
0.10440010111778975
0.1040205261670053
0.10377746820449829
0.10338197089731693
0.10320934699848294
0.1025204211473465
0.10343927703797817
0.10368221811950207
0.10259351413697004
0.1030465830117464
0.10361371794715524
0.10340895736590028
0.1031254711560905
0.1032463489100337
0.1029855408705771
0.10276077408343554
0.10268697189167142
0.10217276029288769
0.10215703910216689
0.10225774021819234
0.10271104192361236
0.10231302911415696
0.1021328023634851
0.10154522908851504
0.10199035797268152
0.10202703392133117
0.10183783899992704
0.10202704509720206
0.10186095722019672
0.10221114428713918
0.10206817928701639
0.10262604989111423
0.10214662505313754
0.10213848110288382
0.10215577110648155
0.1025061090476811
0.10238073114305735
0.10272652935236692
0.10260885814204812
0.10275576589629054
0.10278018796816468
0.10261730197817087
0.10265619726851583
0.10290612513199449
0.10262541472911835
0.10206965636461973
0.10191279277205467
0.10192598076537251
0.10230383975431323
0.10246347915381193
0.10270375804975629
0.1019078753888607
0.10234786104410887
0.10233811801299453
0.10238009598106146
0.10221824608743191
0.1022147280164063
0.10229308204725385
0.10183675913140178
0.10214330116286874
0.10240087890997529
0.1026733941398561
0.10279655270278454
0.10241614794358611
0.10249231616035104
0.10300606023520231
0.10314510017633438
0.10364273004233837
0.10335602285340428
0.10227104276418686
0.10287825018167496
0.10163789708167315
0.10177747579291463
0.10225778026506305
0.10153361689299345
0.1019859523512423
0.10237176204100251
0.10265578934922814
0.10277390293776989
0.10250482382252812
0.10297734569758177
0.1026673880405724
0.10261947195976973
0.10291279014199972
0.10332820378243923
0.1034374013543129
0.1037353752180934
0.1033961889334023
0.10276887333020568
0.10328217595815659
0.10313526773825288
0.10275621293112636
0.10251623904332519
0.10233492217957973
0.10263420920819044
0.10243765683844686
0.10269172536209226
0.10309026390314102
0.10306108882650733
0.10365214012563229
0.10416711401194334
0.10336053790524602
0.10399646405130625
0.10330719081684947
0.10260182293131948
0.10278878500685096
0.10246598301455379
0.10267945379018784
0.10233342600986362
0.10251925699412823
0.10238737240433693
0.10242926375940442
0.10267061786726117
0.10344704892486334
0.103642244823277
0.10397135000675917
0.10412511695176363
0.1035449430346489
0.10263110883533955
0.10222737770527601
0.10271358815953135
0.10260315611958504
0.10234274715185165
0.10226638475432992
0.10256271390244365
0.10229827929288149
0.10234519699588418
0.10229572700336576
0.1028781421482563
0.10367926815524697
0.10425820434466004
0.10412915935739875
0.10354337794706225
0.10282544093206525
0.10281415469944477
0.10253763990476727
0.10253277188166976
0.10416036006063223
0.10536139877513051
0.10360321588814259
0.10223086085170507
0.10340900626033545
0.10310602793470025
0.10315991099923849
0.10303269140422344
0.10305632604286075
0.10268923593685031
0.10260372469201684
0.10275914799422026
0.10226649697870016
0.10234225494787097
0.10228320490568876
0.10258175013586879
0.10217542015016079
0.10225000372156501
0.10190287511795759
0.10188633389770985
0.10224496712908149
0.10236315382644534
0.10259917797520757
0.10243608430027962
0.1027368251234293
0.102607861161232
0.10337253706529737
0.10312403179705143
0.10298325633630157
0.10290821455419064
0.10327085060998797
0.1028151991777122
0.10292012710124254
0.10288999415934086
0.10188436694443226
0.10171695007011294
0.10184058081358671
0.10210483428090811
0.1021146709099412
0.10204792208969593
0.10209761513397098
0.1018252749927342
0.10169433010742068
0.10209937300533056
0.10141994804143906
0.10146906366571784
0.10187303088605404
0.10158247500658035
0.10168325481936336
0.10125038586556911
0.10176371596753597
0.1017552949488163
0.10200345702469349
0.10166571103036404
0.10160189494490623
0.10181115893647075
0.10313486494123936
0.10519517678767443
0.10201715072616935
0.10270883608609438
0.10235104709863663
0.10261460626497865
0.10278384387493134
0.10242671705782413
0.10250375838950276
0.10241340612992644
0.10224481578916311
0.10197825217619538
0.10231075109913945
0.10207442520186305
0.10230258898809552
0.10215013707056642
0.10219751764088869
0.10184789821505547
0.10195043310523033
0.10164037998765707
0.10166453197598457
0.10169041668996215
0.10342514095827937
0.10467351181432605
0.10291807586327195
0.10189578356221318
0.1019256399013102
0.10217646136879921
0.10194366984069347
0.10220531094819307
0.10208488581702113
0.10196571191772819
0.10249622818082571
0.10321862902492285
0.1032292228192091
0.10258631594479084
0.10297609679400921
0.10257120104506612
0.10238675633445382
0.10210361424833536
0.10228020790964365
0.1022286987863481
0.10211431887000799
0.10195085918530822
0.10181973408907652
0.10171313444152474
0.10173881612718105
0.10175665514543653
0.10222211619839072
0.10218486189842224
0.10340173589065671
0.1042853188700974
0.10290243709459901
0.10192846599966288
0.10210225032642484
0.1025098362006247
0.10241523711010814
0.10245912801474333
0.10251919599249959
0.10284102708101273
0.10248159477487206
0.10287310881540179
0.10271586198359728
0.1029767720028758
0.10224664211273193
0.102441958617419
0.10250052530318499
0.10207673395052552
0.10235528601333499
0.10228831274434924
0.10201903292909265
0.10243984032422304
0.10207178397104144
0.10220400709658861
0.10237084282562137
0.10236136009916663
0.10204555094242096
0.10216375580057502
0.10189381614327431
0.10174768278375268
0.10203291522338986
0.10190806398168206
0.10171463806182146
0.10188872925937176
0.10214029299095273
0.1020951340906322
0.10386395500972867
0.10457826824858785
0.10449321521446109
0.1025008698925376
0.10249175364151597
0.10273702722042799
0.10267424490302801
0.10248906724154949
0.10228670109063387
0.10195047408342361
0.10203449381515384
0.10209540603682399
0.10249924287199974
0.10199216194450855
0.10187822207808495
0.1018085009418428
0.1020645759999752
0.10189938405528665
0.10176560701802373
0.10150090977549553
0.10364902205765247
0.10436476627364755
0.10257626231759787
0.10221976274624467
0.102505411952734
0.10271345498040318
0.10295142326503992
0.10308494186028838
0.10284616518765688
0.10304851410910487
0.10244530811905861
0.10261615319177508
0.10231808759272099
0.10258230101317167
0.1020170790143311
0.10193902300670743
0.10209558391943574
0.10177380405366421
0.10214665997773409
0.10186238121241331
0.10222150711342692
0.10206038504838943
0.10203383304178715
0.10381046775728464
0.10326375300064683
0.10370779922232032
0.10429515317082405
0.10530419740825891
0.10585027979686856
0.10468723997473717
0.1044998480938375
0.10510286968201399
0.1051625432446599
0.10385044990107417
0.10500110173597932
0.10380321508273482
0.10374581441283226
0.10418002586811781
0.10413223225623369
0.10437432071194053
0.10418240539729595
0.10473393276333809
0.10412772698327899
0.10411946102976799
0.10548962792381644
0.10520803974941373
0.10288271307945251
0.10366076696664095
0.10417466005310416
0.10474072629585862
0.10463599115610123
0.10360094485804439
0.10341747011989355
0.10395079711452127
0.10333238216117024
0.10374885704368353
0.10330534400418401
0.10335500026121736
0.10368297388777137
0.10427640890702605
0.10465727793052793
0.10361253889277577
0.10382479662075639
0.10441422695294023
0.10418717423453927
0.1043410156853497
0.10540030803531408
0.10493147233501077
0.10445992089807987
0.10425767302513123
0.10435072565451264
0.1036482397466898
0.10441580414772034
0.1053806901909411
0.10762425698339939
0.10499832592904568
0.10462803207337856
0.10493277572095394
0.10486536892130971
0.10542376805096865
0.10616185003891587
0.10465469304472208
0.10435821395367384
0.1040177452377975
0.1044910796917975
0.1052787397056818
0.10481738019734621
0.10473070293664932
0.10395347978919744
0.10459352610632777
0.1049767448566854
0.10522261401638389
0.10522320307791233
0.1049778969027102
0.10471066925674677
0.10510737914592028
0.10460615577176213
0.10477792704477906
0.10573709569871426
0.10485804593190551
0.1045128908008337
0.1044602976180613
0.10380040295422077
0.10429278295487165
0.10445653973147273
0.10512929270043969
0.10486266110092402
0.1048105489462614
0.1047531757503748
0.10448675509542227
0.10387996723875403
0.10437728371471167
0.10558729059994221
0.10610250290483236
0.10416534869000316
0.10445077298209071
0.10459512518718839
0.10466357367113233
0.1058346307836473
0.10539440531283617
0.10465840622782707
0.10464670276269317
0.10448514996096492
0.10490615479648113
0.10518310917541385
0.10491508292034268
0.10502776922658086
0.1043803351931274
0.10389662114903331
0.10404755407944322
0.10450373776257038
0.10481985472142696
0.10541129531338811
0.10496107023209333
0.10442978795617819
0.1041663489304483
0.1025963369756937
0.10200322093442082
0.10245718993246555
0.10205189418047667
0.10261926334351301
0.10279644001275301
0.10260897502303123
0.10262079117819667
0.10298116225749254
0.10257232189178467
0.10271363519132137
0.10275913681834936
0.1041932082735002
0.10409223474562168
0.10259042214602232
0.10190646117553115
0.10315887117758393
0.10248125996440649
0.10307492315769196
0.1028332938440144
0.1020881999284029
0.10280749201774597
0.1024879408068955
0.10250769276171923
0.10257472936064005
0.10310280229896307
0.10314726224169135
0.10298218205571175
0.10317649319767952
0.1027848836965859
0.1030873479321599
0.10222601471468806
0.1024382789619267
0.10254577081650496
0.10203765193000436
0.10214087087661028
0.10276448121294379
0.10195872001349926
0.10232770210132003
0.10233578877523541
0.10196662414819002
0.10195387387648225
0.10232831491157413
0.10247969068586826
0.10240734927356243
0.10273717995733023
0.10222775302827358
0.10198881197720766
0.10230947379022837
0.10232211416587234
0.10252951411530375
0.10240115690976381
0.10276614688336849
0.10313703306019306
0.10271800821647048
0.10255930898711085
0.10335972812026739
0.10250724200159311
0.10242532286792994
0.10229883203282952
0.1025829091668129
0.10201923968270421
0.1021547419950366
0.10249307472258806
0.10234972508624196
0.10237554088234901
0.10213568899780512
0.10206212103366852
0.1023016907274723
0.1024509770795703
0.10238848673179746
0.10278028063476086
0.1028631217777729
0.10276676714420319
0.10303458757698536
0.10290243430063128
0.10301853716373444
0.10293085966259241
0.1025674999691546
0.10240599419921637
0.10234019486233592
0.10350505728274584
0.10293083405122161
0.10219878144562244
0.10233269212767482
0.10196055378764868
0.10201042192056775
0.10189771698787808
0.10168697126209736
0.10217607906088233
0.10199445486068726
0.10203423304483294
0.10232037864625454
0.10210965620353818
0.10206617508083582
0.1024956488981843
0.10259515698999166
0.10320128966122866
0.10260956082493067
0.10291461599990726
0.10278532095253468
0.10328087490051985
0.10296338237822056
0.10240812273696065
0.10221421625465155
0.10255966987460852
0.1020745700225234
0.10222057020291686
0.10219796095043421
0.10227005183696747
0.1020721117965877
0.10254357103258371
0.10234712203964591
0.10231443913653493
0.10237964196130633
0.10202536592260003
0.10245248908177018
0.10250204103067517
0.1029457226395607
0.102864527143538
0.10295081418007612
0.10347514227032661
0.10356071824207902
0.10323530994355679
0.10245993593707681
0.10243665985763073
0.10246052592992783
0.10242716781795025
0.10246792994439602
0.10221135010942817
0.10224904678761959
0.10235176607966423
0.102318718098104
0.10202529793605208
0.10225432692095637
0.10206402977928519
0.10243829805403948
0.10191428707912564
0.10217535588890314
0.10214124014601111
0.10243124514818192
0.10212143789976835
0.10264547867700458
0.10246849805116653
0.1026141787879169
0.10281337425112724
0.10271379118785262
0.10281986789777875
0.10269241034984589
0.10286631528288126
0.10256622219458222
0.10240519605576992
0.10250875819474459
0.10230424581095576
0.10215362440794706
0.1027200510725379
0.10212755622342229
0.10221260972321033
0.10196576407179236
0.10243288008496165
0.10214244807139039
0.10208013607189059
0.10204536514356732
0.10201439866796136
0.10209969477728009
0.10201657796278596
0.10206971317529678
0.10179773299023509
0.10220805695280433
0.10200948966667056
0.10187140991911292
0.10197857581079006
0.10209591593593359
0.10207876889035106
0.10229589883238077
0.10236212890595198
0.10264112101867795
0.10294160386547446
0.10250760335475206
0.10292043071240187
0.1025208979845047
0.10274088382720947
0.10272969212383032
0.10245002200827003
0.10206675296649337
0.10203272011131048
0.10204378934577107
0.10231912415474653
0.10218415269628167
0.10173820983618498
0.10184386419132352
0.10243671434000134
0.10197119694203138
0.10239192796871066
0.10217357287183404
0.10212875623255968
0.1020501609891653
0.10197486914694309
0.10234657302498817
0.10225346125662327
0.10257229767739773
0.10293031902983785
0.10269155027344823
0.10262207221239805
0.10304567404091358
0.10279932711273432
0.10270552011206746
0.10283589689061046
0.10268817562609911
0.10258589498698711
0.10294923698529601
0.10228472389280796
0.10212983284145594
0.10206155711784959
0.10220491420477629
0.10225295694544911
0.10209593921899796
0.10204505873844028
0.10225747898221016
0.10202371701598167
0.10183992888778448
