0.10091611510142684
0.10178071912378073
0.10319648124277592
0.10191802820190787
0.10144583974033594
0.10194390406832099
0.10150680085644126
0.10227064788341522
0.10215451382100582
0.10204410692676902
0.10176065284758806
0.10176064120605588
0.10289346799254417
0.10297541040927172
0.10198545781895518
0.10209595877677202
0.10173997702077031
0.10199530282989144
0.1021774741820991
0.10228076530620456
0.10262662591412663
0.10253072716295719
0.10190529190003872
0.1020088829100132
0.10188302583992481
0.10168682597577572
0.10172303300350904
0.10225349012762308
0.10173386801034212
0.10202014911919832
0.1018346156924963
0.10209704888984561
0.10165376216173172
0.10186211904510856
0.1016694912686944
0.10211098892614245
0.10149734420701861
0.1018625539727509
0.10201229620724916
0.10165902366861701
0.10144463274627924
0.1017562160268426
0.10147810587659478
0.10178604582324624
0.10182967036962509
0.10195636283606291
0.10162645485252142
0.10194776300340891
0.10165933473035693
0.1015784153714776
0.10151876928284764
0.10226375097408891
0.10196863720193505
0.10127909202128649
0.10129584837704897
0.10162598080933094
0.10168552305549383
0.10193044878542423
0.10154308192431927
0.10185585916042328
0.10161412693560123
0.10178108001127839
0.10162688000127673
0.10228995000943542
0.10140756564214826
0.10185344982892275
0.10182760236784816
0.10221178364008665
0.10202408907935023
0.10163122694939375
0.10259615210816264
0.10208884393796325
0.10199837107211351
0.10164055274799466
0.10129588283598423
0.10157364793121815
0.10160310612991452
0.10153124015778303
0.10188922611996531
0.10173201328143477
0.10176912322640419
0.10200630081817508
0.10175002506002784
0.1017507710494101
0.10144860716536641
0.1018039551563561
0.10149953793734312
0.10313019482418895
0.10330749303102493
0.10225934907793999
0.10154470801353455
0.10138910496607423
0.10124558676034212
0.10309991333633661
0.1037998110987246
0.10224043112248182
0.1010414338670671
0.10309503227472305
0.10380596574395895
0.10358318733051419
0.1018793941475451
0.10178402904421091
0.10223794169723988
0.10185529990121722
0.10196680389344692
0.10212710499763489
0.1024620276875794
0.10248124971985817
0.10201388690620661
0.10208204528316855
0.10205244086682796
0.10218136478215456
0.1017480930313468
0.1022584312595427
0.10171901294961572
0.10303346905857325
0.10403088014572859
0.1033420329913497
0.10094532184302807
0.10310540208593011
0.10418565571308136
0.10223737638443708
0.10204148292541504
0.10156268393620849
0.10223298007622361
0.1017901236191392
0.1017527962103486
0.10224982118234038
0.10252087283879519
0.10212674411013722
0.10217316588386893
0.10213578538969159
0.10313091287389398
0.10223893681541085
0.1022228212095797
0.10226126294583082
0.10193409910425544
0.10226023802533746
0.1019545211456716
0.10231771226972342
0.1021782336756587
0.10224050702527165
0.10210320493206382
0.10197373013943434
0.10245983209460974
0.10276656970381737
0.10304508684203029
0.10217292001470923
0.10126690426841378
0.10300915827974677
0.10385626368224621
0.10383429797366261
0.10121211595833302
0.10147684207186103
0.10134669207036495
0.10135639971122146
0.10121555207297206
0.10108536668121815
0.10087474808096886
0.10125405108556151
0.10182669432833791
0.10085563315078616
0.10185052128508687
0.10091312834993005
0.10125919664278626
0.10220123222097754
0.1009903377853334
0.10100123379379511
0.10132812894880772
0.10122160566970706
0.10194795625284314
0.10117651103064418
0.10197439463809133
0.10137428715825081
0.10180327296257019
0.10153365414589643
0.10104124480858445
0.10211550211533904
0.1017907802015543
0.10267579089850187
0.10167472623288631
0.1025511440820992
0.10105472290888429
0.10094272205606103
0.10151665285229683
0.1017580940388143
0.10219561401754618
0.1024334579706192
0.10135321598500013
0.101852604188025
0.1012882967479527
0.1018918133340776
0.10083810426294804
0.1024562157690525
0.10125735821202397
0.10131681663915515
0.10092027299106121
0.10137772094458342
0.10175539879128337
0.10108087817206979
0.10158260306343436
0.10149491159245372
0.10147269116714597
0.10069034667685628
0.101399309001863
0.10151580907404423
0.10240417160093784
0.10249631199985743
0.1023392891511321
0.10161659028381109
0.10176143795251846
0.10166902607306838
0.10164954280480742
0.10230228118598461
0.10228100419044495
0.10205241711810231
0.10209882911294699
0.102256721816957
0.10218462906777859
0.10273734573274851
0.10245651565492153
0.1023489311337471
0.10200351383537054
0.10257078986614943
0.10235471790656447
0.1026553837582469
0.10343714198097587
0.10378704406321049
0.10318839084357023
0.10375448688864708
0.10343709588050842
0.10263826185837388
0.10316536296159029
0.10334649682044983
0.10198286222293973
0.1025516358204186
0.10286416485905647
0.10297943511977792
0.10215337574481964
0.10197530733421445
0.10283434577286243
0.1021827943623066
0.10312427999451756
0.10212158830836415
0.1018239576369524
0.1020481982268393
0.10201959358528256
0.10222262609750032
0.10269476380199194
0.10167993977665901
0.10149868577718735
0.10139530198648572
0.10184524394571781
0.10182169126346707
0.10276916483417153
0.10272855218499899
0.10395365860313177
0.1031173150986433
0.10317299887537956
0.10301345819607377
0.10262901987880468
0.10254017496481538
0.10259127989411354
0.10186457773670554
0.10111444815993309
0.10141716664656997
0.10189320100471377
0.10160262510180473
0.10109262587502599
0.10121176764369011
0.10094223404303193
0.10135036101564765
0.10153013467788696
0.10151048284024
0.10186191601678729
0.1010779682546854
0.10157103324308991
0.101898109074682
0.10144318593665957
0.10150899970903993
0.10176882613450289
0.10174182895570993
0.10211635706946254
0.10115197720006108
0.10117241088300943
0.10137137724086642
0.10171766206622124
0.10154731990769506
0.10119659081101418
0.10174653073772788
0.10216173622757196
0.10159956896677613
0.10158256301656365
0.10179401189088821
0.10173279605805874
0.10114373825490475
0.1019995016977191
0.10182012803852558
0.10136498278006911
0.10175813222303987
0.10089289490133524
0.10187551472336054
0.10175550077110529
0.10263538220897317
0.10192819777876139
0.10204802080988884
0.10233181901276112
0.1018496067263186
0.10198646411299706
0.10204704105854034
0.10237806895747781
0.10230944398790598
0.10209378320723772
0.10219677770510316
0.1013733521103859
0.10156207904219627
0.1017862930893898
0.1021100408397615
0.10171506879851222
0.10146069899201393
0.10190872987732291
0.10148802539333701
0.10234323097392917
0.10142089519649744
0.1023907158523798
0.10203805239871144
0.10246402211487293
0.10140580590814352
0.10244222218170762
0.10150412423536181
0.10191739024594426
0.10126042179763317
0.10222444497048855
0.10191492782905698
0.10186674213036895
0.1012523639947176
0.1016155369579792
0.10164204565808177
0.10207233997061849
0.10169644933193922
0.10171132488176227
0.10193348117172718
0.10212958278134465
0.10255767684429884
0.10177465993911028
0.10123396897688508
0.10256363311782479
0.1033823168836534
0.10228836396709085
0.10199498804286122
0.10278029786422849
0.10414931923151016
0.10247292183339596
0.1016597282141447
0.10145292384549975
0.10122797964140773
0.10292597580701113
0.10376519989222288
0.10260939924046397
0.1014870060607791
0.10304229194298387
0.10254479106515646
0.10241099586710334
0.10187804792076349
0.10168201709166169
0.10302852606400847
0.10252388985827565
0.10160967893898487
0.10161916399374604
0.10209451289847493
0.10202842578291893
0.10191265307366848
0.10167198115959764
0.10205321433022618
0.1021260623820126
0.10267593385651708
0.1019869758747518
0.10209084395319223
0.10250230086967349
0.1034344001673162
0.10191655484959483
0.10165332816541195
0.10283842217177153
0.1037026820704341
0.10497591830790043
0.10195660404860973
0.10227995179593563
0.102009953930974
0.10231397161260247
0.10182664170861244
0.10183644900098443
0.10281077912077308
0.10223660012707114
0.10240852739661932
0.10228107683360577
0.10279808565974236
0.10285925911739469
0.10279629426077008
0.10267796739935875
0.10188756231218576
0.10225320002064109
0.10164573974907398
0.10257540224120021
0.10377497877925634
0.10278752166777849
0.10154094314202666
0.1016760771162808
0.10068976180627942
0.10294707817956805
0.10441551031544805
0.10254929400980473
0.1010715770535171
0.10137187410145998
0.10204479703679681
0.10168743785470724
0.10236781882122159
0.10165409371256828
0.1018676538951695
0.10216499399393797
0.10315354727208614
0.10193442413583398
0.10178493987768888
0.10217199521139264
0.10273921210318804
0.10255668684840202
0.10255153197795153
0.10357651300728321
0.10223717801272869
0.10289116017520428
0.10343217011541128
0.10468606185168028
0.10739528015255928
0.10318041685968637
0.10248030396178365
0.10317463427782059
0.10344072105363011
0.10326717095449567
0.10353045212104917
0.10265890089794993
0.10218178201466799
0.10229066805914044
0.1020037648268044
0.1028789677657187
0.10227463627234101
0.10283451713621616
0.10182304307818413
0.1016956428065896
0.10252380510792136
0.10211940202862024
0.10211885999888182
0.1013801759108901
0.1016490152105689
0.101651256904006
0.1022679009474814
0.10290382616221905
0.10217046970501542
0.10242966935038567
0.10221546096727252
0.10239552380517125
0.1026798440143466
0.10243017878383398
0.10303359106183052
0.10234296508133411
0.10357351927086711
0.10278831794857979
0.10297755524516106
0.10297556221485138
0.10198336001485586
0.10222571808844805
0.10271749598905444
0.10254070768132806
0.10219726618379354
0.10242564789950848
0.10186847299337387
0.10262970719486475
0.10218222113326192
0.10193871008232236
0.10242529818788171
0.10232300730422139
0.10173509921878576
0.10226499428972602
0.10272837104275823
0.102579640224576
0.10280592693015933
0.1026501590386033
0.10225916607305408
0.10309994919225574
0.10260098613798618
0.10123920999467373
0.10228795977309346
0.10204036021605134
0.1033412329852581
0.10249788500368595
0.10263673076406121
0.10193321062251925
0.10233546514064074
0.10199314123019576
0.10166343115270138
0.10192066617310047
0.10135222086682916
0.10190483694896102
0.101688661146909
0.10183391580358148
0.10176940681412816
0.10169835202395916
0.10146322194486856
0.10205945605412126
0.10190326208248734
0.10231332015246153
0.10163668496534228
0.10153019521385431
0.10127004282549024
0.10189505200833082
0.10200654063373804
0.10263110278174281
0.10347796278074384
0.10219817096367478
0.1021191761828959
0.10270924679934978
0.10401847492903471
0.10104934684932232
0.10116005595773458
0.10285278083756566
0.10372599586844444
0.10116982692852616
0.10108479112386703
0.10120615502819419
0.1019047531299293
0.10134235676378012
0.10191861260682344
0.10166258690878749
0.10177233209833503
0.10260437522083521
0.10216086264699697
0.10266763577237725
0.10511589702218771
0.10343993408605456
0.10429169423878193
0.10333936894312501
0.1045437278226018
0.10447060037404299
0.10278563387691975
0.10355353495106101
0.10339025221765041
0.1043507787398994
0.1029621441848576
0.10279720928519964
0.10294043179601431
0.1023517670109868
0.10200972715392709
0.10225259372964501
0.10285277059301734
0.10347064631059766
0.10328890662640333
0.10409808717668056
0.10190949123352766
0.10229849489405751
0.1018184032291174
0.10187743185088038
0.1013233638368547
0.10216017300263047
0.10278853494673967
0.1022312929853797
0.10186763294041157
0.10259095020592213
0.10187465324997902
0.10173317277804017
0.10285692987963557
0.10312594333663583
0.10261081531643867
0.10224458621814847
0.10363996401429176
0.10231442889198661
0.10230924701318145
0.10206631803885102
0.10186565294861794
0.10238209506496787
0.10177287878468633
0.10189973190426826
0.1024031681008637
0.10251786513254046
0.10167354112491012
0.10181427793577313
0.10219590412452817
0.10202704044058919
0.10269322525709867
0.1017973548732698
0.10286034503951669
0.10203095106408
0.10255893599241972
0.10236964374780655
0.10226469114422798
0.1031076698563993
0.10267033101990819
0.10311233485117555
0.10293498961254954
0.10317059373483062
0.10297846840694547
0.10297172982245684
0.10247707087546587
0.10301305400207639
0.10191136412322521
0.10275242617353797
0.10301173524931073
0.10208036517724395
0.1026969007216394
0.10246085422113538
0.10342524200677872
0.10333915613591671
0.1027020807377994
0.10272851912304759
0.10244126478210092
0.10295010637491941
0.10245126206427813
0.10365078458562493
0.10232092905789614
0.10297660203650594
0.10276753036305308
0.10268083401024342
0.10266903508454561
0.10199943231418729
0.10245645698159933
0.10174285108223557
0.10319266840815544
0.10246361000463367
0.10260665789246559
0.1023585139773786
0.10183074185624719
0.102583525236696
0.10226979898288846
0.10194802097976208
0.10247688414528966
0.10166239412501454
0.10252357041463256
0.10278288833796978
0.10233875783160329
0.10244105104357004
0.10235572000965476
0.10323795909062028
0.10284519009292126
0.10324314516037703
0.10256934678182006
0.10263250023126602
0.10302624991163611
0.10194010380655527
0.10260564181953669
0.10243292711675167
0.10225159069523215
0.10264958394691348
0.10284802317619324
0.10202553076669574
0.1019528079777956
0.10225231805816293
0.10250153299421072
0.10191161604598165
0.10230483999475837
0.10157901979982853
0.10303911287337542
0.10288014076650143
0.10233175894245505
0.1028584367595613
0.10264071403071284
0.10327262291684747
0.10210297163575888
0.10357534373179078
0.10275699896737933
0.10260845813900232
0.10182358277961612
0.10187948402017355
0.10216771019622684
0.10242739133536816
0.10194366984069347
0.10226313164457679
0.10243115527555346
0.1020786170847714
0.10257049789652228
0.10194628406316042
0.10113797290250659
0.10138694103807211
0.10174689628183842
0.10202308464795351
0.10179024981334805
0.10155144287273288
0.10234906198456883
0.10160082997754216
0.10158278001472354
0.10124924406409264
0.10133852064609528
0.10209361603483558
0.10145176807418466
0.10168246179819107
0.10164806572720408
0.10142813017591834
0.10162889724597335
0.10336137702688575
0.10361038614064455
0.10292688524350524
0.10275621386244893
0.10247181402519345
0.10219219606369734
0.10237745987251401
0.10296764504164457
0.10263638710603118
0.10287992004305124
0.10261135408654809
0.10259614791721106
0.10211785230785608
0.10292544914409518
0.10234952019527555
0.10218783980235457
0.10140218073502183
0.10213764803484082
0.10165729094296694
0.1020578988827765
0.10171994287520647
0.10217295400798321
0.10309745417907834
0.1033912100829184
0.10224093869328499
0.10179792298004031
0.1012464459054172
0.10196171700954437
0.10355437500402331
0.10450664907693863
0.10261915577575564
0.101970667950809
0.10249562002718449
0.10278231604024768
0.10239237500354648
0.10251427022740245
0.10267708264291286
0.1026199427433312
0.10251149768009782
0.10286975791677833
0.10182181419804692
0.10195197816938162
0.10199565021321177
0.10189109481871128
0.10254453914240003
0.10146171087399125
0.10208291606977582
0.10233865538612008
0.10235389415174723
0.10179677326232195
0.10183724667876959
0.10232518892735243
0.10247231274843216
0.10170705197378993
0.10297277895733714
0.10443752305582166
0.10259273741394281
0.10103781893849373
0.10140526294708252
0.10151341278105974
0.1015113121829927
0.10126372380182147
0.103122693952173
0.10385922016575933
0.10163916880264878
0.10138135403394699
0.10145199904218316
0.10117974691092968
0.10188091034069657
0.10243929224088788
0.10191602306440473
0.10168212093412876
0.10205421689897776
0.10210814606398344
0.10117371706292033
0.10130319697782397
0.1034968257881701
0.10384839028120041
0.10466857114806771
0.10169890522956848
0.10182288009673357
0.10166971804574132
0.10216030897572637
0.10167618934065104
0.10214232513681054
0.10183557122945786
0.10189162893220782
0.10156808793544769
0.10307166120037436
0.10320689436048269
0.10230351937934756
0.10229081474244595
0.10282578691840172
0.10471103107556701
0.1021764581091702
0.10136793786659837
0.10142497206106782
0.1022907942533493
0.10311114694923162
0.10424257488921285
0.10299692396074533
0.10202300595119596
0.1029531923122704
0.1032834411598742
0.10208454728126526
0.103124909568578
0.10214251466095448
0.1026467657648027
0.10308527387678623
0.10249180300161242
0.10227671777829528
0.10251744277775288
0.10193060478195548
0.10217081103473902
0.10221356619149446
0.1033774740062654
0.10362339206039906
0.1017961991019547
0.10122002102434635
0.1023254869505763
0.10213393718004227
0.10153808118775487
0.10178661299869418
0.1027456452138722
0.10231800191104412
0.10219457698985934
0.10293599404394627
0.10261572198942304
0.10233056219294667
0.10332069080322981
0.10271109407767653
0.10268478700891137
0.10333689395338297
0.10293131601065397
0.10228307964280248
0.10184667631983757
0.10189670603722334
0.1017000712454319
0.10205404460430145
0.10145978583022952
0.10229236399754882
0.10269096679985523
0.10250395024195313
0.10249631805345416
0.10195400333032012
0.10233143484219909
0.10302804177626967
0.10462504206225276
0.10272270208224654
0.10290657402947545
0.10180825833231211
0.10294466093182564
0.1023093038238585
0.1020890879444778
0.10268405824899673
0.10202631913125515
0.1028922931291163
0.10243478324264288
0.10248139221221209
0.10185223910957575
0.10237373691052198
0.10203465772792697
0.10142857488244772
0.10215930500999093
0.10181991895660758
0.10147029487416148
0.10240264283493161
0.10228485520929098
0.10212028073146939
0.10193135915324092
0.10180001799017191
0.10169618064537644
0.1027862117625773
0.10311658587306738
0.10232653515413404
0.10126116219907999
0.10226744180545211
0.10310300765559077
0.1033581392839551
0.10120571404695511
0.10300343809649348
0.10385490488260984
0.10188014106824994
0.10153031302616
0.10172287374734879
0.10154340090230107
0.10447587864473462
0.10342639172449708
0.10270379204303026
0.10284761292859912
0.10228140512481332
0.10197750618681312
0.10224096197634935
0.1013297731988132
0.10171432606875896
0.10166148096323013
0.10217965766787529
0.10186542756855488
0.10146550601348281
0.10222661821171641
0.10205099964514375
0.10210447106510401
0.10146372020244598
0.10161842498928308
0.10242080269381404
0.1042005643248558
0.10265302006155252
0.1002616141922772
0.10167510202154517
0.10123135894536972
0.10270208586007357
0.10316685819998384
0.10123883374035358
0.10077177314087749
0.10284816892817616
0.10291115427389741
0.10198403289541602
0.10058580618351698
0.10290463920682669
0.10358950402587652
0.10243232967332006
0.10106829786673188
0.1020495411939919
0.10365503467619419
0.10161224892362952
0.10109614720568061
0.10152411414310336
0.10076552489772439
0.10096723213791847
0.10081404494121671
0.10121091222390532
0.10073994100093842
0.10162324784323573
0.10128225712105632
0.10174385225400329
0.10108243301510811
0.10113802691921592
0.10082958126440644
0.10116333607584238
0.1017429418861866
0.10143837565556169
0.10164858400821686
0.10183162894099951
0.10134097002446651
0.10166076011955738
0.10153312375769019
0.10158087406307459
0.10184075497090816
0.1018519988283515
0.10144888609647751
0.10193605022504926
0.10195208480581641
0.10200238041579723
0.10205582901835442
0.10235538007691503
0.10181922977790236
0.101918192114681
0.10189725225791335
0.10209249099716544
0.10219599911943078
0.10149293625727296
0.1021300028078258
0.10231146588921547
0.10161722172051668
0.10142456693574786
0.10130336321890354
0.10184819577261806
0.10149948066100478
0.10159841412678361
0.10128529509529471
0.10200791293755174
0.10238282382488251
0.1015307568013668
0.10185706708580256
0.1014748802408576
0.10144683998078108
0.1012786808423698
0.10233302414417267
0.10187793802469969
0.10183436796069145
0.10120771126821637
0.10138430027291179
0.10163666401058435
0.10174445202574134
0.10170491505414248
0.10186476586386561
0.10181311704218388
0.10281362431123853
0.10113234724849463
0.1019231672398746
0.10088821826502681
0.10254206182435155
0.1023302678950131
0.10295450873672962
0.10309895081445575
0.10288280993700027
0.10240395972505212
0.10266401479020715
0.10244104918092489
0.10154863679781556
0.10137046314775944
0.10145028308033943
0.10218943422660232
0.10130293713882565
0.10134424082934856
0.10066255601122975
0.10209220787510276
0.10102739231660962
0.10166239598765969
0.10086807096377015
0.10119175910949707
0.10101311979815364
0.10121884290128946
0.10184380086138844
0.10098661994561553
0.10076946206390858
0.10146177187561989
0.1014784500002861
0.10123622324317694
0.1013867980800569
0.10059380624443293
0.10122633399441838
0.10077149327844381
0.1015164963901043
0.10166733106598258
0.10130439698696136
0.10133410291746259
0.10188886616379023
0.10116393817588687
0.10160097200423479
0.10091325594112277
0.10149099119007587
0.10159718105569482
0.10139702493324876
0.10173282586038113
0.1026877611875534
0.10451033478602767
0.10116457426920533
0.10081222606822848
0.10167109593749046
0.10192407015711069
0.10126434359699488
0.10146440984681249
0.10283360024914145
0.10418547736480832
0.10283442912623286
0.10194058995693922
0.10157772898674011
0.1018009907566011
0.1013612081296742
0.10235380427911878
0.10157926380634308
0.10202541062608361
0.102106599137187
0.1020420640707016
0.10214417660608888
0.10188898909837008
0.10212549800053239
0.10201041726395488
0.10197482816874981
0.1022078450769186
0.10193571401759982
0.10266138706356287
0.10179155506193638
0.10205971263349056
0.10228847432881594
0.10210886504501104
0.10223633097484708
0.10211667278781533
0.10209207376465201
0.10261346725746989
0.10157127305865288
0.10241514537483454
0.10268127173185349
0.10327226063236594
0.10220394702628255
0.10160383395850658
0.10283149871975183
0.10386899299919605
0.10213257418945432
0.1015338459983468
0.10158105939626694
0.10144579177722335
0.1030909139662981
0.10418862197548151
0.10257791494950652
0.10241958498954773
0.10241345036774874
0.1020162240602076
0.10166958905756474
0.10238578217104077
0.10225458396598697
0.10202948423102498
0.10174545785412192
0.10183914890512824
0.10196524299681187
0.10213410202413797
0.10231753205880523
0.10173235414549708
0.10190257104113698
0.10171014908701181
0.10291384998708963
0.1034157550893724
0.10213315300643444
0.10180026385933161
0.10276857437565923
0.10396548872813582
0.10208138218149543
0.10101546393707395
0.10306682111695409
0.10378834744915366
0.10230507329106331
0.10147552099078894
0.10152875818312168
0.10160423442721367
0.10216116812080145
0.1026509078219533
0.10188604705035686
0.10213310830295086
0.10214314190670848
0.10170612391084433
0.1022643051110208
0.10287182731553912
0.10263111209496856
0.10229684133082628
0.10285341599956155
0.10223175631836057
0.10324430605396628
0.10502298083156347
0.10418732231482863
0.10385232418775558
0.10332140093669295
0.10553782107308507
0.10422477312386036
0.10467626294121146
0.10284570092335343
0.1050877938978374
0.1050300057977438
0.10215910710394382
0.10342605784535408
0.10428825672715902
0.10349620413035154
0.10349676525220275
0.10427800379693508
0.10271477606147528
0.10311275999993086
0.10322167770937085
0.10226439498364925
0.10167702799662948
0.1015633218921721
0.10209321090951562
0.1011643041856587
0.10088515328243375
0.10170823475345969
0.10180151229724288
0.10175086185336113
0.10194627195596695
0.10150078684091568
0.10167258325964212
0.10129153868183494
0.1013307929970324
0.10128632374107838
0.10148254595696926
0.10239558015018702
0.10168235236778855
0.10195357399061322
0.10145567078143358
0.1013311711139977
0.1015387480147183
0.1014210288412869
0.10119725298136473
0.10282149212434888
0.10312931798398495
0.10164050664752722
0.10168454889208078
0.10139546683058143
0.10164680192247033
0.10160665400326252
0.10164580913260579
0.1029016999527812
0.10436617862433195
0.1024740063585341
0.10173529526218772
0.10173352574929595
0.10162122081965208
0.10151832969859242
0.10135268419981003
0.10319049982354045
0.10392767796292901
0.10251045832410455
0.10228282026946545
0.10220287926495075
0.10352746304124594
0.10179354529827833
0.10167282400652766
0.10175905656069517
0.1018628771416843
0.10150167625397444
0.10189820500090718
0.10187386069446802
0.10267758695408702
0.10183687880635262
0.1014689072035253
0.10304044187068939
0.10316829476505518
0.1017483901232481
0.10118424892425537
0.10210164915770292
0.10350458603352308
0.10242814291268587
0.10114693734794855
0.10231769923120737
0.10387601982802153
0.10185283282771707
0.10105400998145342
0.10375911183655262
0.10370440781116486
0.10206666495651007
0.10189761826768517
0.10195826413109899
0.10200022393837571
0.10266720689833164
0.10393197881057858
0.10234843613579869
0.10255897231400013
0.10186463594436646
0.10176666313782334
0.10276996111497283
0.10306589724496007
0.10171654215082526
0.10171872097998857
0.10296913329511881
0.1039513130672276
0.10257591307163239
0.10127271572127938
0.10196629026904702
0.10164241399616003
0.10313194571062922
0.1047820127569139
0.10281236469745636
0.10262084007263184
0.10261229984462261
0.10279194684699178
0.10279447492212057
0.10268673719838262
0.10256636189296842
0.10219876514747739
0.10263979993760586
0.10217154631391168
0.10248190490528941
0.10230644093826413
0.10240314668044448
0.10194431617856026
0.10190293239429593
0.1018678299151361
0.10323732625693083
0.10439507523551583
0.10222258884459734
0.10219599772244692
0.1022257930599153
0.1026709582656622
0.10295449011027813
0.10251244017854333
0.10328294103965163
0.10243745939806104
0.10272264713421464
0.10270235501229763
0.10285180201753974
0.102457236032933
0.10215232195332646
0.10211940295994282
0.10178817389532924
0.10196228697896004
0.10218207305297256
0.10210143914446235
0.10198144474998116
0.10191496880725026
0.10193100711330771
0.10218333825469017
0.10155686922371387
0.10201922198757529
0.10211431607604027
0.10193332005292177
0.1029437049292028
0.1045612501911819
0.10275646625086665
0.1024408619850874
0.1021560407243669
0.10266829002648592
0.10213789576664567
0.10274341609328985
0.10303683113306761
0.10240457113832235
0.102549500297755
0.10257609793916345
0.10262813186272979
0.102288702968508
0.10207849368453026
0.10215848404914141
0.10196662181988358
0.10177702410146594
0.10301796486601233
0.1054990692064166
0.10247639287263155
0.10166590986773372
0.10211528185755014
0.10174581175670028
0.10233022505417466
0.10208805091679096
0.10224603395909071
0.10206433525308967
0.10249667009338737
0.10214156983420253
0.1019967682659626
0.10239381436258554
0.10220689978450537
0.10220950096845627
0.1026190361008048
0.10242448234930634
0.10260941600427032
0.10222820285707712
0.10251969518139958
0.10244765784591436
0.10260765440762043
0.10258780000731349
0.10223692934960127
0.10229731211438775
0.10217409115284681
0.10176533926278353
0.10228443890810013
0.10223288368433714
0.10231981100514531
0.10186243476346135
0.1022766218520701
0.1018094620667398
0.1033377624116838
0.10438368609175086
0.10267323907464743
0.10210356721654534
0.10244748927652836
0.10214264458045363
0.10207732720300555
0.10266853496432304
0.10244934214279056
0.10297522693872452
0.10260587185621262
0.10303378384560347
0.10271760215982795
0.10320946993306279
0.10260408278554678
0.10236951103433967
0.10201170202344656
0.10198986297473311
0.10281356191262603
0.10254886886104941
0.10211967118084431
0.102016924880445
0.10183421708643436
0.10211611399427056
0.10225115111097693
0.10198708204552531
0.10382163897156715
0.10418679984286427
0.10263961320742965
0.10241725761443377
0.10276572266593575
0.10235226294025779
0.10268112411722541
0.10281417006626725
0.10332033783197403
0.10253734886646271
0.10303325718268752
0.10244540916755795
0.10253358306363225
0.10230665002018213
0.10231396090239286
0.10217836406081915
0.10223003895953298
0.10231511015444994
0.10235928231850266
0.10197963379323483
0.10198959428817034
0.10229561198502779
0.10228596907109022
0.10173607291653752
0.10263587115332484
0.10182286193594337
0.10205222992226481
0.10194326192140579
0.1017311760224402
0.10248460993170738
0.1019803318195045
0.10253405896946788
0.10229898896068335
0.10235615307465196
0.10239165322855115
0.10257524717599154
0.10315324924886227
0.10290902201086283
0.1032711360603571
0.10316265700384974
0.10315539501607418
0.10267157014459372
0.10212426679208875
0.10251208394765854
0.10201190877705812
0.10190098080784082
0.10200446099042892
0.10227659996598959
0.10182522283867002
0.10222115321084857
0.10203486727550626
0.10178999416530132
0.10255865380167961
0.1017187898978591
0.1019809003919363
0.10195517027750611
0.101819874253124
0.10197208309546113
0.10140112414956093
0.1019077911041677
0.10184255708009005
0.10162155423313379
0.10369438398629427
0.10417095385491848
0.10222002305090427
0.10175559995695949
0.10239543719217181
0.102061300072819
0.1035712230950594
0.10199663881212473
0.10262316605076194
0.10298568708822131
0.1022532400675118
0.1023204498924315
0.10321476915851235
0.10230496106669307
0.10189594468101859
0.10168608883395791
0.10190559923648834
0.10218218108639121
0.10245891800150275
0.10220058495178819
0.101413378957659
0.102244489826262
0.10329050710424781
0.1036366899497807
0.10325035499408841
0.10168132418766618
0.10162961902096868
0.10165894217789173
0.10181861510500312
0.10175763396546245
0.1035147262737155
0.10451445309445262
0.10241304989904165
0.10253244498744607
0.10232809139415622
0.1024743658490479
0.10252967104315758
0.10343744279816747
0.10269662505015731
0.10282491985708475
0.10230780998244882
0.10254448698833585
0.10216398490592837
0.10258406726643443
0.10183237493038177
0.10210048872977495
0.10223126178607345
0.10215871874243021
0.10237081116065383
0.1019252110272646
0.10183527413755655
0.1017465372569859
0.10310080228373408
0.10410100081935525
0.10302829323336482
0.10204801522195339
0.10239212494343519
0.10221454035490751
0.10235503502190113
0.10256577422842383
0.10279228212311864
0.10344413807615638
0.10370866814628243
0.10375288501381874
0.10357000911608338
0.10281259287148714
0.10255385423079133
0.10256606200709939
0.10187724092975259
0.10265524918213487
0.10238018585368991
0.1027726223692298
0.10217264108359814
0.10297596827149391
0.1018368536606431
0.10196241969242692
0.10249848384410143
0.10312101291492581
0.10269504692405462
0.1027339119464159
0.10269038984552026
0.10327442921698093
0.10281268367543817
0.1027889670804143
0.10325110098347068
0.10288099478930235
0.10183628322556615
0.10256833909079432
0.10202363319694996
0.10271515883505344
0.10272020800039172
0.1023459448479116
0.10208962485194206
0.10233578085899353
0.10193483904004097
0.1026733829639852
0.10235222615301609
0.10247938521206379
0.1024880139157176
0.10284863691776991
0.10375587083399296
0.10285924794152379
0.10342294909060001
0.10306121502071619
0.10329978261142969
0.10258448775857687
0.10252913041040301
0.10258066188544035
0.10332161793485284
0.10300976922735572
0.10265693999826908
0.1029757740907371
0.1019457271322608
0.102129727602005
0.10197106935083866
0.1023854031227529
0.10258072940632701
0.10269169183447957
0.10299037816002965
0.1025393339805305
0.10307604679837823
0.1030348059721291
0.10245028929784894
0.10277683986350894
0.10231229802593589
0.10189528902992606
0.10300209512934089
0.10223835287615657
0.1037854878231883
0.10301102884113789
0.10216553742066026
0.10180310718715191
0.10233509913086891
0.10225950600579381
0.10232367878779769
0.10174491303041577
0.10096353106200695
0.10207615373656154
0.10170857422053814
0.1020341138355434
0.1019808603450656
0.10250944411382079
0.10203866800293326
0.10237359022721648
0.10254534613341093
0.10205418197438121
0.10198274720460176
0.10194197902455926
0.1020649722777307
0.10219351900741458
0.10226064175367355
0.10191784100607038
0.10191747732460499
0.10283044399693608
0.1028127889148891
0.1025997088290751
0.10232529835775495
0.10160195082426071
0.10262743337079883
0.10160747775807977
0.10168913239613175
0.10259664570912719
0.10221592709422112
0.10171871492639184
0.1017983159981668
0.10188006283715367
0.1018009870313108
0.10232816776260734
0.10135712660849094
0.10205498384311795
0.10167139489203691
0.10164812579751015
0.1024109460413456
0.1018941798247397
0.10198392020538449
0.1022171601653099
0.10114367539063096
0.10134237492457032
0.10171093698590994
0.10096512595191598
0.10148863960057497
0.10166425257921219
0.10141458129510283
0.10217627277597785
0.10204942524433136
0.1012446666136384
0.10225549805909395
0.10146326711401343
0.10196897201240063
0.10116411279886961
0.10375040490180254
0.10421308502554893
0.10298601491376758
0.10097454395145178
0.10189576493576169
0.10118444310501218
0.10311526665464044
0.10368610080331564
0.10193210002034903
0.10161728877574205
0.10144930798560381
0.10153938876464963
0.10153016773983836
0.10176906595006585
0.1034459681250155
0.1037680022418499
0.10181117383763194
0.1020907573401928
0.10231310687959194
0.10232149809598923
0.10200504772365093
0.10179956117644906
0.10204551694914699
0.10251578595489264
0.10212771873921156
0.10224728100001812
0.10248288325965405
0.10388153837993741
0.10188262909650803
0.10134086385369301
0.10250731511041522
0.1029181289486587
0.10192012973129749
0.10140931094065309
0.10212746635079384
0.10354208201169968
0.10263558616861701
0.10163795109838247
0.10270573711022735
0.10382643481716514
0.10172510193660855
0.1017041583545506
0.10189595399424434
0.10157936671748757
0.1022090963087976
0.10167732369154692
0.10145811690017581
0.10238831676542759
0.10201707622036338
0.10252920119091868
0.10176151292398572
0.10172194987535477
0.10238318517804146
0.1032680170610547
0.10199405904859304
0.10197125934064388
0.10190895106643438
0.10234451480209827
0.10262128198519349
0.10316342208534479
0.10177393304184079
0.10159585624933243
0.10215330589562654
0.10347503796219826
0.10298043675720692
0.10131579358130693
0.10248913196846843
0.10415140120312572
0.10171297518536448
0.10098303202539682
0.1017158068716526
0.10105588426813483
0.10273767495527864
0.10434562712907791
0.10224453965201974
0.10184570774435997
0.10224961722269654
0.10382374096661806
0.10406323010101914
0.10211291117593646
0.1019703671336174
0.10211563669145107
0.10183364618569613
0.10206741979345679
0.10167822195217013
0.1022726627998054
0.10302515095099807
0.10406962689012289
0.10335865197703242
0.10130218788981438
0.1009533079341054
0.10148054780438542
0.10239446675404906
0.10381949367001653
0.10183126106858253
0.10159572912380099
0.10095364227890968
0.10122103104367852
0.10298587568104267
0.10393452225252986
0.10403187433257699
0.10332365613430738
0.10338164493441582
0.1033754050731659
0.10344433598220348
0.10567334992811084
0.10451842611655593
0.10602196818217635
0.10338210128247738
0.1035854360088706
0.10416514426469803
0.10341456392779946
0.10270884539932013
0.10270277410745621
0.10239031724631786
0.10279720509424806
0.10312265111133456
0.10256153298541903
0.10296339867636561
0.10249555995687842
0.10200965823605657
0.10232377192005515
0.10138746676966548
0.10186631325632334
0.10167776281014085
0.10152939800173044
0.10209804913029075
0.10264958813786507
0.10253490274772048
0.10227693244814873
0.10222338419407606
0.10244370205327868
0.10286802798509598
0.10272179171442986
0.10240756254643202
0.10254648886620998
0.10256174998357892
0.10252776695415378
0.10212071798741817
0.10221137618646026
0.10226084291934967
0.102196688298136
0.10184492915868759
0.10219876002520323
0.10139863612130284
0.10147433588281274
0.101485894061625
0.10178688075393438
0.10207024915143847
0.10188344726338983
0.10253244917839766
0.10222622891888022
0.10140410484746099
0.10204924084246159
0.10162246413528919
0.10306523693725467
0.10166287468746305
0.1017742920666933
0.10203247983008623
0.10204421076923609
0.10166667960584164
0.10165734216570854
0.10166995599865913
0.10157520091161132
0.10392554104328156
0.10387564916163683
0.10246478440240026
0.10244176117703319
0.10207842104136944
0.10264034708961844
0.10205461783334613
0.10246138600632548
0.10281565692275763
0.10245034238323569
0.10266696522012353
0.10217393096536398
0.10236427001655102
0.10193032491952181
0.10235712444409728
0.10199417173862457
0.1019534831866622
0.10201018815860152
0.10171065619215369
0.10214909724891186
0.10212511802092195
0.10192665504291654
0.10194785008206964
0.10156231094151735
0.1017181989736855
0.1017681360244751
0.10189742688089609
0.1013706517405808
0.10309007205069065
0.1035695169121027
0.10256665386259556
0.10153530910611153
0.10341394133865833
0.1037424928508699
0.1020527109503746
0.10162158776074648
0.10165404435247183
0.10161594720557332
0.1021436951123178
0.10135173704475164
0.10246276203542948
0.10147693799808621
0.1020511626265943
0.10142744705080986
0.10144333401694894
0.10143110668286681
0.10152745898813009
0.10183514794334769
0.1016512829810381
0.10215761139988899
0.10206957906484604
0.10279470216482878
0.1022729822434485
0.10188117809593678
0.10211373772472143
0.1031515458598733
0.10210227034986019
0.10201638517901301
0.10241103824228048
0.10306539572775364
0.10163706121966243
0.10160392429679632
0.10252120159566402
0.10305338818579912
0.10195216489955783
0.10120585421100259
0.10206294525414705
0.10253097303211689
0.10207785712555051
0.10084589617326856
0.1021585650742054
0.10291797108948231
0.10153272096067667
0.10090965265408158
0.10221405606716871
0.10340646281838417
0.10242913803085685
0.10237893369048834
0.10214971704408526
0.1016371138393879
0.1017451100051403
0.10158537421375513
0.10208726115524769
0.10140555631369352
0.10224997531622648
0.10164175601676106
0.10130571434274316
0.10204106010496616
0.1016834587790072
0.1018749549984932
0.101941152010113
0.10184111632406712
0.10205586021766067
0.10177493607625365
0.1019708625972271
0.10204743593931198
0.10187270306050777
0.10183346411213279
0.10235159192234278
0.10280270874500275
0.10309340478852391
0.10347446333616972
0.10337986191734672
0.10258796205744147
0.1018989197909832
0.10228519514203072
0.1023809788748622
0.10198490787297487
0.10188110917806625
0.1017830092459917
0.10144158313050866
0.10181754501536489
0.10127235064283013
0.10172943398356438
0.10156516218557954
0.10189488204196095
0.10158904595300555
0.10156079893931746
0.10186229599639773
0.1020888458006084
0.1017158511094749
0.10198453441262245
0.10185454273596406
0.10202264599502087
0.10144079104065895
0.1014701877720654
0.1013905918225646
0.10211032629013062
0.10155295114964247
0.10199412330985069
0.10197307029739022
0.1017855079844594
0.10185410175472498
0.10191765520721674
0.10163707891479135
0.1017491752281785
0.10198660893365741
0.10175321577116847
0.10189201915636659
0.10180183872580528
0.10156291304156184
0.10176691506057978
0.10181297129020095
0.10183165967464447
0.10124284727498889
0.10166805703192949
0.10177311720326543
0.10163005581125617
0.10226075490936637
0.10178235033527017
0.1016214988194406
0.10191224096342921
0.10178566910326481
0.10208872705698013
0.10184018174186349
0.10187072865664959
0.1016595121473074
0.10179697489365935
0.1020008628256619
0.10201235301792622
0.10174411116167903
0.10167686082422733
0.10207202471792698
0.10209912015125155
0.10231581702828407
0.10202154284343123
0.10219651786610484
0.10252830991521478
0.10176389012485743
0.10153483133763075
0.10212073661386967
0.1021168022416532
0.10184397595003247
0.10231481492519379
0.10187121806666255
0.10262784594669938
0.10285648703575134
0.10239563789218664
0.10237697698175907
0.10265660379081964
0.10289152199402452
0.1029063118621707
0.10282124392688274
0.10270073311403394
0.10222383122891188
0.10218937322497368
0.1020477507263422
0.1030543427914381
0.10257844626903534
0.10248170280829072
0.10285665886476636
0.10251905582845211
0.1024996917694807
0.10250535095110536
0.10231538908556104
0.10212990595027804
0.10220007319003344
0.10234220791608095
0.10233047185465693
0.10220720013603568
0.10249751713126898
0.10278702806681395
0.10322664910927415
0.10282148374244571
0.10289672901853919
0.10302747087553144
0.10232479916885495
0.10340256709605455
0.10291240504011512
0.10252812784165144
0.10228497302159667
0.10276497295126319
0.1027154391631484
0.10279831290245056
0.10248302109539509
0.1026838761754334
0.10287255281582475
0.10341319814324379
0.10316652292385697
0.10325526585802436
0.10306364297866821
0.10297466302290559
0.10244846204295754
0.10258216457441449
0.10243047261610627
0.10275960620492697
0.10260408092290163
0.10245949216187
0.10247134603559971
0.1025947262533009
0.10248786397278309
0.1028913389891386
0.10244384175166488
0.10313857393339276
0.10294400621205568
0.10312222084030509
0.10333283478394151
0.1035431632772088
0.10294363414868712
0.10263024689629674
0.10220038937404752
0.10258450079709291
0.10214565275236964
0.10258410684764385
0.10195380123332143
0.10246839793398976
0.10276044579222798
0.10250902501866221
0.10273047303780913
0.10253867879509926
0.10213024169206619
0.10269713820889592
0.10250654723495245
0.10222129803150892
0.10297124087810516
0.1030520317144692
0.10345127806067467
0.10320652090013027
0.10293901292607188
0.10261582024395466
0.10249874694272876
0.10251446021720767
0.10257698409259319
0.10241745598614216
0.10231771972030401
0.10292470781132579
0.10242564976215363
0.10198211995884776
0.10222913417965174
0.10227410914376378
0.10140636004507542
0.10244934912770987
0.10244531882926822
0.10192504711449146
0.10230537177994847
0.10243625612929463
0.10273625096306205
0.10235119517892599
0.10246265307068825
0.10302417492493987
0.10265349084511399
0.10218229005113244
0.10260139498859644
0.10248150629922748
0.10217170789837837
0.10302976099774241
0.10255833389237523
0.10188604379072785
0.10209000669419765
0.10150172095745802
0.10255328798666596
0.10237826127558947
0.10146574303507805
0.10175032308325171
0.10248894104734063
0.10218003625050187
0.10154303396120667
0.10234389221295714
0.10248894989490509
0.10154248075559735
0.10211932566016912
0.10133673623204231
0.1014678436331451
0.10129208816215396
0.10214558197185397
0.10236797202378511
0.10194859700277448
0.10163330379873514
0.10175290796905756
0.10160825122147799
0.10246833879500628
0.10238176677376032
0.10251455381512642
0.101515410002321
0.10181327676400542
0.10221872432157397
0.10271794814616442
0.10216527385637164
0.10196463204920292
0.10236125905066729
0.10255046933889389
0.10281111486256123
0.10159438755363226
0.1029059300199151
0.10306594194844365
0.10240817442536354
0.10257919691503048
0.1023470819927752
0.10165094770491123
0.10199812287464738
0.10201461613178253
0.10170835582539439
0.1016341489739716
0.1018310091458261
0.10226905718445778
0.10179844219237566
0.10164605779573321
0.10223966278135777
0.1022697095759213
0.10192453488707542
0.1021684161387384
0.10178819764405489
0.10175288701429963
0.10177167365327477
0.10184864094480872
0.10158313577994704
0.10268391389399767
0.10168106714263558
0.10225033108144999
0.10231218207627535
0.10234805988147855
0.10122057609260082
0.1021509557031095
0.10190419666469097
0.1021828530356288
0.10198172833770514
0.10164557909592986
0.10202370584011078
0.10188205819576979
0.10169021878391504
0.10145845683291554
0.10183195676654577
0.10210531717166305
0.10238861292600632
0.10194205399602652
0.10178671823814511
0.10193871706724167
0.10185680259019136
0.10199669701978564
0.10169871198013425
0.10241999523714185
0.10217753332108259
0.10173381911590695
0.10296135768294334
0.10351859126240015
0.10319095989689231
0.10324085596948862
0.10300183482468128
0.10303963581100106
0.10231385799124837
0.1029054899699986
0.10262357164174318
0.1026677219197154
0.10240158578380942
0.10276120528578758
0.1020967629738152
0.10170489642769098
0.10142204584553838
0.10157171124592423
0.1020724200643599
0.10136848222464323
0.10123190935701132
0.10149924363940954
0.10178780881687999
0.10123379807919264
0.10169952595606446
0.10144120082259178
0.10145716601982713
0.10142264422029257
0.10323070082813501
0.10335256671532989
0.10146660963073373
0.10124930599704385
0.10345670813694596
0.10345666063949466
0.10313254874199629
0.10318008530884981
0.10212490195408463
0.1024052589200437
0.10359195806086063
0.10302977589890361
0.10243714228272438
0.10257406439632177
0.10288898833096027
0.10252509312704206
0.10271412692964077
0.10253388108685613
0.1019978579133749
0.10166789684444666
0.10148521605879068
0.10231493599712849
0.10176012432202697
0.10171964718028903
0.10176357114687562
0.10178430797532201
0.10236763302236795
0.10218818904832006
0.10215419484302402
0.10174682782962918
0.10311368899419904
0.10365776484832168
0.10202225809916854
0.10348445177078247
0.10340597108006477
0.1033685589209199
0.10322465701028705
0.10246940609067678
0.10264819068834186
0.10297760833054781
0.10243970016017556
0.10229660803452134
0.10342665016651154
0.10268944688141346
0.10225474881008267
0.10159679502248764
0.10115397023037076
0.10177938174456358
0.1015785071067512
0.10155142191797495
0.10161025682464242
0.101519915740937
0.10225383518263698
0.10181598784402013
0.10145443677902222
0.10170531505718827
0.10190990287810564
0.10171801410615444
0.10191687289625406
0.10157924890518188
0.10127800004556775
0.10129788890480995
0.1019536186940968
0.10156779503449798
0.10110829910263419
0.1017050389200449
0.10171388182789087
0.1013425150886178
0.10149663779884577
0.10150554217398167
0.1016769353300333
0.10188200790435076
0.10191821912303567
0.10263840714469552
0.10167657677084208
0.1014108001254499
0.10115727316588163
0.10182852717116475
0.10174642410129309
0.10190519504249096
0.10154726589098573
0.1020986340008676
0.10165638104081154
0.10165659571066499
0.1019717026501894
0.10171390790492296
0.10232802806422114
0.10199968423694372
0.10188118508085608
0.1018539578653872
0.10201625572517514
0.10212167212739587
0.10210993606597185
0.10160420415923
0.10303775500506163
0.10437982063740492
0.10225856117904186
0.10214332584291697
0.10190395964309573
0.10177170811221004
0.10205132095143199
0.10149633977562189
0.10191558208316565
0.10132340202108026
0.10345852235332131
0.1038467581383884
0.10307988291606307
0.10242605302482843
0.10377147002145648
0.10259310388937593
0.10271845804527402
0.102918132673949
0.10220868978649378
0.10194436134770513
0.10231321398168802
0.10191526683047414
0.10182638792321086
0.10246672481298447
0.10171393305063248
0.10192836308851838
0.10219982685521245
0.10205800412222743
0.10306684719398618
0.10435588518157601
0.10365128377452493
0.10414555482566357
0.10513607412576675
0.10463524516671896
0.10402488382533193
0.1037060460075736
0.10520448908209801
0.10503390803933144
0.10370305692777038
0.10471513587981462
0.10633552819490433
0.10288522718474269
0.10349105857312679
0.10397757682949305
0.10364475101232529
0.10350029030814767
0.10444216523319483
0.10406781127676368
0.10392798436805606
0.10353559907525778
0.10210357327014208
0.10194910503923893
0.10179978888481855
0.1019563116133213
0.1026236629113555
0.10284449672326446
0.1030099680647254
0.1024957331828773
0.10213548690080643
0.10226247692480683
0.10175106767565012
0.10198425408452749
0.10137603711336851
0.10163453035056591
0.10180271323770285
0.10153395915403962
0.10186838218942285
0.10138115799054503
0.10193444695323706
0.10141684301197529
0.10170160187408328
0.1014740876853466
0.10175962606444955
0.1016480140388012
0.10171586880460382
0.10216234903782606
0.10211975127458572
0.10162966279312968
0.10185925709083676
0.10188392782583833
0.10198371578007936
0.10181065881624818
0.1035485309548676
0.10415135696530342
0.10388050507754087
0.10416275076568127
0.10430845944210887
0.10429004207253456
0.10311466874554753
0.10280542680993676
0.10226979525759816
0.10267351800575852
0.10238197119906545
0.1024202760308981
0.10308246267959476
0.10272678779438138
0.10203770594671369
0.10245616035535932
0.10230031330138445
0.1024269387125969
0.10232420498505235
0.10242643021047115
0.1026196451857686
0.10285920696333051
0.10214489791542292
0.10229405481368303
0.10315194819122553
0.10301251336932182
0.10297781880944967
0.10311253229156137
0.10284128319472075
0.10304454294964671
0.10256941756233573
0.10238599916920066
0.10246209660544991
0.10227485885843635
0.10190335288643837
0.10261904494836926
0.10223688604310155
0.10258408822119236
0.10256478004157543
0.10240513691678643
0.10245525697246194
0.10258213803172112
0.1021763077005744
0.10279032913967967
0.10212639719247818
0.10224957764148712
0.10177594283595681
0.10197863494977355
0.10223746206611395
0.10138707607984543
0.10189520800486207
0.10188970388844609
0.10257779341191053
0.10264249984174967
0.10249962471425533
0.10264234896749258
0.10189324989914894
0.10223097074776888
0.10188503656536341
0.10222199186682701
0.10211151279509068
0.10183874424546957
0.10169023601338267
0.10145981004461646
0.1021222141571343
0.10170041071251035
0.10202923230826855
0.10079568531364202
0.10094061400741339
0.1007996192201972
0.10082889813929796
0.10098323598504066
0.10094380285590887
0.10103800613433123
0.10148242115974426
0.10130468709394336
0.10046547465026379
0.10073366295546293
0.10091201309114695
0.1013273629359901
0.10145677998661995
0.10129384603351355
0.10165105806663632
0.1011778679676354
0.10128901479765773
0.1013855510391295
0.10155385406687856
0.10166473034769297
0.10146088479086757
0.10169023089110851
0.10132381413131952
0.10128589114174247
0.10172914201393723
0.10153441596776247
0.10104792285710573
0.10098366718739271
0.10169894993305206
0.10121879121288657
0.1013087211176753
0.10129761509597301
0.10127043724060059
0.10113192303106189
0.10248347371816635
0.10140274092555046
0.1026611109264195
0.10200637858361006
0.10211379267275333
0.10253042494878173
0.10166511125862598
0.10141203925013542
0.10178382834419608
0.10166386887431145
0.10190760483965278
0.102164754178375
0.1013784408569336
0.10142644913867116
0.10165324807167053
0.10236667795106769
0.10153568908572197
0.10127069102600217
0.1019328716211021
0.10272245295345783
0.10159405693411827
0.10143626388162374
0.102116618771106
0.10258250590413809
0.10191693576052785
0.10127527778968215
0.10232054674997926
0.10234396997839212
0.10230330424383283
0.10207053413614631
0.10225316183641553
0.10204118303954601
0.10231623193249106
0.10072012431919575
0.10040089581161737
0.1008374891243875
0.10118862288072705
0.10081009706482291
0.10103001212701201
0.10131724597886205
0.1008380544371903
0.10066113015636802
0.10090080881491303
0.10072917491197586
0.10107094096019864
0.10113295586779714
0.10085278516635299
0.10009533306583762
0.10049500688910484
0.10039473604410887
0.10058469185605645
0.10049239499494433
0.10011950507760048
0.100321089848876
0.10073533514514565
0.10007104370743036
0.1004791771993041
0.10058359336107969
0.10063879610970616
0.10244985809549689
0.10196071909740567
0.1022472376935184
0.10223575076088309
0.1020506601780653
0.10195990232750773
0.10196794895455241
0.10152750788256526
0.10196410259231925
0.10212527262046933
0.10199742903932929
0.10153837595134974
0.1018110909499228
0.10194896999746561
0.10050640301778913
0.10062371473759413
0.10156572889536619
0.10188817884773016
0.1013392168097198
0.10153903625905514
0.10110759176313877
0.1008882480673492
0.1008237642236054
0.10075357463210821
0.10131527204066515
0.10122066922485828
0.10087516624480486
0.10061910003423691
0.10097168292850256
0.10076800687238574
0.10087535995990038
0.10042650299146771
0.10052451398223639
0.10010274592787027
0.1004574061371386
0.10040822857990861
0.10156759480014443
0.10250437539070845
0.10123296733945608
0.10067324293777347
0.10046761576086283
0.10016356501728296
0.10163795109838247
0.10275380313396454
0.10157410288229585
0.1003616969101131
0.10199133912101388
0.10265402682125568
0.10123774968087673
0.10080455290153623
0.101546635851264
0.10231795581057668
0.10087351873517036
0.09987331787124276
0.10170264914631844
0.10221083974465728
0.10152365593239665
0.1007371200248599
0.10107214190065861
0.10083120316267014
0.1014148723334074
0.10100259399041533
0.10062350612133741
0.10084890900179744
0.1011823071166873
0.10107533680275083
0.10123574361205101
0.10061821015551686
0.10089958971366286
0.10096304817125201
0.10098622506484389
0.10042737191542983
0.10029085772112012
0.10037551121786237
0.1005416470579803
0.10001019109040499
0.10079268924891949
0.10049490490928292
0.1003564647398889
0.10034019500017166
0.10089009208604693
0.10052723903208971
0.10063108196482062
0.10094301169738173
0.10115401493385434
0.10186222614720464
0.10211242223158479
0.10183910932391882
0.10212009586393833
0.10074967332184315
0.10076199797913432
0.10222884779796004
0.10187784722074866
0.10049373283982277
0.10089826211333275
0.1012775911949575
0.100499311927706
0.10091342078521848
0.10078806709498167
0.10123241506516933
0.10032661119475961
0.10040663089603186
0.10047582257539034
0.10021536331623793
0.10010775411501527
0.10009098891168833
0.100087929982692
0.09991487907245755
0.10030100727453828
0.10126585001125932
0.10087592294439673
0.10084649128839374
0.10122514516115189
0.1013808841817081
0.1006807261146605
0.10091535421088338
0.10030947113409638
0.1008490459062159
0.10091502033174038
0.10172533988952637
0.10099072474986315
0.10127184493467212
0.10145100392401218
0.10114549426361918
0.10094713186845183
0.10133809503167868
0.10117381438612938
0.10114333219826221
0.1007562461309135
0.10072729364037514
0.10071707610040903
0.10014472622424364
0.09943810990080237
0.10005001118406653
0.09990982012823224
0.10025119641795754
0.10051366779953241
0.10087215434759855
0.10100860008969903
0.10105504095554352
0.10077694896608591
0.10075880121439695
0.10045244032517076
0.10055388929322362
0.10035384306684136
0.10061881924048066
0.1003293669782579
0.10018342081457376
0.10058170091360807
0.09995405608788133
0.09971242910251021
0.10012885509058833
0.1007788279093802
0.10075568500906229
0.10057537909597158
0.10066601075232029
0.10057546012103558
0.1010320009663701
0.1006251610815525
0.1009130640886724
0.10009149415418506
0.10080764116719365
0.10040840692818165
0.10037255194038153
0.10021062707528472
0.10027308715507388
0.09985231515020132
0.10022016009315848
0.10041019786149263
0.10056792479008436
0.10049979714676738
0.10098608816042542
0.10149835981428623
0.10194150498136878
0.10141710098832846
0.1008496256545186
0.10103167407214642
0.10087620979174972
0.10139816720038652
0.10194871295243502
0.10127994790673256
0.10092984512448311
0.10149169899523258
0.10188025888055563
0.10116801084950566
0.10093128681182861
0.1012423918582499
0.10149510484188795
0.10107307089492679
0.10128589905798435
0.10189045127481222
0.10149627784267068
0.101457335986197
0.10096518602222204
0.10140012018382549
0.10028151189908385
0.10059497598558664
0.1001851330511272
0.0998524259775877
0.10041993018239737
0.10008755093440413
0.10024779383093119
0.10029991110786796
0.10062593594193459
0.10064725996926427
0.1010043928399682
0.1007420290261507
0.10080308699980378
0.10032059112563729
0.10031182877719402
0.09990278398618102
0.10007866192609072
0.10004922607913613
0.09966672398149967
0.09998472779989243
0.10020226892083883
0.09991182386875153
0.10021727299317718
0.10028894897550344
0.10055568208917975
0.10049161361530423
0.10034430725499988
0.100175600964576
0.10004503093659878
0.10017783287912607
0.10032504610717297
0.09967502625659108
0.09942436823621392
0.10011538909748197
0.10122332023456693
0.10188875999301672
0.10121682705357671
0.10034433612599969
0.10124224238097668
0.10180634399875998
0.10170480515807867
0.10074475407600403
0.10046210326254368
0.1008126218803227
0.1016729180701077
0.10181491496041417
0.1013109227642417
0.10063412599265575
0.10121413366869092
0.10154530173167586
0.1011032541282475
0.10175418062135577
0.101653675083071
0.10204578610137105
0.10116599081084132
0.10167286871001124
0.10164754185825586
0.10175355104729533
0.1013677236624062
0.10121195670217276
0.10118414927273989
0.09997039986774325
0.10028743417933583
0.10000222781673074
0.09955968894064426
0.0998658798635006
0.09995351219549775
0.10019068280234933
0.10014542983844876
0.10062114102765918
0.10056511405855417
0.100873454939574
0.1005433383397758
0.10096671199426055
0.10015209717676044
0.1001729927957058
0.10001552198082209
0.10008959518745542
0.10024936590343714
0.10009877616539598
0.09963851235806942
0.10047878557816148
0.10025805654004216
0.10002376232296228
0.10043331701308489
0.10025624977424741
0.10064986068755388
0.1008733562193811
0.10049809236079454
0.10046063596382737
0.10026549082249403
0.10034421039745212
0.10034537594765425
0.09954025037586689
0.09975286619737744
0.10116146598011255
0.10246071219444275
0.10100152296945453
0.09960273699834943
0.10172020504251122
0.10285131819546223
0.10128493793308735
0.09995188098400831
0.1014771219342947
0.10233480203896761
0.10104009881615639
0.0997507032006979
0.1012759730219841
0.10223459359258413
0.10087028099223971
0.10057459212839603
0.10160901583731174
0.10189500590786338
0.10138163808733225
0.10035056713968515
0.1004224349744618
0.10041994974017143
0.10031184833496809
0.10063418978825212
0.10019517969340086
0.10070337494835258
0.1004242729395628
0.10034997668117285
0.10012156330049038
0.1006875904276967
0.09978097910061479
0.0997876119799912
0.09997467091307044
0.09985700994729996
0.1007312573492527
0.100321255158633
0.10041092475876212
0.10104570677503943
0.10045464057475328
0.10057980986312032
0.10100637609139085
0.09999995306134224
0.09995121508836746
0.10019718063995242
0.1001015231013298
0.09949667891487479
0.10013522999361157
0.09996139165014029
0.10013298597186804
0.1007641670294106
0.10059913387522101
0.10071901883929968
0.10085411928594112
0.10090615507215261
0.10103998566046357
0.10122985765337944
0.10132692102342844
0.09991698618978262
0.10036077769473195
0.10010785609483719
0.1001057238318026
0.10000711306929588
0.09986565401777625
0.10150837572291493
0.10249730991199613
0.10113313095644116
0.09977817116305232
0.10146920382976532
0.10284272488206625
0.10131990490481257
0.09990952908992767
0.09982348000630736
0.1002942998893559
0.09994192514568567
0.10072106309235096
0.1005883039906621
0.10070511093363166
0.10041173594072461
0.10055155493319035
0.10068484488874674
0.10034399619325995
0.10053890896961093
0.09980612993240356
0.1000784789212048
0.10007262602448463
0.09928198391571641
0.10004928894340992
0.09962634090334177
0.100337915122509
0.10153736406937242
0.10170997818931937
0.10195759125053883
0.1024055639281869
0.10214864695444703
0.10133433202281594
0.10299927508458495
0.10195952374488115
0.1017486467026174
0.10426109191030264
0.10134010296314955
0.10180073697119951
0.10182758886367083
0.10150561202317476
0.10188489407300949
0.10160481929779053
0.10196529375389218
0.10162923624739051
0.10289198579266667
0.10206629801541567
0.1014492129907012
0.10162410605698824
0.1010022065602243
0.1006527398712933
0.10071666119620204
0.10051059490069747
0.10067156190052629
0.1016908441670239
0.10185074293985963
0.10034136986359954
0.10093927010893822
0.10059011029079556
0.10058187181130052
0.10050509823486209
0.10048253927379847
0.10026899026706815
0.09987517260015011
0.10056124720722437
0.10014627827331424
0.10029679536819458
0.09965923801064491
0.10136010404676199
0.10098035680130124
0.10029650200158358
0.09947880683466792
0.1001687771640718
0.10030651418492198
0.10141750611364841
0.10157499508932233
0.1014551492407918
0.09998483723029494
0.10096395714208484
0.10139123676344752
0.10087113594636321
0.10113149508833885
0.10096587100997567
0.10075625497847795
0.10109318094328046
0.10093267122283578
0.10150885209441185
0.1009465679526329
0.10068302415311337
0.10043730633333325
0.1007803832180798
0.09989341907203197
0.10006209602579474
0.09976005414500833
0.09990191319957376
0.09984148293733597
0.1004483220167458
0.10010971315205097
0.10028638504445553
0.10047686193138361
0.10049840481951833
0.09987343521788716
0.10038174595683813
0.10049078799784184
0.09988833405077457
0.09963567415252328
0.09960335213690996
0.10007230890914798
0.09998972993344069
0.10062982514500618
0.10098702972754836
0.10068134171888232
0.1001313328742981
0.10079470090568066
0.10085554793477058
0.10033715981990099
0.10008542006835341
0.10069834487512708
0.1005155798047781
0.10024562198668718
0.10006638988852501
0.10007483279332519
0.09970728913322091
0.10104007506743073
0.10007647471502423
0.1000887081027031
0.10050159133970737
0.1004752479493618
0.1001890180632472
0.10109395533800125
0.10146003868430853
0.10090209217742085
0.09998016199097037
0.10037034330889583
0.10074258083477616
0.10102091170847416
0.1009493307210505
0.1012861249037087
0.10063216928392649
0.1009315219707787
0.1002121870405972
0.0998916793614626
0.09977225819602609
0.09947957703843713
0.09967792127281427
0.10091615794226527
0.10072293505072594
0.10062653385102749
0.10036141891032457
0.10103704407811165
0.10075152898207307
0.0999658820219338
0.09992045909166336
0.1003802721388638
0.09994951914995909
0.10009278915822506
0.0993558382615447
0.09943570708855987
0.10031055193394423
0.10040781833231449
0.10113237192854285
0.10160436993464828
0.10056854179129004
0.10044229682534933
0.10036447690799832
0.1000779583118856
0.10021331906318665
0.10020495299249887
0.0994221088476479
0.10026668570935726
0.10030646529048681
0.1001704060472548
0.09938307199627161
0.09994192095473409
0.10108822584152222
0.10151936672627926
0.10049925604835153
0.10009191231802106
0.10118659678846598
0.10159118473529816
0.10118186101317406
0.10051832580938935
0.10111864702776074
0.10190800111740828
0.10184400528669357
0.10037103295326233
0.10129024786874652
0.10147686302661896
0.1012422451749444
0.10054136300459504
0.10065957717597485
0.1009193817153573
0.10097912698984146
0.10120687820017338
0.10121621424332261
0.10141475405544043
0.10064481804147363
0.10091756097972393
0.10063001699745655
0.10026770085096359
0.099775027949363
0.09956269199028611
0.09981634514406323
0.10012913914397359
0.09994632005691528
0.10015005525201559
0.10071721533313394
0.10045617399737239
0.10046709608286619
0.10057027684524655
0.10054237907752395
0.09996767528355122
0.09979285299777985
0.10036050993949175
0.09968754928559065
0.09942479524761438
0.09994841506704688
0.09987272135913372
0.10045297862961888
0.10037488909438252
0.10029264213517308
0.10088849207386374
0.10072116274386644
0.10109870787709951
0.10005201166495681
0.10037084808573127
0.10055198008194566
0.10020975396037102
0.10026971157640219
0.0999749000184238
0.09935872489586473
0.10150294611230493
0.10267201298847795
0.10102994088083506
0.09954876592382789
0.10065751895308495
0.10191520722582936
0.1005983897484839
0.09923151088878512
0.1011860310100019
0.10174930933862925
0.10095829283818603
0.10012378310784698
0.1015403289347887
0.1012641042470932
0.1015755869448185
0.10143646597862244
0.10076748672872782
0.09984598308801651
0.10020248498767614
0.09995259763672948
0.09969972120597959
0.10012044198811054
0.09978586714714766
0.09954287484288216
0.09923391975462437
0.10001382976770401
0.09989335993304849
0.09984260704368353
0.09945553401485085
0.09987797634676099
0.0997270941734314
0.0996392578817904
0.09924559714272618
0.09993386780843139
0.09937023697420955
0.10068121366202831
0.10112602775916457
0.10018130484968424
0.10001941490918398
0.10046384716406465
0.10098498268052936
0.10044535296037793
0.10051561705768108
0.10055208997800946
0.1000316459685564
0.10043931799009442
0.09966316120699048
0.10013486398383975
0.09984310902655125
0.09993164567276835
0.09974566008895636
0.10113640036433935
0.1019210098311305
0.10091672092676163
0.10050589684396982
0.10046593518927693
0.10059370193630457
0.10065632360056043
0.10114957997575402
0.10085506876930594
0.100391267798841
0.10090053221210837
0.10059319296851754
0.10067260917276144
0.10079915029928088
0.10030282475054264
0.10011550085619092
0.10004210798069835
0.10011020582169294
0.0996893048286438
0.1001478610560298
0.10075755696743727
0.10047339322045445
0.10053363116458058
0.10058800084516406
0.09986292105168104
0.10027343686670065
0.10041674273088574
0.0997490850277245
0.10051348898559809
0.09978730417788029
0.09993928764015436
0.10044313408434391
0.09949542535468936
0.1007097833789885
0.10098684905096889
0.10140639217570424
0.10177186271175742
0.10023136297240853
0.1004512282088399
0.10094068897888064
0.10104367509484291
0.10066439723595977
0.0999920847825706
0.10080112377181649
0.10008465871214867
0.1001112861558795
0.09973473800346255
0.09984548296779394
0.0994815812446177
0.09929527062922716
0.10004111099988222
0.1012226021848619
0.10015194024890661
0.10064909374341369
0.10067436005920172
0.10052571073174477
0.10046426067128778
0.10032366309314966
0.10104404110461473
0.10117749264463782
0.10115077206864953
0.10062978090718389
0.10055358381941915
0.10032601468265057
0.10001911269500852
0.09971353691071272
0.1008010758087039
0.09944726759567857
0.10020016226917505
0.10044599417597055
0.10019226185977459
0.10036157770082355
0.10082192765548825
0.10040010884404182
0.10004580672830343
0.10023162420839071
0.10017113899812102
0.09979931823909283
0.09962532809004188
0.09961781790480018
0.09983223024755716
0.10047407820820808
0.10161062004044652
0.10151359625160694
0.10126720368862152
0.10186710208654404
0.1017096322029829
0.10131033696234226
0.1004791697487235
0.1008312851190567
0.10171302501112223
0.10142168495804071
0.09991562087088823
0.10060390690341592
0.10041290614753962
0.10005070781335235
0.09993226313963532
0.09981354186311364
0.09985523298382759
0.09961006976664066
0.10020572319626808
0.09977170918136835
0.1002674219198525
0.10074190609157085
0.1006535841152072
0.10030204895883799
0.1009438382461667
0.10052559105679393
0.10124157229438424
0.10286886896938086
0.10155239887535572
0.10021744621917605
0.10086691984906793
0.10133074503391981
0.10120310541242361
0.10018989769741893
0.10033601894974709
0.10076630488038063
0.10045363614335656
0.10130059719085693
0.10032127797603607
0.10058037890121341
0.10022755013778806
0.09981465805321932
0.10011101700365543
0.09991233190521598
0.10017473110929132
0.10059534292668104
0.10053336201235652
0.10096721490845084
0.10087080020457506
0.10104814125224948
0.1008538194000721
0.10064226808026433
0.10068919789046049
0.1001717452891171
0.0998917743563652
0.10033750627189875
0.10011866595596075
0.09982149815186858
0.09943193290382624
0.10090557904914021
0.09992796927690506
0.10102252196520567
0.10125363012775779
0.10139569314196706
0.10147900274023414
0.1005640784278512
0.10067376680672169
0.10057489015161991
0.10088684130460024
0.10074424603953958
0.10060643590986729
0.10045159514993429
0.10032749362289906
0.09980551712214947
0.10011202888563275
0.09984409203752875
0.09981472324579954
0.10010912967845798
0.09987538307905197
0.09994600899517536
0.1002352200448513
0.10124312993139029
0.10189062915742397
0.10103081585839391
0.10028250003233552
0.10041945427656174
0.1007507462054491
0.1013845968991518
0.10207358887419105
0.1021221848204732
0.10162422712892294
0.10118505265563726
0.10008573904633522
0.10037813102826476
0.10066639725118876
0.10078062117099762
0.10096586821600795
0.10105692222714424
0.10064592212438583
0.10065169213339686
0.10035692388191819
0.10012676939368248
0.09917285898700356
0.09969672001898289
0.09993802290409803
0.09987274743616581
0.10049116984009743
0.10053563863039017
0.10060887830331922
0.10005101514980197
0.10051371296867728
0.099933672696352
0.10007938323542476
0.1002266751602292
0.09975187992677093
0.09972219122573733
0.09981528716161847
0.09973043296486139
0.10096820630133152
0.1004252228885889
0.10027213906869292
0.1002587410621345
0.10044568311423063
0.10052316403016448
0.10040771309286356
0.10027142893522978
0.09961369913071394
0.09988609002903104
0.10011138441041112
0.0992663037031889
0.10023351572453976
0.09992143092676997
0.10018098214641213
0.1008453443646431
0.10038015292957425
0.10021681804209948
0.1012565940618515
0.10177220264449716
0.10123322298750281
0.10064330603927374
0.10115827200934291
0.10188238183036447
0.10129147209227085
0.10029793484136462
0.10074421484023333
0.10080965887755156
0.10097450064495206
0.10070347413420677
0.10094402264803648
0.10082524688914418
0.10111708007752895
0.10068393498659134
0.10010045021772385
0.0998748280107975
0.0997928841970861
0.10003325017169118
0.09995007701218128
0.0999644878320396
0.10029167495667934
0.10030732676386833
0.10046831797808409
0.10017910087481141
0.10061309579759836
0.10045962082222104
0.09991934709250927
0.0998068037442863
0.09976314986124635
0.0995770120061934
0.09970944607630372
0.10018209181725979
0.10108764236792922
0.10034806001931429
0.1001301696524024
0.10095068719238043
0.10069264378398657
0.1007930301129818
0.1004194999113679
0.10015910677611828
0.09993492998182774
0.10011425707489252
0.1000002957880497
0.09986751200631261
0.0996348331682384
0.10092310886830091
0.09984557563439012
0.10125023405998945
0.10221473220735788
0.1010339418426156
0.10034635802730918
0.10051019722595811
0.10073740687221289
0.10161385079845786
0.1025703800842166
0.10149880312383175
0.10038597788661718
0.10143009340390563
0.10202640201896429
0.10116095282137394
0.10085182078182697
0.10154794482514262
0.10186395607888699
0.10119981691241264
0.10080280061811209
0.1006109369918704
0.10063208406791091
0.10122003313153982
0.1007118709385395
0.10084385983645916
0.10086327092722058
0.10069223679602146
0.09958584001287818
0.09990017116069794
0.0999718620441854
0.09923146432265639
0.10041084606200457
0.10069713275879622
0.10016310960054398
0.10049816220998764
0.10060148499906063
0.10005285497754812
0.10016849264502525
0.10064417077228427
0.10007413104176521
0.09996102144941688
0.10007664002478123
0.10036117164418101
0.10004190588369966
0.10051556024700403
0.1016087937168777
0.10098133003339171
0.10042971605435014
0.10074960812926292
0.10052169114351273
0.10051067313179374
0.10093960911035538
0.1000710129737854
0.1003879620693624
0.10028689773753285
0.1003937041386962
0.10015143780037761
0.10105114802718163
0.09969083685427904
0.10003392910584807
0.10017285775393248
0.10064621642231941
0.10130465216934681
0.10053055407479405
0.1009141649119556
0.10098713496699929
0.10021673096343875
0.10153137892484665
0.10155095579102635
0.10098673729225993
0.10082303918898106
0.10099517973139882
0.10147831914946437
0.10136008821427822
0.10158961592242122
0.10180175816640258
0.10148932784795761
0.10272526973858476
0.1020078039728105
0.10373816732317209
0.10335382306948304
0.10445367079228163
0.10337143391370773
0.1055526128038764
0.10102784214541316
0.10082040727138519
0.10219134762883186
0.10241470206528902
0.10087819816544652
0.10178117267787457
0.1023922418244183
0.10183250298723578
0.10189635120332241
0.10136687709018588
0.10187142202630639
0.10127644799649715
0.10049541713669896
0.10056820465251803
0.10015073511749506
0.10014921892434359
0.09958518436178565
0.09976504324004054
0.10052327997982502
0.10053430078551173
0.10043223900720477
0.10056776087731123
0.10037154611200094
0.10014376603066921
0.10042790602892637
0.09983103722333908
0.10012559592723846
0.0996200479567051
0.09962763264775276
0.09957328718155622
0.10040174517780542
0.10070063406601548
0.10101771913468838
0.1014536302536726
0.10175715200603008
0.10146393068134785
0.10030628042295575
0.10055861808359623
0.10163229377940297
0.1019829660654068
0.10036658030003309
0.10063288500532508
0.10097039910033345
0.10028190305456519
0.10073278471827507
0.09995401185005903
0.0999387800693512
0.10012343805283308
0.09993349714204669
0.10004412708804011
0.10004063090309501
0.09981213603168726
0.10035695601254702
0.10083643812686205
0.10144031466916203
0.10195718612521887
0.10124417906627059
0.10055411094799638
0.10089043295010924
0.10106386803090572
0.10138258803635836
0.10270332265645266
0.10156772984191775
0.10110479593276978
0.10129703674465418
0.10208454169332981
0.10174030205234885
0.1019882163964212
0.10156280687078834
0.10079038888216019
0.10162060707807541
0.10173114016652107
0.10223568882793188
0.10234079416841269
0.10190549772232771
0.10208400385454297
0.10201612999662757
0.10176568990573287
0.10142051475122571
0.101219167932868
0.10163080645725131
0.1023810189217329
0.10179034015163779
0.10207995306700468
0.10208734171465039
0.10136483469977975
0.10078045818954706
0.10080416686832905
0.10045304289087653
0.10064069693908095
0.1001478866674006
0.10111154895275831
0.09984496468678117
0.10033846972510219
0.10000053932890296
0.099904031958431
0.10000199964269996
0.10060763964429498
0.10051872814074159
0.10051193600520492
0.10069346986711025
0.10167612275108695
0.10076508391648531
0.10094271507114172
0.10075501725077629
0.10086666699498892
0.10033067595213652
0.10038407985121012
0.10048781475052238
0.10043135657906532
0.10015248320996761
0.10049625393003225
0.09996989788487554
0.10018215700984001
0.10074414499104023
0.10068075265735388
0.10079243080690503
0.1011642231605947
0.10088161239400506
0.10105264466255903
0.10141904186457396
0.10126894433051348
0.10081824893131852
0.10196403181180358
0.10089364787563682
0.10108838975429535
0.10134247411042452
0.10110591305419803
0.10123403323814273
0.10125102009624243
0.10109182586893439
0.10092991590499878
0.10069468012079597
0.10114038828760386
0.10111161274835467
0.10244138864800334
0.10387663776054978
0.10145647078752518
0.10126602509990335
0.10127684520557523
0.10127566568553448
0.10113221779465675
0.10133737558498979
0.10306820692494512
0.10371302580460906
0.10318825114518404
0.10129734221845865
0.10163099505007267
0.1016939701512456
0.10206738905981183
0.10144994407892227
0.1018755380064249
0.10188078321516514
0.10177205968648195
0.10173287196084857
0.10187497921288013
0.1017787498421967
0.1020687511190772
0.10322879999876022
0.10204544803127646
0.1017096471041441
0.1021839757449925
0.10287900967523456
0.10153359407559037
0.10135822324082255
0.10218818159773946
0.10250497702509165
0.10176292899996042
0.1011742907576263
0.10197066888213158
0.10365503886714578
0.10132453683763742
0.10054620774462819
0.1006301399320364
0.10122149717062712
0.10133758932352066
0.10118801891803741
0.1013657171279192
0.10143415071070194
0.10142037132754922
0.10147428326308727
0.10115815699100494
0.10135518712922931
0.1013362379744649
0.10155006498098373
0.1013901368714869
0.10168423969298601
0.10142827779054642
0.10134762665256858
0.1013529165647924
0.10158184496685863
0.10157360322773457
0.1017414191737771
0.10181423695757985
0.10135208815336227
0.10175224300473928
0.10149379586800933
0.10142251709476113
0.10128477914258838
0.10142079507932067
0.10126056615263224
0.10146796610206366
0.10151544399559498
0.10118839889764786
0.10100230621173978
0.10089718597009778
0.10110428696498275
0.1013686629012227
0.10085292533040047
0.1010470362380147
0.10078676789999008
0.10110995499417186
0.10114028491079807
0.10203341115266085
0.10084748594090343
0.10116943391039968
0.1013151640072465
0.10128839779645205
0.10135332820937037
0.10076214699074626
0.10083812801167369
0.10084084887057543
0.10120888194069266
0.10053669987246394
0.10113578895106912
0.10095859598368406
0.10067599127069116
0.10126844141632318
0.10130249056965113
0.1009507430717349
0.10103740310296416
0.10084225470200181
0.10132821090519428
0.10135830007493496
0.10148731200024486
0.10149556724354625
0.10139066772535443
0.10229412280023098
0.10119059309363365
0.1013444410637021
0.10130862100049853
0.10163777181878686
0.10142034199088812
0.10145376715809107
0.10152239166200161
0.101603789255023
0.10145842609927058
0.1014468758367002
0.1014884919859469
0.10154171893373132
0.1018310603685677
0.10155403288081288
0.10171792609617114
0.10163591103628278
0.10173496790230274
0.10173099301755428
0.10186253162100911
0.10144061129540205
0.10167889995500445
0.10160723188892007
0.10226682387292385
0.10295812506228685
0.10200211917981505
0.10167591972276568
0.10233998904004693
0.10283968597650528
0.10178962582722306
0.10109059931710362
0.10267862118780613
0.10263989958912134
0.10146438609808683
0.1007131990045309
0.1023931410163641
0.10304260114207864
0.10193351283669472
0.10142867732793093
0.10249137412756681
0.10400297725573182
0.10169797809794545
0.10112398816272616
0.1009662221185863
0.10078467382118106
0.10119044687598944
0.10102458391338587
0.10116140218451619
0.10106129897758365
0.10081614693626761
0.10125061217695475
0.10111936181783676
0.10091884806752205
0.10148702189326286
0.10143438819795847
0.10138172702863812
0.1015474358573556
0.10155477980151772
0.10186141869053245
0.10201418772339821
0.10135054588317871
0.10176397068426013
0.10150967817753553
0.10169301182031631
0.10121100023388863
0.10176567500457168
0.10106342984363437
0.10161557514220476
0.10168259823694825
0.10186909092590213
0.10213856725022197
0.10154725098982453
0.10153372911736369
0.10150398313999176
0.10158504731953144
0.10192413488402963
0.10151860676705837
0.10179820284247398
0.10182548221200705
0.10163305327296257
0.10181927215307951
0.10169959114864469
0.10159746278077364
0.1016006451100111
0.10130714206025004
0.10179622983559966
0.10161913698539138
0.1014720038510859
0.10203726403415203
0.1016485239379108
0.10152696585282683
0.10175278410315514
0.10153871634975076
0.10168484365567565
0.10156172420829535
0.10164075531065464
0.10165736684575677
0.10215703677386045
0.10217710165306926
0.10260008787736297
0.10190478293225169
0.10181513894349337
0.10224960558116436
0.10170932626351714
0.10303737502545118
0.10226083220914006
0.10252113314345479
0.10237603820860386
0.1023582168854773
0.1026262491941452
0.10205725114792585
0.10248772613704205
0.10239335289224982
0.10162810003384948
0.10190954525023699
0.10179344983771443
0.10153217008337379
0.10122214583680034
0.1020359885878861
0.10096923727542162
0.10142973624169827
0.10169532708823681
0.10143733210861683
0.10104021010920405
0.10097882524132729
0.1012672008946538
0.10107335262000561
0.10134304221719503
0.10120786027982831
0.10225222911685705
0.10166023205965757
0.10194147611036897
0.10189280193299055
0.10180823970586061
0.10142142791301012
0.10146789299324155
0.10190236382186413
0.10171117912977934
0.10168322827666998
0.10185233224183321
0.10154436016455293
0.1015526270493865
0.10203637881204486
0.10179454274475574
0.10164579609408975
0.1020163232460618
0.10160259576514363
0.10171748977154493
0.10175557108595967
0.10169797576963902
0.10162823181599379
0.10121127311140299
0.10158876981586218
0.10152581101283431
0.1018791301175952
0.1009261361323297
0.10135928587988019
0.10160521697252989
0.10342269670218229
0.10384256206452847
0.10137827880680561
0.10187985422089696
0.10149313416332006
0.10096142021939158
0.1014476497657597
0.10070597473531961
0.10256945993751287
0.10368630709126592
0.10232361499220133
0.10152428690344095
0.10135696502402425
0.10129845608025789
0.1013894877396524
0.10144720925018191
0.10169514920562506
0.10165523923933506
0.1017300789244473
0.1018230626359582
0.10315649909898639
0.10458674188703299
0.1033681994304061
0.10149174369871616
0.10199646698310971
0.10183225618675351
0.10251341108232737
0.10315913893282413
0.10214695008471608
0.10120481811463833
0.10236015683040023
0.10284491069614887
0.10220648488029838
0.10056122392416
0.10274909622967243
0.10343128675594926
0.10185187496244907
0.10084976116195321
0.10204200679436326
0.10340137034654617
0.10212232312187552
0.10083843814209104
0.10264317598193884
0.1039238111115992
0.10164397209882736
0.10150052979588509
0.10275795310735703
0.10344330221414566
0.10370817128568888
0.10200836276635528
0.10215835506096482
0.10170488758012652
0.10148265026509762
0.10137628391385078
0.1021115118637681
0.10152531322091818
0.10160918300971389
0.10176520561799407
0.10195231763646007
0.1018893588334322
0.10260938992723823
0.10378800192847848
0.10185697302222252
0.10178550286218524
0.10248575313016772
0.10308073600754142
0.1019627801142633
0.10089901089668274
0.10246133990585804
0.10294900368899107
0.10277894511818886
0.10136120999231935
0.10291807493194938
0.10376841900870204
0.10255238832905889
0.10131617775186896
0.10326181119307876
0.1038035717792809
0.10365715436637402
0.10242130467668176
0.10241764783859253
0.10245173703879118
0.1023967657238245
0.10227028978988528
0.10181324277073145
0.1020280010998249
0.10219063609838486
0.10218207770958543
0.10292964102700353
0.1018153796903789
0.1031343569047749
0.10388888791203499
0.10332326777279377
0.101152369286865
0.1030649789609015
0.10361864091828465
0.10143833793699741
0.10154847521334887
0.10380358202382922
0.10344427637755871
0.10273735597729683
0.10286529781296849
0.10256138164550066
0.10168101685121655
0.10134272510185838
0.10173598397523165
0.10151392919942737
0.10227537294849753
0.10199049999937415
0.10198095301166177
0.10246780328452587
0.10179321514442563
0.10235445108264685
0.10137574002146721
0.10152059188112617
0.10200822399929166
0.10172490403056145
0.10156104015186429
0.1026730127632618
0.10274332109838724
0.10215899115428329
0.10128151206299663
0.10242447815835476
0.10284811677411199
0.10213212063536048
0.10098788468167186
0.10278764739632607
0.1032007378526032
0.10271594813093543
0.10135344695299864
0.10228901589289308
0.10433848388493061
0.10364901134744287
0.10161670297384262
0.10046182805672288
0.10179543541744351
0.10178402997553349
0.10294227674603462
0.10190465906634927
0.10234828386455774
0.10160163417458534
0.1014257944189012
0.10257718665525317
0.10284620895981789
0.1020208839327097
0.1016884590499103
0.10204579401761293
0.10238720383495092
0.10295657301321626
0.10273167304694653
0.1013931087218225
0.10177392978221178
0.10212032403796911
0.10337615292519331
0.10212226258590817
0.1011972427368164
0.10257699200883508
0.103060282766819
0.10372974816709757
0.1017986573278904
0.10067335283383727
0.10149334510788321
0.10117843607440591
0.10094404825940728
0.10123796528205276
0.10099289892241359
0.10170143190771341
0.10161564312875271
0.10144409909844398
0.10155791789293289
0.1022041430696845
0.10172680532559752
0.10187143506482244
0.10266164410859346
0.10120196873322129
0.10168321710079908
0.1022737449966371
0.1013768520206213
0.10138516314327717
0.10180512396618724
0.10207724291831255
0.1018279641866684
0.10193641716614366
0.10164934024214745
0.10179732600226998
0.10230056289583445
0.10229856567457318
0.10089440969750285
0.10218728194013238
0.10273251589387655
0.10299070365726948
0.10336675541475415
0.1031331061385572
0.1029508151113987
0.1057408070191741
0.10399328777566552
0.10387333203107119
0.1044168951921165
0.10480235703289509
0.10212580487132072
0.10236567910760641
0.10254397988319397
0.102186668664217
0.10242538712918758
0.10222531715407968
0.10346870683133602
0.10168094094842672
0.10211292700842023
0.1020627599209547
0.10144030628725886
0.10131990909576416
0.10188674973323941
0.10119758406654
0.10087145306169987
0.10138473100960255
0.10166332684457302
0.10116029297932982
0.10105615016072989
0.10111680440604687
0.10159677499905229
0.10108305932953954
0.1014680122025311
0.10103521216660738
0.10129943396896124
0.10142660699784756
0.10172372497618198
0.10156403435394168
0.10098726022988558
0.10176281910389662
0.10132963256910443
0.10141738830134273
0.10147033957764506
0.10170408291742206
0.10178066976368427
0.10202568117529154
0.10140210017561913
0.10134898219257593
0.10195274278521538
0.10119398310780525
0.10152268595993519
0.10143445478752255
0.10149084171280265
0.10192776611074805
0.10166092170402408
0.10120225884020329
0.10148881329223514
0.10167169012129307
0.10187396593391895
0.10175235103815794
0.10196733195334673
0.10195084288716316
0.10247350670397282
0.10299226408824325
0.1029263399541378
0.10315837897360325
0.10273375175893307
0.10283720958977938
0.10168866999447346
0.10180384060367942
0.10118216974660754
0.10160507587715983
0.10165751492604613
0.10238498169928789
0.10075744707137346
0.1011357787065208
0.10114008421078324
0.10107909282669425
0.10151446284726262
0.10135507490485907
0.10148483514785767
0.10126081015914679
0.1014495980925858
0.10119666997343302
0.10113148391246796
0.101206392981112
0.10142912482842803
0.10132084228098392
0.1014551050029695
0.10128077305853367
0.10119340429082513
0.10107318498194218
0.10123751778155565
0.10125964600592852
0.10132381599396467
0.10138848703354597
0.10137198492884636
0.10123039409518242
0.10118112294003367
0.10114293079823256
0.10155018884688616
0.1014773859642446
0.10160394525155425
0.10169919999316335
0.10175068490207195
0.10206766007468104
0.10155983129516244
0.10106108197942376
0.10137981595471501
0.10124041885137558
0.10328215174376965
0.10296330088749528
0.1020979187451303
0.10119637241587043
0.10221502091735601
0.103414221201092
0.10212337970733643
0.10124244214966893
0.10124863078817725
0.10123121924698353
0.1026732181198895
0.1036359085701406
0.10254394309595227
0.10220626695081592
0.10328599391505122
0.10420558229088783
0.1025280300527811
0.10227285092696548
0.10198254091665149
0.10180628998205066
0.102286322042346
0.10222976794466376
0.10234554531052709
0.10134548181667924
0.1014454229734838
0.1022107619792223
0.1022640080191195
0.10219399305060506
0.10163386398926377
0.10184390796348453
0.10176393901929259
0.1022582883015275
0.10183327691629529
0.10195556795224547
0.10198597237467766
0.10186245804652572
0.1030722321011126
0.10285957716405392
0.10243548220023513
0.10114894015714526
0.10261403489857912
0.10324289975687861
0.1021711640059948
0.10129143297672272
0.10349628981202841
0.10407418571412563
0.1016647620126605
0.1016914090141654
0.10348507715389132
0.10372064588591456
0.1019170000217855
0.10167247988283634
0.1026786738075316
0.10240380512550473
0.10333803202956915
0.10275889281183481
0.10211408976465464
0.10244219098240137
0.10340965306386352
0.10460891108959913
0.10301666706800461
0.10097458213567734
0.10173582006245852
0.10127572203055024
0.1034203446470201
0.10385858593508601
0.102051449008286
0.10209105396643281
0.10195183008909225
0.10216808831319213
0.1017996110022068
0.10184883140027523
0.10180332511663437
0.10204054601490498
0.10266372468322515
0.10261165397241712
0.10286353016272187
0.10226662922650576
0.10252020601183176
0.1025415132753551
0.10238607274368405
0.10238207085058093
0.10167128220200539
0.10232766112312675
0.10287076886743307
0.1030691028572619
0.10300524393096566
0.10171382082626224
0.10275360103696585
0.1041451939381659
0.10216258093714714
0.10144470306113362
0.10202481877058744
0.10146647319197655
0.10289938887581229
0.10405328404158354
0.101947455201298
0.10143180657178164
0.1019938220269978
0.10200073383748531
0.1017399518750608
0.10170915722846985
0.10166566679254174
0.10261457413434982
0.10202290397137403
0.10206337692216039
0.10276777017861605
0.10363861918449402
0.10237110080197453
0.10166173195466399
0.102523657027632
0.10297957761213183
0.10235192393884063
0.10173100093379617
0.10294973896816373
0.10290859686210752
0.10203978093340993
0.10049082292243838
0.10240494692698121
0.10356473596766591
0.1018362739123404
0.1008583209477365
0.10271516581997275
0.10383277293294668
0.10173781309276819
0.10125141032040119
0.1017500669695437
0.10139243071898818
0.10151983890682459
0.10125162731856108
0.1020502639003098
0.10201888484880328
0.10215550381690264
0.10256251413375139
0.10219850623980165
0.10209560906514525
0.10248650703579187
0.10263144318014383
0.10214374912902713
0.10173773812130094
0.10208104690536857
0.10187907982617617
0.10285027977079153
0.10275265201926231
0.10218985797837377
0.1011567167006433
0.1024319352582097
0.10317357908934355
0.10173045005649328
0.10091076698154211
0.10235931864008307
0.10307845007628202
0.1023304951377213
0.10084700305014849
0.10199201479554176
0.10350689105689526
0.10314674396067858
0.10082847997546196
0.10047371592372656
0.10073971003293991
0.10069348476827145
0.10074329609051347
0.10106551880016923
0.10052729491144419
0.10084671108052135
0.10112405801191926
0.10090916370972991
0.10103981802240014
0.10118272621184587
0.10139729175716639
0.10134873585775495
0.10143606690689921
0.1011482197791338
0.10154935996979475
0.10135201783850789
0.10151239018887281
0.10134001728147268
0.10142456507310271
0.10165730630978942
0.10149555187672377
0.10161423124372959
0.1018761619925499
0.10190147301182151
0.10168033558875322
0.10179851995781064
0.10151828592643142
0.10165692819282413
0.10169047303497791
0.10145992832258344
0.10145576810464263
0.10187319712713361
0.1017613629810512
0.10187353799119592
0.10199586860835552
0.1018483960069716
0.10175063507631421
0.10164564987644553
0.1017825398594141
0.10143669787794352
0.10192927112802863
0.10192268621176481
0.10182607313618064
0.10139108495786786
0.10140171088278294
0.10139643820002675
0.1015533790923655
0.1015212913043797
0.10150401666760445
0.10160618694499135
0.10168445110321045
0.10172689100727439
0.10193143598735332
0.10199321573600173
0.10298551293089986
0.10279801767319441
0.1026707449927926
0.1026663389056921
0.10248172236606479
0.10218963772058487
0.10334879904985428
0.10243608010932803
0.10229080310091376
0.10203421115875244
0.10168478265404701
0.10173830389976501
0.10147832613438368
0.101725734770298
0.10135006392374635
0.10132562881335616
0.10158659610897303
0.10164274089038372
0.10099595319479704
0.10129769099876285
0.10115897702053189
0.10099527193233371
0.10097051411867142
0.10108560090884566
0.10129986191168427
0.1010817107744515
0.10126694478094578
0.10156812518835068
0.10128807835280895
0.1009550029411912
0.10131558123975992
0.10119396774098277
0.10140085872262716
0.10170732205733657
0.10163731826469302
0.10176676278933883
0.10184727422893047
0.10152425803244114
0.10152526618912816
0.10139631619676948
0.10149124171584845
0.10155898239463568
0.10179264424368739
0.10152552183717489
0.10180785926058888
0.10186026990413666
0.10174978012219071
0.10185500979423523
0.10196464462205768
0.10161206685006618
0.10147902881726623
0.10190984467044473
0.10340766375884414
0.10428210441023111
0.10252362210303545
0.10109987575560808
0.10150705184787512
0.10119718126952648
0.10262990230694413
0.10375636396929622
0.10224859090521932
0.10096535505726933
0.10287222312763333
0.10388043010607362
0.10166899394243956
0.10116291884332895
0.10150688095018268
0.10159442014992237
0.10288952477276325
0.10394290089607239
0.10239185392856598
0.10179615300148726
0.10192888369783759
0.10193123109638691
0.10217304294928908
0.10176283726468682
0.10243189195170999
0.10188512923195958
0.10170819191262126
0.10180934192612767
0.10272740293294191
0.103098358027637
0.1021609203889966
0.1012590010650456
0.10232360800728202
0.10312291188165545
0.10209215432405472
0.10135256685316563
0.1021635732613504
0.1034729229286313
0.10207817517220974
0.1009904551319778
0.10243072174489498
0.10343168396502733
0.10219379374757409
0.10144174797460437
0.1028103451244533
0.10432325582951307
0.10199587605893612
0.10188239067792892
0.10181200876832008
0.10192409064620733
0.10159615892916918
0.10164079628884792
0.10162971867248416
0.10206311428919435
0.10280292294919491
0.10288714896887541
0.10228728596121073
0.10181349888443947
0.10240841284394264
0.10205047903582454
0.10280904592946172
0.10282841371372342
0.10196679411455989
0.10120840603485703
0.10279001900926232
0.10287099378183484
0.10214485879987478
0.10104681178927422
0.10227333102375269
0.10326018370687962
0.1017107111401856
0.10091088525950909
0.10242131119593978
0.10379767417907715
0.10176670970395207
0.10062802117317915
0.10258476389572024
0.10356330499053001
0.10196711216121912
0.10107945604249835
0.10292433900758624
0.10407626675441861
0.10335618397220969
0.10112571297213435
0.10238663014024496
0.10258620884269476
0.10236628074198961
0.10140227200463414
0.10253086499869823
0.10313881002366543
0.10230021877214313
0.10191517509520054
0.10301243513822556
0.10324463900178671
0.10199140897020698
0.10116348974406719
0.10265604825690389
0.1036827121861279
0.10181548725813627
0.10080122109502554
0.10284517100080848
0.10419207392260432
0.10194700304418802
0.10177617100998759
0.10292256809771061
0.10363546898588538
0.1018674299120903
0.10142216505482793
0.10180542292073369
0.10214444901794195
0.10203159786760807
0.10147128719836473
0.10249925730749965
0.1025064866989851
0.10198478400707245
0.10172379808500409
0.10194576112553477
0.10303945001214743
0.10214547393843532
0.10160039830952883
0.10247172694653273
0.10335806803777814
0.10183151718229055
0.10132406977936625
0.1022903979755938
0.10289215669035912
0.10164096485823393
0.10133219417184591
0.10285576619207859
0.10329179279506207
0.10206247121095657
0.10120272729545832
0.10234672296792269
0.10350033408030868
0.1020058011636138
0.100649518892169
0.10090846009552479
0.10103341098874807
0.1012625559233129
0.10107818199321628
0.10133832693099976
0.1011750940233469
0.10134621104225516
0.10165817802771926
0.10126092098653316
0.10125472210347652
0.10096579790115356
0.10155420703813434
0.10127802193164825
0.10157574713230133
0.10181426722556353
0.10167743032798171
0.10137845389544964
0.10167250968515873
0.10112490085884929
0.10191181488335133
0.10181733686476946
0.10169981000944972
0.10168903460726142
0.1015112278982997
0.10185592900961637
0.10187006974592805
0.10201144684106112
0.10175354173406959
0.10175103135406971
0.1014965302310884
0.10145078878849745
0.10169229283928871
0.10169638367369771
0.10190359596163034
0.1013039443641901
0.10211356589570642
0.10131062613800168
0.10123303113505244
0.1015351158566773
0.1016596662811935
0.1029105270281434
0.10175768472254276
0.1017909930087626
0.10204999474808574
0.10206042136996984
0.10163312405347824
0.10193700110539794
0.10156685998663306
0.10167302703484893
0.1018990958109498
0.1017557680606842
0.10148162534460425
0.10166559601202607
0.10153564997017384
0.10168772889301181
0.10151940397918224
0.10166829125955701
0.10168121196329594
0.10162207297980785
0.10310132475569844
0.10291660809889436
0.10252971993759274
0.10235793981701136
0.10262821754440665
0.10248540807515383
0.10197777720168233
0.10167853068560362
0.10157458484172821
0.10138425510376692
0.10110619990155101
0.10153691424056888
0.1014281022362411
0.10127219092100859
0.10140638705343008
0.10164757957682014
0.10152778588235378
0.10253146383911371
0.10273731499910355
0.10404399083927274
0.10434191999956965
0.10400359285995364
0.10389469098299742
0.10363511415198445
0.10448999609798193
0.10282925004139543
0.10426571127027273
0.10333416378125548
0.1031027720309794
0.10288423392921686
0.10258812457323074
0.10365827893838286
0.10295202117413282
0.10292438277974725
0.10331557784229517
0.104673373978585
0.10314086684957147
0.10360435489565134
0.10308991186320782
0.10229111928492785
0.1013539107516408
0.1011050040833652
0.10116544691845775
0.1013361718505621
0.10151712596416473
0.10129290539771318
0.10139304772019386
0.10132524464279413
0.10133918421342969
0.10144538898020983
0.10182291688397527
0.10172167513519526
0.10230983095243573
0.10242188209667802
0.10181634593755007
0.10237823193892837
0.10194510314613581
0.10221942188218236
0.10187577875331044
0.10215700836852193
0.10136581817641854
0.10133638000115752
0.10127768479287624
0.10159672005102038
0.10188452014699578
0.10137646412476897
0.10129376500844955
0.10153165878728032
0.1014150669798255
0.10113452607765794
0.10149056930094957
0.10134175280109048
0.10114394500851631
0.10159644996747375
0.10177065106108785
0.10138820623978972
0.10113596823066473
0.10116282571107149
0.10118539910763502
0.10140300169587135
0.10137797193601727
0.10110309114679694
0.10160409891977906
0.10156768606975675
0.10151089588180184
0.10164888016879559
0.10145159438252449
0.10127809504047036
0.10131371393799782
0.10137151507660747
0.10143987881019711
0.10157065186649561
0.10194241907447577
0.1016306858509779
0.10174218378961086
0.10182451969012618
0.10112158581614494
0.10142977116629481
0.10160976834595203
0.10169762978330255
0.10358525067567825
0.10442579444497824
0.10156923392787576
0.10135051002725959
0.10111506888642907
0.1015544543042779
0.10264083417132497
0.10432136105373502
0.10230638924986124
0.10140661289915442
0.10194360371679068
0.10159947769716382
0.10154963983222842
0.10167800821363926
0.10225242096930742
0.10145860584452748
0.10198756773024797
0.10197628801688552
0.10177462780848145
0.1017933445982635
0.10160170309245586
0.10174155700951815
0.1037476072087884
0.10467154486104846
0.10250665619969368
0.10163684887811542
0.10231120325624943
0.10190746281296015
0.10181395802646875
0.10191344190388918
0.10261339182034135
0.10434757405892015
0.10335953487083316
0.10123182833194733
0.10113750211894512
0.1012734710238874
0.10285941511392593
0.10387732414528728
0.10218514828011394
0.1015910031273961
0.10135408025234938
0.10208204295486212
0.10349981486797333
0.10386290028691292
0.10238669021055102
0.10183943063020706
0.10192659497261047
0.10179392574355006
0.10221200715750456
0.1019933931529522
0.10213297000154853
0.10203447286039591
0.1019750339910388
0.10221099061891437
0.10188383609056473
0.10188316321000457
0.1031573279760778
0.10520638711750507
0.10323707293719053
0.10111499670892954
0.10129455802962184
0.1013966528698802
0.1029783496633172
0.10381674906238914
0.10235697822645307
0.10103803128004074
0.10284064337611198
0.10407432215288281
0.10210271598771214
0.10102325305342674
0.10150345601141453
0.10178942000493407
0.10329286567866802
