0.07950164098292589
0.08118302281945944
0.08053403627127409
0.0809690267778933
0.08089908491820097
0.08131519006565213
0.08086812775582075
0.08085296209901571
0.08072809595614672
0.08088971208781004
0.08079506130889058
0.08080478617921472
0.08127633016556501
0.08103028777986765
0.0807535219937563
0.08119848789647222
0.08130451990291476
0.0809345580637455
0.0808895262889564
0.08133485168218613
0.08138530608266592
0.08073957730084658
0.08082253392785788
0.0809160121716559
0.08093091286718845
0.08092523785308003
0.08064872119575739
0.08077217219397426
0.08103633485734463
0.08338129287585616
0.08286995999515057
0.08060839679092169
0.08077850891277194
0.08073515212163329
0.08090221462771297
0.08140962664037943
0.08084961818531156
0.0813334840349853
0.08091213321313262
0.08100564032793045
0.0809022388420999
0.08088241424411535
0.08090487215667963
0.08056487329304218
0.08069155598059297
0.08027054602280259
0.08053269889205694
0.08063329290598631
0.08020657487213612
0.08058591512963176
0.08048954326659441
0.08004198176786304
0.08103853790089488
0.08074356522411108
0.08068454079329967
0.0802748310379684
0.0811345768161118
0.08067388599738479
0.08083764463663101
0.08146075997501612
0.08088766131550074
0.08112586103379726
0.0805879719555378
0.08110681409016252
0.08096937602385879
0.08064670441672206
0.08094915095716715
0.08117643604055047
0.08113595470786095
0.08145287819206715
0.08085715910419822
0.08090246515348554
0.0811141631565988
0.0812088530510664
0.08079918706789613
0.08112146891653538
0.08048840099945664
0.08106463123112917
0.08027327107265592
0.08081244304776192
0.08087298180907965
0.08079826459288597
0.08035268867388368
0.08038429776206613
0.08058324409648776
0.08043541945517063
0.08040097495540977
0.08052683481946588
0.08018815191462636
0.08089150907471776
0.08050320018082857
0.08094012690708041
0.08046113001182675
0.08076664200052619
0.08079813607037067
0.08098832610994577
0.08118534926325083
0.08099546795710921
0.08058580057695508
0.08115487080067396
0.08082240400835872
0.0809529279358685
0.08076952071860433
0.08098049787804484
0.08186512812972069
0.08369375905022025
0.08273337502032518
0.08009866392239928
0.0809608199633658
0.08064230298623443
0.0813132249750197
0.08103768806904554
0.08077425509691238
0.08121728664264083
0.08068733103573322
0.08073488203808665
0.081181266810745
0.08063762821257114
0.08091367036104202
0.08084110682830215
0.08058463362976909
0.0805929540656507
0.08054762799292803
0.0803144802339375
0.08024171786382794
0.08055214863270521
0.0815114970318973
0.08057661214843392
0.08049499616026878
0.08032860700041056
0.08025637734681368
0.08029440930113196
0.08073438331484795
0.0802974789403379
0.08044681092724204
0.08040585275739431
0.080776440910995
0.08065715013071895
0.08072686102241278
0.08088200632482767
0.0808954257518053
0.08085338119417429
0.08177882106974721
0.0832145418971777
0.08257161499932408
0.0805546729825437
0.08033773396164179
0.08052717708051205
0.08115778909996152
0.08069126680493355
0.08051283517852426
0.08106990391388535
0.08063762215897441
0.08149823499843478
0.08081149216741323
0.08094546711072326
0.08077506581321359
0.08058403478935361
0.08076157886534929
0.08044923283159733
0.08033676631748676
0.08003862295299768
0.08023931505158544
0.08011695323511958
0.08042087219655514
0.08038549777120352
0.08063860097900033
0.08052077796310186
0.0807124306447804
0.08064451906830072
0.08045690599828959
0.0806889571249485
0.08065101131796837
0.08077457221224904
0.08078980213031173
0.08088930835947394
0.08068118384107947
0.08052672911435366
0.08108897088095546
0.08100206824019551
0.08180715376511216
0.08339177398011088
0.08303536521270871
0.08006015187129378
0.08096510404720902
0.08024705993011594
0.0810550139285624
0.08113989373669028
0.0804792302660644
0.08061856869608164
0.08059894200414419
0.08104784088209271
0.08080808026716113
0.08075952297076583
0.08063719514757395
0.08082350483164191
0.080335708335042
0.08055715495720506
0.08056885609403253
0.08005959913134575
0.08129279315471649
0.08175193285569549
0.08145469194278121
0.08008787408471107
0.08009760128334165
0.08013239596039057
0.07992506213486195
0.0799976522102952
0.08074612263590097
0.08043776219710708
0.0806124908849597
0.08009061170741916
0.08053405210375786
0.0808392302133143
0.080414277035743
0.081082409247756
0.08074819203466177
0.08088281890377402
0.08091068919748068
0.08094373298808932
0.08066435903310776
0.0807838118635118
0.08058710861951113
0.08064089994877577
0.08028283901512623
0.08020013524219394
0.08046975685283542
0.0804764162749052
0.07997939875349402
0.08004823978990316
0.08028936805203557
0.08001609379425645
0.08054383797571063
0.08007769705727696
0.08022202691063285
0.08073884295299649
0.0809205686673522
0.08076581219211221
0.08053566701710224
0.08100135438144207
0.08109612204134464
0.08079057233408093
0.08092199685052037
0.08069092407822609
0.08060161070898175
0.08094484824687243
0.08092039776965976
0.08036072598770261
0.08049969933927059
0.08045937493443489
0.08005613181740046
0.08085802709683776
0.0830199159681797
0.0827382979914546
0.08080623997375369
0.08032091008499265
0.08010209398344159
0.08056439086794853
0.0800308296456933
0.08025148464366794
0.08014383586123586
0.07969014765694737
0.07979883719235659
0.08065427606925368
0.08078043116256595
0.08039187639951706
0.08049347717314959
0.08050766820088029
0.08067530719563365
0.08025914104655385
0.08079305710271001
0.080053242854774
0.08063024003058672
0.08058752724900842
0.08054667199030519
0.08129384135827422
0.08276018686592579
0.08015096979215741
0.08057333901524544
0.08083906304091215
0.08066606102511287
0.08079970488324761
0.08036297373473644
0.07986974902451038
0.08034703135490417
0.08244959497824311
0.08185177994892001
0.08048630505800247
0.07979151699692011
0.07968536578118801
0.08020416973158717
0.07975488994270563
0.08022265275940299
0.08012391114607453
0.08016492333263159
0.0803774818778038
0.08012982597574592
0.08050234196707606
0.08037953218445182
0.0804610438644886
0.08061058213934302
0.08080950193107128
0.08067636378109455
0.08087608497589827
0.08092000568285584
0.08070081798359752
0.08029630081728101
0.08033048268407583
0.08010492799803615
0.07948486786335707
0.07974874880164862
0.07991366880014539
0.0802511228248477
0.08160349633544683
0.0807620557025075
0.07944945199415088
0.08009399799630046
0.08040376706048846
0.0810205452144146
0.08088183775544167
0.0801447150297463
0.08058226993307471
0.08058301219716668
0.08044924680143595
0.08023630222305655
0.08012345526367426
0.08101039472967386
0.08079214626923203
0.08059615176171064
0.08062091702595353
0.07981014298275113
0.08015161287039518
0.08033320726826787
0.07998556271195412
0.0798252229578793
0.0798244415782392
0.08122372394427657
0.08107514074072242
0.07994669210165739
0.07999087497591972
0.08032803516834974
0.08115026028826833
0.0811433857306838
0.07998901885002851
0.08025559596717358
0.08031103480607271
0.08035138668492436
0.08067559776827693
0.08046792913228273
0.08072679815813899
0.08062300179153681
0.08021154580637813
0.08036966901272535
0.08031324110925198
0.08043507765978575
0.07978594209998846
0.07952550379559398
0.07948732003569603
0.07992130937054753
0.08136697020381689
0.08142284210771322
0.08140782080590725
0.08142931293696165
0.08093246398493648
0.08017555391415954
0.08024032134562731
0.08095270721241832
0.08042770670726895
0.08057066006585956
0.08093697112053633
0.08156294701620936
0.08024943480268121
0.08067858126014471
0.08047964982688427
0.08075959887355566
0.08047499042004347
0.08091745991259813
0.0805381890386343
0.08051346335560083
0.08080222271382809
0.08062982419505715
0.08036210294812918
0.08010231237858534
0.08006534678861499
0.08025309816002846
0.08003673423081636
0.07989383023232222
0.08012896776199341
0.07995285373181105
0.08065813779830933
0.08048122236505151
0.08046255493536592
0.08085553534328938
0.08094075601547956
0.08042577374726534
0.0802537091076374
0.08057584706693888
0.08049894589930773
0.08048436511307955
0.08046444691717625
0.0802121520973742
0.08037066319957376
0.08082003518939018
0.08053909288719296
0.08020624378696084
0.07998579181730747
0.08019304275512695
0.07986814714968204
0.07967074308544397
0.0801295880228281
0.0796811068430543
0.08058304758742452
0.080205999314785
0.08028163108974695
0.08067401312291622
0.08038128120824695
0.08023910271003842
0.08081817300990224
0.08116511907428503
0.08103961311280727
0.0810532933101058
0.08136498834937811
0.08053528005257249
0.08037665067240596
0.0808155289851129
0.08054221281781793
0.0808320390060544
0.0807689200155437
0.08089007902890444
0.0803956207819283
0.08052130090072751
0.0806981329806149
0.08026919327676296
0.08040870493277907
0.08003475703299046
0.07999635301530361
0.08002018975093961
0.08046430023387074
0.08052899409085512
0.08029799023643136
0.08064378937706351
0.08033547317609191
0.08066126378253102
0.08063785266131163
0.08043918898329139
0.08085188688710332
0.08063293900340796
0.08091497514396906
0.08094600215554237
0.08091809414327145
0.08043248765170574
0.08041633293032646
0.08065151330083609
0.08094587083905935
0.08090421697124839
0.08042193436995149
0.08056825818493962
0.080018678214401
0.08036854676902294
0.08026649197563529
0.0800691656768322
0.08033346896991134
0.07995678810402751
0.08066701889038086
0.08021290227770805
0.08025307208299637
0.08077939273789525
0.08096938719972968
0.08102422207593918
0.08072279999032617
0.080342513974756
0.0803862577304244
0.08110530534759164
0.08041009120643139
0.08095573494210839
0.0808124402537942
0.08129641087725759
0.08118412783369422
0.08068217989057302
0.0805213158018887
0.0808279849588871
0.08115495694801211
0.08044387912377715
0.08055856497958302
0.08096475480124354
0.08032407332211733
0.08088937681168318
0.08006240241229534
0.07897448586300015
0.07987716188654304
0.07949239667505026
0.08025565324351192
0.07955573266372085
0.08015314489603043
0.08020863775163889
0.08031268883496523
0.08049899293109775
0.08012694865465164
0.07973800506442785
0.08013949543237686
0.08054179372265935
0.0803777389228344
0.0798570029437542
0.08033295813947916
0.0820197481662035
0.08269299566745758
0.07972723338752985
0.08101868722587824
0.08054929599165916
0.08268373413011432
0.08210538886487484
0.07967344811186194
0.07934550615027547
0.0818113493733108
0.08216181769967079
0.08235087199136615
0.08022357989102602
0.07959189498797059
0.0801276508718729
0.08206465374678373
0.08121387381106615
0.08038543071597815
0.07943989289924502
0.07959750480949879
0.07991449302062392
0.08017057692632079
0.07975112413987517
0.07968998979777098
0.0798337790183723
0.07966321520507336
0.07992546679452062
0.07972522405907512
0.07983663724735379
0.0794086679816246
0.07979270163923502
0.07971533900126815
0.07977973110973835
0.08134104683995247
0.08111839229241014
0.07953576138243079
0.08045029873028398
0.08075655717402697
0.08223545784130692
0.08240456087514758
0.08059120317921042
0.08154519321396947
0.08101440221071243
0.08177038002759218
0.08238129178062081
0.08228356158360839
0.08050106605514884
0.08062503300607204
0.08172821393236518
0.0820240918546915
0.0815875492990017
0.08089242596179247
0.08108085580170155
0.08098358986899257
0.08150782203301787
0.08073449414223433
0.08077955897897482
0.08073118003085256
0.08138776011765003
0.081012022215873
0.08096107933670282
0.0810698252171278
0.08112826710566878
0.0810554288327694
0.08066445728763938
0.08060968294739723
0.08056250400841236
0.08088118862360716
0.08062916388735175
0.08073637215420604
0.08080616919323802
0.08115019975230098
0.08071554405614734
0.08042290713638067
0.08035935275256634
0.08057285007089376
0.08077255403622985
0.08042441494762897
0.08059279108420014
0.07988726999610662
0.0802808003500104
0.08016861230134964
0.08015473699197173
0.08017708035185933
0.07988871680572629
0.0800571390427649
0.08028345368802547
0.0802450617775321
0.08034933684393764
0.08055741572752595
0.08072176482528448
0.08053318411111832
0.08041287492960691
0.08092583483085036
0.08082489483058453
0.08091577794402838
0.08100792998448014
0.08087865589186549
0.08075372176244855
0.08069307683035731
0.08069206681102514
0.08035503001883626
0.0805910318158567
0.08050413988530636
0.08026496786624193
0.08003480592742562
0.08042038604617119
0.0799181698821485
0.08042816305533051
0.08169385883957148
0.08172443974763155
0.07938871439546347
0.08022624999284744
0.08142359787598252
0.08186045289039612
0.08147678896784782
0.08001380693167448
0.07973286183550954
0.08012893097475171
0.08064359473064542
0.0802098591811955
0.0807982231490314
0.08061321405693889
0.08074821019545197
0.08077280782163143
0.08076572325080633
0.08031631587073207
0.0802614763379097
0.08050694828853011
0.08068845793604851
0.08053198782727122
0.08063754579052329
0.08024757821112871
0.08072205912321806
0.08046277379617095
0.0801339759491384
0.08069402212277055
0.08232061564922333
0.082068488933146
0.08043237123638391
0.0802527591586113
0.08130798395723104
0.08225176902487874
0.0816997280344367
0.08058002078905702
0.07962793298065662
0.08008509408682585
0.0818082420155406
0.08138114400207996
0.07988804439082742
0.07982475683093071
0.08003300474956632
0.08033529343083501
0.08004524884745479
0.0806760280393064
0.08011811738833785
0.08027212927117944
0.08081531524658203
0.081000748090446
0.0801587849855423
0.08062278991565108
0.08038483606651425
0.08017968479543924
0.08016388397663832
0.08000068599358201
0.0798747818917036
0.07984768226742744
0.07959258137270808
0.08017322700470686
0.08013883884996176
0.08118907222524285
0.08115278603509068
0.08013017429038882
0.07976914010941982
0.07998204557225108
0.08097829576581717
0.08069965429604053
0.0803016028366983
0.08058519195765257
0.08007256593555212
0.08016574429348111
0.0810009972192347
0.08092780271545053
0.08060232922434807
0.08021403197199106
0.08021562360227108
0.08003902109339833
0.07992475805804133
0.07982282200828195
0.07982018031179905
0.08020815905183554
0.08066123072057962
0.08035310031846166
0.08140820078551769
0.08066428732126951
0.0808789785951376
0.08008411107584834
0.08064534608274698
0.08059782022610307
0.08040930796414614
0.08067095605656505
0.08018084289506078
0.0803496791049838
0.08082218514755368
0.08003768930211663
0.08028385508805513
0.08018583804368973
0.07983838813379407
0.0802271319553256
0.07998771220445633
0.08006425108760595
0.08033474301919341
0.08001707820221782
0.0807138648815453
0.08028391283005476
0.08063760492950678
0.08106510387733579
0.08066438511013985
0.08094363939017057
0.08040214190259576
0.08108074683696032
0.08084855508059263
0.08099923888221383
0.08066722983494401
0.08062055008485913
0.08076270390301943
0.08023845218122005
0.08006819477304816
0.0802330058068037
0.08014601795002818
0.0800456372089684
0.07998464303091168
0.08014728594571352
0.08002499211579561
0.08056829078122973
0.07995770871639252
0.08042185520753264
0.08055479498580098
0.08049882901832461
0.08036795072257519
0.08023660583421588
0.08083493588492274
0.08069258881732821
0.08036882989108562
0.08046419499441981
0.0808736439794302
0.08029388589784503
0.0802693753503263
0.07998738903552294
0.08249820629134774
0.08220229810103774
0.07981730904430151
0.07970549305900931
0.080259018111974
0.08230479108169675
0.08158459840342402
0.07947023073211312
0.07969673303887248
0.08042642567306757
0.08160470332950354
0.08121767127886415
0.07998013915494084
0.08041733969002962
0.08005244564265013
0.08013988239690661
0.08008559513837099
0.0801766742952168
0.08001204486936331
0.0804998567327857
0.08076228201389313
0.08050773665308952
0.08085449505597353
0.07995636109262705
0.07993996143341064
0.0798582760617137
0.07961146580055356
0.07970804115757346
0.07969619007781148
0.07975242706015706
0.08014848409220576
0.08028765907511115
0.08057821402326226
0.08048917399719357
0.08080675778910518
0.08078950783237815
0.08061038563027978
0.0811324929818511
0.08069099485874176
0.08095492888242006
0.08035497972741723
0.0810731090605259
0.08063190104439855
0.08053300809115171
0.0811760388314724
0.08047380205243826
0.08030268410220742
0.07984842825680971
0.0798641168512404
0.08017271803691983
0.0804715002886951
0.08012187667191029
0.08052457310259342
0.08018355024978518
0.08014400396496058
0.08000690303742886
0.08063678769394755
0.08111640019342303
0.08053251774981618
0.08039034623652697
0.08039744198322296
0.08064579265192151
0.08015063777565956
0.07968903286382556
0.08020101813599467
0.0798053196631372
0.07975006103515625
0.07989363605156541
0.08026354992762208
0.08056280529126525
0.08010210795328021
0.08035068633034825
0.08023998187854886
0.08087484072893858
0.08059085626155138
0.08025946700945497
0.08003648463636637
0.0798901510424912
0.0802220250479877
0.08050353080034256
0.07993697235360742
0.08017350267618895
0.08035076502710581
0.08098456775769591
0.08332038531079888
0.08227370493113995
0.08034609630703926
0.07938055275008082
0.07988710002973676
0.07967656524851918
0.08018361404538155
0.07964992895722389
0.07983362907543778
0.08026905683800578
0.0805073226802051
0.08043900085613132
0.08053884888067842
0.08048092992976308
0.08012959733605385
0.08029999537393451
0.08047067886218429
0.08065722789615393
0.08034521341323853
0.08032646402716637
0.08070124499499798
0.08012823341414332
0.07983768405392766
0.08004074869677424
0.07973812194541097
0.079638940282166
0.07965598488226533
0.08004063228145242
0.08096347795799375
0.08126025088131428
0.08013498084619641
0.08016933873295784
0.08025282574817538
0.08013315917924047
0.08045509364455938
0.08042435394600034
0.08033353416249156
0.08011932298541069
0.08015535213053226
0.07993756793439388
0.07992042880505323
0.08002881798893213
0.07971983682364225
0.0798512571491301
0.07987391017377377
0.08026862004771829
0.08131243661046028
0.08106681518256664
0.08009379170835018
0.08056012680754066
0.08038276294246316
0.08054204192012548
0.0806306442245841
0.08019949262961745
0.08047411730512977
0.08000611793249846
0.08020328683778644
0.08014116808772087
0.07957985391840339
0.08017449826002121
0.07989798672497272
0.07972451718524098
0.07970704790204763
0.07984098000451922
0.07974001718685031
0.08025937294587493
0.08003383083269
0.08051031781360507
0.08041031798347831
0.08025237591937184
0.08011683775112033
0.08022032678127289
0.08003079099580646
0.08070350904017687
0.08026236202567816
0.0800232901237905
0.08000835124403238
0.0800674450583756
0.07986698625609279
0.07984350295737386
0.07970878994092345
0.07951606204733253
0.08028577594086528
0.0800481541082263
0.08057641610503197
0.08037261804565787
0.08024753397330642
0.08041061880066991
0.08033187035471201
0.08057739026844501
0.08054373832419515
0.08057374693453312
0.08049945207312703
0.080427261069417
0.08025396522134542
0.07990450225770473
0.08009849488735199
0.0821697199717164
0.08186691766604781
0.07983968826010823
0.07958711916580796
0.08034932008013129
0.08155690878629684
0.08145647682249546
0.08008832857012749
0.07982671819627285
0.08019220875576138
0.08136386703699827
0.0810294602997601
0.08022592402994633
0.08005145424976945
0.08111287793144584
0.08045518305152655
0.08088973816484213
0.08072334202006459
0.0806789081543684
0.0806212448514998
0.08049463806673884
0.0803689849562943
0.08064558217301965
0.08068801462650299
0.08024726761505008
0.08099020272493362
0.08006218587979674
0.07989338506013155
0.0802929881028831
0.0801145532168448
0.07982161082327366
0.07980513107031584
0.0803729360923171
0.08161892089992762
0.08102246606722474
0.08010502811521292
0.08016379689797759
0.08067735098302364
0.08123827492818236
0.08127457229420543
0.08018665295094252
0.08052011020481586
0.08049660781398416
0.0808143918402493
0.08079126663506031
0.08034933777526021
0.08028172701597214
0.08064559707418084
0.0805665161460638
0.08101019263267517
0.08035014010965824
0.08014947781339288
0.08010953990742564
0.08014734461903572
0.07996127614751458
0.08001185394823551
0.08031139196828008
0.08026214223355055
0.0799537361599505
0.0803238213993609
0.08016131725162268
0.08106518583372235
0.08117564301937819
0.08086935756728053
0.08067060215398669
0.08067515585571527
0.08033389132469893
0.08006516471505165
0.08026011195033789
0.08020960865542293
0.08016574801877141
0.07997628394514322
0.08003687020391226
0.07950533460825682
0.07980026723816991
0.07993101514875889
0.08002963103353977
0.08000734494999051
0.08087377203628421
0.07996900286525488
0.0800758539699018
0.08065674500539899
0.08086179988458753
0.08056105813011527
0.08057873276993632
0.08061288483440876
0.08041300484910607
0.08073856821283698
0.08101384714245796
0.08048339188098907
0.08058885764330626
0.08075527800247073
0.08045916398987174
0.08004142297431827
0.08070294000208378
0.08000337798148394
0.08017865475267172
0.08001641510054469
0.07972427271306515
0.08003857312723994
0.07997365761548281
0.08087458088994026
0.0803773608058691
0.08219331409782171
0.08031351724639535
0.08068680390715599
0.08043614123016596
0.08083908492699265
0.0805364940315485
0.0806387779302895
0.08082428108900785
0.08042124565690756
0.08098310604691505
0.08095753891393542
0.08056367235258222
0.08046667091548443
0.08044556016102433
0.08049561409279704
0.08029672410339117
0.08019966585561633
0.07991556683555245
0.07958928076550364
0.07997301826253533
0.07936456007882953
0.08004012983292341
0.08012660592794418
0.08100014179944992
0.08054162422195077
0.08029139088466763
0.08019570587202907
0.08069332595914602
0.08032716112211347
0.08071560505777597
0.08035375503823161
0.0807052101008594
0.08022503089159727
0.08050954062491655
0.08036615094169974
0.08019175520166755
0.08078091684728861
0.08307327888906002
0.08232927601784468
0.07986258901655674
0.08043747302144766
0.08051089802756906
0.08260439289733768
0.08245356660336256
0.07981876796111465
0.08011574065312743
0.07933021383360028
0.07995956018567085
0.07993446895852685
0.07981455279514194
0.07981428503990173
0.08020916907116771
0.08045987924560905
0.0803198586218059
0.08022475289180875
0.08065336802974343
0.08024344639852643
0.08089022478088737
0.08060402562841773
0.08032959420233965
0.08018165407702327
0.08008277975022793
0.08086604112759233
0.07989801885560155
0.07945098169147968
0.08025584882125258
0.0802082410082221
0.07966330694034696
0.07966247387230396
0.08043265901505947
0.08097195019945502
0.08148011611774564
0.08035961212590337
0.08048311900347471
0.08025548188015819
0.08077678503468633
0.0808411417528987
0.08033963991329074
0.08027103589847684
0.08049702597782016
0.08031666371971369
0.080339799169451
0.08111099200323224
0.08062618598341942
0.08011804986745119
0.08086892683058977
0.08024672186002135
0.08074000524356961
0.08003011299297214
0.08019962906837463
0.08031572913751006
0.08028068579733372
0.0802745190449059
0.0820226538926363
0.08171452209353447
0.08016015822067857
0.08118096785619855
0.08093374874442816
0.08148098411038518
0.08124073781073093
0.07996026519685984
0.08051348198205233
0.08086654776707292
0.08147531794384122
0.08096505608409643
0.08055060403421521
0.08035406284034252
0.0807254109531641
0.08110055467113853
0.08047556318342686
0.08062394009903073
0.08069329522550106
0.0807645651511848
0.08061235304921865
0.08042822079733014
0.08050075080245733
0.08053503278642893
0.08011224307119846
0.08001625025644898
0.08021205198019743
0.07991764694452286
0.08015629323199391
0.08015931816771626
0.07996165566146374
0.08103262400254607
0.08070176187902689
0.08158898074179888
0.08230655686929822
0.08153613843023777
0.08014902705326676
0.08019560109823942
0.0817792359739542
0.08148637227714062
0.07990548992529511
0.08067384315654635
0.08087776089087129
0.08101336006075144
0.081510822288692
0.08070971164852381
0.08054718095809221
0.0805175262503326
0.08110439870506525
0.08118115179240704
0.08045591413974762
0.0808508051559329
0.08035584585741162
0.08169897412881255
0.08108919486403465
0.08079385617747903
0.08105998625978827
0.0809639380313456
0.08043140871450305
0.0806966726668179
0.08067582035437226
0.08006086805835366
0.0805967366322875
0.08036802103742957
0.07978694792836905
0.08008682634681463
0.0805752370506525
0.08014990715309978
0.07964170398190618
0.07969651697203517
0.08010693220421672
0.08119509601965547
0.08106067404150963
0.07995213195681572
0.08025424601510167
0.08046702109277248
0.08068276708945632
0.08050587959587574
0.08048503194004297
0.08052805298939347
0.08025848073884845
0.08061595493927598
0.08064610185101628
0.08051237789914012
0.08059215173125267
0.08066199813038111
0.08051337115466595
0.08014512015506625
0.08001944934949279
0.0801216191612184
0.08038282720372081
0.08005097787827253
0.08003878779709339
0.08094166219234467
0.08178213704377413
0.08132657315582037
0.0809057098813355
0.0810329238884151
0.08070024289190769
0.08160608680918813
0.08122910559177399
0.08000104036182165
0.08118413761258125
0.08090653317049146
0.08131980942562222
0.08126183738932014
0.08065724419429898
0.08072648523375392
0.08075617300346494
0.08112304517999291
0.08111556386575103
0.08077327301725745
0.08093777485191822
0.08034668397158384
0.08083225460723042
0.08087243791669607
0.08086258498951793
0.08097574068233371
0.08101690374314785
0.0807453328743577
0.08062169002369046
0.08098601317033172
0.08095891820266843
0.08141713496297598
0.08098680106922984
0.08074516290798783
0.08080586604773998
0.08106692414730787
0.08077443623915315
0.08052897406741977
0.0810674000531435
0.08070981176570058
0.08030891884118319
0.08043584693223238
0.08003865228965878
0.08050995599478483
0.08089876873418689
0.08166233683004975
0.08171193208545446
0.08024332718923688
0.0805741180665791
0.08110237214714289
0.08145221043378115
0.0818243226967752
0.08024062309414148
0.08066775882616639
0.08102964702993631
0.08175233704969287
0.08147031115368009
0.08085942920297384
0.08105254312977195
0.08101151697337627
0.08167598582804203
0.0814739870838821
0.08091685315594077
0.08119721803814173
0.08222566172480583
0.08249472314491868
0.08269060170277953
0.08106727711856365
0.08192171109840274
0.08107477612793446
0.08257166389375925
0.0823907176963985
0.08330642525106668
0.08182276412844658
0.08386085601523519
0.08139213314279914
0.08208460314199328
0.0839256620965898
0.08181044179946184
0.0816203192807734
0.0818616496399045
0.08187875431030989
0.08207855233922601
0.08186596678569913
0.08178166998550296
0.08232394326478243
0.08231613785028458
0.08145248191431165
0.08180921105667949
0.08161918027326465
0.08218441298231483
0.08143122401088476
0.08038075966760516
0.08044554712250829
0.08119287714362144
0.08158422587439418
0.08154936088249087
0.08073185198009014
0.08058525901287794
0.08095048787072301
0.08061472093686461
0.08046338194981217
0.08073406061157584
0.08043868793174624
0.08099447004497051
0.08085545618087053
0.08070852560922503
0.08078547799959779
0.0812328509055078
0.08150965254753828
0.08175496198236942
0.08088554814457893
0.08073857519775629
0.08025100501254201
0.08090888196602464
0.08092062175273895
0.08135005785152316
0.08026399277150631
0.0805691359564662
0.08029792970046401
0.08020078158006072
0.08084396412596107
0.0804435252211988
0.08279134193435311
0.08240651106461883
0.08026526495814323
0.08026865869760513
0.08071324601769447
0.08299881685525179
0.08234932459890842
0.08024131692945957
0.08043854404240847
0.0809168079867959
0.08310393430292606
0.08287685085088015
0.0809932448901236
0.08076477190479636
0.0806760573759675
0.08045052597299218
0.08013983396813273
0.08002556767314672
0.08145927032455802
0.0801660749129951
0.08043850492686033
0.08031634707003832
0.08017911296337843
0.08036671206355095
0.08084861608222127
0.08074018079787493
0.08085769414901733
0.08088066522032022
0.08080197591334581
0.08079607412219048
0.08082310715690255
0.08074336126446724
0.0807868312112987
0.08075199509039521
0.08092244528234005
0.08036835910752416
0.08097387012094259
0.08045618375763297
0.08045637188479304
0.08062761928886175
0.08046883996576071
0.08075779397040606
0.08094884175807238
0.0806530388072133
0.08023209078237414
0.08088627085089684
0.0806259443052113
0.08075615996494889
0.08046039193868637
0.08059100201353431
0.08121446054428816
0.08061009692028165
0.07994153071194887
0.0803985851816833
0.08014357788488269
0.0804321956820786
0.08016711194068193
0.08076533582061529
0.08041989803314209
0.08095721388235688
0.08039835188537836
0.08074352005496621
0.08039020095020533
0.08072002604603767
0.08045184100046754
0.08102724514901638
0.08070609997957945
0.08049454679712653
0.0799839380197227
0.08056264091283083
0.08052446087822318
0.08053170191124082
0.08014141395688057
0.08014903217554092
0.08002476301044226
0.07998073007911444
0.07986865006387234
0.07978502800688148
0.07996153738349676
0.07949636690318584
0.08033882826566696
0.08036869298666716
0.08009906811639667
0.08073189994320273
0.08090875018388033
0.08086777990683913
0.08063571387901902
0.08021473186090589
0.08083901973441243
0.08079956332221627
0.08073440985754132
0.08048641309142113
0.07977917836979032
0.08016090700402856
0.08028782485052943
0.08008874114602804
0.07991959899663925
0.08086546417325735
0.08069760305806994
0.08206534897908568
0.08169104903936386
0.08049108320847154
0.07985169533640146
0.0807546628639102
0.08154719928279519
0.08140571974217892
0.07990520913153887
0.08020843612030149
0.08097178628668189
0.08176705799996853
0.08147820504382253
0.08076483616605401
0.0806526867672801
0.08060088381171227
0.0808259048499167
0.08038832293823361
0.08071925025433302
0.08113913703709841
0.08109435671940446
0.08077125297859311
0.08096911385655403
0.08095507323741913
0.08096799161285162
0.0809631128795445
0.08057892508804798
0.08083967864513397
0.08090149704366922
0.080901640933007
0.08088800823315978
0.08063738001510501
0.08087638393044472
0.08068343298509717
0.08077387139201164
0.08086354192346334
0.08043404622003436
0.08077461505308747
0.08090687030926347
0.08320786524564028
0.08272431418299675
0.0806036596186459
0.08102394500747323
0.08105976786464453
0.08333657495677471
0.08273252006620169
0.08039571810513735
0.08070643665269017
0.08050460508093238
0.08128444105386734
0.08094718912616372
0.08060953998938203
0.08077128697186708
0.0805304292589426
0.08036271715536714
0.0804514940828085
0.08016323670744896
0.08014403888955712
0.07992394221946597
0.080565488897264
0.080242486204952
0.08026276668533683
0.08063067868351936
0.08031928818672895
0.08073738915845752
0.08039766689762473
0.08055241126567125
0.08068925188854337
0.08088048221543431
0.08096032030880451
0.08066595112904906
0.08076159516349435
0.08078718697652221
0.08092327881604433
0.08102174708619714
0.08088868483901024
0.08114876504987478
0.08089563110843301
0.08065961580723524
0.08058733493089676
0.08050966821610928
0.08032303769141436
0.08037436800077558
0.08068127417936921
0.08009864017367363
0.08026282396167517
0.07984707364812493
0.08020360907539725
0.07976686395704746
0.0807643779553473
0.08059379365295172
0.0805295929312706
0.08037661528214812
0.0806345883756876
0.0802224618382752
0.08055697614327073
0.08026837790384889
0.08006298681721091
0.08029884891584516
0.08020660700276494
0.0805615009739995
0.08026147400960326
0.08020667498931289
0.07947716629132628
0.08052552491426468
0.0818836772814393
0.08231174713000655
0.07971546705812216
0.08000498404726386
0.0801170221529901
0.08161049289628863
0.08154815714806318
0.08003544714301825
0.07979130791500211
0.08012561593204737
0.0804553609341383
0.08032120577991009
0.0800587460398674
0.08068542834371328
0.08079583896324039
0.08044448867440224
0.0802294728346169
0.08009927393868566
0.08025467814877629
0.08023608243092895
0.07978434581309557
0.07973151793703437
0.07986380904912949
0.07978271506726742
0.07956961216405034
0.07987794699147344
0.07963982596993446
0.08014214877039194
0.08099442673847079
0.08121784636750817
0.0801361883059144
0.08011793904006481
0.08054865803569555
0.08046594588086009
0.0806984743103385
0.08029518695548177
0.08019701484590769
0.08048045495525002
0.08030299190431833
0.07986429613083601
0.07979037798941135
0.0797126148827374
0.07946819392964244
0.07968578115105629
0.08013832522556186
0.08000545809045434
0.08015077793970704
0.08019625628367066
0.08020052965730429
0.08004149608314037
0.08036624686792493
0.08048349991440773
0.08009497728198767
0.08050274010747671
0.07989917602390051
0.0801108069717884
0.08029060205444694
0.0802664328366518
0.07996238768100739
0.0798908332362771
0.0794828562065959
0.08017281908541918
0.0797430258244276
0.08043102081865072
0.07986995717510581
0.08013658365234733
0.08004139503464103
0.08010602602735162
0.08011170383542776
0.08003065036609769
0.07998118782415986
0.08002728084102273
0.07987445639446378
0.08002693625167012
0.0817087241448462
0.08151070028543472
0.07939011603593826
0.07939369278028607
0.0796289169229567
0.07979534706100821
0.07985179917886853
0.08028497220948339
0.08061925088986754
0.08073233114555478
0.08029213594272733
0.08009475190192461
0.08030508598312736
0.08042470226064324
0.08027183217927814
0.07955996878445148
0.07968827988952398
0.07952455384656787
0.07954422384500504
0.07940863678231835
0.07946979673579335
0.08012518333271146
0.08035788778215647
0.0805733809247613
0.08089129207655787
0.08017755206674337
0.07995469216257334
0.08007150096818805
0.08035874087363482
0.08057191409170628
0.08011158416047692
0.07956273760646582
0.08017417788505554
0.08034990821033716
0.08010530099272728
0.07975848903879523
0.0795436599291861
0.0800237930379808
0.08015308668836951
0.08010858483612537
0.080226537771523
0.0803902680054307
0.08025378501042724
0.08065515803173184
0.08012490440160036
0.07979642087593675
0.07984103402122855
0.07965554483234882
0.07958804676309228
0.07927457988262177
0.07942267833277583
0.07967792032286525
0.08038387726992369
0.08023469196632504
0.08032015012577176
0.08041054615750909
0.08053271705284715
0.08076860196888447
0.0807113517075777
0.08064672816544771
0.08060477394610643
0.08041845308616757
0.08015038026496768
0.07992820907384157
0.08003001799806952
0.07955478597432375
0.07972663082182407
0.0796800903044641
0.08027582336217165
0.08110657101497054
0.08098497614264488
0.0797825288027525
0.08038323605433106
0.08026950899511576
0.08036201633512974
0.08029700489714742
0.08041167818009853
0.0801380081102252
0.08015073090791702
0.0801343941129744
0.07988266414031386
0.07977081695571542
0.07973082596436143
0.07972277281805873
0.07987036602571607
0.07994131185114384
0.08004749706014991
0.08114288095384836
0.08102310309186578
0.07999215507879853
0.08038132824003696
0.08013467583805323
0.08052440034225583
0.08090046979486942
0.08068537898361683
0.08032368589192629
0.07993113715201616
0.08051956119015813
0.0800250000320375
0.07975501706823707
0.07966909697279334
0.07957333186641335
0.0794972819276154
0.07986108120530844
0.08001073775812984
0.07990970183163881
0.08077081106603146
0.08026322070509195
0.0803270791657269
0.08034165436401963
0.080268619582057
0.08035845821723342
0.0805702330544591
0.08093555038794875
0.0810134788043797
0.0823779166676104
0.08268877491354942
0.08041277062147856
0.08026146283373237
0.08008457766845822
0.08046104712411761
0.07999396976083517
0.08028665604069829
0.07997781690210104
0.07924695406109095
0.07983124675229192
0.07965859398245811
0.07972480403259397
0.08010607166215777
0.08005054015666246
0.07982408301904798
0.08005532575771213
0.08008018368855119
0.08051057113334537
0.07985486602410674
0.08026954904198647
0.0803983579389751
0.0797327971085906
0.07986999209970236
0.07944337092339993
0.07940523698925972
0.0798858618363738
0.08003714866936207
0.08129483321681619
0.08089342014864087
0.07994944090023637
0.07995391776785254
0.08053043205291033
0.08044560998678207
0.08046415401622653
0.08033329620957375
0.08004082413390279
0.08026409707963467
0.08003867790102959
0.07961004693061113
0.07974129403010011
0.07968757301568985
0.07981197070330381
0.07977725611999631
0.07966148620471358
0.0801138342358172
0.07979734987020493
0.07993785198777914
0.08041638508439064
0.07995617995038629
0.0801087487488985
0.08052053581923246
0.08034044876694679
0.08002297068014741
0.0794385289773345
0.07961675291880965
0.07975328806787729
0.07968676090240479
0.08009620103985071
0.08003779780119658
0.08030792698264122
0.07997040497139096
0.0804490433074534
0.08031098172068596
0.07989464467391372
0.08005068497732282
0.08020216133445501
0.07985317427664995
0.08116305898874998
0.08231242885813117
0.08253374369814992
0.07963103614747524
0.08012317307293415
0.07977314479649067
0.08047279622405767
0.07988667814061046
0.07989668007940054
0.07973659783601761
0.07999318512156606
0.08043219894170761
0.08067441312596202
0.08024301007390022
0.0799957332201302
0.08010871801525354
0.08021752629429102
0.08050922211259604
0.08000116609036922
0.08028678689152002
0.08030722383409739
0.08002674905583262
0.08019838202744722
0.07950018579140306
0.07964543020352721
0.07979604508727789
0.07938639027997851
0.07987518375739455
0.08041650103405118
0.08108561113476753
0.08097154693678021
0.0800458830781281
0.08090336481109262
0.08059023832902312
0.08061559917405248
0.08032702514901757
0.08032100275158882
0.08043406810611486
0.08025480387732387
0.08049904927611351
0.07997304620221257
0.08023092010989785
0.0802937550470233
0.0801109429448843
0.08031589677557349
0.07991700898855925
0.0798721183091402
0.07987535512074828
0.08067328529432416
0.08048406522721052
0.08065411588177085
0.08019793219864368
0.0803613350726664
0.08066230826079845
0.08040447114035487
0.0808331030420959
0.08087064698338509
0.08056233683601022
0.0805600811727345
0.08073186501860619
0.08074632007628679
0.08117421995848417
0.08061973191797733
0.08036450669169426
0.08040819503366947
0.08031716616824269
0.07997711189091206
0.0802991739474237
0.08000761130824685
0.0802366272546351
0.08003299590200186
0.08028548583388329
0.08038498228415847
0.08033854700624943
0.08068506419658661
0.08037155587226152
0.08085437910631299
0.08103358931839466
0.08108271192759275
0.08103316789492965
0.08061101380735636
0.08126253122463822
0.08081919187679887
0.08087520813569427
0.08065916318446398
0.080665182787925
0.0809489949606359
0.08124394994229078
0.081077691167593
0.08095765532925725
0.08072088100016117
0.08062507584691048
0.08039299491792917
0.08077205112203956
0.0800517750903964
0.08044225908815861
0.08034597896039486
0.08052132511511445
0.0803002892062068
0.08083938201889396
0.08036092203110456
0.08062749495729804
0.08062848821282387
0.0808503832668066
0.0805348502472043
0.08077527489513159
0.08080087043344975
0.08048042934387922
0.08083240501582623
0.08112943591549993
0.08062396291643381
0.08058033790439367
0.08083062991499901
0.0809738663956523
0.08083966095000505
0.08075247937813401
0.08051390200853348
0.08111647935584188
0.08074649097397923
0.08109545288607478
0.08123355684801936
0.08175319293513894
0.08087844774127007
0.08084940304979682
0.08102480601519346
0.08061717404052615
0.0806464389897883
0.0807463089004159
0.08079937007278204
0.08076068433001637
0.08052609162405133
0.08035261696204543
0.0805771928280592
0.08031844301149249
0.08089804416522384
0.08039068384096026
0.08076995611190796
0.08080247417092323
0.08080945396795869
0.08081342279911041
0.08074705023318529
0.08108074311167002
0.08084427705034614
0.08061624132096767
0.08098366716876626
0.08045713929459453
0.08107024012133479
0.0808869544416666
0.08072664914652705
0.08082865225151181
0.08115460490807891
0.08125138422474265
0.08077475009486079
0.0809145849198103
0.08084880514070392
0.0808400260284543
0.08084810199216008
0.08081217668950558
0.08097168290987611
0.08091709995642304
0.08104174118489027
0.08169578900560737
0.08152709994465113
0.08095672400668263
0.08102240273728967
0.08070860709995031
0.08056899765506387
0.08071039104834199
0.08053923770785332
0.08040326181799173
0.08052962180227041
0.08063708432018757
0.08076367015019059
0.08038069400936365
0.08038622420281172
0.08082371577620506
0.08050421113148332
0.08087986428290606
0.08059660298749804
0.08096976391971111
0.08083039568737149
0.08056157128885388
0.08067045733332634
0.08055590791627765
0.08135782601311803
0.08104317495599389
0.08122187806293368
0.08110316516831517
0.08122885879129171
0.08121316693723202
0.0809043338522315
0.0808924688026309
0.08219464588910341
0.08119525387883186
0.08200719207525253
0.08191874995827675
0.08065014658495784
0.08120409632101655
0.08131223265081644
0.08174917614087462
0.08163488423451781
0.08041512686759233
0.0808126968331635
0.08177963504567742
0.08162377309054136
0.08160852594301105
0.08087635692209005
0.08061448810622096
0.08109734486788511
0.08177987392991781
0.08150380896404386
0.08039111783728004
0.08123683370649815
0.08084936300292611
0.081423195078969
0.08124699490144849
0.08039582008495927
0.08061045175418258
0.08051320863887668
0.08100735489279032
0.0810408890247345
0.08136991830542684
0.08125805016607046
0.08131483430042863
0.08098961086943746
0.08136212825775146
0.08176012337207794
0.08191794622689486
0.08211997523903847
0.08274361584335566
0.08229638636112213
0.08252443559467793
0.08182916603982449
0.08490413520485163
0.08246114104986191
0.082862404640764
0.08181748492643237
0.0829030042514205
0.08294552704319358
0.08240451710298657
0.08240837091580033
0.08236971637234092
0.08297728933393955
0.08434448298066854
0.08289464702829719
0.0829980787821114
0.08197277737781405
0.08238603081554174
0.08198389271274209
0.0819207658059895
0.0819339887239039
0.08206060575321317
0.08073577703908086
0.08061632700264454
0.08018528111279011
0.08012810908257961
0.08061106782406569
0.08067785482853651
0.08013999508693814
0.08026320114731789
0.08077790401875973
0.08102693501859903
0.08036868320778012
0.08040243573486805
0.08101068995893002
0.08055174117907882
0.08047222997993231
0.080580934882164
0.08044862793758512
0.08084580767899752
0.08072390267625451
0.08044113591313362
0.08079894818365574
0.080523697193712
0.08052277378737926
0.08063110895454884
0.08087470615282655
0.08312861295416951
0.08259932976216078
0.08007490076124668
0.08072929037734866
0.08030459517613053
0.08063282910734415
0.08107250090688467
0.08089044177904725
0.08037722203880548
0.08024715818464756
0.08012309670448303
0.07932828785851598
0.08013606816530228
0.07990162027999759
0.07973589701578021
0.08015366038307548
0.08024949068203568
0.08066991018131375
0.08041105698794127
0.08038446214050055
0.0803843792527914
0.0806370540522039
0.08062819810584188
0.08087540371343493
0.08060289081186056
0.08091324381530285
0.08062405698001385
0.08082899916917086
0.08090367401018739
0.08077336009591818
0.08057523611932993
0.0809098370373249
0.0808865400031209
0.08342393394559622
0.08258656924590468
0.08070117607712746
0.08061004336923361
0.08032993413507938
0.080339381005615
0.08081882307305932
0.08046213584020734
0.07983689615502954
0.08128080936148763
0.08004637015983462
0.07995868381112814
0.07996829831972718
0.08043377893045545
0.08012699894607067
0.08024452393874526
0.08063032943755388
0.08053618809208274
0.08056747680529952
0.08077531168237329
0.08113196911290288
0.0805760589428246
0.08059662161394954
0.08067254489287734
0.08085565408691764
0.08085508830845356
0.08029415598139167
0.08097589202225208
0.08082155091688037
0.08091117814183235
0.08082487573847175
0.08014954021200538
0.08098648302257061
0.08274274179711938
0.0825382168404758
0.08032102091237903
0.08106554485857487
0.08054555673152208
0.08050304790958762
0.08021843573078513
0.08056301530450583
0.08011336997151375
0.08022638317197561
0.07995841559022665
0.08019631821662188
0.0799229359254241
0.08015667088329792
0.08035531872883439
0.08069180697202682
0.08051769202575088
0.08039278676733375
0.08055125596001744
0.08087035594508052
0.08045596582815051
0.0807619160041213
0.08072980027645826
0.08054232411086559
0.0811236659064889
0.08054210897535086
0.08081901213154197
0.08113705134019256
0.08063134597614408
0.0807080208323896
0.08088215393945575
0.08012901898473501
0.08121947478502989
0.08295860793441534
0.08256239583715796
0.08017107471823692
0.08065979508683085
0.08082410879433155
0.0806463030166924
0.08025777898728848
0.08087864890694618
0.07997921900823712
0.08077773684635758
0.08032775903120637
0.07991003291681409
0.08027668111026287
0.08035710407420993
0.08008093992248178
0.08050369517877698
0.0805749287828803
0.0812266981229186
0.08063339022919536
0.08051804034039378
0.08037997223436832
0.08036038232967257
0.08088193787261844
0.08075270568951964
0.08041726378723979
0.08069428661838174
0.08064906811341643
0.08038409240543842
0.08072769502177835
0.08066478604450822
0.08045305404812098
0.07988874102011323
0.08123577805235982
0.08314938331022859
0.08242434402927756
0.07993461517617106
0.08029753807932138
0.0800081673078239
0.0798332137055695
0.0797798722051084
0.07992682280018926
0.07980941282585263
0.08004799112677574
0.08015832584351301
0.07978835003450513
0.08054457232356071
0.08024585153907537
0.08061895193532109
0.0805401518009603
0.08042425103485584
0.08035396691411734
0.08038064790889621
0.08031991915777326
0.08052997943013906
0.08045185822993517
0.08039044914767146
0.08054848900064826
0.0800921362824738
0.07986248284578323
0.08011155622079968
0.08038041228428483
0.08244768995791674
0.08220087084919214
0.08011773368343711
0.0800013211555779
0.08026645518839359
0.08241540193557739
0.08207178208976984
0.08017394598573446
0.07995853899046779
0.07993061793968081
0.08084773505106568
0.08027342287823558
0.08060117485001683
0.08085182122886181
0.0805485681630671
0.07996351411566138
0.0807427023537457
0.08092531422153115
0.08112009381875396
0.08128960663452744
0.08059982024133205
0.081053183414042
0.08062731008976698
0.08141208300366998
0.08118865033611655
0.080634995829314
0.08085361262783408
0.0806629378348589
0.08049333328381181
0.08038051286712289
0.08050803188234568
0.08005680283531547
0.08060573134571314
0.08320834813639522
0.08284000400453806
0.08050271822139621
0.0805566469207406
0.08060063188895583
0.0833880570717156
0.08306917268782854
0.08058594400063157
0.08060345379635692
0.08124684588983655
0.08326138695701957
0.08254509698599577
0.0804379191249609
0.08076392905786633
0.08113164873793721
0.08099964074790478
0.08076286502182484
0.08080598106607795
0.08070734795182943
0.08085837680846453
0.08040327718481421
0.08046868070960045
0.0805385229177773
0.08052460616454482
0.08017924893647432
0.08066478883847594
0.08051219675689936
0.0805097478441894
0.08051021164283156
0.08034198638051748
0.08081966685131192
0.0810463479720056
0.08075214922428131
0.080642971675843
0.08090670872479677
0.0810038628987968
0.08031170815229416
0.08103658678010106
0.08116439823061228
0.08047674410045147
0.08099786099046469
0.08067865809425712
0.081332266330719
0.08072642562910914
0.08079276978969574
0.08065030490979552
0.08095401199534535
0.08083921996876597
0.08056680485606194
0.08101065177470446
0.08052577776834369
0.08073883084580302
0.08092181431129575
0.08078625937923789
0.08081322396174073
0.08073849277570844
0.08060148498043418
0.08056374592706561
0.08051135018467903
0.08028200315311551
0.08039324497804046
0.08062279783189297
0.0804993431083858
0.08086097333580256
0.08048624498769641
0.0805611596442759
0.08081960398703814
0.08072429895401001
0.08044197596609592
0.08063508477061987
0.0807121079415083
0.08054690062999725
0.08125900523737073
0.08069917699322104
0.08060930669307709
0.0812657973729074
0.08121936907991767
0.08065303787589073
0.08067817520350218
0.08064318913966417
0.08169205207377672
0.08313368773087859
0.08263840014114976
0.0805534329265356
0.08074541483074427
0.08082295209169388
0.08102573314681649
0.08060041116550565
0.08062494033947587
0.08104664320126176
0.08068981906399131
0.08096861001104116
0.08099451195448637
0.08078974997624755
0.0809558522887528
0.08095111325383186
0.0813617710955441
0.0810569073073566
0.08143058884888887
0.08103507803753018
0.08121398976072669
0.08100365102291107
0.0807971740141511
0.08065521297976375
0.0806903108023107
0.08074818411841989
0.08031642716377974
0.08021136885508895
0.08034618478268385
0.08056678296998143
0.08056437317281961
0.0802167858928442
0.08041852666065097
0.08064166223630309
0.08095689537003636
0.08042496582493186
0.08074635406956077
0.08065177872776985
0.08062284300103784
0.08092224644497037
0.08109437208622694
0.08071275008842349
0.08108493126928806
0.08077199198305607
0.08136320393532515
0.08099776273593307
0.08084103697910905
0.08096747985109687
0.08082198817282915
0.08091805875301361
0.08092584228143096
0.080982088111341
0.08119144709780812
0.08089491399005055
0.08097468828782439
0.08046567160636187
0.08118051616474986
0.08104265900328755
0.07929297909140587
0.0793079687282443
0.07895183702930808
0.07977860327810049
0.07950117532163858
0.07981155905872583
0.07973391097038984
0.0797245129942894
0.07956212060526013
0.07996569899842143
0.0798928108997643
0.07952390005812049
0.07887687208130956
0.0796104152686894
0.08136753318831325
0.08124043885618448
0.07909914990887046
0.07940936693921685
0.07956380117684603
0.07975862780585885
0.07974629383534193
0.07981555862352252
0.07982180686667562
0.07959604635834694
0.07946051936596632
0.07939498266205192
0.07925352500751615
0.07905937498435378
0.07959643192589283
0.08013815386220813
0.0798745397478342
0.08018374629318714
0.07962727500125766
0.07978941779583693
0.08016518503427505
0.08007507910951972
0.08028051117435098
0.07956905383616686
0.07935375906527042
0.07932357117533684
0.07940393500030041
0.08002303307875991
0.0799494949169457
0.0795663041062653
0.08002465404570103
0.07978833094239235
0.08005145424976945
0.0797712691128254
0.07970246393233538
0.08021127106621861
0.08239822974428535
0.08242947794497013
0.07949940208345652
0.07944651786237955
0.07953417021781206
0.07908848114311695
0.07947906898334622
0.07935558492317796
0.07978247804567218
0.07985488791018724
0.07992556085810065
0.08051967388018966
0.0795639781281352
0.08004801394417882
0.07981558190658689
0.07938096998259425
0.07927977107465267
0.07939619570970535
0.0792030980810523
0.07934863306581974
0.07962951017543674
0.0793750318698585
0.07961660996079445
0.07988087413832545
0.07986167958006263
0.0806155139580369
0.07933184504508972
0.07926325825974345
0.07907494902610779
0.0788763421587646
0.07957281032577157
0.07916685519739985
0.07920365082100034
0.07968689315021038
0.0796773829497397
0.08075377298519015
0.08223165478557348
0.08214195305481553
0.07963769417256117
0.07968644006177783
0.07911856798455119
0.08005081722512841
0.07937421137467027
0.07892731670290232
0.07939854776486754
0.07943377876654267
0.0800574948079884
0.08000979432836175
0.07977967523038387
0.07985227415338159
0.08005411131307483
0.07993210200220346
0.07967851590365171
0.07947330176830292
0.07922473084181547
0.07951887929812074
0.07884664693847299
0.07955142389982939
0.07988619105890393
0.08071413822472095
0.08101141266524792
0.07944442518055439
0.07979093119502068
0.07957997685298324
0.07941634207963943
0.07980319205671549
0.07949288003146648
0.07934690173715353
0.07917730789631605
0.07902221707627177
0.07936339592561126
0.0798869957216084
0.07970330072566867
0.07942151604220271
0.08083971124142408
0.0810058293864131
0.08098482014611363
0.0794555339962244
0.07960341265425086
0.07957190508022904
0.07901578489691019
0.07905397517606616
0.07914179097861052
0.07955836225301027
0.08011221885681152
0.07966104988008738
0.07988989492878318
0.08051357697695494
0.08009443711489439
0.07975013228133321
0.07982271397486329
0.07971283560618758
0.0798145649023354
0.07919648801907897
0.07985821086913347
0.08151078503578901
0.08155343076214194
0.07900975784286857
0.07928639417514205
0.07973157288506627
0.08044155687093735
0.08051945781335235
0.0800883169285953
0.07989210076630116
0.0801539970561862
0.07979499083012342
0.07971206586807966
0.0798782710917294
0.07948595704510808
0.07925515435636044
0.07923180796205997
0.0791013059206307
0.07953606732189655
0.0809187269769609
0.08047201158478856
0.08049742924049497
0.08025762718170881
0.08118756813928485
0.08009833982214332
0.07971801981329918
0.07961757807061076
0.07999716512858868
0.07995405793190002
0.07922203000634909
0.07921316800639033
0.07910194620490074
0.07897914806380868
0.07938792509958148
0.07949987798929214
0.0797674460336566
0.07931284001097083
0.07948180474340916
0.08012096816673875
0.07949913432821631
0.0791805530898273
0.07931007584556937
0.08226118190214038
0.08115092199295759
0.07899353792890906
0.07919202698394656
0.07975948229432106
0.08052778290584683
0.08090036734938622
0.07953461119905114
0.07961645303294063
0.07964783115312457
0.07991635985672474
0.07993751391768456
0.07962029986083508
0.079390874132514
0.07908378494903445
0.07892038905993104
0.07941347174346447
0.07964768586680293
0.08028771914541721
0.08032642398029566
0.07995632383972406
0.0796855641528964
0.07933513121679425
0.07972486922517419
0.07936184713616967
0.07914781430736184
0.07910587498918176
0.07917095208540559
0.07943730289116502
0.07950377697125077
0.07981728576123714
0.08006985997781157
0.07955279108136892
0.07950788270682096
0.0798033569008112
0.07993817795068026
0.0821478241123259
0.0819451529532671
0.0798498229123652
0.07916005328297615
0.0799360373057425
0.0817026412114501
0.08155500702559948
0.07911470113322139
0.0790563770569861
0.07904058089479804
0.07954769488424063
0.07994393398985267
0.08001007745042443
0.07949941791594028
0.0799662689678371
0.07983172219246626
0.07941703591495752
0.07943684887140989
0.07922987407073379
0.07899079797789454
0.07954005803912878
0.07982970681041479
0.07952127931639552
0.07994413515552878
0.08028123760595918
0.07927208626642823
0.07990975677967072
0.07963287876918912
0.0793882142752409
0.07950391387566924
0.07876763213425875
0.07911686692386866
0.07917344570159912
0.07955231610685587
0.0796207720413804
0.07959436578676105
0.07917315466329455
0.0797950061969459
0.07908268878236413
0.0788210048340261
0.07968478696420789
0.08122481498867273
0.08079094719141722
0.07912962418049574
0.07940194196999073
0.07977465679869056
0.07951812306419015
0.07935479423031211
0.07952838065102696
0.07940387492999434
0.07973516266793013
0.07945757918059826
0.07896383618935943
0.07927925791591406
0.07897393684834242
0.07947443565353751
0.07952148886397481
0.07964466791599989
0.07967243297025561
0.07963457703590393
0.07989129330962896
0.07958156010136008
0.07981375278905034
0.07933748420327902
0.08037720527499914
0.07911353698000312
0.0794509002007544
0.07927740970626473
0.07997071091085672
0.0795812988653779
0.07987093320116401
0.07999680517241359
0.08008143119513988
0.07988069579005241
0.08010332193225622
0.07939752796664834
0.07989982469007373
0.08205445297062397
0.0814899536781013
0.07938716979697347
0.07908015605062246
0.07900913106277585
0.07927622087299824
0.08004486607387662
0.07973651308566332
0.07992142392322421
0.07997043058276176
0.07971938606351614
0.0798276849091053
0.07949850196018815
0.07931645726785064
0.07906363997608423
0.0790433781221509
0.07930526323616505
0.07978384476155043
0.08021642593666911
0.0804196516983211
0.07952987402677536
0.07935725525021553
0.07978223217651248
0.07979296892881393
0.07904110103845596
0.07955821231007576
0.07916090032085776
0.07897148886695504
0.07944639632478356
0.07974180998280644
0.08025829680263996
0.07991669373586774
0.07977918209508061
0.07945500733330846
0.07962244423106313
0.0797508331015706
0.0822601760737598
0.08208319917321205
0.07940149400383234
0.07957277307286859
0.0788224721327424
0.07913612015545368
0.0790420500561595
0.07953083282336593
0.07952122110873461
0.07959132082760334
0.07974414387717843
0.0796309350989759
0.08012094581499696
0.07946551637724042
0.07982005784288049
0.07918148068711162
0.07889161026105285
0.07917734701186419
0.08077126322314143
0.08082875097170472
0.07909087929874659
0.07969937101006508
0.07940348517149687
0.07997701084241271
0.07988736871629953
0.07997243711724877
0.07940963795408607
0.07931230077520013
0.07899322314187884
0.07961397292092443
0.07986875576898456
0.0801325892098248
0.08050086768344045
0.08036594511941075
0.08006134303286672
0.08134699193760753
0.08080391213297844
0.08112422097474337
0.08116400195285678
0.08419018890708685
0.08133748406544328
0.0826682890765369
0.08180742431432009
0.08081063209101558
0.08175119804218411
0.08241332601755857
0.08199782995507121
0.08203097060322762
0.08115580817684531
0.08126227604225278
0.0812734910286963
0.08316680928692222
0.08265310991555452
0.08139339461922646
0.08146935375407338
0.08147797780111432
0.08064742805436254
0.07957495516166091
0.08074641926214099
0.08124864008277655
0.08038670429959893
0.07887405157089233
0.07946344604715705
0.07947382796555758
0.0802182238548994
0.07980025885626674
0.07955161342397332
0.08007949404418468
0.07981236698105931
0.07961357571184635
0.07988911587744951
0.07904514903202653
0.07972710719332099
0.07907827524468303
0.07948580989614129
0.07973012514412403
0.08017747895792127
0.07988818502053618
0.08053638506680727
0.08030847506597638
0.08036988414824009
0.08000536309555173
0.0798459630459547
0.07996589690446854
0.08018342778086662
0.07951385993510485
0.07953845802694559
0.07946072984486818
0.07936878083273768
0.07944629015401006
0.07911085896193981
0.07935115089640021
0.07991218520328403
0.07979737827554345
0.07964151678606868
0.07986764097586274
0.07983449986204505
0.0820057992823422
0.08205208415165544
0.07943601114675403
0.07921825628727674
0.07926643174141645
0.07933863578364253
0.07992983283475041
0.0790033801458776
0.07997957011684775
0.0797908422537148
0.08073009084910154
0.07998957112431526
0.07987164612859488
0.07968668825924397
0.07998340670019388
0.07978063076734543
0.07908010110259056
0.0790960262529552
0.07905933680012822
0.07940477691590786
0.07942858664318919
0.07969325920566916
0.0795630719512701
0.07959228428080678
0.07967306300997734
0.07961162179708481
0.07918964885175228
0.07963124569505453
0.079029674641788
0.07898528082296252
0.07930714963003993
0.07987435534596443
0.07953869691118598
0.0799143179319799
0.07954897079616785
0.08048420818522573
0.08213607221841812
0.08178571192547679
0.07958697387948632
0.07957988092675805
0.07962181512266397
0.07957109296694398
0.07967709098011255
0.07946197222918272
0.07904474390670657
0.07945859618484974
0.07960741082206368
0.07966468017548323
0.07972688134759665
0.07967128371819854
0.07958145206794143
0.07944063423201442
0.08005265379324555
0.08028767025098205
0.07947770692408085
0.07884972682222724
0.07876705611124635
0.07929634489119053
0.07977067027240992
0.08017564192414284
0.08033080119639635
0.07955646701157093
0.0798207949846983
0.08001375105232
0.07959408685564995
0.0796752329915762
0.07939185807481408
0.07894566096365452
0.07938644429668784
0.07914472604170442
0.07948434120044112
0.08019554289057851
0.08049703622236848
0.08087418600916862
0.0800550552085042
0.07996577816084027
0.07975085312500596
0.07994300266727805
0.08010185463353992
0.07949443999677896
0.07941926410421729
0.07953618885949254
0.07929003378376365
0.07890256494283676
0.079224718734622
0.0796333160251379
0.0800601071678102
0.07943453686311841
0.07968697976320982
0.07958789495751262
0.0802773111499846
0.07910483982414007
0.08015429833903909
0.07932803872972727
0.07958773477002978
0.08098360802978277
0.08042078232392669
0.07931264862418175
0.07972417399287224
0.07987557677552104
0.0800934717990458
0.08044861722737551
0.07982552796602249
0.07954389601945877
0.0797082968056202
0.07875886000692844
0.0786491739563644
0.07883427012711763
0.07944941706955433
0.0795262330211699
0.07950065098702908
0.0795102808624506
0.07938979519531131
0.07935827225446701
0.07988281594589353
0.07905115932226181
0.07941360212862492
0.07976082293316722
0.07900858391076326
0.07971902191638947
0.07957351393997669
0.07982599176466465
0.08010073006153107
0.07960719102993608
0.07970003923401237
0.07997133024036884
0.07886221259832382
0.07914343290030956
0.07896310603246093
0.07872415892779827
0.07909119501709938
0.08112185401841998
0.0804588058963418
0.07960898894816637
0.07999770902097225
0.0798280262388289
0.0795244718901813
0.0794878751039505
0.07916778698563576
0.0789306010119617
0.07896389532834291
0.0793687286786735
0.0786669128574431
0.07937812013551593
0.08079875772818923
0.07975511206313968
0.07919766986742616
0.07919240789487958
0.07904138369485736
0.07951288297772408
0.07887647999450564
0.07943887868896127
0.07879140693694353
0.08002969576045871
0.08000652212649584
0.07900648703798652
0.07950804196298122
0.07947373390197754
0.07963942596688867
0.07954131904989481
0.07936814799904823
0.07948343688622117
0.08078710502013564
0.08089646603912115
0.07912544207647443
0.07927598198875785
0.07994947070255876
0.08005362935364246
0.08026513503864408
0.07965780608355999
0.07937197107821703
0.07890928210690618
0.07886936003342271
0.07868342474102974
0.07918978435918689
0.07920875679701567
0.07996771996840835
0.07940516993403435
0.07955868309363723
0.07967367442324758
0.08021289156749845
0.08070837194100022
0.0789159000851214
0.07924875803291798
0.07906440459191799
0.07938197813928127
0.07914257794618607
0.0793499406427145
0.08115927595645189
0.0794571191072464
0.07972046919167042
0.07947384333238006
0.07933796104043722
0.07967892335727811
0.07927824277430773
0.07939532399177551
0.07900392077863216
0.08007434708997607
0.08102315803989768
0.08086909912526608
0.07885932410135865
0.07952644396573305
0.08012809883803129
0.08053648611530662
0.0801278930157423
0.08016037801280618
0.07963812258094549
0.07972132880240679
0.07909319084137678
0.07927555777132511
0.07887022895738482
0.0793203990906477
0.07948084129020572
0.0794219970703125
0.07974620489403605
0.07981873024255037
0.07967955060303211
0.07957410998642445
0.07980312407016754
0.07909707864746451
0.07891087420284748
0.0790288457646966
0.07868516072630882
0.0793221639469266
0.07986062066629529
0.07913059275597334
0.07926275487989187
0.07971927803009748
0.07972497027367353
0.07922561606392264
0.0789596070535481
0.07861821819096804
0.07953753601759672
0.07960747601464391
0.08058166829869151
0.08049196796491742
0.07960238913074136
0.07908535515889525
0.07943683629855514
0.07979495590552688
0.07937601488083601
0.07930989796295762
0.07934308471158147
0.07927625393494964
0.07903936877846718
0.07929926505312324
0.07946090400218964
0.08033358491957188
0.08035501185804605
0.0792664410546422
0.07926466595381498
0.07901848200708628
0.07861582422628999
0.07925052894279361
0.07913510501384735
0.07925143092870712
0.0791004067286849
0.07917264616116881
0.0791314709931612
0.07937362184748054
0.0793211068958044
0.07910853484645486
0.0787125420756638
0.07897713081911206
0.07944602472707629
0.08062080992385745
0.08080946421250701
0.07949700905010104
0.07961300807073712
0.07980292197316885
0.07972365990281105
0.07910715602338314
0.07966670207679272
0.0794145311228931
0.07927877409383655
0.07871246105059981
0.07850427087396383
0.07902165176346898
0.07963678799569607
0.07946849102154374
0.08073750184848905
0.08018258633092046
0.08021420799195766
0.07901433436200023
0.0792149631306529
0.07935123797506094
0.07860119501128793
0.07937785005196929
0.07902682106941938
0.07928847195580602
0.07966137072071433
0.07950286194682121
0.07938084006309509
0.07938941102474928
0.07870182488113642
0.07888124603778124
0.07885292498394847
0.07894109096378088
0.0795637327246368
0.0793026122264564
0.07958654221147299
0.07950628874823451
0.07967706583440304
0.07951246201992035
0.0790172228589654
0.07915953313931823
0.0788329872302711
0.07902033999562263
0.07896163780242205
0.07960055116564035
0.07969256583601236
0.07956747198477387
0.07953428430482745
0.08010293683037162
0.08204005286097527
0.08141637034714222
0.07981857098639011
0.07964627211913466
0.07926595117896795
0.0792192742228508
0.07876787707209587
0.07893815636634827
0.07905878499150276
0.07919188914820552
0.07965593691915274
0.0793627011589706
0.07955742627382278
0.08008665172383189
0.07913050940260291
0.07929921988397837
0.07978584663942456
0.07944464171305299
0.0811641700565815
0.08085556514561176
0.07853913679718971
0.07979520224034786
0.08011874323710799
0.08039834070950747
0.08002531994134188
0.07943282276391983
0.0798191661015153
0.0795629802159965
0.07966177724301815
0.07937848195433617
0.07882060669362545
0.07850949326530099
0.07880825223401189
0.07937977556139231
0.07937263790518045
0.07931404514238238
0.07966687018051744
0.0794872441329062
0.07933067297562957
0.07923226896673441
0.07908353628590703
0.07939367229118943
0.07919459976255894
0.07960863690823317
0.0798476287163794
0.07985388627275825
0.07974877394735813
0.0796925169415772
0.07964627491310239
0.0795913441106677
0.07956634927541018
0.07924058707430959
0.07869385881349444
0.07931955438107252
0.08079073205590248
0.08052010182291269
0.07934408076107502
0.07946455013006926
0.07985513610765338
0.07989840395748615
0.07942829979583621
0.07972677797079086
0.0793325318954885
0.07931965868920088
0.07893657358363271
0.07932831905782223
0.0796701149083674
0.08063540933653712
0.08087997557595372
0.08028595335781574
0.0800622683018446
0.08029761025682092
0.08035615971311927
0.08108295500278473
0.08002280304208398
0.07943444978445768
0.07954467879608274
0.07923933025449514
0.07934000762179494
0.0794055163860321
0.07934284815564752
0.07991240313276649
0.08012555167078972
0.08024833770468831
0.0800900673493743
0.0798917762003839
0.07974645867943764
0.07950012292712927
0.0798707390204072
0.08027922129258513
0.08242738991975784
0.08244759682565928
0.07954283291473985
0.07945621944963932
0.08030284708365798
0.08203204674646258
0.08230962371453643
0.07972218189388514
0.07973566092550755
0.07899020286276937
0.07937392918393016
0.0792215010151267
0.07921827677637339
0.08006247598677874
0.07959084399044514
0.07973961625248194
0.07997275795787573
0.080033412668854
0.07950597256422043
0.0799276721663773
0.07985875708982348
0.07952105719596148
0.07984907599166036
0.08226787112653255
0.08148761931806803
0.07934637879952788
0.07937078410759568
0.07990226382389665
0.08088512066751719
0.08095704996958375
0.07907506078481674
0.0795672507956624
0.07961686281487346
0.07983677089214325
0.0795567431487143
0.07984506990760565
0.07963719498366117
0.07974683400243521
0.07942658010870218
0.07983794808387756
0.07914194604381919
0.07924831891432405
0.07942913239821792
0.07956906594336033
0.07981018489226699
0.07940995506942272
0.07938853232190013
0.07961485395208001
0.07955102203413844
0.07949530612677336
0.07935097999870777
0.07935488969087601
0.07940605189651251
0.07947097392752767
0.07992105092853308
0.07966720405966043
0.07985545415431261
0.07988423807546496
0.0797106521204114
0.07965027308091521
0.07908750465139747
0.07884485507383943
0.07934725470840931
0.07946211704984307
0.08119443710893393
0.08125371392816305
0.07970509259030223
0.07929020887240767
0.07949645398184657
0.07999308686703444
0.08014421677216887
0.07955068489536643
0.07907737931236625
0.07925441768020391
0.07910811295732856
0.07935664942488074
0.07904621912166476
0.07990228198468685
0.07971897814422846
0.07948375400155783
0.07945750001817942
0.0796467219479382
0.08027680171653628
0.07979648280888796
0.07975810999050736
0.07916094828397036
0.07913186773657799
0.07933780318126082
0.07922019297257066
0.07983062416315079
0.07970113167539239
0.08040154771879315
0.08001435501500964
0.07937528192996979
0.07958199130371213
0.07979925302788615
0.07959149638190866
0.07925994182005525
0.07896967092528939
0.07958930218592286
0.08059735083952546
0.08064776379615068
0.07935653300955892
0.0796434860676527
0.08008144982159138
0.07996111083775759
0.07951652305200696
0.07956391107290983
0.07966163102537394
0.07930723298341036
0.07903405092656612
0.07914767600595951
0.07941339816898108
0.08136156899854541
0.08071112586185336
0.08080083411186934
0.08019198197871447
0.07982816500589252
0.07989103207364678
0.07967999018728733
0.08076290413737297
0.08096376480534673
0.0808099489659071
0.07976144691929221
0.07938376720994711
0.07932175090536475
0.07929967669770122
0.07900837995111942
0.07944762893021107
0.07966988533735275
0.07944124797359109
0.08002945920452476
0.07975483126938343
0.07940782001242042
0.07994408579543233
0.08014643704518676
0.08233561320230365
0.08174150623381138
0.07947009010240436
0.07978060282766819
0.08017052011564374
0.0826743240468204
0.08196201315149665
0.07949244463816285
0.07930504204705358
0.07938819378614426
0.07906442508101463
0.07914299704134464
0.07974293502047658
0.07976791309192777
0.07961875619366765
0.0797635531052947
0.07955383695662022
0.07964109908789396
0.07945255795493722
0.07946789218112826
0.07979262107983232
0.07933595310896635
0.0797056881710887
0.08094684686511755
0.08053859835490584
0.07902003778144717
0.07974625565111637
0.08009902434423566
0.0800685933791101
0.08072646101936698
0.08002102607861161
0.07995167281478643
0.07952957227826118
0.07974694995209575
0.07931551802903414
0.07911622198298573
0.07947730924934149
0.0790193323045969
0.07949024206027389
0.07987263612449169
0.08050715830177069
0.08244649833068252
0.08217415772378445
0.07961976388469338
0.08075231919065118
0.08023425424471498
0.079928127117455
0.08021470857784152
0.08078056294471025
0.07989575015380979
0.07908916706219316
0.07930348068475723
0.07924614613875747
0.07914919406175613
0.07983860792592168
0.07992790779098868
0.0797052881680429
0.080256971064955
0.07993313390761614
0.08039972325786948
0.07958418224006891
0.08002530876547098
0.0803760439157486
0.08001145767048001
0.08213275205343962
0.0818278188817203
0.07972275465726852
0.07893848791718483
0.07984830997884274
0.08167458977550268
0.08142976509407163
0.07860691705718637
0.07943152682855725
0.0798507509753108
0.08061228692531586
0.08063002722337842
0.07958481088280678
0.07993459468707442
0.07968973368406296
0.08069624193012714
0.07999070500954986
0.08013282809406519
0.07926321774721146
0.07936388114467263
0.07923950999975204
0.07915853010490537
0.07971645891666412
0.08058001287281513
0.08100208966061473
0.07942021498456597
0.07965209381654859
0.0795994340442121
0.07974288193508983
0.07974780118092895
0.07972186291590333
0.07928453804925084
0.0791813638061285
0.07903128117322922
0.08064042590558529
0.07960574794560671
0.07941221725195646
0.07992069981992245
0.07972633698955178
0.07987840613350272
0.08093428192660213
0.08222125144675374
0.081991130951792
0.07957089599221945
0.07948346901685
0.08105618320405483
0.0824758349917829
0.08205913612619042
0.07948523387312889
0.0799190066754818
0.07929504662752151
0.07922805193811655
0.07927390187978745
0.07910473737865686
0.07916020136326551
0.07948544900864363
0.07978677563369274
0.07990556908771396
0.07979545509442687
0.07981481589376926
0.07977433502674103
0.07966087618842721
0.08009774377569556
0.0799556439742446
0.07939779106527567
0.07971658231690526
0.07930765813216567
0.07947895489633083
0.07991526275873184
0.08024238795042038
0.0807022899389267
0.08010173495858908
0.07978302333503962
0.07957478798925877
0.07958885002881289
0.0800300631672144
0.0795048070140183
0.07972599007189274
0.07918742392212152
0.0790806277655065
0.08016330609098077
0.08088290086016059
0.08106201328337193
0.08096438134089112
0.0810533999465406
0.08070786716416478
0.08085161307826638
0.08319417107850313
0.08221699204295874
0.0813200930133462
0.08176178205758333
0.08295409474521875
0.08028106624260545
0.08178965281695127
0.08116827812045813
0.08078991202637553
0.08060042606666684
0.08186285337433219
0.08160930406302214
0.080687559209764
0.08110013697296381
0.08098166482523084
0.08186748530715704
0.08198419911786914
0.08009135769680142
0.08035117574036121
0.08079147431999445
0.08140185941010714
0.08092919597402215
0.07937996694818139
0.08001792198047042
0.08012994099408388
0.08010833710432053
0.08016179595142603
0.08006932400166988
0.08012829395011067
0.08015251019969583
0.08003855217248201
0.07959764916449785
0.07932226173579693
0.07975890673696995
0.07922042487189174
0.07953042211011052
0.08020465867593884
0.07993922289460897
0.08021974191069603
0.08006248390302062
0.08006888814270496
0.07977877696976066
0.0797180118970573
0.079337271861732
0.0794066577218473
0.0789417689666152
0.07968012616038322
0.07990088826045394
0.08003010088577867
0.07956162327900529
0.08001152193173766
0.07977675413712859
0.08005296811461449
0.08004381088539958
0.07996591366827488
0.08023796370252967
0.08219836698845029
0.08213108777999878
0.07946283416822553
0.07911036117002368
0.07973130792379379
0.08181072492152452
0.08154807798564434
0.07920190365985036
0.07948099682107568
0.08012604713439941
0.0809664037078619
0.08115595392882824
0.07944449502974749
0.07983844121918082
0.07983782608062029
0.08010208187624812
0.08012746833264828
0.07991730514913797
0.08000137889757752
0.07988649420440197
0.07968722190707922
0.07985054841265082
0.07963617006316781
0.08003584295511246
0.07957638707011938
0.08004218712449074
0.08056549774482846
0.0808184938505292
0.08152187522500753
0.08115792227908969
0.08001232286915183
0.0816973689943552
0.08045842172577977
0.08098771097138524
0.08116227388381958
0.08015067502856255
0.08053943095728755
0.08000802295282483
0.08040311187505722
0.0806179023347795
0.0804289672523737
0.08066065702587366
0.080389856826514
0.08000950701534748
0.08015902480110526
0.08030978124588728
0.07992575643584132
0.07990682311356068
0.07947015995159745
0.07982076006010175
0.08001034567132592
0.08146422170102596
0.08081922773271799
0.08094695396721363
0.08109884196892381
0.0809264499694109
0.07977563608437777
0.08054499654099345
0.08054697094485164
0.08088564034551382
0.08058435935527086
0.08082277979701757
0.08041572012007236
0.08010339690372348
0.08044842490926385
0.08082906296476722
0.08011371036991477
0.07978603895753622
0.07984445011243224
0.08017846615985036
0.08059648843482137
0.0795838893391192
0.07967697596177459
0.0800628806464374
0.08004201017320156
0.08009380800649524
0.08013475686311722
0.08032539207488298
0.08111286209896207
0.08285343600437045
0.08290062518790364
0.07982533983886242
0.08056532079353929
0.08034242037683725
0.08128302218392491
0.08109675766900182
0.08105031214654446
0.08005970483645797
0.08031557500362396
0.08023259928449988
0.08057705732062459
0.08004123298451304
0.0801857290789485
0.08024967787787318
0.08035721071064472
0.08064121520146728
0.08066113898530602
0.07944300211966038
0.08025085413828492
0.07961177779361606
0.07967436080798507
0.08007443696260452
0.0799456718377769
0.080324019305408
0.08066055085510015
0.08041251776739955
0.08015735819935799
0.08046239474788308
0.08039269596338272
0.08059157524257898
0.08035592222586274
0.08055726904422045
0.08248229371383786
0.08260909607633948
0.08036866690963507
0.08033827925100923
0.08026063023135066
0.08006224781274796
0.07996571715921164
0.07999070221558213
0.07962034130468965
0.07994207693263888
0.07998516596853733
0.08015480497851968
0.0798802892677486
0.08032356668263674
0.08036269713193178
0.08014455204829574
0.08061274886131287
0.08012961409986019
0.08062488492578268
0.08041695319116116
0.08037733379751444
0.08051784709095955
0.08058281801640987
0.0809871070086956
0.08025676617398858
0.07986249588429928
0.07994791027158499
0.08013158198446035
0.08212786121293902
0.08202993590384722
0.07996364682912827
0.07980736019089818
0.08007198804989457
0.08154948893934488
0.08147440804168582
0.0797816701233387
0.08014706429094076
0.08031861064955592
0.08034098008647561
0.08063200209289789
0.08036100119352341
0.08031247602775693
0.08068223297595978
0.08021648786962032
0.08032879792153835
0.08042872603982687
0.08043691702187061
0.08047715201973915
0.08078901702538133
0.08038246491923928
0.08016894198954105
0.08022254426032305
0.08014901587739587
0.07993043540045619
0.07998141134157777
0.08034953568130732
0.08142551779747009
0.0812904299236834
0.08007952896878123
0.08003188297152519
0.08087817393243313
0.08128511579707265
0.08111022412776947
0.07978640776127577
0.0803555017337203
0.08080631494522095
0.08091841591522098
0.08082603011280298
0.0806753309443593
0.08041233569383621
0.08069945592433214
0.08083059778437018
0.08025462133809924
0.08032309589907527
0.08052429370582104
0.08040253631770611
0.080082006752491
0.08146441541612148
0.08033357420936227
0.08029994182288647
0.08001938695088029
0.08002771902829409
0.07996466988697648
0.08034348860383034
0.08189733698964119
0.08149531716480851
0.07961464626714587
0.07997326599434018
0.08076039422303438
0.08103589806705713
0.08105571568012238
0.08016449585556984
0.08006564201787114
0.08053347328677773
0.08052976289764047
0.08036414906382561
0.08059761812910438
0.08024576026946306
0.08070993004366755
0.08049805322661996
0.0800908231176436
0.08006962388753891
0.07996419398114085
0.07969708135351539
0.08051622286438942
0.07970375940203667
0.08026137901470065
0.08120799297466874
0.08141919039189816
0.08022832497954369
0.08071594405919313
0.08064636681228876
0.0812716269865632
0.08114561578258872
0.08010018384084105
0.08030698029324412
0.080369358882308
0.08085919823497534
0.080980627797544
0.0807309728115797
0.08091433625668287
0.08090980909764767
0.08090985892340541
0.08067626086995006
0.08038885006681085
0.08073179703205824
0.0803928067907691
0.08072920003905892
0.08025663439184427
0.08017132803797722
0.07979911984875798
0.08019940089434385
0.07971248216927052
0.07982932776212692
0.08031016495078802
0.08032579766586423
0.08044517505913973
0.08030308270826936
0.08037939202040434
0.08050106093287468
0.08105304464697838
0.08106045378372073
0.08105688681825995
0.08095330698415637
0.0813184417784214
0.08114373218268156
0.08105267258360982
0.08044542418792844
0.0803392343223095
0.08027351275086403
0.08020886406302452
0.08023996884003282
0.0807217569090426
0.08033332601189613
0.08038273826241493
0.07999538211151958
0.08041794272139668
0.0802293517626822
0.08018893329426646
0.0798414908349514
0.08110269624739885
0.08008920680731535
0.08043932681903243
0.08024068968370557
0.08004081202670932
0.08071833429858088
0.08051879983395338
0.08175350213423371
0.08327005710452795
0.0823030760511756
0.08023743983358145
0.08076982898637652
0.0804467722773552
0.08196212071925402
0.08109901985153556
0.08087958814576268
0.08102868543937802
0.0806485298089683
0.0805039620026946
0.08044936694204807
0.08065064810216427
0.08048805175349116
0.08032366214320064
0.08082754397764802
0.08075848408043385
0.0806155800819397
0.08044969197362661
0.0806166771799326
0.08020520769059658
0.08038188982754946
0.08024437725543976
0.08006112417206168
0.07987262075766921
0.07964398711919785
0.07962296111509204
0.07967762323096395
0.07967257406562567
0.08020087098702788
0.0800104346126318
0.08004363486543298
0.08031350187957287
0.0803165091201663
0.0802101930603385
0.0813452173024416
0.08187245391309261
0.08154353871941566
0.08025741809979081
0.08011148311197758
0.08043577615171671
0.08042417326942086
0.08018771605566144
0.07988546881824732
0.07956306776031852
0.08014861587435007
0.07901191059499979
0.07987998286262155
0.07979656895622611
0.07999291969463229
0.08016557339578867
0.08004568982869387
0.07981918286532164
0.07985596591606736
0.08010933501645923
0.08042378816753626
0.08259188197553158
0.08245415706187487
0.08064660709351301
0.08005950832739472
0.08069510385394096
0.08242382295429707
0.08235715562477708
0.08036319212988019
0.07994743203744292
0.08018371928483248
0.08019544696435332
0.07989851664751768
0.0797316050156951
0.0797258629463613
0.07977101393043995
0.07997754588723183
0.07964419014751911
0.08021105406805873
0.08033320680260658
0.08015601802617311
0.08038179110735655
0.08052926370874047
0.08082251297309995
0.08049096306785941
0.08043609000742435
0.08042636793106794
0.08024854585528374
0.08036027336493134
0.08046543505042791
0.07981740077957511
0.07940692082047462
0.07994095189496875
0.08030064404010773
0.08163830498233438
0.08172634616494179
0.07981582917273045
0.07981716329231858
0.08016821509227157
0.08161602029576898
0.0809871070086956
0.0800586030818522
0.08022088883444667
0.08033073181286454
0.08071818994358182
0.08073974493891001
0.08068613801151514
0.08050285605713725
0.08002125332131982
0.08039150992408395
0.0799985802732408
0.08031209511682391
0.08067642897367477
0.08023032592609525
0.07979979179799557
0.08018547622486949
0.07966750487685204
0.079900573939085
0.07986071240156889
0.08005992183461785
0.07999688619747758
0.08056896599009633
0.08122863806784153
0.08090688893571496
0.08015173906460404
0.08031406905502081
0.08061086386442184
0.08054776815697551
0.08054594788700342
0.08035071706399322
0.08055858127772808
0.0804797918535769
0.0803733840584755
0.0801271190866828
0.07994875311851501
0.07999556604772806
0.0799530791118741
0.07966338424012065
0.07988119265064597
0.08044959418475628
0.08133697416633368
0.08113204594701529
0.08044489892199636
0.08053067699074745
0.08014149498194456
0.07997547928243876
0.08066292898729444
0.08015911560505629
0.08018956100568175
0.08055845182389021
0.08002922916784883
0.080329486168921
0.08025006204843521
0.08030729508027434
0.07997844740748405
0.0807163268327713
0.08010943699628115
0.07981509203091264
0.07953863311558962
0.07950354320928454
0.07978159794583917
0.0800571097061038
0.08050831593573093
0.08000128762796521
0.08051984012126923
0.07986431568861008
0.08034797990694642
0.08119753887876868
0.08300849609076977
0.08202518289908767
0.0800200100056827
0.0802028332836926
0.08001817390322685
0.08026304375380278
0.08004037197679281
0.07952346699312329
0.07982423901557922
0.07982858130708337
0.0795518048107624
0.07957968395203352
0.07995614921674132
0.08035920280963182
0.08018232602626085
0.08016241202130914
0.08047942770645022
0.08007825911045074
0.08039098186418414
0.08019470470026135
0.08073282381519675
0.08039865922182798
0.08018833491951227
0.08000904927030206
0.08003889117389917
0.08009030669927597
0.08029453177005053
0.08024714095517993
0.08210562588647008
0.08117186184972525
0.07972116023302078
0.07985267974436283
0.08048262866213918
0.08145537506788969
0.08143206313252449
0.07947722030803561
0.07989806681871414
0.08078993670642376
0.08062625303864479
0.08127276971936226
0.08025377290323377
0.08054689597338438
0.08051721192896366
0.07994955684989691
0.08015926601365209
0.08043399825692177
0.08040110394358635
0.08055982505902648
0.07993952231481671
0.07981689600273967
0.07985996501520276
0.08017902774736285
0.0801272289827466
0.07971531711518764
0.0798789719119668
0.08019239827990532
0.0809950870461762
0.08073126105591655
0.07992728427052498
0.0802537091076374
0.07996760308742523
0.08029411500319839
0.08071400783956051
0.08007611893117428
0.08037299616262317
0.0799722271040082
0.08000081731006503
0.07958062505349517
0.07946784002706409
0.07969971327111125
0.07956843683496118
0.08029536297544837
0.07995372032746673
0.08024504594504833
0.08105277083814144
0.08141415007412434
0.08094340702518821
0.08066377881914377
0.08074985723942518
0.08056393684819341
0.08035702491179109
0.08151310216635466
0.08209750894457102
0.0817503472790122
0.08064636075869203
0.08033765805885196
0.0811367160640657
0.0806902339681983
0.08021237421780825
0.08047771686688066
0.08117015333846211
0.08039360633119941
0.08031424507498741
0.08054757583886385
0.08026917092502117
0.0803217669017613
0.07991528231650591
0.08014576137065887
0.08014513598755002
0.08005193807184696
0.08064901828765869
0.08031231025233865
0.08070457819849253
0.08053122786805034
0.08058891305699944
0.08050063299015164
0.08097544824704528
0.08057922264561057
0.08081822982057929
0.0805160803720355
0.08075422793626785
0.08162410231307149
0.08342294581234455
0.08241953700780869
0.08036106172949076
0.0810038149356842
0.08047261601313949
0.08114535408094525
0.08132164506241679
0.08082212973386049
0.0807339777238667
0.08069049892947078
0.08062995411455631
0.08086225902661681
0.0807977868244052
0.08065421599894762
0.0808691680431366
0.08069621492177248
0.08040690096095204
0.08033412788063288
0.08004956785589457
0.08024170529097319
0.0797764640301466
0.08109860774129629
0.07997267507016659
0.07997217075899243
0.0802081348374486
0.08088326500728726
0.08122491789981723
0.08082817401736975
0.08007637411355972
0.0807487266138196
0.08014011895284057
0.08056838111951947
0.08133048191666603
0.0830315938219428
0.08241106290370226
0.07984191505238414
0.08075918396934867
0.08057079697027802
0.08053879905492067
0.08126106532290578
0.08063985500484705
0.08045188477262855
0.08038803841918707
0.0807256787084043
0.08048005914315581
0.08013239596039057
0.08017624588683248
0.07999736163765192
0.07956367125734687
0.07994821388274431
0.07991642598062754
0.08013740135356784
0.07994384504854679
0.08034240501001477
0.08035270683467388
0.08026781678199768
0.08070616889744997
0.080450848210603
0.08059045765548944
0.08076553884893656
0.08060488803312182
0.0803420920856297
0.08048749808222055
0.0811768639832735
0.08046117005869746
0.08154274988919497
0.08287332626059651
0.08233073074370623
0.08087801281362772
0.08047011494636536
0.08044658042490482
0.08060919912531972
0.08014862006530166
0.08071125904098153
0.08034976897761226
0.08012418262660503
0.08006932586431503
0.07987583614885807
0.07991249905899167
0.08027844503521919
0.08005364798009396
0.08070888603106141
0.08096913481131196
0.08061525085940957
0.08067808533087373
0.08080612076446414
0.08056593919172883
0.08072641817852855
0.08057022467255592
0.08044583490118384
0.08082890417426825
0.08039372693747282
0.08053229004144669
0.08125547505915165
0.08078109240159392
0.08088293299078941
0.08051990531384945
0.08012318424880505
0.08143676212057471
0.08292927173897624
0.0825029518455267
0.08054130896925926
0.08051999425515532
0.0808083307929337
0.08281479775905609
0.08255884889513254
0.08070007897913456
0.08073872188106179
0.08124531013891101
0.08137739170342684
0.08044521231204271
0.08077276917174459
0.08038440300151706
0.08043514704331756
0.08092930307611823
0.08033098513260484
0.080517646856606
0.08007172401994467
0.08003708394244313
0.07970750331878662
0.0800423352047801
0.08019428793340921
0.08040961995720863
0.08045739540830255
0.08026733016595244
0.08037961507216096
0.08078378206118941
0.08150440687313676
0.08157412894070148
0.08234248124063015
0.08261858904734254
0.08229216886684299
0.08330113207921386
0.08161622891202569
0.08214485784992576
0.08245111024007201
0.08309004595503211
0.08113425970077515
0.08349519036710262
0.08102065930142999
0.08233016077429056
0.08057126775383949
0.08099945867434144
0.08085959637537599
0.08088839193806052
0.08103803498670459
0.08107695076614618
0.08297501225024462
0.08254937175661325
0.08107046503573656
0.08169936016201973
0.08117434708401561
0.08095776801928878
0.08058339636772871
0.08059062482789159
0.08116495702415705
0.08026209101080894
0.08223011111840606
0.08195033995434642
0.07983186189085245
0.07957509206607938
0.08048084797337651
0.08129429537802935
0.08116969931870699
0.0796175068244338
0.07985688978806138
0.080664848908782
0.08139976300299168
0.08071991987526417
0.08037623204290867
0.08013487281277776
0.08036840800195932
0.08069249195978045
0.08055720711126924
0.08050885703414679
0.08032988710328937
0.08017667988315225
0.08031667489558458
0.08007120620459318
0.08016293495893478
0.07987537095323205
0.07969172764569521
0.07975184079259634
0.07986954506486654
0.08011533599346876
0.08119403291493654
0.08083096100017428
0.0802167528308928
0.08027190575376153
0.08057018974795938
0.08098983904346824
0.08086402388289571
0.08065667795017362
0.08046687114983797
0.08016232401132584
0.08022950822487473
0.08041631616652012
0.08067211927846074
0.08044659113511443
0.08006480010226369
0.0800012331455946
0.08068248815834522
0.07998389517888427
0.07965077087283134
0.07987501518800855
0.08003000728785992
0.08027936890721321
0.08044300600886345
0.08061163406819105
0.08013518108054996
0.08037653798237443
0.08047054428607225
0.08073041588068008
0.08061776729300618
0.08041556505486369
0.08164950273931026
0.08162441989406943
0.08192210225388408
0.08032919000834227
0.08053611544892192
0.08051172085106373
0.08159385016188025
0.08108822116628289
0.08068544510751963
0.08087126072496176
0.0809252168983221
0.08068770729005337
0.08050327794626355
0.08012322895228863
0.08066440699622035
0.08115690620616078
0.08036403497681022
0.08055635867640376
0.08011274319142103
0.08035232499241829
0.08032414177432656
0.08009908488020301
0.07998709194362164
0.08036729693412781
0.08062674570828676
0.0806474550627172
0.08041404094547033
0.08039085101336241
0.08029705937951803
0.08081061812117696
0.08066606288775802
0.08078653877601027
0.08029923401772976
0.08227536780759692
0.0826497720554471
0.08213759073987603
0.08087621768936515
0.08062420692294836
0.08054102398455143
0.08058545319363475
0.0804065722040832
0.080609280616045
0.08059231285005808
0.08065123669803143
0.08120228489860892
0.08089972706511617
0.08089224388822913
0.08055217890068889
0.08109185704961419
0.08036739006638527
0.08032641094177961
0.0802993206307292
0.0803228560835123
0.08016358409076929
0.08027998683974147
0.07987588131800294
0.0799858239479363
0.08017577696591616
0.08207532996311784
0.08283768221735954
0.0826758579351008
0.07980023510754108
0.08001875830814242
0.0804232177324593
0.08216023677960038
0.08154809102416039
0.08059751382097602
0.08123040664941072
0.08081061718985438
0.08057064888998866
0.0808911737985909
0.0804179753176868
0.08075698791071773
0.08066515065729618
0.08117491472512484
0.08142966032028198
0.08069744473323226
0.08083926001563668
0.08082918310537934
0.08104246109724045
0.08098982600495219
0.08099275920540094
0.08086577197536826
0.08077881811186671
0.08069570455700159
0.08082413487136364
0.08093333384022117
0.08084759814664721
0.08078943518921733
0.08077992592006922
0.08039041608572006
0.08074411517009139
0.0807854630984366
0.08052737126126885
0.08072808617725968
0.08040122408419847
0.08065167721360922
0.0801637340337038
0.08042962523177266
0.0802191193215549
0.08004584675654769
0.0808620941825211
0.08134171878919005
0.08130296599119902
0.08055268973112106
0.0807289988733828
0.08091284986585379
0.08145095081999898
0.08172306604683399
0.08043193025514483
0.08019592799246311
0.08108835574239492
0.08146544406190515
0.08142263488844037
0.08034120313823223
0.08040226716548204
0.08080047275871038
0.08117203367874026
0.08130122674629092
0.08046514168381691
0.08055707905441523
0.08068205369636416
0.0809853421524167
0.08074940787628293
0.08070614375174046
0.0806713574565947
0.08079115208238363
0.08069049520418048
0.08062758995220065
0.08082355186343193
0.08149662520736456
0.08066704403609037
0.08093297388404608
0.08092658221721649
0.0805635480210185
0.08024389808997512
0.08025653986260295
0.08050511823967099
0.08012683922424912
0.08044640207663178
0.0819312809035182
0.08192268200218678
0.08025848586112261
0.08001119690015912
0.08052414515987039
0.08207247592508793
0.08182285632938147
0.08037845697253942
0.08007428795099258
0.08068463392555714
0.0815146816894412
0.08185922214761376
0.07984018279239535
0.08027081796899438
0.08055559592321515
0.08113622618839145
0.08104131417348981
0.08029625099152327
0.0807919898070395
0.08058176189661026
0.08046690002083778
0.08069513319060206
0.0805893256329
0.08074237871915102
0.08079697890207171
0.08055040007457137
0.08053129073232412
0.08049079682677984
0.08056322298943996
0.08066564286127687
0.08064454095438123
0.08046947792172432
0.08017073897644877
0.08019471820443869
0.0802214159630239
0.08047317480668426
0.0801079380325973
0.08032725192606449
0.0818524518981576
0.08159218216314912
0.07991687394678593
0.08021776331588626
0.0805668979883194
0.08134831162169576
0.08125930139794946
0.08004443999379873
0.08034456009045243
0.08081067493185401
0.08136755600571632
0.08128546411171556
0.0805996903218329
0.08076148480176926
0.08062470704317093
0.08074591401964426
0.08099977392703295
0.08111807703971863
0.08064502198249102
0.0807313029654324
0.08070161892101169
0.08017781190574169
0.0805269218981266
0.08073663711547852
0.0805996241979301
0.08064113324508071
0.08069487614557147
0.08088077697902918
0.0830337768420577
0.08287554467096925
0.08071879390627146
0.08072844613343477
0.0803879490122199
0.08053415408357978
0.08046645577996969
0.08054152084514499
0.08027300564572215
0.08037609094753861
0.08313484815880656
0.0824238071218133
0.08021537028253078
0.08045280305668712
0.08059287210926414
0.0830080988816917
0.08252700930461287
0.08003154909238219
0.08026060881093144
0.07995375525206327
0.08005991717800498
0.07991262385621667
0.08008809294551611
0.08012236561626196
0.08021999290212989
0.0812880308367312
0.08065966702997684
0.08058788487687707
0.08050332590937614
0.08034668490290642
0.08062682626768947
0.08080458734184504
0.08071332285180688
0.08045560354366899
0.08099005511030555
0.08037783810868859
0.08094385033473372
0.0810837671160698
0.08045770414173603
0.0802958500571549
0.08061125269159675
0.0804898370988667
0.08082489809021354
0.08282390097156167
0.08277805801481009
0.08047365536913276
0.08028416894376278
0.08090924005955458
0.08290324034169316
0.08290182100608945
0.08028072770684958
0.0803708410821855
0.08119660569354892
0.0832151141948998
0.08259620517492294
0.08022040873765945
0.08047205675393343
0.08037280710414052
0.08021390996873379
0.08040079614147544
0.08024733094498515
0.08042849320918322
0.0801764247007668
0.08008305402472615
0.07989414688199759
0.08023871900513768
0.08045205101370811
0.08044660836458206
0.08081055711954832
0.08041719906032085
0.08041735691949725
0.08085101656615734
0.08055840106680989
0.08070309413596988
0.0808486407622695
0.08037812821567059
0.08051454368978739
0.08087647380307317
0.0805904408916831
0.08065175777301192
0.08083306020125747
0.08331492496654391
0.08258832897990942
0.08030715677887201
0.08100370410829782
0.08176504820585251
0.08317941427230835
0.08235657634213567
0.08048012293875217
0.08072443958371878
0.08054221794009209
0.08086037123575807
0.08048128476366401
0.08044904796406627
0.08048791717737913
0.08044402208179235
0.08035844285041094
0.08019810728728771
0.08013885281980038
0.08035069005563855
0.08076300425454974
0.0803435929119587
0.08003157703205943
0.08002691995352507
0.08044616784900427
0.08032799512147903
0.08046928094699979
0.0803501196205616
0.08101234911009669
0.08073698682710528
0.08067734772339463
0.08083706628531218
0.08061347296461463
0.0808704742230475
0.08064812188968062
0.08054620260372758
0.08079723874107003
0.08037002710625529
0.08124031126499176
0.08300962299108505
0.08261970896273851
0.0804515783675015
0.08031688071787357
0.08060866687446833
0.08152481494471431
0.08092662692070007
0.08084243023768067
0.08037063805386424
0.08050681417807937
0.08072311989963055
0.08029666915535927
0.08039555279538035
0.07998086605221033
0.08041878277435899
0.07991798082366586
0.08085781568661332
0.07992724934592843
0.0803737142123282
0.08055790886282921
0.08051649807021022
0.08051663311198354
0.08070074068382382
0.0806316789239645
0.08085459936410189
0.08055350789800286
0.08052068995311856
0.08066671015694737
0.080807622987777
0.08093348518013954
0.0805045417509973
0.08117899717763066
0.08115046704187989
0.08076198911294341
0.08077891496941447
0.08024991722777486
0.0802458617836237
0.08082136558368802
0.0831932588480413
0.08269173419103026
0.0804437012411654
0.08024742407724261
0.08029187796637416
0.08056967286393046
0.0801542429253459
0.08040237985551357
0.08008533483371139
0.08009655680507421
0.0804099477827549
0.08021473186090589
0.08051909599453211
0.0801843162626028
0.08126994036138058
0.08042595814913511
0.08051552390679717
0.08072991902008653
0.0806963793002069
0.08047423511743546
0.08051463775336742
0.08064083196222782
0.08048373879864812
0.0808331947773695
0.08080213470384479
0.08074676059186459
0.08088460704311728
0.08076687483116984
0.08031461387872696
0.08073326386511326
0.08028050884604454
0.0803530104458332
0.08056018594652414
0.08270446630194783
0.08251980366185308
0.0802748678252101
0.07987054297700524
0.07973048510029912
0.08001795597374439
0.07991136703640223
0.08022550493478775
0.07989029586315155
0.08038685098290443
0.08048783801496029
0.08097260631620884
0.08030474977567792
0.08033664710819721
0.0805564159527421
0.0808710609562695
0.08029945380985737
0.08064545318484306
0.08026590989902616
0.0807361681945622
0.0812792438082397
0.08085976028814912
0.08088173484429717
0.080486124381423
0.08070260286331177
0.08077315613627434
0.0803921059705317
0.08081758581101894
0.0830718888901174
0.08312793402001262
0.08048464823514223
0.08039156626909971
0.08093591406941414
0.08314474392682314
0.082725390791893
0.08064155885949731
0.08064125385135412
0.08050154894590378
0.08063944289460778
0.0803857883438468
0.08039405196905136
0.08062280202284455
0.08031986793503165
0.08043454540893435
0.08042604802176356
0.0805490268394351
0.08024148503318429
0.08109138300642371
0.08012522291392088
0.07990236021578312
0.08007378876209259
0.0805855649523437
0.08061979711055756
0.08085373090580106
0.0802654018625617
0.0804874817840755
0.08056869311258197
0.08034725906327367
0.08073842013254762
