0.07776519609615207
0.07819644128903747
0.0777591890655458
0.07782191410660744
0.07753311330452561
0.07900029281154275
0.07770552020519972
0.07822827808558941
0.07818395597860217
0.07841918570920825
0.07736361492425203
0.07764405803754926
0.0782729429192841
0.07780807185918093
0.07838726695626974
0.07816081400960684
0.07769795320928097
0.07819818612188101
0.07813629787415266
0.07810520473867655
0.07856469787657261
0.07804502220824361
0.07748929830268025
0.07779918937012553
0.07768694777041674
0.07764605712145567
0.07820910681039095
0.077765550930053
0.07763049704954028
0.07763041136786342
0.077708023134619
0.07748177414759994
0.0780158438719809
0.07767826179042459
0.07738165929913521
0.07795013766735792
0.07773101096972823
0.07830532919615507
0.07838470116257668
0.07770188758149743
0.07733074482530355
0.07763756904751062
0.07794995419681072
0.07808785792440176
0.07787163509055972
0.07768103014677763
0.0773049732670188
0.07776618469506502
0.07792134769260883
0.07791762193664908
0.0782739189453423
0.07748846989125013
0.07766679394990206
0.07751430524513125
0.07757256785407662
0.07801078213378787
0.07784234406426549
0.07796507840976119
0.07724147289991379
0.0779984500259161
0.07931777741760015
0.07871893513947725
0.07764279004186392
0.07742473622784019
0.07750631123781204
0.07769967895001173
0.07784951105713844
0.07811494078487158
0.07741539599373937
0.07795250695198774
0.07749659800902009
0.07821189984679222
0.07803956093266606
0.0780555522069335
0.07769614178687334
0.07743624085560441
0.077608244959265
0.07736556371673942
0.07809460815042257
0.07781717600300908
0.07741381600499153
0.0774176437407732
0.07800158020108938
0.07796336803585291
0.078488914296031
0.07776469783857465
0.07751476066187024
0.0775944390334189
0.07778573501855135
0.07924427185207605
0.07893370231613517
0.07766204001381993
0.07754142116755247
0.07760679395869374
0.07772797299548984
0.07806513784453273
0.07804302778095007
0.07783666998147964
0.07764727901667356
0.07770741591230035
0.07754746777936816
0.07766440510749817
0.07806959422305226
0.07794122630730271
0.07750181993469596
0.07755978871136904
0.07784263975918293
0.078063796274364
0.07781905494630337
0.07720333710312843
0.0776708242483437
0.077527463901788
0.07744617899879813
0.07810152834281325
0.07777434913441539
0.07741999486461282
0.07749875960871577
0.07766061974689364
0.07806135714054108
0.0781005211174488
0.07754371920600533
0.0775264659896493
0.07766416016966105
0.07770358910784125
0.07771517289802432
0.07789930887520313
0.07747504487633705
0.07753418479114771
0.07760602468624711
0.07761933794245124
0.0778689137659967
0.07770587410777807
0.0777597539126873
0.07767522986978292
0.0778865059837699
0.07808410283178091
0.07769366074353456
0.0773896612226963
0.07751496508717537
0.07767332391813397
0.07793057011440396
0.07762142876163125
0.07782157184556127
0.07725021475926042
0.07759163016453385
0.07762569515034556
0.07784939790144563
0.07807617727667093
0.07743261801078916
0.07727166498079896
0.0774501608684659
0.07770661311224103
0.0777534106746316
0.07758144102990627
0.07720044115558267
0.07744738925248384
0.07749579008668661
0.07778410939499736
0.0774096641689539
0.07768103573471308
0.07731249881908298
0.07765047298744321
0.07769821910187602
0.07766853179782629
0.07784741884097457
0.07733961008489132
0.07753728609532118
0.07754620118066669
0.07866154704242945
0.078585309907794
0.0774438320659101
0.07699395529925823
0.07771288463845849
0.07743775937706232
0.07783896988257766
0.07770532183349133
0.07706667296588421
0.07740969397127628
0.07779773604124784
0.07792834006249905
0.07816078793257475
0.07746959803625941
0.07738511310890317
0.077214484103024
0.07779229711741209
0.07778878463432193
0.07752225268632174
0.07735891686752439
0.07682250486686826
0.07748928666114807
0.07771969586610794
0.07770353928208351
0.07719666231423616
0.07729117339476943
0.07772213593125343
0.0775827020406723
0.077593132853508
0.07724885502830148
0.07725129229947925
0.07739849993959069
0.07758583128452301
0.07871544593945146
0.07833240227773786
0.0783304232172668
0.07870831713080406
0.07806186284869909
0.07869709888473153
0.07935693208128214
0.08007425023242831
0.07976524205878377
0.07885848311707377
0.07884262315928936
0.0783556648530066
0.07908667903393507
0.0787683678790927
0.07829067902639508
0.07848330307751894
0.07899306993931532
0.07910126075148582
0.07797429617494345
0.07822992792353034
0.0778439068235457
0.0783678749576211
0.07846807735040784
0.07842306001111865
0.07806872995570302
0.0779655845835805
0.07774444203823805
0.07755275629460812
0.07769601000472903
0.0778506537899375
0.07693285401910543
0.07723405491560698
0.07766807312145829
0.07750810822471976
0.07785809133201838
0.07750660507008433
0.07725704088807106
0.07722382387146354
0.07915492122992873
0.0794424656778574
0.07724098861217499
0.07761911395937204
0.07678700005635619
0.07693160511553288
0.07724770996719599
0.0774411610327661
0.07738086488097906
0.07723677111789584
0.07771299313753843
0.07711699092760682
0.0776285589672625
0.07727995188906789
0.07734707416966558
0.07719181617721915
0.07764398586004972
0.07773013925179839
0.07721101865172386
0.07704433100298047
0.07763801980763674
0.07761776586994529
0.0778403989970684
0.0775460870936513
0.07698481297120452
0.07710624998435378
0.0771135464310646
0.07743547484278679
0.07713058777153492
0.07700303616002202
0.07687594788148999
0.07726908009499311
0.07736509200185537
0.07732027303427458
0.07682745158672333
0.07692945096641779
0.07783546717837453
0.07848299294710159
0.07806240022182465
0.07695252681151032
0.07699224399402738
0.07708522910252213
0.07738217478618026
0.07762172911316156
0.07740192767232656
0.0801493083126843
0.07960540382191539
0.07692241296172142
0.07740863366052508
0.0774650638923049
0.07734590489417315
0.0772007298655808
0.07693614577874541
0.07791963126510382
0.0777377700433135
0.07777014188468456
0.0769975958392024
0.07673294842243195
0.07735639903694391
0.07753222901374102
0.07745680306106806
0.07692230027168989
0.07704167999327183
0.07737438101321459
0.07767155533656478
0.07745004259049892
0.07709242403507233
0.07727980287745595
0.07724011782556772
0.07745604403316975
0.0770359099842608
0.07714921794831753
0.07703808601945639
0.07758628902956843
0.07869824022054672
0.07803727826103568
0.07694778963923454
0.07712754979729652
0.07735288515686989
0.07753826025873423
0.07768699107691646
0.07753195706754923
0.07983998209238052
0.07962447078898549
0.07679393934085965
0.07714873319491744
0.07720649894326925
0.07751728082075715
0.07688839780166745
0.07726566307246685
0.07760527590289712
0.07743578171357512
0.07710808701813221
0.07720148889347911
0.07738704327493906
0.07711648941040039
0.07725663995370269
0.07719176216050982
0.07700471999123693
0.07747103925794363
0.07727839983999729
0.07747263601049781
0.07738959789276123
0.0771202240139246
0.0771406046114862
0.07716343691572547
0.07769509684294462
0.0768348341807723
0.07668873202055693
0.07739251712337136
0.07723467098549008
0.07758191740140319
0.07711212709546089
0.07706101983785629
0.07725636288523674
0.07779819006100297
0.07737102219834924
0.07698264997452497
0.07701621297746897
0.07935752393677831
0.07925032591447234
0.07700369879603386
0.07741677993908525
0.0769899869337678
0.07763586426153779
0.07775499578565359
0.07732012076303363
0.07759863417595625
0.0772352060303092
0.07714405097067356
0.07748056016862392
0.07737811096012592
0.07760993298143148
0.07709435187280178
0.07701031304895878
0.07742976257577538
0.07750341715291142
0.07755191111937165
0.0772605431266129
0.07685851491987705
0.07730507105588913
0.07757009984925389
0.07742593390867114
0.07727467780932784
0.07719055423513055
0.0771938911639154
0.07771214470267296
0.07763257483020425
0.07723476272076368
0.07737251278012991
0.07719669118523598
0.0776989022269845
0.07754852995276451
0.07709306385368109
0.07759835664182901
0.07740148482844234
0.07738149026408792
0.0774704241193831
0.0769088021479547
0.0771708763204515
0.07698518922552466
0.0774536170065403
0.07732446026057005
0.07725988794118166
0.07691345224156976
0.07720735995098948
0.07745191315189004
0.07788562402129173
0.07715095300227404
0.07695831917226315
0.077530805952847
0.07726476714015007
0.07785480888560414
0.07718374487012625
0.07706389436498284
0.07733582425862551
0.07746040914207697
0.07738338503986597
0.07715200493112206
0.07670113211497664
0.07762007880955935
0.07731243362650275
0.07750304415822029
0.07720366818830371
0.07699779001995921
0.07730128057301044
0.07713676895946264
0.07715510623529553
0.07732743071392179
0.07717368472367525
0.07732935529202223
0.07804468320682645
0.07783549604937434
0.07728346018120646
0.0769932521507144
0.07753601390868425
0.07786708604544401
0.07766985101625323
0.07702098321169615
0.07724333321675658
0.07753648888319731
0.07920876145362854
0.07889217929914594
0.07760479114949703
0.07748848106712103
0.07670655706897378
0.07710943976417184
0.07738080527633429
0.07760599022731185
0.07781141577288508
0.07718376396223903
0.07690835371613503
0.07721363287419081
0.07731205178424716
0.07735164789482951
0.07719784323126078
0.07723260996863246
0.07741027418524027
0.07750339200720191
0.0772060421295464
0.07723090192303061
0.07749625388532877
0.07771058566868305
0.0775546170771122
0.07771626999601722
0.0771930287592113
0.07723166700452566
0.07756506139412522
0.07797020161524415
0.07749976217746735
0.0772457211278379
0.0769996577873826
0.07740292977541685
0.07754632970318198
0.07763093803077936
0.07749137515202165
0.07754204422235489
0.07749473303556442
0.07760054199025035
0.07734477519989014
0.07709975726902485
0.07732076663523912
0.0775554459542036
0.07746224012225866
0.07778278971090913
0.07755129504948854
0.07716759294271469
0.07748636463657022
0.07723786495625973
0.07731948420405388
0.07685847394168377
0.07705640513449907
0.07740490883588791
0.0771783203817904
0.07736282190307975
0.07672940008342266
0.07680057687684894
0.07714659813791513
0.07732592895627022
0.07705620443448424
0.07691780524328351
0.0773307322524488
0.07725924905389547
0.07739017531275749
0.07745370408520103
0.07680648285895586
0.07711033197119832
0.07714199181646109
0.07773917214944959
0.07717418298125267
0.07697897404432297
0.07686557993292809
0.07720083417370915
0.07704621693119407
0.07701584463939071
0.07685051718726754
0.07729697087779641
0.07723772991448641
0.07746081426739693
0.0771654169075191
0.07690402120351791
0.07699726708233356
0.07726725470274687
0.07744287885725498
0.07651205314323306
0.07659083511680365
0.07698014983907342
0.07717918325215578
0.07659545401111245
0.07676659198477864
0.07661557896062732
0.07698937086388469
0.07731216913089156
0.07696223119273782
0.07673275098204613
0.07709406316280365
0.07700433442369103
0.07651487458497286
0.07655434403568506
0.07669133506715298
0.07713616732507944
0.07709694933146238
0.07664497289806604
0.07659818604588509
0.07724033016711473
0.07734662713482976
0.07744641602039337
0.07647598488256335
0.07647445099428296
0.0772835430689156
0.07697705505415797
0.07654803292825818
0.07643502997234464
0.07701212074607611
0.07699371967464685
0.07711330894380808
0.07638087403029203
0.07685072813183069
0.07734949281439185
0.07717273570597172
0.0768125606700778
0.0766886230558157
0.07696721004322171
0.07724506314843893
0.07697212463244796
0.07687715999782085
0.07654120586812496
0.07706412626430392
0.07739400770515203
0.07696715788915753
0.07675589201971889
0.07701395405456424
0.07723983796313405
0.0770643763244152
0.07722740899771452
0.07678673695772886
0.07696508895605803
0.07683100877329707
0.07715078303590417
0.07690699025988579
0.07663981011137366
0.07699537137523293
0.07709258468821645
0.07728585926815867
0.07696160720661283
0.07717299880459905
0.07721336698159575
0.07738630939275026
0.0774198267608881
0.07695504790171981
0.076737554743886
0.07706821011379361
0.07745257299393415
0.07727049384266138
0.07726657204329967
0.07958112517371774
0.0793405887670815
0.0771714081056416
0.07706494396552444
0.07730423705652356
0.07696511410176754
0.07689934596419334
0.07722571026533842
0.07737543480470777
0.07714663399383426
0.07721111411228776
0.0771245057694614
0.07720322301611304
0.0772377927787602
0.07745149033144116
0.07692403579130769
0.07682781992480159
0.07711663423106074
0.0774908191524446
0.07707986887544394
0.07690555416047573
0.07668114779517055
0.07698996597900987
0.07755434885621071
0.07710307510569692
0.07704678503796458
0.0772894979454577
0.07720636343583465
0.07783924508839846
0.0770233147777617
0.07665824703872204
0.07695480296388268
0.07706269714981318
0.07720244210213423
0.07701489329338074
0.07691341126337647
0.0773019241169095
0.07872292678803205
0.07884510606527328
0.0774036175571382
0.07671838905662298
0.07734034489840269
0.07678422192111611
0.07773907016962767
0.07696028612554073
0.07693057088181376
0.0771319828927517
0.07720647100359201
0.07759998925030231
0.07732700696215034
0.07703414186835289
0.07701085694134235
0.07726557971909642
0.07736399210989475
0.07724654395133257
0.07646019104868174
0.07717715995386243
0.07702075922861695
0.0771032446064055
0.07692074496299028
0.0768931400962174
0.0769208949059248
0.07757056411355734
0.0772806010209024
0.07691515563055873
0.07672823593020439
0.07703821687027812
0.07719456311315298
0.07726996717974544
0.07687745289877057
0.07678296603262424
0.07746528787538409
0.07723671104758978
0.07715798681601882
0.07682877825573087
0.07728458102792501
0.0773303471505642
0.07731337193399668
0.0771261639893055
0.0772035289555788
0.07690212270244956
0.07693447591736913
0.07764151273295283
0.0767474127933383
0.07701019197702408
0.07713714893907309
0.07692799670621753
0.07734259311109781
0.0771463648416102
0.07681359397247434
0.07693371828645468
0.07715917797759175
0.0771614401601255
0.07713726116344333
0.0768850538879633
0.07728756591677666
0.07711952831596136
0.07784901699051261
0.0768944900482893
0.07687434973195195
0.0775498254224658
0.07729953527450562
0.07717599114403129
0.07676961505785584
0.07715207105502486
0.07737261475995183
0.07801333582028747
0.07783572189509869
0.07710179220885038
0.07691894378513098
0.0774105042219162
0.07722479896619916
0.07708845427259803
0.07670876197516918
0.07722464203834534
0.07724313391372561
0.07718819798901677
0.07712042238563299
0.07672584289684892
0.0770946522243321
0.07700852304697037
0.07776971627026796
0.07716554682701826
0.07701735524460673
0.07708977023139596
0.07750570913776755
0.07750456407666206
0.07710065227001905
0.07706974493339658
0.07743233302608132
0.07748885592445731
0.07718761404976249
0.07689405605196953
0.07741120317950845
0.07722727581858635
0.07704701274633408
0.07775390520691872
0.07709824200719595
0.07690182607620955
0.07714030286297202
0.07754101790487766
0.07744493382051587
0.07681325497105718
0.07680328702554107
0.07728581689298153
0.07733401143923402
0.0776410736143589
0.07713600620627403
0.07718578167259693
0.07734593190252781
0.0771922180429101
0.07730364287272096
0.07720166305080056
0.07714596623554826
0.0770854176953435
0.07748120790347457
0.0774367731064558
0.07694872422143817
0.07713854685425758
0.07733925897628069
0.07714587077498436
0.07723792223259807
0.07737195864319801
0.07708166120573878
0.07710128789767623
0.0775734968483448
0.07739763427525759
0.07687600934877992
0.07714690966531634
0.07713801506906748
0.07735928799957037
0.07761578215286136
0.0770775112323463
0.07727105217054486
0.07702232105657458
0.07733614230528474
0.07719273120164871
0.07710653822869062
0.07694391114637256
0.07713087601587176
0.07748876977711916
0.07728013209998608
0.07705062301829457
0.08003429835662246
0.07969990000128746
0.07696552807465196
0.07742492714896798
0.07745678210631013
0.07718887506052852
0.07687604334205389
0.07710539270192385
0.07765488186851144
0.07727532088756561
0.077592465095222
0.07699699606746435
0.07708594622090459
0.07769883191213012
0.0776733672246337
0.07709887390956283
0.07739661494269967
0.0772963548079133
0.07722774520516396
0.07754580583423376
0.07748828921467066
0.07724142400547862
0.07731061382219195
0.07737059704959393
0.07743928674608469
0.07765878597274423
0.07715300796553493
0.07742081582546234
0.07739428896456957
0.07772492989897728
0.0775768831372261
0.07696765102446079
0.07702246634289622
0.07733039883896708
0.07760125072672963
0.07740220008417964
0.07737018400803208
0.07703992025926709
0.07729564793407917
0.07745888223871589
0.07761786272749305
0.07741808192804456
0.0769615238532424
0.07733491295948625
0.07735020713880658
0.07760488800704479
0.0772025310434401
0.076716098934412
0.07705305702984333
0.0776084060780704
0.07753337500616908
0.07696087006479502
0.07682407600805163
0.07685518311336637
0.07707844115793705
0.07709917007014155
0.07694358006119728
0.07699515577405691
0.07742619095370173
0.07767243776470423
0.07762610912322998
0.07686207816004753
0.07711281115189195
0.07691580941900611
0.07722128182649612
0.07734685391187668
0.07712815701961517
0.07658864790573716
0.07720490405336022
0.07725533796474338
0.07708338694646955
0.07713301805779338
0.07682043593376875
0.0773766515776515
0.07769697578623891
0.07722105225548148
0.07713334076106548
0.07702896930277348
0.07730251597240567
0.07708578370511532
0.07687745662406087
0.07723979791626334
0.07702897861599922
0.07734819268807769
0.0771572832018137
0.0772900190204382
0.07734691305086017
0.07750803884118795
0.07730264775454998
0.07801043102517724
0.07767773838713765
0.07687221514061093
0.07701190328225493
0.07681565824896097
0.07720484025776386
0.07713109720498323
0.07692241203039885
0.0772643182426691
0.07699002884328365
0.07725522806867957
0.07690038112923503
0.07706514885649085
0.07717132475227118
0.0785075412131846
0.0774775929749012
0.07708569709211588
0.07725168997421861
0.07786500733345747
0.07735129306092858
0.07779049035161734
0.07711149705573916
0.07704494800418615
0.07734438125044107
0.07764745829626918
0.0776183269917965
0.07686385698616505
0.07694890582934022
0.07717957813292742
0.07675485406070948
0.07759539503604174
0.07661702018231153
0.07742592599242926
0.077225002925843
0.0770293059758842
0.07733379816636443
0.07718000700697303
0.07667464995756745
0.07746970606967807
0.07731600198894739
0.07713397592306137
0.07685192720964551
0.07698458665981889
0.07720258692279458
0.0774465138092637
0.07755589298903942
0.07689294265583158
0.07690338836982846
0.07706576585769653
0.07729614805430174
0.07707924488931894
0.07666001003235579
0.07713031396269798
0.07740833284333348
0.07732389122247696
0.07702340418472886
0.07733534695580602
0.07702894089743495
0.07715289993211627
0.07736044889315963
0.07668209914118052
0.07741854526102543
0.07976619293913245
0.07968083675950766
0.07724869903177023
0.0772162708453834
0.07703586900606751
0.07692364417016506
0.07713720807805657
0.07730727083981037
0.0772183882072568
0.07728409068658948
0.07711722794920206
0.07671577902510762
0.07704195939004421
0.07730786921456456
0.07699954463168979
0.07706928299739957
0.07722870912402868
0.07752897730097175
0.07728039799258113
0.07680022390559316
0.07713409187272191
0.07739909598603845
0.07704066578298807
0.07743556890636683
0.07726869406178594
0.07705578906461596
0.0773156126961112
0.07736677210777998
0.07730400422587991
0.07700377563014627
0.0770061369985342
0.07718406990170479
0.07749356096610427
0.07731703808531165
0.07681634603068233
0.07697378983721137
0.07745295204222202
0.0787018770352006
0.07833141786977649
0.07736245496198535
0.07697751512750983
0.07744135893881321
0.07710031000897288
0.07728949980810285
0.07708821212872863
0.07732115592807531
0.07751261908560991
0.0770664969459176
0.077562574762851
0.07797209499403834
0.0780573608353734
0.07899514632299542
0.07813561335206032
0.07801634725183249
0.0790621880441904
0.07810414023697376
0.0793908704072237
0.08023707615211606
0.07800627173855901
0.07755509205162525
0.07811559177935123
0.07867013616487384
0.07953749410808086
0.07816862687468529
0.07766780396923423
0.07736293878406286
0.07801706390455365
0.07823826558887959
0.07859154185280204
0.07798203499987721
0.07861996302381158
0.07756506511941552
0.07784766890108585
0.07785392692312598
0.07834387291222811
0.07706442289054394
0.07709609810262918
0.07688418915495276
0.07736698631197214
0.07748104119673371
0.07672367990016937
0.07697819313034415
0.07711614714935422
0.07725743670016527
0.07755270227789879
0.07704752217978239
0.07640117267146707
0.07702241092920303
0.0774025060236454
0.07758863689377904
0.07776000490412116
0.07703047804534435
0.07708875881507993
0.07720335898920894
0.07736076135188341
0.07705009682103992
0.07731229020282626
0.0777500900439918
0.0770481051877141
0.07712774723768234
0.07720761001110077
0.07655467372387648
0.07744108606129885
0.07737671118229628
0.07749088481068611
0.07674008375033736
0.07686648098751903
0.07736523076891899
0.07728968188166618
0.07703772094100714
0.07746805110946298
0.07676290813833475
0.07717713806778193
0.07711403165012598
0.07695389166474342
0.07665236620232463
0.07728831609711051
0.0771169662475586
0.0769482278265059
0.07713909214362502
0.07691705180332065
0.07728199707344174
0.07709043193608522
0.0774733042344451
0.07664318289607763
0.07734257401898503
0.07694177469238639
0.07708602398633957
0.0772200501523912
0.07674808287993073
0.0771020669490099
0.07680887682363391
0.07698537688702345
0.0768468901515007
0.07671911083161831
0.07689645001664758
0.07748463982716203
0.07693689921870828
0.07729856437072158
0.07684183027595282
0.07706869160756469
0.0774845601990819
0.07697346108034253
0.07692986214533448
0.07708389405161142
0.07719890307635069
0.07763450685888529
0.077588708139956
0.07683308329433203
0.07753201993182302
0.07716692425310612
0.07703358680009842
0.07678634393960238
0.07659771293401718
0.07715748623013496
0.07713586091995239
0.07731880014762282
0.07654368923977017
0.0768892620690167
0.07672120025381446
0.07723830593749881
0.07671650033444166
0.07739078672602773
0.07705918373540044
0.0779240857809782
0.07712043775245547
0.07655361713841558
0.07707665907219052
0.0777529627084732
0.07737449603155255
0.07771305134519935
0.07642099726945162
0.07676926208660007
0.07704474916681647
0.07750747818499804
0.07765835896134377
0.07681046985089779
0.07664580689743161
0.07697383593767881
0.07689670193940401
0.07723564421758056
0.07701613521203399
0.07707523088902235
0.07707183714956045
0.0772931482642889
0.0766517841257155
0.07689179386943579
0.07731828698888421
0.07750424835830927
0.07756464183330536
0.07714820560067892
0.07731900783255696
0.07709210505709052
0.07704471983015537
0.0776485032401979
0.07775089424103498
0.08007117034867406
0.07958846725523472
0.07694501103833318
0.07746589183807373
0.07770805712789297
0.07747384021058679
0.07721125893294811
0.07711499882861972
0.07721491111442447
0.0773918661288917
0.07755743199959397
0.0773907988332212
0.0772176762111485
0.07738181902095675
0.07744384231045842
0.0774701819755137
0.07848194008693099
0.07741005020216107
0.07763006910681725
0.07741782395169139
0.07754739467054605
0.07741930102929473
0.0767430909909308
0.07745339907705784
0.07740964414551854
0.07761933701112866
0.0771371922455728
0.07677894411608577
0.07721661776304245
0.07781842909753323
0.07721842732280493
0.07737435540184379
0.07686451589688659
0.07695839228108525
0.07696604309603572
0.07736841309815645
0.07776802591979504
0.0806268397718668
0.08014425309374928
0.07693315530195832
0.07747581601142883
0.07712475908920169
0.07751080580055714
0.07688459381461143
0.07692434592172503
0.07702420512214303
0.07716680690646172
0.07728550489991903
0.07694551395252347
0.07690615905448794
0.07771303690969944
0.07727483194321394
0.07710608514025807
0.07720320532098413
0.0766031239181757
0.07732101529836655
0.07714602025225759
0.07747925398871303
0.07678011199459434
0.07697731023654342
0.0772067978978157
0.07694466412067413
0.07721769297495484
0.07677129004150629
0.07669830834493041
0.07727470714598894
0.07753196498379111
0.0765908402390778
0.07697666808962822
0.07695411797612906
0.07693277904763818
0.07692110305652022
0.07647888083010912
0.07747311098501086
0.07857276871800423
0.07906896993517876
0.07772744819521904
0.07731199311092496
0.07683807145804167
0.07682289183139801
0.07747632078826427
0.07730951113626361
0.0768975499086082
0.07656976208090782
0.07697745179757476
0.07704956131055951
0.07753991428762674
0.07721672160550952
0.07734291488304734
0.07776597607880831
0.07763154990971088
0.077922108117491
0.07820296287536621
0.07776515977457166
0.07753471191972494
0.07762669865041971
0.07765125390142202
0.07799539668485522
0.0773898009210825
0.07763868570327759
0.0775710940361023
0.0776313147507608
0.07795996498316526
0.07784975180402398
0.07774347392842174
0.0777243790216744
0.07765577919781208
0.0777003918774426
0.07864114409312606
0.07804242661222816
0.07820291584357619
0.08060505893081427
0.08028231095522642
0.07764843991026282
0.07786705298349261
0.07793306885287166
0.07824413804337382
0.07838270580396056
0.07738217199221253
0.07768771983683109
0.07780573470517993
0.07853727601468563
0.07818782096728683
0.07809702027589083
0.07768568815663457
0.07752881199121475
0.0776385199278593
0.07775829313322902
0.07834139978513122
0.0780822359956801
0.07777470489963889
0.07756916992366314
0.07818629872053862
0.07838569208979607
0.07838570419698954
0.07816003868356347
0.07770307967439294
0.07774840854108334
0.07778046885505319
0.07812289614230394
0.07827045489102602
0.0777702322229743
0.07765811495482922
0.07746053487062454
0.07824855763465166
0.07921727187931538
0.07926080608740449
0.07791286380961537
0.07745578279718757
0.07761590695008636
0.07788811204954982
0.07786631304770708
0.07838610000908375
0.07806659583002329
0.07780440896749496
0.07754639070481062
0.07768735382705927
0.07795615680515766
0.07812396064400673
0.07796071609482169
0.0776870590634644
0.07755728205665946
0.0778723182156682
0.07778510870411992
0.07781951688230038
0.077691410202533
0.0772855170071125
0.07743463292717934
0.07774227438494563
0.07790763163939118
0.07806021207943559
0.07733993185684085
0.0777733726426959
0.07754985988140106
0.07796268165111542
0.07791705382987857
0.07800819724798203
0.07762269582599401
0.07772988267242908
0.07772660488262773
0.07793867774307728
0.07826169719919562
0.07789816102012992
0.07782781729474664
0.07773276278749108
0.07848318992182612
0.07782400073483586
0.07802062295377254
0.07789391232654452
0.07766171591356397
0.07779278885573149
0.07795141218230128
0.07787141297012568
0.0778177878819406
0.07786858221516013
0.07750210165977478
0.07754563167691231
0.07795304572209716
0.07859763223677874
0.07829809375107288
0.07785782916471362
0.07750095520168543
0.07736898213624954
0.0779150421731174
0.07810790790244937
0.07805845187976956
0.0779363689944148
0.07803897792473435
0.07753115892410278
0.07768210116773844
0.07798061473295093
0.07802669424563646
0.07781065115705132
0.07730374205857515
0.07776019582524896
0.07779722707346082
0.07909033307805657
0.07877227198332548
0.07790100341662765
0.07753621926531196
0.07758498704060912
0.07752406969666481
0.07827942119911313
0.07799805281683803
0.07809190126135945
0.07769678719341755
0.07757299765944481
0.0779277766123414
0.07806044211611152
0.07813050877302885
0.07770441239699721
0.07747033890336752
0.07771086879074574
0.07775935530662537
0.0781014016829431
0.07840969413518906
0.0780118191614747
0.07801493816077709
0.07775488588958979
0.07802411913871765
0.07815622678026557
0.07818990899249911
0.07775314804166555
0.0777683318592608
0.07756329281255603
0.07808974431827664
0.07815295131877065
0.07840637397021055
0.0779328839853406
0.07770465081557631
0.07801298797130585
0.07782301679253578
0.07805852871388197
0.07802078872919083
0.07757105538621545
0.07786090904846787
0.07758481428027153
0.07765315612778068
0.07803204609081149
0.07793541811406612
0.07768455101177096
0.07779839960858226
0.07842344604432583
0.07801432488486171
0.07798450393602252
0.07763405703008175
0.07761348085477948
0.07748036691918969
0.07836123602464795
0.07801225781440735
0.07855283282697201
0.0783041943795979
0.07734189927577972
0.07777514774352312
0.07751072896644473
0.07840121071785688
0.07813428808003664
0.07814226532354951
0.07763431966304779
0.07747351611033082
0.07755348971113563
0.07750150188803673
0.07792190089821815
0.07806671876460314
0.07742393389344215
0.07718914980068803
0.07833905704319477
0.07937747007235885
0.07961663790047169
0.07738920813426375
0.0774282580241561
0.07709617866203189
0.07754533784464002
0.07761496119201183
0.07777869701385498
0.07768468279391527
0.07750387582927942
0.07731637079268694
0.07776432204991579
0.07792516378685832
0.07735566096380353
0.07751678815111518
0.07737095467746258
0.07714859116822481
0.07756292028352618
0.07774005085229874
0.07784495875239372
0.07738837413489819
0.07744105579331517
0.07858570106327534
0.07891664002090693
0.07925657741725445
0.0786730688996613
0.0776289333589375
0.0780760906636715
0.0784228341653943
0.07835729513317347
0.07850976008921862
0.07945723831653595
0.0792285343632102
0.07902656309306622
0.07772944215685129
0.077452861238271
0.07782718306407332
0.07810299377888441
0.07815764471888542
0.07774384785443544
0.07795206317678094
0.07806560304015875
0.08012983901426196
0.08020230708643794
0.07808824814856052
0.07828915119171143
0.07788576884195209
0.07736590318381786
0.07769984798505902
0.07823456171900034
0.07780552515760064
0.0780137050896883
0.07804802479222417
0.07738473638892174
0.07758559426292777
0.07784378528594971
0.07781758904457092
0.07782613998278975
0.07793221389874816
0.0776998708024621
0.07766418624669313
0.07785165682435036
0.07804732257500291
0.07798423897475004
0.07754710968583822
0.07756402203813195
0.07767397398129106
0.07765115890651941
0.07787707168608904
0.07773252110928297
0.07712765131145716
0.07741778902709484
0.07781355176120996
0.07802760461345315
0.07790329214185476
0.07880584476515651
0.07787388889119029
0.0772706032730639
0.07787239504978061
0.07796799391508102
0.07739370223134756
0.07781959837302566
0.07727843197062612
0.07724103797227144
0.07802471937611699
0.07795729441568255
0.07815761398524046
0.07753018289804459
0.07747045578435063
0.07790463883429766
0.07789298100396991
0.07779741287231445
0.07738161226734519
0.07734194723889232
0.0776625033468008
0.07787561696022749
0.07807217817753553
0.07793648028746247
0.0773902703076601
0.07745808316394687
0.07763875927776098
0.07804420171305537
0.07820825790986419
0.07758709322661161
0.07751295482739806
0.0774886030703783
0.07777701085433364
0.07776185777038336
0.07782190479338169
0.0774352541193366
0.07743058819323778
0.07753784535452724
0.0777152250520885
0.07827015919610858
0.07857443485409021
0.07814634125679731
0.07721630716696382
0.077723135240376
0.07798200007528067
0.07758084870874882
0.07719402527436614
0.07731133559718728
0.07756507070735097
0.07743392791599035
0.07773376582190394
0.07750302366912365
0.07754021883010864
0.07781560393050313
0.07777286181226373
0.07677886076271534
0.0773224039003253
0.07678705779835582
0.07677091006189585
0.07703099492937326
0.07717334991320968
0.07737205689772964
0.07693248428404331
0.07669939566403627
0.07712449785321951
0.07752732280641794
0.0780504047870636
0.07660072529688478
0.07682276982814074
0.07763315085321665
0.07759954268112779
0.07701338035985827
0.07655682321637869
0.07709223590791225
0.0769335268996656
0.07712669298052788
0.07692836783826351
0.07672073598951101
0.07723681163042784
0.07793609704822302
0.0777205340564251
0.07746083103120327
0.07743360195308924
0.07738237408921123
0.07701656874269247
0.07765298709273338
0.0773051930591464
0.0771955237723887
0.07746177585795522
0.0772585510276258
0.07685902900993824
0.07719831122085452
0.0774447568692267
0.07663686899468303
0.07710070721805096
0.07698732102289796
0.07658199826255441
0.07688738498836756
0.07746202871203423
0.07734370976686478
0.07787908287718892
0.07854839880019426
0.07779327221214771
0.07768192933872342
0.07733976561576128
0.07740027597174048
0.07763363467529416
0.07811201084405184
0.07836151495575905
0.07873480999842286
0.07806191826239228
0.07821988640353084
0.07826995709910989
0.07816344127058983
0.07785095600411296
0.07781449379399419
0.07809299416840076
0.07810166804119945
0.07819411437958479
0.07819686830043793
0.07765732798725367
0.07785424962639809
0.07822648016735911
0.07845053495839238
0.07826656894758344
0.07797455694526434
0.07762187905609608
0.07718281680718064
0.0779970521107316
0.07791937002912164
0.0782307367771864
0.07796736294403672
0.07752194302156568
0.07799726305529475
0.07788333762437105
0.07822005916386843
0.07804242940619588
0.07804642105475068
0.07770348014310002
0.07796933595091105
0.07784831477329135
0.07833393989130855
0.07817896082997322
0.07799372309818864
0.07786922389641404
0.07779293321073055
0.0779943410307169
0.07826945325359702
0.07797649875283241
0.07847143989056349
0.07765731401741505
0.07766203815117478
0.07788440026342869
0.07850156771019101
0.07801124500110745
0.07803256204351783
0.07751630898565054
0.0776623822748661
0.07811882486566901
0.07840970298275352
0.07820538803935051
0.07819171715527773
0.07804379565641284
0.07795121939852834
0.07816973607987165
0.07864380581304431
0.0785695998929441
0.07857681438326836
0.08023826591670513
0.07978738192468882
0.07839742489159107
0.07774607371538877
0.07785377698019147
0.0777998473495245
0.07808222901076078
0.07789467880502343
0.0775521551258862
0.07818675693124533
0.07820083620026708
0.07806788524612784
0.07824342884123325
0.07808305835351348
0.07829436101019382
0.07786858594045043
0.07755653792992234
0.07804110180586576
0.07801924971863627
0.0778671889565885
0.07827503327280283
0.07838293630629778
0.07808427000418305
0.07772746495902538
0.07834562379866838
0.07850090507417917
0.07813648693263531
0.07789653586223722
0.07792146690189838
0.07831076020374894
0.07850534981116652
0.07837280025705695
0.07817687094211578
0.07811821810901165
0.07815343281254172
0.07891826704144478
0.08010441903024912
0.07847780780866742
0.07905759802088141
0.07855495624244213
0.07926800195127726
0.07855460792779922
0.07884333981201053
0.07837541028857231
0.07821806892752647
0.07865551020950079
0.07899161288514733
0.07879687612876296
0.08133434085175395
0.07865047873929143
0.07862952630966902
0.07828485500067472
0.0781704499386251
0.07862664572894573
0.07866428373381495
0.07823051605373621
0.077983726747334
0.0779668940231204
0.07817577291280031
0.0784844602458179
0.07828695978969336
0.0802130470983684
0.07942595705389977
0.07957548182457685
0.07972931629046798
0.0783717893064022
0.07884562714025378
0.0789679498411715
0.07906880136579275
0.07945261988788843
0.07958436710759997
0.0792366061359644
0.07853963831439614
0.07809362281113863
0.0779156880453229
0.07808602508157492
0.07805824419483542
0.07831543078646064
0.0786513090133667
0.07827043300494552
0.07822106406092644
0.07869708398357034
0.07876823004335165
0.0785874342545867
0.07883337931707501
0.07881264807656407
0.07816681079566479
0.0780619578436017
0.07813127618283033
0.08042566711083055
0.07997807394713163
0.07766669383272529
0.07771797385066748
0.07781259482726455
0.07812182698398829
0.07890704879537225
0.07918296661227942
0.07931777695193887
0.07832146203145385
0.0788061423227191
0.07910909689962864
0.07868716400116682
0.07954498939216137
0.08077342202886939
0.08081148006021976
0.08164920285344124
0.0798537633381784
0.07810195814818144
0.07911272440105677
0.08257662784308195
0.0780089870095253
0.07854570588096976
0.07848075171932578
0.08023043675348163
0.07978826109319925
0.07900852290913463
0.07966465270146728
0.07986119156703353
0.07984711788594723
0.07867851434275508
0.0786539982073009
0.07857196917757392
0.07814897876232862
0.07921906188130379
0.07798786275088787
0.07795568183064461
0.07808864861726761
0.07786084525287151
0.07910748198628426
0.07846704497933388
0.07844660198315978
0.07757511781528592
0.07821971597149968
0.08084196411073208
0.08084257459267974
0.07797471713274717
0.07809762889519334
0.07797520468011498
0.07807698613032699
0.07797268778085709
0.07775516621768475
0.07818927569314837
0.0777018372900784
0.07803034782409668
0.07862657122313976
0.0786435417830944
0.07884313864633441
0.08032271591946483
0.07789848605170846
0.07821256807073951
0.07760687405243516
0.07795660197734833
0.07826133305206895
0.07733390480279922
0.07739901402965188
0.07766403211280704
0.0779199879616499
0.07842456083744764
0.07896177284419537
0.07813530508428812
0.07756088301539421
0.07763089425861835
0.07789053721353412
0.07817764021456242
0.07786414492875338
0.07767804665490985
0.07814640318974853
0.08039382006973028
0.08141826139762998
0.07932952418923378
0.07826584670692682
0.07822441309690475
0.07851195707917213
0.07796846982091665
0.07787887984886765
0.07749211462214589
0.07807813817635179
0.0779318711720407
0.07814173214137554
0.07776002306491137
0.077998420689255
0.0779301431030035
0.07777715427801013
0.07789151184260845
0.07830930408090353
0.07804715586826205
0.07813749182969332
0.07784150494262576
0.07765964325517416
0.0777221960015595
0.0780780278146267
0.07830569613724947
0.07840263098478317
0.07951197400689125
0.07830099062994123
0.07844651909545064
0.07882600510492921
0.07881839480251074
0.078590027987957
0.07843352993950248
0.07876683631911874
0.08096760185435414
0.08107471186667681
0.07806967990472913
0.0781104201450944
0.0780902300029993
0.07880688086152077
0.07868360076099634
0.07835591491311789
0.07843873370438814
0.07827248517423868
0.07816343894228339
0.07829961413517594
0.07863719714805484
0.07839017501100898
0.07795588998124003
0.07799461204558611
0.07836326584219933
0.07793067023158073
0.07928199833258986
0.07859440613538027
0.07876750780269504
0.07842398900538683
0.0786613579839468
0.07776159513741732
0.07866056496277452
0.07820205111056566
0.07907875208184123
0.07905738381668925
0.07873671734705567
0.07852165214717388
0.07851914828643203
0.07821565913036466
0.07827814808115363
0.07854783907532692
0.07875255029648542
0.07856825273483992
0.07902885787189007
0.07889891695231199
0.07842250540852547
0.07844367297366261
0.07875555381178856
0.07832559617236257
0.0784294931218028
0.078406005166471
0.07858216017484665
0.07826714077964425
0.07835614029318094
0.07825390109792352
0.07908340869471431
0.07959856512024999
0.07951843179762363
0.07840967085212469
0.07830300135537982
0.07833869801834226
0.07856838405132294
0.07943713665008545
0.0787692810408771
0.07911067781969905
0.07855587918311357
0.07877861708402634
0.07859121216461062
0.07819936983287334
0.0785298184491694
0.07839849591255188
0.07882665609940886
0.07922959560528398
0.078879423905164
0.07833039900287986
0.07838346716016531
0.07811369327828288
0.07848612312227488
0.0786639777943492
0.07919978210702538
0.07887774566188455
0.0789203429594636
0.07861285703256726
0.07841527136042714
0.07867048028856516
0.07880177814513445
0.079209562856704
0.07912416430190206
0.07907995488494635
0.07869330374523997
0.07876667520031333
0.07862481893971562
0.0783578809350729
0.07865156419575214
0.07908070413395762
0.07894178293645382
0.07854345580562949
0.0785116027109325
0.0783380651846528
0.07835582923144102
0.07916478719562292
0.07920784875750542
0.0788038787432015
0.07872117776423693
0.07879160577431321
0.07934744097292423
0.07858816673979163
0.07973889913409948
0.07847338728606701
0.07870977325364947
0.07858190406113863
0.07928723376244307
0.07875376706942916
0.07866064691916108
0.07887561386451125
0.07857693219557405
0.07849636813625693
0.07845922699198127
0.07895318791270256
0.07921013096347451
0.07882886473089457
0.07862210785970092
0.07876154920086265
0.07829784229397774
0.07862809300422668
0.07832872495055199
0.07997863413766026
0.07931994413957
0.07890013186261058
0.07846224633976817
0.07841444108635187
0.07861045189201832
0.07841736311092973
0.07860994106158614
0.07920998381450772
0.07943401159718633
0.07900187373161316
0.07894541416317225
0.078561554197222
0.0786142461001873
0.07902327086776495
0.07865584269165993
0.07913888990879059
0.07998272404074669
0.07890906510874629
0.07901636604219675
0.07874078117311001
0.07924239058047533
0.0783552280627191
0.0790117192082107
0.08040871797129512
0.08062560204416513
0.07870659092441201
0.07968236086890101
0.07882339088246226
0.07900087535381317
0.07869046973064542
0.07865107664838433
0.07854212308302522
0.07905753096565604
0.07892552064731717
0.07964258408173919
0.07870933506637812
0.07969730906188488
0.07871111808344722
0.0798480180092156
0.08015550812706351
0.07858307007700205
0.07858031010255218
0.07916286401450634
0.07915137894451618
0.07936499174684286
0.07946663442999125
0.07923648785799742
0.07902254397049546
0.0786209418438375
0.0785155650228262
0.07879336224868894
0.07921333005651832
0.07908000098541379
0.07951533934101462
0.07961850613355637
0.07860327698290348
0.0789198512211442
0.07847867300733924
0.07947562821209431
0.0787653112784028
0.07875621598213911
0.07950141280889511
0.07966488925740123
0.07900436501950026
0.07987826503813267
0.08007169188931584
0.08001669216901064
0.07873664982616901
0.07954591838642955
0.0802783090621233
0.07875748118385673
0.07946807704865932
0.07954473700374365
0.07968511199578643
0.07897193310782313
0.07893504528328776
0.07903230143710971
0.07824914529919624
0.07878702087327838
0.07860549399629235
0.07892388617619872
0.07914750324562192
0.07904595695436001
0.07878184132277966
0.07857119385153055
0.0786480400711298
0.07924076355993748
0.07944520702585578
0.0787640786729753
0.07890831306576729
0.0786259607411921
0.07895046472549438
0.07896364806219935
0.07890206389129162
0.0786823439411819
0.07917710579931736
0.07872178684920073
0.07920844107866287
0.07959472015500069
0.0787781085819006
0.0785639719106257
0.07828629016876221
0.07831144332885742
0.07795344665646553
0.07859125081449747
0.07872613705694675
0.07842150703072548
0.07818408915773034
0.07872382085770369
0.07809208426624537
0.08022757666185498
0.07835344923660159
0.07826557010412216
0.07873001834377646
0.07860949216410518
0.0786083429120481
0.0784432701766491
0.07826627837494016
0.07806215388700366
0.07807174604386091
0.07840894069522619
0.07805687002837658
0.07796162879094481
0.07830359926447272
0.07846697187051177
0.07854458782821894
0.07846310082823038
0.07828433299437165
0.07820080406963825
0.07830398110672832
0.0804684548638761
0.0784100298769772
0.07842222834005952
0.07849068520590663
0.07863952033221722
0.07847360009327531
0.07876743236556649
0.07795306295156479
0.07786280894652009
0.07844882877543569
0.07851761812344193
0.07877538306638598
0.07859024684876204
0.07865460589528084
0.07887431466951966
0.08049859013408422
0.08021635888144374
0.07872110093012452
0.07851260481402278
0.07859567599371076
0.07860675966367126
0.07841452490538359
0.07796302903443575
0.07806350290775299
0.07888002274557948
0.07869846792891622
0.07884158426895738
0.0783167821355164
0.07863577082753181
0.07815836509689689
0.07808825373649597
0.07883996283635497
0.07876416807994246
0.07894704304635525
0.07882009213790298
0.07823252212256193
0.07868068479001522
0.07833611313253641
0.07869790028780699
0.07856354815885425
0.07889436418190598
0.07902893237769604
0.0784305278211832
0.0783105711452663
0.07911155326291919
0.07811863720417023
0.07845822907984257
0.07906176801770926
0.07859644619747996
0.078843479976058
0.0805432889610529
0.07924799295142293
0.07834463007748127
0.07859321311116219
0.08063957607373595
0.08077445486560464
0.07975181797519326
0.07837065309286118
0.07906675431877375
0.0785994972102344
0.07891260599717498
0.0785078196786344
0.07936049811542034
0.07882454991340637
0.07841818127781153
0.07832188112661242
0.07859999127686024
0.07869594404473901
0.07931294897571206
0.07834203215315938
0.07853412488475442
0.078901382163167
0.07853333931416273
0.07865025335922837
0.07915545906871557
0.07860848307609558
0.07856004871428013
0.0796000580303371
0.0784029676578939
0.07828890299424529
0.07894303929060698
0.07954999478533864
0.07897796807810664
0.07881329488009214
0.07872623670846224
0.07894509099423885
0.07867675414308906
0.07899712165817618
0.0790997389703989
0.07854464091360569
0.0793487480841577
0.07863209629431367
0.07881290977820754
0.07996996212750673
0.07882364140823483
0.07872656499966979
0.07878672564402223
0.07893849024549127
0.07897972362115979
0.07927889190614223
0.0792068000882864
0.07853160286322236
0.0785912498831749
0.0786267421208322
0.0814648736268282
0.07883015600964427
0.07865148968994617
0.07855732599273324
0.07884940132498741
0.0793384057469666
0.07906254287809134
0.07874416001141071
0.07816694397479296
0.07844608556479216
0.07849658839404583
0.07867666706442833
0.08057714439928532
0.07848377898335457
0.08080465998500586
0.07863076217472553
0.0786142130382359
0.0789179871790111
0.07850299682468176
0.07891951175406575
0.07976817805320024
0.07967901090160012
0.07867669593542814
0.07907360000535846
0.07810894213616848
0.07832632586359978
0.07836715411394835
0.0781816546805203
0.07896523736417294
0.0791223761625588
0.08017134107649326
0.08000425668433309
0.07943813409656286
0.07841382827609777
0.08118615299463272
0.07988385437056422
0.08014464704319835
0.07944891508668661
0.07859199587255716
0.07962311012670398
0.0796980569139123
0.08014276577159762
0.07948716403916478
0.0791949019767344
0.08004108862951398
0.08003142196685076
0.07854155078530312
0.07822543429210782
0.078301009722054
0.07869876781478524
0.08033927110955119
0.07900941325351596
0.0790176410228014
0.07918251398950815
0.07861416973173618
0.07821525912731886
0.07854287512600422
0.07862899778410792
0.07862696330994368
0.07885453570634127
0.07883011503145099
0.07827864587306976
0.07827090984210372
0.07842581113800406
0.0786095429211855
0.0788567210547626
0.07854556199163198
0.07878544507548213
0.07893097400665283
0.0787486587651074
0.07969922199845314
0.07861560909077525
0.07873022509738803
0.07912387792021036
0.0787721760571003
0.0787986689247191
0.07972693117335439
0.07903636759147048
0.07849508104845881
0.07865355489775538
0.08009666809812188
0.07824866194278002
0.07881258009001613
0.07845027092844248
0.07897689519450068
0.07880807388573885
0.07902639778330922
0.07847316889092326
0.07929120166227221
0.07839599717408419
0.07913522189483047
0.07916399231180549
0.07888046838343143
0.07975451787933707
0.07898914394900203
0.0789519902318716
0.07915615011006594
0.07867676904425025
0.07877225987613201
0.07863457268103957
0.07859895657747984
0.07886880775913596
0.0789877912029624
0.07909482810646296
0.07868137396872044
0.07873697811737657
0.07820062711834908
0.07860303902998567
0.07851168932393193
0.0789499431848526
0.07893963297829032
0.07863564603030682
0.07830965705215931
0.0785335348919034
0.07862622896209359
0.07862631697207689
0.07883890625089407
0.0788405379280448
0.0790551588870585
0.07854565978050232
0.07839092891663313
0.07842462183907628
0.07951276795938611
0.07873860187828541
0.07880501495674253
0.07892238441854715
0.07930552493780851
0.07906252704560757
0.07936265179887414
0.0802210713736713
0.07874707691371441
0.07876180903986096
0.07868433091789484
0.07903533102944493
0.07939186692237854
0.07878184877336025
0.07898293994367123
0.07875350397080183
0.07870415411889553
0.07842990569770336
0.07875653728842735
0.0795627012848854
0.07905658707022667
0.07886932510882616
0.07883585384115577
0.07841881597414613
0.0787605638615787
0.0784907341003418
0.07888789707794785
0.07857338106259704
0.07916617393493652
0.07884797640144825
0.07884480012580752
0.07926155114546418
0.07881196588277817
0.07861455716192722
0.07871728809550405
0.07878558803349733
0.07876840373501182
0.07898296602070332
0.080173266120255
0.07851509004831314
0.07857094891369343
0.08044944331049919
0.07973149698227644
0.07836390193551779
0.07855639513581991
0.07854852080345154
0.07913019089028239
0.07879614690318704
0.07894589519128203
0.07869165670126677
0.07865143287926912
0.07874232018366456
0.0783699993044138
0.07868487387895584
0.07889420911669731
0.07879192987456918
0.07878898875787854
0.0792400841601193
0.07860247883945704
0.07877071527764201
0.07878953823819757
0.07880253065377474
0.07896941294893622
0.07877884479239583
0.07951989630237222
0.07862780522555113
0.07901307288557291
0.07936049299314618
0.07928276807069778
0.0803778050467372
0.0799359087832272
0.07986913388594985
0.07967714499682188
0.07990351878106594
0.07979112025350332
0.08035110495984554
0.0802115648984909
0.08028684603050351
0.07970400201156735
0.07988067762926221
0.07970901019871235
0.07981541007757187
0.07968098716810346
0.07865247409790754
0.07881767814978957
0.07791150500997901
0.07770336419343948
0.077190354000777
0.07822250993922353
0.07825597189366817
0.07759745884686708
0.07781810406595469
0.07752842176705599
0.07737062079831958
0.07725890399888158
0.07756656501442194
0.07774680387228727
0.07765775034204125
0.07746643014252186
0.07730647502467036
0.07764702709391713
0.07814249815419316
0.07829373003914952
0.07720256131142378
0.07706703385338187
0.07696693576872349
0.07725081499665976
0.07754884008318186
0.07898848736658692
0.07733495300635695
0.07798907486721873
0.07991190766915679
0.07986973132938147
0.07777143316343427
0.07832331070676446
0.07731893099844456
0.07754258997738361
0.07765972381457686
0.07773691602051258
0.07762903580442071
0.07794718770310283
0.07747247396036983
0.07775534968823195
0.07750196289271116
0.07804368296638131
0.07822878193110228
0.07842720486223698
0.07795723900198936
0.07783780107274652
0.07794315088540316
0.07788007007911801
0.07780292304232717
0.07812633272260427
0.07830429589375854
0.07855903217568994
0.07766934903338552
0.07761265523731709
0.0778813292272389
0.07740029692649841
0.07759234821423888
0.07802091119810939
0.07731434935703874
0.07725589629262686
0.07795068016275764
0.0779578979127109
0.07741451868787408
0.07756914617493749
0.07732932176440954
0.07818550569936633
0.07825019396841526
0.07750835409387946
0.07724235719069839
0.07734497403725982
0.07782241702079773
0.07761386409401894
0.07726914016529918
0.07748613227158785
0.07770052831619978
0.07720495108515024
0.07760007213801146
0.07760622072964907
0.07693004235625267
0.0769822490401566
0.07756118522956967
0.07794193690642715
0.07761377887800336
0.07736731693148613
0.07707387069240212
0.07733278907835484
0.07752924831584096
0.07780939433723688
0.07767191017046571
0.0771529683843255
0.07717890292406082
0.07744708005338907
0.07746250694617629
0.0773683381266892
0.07738863816484809
0.0770806921645999
0.07805648818612099
0.07842185022309422
0.07858213596045971
0.07855908200144768
0.07776700891554356
0.07838504295796156
0.07868348015472293
0.07916468102484941
0.0780684370547533
0.08044708799570799
0.07913602283224463
0.08112265914678574
0.07969131506979465
0.07838975638151169
0.07843200815841556
0.07825183076784015
0.07867689291015267
0.07869207812473178
0.07912625093013048
0.0792966322042048
0.07786716567352414
0.07851705886423588
0.07791071012616158
0.07863424718379974
0.07847468787804246
0.07908600242808461
0.07792440289631486
0.07872906373813748
0.07849245192483068
0.07854707399383187
0.07793645421043038
0.07737283129245043
0.07764012878760695
0.07757643377408385
0.07699371129274368
0.07705465564504266
0.07745023304596543
0.07916606403887272
0.07832018006592989
0.07760102907195687
0.07711002975702286
0.07768710097298026
0.07770398957654834
0.07783325482159853
0.07722428720444441
0.0773378387093544
0.07711861003190279
0.07819785783067346
0.07757363980636
0.0771125927567482
0.07689475826919079
0.07722314912825823
0.07759170699864626
0.0777667430229485
0.07733524590730667
0.07747713616117835
0.07776163006201386
0.07793873501941562
0.07785985292866826
0.07801254885271192
0.07704034121707082
0.077151944860816
0.07753019500523806
0.07762016588822007
0.07767448667436838
0.07752154720947146
0.0772357159294188
0.07707394985482097
0.07748304028064013
0.07751616928726435
0.0774566582404077
0.07775255013257265
0.07733861915767193
0.07746104570105672
0.07922928221523762
0.07891124812886119
0.07803322514519095
0.07748063979670405
0.07702967105433345
0.07688913028687239
0.07696546101942658
0.07734457077458501
0.07700970722362399
0.07719770492985845
0.07703425828367472
0.07721095904707909
0.07759997714310884
0.07718305615708232
0.07696243701502681
0.07713446812704206
0.07723836973309517
0.07716658199205995
0.07702768500894308
0.07698569307103753
0.07723567727953196
0.07686368795111775
0.07837049895897508
0.07739276811480522
0.0767980650998652
0.07673859922215343
0.07690748618915677
0.07795681525021791
0.07774873729795218
0.07737760478630662
0.0768206468783319
0.0770682250149548
0.07726036896929145
0.07707563601434231
0.0770169859752059
0.07780926022678614
0.07699015829712152
0.0775926117785275
0.07690944196656346
0.0770516567863524
0.07680370099842548
0.07720203138887882
0.07750589028000832
0.07743818825110793
0.07814165391027927
0.07730555022135377
0.07746963063254952
0.07767964713275433
0.07788150198757648
0.07727401424199343
0.07754475902765989
0.07721703220158815
0.07736418815329671
0.07772653317078948
0.07771163014695048
0.07698869379237294
0.0771651309914887
0.07717561395838857
0.07797594368457794
0.07743074698373675
0.07703953702002764
0.07706968206912279
0.0773132829926908
0.07735428493469954
0.07753593428060412
0.07705289497971535
0.07758422009646893
0.07714911177754402
0.07740690186619759
0.07708046585321426
0.07722428999841213
0.07704009814187884
0.07714225910604
0.07796637900173664
0.07743261381983757
0.0769428163766861
0.07697618333622813
0.07708578929305077
0.07774119405075908
0.07712234603241086
0.07739339023828506
0.07772498391568661
0.07673658803105354
0.0774710001423955
0.07704934384673834
0.07682966580614448
0.07716449303552508
0.07709778007119894
0.07700979523360729
0.07725874008610845
0.07691000401973724
0.07700469298288226
0.07689226185902953
0.07721544289961457
0.07676984881982207
0.07672025682404637
0.07703274581581354
0.0782695128582418
0.07706338679417968
0.077432865742594
0.07709300378337502
0.0772838918492198
0.07745719002559781
0.07724345382303
0.0766688589937985
0.07798833400011063
0.07970433216542006
0.07920693093910813
0.07686251308768988
0.07708306703716516
0.07706229016184807
0.07713735708966851
0.077962432987988
0.08896693680435419
0.07677645701915026
0.07720571896061301
0.07732661161571741
0.07717945519834757
0.0770589173771441
0.07746514771133661
0.07738284999504685
0.07714217621833086
0.077185383066535
0.07712341705337167
0.07708364771679044
0.07749503571540117
0.0774844610132277
0.07702676067128778
0.07783921482041478
0.07689297199249268
0.0769508401863277
0.07768437126651406
0.07714457483962178
0.07701729610562325
0.07697372930124402
0.07748235017061234
0.07716686418280005
0.07716691819950938
0.07730975700542331
0.07708917884156108
0.07697182800620794
0.07713272515684366
0.07770501310005784
0.08033150201663375
0.08018123591318727
0.07698813127353787
0.07712671207264066
0.07729010097682476
0.0771198570728302
0.07672496978193521
0.07662506913766265
0.07755756704136729
0.07749318284913898
0.07709760824218392
0.07688499288633466
0.07714520208537579
0.07722041988745332
0.0779592739418149
0.07734466204419732
0.0777340717613697
0.07728157239034772
0.07734544388949871
0.07756777526810765
0.07735490333288908
0.07749216398224235
0.07731129322201014
0.07750949217006564
0.07760205725207925
0.07800544612109661
0.07713161082938313
0.07726438390091062
0.07744045509025455
0.0772466971538961
0.0774584929458797
0.07754068728536367
0.07714652037248015
0.07693525869399309
0.07778136106207967
0.07701979763805866
0.07721087895333767
0.0770993446931243
0.07680750405415893
0.07681653089821339
0.07735600508749485
0.07717413082718849
0.07677045790478587
0.07719577802345157
0.0768228080123663
0.07700824784114957
0.07693788502365351
0.0775576257146895
0.07688782596960664
0.07764022704213858
0.0771379773505032
0.07682870980352163
0.07690116669982672
0.07766359532251954
0.07736779702827334
0.0772551940754056
0.07676374400034547
0.07708974787965417
0.07688731281086802
0.0771520109847188
0.07746438030153513
0.07686703186482191
0.0774109810590744
0.07738067908212543
0.07729474175721407
0.07712285127490759
0.07717741979286075
0.08175210980698466
0.07697756495326757
0.0771022979170084
0.07719230791553855
0.07678171806037426
0.07708425400778651
0.07714436203241348
0.07860651332885027
0.07865339191630483
0.07727924874052405
0.07717723306268454
0.07704176334664226
0.07696030708029866
0.07757774414494634
0.07776060700416565
0.08021681709215045
0.07979319524019957
0.07709401985630393
0.07721087988466024
0.07740631280466914
0.07733274763450027
0.0767761841416359
0.07681091874837875
0.07727059023454785
0.0773862050846219
0.07805039500817657
0.07731931004673243
0.07736476417630911
0.07730352319777012
0.07773751579225063
0.07716947002336383
0.0770389512181282
0.07705080695450306
0.0771281449124217
0.07736999820917845
0.07765277801081538
0.07696746615692973
0.0771009256131947
0.07788024889305234
0.07738768076524138
0.07735373312607408
0.07718727272003889
0.07767520193010569
0.0778103107586503
0.07952186930924654
0.07896053278818727
0.07725532725453377
0.07702866988256574
0.07714707171544433
0.07730792090296745
0.07804966205731034
0.07764293486252427
0.07723118597641587
0.07725116424262524
0.0769153768196702
0.0770536339841783
0.07745673088356853
0.07772733131423593
0.07710212981328368
0.07679189089685678
0.07719429302960634
0.07731908746063709
0.07687535602599382
0.07717233011499047
0.07727110106498003
0.07807308714836836
0.0781363332644105
0.07772397669032216
0.07706051180139184
0.07693095924332738
0.07757030101493001
0.07887007389217615
0.07829933799803257
0.07892098417505622
0.07794921798631549
0.07785222074016929
0.07869218988344073
0.07759544905275106
0.07881816290318966
0.07814971869811416
0.07821361813694239
0.0774762430228293
0.07813015021383762
0.0783433192409575
0.07802921906113625
0.07777622481808066
0.07691899407655
0.07689483277499676
0.07759599294513464
0.07847080286592245
0.07874818984419107
0.07879890967160463
0.07858747383579612
0.07937566377222538
0.07809350080788136
0.07822435116395354
0.07803371082991362
0.07919334480538964
0.07812209986150265
0.07936534332111478
0.07791680376976728
0.07717467984184623
0.07780309673398733
0.07831978425383568
0.07805461436510086
0.07730373414233327
0.07708558486774564
0.07670579291880131
0.07790215499699116
0.07781527610495687
0.07717045629397035
0.07714390801265836
0.07696575904265046
0.07714819209650159
0.07815113430842757
0.07753568282350898
0.07701214589178562
0.07706889510154724
0.07695211563259363
0.0766279399394989
0.07684315927326679
0.07748145097866654
0.07759404787793756
0.07915949774906039
0.07863856526091695
0.0768931801430881
0.07689354894682765
0.07747735502198339
0.07678988901898265
0.07729582628235221
0.07723871106281877
0.07687156368046999
0.07714066887274384
0.0774238258600235
0.07803534297272563
0.07664847699925303
0.076598787214607
0.07684749690815806
0.07731272000819445
0.07765682693570852
0.07768972730264068
0.07645408576354384
0.07704602601006627
0.07664430188015103
0.07738447189331055
0.07680103834718466
0.07637875201180577
0.07752914307639003
0.07700665993615985
0.07688453840091825
0.07690362492576241
0.07682389114052057
0.07749498588964343
0.0778908752836287
0.07716236170381308
0.07705496391281486
0.07687824731692672
0.07633441826328635
0.07668580301105976
0.07630989095196128
0.07775862608104944
0.07696623494848609
0.07742539700120687
0.07679917570203543
0.07659812504425645
0.07665624003857374
0.07775857532396913
0.07704482832923532
0.07732761418446898
0.07714661210775375
0.07683383068069816
0.07677224883809686
0.07749034138396382
0.07732599694281816
0.07689512986689806
0.07699725171551108
0.07712674885988235
0.07736314414069057
0.07643570005893707
0.07722205482423306
0.07695146230980754
0.07682381616905332
0.07684912160038948
0.0769137223251164
0.07705048890784383
0.07707936083897948
0.07886014133691788
0.07752613490447402
0.07661014888435602
0.07682619895786047
0.07672876212745905
0.07680520182475448
0.07646439410746098
0.0766962650232017
0.07644257415086031
0.0773445088416338
0.07733179209753871
0.07671319600194693
0.07643044972792268
0.07832003990188241
0.07769069075584412
0.07781671127304435
0.07679777313023806
0.07691637007519603
0.07664800295606256
0.07809895882382989
0.07875916082412004
0.07748220907524228
0.07686154730618
0.07726666424423456
0.07799129514023662
0.0783667559735477
0.07747725024819374
0.07794592529535294
0.07728729909285903
0.0775955799035728
0.07818192895501852
0.07747187605127692
0.07790568098425865
0.07676228182390332
0.07708308193832636
0.07728765439242125
0.07692162692546844
0.07653422513976693
0.0763655542396009
0.07703805016353726
0.07673820666968822
0.07694668974727392
0.07674531172960997
0.0767316147685051
0.07706631580367684
0.07683178223669529
0.0765955219976604
0.07677018130198121
0.07638544496148825
0.07736887689679861
0.07709991279989481
0.07709493860602379
0.07685617776587605
0.07702176924794912
0.07752207107841969
0.07715316535905004
0.07689742604270577
0.07686007488518953
0.07696610782295465
0.07702584424987435
0.07683786796405911
0.07665752479806542
0.07707281177863479
0.07754868408665061
0.07747417222708464
0.07695746282115579
0.07646483602002263
0.07701916666701436
0.07725248066708446
0.07699527218937874
0.07696215016767383
0.07671562116593122
0.07690218091011047
0.07687985198572278
0.07676782365888357
0.07697540894150734
0.07645779103040695
0.0770353670231998
0.07698563998565078
0.07669711392372847
0.07651924900710583
0.07678349502384663
0.07722443016245961
0.07678043097257614
0.07679327996447682
0.07704184902831912
0.076856539119035
0.076750747859478
0.07642881106585264
0.07689826190471649
0.07755200797691941
0.07750644581392407
0.07668085722252727
0.07679093815386295
0.0765188941732049
0.07685077609494328
0.07699451921507716
0.07687741611152887
0.07699634786695242
0.07704693358391523
0.07692735968157649
0.07679808372631669
0.07652845187112689
0.07683735201135278
0.0768828559666872
0.07747105322778225
0.07692552404478192
0.07691118400543928
0.07714965380728245
0.07685987884178758
0.07701310189440846
0.07665983913466334
0.07632343517616391
0.07687578862532973
0.0770542360842228
0.07622527610510588
0.07641456974670291
0.07720382697880268
0.0767328031361103
0.07705691829323769
0.07640493474900723
0.07667516591027379
0.07729867659509182
0.07810192601755261
0.07723452989012003
0.07686627516523004
0.07641694694757462
0.07684362912550569
0.07649439899250865
0.07699031103402376
0.07683533290401101
0.07732580881565809
0.07721219211816788
0.07685860292986035
0.07629567198455334
0.0764495157636702
0.07704794872552156
0.07699393201619387
0.0767553192563355
0.07672229316085577
0.07700756890699267
0.07659549126401544
0.0763210617005825
0.0764277158305049
0.07638548500835896
0.07670820504426956
0.07688405271619558
0.07682135794311762
0.07627156842499971
0.07663879403844476
0.07729013310745358
0.0772960432805121
0.07665759604424238
0.0768530280329287
0.07758910395205021
0.078324681147933
0.07863670866936445
0.07692381693050265
0.07665740512311459
0.07705138018354774
0.07749976590275764
0.07681408524513245
0.07744952896609902
0.07939579803496599
0.0789462779648602
0.07693886198103428
0.07729195198044181
0.07676364295184612
0.07691596215590835
0.07660327106714249
0.07712916983291507
0.07759410794824362
0.07724769786000252
0.07653401093557477
0.07706526294350624
0.0771767352707684
0.0774165359325707
0.07697247806936502
0.07678618421778083
0.07709977589547634
0.07703002775087953
0.0772058549337089
0.07695181202143431
0.07683088583871722
0.07713118707761168
0.07768601505085826
0.07669512694701552
0.07736266497522593
0.07687238790094852
0.07728911191225052
0.07742390409111977
0.07694477401673794
0.07703790301457047
0.07704810006543994
0.07723759720101953
0.07768836012110114
0.07745348708704114
0.07676427578553557
0.07677184883505106
0.0771854086779058
0.07732913782820106
0.07701214170083404
0.07696254272013903
0.0769922100007534
0.07669693976640701
0.07691850699484348
0.07678751414641738
0.07741004368290305
0.07688126619905233
0.07743162615224719
0.07681654766201973
0.07679415727034211
0.07676553865894675
0.07763468800112605
0.07787476293742657
0.07707726722583175
0.07704760925844312
0.07686190400272608
0.07732961187139153
0.07763851713389158
0.07773927506059408
0.07706176489591599
0.07651277398690581
0.07711547100916505
0.07848918717354536
0.07813092181459069
0.07734685996547341
0.07793811103329062
0.07714958023279905
0.07760757626965642
0.07737157633528113
0.07749078888446093
0.07989166537299752
0.08019112097099423
0.07680891873314977
0.07740634400397539
0.07709800405427814
0.07741233007982373
0.07669657794758677
0.07678273692727089
0.07700304314494133
0.07716658897697926
0.07702308893203735
0.07700729323551059
0.07695709215477109
0.07731348322704434
0.07715216372162104
0.07729630405083299
0.07684731483459473
0.077026073820889
0.07707644812762737
0.07745155971497297
0.07700740173459053
0.07683621905744076
0.0769752748310566
0.07702862983569503
0.07741784490644932
0.07676699478179216
0.0770162483677268
0.07724718004465103
0.0772114871069789
0.0773058831691742
0.0770622119307518
0.07737197587266564
0.07719304459169507
0.07756187999621034
0.07755665900185704
0.07705474412068725
0.07740102894604206
0.0792550528421998
0.0789781897328794
0.07778648333624005
0.07767226314172149
0.0769729451276362
0.07714924216270447
0.0773693285882473
0.07736761728301644
0.07850075932219625
0.07765964884310961
0.07702719420194626
0.07650343189015985
0.07722116587683558
0.07720634527504444
0.07703404314815998
0.07679955894127488
0.0770393437705934
0.07727564265951514
0.07752445107325912
0.07657199306413531
0.07713244901970029
0.07715187221765518
0.0774704241193831
0.07730335462838411
0.07708773110061884
0.07642130088061094
0.0771136018447578
0.0772586609236896
0.07744379620999098
0.07737941108644009
0.0768189369700849
0.07747407583519816
0.0775932939723134
0.07699649408459663
0.07734080590307713
0.07729007815942168
0.07759951706975698
0.07868992211297154
0.07942415913566947
0.07784005207940936
0.07828578492626548
0.07877506176009774
0.07785999355837703
0.07960421498864889
0.07972451206296682
0.0786694260314107
0.0782638187520206
0.07914705481380224
0.07969414396211505
0.07961056102067232
0.07860466418787837
0.08031105995178223
0.08269081171602011
0.07839547330513597
0.07867858884856105
0.07888219179585576
0.07945001078769565
0.07883054204285145
0.07888748217374086
0.07837871508672833
0.07876742584630847
0.07798842620104551
0.07840333133935928
0.07945999829098582
0.0797457778826356
0.07887428719550371
0.07942420104518533
0.07877471717074513
0.07719758665189147
0.07708900980651379
0.07767289597541094
0.07888593105599284
0.07796417828649282
0.0768834613263607
0.07728209719061852
0.07730501377955079
0.07794506102800369
0.07727482495829463
0.07739159325137734
0.07741691078990698
0.0770976017229259
0.07785882102325559
0.0787163870409131
0.07769534131512046
0.07821473572403193
0.07710737036541104
0.07872128207236528
0.077427688986063
0.07753916317597032
0.07769326725974679
0.07758000073954463
0.0773411407135427
0.07716428209096193
0.07799380598589778
0.07701214496046305
0.07714864704757929
0.07719097007066011
0.07771774102002382
0.07745957095175982
0.0777189009822905
0.0775956716388464
0.07674521580338478
0.07735634502023458
0.0777360200881958
0.07757935300469398
0.07741224998608232
0.07786089740693569
0.07725742505863309
0.07744917878881097
0.0775737720541656
0.07736194506287575
0.07682869490236044
0.07818009797483683
0.07914481591433287
0.07945432374253869
0.07783947000280023
0.07708733715116978
0.0766711151227355
0.07684683380648494
0.07699458301067352
0.07764411997050047
0.0771700693294406
0.07709553418681026
0.07735760603100061
0.07726172497496009
0.07772755669429898
0.07734770188108087
0.07683888403698802
0.07706162519752979
0.07696777675300837
0.07764645339921117
0.0772166047245264
0.07724749995395541
0.07678244635462761
0.07708121184259653
0.07690688315778971
0.07729306863620877
0.07975121168419719
0.07904586102813482
0.07666662707924843
0.07716074492782354
0.07673849584534764
0.07710701692849398
0.07650715904310346
0.07750930497422814
0.07747664209455252
0.07698643207550049
0.0767963919788599
0.07669472089037299
0.07705175783485174
0.07760486705228686
0.07757305819541216
0.07713535381481051
0.07700482569634914
0.07734671840444207
0.07751050218939781
0.07732360018417239
0.0772952469997108
0.07708360720425844
0.07698053494095802
0.07750110607594252
0.07712733605876565
0.07674922188743949
0.07701682718470693
0.07747205113992095
0.07730821892619133
0.07727790530771017
0.07695962395519018
0.07692372286692262
0.07706228597089648
0.07789043989032507
0.07687530992552638
0.07673331815749407
0.07760440930724144
0.07923503266647458
0.07907033106312156
0.07769558113068342
0.07703640917316079
0.0765511398203671
0.07679988909512758
0.0776046197861433
0.0780907915905118
0.07981733093038201
0.0795328114181757
0.07720772782340646
0.07692062901332974
0.07695624465122819
0.07714221719652414
0.07684574974700809
0.07663339888677001
0.07735098106786609
0.07723463419824839
0.0774992574006319
0.07718763733282685
0.07683938415721059
0.07691826205700636
0.07696948572993279
0.07705281767994165
0.07683742977678776
0.0772894429974258
0.07732890732586384
0.0770117579959333
0.07739625498652458
0.07665769709274173
0.07661315612494946
0.07735935831442475
0.07735126093029976
0.07718478795140982
0.07698583230376244
0.07693739514797926
0.07698302995413542
0.07849274901673198
0.07827821839600801
0.07691016001626849
0.0770520968362689
0.07711397996172309
0.07701988937333226
0.07738855900242925
0.07680503884330392
0.07679432770237327
0.07721411995589733
0.07721386989578605
0.07743518799543381
0.07672243798151612
0.0765057080425322
0.07725636195391417
0.07735142484307289
0.07695236289873719
0.07732514478266239
0.07710793800652027
0.07705915812402964
0.07738556107506156
0.07728700572624803
0.07733316905796528
0.07725075678899884
0.0774393081665039
0.07753630680963397
0.07734669279307127
0.07710859598591924
0.07701757596805692
0.07742199394851923
0.07791309803724289
0.0770631916821003
0.07720202393829823
0.0774573371745646
0.0768848811276257
0.07790688378736377
0.07731734309345484
0.0767807038500905
0.077302151825279
0.07746540289372206
0.07711019506677985
0.07730171829462051
0.07707740273326635
0.07719073072075844
0.07728930842131376
0.07768178172409534
0.07736064912751317
0.07734852889552712
0.07721594674512744
0.07726884912699461
0.07831210130825639
0.07805743301287293
0.0774898580275476
0.07727344986051321
0.07703330833464861
0.07742950413376093
0.07800110382959247
0.07769522396847606
0.07712381798774004
0.07713213702663779
0.07723727589473128
0.0785238198004663
0.07824752619490027
0.07803063094615936
0.07708769617602229
0.07703171717002988
0.07747787004336715
0.07765591191127896
0.07732671312987804
0.07729557389393449
0.07702037366107106
0.0774532649666071
0.07767896493896842
0.07742252992466092
0.07709477934986353
0.07725041592493653
0.07843986479565501
0.07748443679884076
0.07780452305451035
0.07707278290763497
0.07686496200039983
0.07717449916526675
0.07789136795327067
0.07761528994888067
0.07775676622986794
0.07741921907290816
0.07709206361323595
0.07748031197115779
0.07763145817443728
0.07855111733078957
0.07734194817021489
0.07700535003095865
0.07739209802821279
0.07761517120525241
0.07754942541942
0.07705838792026043
0.07719556894153357
0.07770910719409585
0.07907537231221795
0.07908389111980796
0.0772979250177741
0.07770454091951251
0.07698040781542659
0.07731152232736349
0.07713751588016748
0.07762637035921216
0.0772709297016263
0.07737101707607508
0.07730487920343876
0.07751605333760381
0.07786275120452046
0.07748352782800794
0.07759752683341503
0.07744465675204992
0.07785318233072758
0.07782778656110168
0.07780739385634661
0.07740835472941399
0.07715997193008661
0.07735939929261804
0.07742353435605764
0.07852901006117463
0.07755923923105001
0.0772864930331707
0.07730867201462388
0.07755071902647614
0.07771853310987353
0.07815985707566142
0.07745519885793328
0.07742827804759145
0.0772245149128139
0.07757080905139446
0.07775036059319973
0.07776032900437713
0.07774773379787803
0.07765474542975426
0.07756877690553665
0.07763075828552246
0.07823760388419032
0.07730511436238885
0.07767700403928757
0.07754340395331383
0.07779186172410846
0.07803707988932729
0.07757701491937041
0.07731885788962245
0.07715559797361493
0.07771136704832315
0.07871557911857963
0.07881442271173
0.07742147473618388
0.07756350096315145
0.07758384430781007
0.07790611684322357
0.07808383693918586
0.07815914368256927
0.07864862075075507
0.07862967206165195
0.07874501124024391
0.08032377623021603
0.07843380561098456
0.0785239590331912
0.07891864888370037
0.07860613008961082
0.07815466774627566
0.07847799407318234
0.07896809699013829
0.07868472998961806
0.07891647005453706
0.07876230869442225
0.07883244613185525
0.07913042698055506
0.07886975025758147
0.07863642321899533
0.07854333380237222
0.07863481296226382
0.07857243763282895
0.0784613429568708
0.07908930582925677
0.07884158007800579
0.0784222949296236
0.0786611819639802
0.08048463286831975
0.08069532318040729
0.07817906839773059
0.08118498884141445
0.0788459051400423
0.07978413999080658
0.07980879256501794
0.07902765087783337
0.07895593903958797
0.07847244432196021
0.07856097584590316
0.07864992786198854
0.07848546002060175
0.07846476510167122
0.0787443108856678
0.08005265519022942
0.07867015432566404
0.07846843497827649
0.07851298293098807
0.0782917751930654
0.0786739788018167
0.0789009747095406
0.07909450307488441
0.07961024809628725
0.07892006682232022
0.07874004729092121
0.078410719987005
0.07828365126624703
0.07868764875456691
0.07872405601665378
0.07871743384748697
0.07851237989962101
0.07800088822841644
0.07815054012462497
0.0786622678861022
0.07830310892313719
0.07857041992247105
0.07848674384877086
0.07813825877383351
0.07810883084312081
0.07806435087695718
0.07817272190004587
0.07817071210592985
0.07854769611731172
0.07830954762175679
0.07805993221700191
0.07812637835741043
0.0786195769906044
0.07831196719780564
0.07828265428543091
0.07818057714030147
0.07812720816582441
0.07804332673549652
0.07789743319153786
0.07857061922550201
0.07885589404031634
0.07894241809844971
0.07890590792521834
0.07856124313548207
0.07871454022824764
0.07862303033471107
0.07840050105005503
0.07847345899790525
0.07875552587211132
0.07854741392657161
0.07837542984634638
0.07848799601197243
0.07811313681304455
0.07814178802073002
0.07822848809882998
0.07835296308621764
0.07829438801854849
0.07799216266721487
0.07889592507854104
0.07808208838105202
0.07802969915792346
0.07813018932938576
0.07867794670164585
0.07841979106888175
0.07848780183121562
0.07837292784824967
0.07821675390005112
0.07806760119274259
0.07846142770722508
0.07965487288311124
0.07881784625351429
0.07864165818318725
0.07824444910511374
0.07816113578155637
0.07810340169817209
0.07815078506246209
0.07861697720363736
0.07892146660014987
0.0782436029985547
0.0781231727451086
0.07825779123231769
0.07819805899634957
0.07822294998914003
0.07868536561727524
0.07852465892210603
0.07822924200445414
0.07812577113509178
0.07830152614042163
0.07822448806837201
0.07844092091545463
0.07919929083436728
0.07836116198450327
0.07809471571817994
0.07790721906349063
0.0779981859959662
0.07818557182326913
0.07894724979996681
0.07870328519493341
0.07898862985894084
0.07884670095518231
0.07817786186933517
0.0780032011680305
0.07875684788450599
0.07808981509879231
0.07838160917162895
0.07856666576117277
0.07844250090420246
0.07841507205739617
0.07834002701565623
0.07854728493839502
0.07812415761873126
0.07856890512630343
0.07869557105004787
0.0784110720269382
0.07837060326710343
0.07849854417145252
0.07876366190612316
0.07855540234595537
0.07885805703699589
0.07905182521790266
0.07876654714345932
0.07885369937866926
0.07835559593513608
0.07800616137683392
0.07857841905206442
0.07860357081517577
0.07890380825847387
0.07855994300916791
0.07963605877012014
0.07844202173873782
0.07827113568782806
0.07815039297565818
0.07848239690065384
0.07886679377406836
0.07889507105574012
0.07850427832454443
0.07819607574492693
0.07805515499785542
0.07825645105913281
0.07826416380703449
0.07858355809003115
0.07900509610772133
0.07846101000905037
0.07796269189566374
0.07798460917547345
0.07818144792690873
0.0784975728020072
0.07880021212622523
0.07867401605471969
0.07815282605588436
0.07821401068940759
0.07800672622397542
0.07799094263464212
0.07881155190989375
0.07840390922501683
0.0781393339857459
0.07783344015479088
0.07806132407858968
0.07816268596798182
0.07816150598227978
0.07911808416247368
0.07810947857797146
0.07836245372891426
0.07789811538532376
0.07901778211817145
0.0792167722247541
0.07910536509007215
0.07937025232240558
0.07956225518137217
0.07951606065034866
0.07922451011836529
0.0803417470306158
0.07923827227205038
0.07952715270221233
0.07810030598193407
0.07819134928286076
0.07824398018419743
0.07867360301315784
0.07885562768206
0.07909058686345816
0.07791893882676959
0.07825959892943501
0.07833139272406697
0.07828023377805948
0.07860438479110599
0.07856907369568944
0.07850419310852885
0.07831959379836917
0.07804649882018566
0.07797572622075677
0.07812652224674821
0.07841842574998736
0.0784429800696671
0.07808224204927683
0.07799177709966898
0.0779804508201778
0.07807662384584546
0.07841383805498481
0.07838800409808755
0.07823430793359876
0.07799967238679528
0.07814365811645985
0.07827342301607132
0.07834273483604193
0.07908363500609994
0.07831646222621202
0.07799470191821456
0.07810641173273325
0.07837728224694729
0.07848288491368294
0.07840690203011036
0.07825339399278164
0.07813233230262995
0.07788894698023796
0.07813289295881987
0.07849585171788931
0.07837706711143255
0.07811333378776908
0.07850574608892202
0.0779727092012763
0.07796655595302582
0.0779987177811563
0.0779876820743084
0.0786011409945786
0.07804778637364507
0.07830949407070875
0.07784730335697532
0.07776344567537308
0.07786360802128911
0.07833787007257342
0.07877589575946331
0.07799829402938485
0.07780767790973186
0.07807934191077948
0.07803082186728716
0.07835733285173774
0.07806692970916629
0.0779673089273274
0.07781769800931215
0.07766090985387564
0.07771247392520308
0.07772458996623755
0.07806396577507257
0.07906535919755697
0.0777387316338718
0.0777681889012456
0.0778438919223845
0.07813825597986579
0.07780094491317868
0.07812513737007976
0.07789026712998748
0.07808129023760557
0.07806733017787337
0.07802587607875466
0.07839228305965662
0.07786555588245392
0.0777203319594264
0.07789405388757586
0.07797169126570225
0.07917301589623094
0.07830603001639247
0.0778917740099132
0.07794941496104002
0.07772922376170754
0.07784533780068159
0.07787367794662714
0.0781111791729927
0.07784989383071661
0.07768575102090836
0.0776543989777565
0.0777218877337873
0.07781681325286627
0.07791947480291128
0.07771596731618047
0.0777040240354836
0.07781806914135814
0.07786967372521758
0.078048100695014
0.0780962579883635
0.07760143699124455
0.07772449310868979
0.07801036210730672
0.07788780005648732
0.0779495551250875
0.0780703779309988
0.07763308379799128
0.07777024107053876
0.07806486217305064
0.08025462180376053
0.07980553386732936
0.07790063600987196
0.07801961805671453
0.07798829302191734
0.07779139606282115
0.07813009386882186
0.07781849335879087
0.07807280030101538
0.07809023885056376
0.07794991601258516
0.07783011393621564
0.07805714709684253
0.07770072296261787
0.07766563026234508
0.07823313679546118
0.07808486325666308
0.07769344793632627
0.07827107794582844
0.07798301707953215
0.07804245501756668
0.07822691788896918
0.07826495124027133
0.07772661792114377
0.07757971761748195
0.07781721837818623
0.07812853017821908
0.07799672987312078
0.07768942601978779
0.07796435803174973
0.07755403500050306
0.07795134000480175
0.07818554993718863
0.07787263300269842
0.07769626006484032
0.07776357233524323
0.07772835390642285
0.0781124560162425
0.07844288414344192
0.07834054296836257
0.0778019349090755
0.07851556409150362
0.08069351222366095
0.08020938280969858
0.07812644401565194
0.07783428393304348
0.07825331203639507
0.07818987872451544
0.07826865697279572
0.07795029086992145
0.07793087419122458
0.07838884694501758
0.07809456204995513
0.07814498199149966
0.07800963008776307
0.07776750717312098
0.07793087186291814
0.07786368485540152
0.07811116706579924
0.0780561501160264
0.07788522634655237
0.07815475622192025
0.07774665392935276
0.07800555089488626
0.0777850029990077
0.0780913969501853
0.07812139671295881
0.07754505192860961
0.07736794371157885
0.07767093181610107
0.07774912100285292
0.0778172118589282
0.07779037486761808
0.07755044708028436
0.07757018832489848
0.07775888266041875
0.07991074398159981
0.0792552581988275
0.07800495577976108
0.07781175570562482
0.07753200130537152
0.07776756072416902
0.07777152396738529
0.07865669624879956
0.0780913420021534
0.0775625528767705
0.07757321605458856
0.07774772308766842
0.07782601937651634
0.07846629433333874
0.07805796200409532
0.0783567470498383
0.07778863422572613
0.07758382800966501
0.0777189452201128
0.07812104700133204
0.07841868977993727
0.07759233610704541
0.07734872959554195
0.07764721475541592
0.07754879398271441
0.07780527323484421
0.07785191899165511
0.07726696459576488
0.07723847823217511
0.07759176520630717
0.07796144066378474
0.0777307478711009
0.07751120906323195
0.07740096794441342
0.07747832266613841
0.07862428715452552
0.07957613002508879
0.08018468972295523
0.07984229177236557
0.07959553087130189
0.08033448876813054
0.07985060382634401
0.07967753987759352
0.07944341376423836
0.08027718681842089
0.07960437517613173
0.08054460817947984
0.07878991169854999
0.07946029910817742
0.07932393904775381
0.0801973077468574
0.07994299102574587
0.07987773418426514
0.07993123680353165
0.07937982771545649
0.07965243002399802
0.07986479438841343
0.07963004289194942
0.07982317870482802
0.07936762692406774
0.07929010596126318
0.0792577057145536
0.08030753908678889
0.08023086562752724
0.0794903333298862
0.07877059141173959
0.07864575274288654
0.07775930594652891
0.0778814721852541
0.07815054431557655
0.07854941813275218
0.07796392077580094
0.07827396271750331
0.08076088316738605
0.08025646395981312
0.07768426090478897
0.07815440418198705
0.07773460727185011
0.07841914426535368
0.0781785692088306
0.07822733698412776
0.07777050510048866
0.07775465492159128
0.07801252976059914
0.07793584698811173
0.07803208194673061
0.07797032687813044
0.07757176924496889
0.07783702202141285
0.0784415751695633
0.07849650317803025
0.07828727411106229
0.07815444190055132
0.07799091935157776
0.07781263999640942
0.07804459286853671
0.07930056843906641
0.0781490639783442
0.078380580060184
0.07832493307068944
0.07822711858898401
0.0781216761097312
0.07835841830819845
0.07800452830269933
0.07851227466017008
0.07817883789539337
0.07865308271721005
0.08096494898200035
0.08095601806417108
0.0782216158695519
0.07808153796941042
0.07810646761208773
0.0781984799541533
0.07827701698988676
0.07852125586941838
0.07824826799333096
0.07762051885947585
0.07792002521455288
0.07778468960896134
0.07825209200382233
0.078423622995615
0.07852653972804546
0.07820413773879409
0.07805766118690372
0.07805808540433645
0.07830228889361024
0.07822339609265327
0.07852423470467329
0.07879315782338381
0.07791096903383732
0.07828303659334779
0.07798938360065222
0.07859556097537279
0.07880675094202161
0.07866807235404849
0.07824928918853402
0.07853762712329626
0.0781359919346869
0.07817921927198768
0.07834778632968664
0.07998100016266108
0.07841440802440047
0.07788305124267936
0.07810142589733005
0.07783043617382646
0.07832438871264458
0.07838298240676522
0.07821287726983428
0.0783379110507667
0.0779854180291295
0.0781915308907628
0.07830456318333745
0.07833715807646513
0.07844529580324888
0.07843180513009429
0.07795791793614626
0.07786544226109982
0.07763724401593208
0.0781005690805614
0.07824970502406359
0.07855919236317277
0.07820877805352211
0.07794041885063052
0.07804570719599724
0.07816454768180847
0.07813633186742663
0.07855062000453472
0.07832965301349759
0.07820825465023518
0.07802666490897536
0.0783051117323339
0.0778880431316793
0.07845811313018203
0.07833979604765773
0.07803571503609419
0.07769040204584599
0.07777031790465117
0.07806844590231776
0.07835015887394547
0.07896464923396707
0.07842854736372828
0.07803423097357154
0.07775530265644193
0.07804650999605656
0.07813993003219366
0.07892554998397827
0.07852828223258257
0.07821131497621536
0.07788935583084822
0.07799743162468076
0.07832125900313258
0.07829783903434873
0.07904145494103432
0.07829878712072968
0.07814803719520569
0.07830833410844207
0.07819087710231543
0.07810071483254433
0.07835706369951367
0.07855654414743185
0.07814780808985233
0.0777521450072527
0.07778303697705269
0.07811302877962589
0.07861504284664989
0.07828608900308609
0.07830244675278664
0.0780742047354579
0.07863352913409472
0.08123909821733832
0.08124233316630125
0.07864032126963139
0.07822683406993747
0.07889387616887689
0.07972006825730205
0.07990904012694955
0.07898355601355433
0.0791655289940536
0.07782142702490091
0.07796652475371957
0.0778264389373362
0.07810477120801806
0.0782782481983304
0.07906663324683905
0.07867494225502014
0.0779153280891478
0.07789237098768353
0.0778402891010046
0.07788491575047374
0.07824281137436628
0.08070488506928086
0.07831242494285107
0.07827988639473915
0.07786872982978821
0.07839423976838589
0.08011693926528096
0.08032101718708873
0.07801093207672238
0.07866961695253849
0.07803544402122498
0.07827747613191605
0.07836573012173176
0.07822884200140834
0.0785033879801631
0.078070268034935
0.07849912624806166
0.07856400730088353
0.078700743149966
0.08124300697818398
0.08148229494690895
0.07797341514378786
0.07788978889584541
0.07808612892404199
0.07803784310817719
0.07877803314477205
0.07812007796019316
0.07815237063914537
0.07817950798198581
0.07784703420475125
0.07815346820279956
0.07852202793583274
0.07867493899539113
0.07839551335200667
0.0780574707314372
0.07827371824532747
0.0781873743981123
0.07809539325535297
0.07864350406453013
0.0780389909632504
0.07761552417650819
0.07780428742989898
0.07768342364579439
0.07812888594344258
0.07825342984870076
0.07822585385292768
0.07797175087034702
0.0781369237229228
0.077615886926651
0.07786689465865493
0.07817284809425473
0.0782737541012466
0.07900107884779572
0.0791890132240951
0.07813323801383376
0.07797005586326122
0.07814660295844078
0.07883814070373774
0.07858337508514524
0.07866720389574766
0.07801169389858842
0.07829097099602222
0.07791243400424719
0.0782973668538034
0.07869376614689827
0.07838619221001863
0.0781895793043077
0.0795347923412919
0.0784020503051579
0.07875650282949209
0.07961944118142128
0.07840631902217865
0.07942112209275365
0.07946424698457122
0.07969354372471571
0.07891913084313273
0.0791698470711708
0.07938919216394424
0.0790541060268879
0.08059528190642595
0.08011337136849761
0.0777935916557908
0.07817742228507996
0.07862593978643417
0.07824266189709306
0.07823066506534815
0.07826885115355253
0.07806440209969878
0.0783208878710866
0.07856673933565617
0.07886231318116188
0.07851965632289648
0.07800718676298857
0.07799394009634852
0.07811029301956296
0.0784827140159905
0.07883835816755891
0.07854547677561641
0.078265231102705
0.07835345529019833
0.07804246293380857
0.07785085495561361
0.07813503034412861
0.07880731811746955
0.07838631886988878
0.07864838000386953
0.07848963793367147
0.07837400492280722
0.07897943910211325
0.0781920999288559
0.07838596310466528
0.07871389901265502
0.07831715466454625
0.07822853000834584
0.07795595610514283
0.07883120514452457
0.07808294519782066
0.07877885270863771
0.07897633081302047
0.07887391420081258
0.07831747084856033
0.07839947007596493
0.07893196400254965
0.07857652893289924
0.07864046888425946
0.07872630190104246
0.07874528085812926
0.07870943192392588
0.07887125294655561
0.07843716675415635
0.07809863612055779
0.07832497311756015
0.07836791407316923
0.07876859698444605
0.07865932583808899
0.07839338714256883
0.07818917091935873
0.0779876010492444
0.07830428192391992
0.07966548390686512
0.07984139211475849
0.07985711796209216
0.07838448882102966
0.07847843505442142
0.07828857377171516
0.07820323808118701
0.07824956206604838
0.0785324196331203
0.07895469199866056
0.07871251087635756
0.07843968970701098
0.07887724600732327
0.08134519401937723
0.08149007381871343
0.0779509013518691
0.07844726927578449
0.0782686690799892
0.07838311931118369
0.07890343479812145
0.07849746895954013
0.07920362427830696
0.078730259090662
0.07825923105701804
0.078331233933568
0.07849698979407549
0.07876331498846412
0.07896328717470169
0.07834903988987207
0.07848843699321151
0.07850631093606353
0.07854875922203064
0.07863410795107484
0.07834121491760015
0.0793754099868238
0.07836025208234787
0.07850613165646791
0.07832197099924088
0.07871517073363066
0.08013628702610731
0.08052776474505663
0.0783285559155047
0.07888793339952826
0.07872253190726042
0.07846805918961763
0.07847818685695529
0.0787766040302813
0.07805974083021283
0.07840236462652683
0.07848961092531681
0.07879274757578969
0.07919064490124583
0.08149544801563025
0.08237433200702071
0.07836555922403932
0.07828418398275971
0.07834563264623284
0.07857412612065673
0.07854538317769766
0.07864630268886685
0.07856827508658171
0.07873594481498003
0.07883271481841803
0.07844890700653195
0.07812556205317378
0.07843595324084163
0.07846660213544965
0.07870788080617785
0.0788472332060337
0.07841284899041057
0.07834604615345597
0.0784116699360311
0.07911617588251829
0.07865500636398792
0.07883021328598261
0.07861428614705801
0.0786011260934174
0.07846809923648834
0.07833946589380503
0.07816688297316432
0.0785200260579586
0.07865750836208463
0.07975252764299512
0.07893649069592357
0.07895215507596731
0.07848839880898595
0.07964803092181683
0.0793955959379673
0.08009158493950963
0.07940414594486356
0.0798526257276535
0.08075121603906155
0.08101135306060314
0.07978608226403594
0.0799299580976367
0.08000715216621757
0.07963206665590405
0.07958406815305352
0.07942688604816794
0.0794241838157177
0.0796333160251379
0.07926505524665117
0.07934220088645816
0.0796550172381103
0.08050736598670483
0.0803717840462923
0.07967745419591665
0.0799972745589912
0.07966865692287683
0.07919842703267932
0.07943661417812109
0.0789714828133583
0.07904389780014753
0.07939048390835524
0.08078781794756651
0.08141351211816072
0.07872555078938603
0.07854068139567971
0.07896712608635426
0.0790470102801919
0.07877100724726915
0.07846278417855501
0.0783385937102139
0.0784284919500351
0.07836999790742993
0.07886519702151418
0.07861826103180647
0.0788928521797061
0.07825028384104371
0.0780860148370266
0.07838540291413665
0.0782932722941041
0.07870256574824452
0.07878999738022685
0.07878568675369024
0.07885411195456982
0.07803477207198739
0.07822393905371428
0.07858662074431777
0.07893215399235487
0.07890319591388106
0.07860448071733117
0.07828442240133882
0.07854083692654967
0.07832213444635272
0.07827240508049726
0.07856910862028599
0.07858685916289687
0.07885366398841143
0.0788801871240139
0.07850507786497474
0.0781853492371738
0.0787665587849915
0.07983191823586822
0.08048779889941216
0.0792722050100565
0.07909722626209259
0.07877412810921669
0.07870701607316732
0.07829043408855796
0.07834527688100934
0.07887093909084797
0.07872729003429413
0.07895345101132989
0.07869349094107747
0.07840152503922582
0.07821333920583129
0.07804718799889088
0.07824985822662711
0.07816198468208313
0.0787533619441092
0.0784894754178822
0.07815884007140994
0.07784872595220804
0.07811861811205745
0.07832477800548077
0.07841995405033231
0.07870097598060966
0.07845372892916203
0.0779507108964026
0.07824584003537893
0.07783250603824854
0.0781159489415586
0.078422827180475
0.07848903397098184
0.07801943877711892
0.07804412394762039
0.07810033718124032
0.07804520288482308
0.07812672108411789
0.07882069190964103
0.0783747136592865
0.07829171186313033
0.07810305897146463
0.07805402018129826
0.07822652207687497
0.07857867609709501
0.07844338892027736
0.07848986284807324
0.07852707803249359
0.08087990013882518
0.0805850769393146
0.07794237183406949
0.07794815395027399
0.07818206632509828
0.07842735480517149
0.07841417193412781
0.07828112505376339
0.07815958699211478
0.07796188723295927
0.07822674419730902
0.07823006296530366
0.07859942596405745
0.07841458031907678
0.07810774864628911
0.07787415198981762
0.07825355185195804
0.07814728887751698
0.07832033419981599
0.07808890985324979
0.07813587412238121
0.07817309303209186
0.07828609272837639
0.07793493708595634
0.07809190358966589
0.07844083802774549
0.07847217097878456
0.078221604693681
0.07823924208059907
0.07827708777040243
0.07806781167164445
0.07842970825731754
0.07836398901417851
0.07856927020475268
0.08098383620381355
0.08098001917824149
0.07814863696694374
0.07804930815473199
0.07811153726652265
0.07823150791227818
0.07851305324584246
0.07876206981018186
0.07965678628534079
0.07826453587040305
0.0779216829687357
0.07803264912217855
0.07833340065553784
0.07840302772819996
0.0782438819296658
0.07815781235694885
0.0781946680508554
0.07821820257231593
0.07815171126276255
0.07843039697036147
0.07844901084899902
0.07802204927429557
0.07799729891121387
0.07782573299482465
0.07810312602669
0.07835891470313072
0.07850067503750324
0.07855945220217109
0.07844162685796618
0.07792369509115815
0.07815188495442271
0.07809837907552719
0.07829458685591817
0.0782305202446878
0.07811653101816773
0.07783976290374994
0.0780978430993855
0.07796430587768555
0.07852378208190203
0.07817862275987864
0.07808865839615464
0.07797781797125936
0.07801248086616397
0.07813955517485738
0.07841176027432084
0.07834512600675225
0.07870586309581995
0.0780895035713911
0.07816085172817111
0.07809549290686846
0.07854789402335882
0.07872982323169708
0.07857709191739559
0.07814731122925878
0.07801156211644411
0.07808984676375985
0.07808333216235042
0.07845190213993192
0.0786280483007431
0.07862148061394691
0.07827893318608403
0.07812353130429983
0.0782373109832406
0.07791487127542496
0.07815974624827504
0.07857524137943983
0.07831591507419944
0.07801817217841744
0.07811531517654657
0.07824648125097156
0.07827736996114254
0.07846317300572991
0.07830069260671735
0.07787383114919066
0.07801882410421968
0.07809512317180634
0.07801966462284327
0.07829417195171118
0.07832293678075075
0.07835962390527129
0.07812408125028014
0.07826465601101518
0.07812758814543486
0.07836480718106031
0.07856400776654482
0.07853818917647004
0.07811055472120643
0.0781576419249177
0.07804547110572457
0.07820678502321243
0.07834487920626998
0.0784783917479217
0.07830773899331689
0.07823068788275123
0.07827195106074214
0.07797912508249283
0.07824285700917244
0.07861001417040825
0.07864677486941218
0.07805012399330735
0.07813000399619341
0.07869401481002569
0.08075881423428655
0.08047629334032536
0.07803177600726485
0.07811141526326537
0.07835934590548277
0.07829578872770071
0.07796443486586213
0.07795909000560641
0.07807200914248824
0.07807123009115458
0.07850526692345738
0.07834610575810075
0.07911363197490573
0.08123904699459672
0.08075218694284558
0.07818744191899896
0.07801357097923756
0.07799929473549128
0.07815016293898225
0.07850709790363908
0.07828175462782383
0.07827007584273815
0.07821991620585322
0.07823083084076643
0.07810553722083569
0.07819600543007255
0.07847375608980656
0.07840208895504475
0.07822095835581422
0.077847964130342
0.07817382318899035
0.07803508080542088
0.07856571022421122
0.07831937121227384
0.07816590880975127
0.07808759901672602
0.07797700772061944
0.07798130111768842
0.07829443318769336
0.07856620103120804
0.07834409596398473
0.07799589214846492
0.07788626197725534
0.07812110800296068
0.07820476032793522
0.0785146621055901
0.0786246838979423
0.07812769711017609
0.07804861105978489
0.07795783691108227
0.07800552295520902
0.0780323720537126
0.07848834805190563
0.07815584586933255
0.07820381224155426
0.0781498090364039
0.07817147113382816
0.07844910304993391
0.07850361010059714
0.07876338483765721
0.07865189900621772
0.07794381957501173
0.07819687016308308
0.07812194293364882
0.07819720497354865
0.07850166130810976
0.07843206590041518
0.07787665585055947
0.07834407035261393
0.07808611169457436
0.07822106406092644
0.07809968572109938
0.07841618778184056
0.07821896020323038
0.07798728020861745
0.07767425710335374
0.0780458808876574
0.07814159709960222
0.0783096612431109
0.07820804929360747
0.07857302809134126
0.08106550062075257
0.08094006823375821
0.07765254098922014
0.07805195497348905
0.07798332022503018
0.07852092012763023
0.07876672316342592
0.07846955582499504
0.07846643403172493
0.07825220981612802
0.07789810607209802
0.07800951693207026
