0.0860555269755423
0.08800968201830983
0.08698685513809323
0.08815792016685009
0.08589336974546313
0.08697434607893229
0.0878099650144577
0.08647950598970056
0.0869118059054017
0.08659590687602758
0.08534583216533065
0.08566692797467113
0.08629655791446567
0.08682555332779884
0.08546623680740595
0.08601382514461875
0.08632480166852474
0.0867797820828855
0.08615519432350993
0.08710601693019271
0.08683023601770401
0.08612574310973287
0.08502457803115249
0.08570926589891315
0.08490316802635789
0.08477920200675726
0.08494499186053872
0.08466579392552376
0.08451195294037461
0.08421219792217016
0.08436923893168569
0.08428307995200157
0.08511201571673155
0.08472149912267923
0.08434639079496264
0.08455793373286724
0.08447632798925042
0.08478534081950784
0.08513476187363267
0.08478104323148727
0.08447870519012213
0.08415422216057777
0.08389246137812734
0.08456760970875621
0.0846739592961967
0.08513836795464158
0.0844099773094058
0.08459795312955976
0.08429722860455513
0.08460864285007119
0.08452341007068753
0.08482914371415973
0.08509837603196502
0.08425944298505783
0.08393553318455815
0.08406936563551426
0.08448100788518786
0.08469074126332998
0.08457557996734977
0.08464655606076121
0.08438446186482906
0.08439263701438904
0.0855794008821249
0.08575962577015162
0.08521678019315004
0.08432502998039126
0.08422202384099364
0.08478142786771059
0.08481716783717275
0.08480395190417767
0.08464326802641153
0.08429656783118844
0.08435774687677622
0.08462508209049702
0.08560406090691686
0.08779742009937763
0.08472599973902106
0.08383983373641968
0.083931690081954
0.0843897289596498
0.0844990098848939
0.0845514121465385
0.0846747038885951
0.08477329183369875
0.08441377896815538
0.08407846605405211
0.08460553316399455
0.08465082896873355
0.08572145365178585
0.08446908975020051
0.08461278723552823
0.08547864388674498
0.08545991498976946
0.08461835002526641
0.08511768421158195
0.0847078962251544
0.08441301109269261
0.08423549309372902
0.0844712438993156
0.08500408381223679
0.08496807003393769
0.08462004689499736
0.08461784105747938
0.0855939001776278
0.08591093216091394
0.086383783724159
0.08620717469602823
0.08427776675671339
0.0846158443018794
0.08486395888030529
0.08549496298655868
0.08489153860136867
0.08433125913143158
0.0845520212315023
0.08452132204547524
0.0849584573879838
0.08485205471515656
0.08445491781458259
0.08424920029938221
0.08474723622202873
0.08601564774289727
0.08650413900613785
0.08465689839795232
0.08419901691377163
0.08434667531400919
0.08622955391183496
0.08498716028407216
0.08477133698761463
0.0843208460137248
0.08396261418238282
0.08382166363298893
0.08511897129938006
0.08629006519913673
0.08595521980896592
0.08409758191555738
0.0841347579844296
0.08446184406057
0.0842873640358448
0.08493819972500205
0.08470755908638239
0.08441029628738761
0.08390079205855727
0.08415486803278327
0.08418116718530655
0.08537360094487667
0.08453883836045861
0.08541565900668502
0.08560372516512871
0.08454459626227617
0.08427875023335218
0.08448190009221435
0.08457745425403118
0.08455607993528247
0.08420180901885033
0.08412567991763353
0.08411109959706664
0.08441093005239964
0.08435693616047502
0.0845613800920546
0.08456962322816253
0.08434483408927917
0.08503394899889827
0.08490655897185206
0.08442365191876888
0.0846865838393569
0.08464481169357896
0.08453581109642982
0.08375150570645928
0.08428777800872922
0.08418540610000491
0.0849859518930316
0.08487908681854606
0.08436963707208633
0.08473314112052321
0.08449533395469189
0.084391247946769
0.08396531967446208
0.08453023293986917
0.08452580543234944
0.08504406781867146
0.08430668525397778
0.08431527018547058
0.08482577092945576
0.08391221472993493
0.08493386628106236
0.08399919420480728
0.0842620269395411
0.08404131000861526
0.08399610267952085
0.08474342804402113
0.08479906711727381
0.08512068400159478
0.08492374513298273
0.08458809787407517
0.08480442594736814
0.08593312278389931
0.0858407849445939
0.08429285092279315
0.08409358421340585
0.08397755399346352
0.08437541173771024
0.08443481102585793
0.08487313473597169
0.08427919819951057
0.08396630175411701
0.08377180574461818
0.08501165499910712
0.08626515371724963
0.08667291002348065
0.0848914640955627
0.08475595200434327
0.08474034396931529
0.08528484683483839
0.08569086994975805
0.08573688799515367
0.08508724207058549
0.08399805519729853
0.08402724983170629
0.08446596190333366
0.08471369417384267
0.0847091437317431
0.08493624022230506
0.08496906561776996
0.08416226413100958
0.08419151091948152
0.0845654490403831
0.08468507369980216
0.08444578479975462
0.08395957527682185
0.0838385596871376
0.08413908118382096
0.08436562307178974
0.08460861211642623
0.08470737840980291
0.08403230085968971
0.0844273385591805
0.08465466508641839
0.08489276608452201
0.08410323178395629
0.08432401483878493
0.08448229264467955
0.08400143263861537
0.08389146020635962
0.083859256003052
0.0841796831227839
0.08403802802786231
0.08436909411102533
0.08449512720108032
0.08397395117208362
0.08408677717670798
0.08378730714321136
0.08404427673667669
0.08388770092278719
0.08401056611910462
0.08426646422594786
0.08524012705311179
0.0847729267552495
0.08377827890217304
0.08391103893518448
0.08437526691704988
0.08463374711573124
0.0845850221812725
0.08400362404063344
0.08393583307042718
0.08342787809669971
0.08354954095557332
0.08383618015795946
0.08377360505983233
0.08392952615395188
0.08399614412337542
0.08380767796188593
0.08357808971777558
0.08342614863067865
0.08313596993684769
0.08432366093620658
0.0856008231639862
0.08577533112838864
0.08405740093439817
0.08454884262755513
0.08497176179662347
0.0845958087593317
0.08498811023309827
0.08554061083123088
0.08477853983640671
0.08471701014786959
0.08472264977172017
0.08530198829248548
0.08468262339010835
0.08421679213643074
0.08470100210979581
0.08505466999486089
0.08398341666907072
0.08427381096407771
0.08421723637729883
0.08417647425085306
0.08431394211947918
0.08367217890918255
0.08355315495282412
0.08369180792942643
0.08395562693476677
0.08365150121971965
0.08397419098764658
0.0840666783042252
0.0842806538566947
0.08369373995810747
0.08370813075453043
0.08339265687391162
0.08332755416631699
0.08411510614678264
0.08565310714766383
0.085740284062922
0.08440000331029296
0.08355001406744123
0.0834988602437079
0.08343978226184845
0.0837674499489367
0.08415496069937944
0.08419864205643535
0.08410951402038336
0.08384456392377615
0.08333806740120053
0.08317998703569174
0.0836691427975893
0.08396801771596074
0.0838449620641768
0.08405134314671159
0.0846609971486032
0.08360479027032852
0.08333924505859613
0.08311452437192202
0.08373750187456608
0.0851617599837482
0.08556948183104396
0.08471607230603695
0.08422072324901819
0.08352012420073152
0.08357980195432901
0.08370137121528387
0.0842324597761035
0.08430510992184281
0.0839478513225913
0.08374454593285918
0.0843049231916666
0.08496141899377108
0.08458343986421824
0.08407112490385771
0.08411874109879136
0.08404041919857264
0.08414052007719874
0.08388071972876787
0.08364530140534043
0.08365582907572389
0.08473073923960328
0.08652552822604775
0.08626289293169975
0.08392631588503718
0.08407993614673615
0.08414528472349048
0.0842923573218286
0.08414970384910703
0.08435846818611026
0.08410005969926715
0.08385162893682718
0.08419237332418561
0.08487896528095007
0.08621610188856721
0.08628348400816321
0.08384378161281347
0.08387667126953602
0.08395511703565717
0.08396894205361605
0.08446820266544819
0.08439625101163983
0.0841205338947475
0.0838606939651072
0.08353718789294362
0.08380655711516738
0.08392406487837434
0.08434766996651888
0.08562843594700098
0.08580851322039962
0.08712057210505009
0.08399691106751561
0.08394825411960483
0.08470481541007757
0.08439941005781293
0.08392848214134574
0.08365646377205849
0.08366087917238474
0.08390969410538673
0.08419099124148488
0.08441056963056326
0.08426374616101384
0.0842680400237441
0.08425136096775532
0.08472526492550969
0.08390714274719357
0.0840978929772973
0.08459865069016814
0.08614129107445478
0.08686556713655591
0.08458327688276768
0.08512502629309893
0.08435985585674644
0.08393858093768358
0.0840580090880394
0.08438043296337128
0.08449844783172011
0.08427561679854989
0.08419495774433017
0.08438740111887455
0.08472143718972802
0.08382427878677845
0.08348077721893787
0.08435905119404197
0.08441156707704067
0.0858731153421104
0.08575451094657183
0.08384535927325487
0.08399332780390978
0.08380442718043923
0.084233317989856
0.08415414625778794
0.08418209012597799
0.08448798628523946
0.08438996598124504
0.08429120806977153
0.08461179723963141
0.08620683662593365
0.08625118900090456
0.08432051772251725
0.08401103131473064
0.08406279096379876
0.08488746313378215
0.08517836686223745
0.08475337689742446
0.08452433440834284
0.08408623142167926
0.08398591866716743
0.08477027574554086
0.08584550395607948
0.08568812208250165
0.08606067905202508
0.0849224952980876
0.08406176697462797
0.08423401322215796
0.08474711515009403
0.08490072889253497
0.08443836821243167
0.08419214002788067
0.08348776400089264
0.08402991481125355
0.08417637785896659
0.08452754886820912
0.08549736393615603
0.08559859124943614
0.08469472685828805
0.08528781915083528
0.0863969842903316
0.08493901928886771
0.08414534665644169
0.08403023099526763
0.0838080127723515
0.08415327919647098
0.08424165518954396
0.08488926896825433
0.08469287119805813
0.08433970110490918
0.08450510771945119
0.08550246013328433
0.08515738183632493
0.08451156271621585
0.08441575476899743
0.08428104920312762
0.08510947320610285
0.0847711218520999
0.08435502415522933
0.08446404803544283
0.08470654906705022
0.08377072354778647
0.08398880902677774
0.08430748479440808
0.08393423585221171
0.08550328901037574
0.08622585283592343
0.0862155039794743
0.08512446843087673
0.0845686811953783
0.08336745714768767
0.08446502219885588
0.08419340010732412
0.08424237789586186
0.08299177372828126
0.0831984868273139
0.0835245749913156
0.08411500696092844
0.08396099833771586
0.08407190209254622
0.08377560414373875
0.08408178808167577
0.08399248635396361
0.08357923105359077
0.08394713187590241
0.08553119795396924
0.08499776106327772
0.08448091335594654
0.08398412633687258
0.08435744186863303
0.08480961667373776
0.08467126172035933
0.08372791018337011
0.08351012412458658
0.08390328101813793
0.08446921966969967
0.0835359850898385
0.08564814180135727
0.08435503486543894
0.08602314302697778
0.08604732481762767
0.08588820230215788
0.08411365607753396
0.0844153524376452
0.08490183390676975
0.08400624105706811
0.08360544824972749
0.08401886187493801
0.0837618806399405
0.08300053840503097
0.08335687592625618
0.08358777640387416
0.0834859199821949
0.0835112170316279
0.08434871630743146
0.0840908121317625
0.08417326072230935
0.08377304393798113
0.08359996695071459
0.08505662111565471
0.08496015192940831
0.08413601713255048
0.08424299070611596
0.08545249002054334
0.08692644303664565
0.08679865626618266
0.08459735428914428
0.08482133783400059
0.08383797388523817
0.08317612484097481
0.08337936922907829
0.08358874684199691
0.08368577482178807
0.0846311766654253
0.08640572987496853
0.08649801462888718
0.08482246706262231
0.08523425739258528
0.08483945624902844
0.08502449886873364
0.08461789321154356
0.08389973174780607
0.08399424934759736
0.08437489904463291
0.08452782407402992
0.0844158180989325
0.08478701813146472
0.08412753604352474
0.08491084072738886
0.08468362921848893
0.08478229539468884
0.08430653857067227
0.08557131793349981
0.08715936914086342
0.0867019291035831
0.08446084102615714
0.08456030208617449
0.08441575989127159
0.08410370768979192
0.08371104067191482
0.0850916737690568
0.08518757484853268
0.08671553991734982
0.0861874190159142
0.08499908959493041
0.0843114978633821
0.08449194068089128
0.08507129224017262
0.08587108319625258
0.08438920695334673
0.08453511307016015
0.08457343792542815
0.08477765275165439
0.08475266490131617
0.08489382918924093
0.08519571833312511
0.08516704104840755
0.08633918687701225
0.08631233870983124
0.08567478088662028
0.08433650201186538
0.0845859912224114
0.08494451502338052
0.08452700404450297
0.08452709205448627
0.08483984181657434
0.08449115697294474
0.08446718007326126
0.0852600121870637
0.0862721330486238
0.0861668772995472
0.08503162395209074
0.08528570830821991
0.08444727072492242
0.08461245195940137
0.08478610124439001
0.08406613580882549
0.08392008394002914
0.0845659808255732
0.08419168693944812
0.08449919009581208
0.0844068587757647
0.08439716417342424
0.08373886812478304
0.0840448928065598
0.0849758479744196
0.08558863261714578
0.0860227718949318
0.08418425917625427
0.08388196304440498
0.08359720837324858
0.08382138283923268
0.08366343891248107
0.08442311128601432
0.08440179284662008
0.08450603391975164
0.084331716876477
0.08401737920939922
0.08492387225851417
0.08514746744185686
0.08444184809923172
0.08426518086344004
0.08521018829196692
0.08752059983089566
0.08692371193319559
0.08458902826532722
0.08467889903113246
0.08398858038708568
0.08419407671317458
0.08402980584651232
0.08432262996211648
0.08415116043761373
0.08619590755552053
0.08782440377399325
0.08652106299996376
0.0857301359064877
0.08563466835767031
0.08626990718767047
0.0847218381240964
0.08446461474522948
0.08618786791339517
0.08572290511801839
0.08430021489039063
0.08372613321989775
0.08391959173604846
0.0838885698467493
0.08451954089105129
0.08616077899932861
0.08582375897094607
0.08370480500161648
0.08371628494933248
0.08399238204583526
0.0845391801558435
0.08460233779624104
0.08489509299397469
0.08466839091852307
0.08416782785207033
0.0841626301407814
0.08408180205151439
0.08427607268095016
0.08413237286731601
0.08552089892327785
0.08560202503576875
0.08421189291402698
0.08343076426535845
0.0840653795748949
0.08406758680939674
0.08439569734036922
0.08408329961821437
0.08377590589225292
0.08321160776540637
0.08337408164516091
0.08389488607645035
0.08375926781445742
0.08363975025713444
0.08403110411018133
0.08411671174690127
0.08396801725029945
0.08361905487254262
0.08378825057297945
0.08400782104581594
0.08520583109930158
0.08561843307688832
0.08413272676989436
0.08345939591526985
0.08354595024138689
0.08373413421213627
0.08534323377534747
0.08604052104055882
0.0865694866515696
0.08627153234556317
0.0851169629022479
0.08756485302001238
0.08837126707658172
0.08849336300045252
0.08676805626600981
0.08616059832274914
0.08615082409232855
0.08667176077142358
0.08683868171647191
0.08555204281583428
0.08569948002696037
0.08536811592057347
0.08574953209608793
0.08557794615626335
0.08625154895707965
0.08575264131650329
0.08541017072275281
0.08605402708053589
0.08617275627329946
0.08510081516578794
0.08559302194043994
0.0858189482241869
0.0853845146484673
0.08441850589588284
0.08461608830839396
0.08472809195518494
0.08397734817117453
0.08489561593160033
0.085014290176332
0.08602371485903859
0.08579942537471652
0.08498255209997296
0.08528070896863937
0.08658395567908883
0.08739739190787077
0.0857123713940382
0.08451457601040602
0.08396030962467194
0.0837890231050551
0.08379218680784106
0.08587713120505214
0.0840348843485117
0.08348559774458408
0.08319521602243185
0.08321688836440444
0.0836840788833797
0.08406581031158566
0.08512210194021463
0.08541846601292491
0.08531155483797193
0.08436216693371534
0.08413542108610272
0.08399072289466858
0.08387136179953814
0.08427187521010637
0.08414496900513768
0.08378068683668971
0.08343335194513202
0.08393782610073686
0.08348678005859256
0.08335095969960093
0.0839044488966465
0.08393268520012498
0.08421154087409377
0.08362858882173896
0.08342788275331259
0.08384380303323269
0.08438530704006553
0.08469958696514368
0.08378025004640222
0.08417219994589686
0.08579630497843027
0.08646983886137605
0.08569747162982821
0.08383187837898731
0.08360364194959402
0.08430310199037194
0.08379493886604905
0.08421739796176553
0.0836167917586863
0.0841067461296916
0.08465078240260482
0.08453075913712382
0.08400204218924046
0.083770293276757
0.08409052109345794
0.0835900092497468
0.08399861492216587
0.08459515497088432
0.08748043421655893
0.08572328183799982
0.0838187918998301
0.08373157028108835
0.08449731022119522
0.08409507293254137
0.08462756779044867
0.08423951175063848
0.08399599092081189
0.08365274639800191
0.08289063908159733
0.08430913789197803
0.08626609481871128
0.08567856391891837
0.08406927110627294
0.08369198814034462
0.08469152823090553
0.08500650804489851
0.08505029371008277
0.08428896917030215
0.08406526781618595
0.08408353058621287
0.08392108511179686
0.0838187001645565
0.08409000001847744
0.08421835396438837
0.08402510872110724
0.08445443073287606
0.08459873124957085
0.08480120310559869
0.08475047489628196
0.08380802860483527
0.08373943297192454
0.08482878422364593
0.08585493080317974
0.0860048639588058
0.0846072849817574
0.08532047690823674
0.08414472499862313
0.08450599107891321
0.08387442491948605
0.08441654499620199
0.08390568802133203
0.0837926110252738
0.08364252094179392
0.084451240953058
0.08366045402362943
0.083850072696805
0.08337451610714197
0.0833877888508141
0.08428703201934695
0.08516498887911439
0.08517331490293145
0.08408749802038074
0.08391023706644773
0.0836870251223445
0.08349082199856639
0.08338497532531619
0.08336488390341401
0.08363176183775067
0.08397000189870596
0.08370287483558059
0.08408679300919175
0.08396608708426356
0.08334444928914309
0.08321633981540799
0.08339896891266108
0.0843005939386785
0.08599593304097652
0.08567733783274889
0.08359652012586594
0.083446831908077
0.08300933707505465
0.08390263188630342
0.08412186335772276
0.08400590624660254
0.08406970696523786
0.08386997226625681
0.08399800630286336
0.08367756707593799
0.0832813810557127
0.0836328063160181
0.08631130075082183
0.08584873611107469
0.08551614312455058
0.08461364591494203
0.08418811811134219
0.08346653310582042
0.08404553309082985
0.08380930311977863
0.08356253523379564
0.0835542706772685
0.08345493068918586
0.08332026423886418
0.0832134229131043
0.08376519288867712
0.08349178917706013
0.08362306235358119
0.08363392995670438
0.08376731909811497
0.08378915069624782
0.0839669220149517
0.08386529283598065
0.08419399615377188
0.08423212775960565
0.08358504995703697
0.08486940804868937
0.0854443609714508
0.08589030290022492
0.08353873575106263
0.08375258184969425
0.08344553783535957
0.08395566185936332
0.08329375786706805
0.08423011610284448
0.08343643695116043
0.08334087301045656
0.0833982597105205
0.08318474888801575
0.08353001391515136
0.08362641092389822
0.08476152690127492
0.08568643918260932
0.08534913137555122
0.08453796431422234
0.08461193460971117
0.08403338398784399
0.0840779971331358
0.0842411769554019
0.08372765500098467
0.0834942371584475
0.0833671810105443
0.0836220788769424
0.08369694510474801
0.08380687795579433
0.08405246818438172
0.08387032523751259
0.08348235068842769
0.08392097894102335
0.08295845333486795
0.08353709988296032
0.08396713016554713
0.08387980004772544
0.08485561329871416
0.08514621295034885
0.08565479423850775
0.08452975330874324
0.08470394602045417
0.0840071989223361
0.08389657223597169
0.08427074179053307
0.0835018833167851
0.0834000101312995
0.08352200267836452
0.08395620994269848
0.08420126978307962
0.08425360172986984
0.08415066031739116
0.08441014681011438
0.08362285699695349
0.08364761667326093
0.08338705310598016
0.08429887192323804
0.08579488331452012
0.0854098410345614
0.08459417941048741
0.08407741831615567
0.08577820099890232
0.08657486597076058
0.08595916908234358
0.0840434581041336
0.08378378907218575
0.08362922118976712
0.08344034990295768
0.08362755784764886
0.08383140619844198
0.08424810878932476
0.08508409606292844
0.08497350616380572
0.08458054112270474
0.08537606708705425
0.08556161634624004
0.08420065883547068
0.08379619987681508
0.08398996572941542
0.08352394821122289
0.08336034417152405
0.08395041292533278
0.0846985368989408
0.08414493780583143
0.08445544820278883
0.08392782183364034
0.08477708091959357
0.08459887187927961
0.08416439592838287
0.08395614707842469
0.08504990767687559
0.08580185566097498
0.08639953006058931
0.0846374062821269
0.08503304794430733
0.08403615280985832
0.08400692697614431
0.08355362992733717
0.08341059600934386
0.08331271400675178
0.08350038016214967
0.08368322905153036
0.08418320817872882
0.08391776494681835
0.0839491537772119
0.08402377925813198
0.08363071409985423
0.08438552776351571
0.08543979004025459
0.08552302327007055
0.08421072410419583
0.08419321617111564
0.08388449298217893
0.08432065136730671
0.08468907605856657
0.08471357496455312
0.08533642813563347
0.08425585180521011
0.08389287116006017
0.08462772890925407
0.08608567388728261
0.08618827583268285
0.0843299669213593
0.08366644708439708
0.08434868510812521
0.08543627290055156
0.08541138609871268
0.08444181317463517
0.08438417874276638
0.08409636933356524
0.08374899020418525
0.08439319068565965
0.08453357918187976
0.08480664482340217
0.08591114077717066
0.08586251782253385
0.0854626758955419
0.08557176683098078
0.08558196667581797
0.08453100500628352
0.08459453517571092
0.08388762827962637
0.08434208109974861
0.08451942075043917
0.08446087874472141
0.08459025900810957
0.0843764478340745
0.08399772830307484
0.08406659588217735
0.08496944280341268
0.0848078103736043
0.08442959515377879
0.08467355510219932
0.08535928325727582
0.08702397719025612
0.08685437170788646
0.08441526303067803
0.08423190983012319
0.08399175573140383
0.08367194700986147
0.08442036900669336
0.08425581222400069
0.0843764222227037
0.08542890613898635
0.08593733515590429
0.08535839477553964
0.08375975303351879
0.08370694890618324
0.08441504696384072
0.08431023312732577
0.0844425680115819
0.08413936104625463
0.08366924664005637
0.08421199815347791
0.08420001529157162
0.08392030326649547
0.0844782367348671
0.08448835974559188
0.0840279939584434
0.08323236228898168
0.08350914902985096
0.083687505684793
0.08465874055400491
0.0858391709625721
0.08580417279154062
0.08407267602160573
0.08406945830211043
0.08392528677359223
0.08477379567921162
0.08423444628715515
0.08430687710642815
0.08392880391329527
0.08396993624046445
0.0833677127957344
0.08388744574040174
0.08386500226333737
0.08394977170974016
0.08502833778038621
0.08592015225440264
0.0860351282171905
0.08456727303564548
0.08522125193849206
0.0842747613787651
0.0839847601018846
0.08390429196879268
0.08389638224616647
0.08395433705300093
0.0839193519204855
0.08375327987596393
0.08447542507201433
0.08430013572797179
0.0843623518012464
0.08415347384288907
0.08441015519201756
0.08445779420435429
0.08461282402276993
0.08497454691678286
0.08596010599285364
0.08646225836127996
0.08429163508117199
0.08574339188635349
0.08445791713893414
0.08484053704887629
0.08367748511955142
0.0839125788770616
0.08416248299181461
0.08424471598118544
0.08427709294483066
0.08461216790601611
0.08466379577293992
0.08421266311779618
0.0841618636623025
0.08403633860871196
0.084928710013628
0.08629552600905299
0.08617095183581114
0.08393305726349354
0.08428449602797627
0.08424416556954384
0.08418762171640992
0.08449049293994904
0.08462293492630124
0.08403716376051307
0.08392116567119956
0.0834647542797029
0.08475720696151257
0.08615609584376216
0.0858351131901145
0.08440001308917999
0.08368902932852507
0.08399506378918886
0.08480509277433157
0.08481550822034478
0.0843268372118473
0.08454052824527025
0.08432981697842479
0.08416460826992989
0.08437721012160182
0.08450631005689502
0.08453391306102276
0.08583499491214752
0.08582098223268986
0.08481272915378213
0.08351901173591614
0.08434732398018241
0.08458348782733083
0.08483053091913462
0.0842028702609241
0.08359785797074437
0.08353010285645723
0.08426241111010313
0.08463820116594434
0.08450985606759787
0.08469069981947541
0.08455744897946715
0.0846587740816176
0.08446563594043255
0.084635553881526
0.08433178905397654
0.08538939757272601
0.08626322681084275
0.0863791718147695
0.08406429179012775
0.08435918996110559
0.08419395703822374
0.08417154103517532
0.08395855128765106
0.08330845925956964
0.08417846914380789
0.08400234021246433
0.08405246213078499
0.08447959693148732
0.084273646119982
0.08382611768320203
0.08337714429944754
0.08354571787640452
0.0844960710965097
0.08606351399794221
0.08556813700124621
0.08410295099020004
0.0841675098054111
0.0838898946531117
0.08440305246040225
0.08398538967594504
0.08432646282017231
0.08474473701789975
0.08485517697408795
0.0847126180306077
0.08441769983619452
0.08587651932612062
0.08624168206006289
0.08454305306077003
0.08427291503176093
0.08393408125266433
0.08470119768753648
0.08432005671784282
0.0846561579965055
0.08470766805112362
0.08430208871141076
0.08419784530997276
0.084925158880651
0.08568111807107925
0.08627650607377291
0.08697219286113977
0.08541955798864365
0.08482530899345875
0.08401457220315933
0.08449422614648938
0.08524570800364017
0.08485110104084015
0.08449205104261637
0.08478154568001628
0.08464451972395182
0.08525025518611073
0.08540807291865349
0.08485823310911655
0.08502108976244926
0.08559805108234286
0.08654086105525494
0.08588220132514834
0.08445145143195987
0.08471273817121983
0.0847764890640974
0.08479534136131406
0.08484993921592832
0.08489018911495805
0.08402899699285626
0.08424200536683202
0.08459479222074151
0.08558472990989685
0.08644447894766927
0.086538540199399
0.08480572374537587
0.08544328575953841
0.08526862319558859
0.08468311931937933
0.0844575958326459
0.08402057411149144
0.08458002470433712
0.08455904899165034
0.08495354605838656
0.08568932488560677
0.08449079468846321
0.08387243188917637
0.08443106478080153
0.08474546484649181
0.08491815160959959
0.08490307023748755
0.08475226303562522
0.08441481878980994
0.08594828518107533
0.08603821927681565
0.0852859360165894
0.08544980501756072
0.0853291917592287
0.08546161092817783
0.08501024730503559
0.0850816247984767
0.08471251931041479
0.08435472892597318
0.083984041120857
0.08479548199102283
0.08482319675385952
0.08485488686710596
0.08480503875762224
0.08464280515909195
0.0848301169462502
0.08483535097911954
0.08486117841675878
0.0845484770834446
0.08465524902567267
0.08459732867777348
0.08478418411687016
0.08415693184360862
0.08429907541722059
0.0847011860460043
0.08496474009007215
0.08422149997204542
0.08433860074728727
0.08401211770251393
0.08709808578714728
0.08695837436243892
0.08649954805150628
0.08551304787397385
0.08604371501132846
0.08540979074314237
0.08510392904281616
0.08431249810382724
0.08416193537414074
0.08442783309146762
0.08485923614352942
0.08463329216465354
0.08552676718682051
0.08527632197365165
0.0848378399387002
0.08582126395776868
0.08627205481752753
0.08442563004791737
0.08409088803455234
0.08631814923137426
0.08741973899304867
0.086498755030334
0.0848524197936058
0.08482108497992158
0.08466156292706728
0.08465452399104834
0.08500994089990854
0.08497923472896218
0.08430824289098382
0.08414774294942617
0.08450981695204973
0.08517694100737572
0.08696231571957469
0.08643886586651206
0.08463338809087873
0.08494769921526313
0.08503792295232415
0.08523761807009578
0.08515614410862327
0.0851666759699583
0.0851886230520904
0.08500239998102188
0.08508361876010895
0.08565387921407819
0.08474676171317697
0.08421244798228145
0.08457627100870013
0.08465442573651671
0.0849926145747304
0.08521595504134893
0.08479754906147718
0.08547373814508319
0.08540140092372894
0.08528286591172218
0.08529631700366735
0.08530229469761252
0.08576015522703528
0.08551501762121916
0.08519137604162097
0.08538890164345503
0.0845731720328331
0.08420264720916748
0.08466058690100908
0.08512477017939091
0.08588515501469374
0.08618755405768752
0.08521636761724949
0.08581228600814939
0.08684120513498783
0.0866300631314516
0.08455135487020016
0.08478252962231636
0.08474082686007023
0.08504447527229786
0.08468813914805651
0.08443518169224262
0.08431652374565601
0.08493255265057087
0.08468533726409078
0.0855118059553206
0.08653263887390494
0.08735731709748507
0.08579064579680562
0.08592380117624998
0.08463560277596116
0.08460057387128472
0.08445764100179076
0.08488659281283617
0.08474142476916313
0.08607879374176264
0.08658983232453465
0.08555316692218184
0.08464501798152924
0.08485382003709674
0.08503556810319424
0.08437635889276862
0.08406102797016501
0.08373417006805539
0.08423178689554334
0.08429132867604494
0.08472375385463238
0.08552007703110576
0.08545297710224986
0.08510873233899474
0.08574325172230601
0.08558183489367366
0.08491918398067355
0.08450726699084044
0.08363019535318017
0.08343093702569604
0.08721902314573526
0.08669782616198063
0.08536242460832
0.08501392230391502
0.08543395530432463
0.08694978710263968
0.08711113734170794
0.08878453401848674
0.08738773176446557
0.08951988769695163
0.08459697617217898
0.08807077538222075
0.08830883726477623
0.08458453603088856
0.08461080025881529
0.08499075006693602
0.08577992115169764
0.08622375782579184
0.085295420140028
0.08516868902370334
0.08543407218530774
0.08601484913378954
0.08591912500560284
0.08630056912079453
0.08705991925671697
0.08729564119130373
0.08740743109956384
0.08498462196439505
0.08387395413592458
0.08416902692988515
0.08420012192800641
0.08458886621519923
0.08478853804990649
0.08456465182825923
0.08418952766805887
0.08398316288366914
0.08522895583882928
0.0862899161875248
0.08590733492746949
0.08413701318204403
0.08384281722828746
0.08639774471521378
0.08685214398428798
0.08616795437410474
0.08393695065751672
0.08453995501622558
0.08403285359963775
0.08416477730497718
0.08463392779231071
0.08463034080341458
0.08436366403475404
0.08406270295381546
0.08360340632498264
0.0844900319352746
0.08618273492902517
0.08583409991115332
0.08427029196172953
0.08423108700662851
0.08398165088146925
0.08428955543786287
0.08434918988496065
0.08485803892835975
0.08452457981184125
0.0842452491633594
0.08459402294829488
0.08484789123758674
0.08670884696766734
0.08624601224437356
0.0845739720389247
0.08469801675528288
0.08437031507492065
0.0843022377230227
0.08502594707533717
0.08468462899327278
0.08455884084105492
0.08386260690167546
0.08439185796305537
0.08461669785901904
0.08461314020678401
0.0846375310793519
0.08527578506618738
0.08535537077113986
0.08473289106041193
0.08626514300704002
0.08597520599141717
0.08444832777604461
0.08420473709702492
0.08441265393048525
0.08420462673529983
0.08424528082832694
0.08483497286215425
0.08466748101636767
0.08441098826006055
0.08410763274878263
0.08458587201312184
0.08642869303002954
0.08611143194139004
0.08428343618288636
0.08398278104141355
0.08421715162694454
0.08458770997822285
0.08521417062729597
0.08449598215520382
0.0843310160562396
0.08400538330897689
0.08427719119936228
0.08460174594074488
0.08657743409276009
0.08619255712255836
0.08533401088789105
0.08495818031951785
0.08451410476118326
0.08464998286217451
0.08441903907805681
0.0846600797958672
0.08377959718927741
0.0840524798259139
0.08370385086163878
0.08415753627195954
0.08437583316117525
0.0842572576366365
0.08552189916372299
0.08509925799444318
0.08487928099930286
0.08582308981567621
0.08571235602721572
0.08416739897802472
0.08342362195253372
0.08316856389865279
0.0835729343816638
0.08375613205134869
0.08402671106159687
0.08423145581036806
0.0840801578015089
0.08415783103555441
0.08395326184108853
0.08471669303253293
0.08444100338965654
0.08389132563024759
0.08404148276895285
0.08422482898458838
0.08412679983302951
0.08378459000959992
0.08361217984929681
0.08357995003461838
0.084134123288095
0.08599120425060391
0.0857335152104497
0.08435886073857546
0.08369862381368876
0.08341770991683006
0.08376576285809278
0.08412227500230074
0.0841804170049727
0.08419807208701968
0.08518351800739765
0.08457507099956274
0.08443008502945304
0.08531961683183908
0.08566980808973312
0.08387336181476712
0.08408094430342317
0.08385160472244024
0.08351898798719049
0.08391088573262095
0.0841463296674192
0.08379614586010575
0.08438730798661709
0.08451126422733068
0.08454311965033412
0.08431030809879303
0.08423153311014175
0.08382350113242865
0.08376452513039112
0.08387424610555172
0.08433729270473123
0.08386650588363409
0.08389066299423575
0.08360660821199417
0.08412053482607007
0.08559604082256556
0.08567459182813764
0.08436002908274531
0.08431291813030839
0.08384830458089709
0.08409038605168462
0.08374168025329709
0.08399838302284479
0.08416156191378832
0.08597562415525317
0.0854933513328433
0.08482372900471091
0.08500121394172311
0.08538736123591661
0.08398756105452776
0.08397641032934189
0.08356624515727162
0.08327869279310107
0.08310875995084643
0.08347037900239229
0.08346635708585382
0.08404472097754478
0.08413637010380626
0.08406839473173022
0.08360022911801934
0.08367219008505344
0.08332949923351407
0.08354663802310824
0.08350029913708568
0.08333463314920664
0.0837086969986558
0.08488620212301612
0.08567455923184752
0.08482498489320278
0.08449653256684542
0.08483122289180756
0.08424321003258228
0.08397851418703794
0.08376790443435311
0.08346476498991251
0.08345084870234132
0.08355033583939075
0.08366359304636717
0.08386228093877435
0.08435594430193305
0.08398355590179563
0.0841090613976121
0.08342131599783897
0.08324137283489108
0.08348352229222655
0.08420475199818611
0.08574491087347269
0.08564826007932425
0.08395470632240176
0.08357317373156548
0.08355300407856703
0.08466564072296023
0.08463468169793487
0.08424689201638103
0.08408892061561346
0.08459426276385784
0.08419793797656894
0.08355890866369009
0.08400693815201521
0.0841827723197639
0.08493899321183562
0.08580863708630204
0.08679659990593791
0.0853045410476625
0.08495743107050657
0.08478207420557737
0.08429211378097534
0.08442898886278272
0.08401234215125442
0.08393351314589381
0.0838973424397409
0.08392577385529876
0.08426391799002886
0.08436504565179348
0.0843998659402132
0.08483463479205966
0.0844674352556467
0.08427300723269582
0.08435592893511057
0.08608446223661304
0.08678247407078743
0.08656450686976314
0.08428077399730682
0.08437692373991013
0.08472686121240258
0.08460638392716646
0.08359388401731849
0.08392976596951485
0.08411882910877466
0.08538106270134449
0.08568705804646015
0.08563331421464682
0.08450218383222818
0.08440589159727097
0.08446372020989656
0.08422654075548053
0.08445053035393357
0.08429975807666779
0.08373462408781052
0.08350092265754938
0.08386754197999835
0.08429573429748416
0.08411343907937407
0.08457589522004128
0.0846638479270041
0.0836737067438662
0.08355666883289814
0.08345762267708778
0.08468198589980602
0.08607312105596066
0.08594378503039479
0.08386913780122995
0.08355585392564535
0.0874258209951222
0.08616751432418823
0.085695612244308
0.08406282402575016
0.08405029121786356
0.08422356192022562
0.08365152729675174
0.08417802304029465
0.08394616190344095
0.08388401102274656
0.08470791485160589
0.08473201002925634
0.0846739411354065
0.08573904912918806
0.08581374678760767
0.08489567274227738
0.08409931883215904
0.0835380619391799
0.08383493777364492
0.08452565083280206
0.08422614494338632
0.08453131793066859
0.08589079789817333
0.08508055470883846
0.08490150095894933
0.08559851301833987
0.08623263891786337
0.08467482263222337
0.08360212575644255
0.0860161748714745
0.08701825607568026
0.08597508911043406
0.08400649717077613
0.08401375124230981
0.0854114880785346
0.08388188388198614
0.08464320190250874
0.08420338481664658
0.08407916594296694
0.0843915338627994
0.08408021228387952
0.08433927968144417
0.08578562876209617
0.08602199610322714
0.08387740468606353
0.08421751391142607
0.08409409085288644
0.0840051700361073
0.08390476973727345
0.08401080220937729
0.08449002308771014
0.08540235692635179
0.08469208516180515
0.08487942814826965
0.08588582510128617
0.08558517787605524
0.08431561524048448
0.08397035393863916
0.08372018905356526
0.08398246206343174
0.08338704891502857
0.08406008640304208
0.0838599712587893
0.08415996422991157
0.08406537305563688
0.08387800306081772
0.08429642394185066
0.08393100090324879
0.08334493823349476
0.08385961269959807
0.08391526294872165
0.08437844505533576
0.08399892598390579
0.0847436087206006
0.08441599598154426
0.08390768384560943
0.08511491492390633
0.08548366231843829
0.08419878594577312
0.08389968378469348
0.08372152131050825
0.0836842330172658
0.08361267717555165
0.08385626785457134
0.08443732280284166
0.08589405892416835
0.08605157071724534
0.08599353628233075
0.0850860490463674
0.08542119897902012
0.08404827630147338
0.08411549590528011
0.08377315104007721
0.08468910027295351
0.08371395897120237
0.08388919197022915
0.08388711791485548
0.08472933014854789
0.0845112120732665
0.08473527897149324
0.08457762096077204
0.08461677096784115
0.08430018462240696
0.08440859708935022
0.08473632391542196
0.08426683163270354
0.08386924723163247
0.08354837680235505
0.0839434270747006
0.08489699009805918
0.08634991338476539
0.08549120323732495
0.08388212416321039
0.08410866977646947
0.0841514989733696
0.08453525602817535
0.08416441595181823
0.08420648984611034
0.08402898907661438
0.08380221575498581
0.08353382395580411
0.08459249092265964
0.08616738300770521
0.08579443022608757
0.08395144529640675
0.08500785008072853
0.08348819985985756
0.08432245021685958
0.084350042976439
0.08440413977950811
0.08455406362190843
0.08393565379083157
0.08373601315543056
0.08452166290953755
0.08605743013322353
0.08592876978218555
0.08686444396153092
0.08645546389743686
0.0850754207931459
0.0845216210000217
0.08485639514401555
0.08495813608169556
0.08446928998455405
0.08405176689848304
0.08485413389280438
0.08445615693926811
0.08467712113633752
0.08448188193142414
0.0846047387458384
0.08471601596102118
0.08480276959016919
0.08663278305903077
0.08602297911420465
0.08434201218187809
0.08492838079109788
0.08431247295811772
0.08410738594830036
0.0848661120980978
0.0850618202239275
0.0851907548494637
0.08412195462733507
0.08477735007181764
0.08573349984362721
0.0861490429379046
0.08619443001225591
0.08417077967897058
0.08473156299442053
0.08489544782787561
0.08492734981700778
0.08476812718436122
0.08460217993706465
0.0841445829719305
0.08678299281746149
0.08677173499017954
0.08636625204235315
0.08525691227987409
0.0852134502492845
0.08503844309598207
0.0849942909553647
0.0848344680853188
0.08481182483956218
0.08470839587971568
0.08477123500779271
0.08469481114298105
0.08587474701926112
0.08618884766474366
0.0856789737008512
0.08558802492916584
0.08682470303028822
0.08459714101627469
0.08456464624032378
0.08467288594692945
0.08534111315384507
0.08600697806105018
0.08492739917710423
0.0845279498025775
0.08460637927055359
0.08471699198707938
0.08452037069946527
0.08480048226192594
0.08478695480152965
0.08473546290770173
0.08475115615874529
0.08538633398711681
0.08678002934902906
0.08687557512894273
0.08511613681912422
0.0846927179954946
0.0851361476816237
0.08530229283496737
0.08521256083622575
0.08451272873207927
0.08449194533750415
0.08487385744228959
0.08494651969522238
0.08559855399653316
0.08654276980087161
0.08704064693301916
0.08534712996333838
0.08571168687194586
0.08472097292542458
0.08446473721414804
0.08433538908138871
0.08570232288911939
0.08558365004137158
0.0850925357080996
0.08458966994658113
0.08436973067000508
0.08537087496370077
0.0853048199787736
0.08496592007577419
0.08467570412904024
0.08442424610257149
0.08361472235992551
0.08410884812474251
0.0845654308795929
0.08466108795255423
0.08605099190026522
0.08584509184584022
0.08538503758609295
0.08627772703766823
0.08635228173807263
0.08453762484714389
0.0840778648853302
0.08444545371457934
0.08462325017899275
0.08481739833950996
0.0849543041549623
0.08554152492433786
0.08410320710390806
0.08433241304010153
0.0852265851572156
0.08640903187915683
0.08643098315224051
0.0845653573051095
0.08422134630382061
0.08434152929112315
0.08515579393133521
0.08482868690043688
0.08476882800459862
0.08472994808107615
0.08469533687457442
0.08494364889338613
0.08501298213377595
0.08507899520918727
0.084624825976789
0.08427442703396082
0.08469156362116337
0.08506051823496819
0.08670082315802574
0.08693390106782317
0.08450170373544097
0.08544417191296816
0.08493198594078422
0.08517615497112274
0.08520165923982859
0.08519412903115153
0.08553361799567938
0.08489964809268713
0.08525599865242839
0.0845373971387744
0.08428047085180879
0.08461018884554505
0.0847232872620225
0.08495304081588984
0.08505441108718514
0.08473185217007995
0.08439781796187162
0.08493902673944831
0.08480868209153414
0.08618720015510917
0.08640403812751174
0.0865656971000135
0.08586004702374339
0.08657154301181436
0.08471629722043872
0.08438477199524641
0.08431687485426664
0.08442425727844238
0.08463418204337358
0.08493443485349417
0.0847709896042943
0.08474640222266316
0.08433120092377067
0.08531535975635052
0.0866035190410912
0.08613647427409887
0.08433637209236622
0.08393853483721614
0.08461532602086663
0.08561155712231994
0.08482641400769353
0.08451923402026296
0.08439471712335944
0.08418170362710953
0.0845184437930584
0.08516350900754333
0.08675889112055302
0.08644515508785844
0.08501538587734103
0.08540028892457485
0.08494699187576771
0.08487729635089636
0.08450241712853312
0.08415792789310217
0.08460649102926254
0.08694529999047518
0.08628630824387074
0.0865090792067349
0.08454691106453538
0.08620837377384305
0.08483082195743918
0.08446239773184061
0.08452773373574018
0.08415763406082988
0.08444524137303233
0.08486546808853745
0.08472266374155879
0.08498720312491059
0.08402315014973283
0.08404674101620913
0.08503181766718626
0.08544303523376584
0.08465970400720835
0.08464703522622585
0.08589151874184608
0.08747543999925256
0.0870446371845901
0.08640251634642482
0.08659881260246038
0.08450899599120021
0.08436116902157664
0.08404510794207454
0.08500336669385433
0.08399441000074148
0.08378832787275314
0.08357376884669065
0.08514940924942493
0.08602250972762704
0.08614528691396117
0.08370039192959666
0.08411894226446748
0.08394374931231141
0.08395456476137042
0.08443602034822106
0.08463481487706304
0.08419208088889718
0.08403464080765843
0.08363021770492196
0.0842857020907104
0.08583111688494682
0.08595690177753568
0.08418015297502279
0.0841516200453043
0.0835754438303411
0.08413235004991293
0.08444225881248713
0.08504082076251507
0.08456959901377559
0.0842923428863287
0.08370896521955729
0.08344859909266233
0.08425105409696698
0.083912902045995
0.08505798783153296
0.0855800611898303
0.0855443337932229
0.08465051604434848
0.08440866973251104
0.08425497775897384
0.08426996786147356
0.08475194405764341
0.08445310313254595
0.08373233675956726
0.08369164494797587
0.08428877126425505
0.08435783674940467
0.0846730237826705
0.08449065312743187
0.08415864314883947
0.08375445334240794
0.08388052321970463
0.08395598828792572
0.08468740014359355
0.08604147378355265
0.08598643308505416
0.08421579096466303
0.08366334391757846
0.08381224889308214
0.0845925910398364
0.08631794713437557
0.085898675955832
0.08626431738957763
0.08565414510667324
0.08592425426468253
0.0855738278478384
0.08613995928317308
0.0877260509878397
0.08960117073729634
0.08741589868441224
0.08626442775130272
0.08577907411381602
0.08564430428668857
0.08595640026032925
0.08488789107650518
0.08554611820727587
0.08562657423317432
0.08580936305224895
0.08659209497272968
0.08493764512240887
0.08678889973089099
0.08567861095070839
0.08568058582022786
0.08482739329338074
0.08558473782613873
0.08641168288886547
0.08684006985276937
0.08465380314737558
0.08361499570310116
0.08425049483776093
0.08401866303756833
0.08440924994647503
0.08423753781244159
0.08482055831700563
0.08430888410657644
0.08405802072957158
0.08364580292254686
0.0843537631444633
0.0842984882183373
0.08542609494179487
0.08613497298210859
0.08613750664517283
0.08527426701039076
0.08530220901593566
0.08459638990461826
0.08412061538547277
0.08424323704093695
0.08387717697769403
0.08439153665676713
0.08412132365629077
0.08480978570878506
0.0857868785969913
0.08600849797949195
0.08560317382216454
0.08525698119774461
0.0859531038440764
0.0848212018609047
0.08376827975735068
0.08386689610779285
0.08376873098313808
0.08394753513857722
0.08405037503689528
0.08456728095188737
0.0845598210580647
0.08464038977399468
0.08434089692309499
0.08493368932977319
0.08507003216072917
0.08425651909783483
0.08508541295304894
0.08450787467882037
0.08472382696345448
0.08488997584208846
0.08446810860186815
0.084427734836936
0.08488174574449658
0.08488612622022629
0.0839262967929244
0.08414003299549222
0.08442760584875941
0.08456908632069826
0.08482885919511318
0.08487466303631663
0.08410575008019805
0.08415304496884346
0.08479095809161663
0.08439996279776096
0.08524916041642427
0.08593212114647031
0.08683336107060313
0.08455354580655694
0.0854041026905179
0.08448221534490585
0.08441609377041459
0.08431628113612533
0.08480991842225194
0.08472976787015796
0.08439373597502708
0.08409931790083647
0.08541329018771648
0.08707353286445141
0.08739569876343012
0.0844239229336381
0.0843011038377881
0.0841628136113286
0.08386811427772045
0.0834818803705275
0.08429157081991434
0.08437687018886209
0.08480273513123393
0.08651215629652143
0.0859030606225133
0.08472379017621279
0.08492234814912081
0.08437120029702783
0.08432644791901112
0.0842865495942533
0.08461374137550592
0.08400419307872653
0.08381382189691067
0.08471915079280734
0.08485967107117176
0.08489027805626392
0.0845982888713479
0.08413494704291224
0.08466864703223109
0.08501719729974866
0.0849617961794138
0.08569033490493894
0.08678660308942199
0.08710517920553684
0.08534944616258144
0.08577256603166461
0.08462687628343701
0.08470322610810399
0.08446639776229858
0.08571667270734906
0.0858113206923008
0.08495811698958278
0.08514314377680421
0.084767728112638
0.08564193872734904
0.08512079110369086
0.08519596699625254
0.08515247562900186
0.08482511714100838
0.0843784511089325
0.08464129595085979
0.08462055493146181
0.08427494112402201
0.08575054910033941
0.0851298626512289
0.08496178593486547
0.08558827824890614
0.08609672402963042
0.08481539599597454
0.08442201558500528
0.08407203294336796
0.08481838181614876
0.08523270301520824
0.08536069933325052
0.08442187821492553
0.08445408195257187
0.08458725223317742
0.08544610301032662
0.0867883781902492
0.0864561889320612
0.08449319377541542
0.08456550491973758
0.08512320881709456
0.08496753685176373
0.08471662970259786
0.0847913371399045
0.08433643262833357
0.08450650796294212
0.08465468045324087
0.0849687741138041
0.08488537603989244
0.08485767943784595
0.08440116886049509
0.0843833452090621
0.08567087212577462
0.08680604537948966
0.0866994890384376
0.08503982983529568
0.0850949757732451
0.08507261192426085
0.08504682593047619
0.08527953969314694
0.08478186372667551
0.08523077284917235
0.08508626790717244
0.0847352878190577
0.08594231400638819
0.08711464796215296
0.08728330302983522
0.08418739773333073
0.08472682582214475
0.08461990067735314
0.08422143897041678
0.0854897447861731
0.08620558120310307
0.08687331201508641
0.08467363705858588
0.08423071727156639
0.08444796409457922
0.08499811124056578
0.08502679830417037
0.08509885286912322
0.08454217296093702
0.08462734194472432
0.0847036587074399
0.0846127518452704
0.08511948585510254
0.08510043192654848
0.08522095903754234
0.08499425696209073
0.08529645064845681
0.08690046425908804
0.08707748027518392
0.08477970771491528
0.08440421568229795
0.08461179584264755
0.08466554805636406
0.08507228828966618
0.08492922224104404
0.08455023914575577
0.08420480601489544
0.08465508604422212
0.08551989495754242
0.0865881429053843
0.08684633113443851
0.08490815805271268
0.08493302064016461
0.08495462406426668
0.08496215380728245
0.08506893599405885
0.08519650530070066
0.0853507169522345
0.08528033597394824
0.08517856895923615
0.08572380105033517
0.08557131886482239
0.08512834832072258
0.08505167393013835
0.08506509475409985
0.0847160741686821
0.0842529721558094
0.08453534077852964
0.08470528293401003
0.08497014408931136
0.08641007402911782
0.08691451512277126
0.08586320281028748
0.08639483200386167
0.08642445039004087
0.08452154835686088
0.0842743357643485
0.0844901017844677
0.08471912099048495
0.08500826125964522
0.08499236823990941
0.08453720016404986
0.0845347810536623
0.08454718673601747
0.08554899506270885
0.08658561203628778
0.08667601458728313
0.08434242894873023
0.08508116798475385
0.08484722999855876
0.08475651917979121
0.08491807896643877
0.08437153464183211
0.08402015594765544
0.08698819112032652
0.08697434002533555
0.08661065297201276
0.08485439699143171
0.08516502287238836
0.08481648610904813
0.0849598809145391
0.08460670383647084
0.08447507815435529
0.08437335817143321
0.08474865881726146
0.08509246585890651
0.08498116908594966
0.08457846194505692
0.08514395076781511
0.08561850618571043
0.084475452080369
0.08361121686175466
0.0839326442219317
0.08509118901565671
0.08614731999114156
0.08591063134372234
0.0841915737837553
0.08430158719420433
0.08365580206736922
0.08355506369844079
0.08285852801054716
0.08268347615376115
0.08278987323865294
0.08553668903186917
0.08605590229853988
0.08500463329255581
0.08311292575672269
0.0827265358529985
0.08329668175429106
0.08300933660939336
0.0838082549162209
0.08522202586755157
0.08521852502599359
0.08344703307375312
0.08341788593679667
0.0833976250141859
0.08289047097787261
0.0830137631855905
0.08313235826790333
0.0835402156226337
0.08356632897630334
0.08366660820320249
0.08342523593455553
0.08348614489659667
0.08363184193149209
0.0834893649443984
0.08315633796155453
0.08350067725405097
0.08538641780614853
0.08512829709798098
0.08353172335773706
0.08401673287153244
0.08365596504881978
0.08412906294688582
0.08342583617195487
0.08346759807318449
0.08389698900282383
0.08360539982095361
0.08334111608564854
0.08411168539896607
0.08338757557794452
0.08323527919128537
0.08308230293914676
0.08339966461062431
0.08332467591390014
0.0833456926047802
0.08368924213573337
0.08495396887883544
0.0850714361295104
0.08527320204302669
0.08449059212580323
0.0848079090937972
0.08358077378943563
0.0839562127366662
0.08473542099818587
0.08619191916659474
0.08535806788131595
0.08472400484606624
0.08442396996542811
0.08367098402231932
0.08337168395519257
0.0829858691431582
0.08278812794014812
0.08276696829125285
0.0830744612030685
0.08299802942201495
0.08298133965581656
0.08319137385115027
0.08338145539164543
0.0857119238935411
0.08521729707717896
0.08470578165724874
0.08398125600069761
0.08405640441924334
0.0833227219991386
0.08326664008200169
0.08343311585485935
0.0838632620871067
0.08317891089245677
0.08276544883847237
0.08297130232676864
0.08526914985850453
0.08599273208528757
0.08556220214813948
0.0841652350500226
0.08381044724956155
0.08329416997730732
0.08288309723138809
0.0834660311229527
0.08529646787792444
0.08477528393268585
0.08344775903970003
0.08340218383818865
0.08324063895270228
0.08374510938301682
0.08366970019415021
0.08320694603025913
0.0834916140884161
0.08335754880681634
0.08323424635455012
0.08353928802534938
0.08355333795771003
0.08321805857121944
0.08277206914499402
0.08279994316399097
0.083154640160501
0.08321493398398161
0.0832969699986279
0.08355404902249575
0.08353831758722663
0.08347127214074135
0.08342613419517875
0.08288076473399997
0.08297503320500255
0.08313528262078762
0.08351687714457512
0.08442310290411115
0.08421345986425877
0.08370563993230462
0.08369999472051859
0.08467175299301744
0.0858536809682846
0.08537233015522361
0.08391747577115893
0.08342640241608024
0.08326656185090542
0.08368780696764588
0.08361486112698913
0.08344155456870794
0.08292287308722734
0.08289472572505474
0.08297175960615277
0.08313431171700358
0.08373494585976005
0.0838806671090424
0.0844944310374558
0.08466265397146344
0.08499010372906923
0.08373439218848944
0.08392582321539521
0.0833413521759212
0.08316816994920373
0.08416385296732187
0.08528730226680636
0.08535091672092676
0.08316564233973622
0.08303383179008961
0.08325070515275002
0.08338952204212546
0.08341011125594378
0.08381056506186724
0.08341627940535545
0.0836306638084352
0.08322821604087949
0.0832916903309524
0.08428883412852883
0.08383610937744379
0.08319003507494926
0.08339071506634355
0.08328241389244795
0.08320085611194372
0.08337985211983323
0.08391560195013881
0.08350138505920768
0.08362685423344374
0.08429068326950073
0.0839379383251071
0.08339967392385006
0.08326652785763144
0.08354732301086187
0.0835075918585062
0.08312854683026671
0.08282920392230153
0.08301024790853262
0.08312697289511561
0.08293358562514186
0.08312943205237389
0.0833074008114636
0.08323648385703564
0.08342949999496341
0.08360575418919325
0.08348297094926238
0.08371473476290703
0.08341590082272887
0.08308901358395815
0.08300393400713801
0.08363871090114117
0.08545735524967313
0.08505998505279422
0.0849581123329699
0.08446691278368235
0.08363033318892121
0.08323633577674627
0.08302897401154041
0.0833314023911953
0.08372338907793164
0.0835407841950655
0.0834284839220345
0.08327098842710257
0.0828048437833786
0.08282665768638253
0.0826570731587708
0.08238762430846691
0.08303895406424999
0.083296705968678
0.08349402295425534
0.08377582766115665
0.08334372704848647
0.08345696283504367
0.08303636917844415
0.08286887174472213
0.08294064598158002
0.08254373399540782
0.08336180727928877
0.08502515405416489
0.0847670859657228
0.08307974506169558
0.08349895710125566
0.0844831308349967
0.08642358286306262
0.08546590292826295
0.08314953092485666
0.08328938903287053
0.0835037250071764
0.08343679504469037
0.0829771626740694
0.08279679296538234
0.08285639621317387
0.08283699909225106
0.08299853280186653
0.08323759632185102
0.08321197424083948
0.08339263265952468
0.08429344184696674
0.08468176424503326
0.08483887603506446
0.08370513189584017
0.08357345964759588
0.0831690588966012
0.08310788311064243
0.0838281181640923
0.08545601600781083
0.08492335956543684
0.0830572689883411
0.0829610088840127
0.0827694539912045
0.0832124799489975
0.08297281991690397
0.08308334182947874
0.08314958261325955
0.08325525699183345
0.08344693528488278
0.08283140230923891
0.08292368287220597
0.08255875390022993
0.08256625104695559
0.08271925989538431
0.08304429613053799
0.08291323622688651
0.08296733908355236
0.0838685561902821
0.08438762184232473
0.08446892816573381
0.08370281429961324
0.08303610887378454
0.08276306930929422
0.08303872123360634
0.08385753305628896
0.08553369902074337
0.0849882778711617
0.08374707819893956
0.08309512212872505
0.08289579395204782
0.08284843992441893
0.08294552704319358
0.08289837092161179
0.08278167899698019
0.08298336574807763
0.08302865270525217
0.0829745139926672
0.08359764702618122
0.08328513009473681
0.0831919452175498
0.08287004893645644
0.08291758177801967
0.08284335490316153
0.0830818209797144
0.08520131791010499
0.08581975800916553
0.08500210894271731
0.08362761372700334
0.08385636797174811
0.08288752567023039
0.08290278492495418
0.08353015221655369
0.08538148971274495
0.08461909694597125
0.08306465810164809
0.08303700480610132
0.08274163212627172
0.08216247381642461
0.08276841370388865
0.0829081037081778
0.083000591956079
0.0850127711892128
0.08496315218508244
0.08455822430551052
0.08339823223650455
0.08325780043378472
0.08315879665315151
0.08295655809342861
0.08300692168995738
0.08325527375563979
0.08313627913594246
0.08374891895800829
0.0849671820178628
0.08481371402740479
0.08344812178984284
0.08355742087587714
0.08304853597655892
0.08312266692519188
0.08389459922909737
0.08525680331513286
0.08473290875554085
0.08294115820899606
0.08280554320663214
0.08280972577631474
0.08301915600895882
0.08294013980776072
0.0827013966627419
0.0829345821402967
0.08324421430006623
0.08311991719529033
0.08352957991883159
0.08340023132041097
0.08321978012099862
0.08277679095044732
0.08250563079491258
0.08319119177758694
0.08459079312160611
0.08403608668595552
0.08300165878608823
0.08335026213899255
0.08348694629967213
0.08337525511160493
0.08275368623435497
0.08322176989167929
0.08295111916959286
0.0839030179195106
0.08439695090055466
0.08471961598843336
0.08292910736054182
0.08343945583328605
0.08324221475049853
0.08295686822384596
0.08295048493891954
0.08268881076946855
0.08245173888280988
0.08254395611584187
0.08266349183395505
0.08305668411776423
0.08315506298094988
0.08307863213121891
0.08402271009981632
0.08449434442445636
0.08472838206216693
0.0836324030533433
0.0833012261427939
0.08273382904008031
0.08355536311864853
0.08354715770110488
0.08529090601950884
0.08460916113108397
0.082877310924232
0.08292572712525725
0.08275499800220132
0.0840208949521184
0.08333348901942372
0.08395760506391525
0.08382573863491416
0.08344898605719209
0.08348322007805109
0.0832614041864872
0.08347865892574191
0.08298980817198753
0.08333372185006738
0.08300181291997433
0.08286746311932802
0.08305686572566628
0.0834853402338922
0.08424667874351144
0.08480656007304788
0.08495395537465811
0.08384635811671615
0.08369171805679798
0.08295533573254943
0.08346435008570552
0.08386819204315543
0.08563817897811532
0.08493689680472016
0.08297955524176359
0.08299714513123035
0.08311224821954966
0.08280856860801578
0.08291474916040897
0.08329007169231772
0.08338797790929675
0.08352243900299072
0.08366835583001375
0.0830451869405806
0.08383815782144666
0.08476624405011535
0.08468984300270677
0.08558466006070375
0.08473694464191794
0.0856573861092329
0.08371658995747566
0.0861935131251812
0.08711397787556052
0.08532526763156056
0.08850253326818347
0.08823739318177104
0.0856508668512106
0.08650027681142092
0.08491822285577655
0.08426020387560129
0.08665028680115938
0.08769264398142695
0.08586855884641409
0.0848224121145904
0.08522583916783333
0.08460405096411705
0.08516728738322854
0.0848987651988864
0.08479687990620732
0.08488940168172121
0.08530460111796856
0.08514447370544076
0.08509868616238236
0.08611135696992278
0.08615909982472658
0.08329265099018812
0.08323715208098292
0.08385996427386999
0.08347632084041834
0.08374738786369562
0.083630814217031
0.08305200096219778
0.08252013474702835
0.08284828998148441
0.08331603417173028
0.08331832615658641
0.08354470925405622
0.08450346626341343
0.0848909942433238
0.08535017957910895
0.08378189196810126
0.08357965759932995
0.08372475206851959
0.08310172008350492
0.08412981359288096
0.08610484004020691
0.0855150893330574
0.08312555169686675
0.08365332707762718
0.08345441427081823
0.08355200011283159
0.08394264802336693
0.0836028060875833
0.08370412234216928
0.08359369495883584
0.08293740125373006
0.08264579391106963
0.08298801677301526
0.08284323709085584
0.08576877228915691
0.0863701500929892
0.08447664603590965
0.08395311096683145
0.08344070706516504
0.08274970669299364
0.08291418803855777
0.08346146671101451
0.08506476180627942
0.08526869583874941
0.08331457898020744
0.08320256834849715
0.08304938906803727
0.08299938635900617
0.08220005221664906
0.08321831002831459
0.08309174329042435
0.08342665527015924
0.08380899578332901
0.08303481014445424
0.08332621864974499
0.08380219200626016
0.08393059810623527
0.08357095113024116
0.0835614507086575
0.08471230184659362
0.08462243899703026
0.0835810680873692
0.08346098801121116
0.08466250542551279
0.08541719755157828
0.08532273676246405
0.08304948499426246
0.08333629742264748
0.08293040515854955
0.0834605609998107
0.08334260014817119
0.08392411982640624
0.08291411632671952
0.08346273470669985
0.08291813684627414
0.08304887171834707
0.08360899006947875
0.08339709416031837
0.08452747715637088
0.08563520200550556
0.08520156191661954
0.08417190611362457
0.08382517006248236
0.08335760189220309
0.08276863675564528
0.08426605211570859
0.08499606605619192
0.08455921104177833
0.08267279388383031
0.08281796332448721
0.08280643494799733
0.08297013770788908
0.08280795905739069
0.08293311204761267
0.08319627493619919
0.08369555976241827
0.08268732018768787
0.08366825990378857
0.08392006019130349
0.08355055376887321
0.08264778880402446
0.08276903117075562
0.08282091608271003
0.08327407902106643
0.08330335095524788
0.08452405827119946
0.08593322662636638
0.084766517393291
0.08369786664843559
0.08345508761703968
0.08253115601837635
0.08297260710969567
0.08401971636340022
0.08569329604506493
0.08491108100861311
0.08321416238322854
0.08316907472908497
0.08260932704433799
0.08322363626211882
0.08289922401309013
0.08284643571823835
0.08249636273831129
0.08317509992048144
0.08288785582408309
0.0834386027418077
0.08378278091549873
0.08338413015007973
0.08275428880006075
0.08249169820919633
0.08370855217799544
0.08480829186737537
0.08460285514593124
0.08337314892560244
0.0831189276650548
0.08409016439691186
0.08347065793350339
0.08292099181562662
0.08276979112997651
0.08283277088776231
0.08372669899836183
0.08530686097219586
0.08500175969675183
0.08335154503583908
0.08277513738721609
0.08319949265569448
0.08309012604877353
0.08254382712766528
0.08300912892445922
0.08276273123919964
0.08309107227250934
0.08326155925169587
0.0831298572011292
0.08298268914222717
0.08319928823038936
0.08479841984808445
0.08379008993506432
0.083916783798486
0.08429346093907952
0.08397172763943672
0.08325907588005066
0.08341509709134698
0.08443485200405121
0.08520722296088934
0.08519517444074154
0.08331713918596506
0.08345581172034144
0.08333319704979658
0.08359744492918253
0.08378094714134932
0.08411877928301692
0.08317707711830735
0.08278259309008718
0.08280776720494032
0.08242355519905686
0.0829429249279201
0.08328821510076523
0.08320356020703912
0.08325114892795682
0.0834731599316001
0.08383352309465408
0.0838010199368
0.08314102096483111
0.08324247319251299
0.08359592314809561
0.0844665952026844
0.0843194779008627
0.08320027403533459
0.08325246581807733
0.08433161489665508
0.08568507106974721
0.08590588299557567
0.08379823993891478
0.0841529262252152
0.08339950209483504
0.08323171129450202
0.08312654495239258
0.08301415201276541
0.08310719905421138
0.08313701394945383
0.08298984309658408
0.08301087841391563
0.08335979375988245
0.08321489719673991
0.08379756798967719
0.08500754181295633
0.08514971332624555
0.08347694296389818
0.08315999200567603
0.08267033379524946
0.08334303693845868
0.08326641097664833
0.08504681196063757
0.08467128500342369
0.08328755013644695
0.08323308592662215
0.08290139306336641
0.08311860263347626
0.08264825819060206
0.08255141507834196
0.08293201914057136
0.08324828185141087
0.08299573184922338
0.0833738842047751
0.08336622640490532
0.08342950278893113
0.08336530579254031
0.08337877970188856
0.08319412870332599
0.08384145190939307
0.0844517326913774
0.08323317812755704
0.08332961704581976
0.08312427066266537
0.0830663489177823
0.08342625200748444
0.08359657227993011
0.08373007318004966
0.08347168797627091
0.08393950620666146
0.08380521601065993
0.08330080797895789
0.08310204884037375
0.08317678514868021
0.0829102797433734
0.08359309285879135
0.083104208111763
0.08288482390344143
0.0826509827747941
0.08268439909443259
0.08253820287063718
0.08256993908435106
0.08264479087665677
0.08274066029116511
0.08297774288803339
0.08319741301238537
0.08358692983165383
0.08309009578078985
0.08397816494107246
0.0835614618845284
0.08349768025800586
0.08372949296608567
0.08471732307225466
0.08313342137262225
0.08310043485835195
0.08270134404301643
0.08333649067208171
0.08329266821965575
0.08298694482073188
0.08330228412523866
0.08334653778001666
0.08382389275357127
0.08433200186118484
0.08352475892752409
0.08310597902163863
0.08289420185610652
0.08293057885020971
0.08316378062590957
0.08317609084770083
0.08283366775140166
0.08268787199631333
0.08277296973392367
0.08312567695975304
0.08312761504203081
0.08280957816168666
0.08290958078578115
0.08315388904884458
0.0832143840380013
0.08347979979589581
0.08310867007821798
0.0828685169108212
0.0827545840293169
0.08317848900333047
0.08467487432062626
0.08408190170302987
0.08287066174671054
0.08274047914892435
0.08406481379643083
0.08528635371476412
0.08569009508937597
0.08317144494503736
0.08351273695006967
0.08282408211380243
0.0835348628461361
0.0834778961725533
0.08326434157788754
0.0833789729513228
0.08297142898663878
0.08285949332639575
0.08284757100045681
0.08285292517393827
0.0831468878313899
0.08352562878280878
0.08305933931842446
0.08319924911484122
0.08348475396633148
0.08312618872150779
0.08430342096835375
0.08386092074215412
0.08346043014898896
0.08427694207057357
0.08421781659126282
0.08367816172540188
0.08358151372522116
0.0843794159591198
0.08570301765576005
0.08544198283925653
0.08291811496019363
0.08315940201282501
0.08431268902495503
0.08399310661479831
0.08331466093659401
0.08310685493052006
0.08307600673288107
0.08276782929897308
0.0824427492916584
0.08280604472383857
0.08305327873677015
0.08274088008329272
0.08418231597170234
0.08470302168279886
0.08461528783664107
0.08365073101595044
0.08329029427841306
0.08249173685908318
0.08296817680820823
0.08354478096589446
0.0853868774138391
0.08479119092226028
0.08336494630202651
0.08329997397959232
0.08305337186902761
0.08277596672996879
0.08257489185780287
0.08292372897267342
0.0831282208673656
0.08258959790691733
0.08299294207245111
0.08327307784929872
0.08336629485711455
0.08337560901418328
0.08345899172127247
0.08307354897260666
0.08283565007150173
0.082922815810889
0.08275160193443298
0.08512119809165597
0.08577062096446753
0.08550728298723698
0.08473298978060484
0.08569091511890292
0.0831244420260191
0.08361232373863459
0.0839133020490408
0.08557369420304894
0.084856191650033
0.08327087573707104
0.0831715501844883
0.08316500624641776
0.08292634226381779
0.08331367513164878
0.08347249822691083
0.08330045128241181
0.08310636971145868
0.08332341397181153
0.08299052342772484
0.08379677077755332
0.08362091006711125
0.08293987484648824
0.0828023673966527
0.08298949990421534
0.0831999029032886
0.08341957908123732
0.08474814658984542
0.08477168017998338
0.08395714405924082
0.08356216223910451
0.08428377471864223
0.0832244879566133
0.08315067319199443
0.08325719693675637
0.08363426802679896
0.08327602501958609
0.08309092232957482
0.0825528260320425
0.08285306906327605
0.08283860888332129
0.08301982330158353
0.08328338619321585
0.08314115786924958
0.08307577483355999
0.08297429699450731
0.08364020893350244
0.08346440503373742
0.08289350103586912
0.08276825910434127
0.0827663317322731
0.08310900023207068
0.08420907892286777
0.08420497179031372
0.08293640054762363
0.08336422173306346
0.08293109992519021
0.0833204248920083
0.08324091322720051
0.08322574384510517
0.08356809476390481
0.08343103807419538
0.08438762277364731
0.08420450519770384
0.08302988298237324
0.0831586099229753
0.08309228299185634
0.08320205099880695
0.08323148218914866
0.08309783227741718
0.08272266713902354
0.08284284314140677
0.08279970102012157
0.08281716471537948
0.08289670990779996
0.08288541622459888
0.08308984292671084
0.08348648995161057
0.08336018212139606
0.08366169407963753
0.083140613976866
0.0828692140057683
0.08247309410944581
0.0833724969998002
0.08446324989199638
0.08472780184820294
0.08333580614998937
0.08314750622957945
0.08317356370389462
0.08300648676231503
0.08300817804411054
0.08248149696737528
0.08225292526185513
0.08325342694297433
0.08423218596726656
0.08413511235266924
0.08280432876199484
0.08335128892213106
0.08353031799197197
0.0830784011632204
0.08296921476721764
0.0829755230806768
0.08284100610762835
0.08267483068630099
0.08278546202927828
0.08324996801093221
0.0832020090892911
0.08342443406581879
0.08335725218057632
0.08392751263454556
0.0836569219827652
0.08310978813096881
0.08285740809515119
0.08243415877223015
0.08256563497707248
0.0832834173925221
0.08443863596767187
0.08451164327561855
0.08346004039049149
0.08364832634106278
0.08421349711716175
0.08575148601084948
0.08585962792858481
0.08279698016121984
0.08350590523332357
0.08322248421609402
0.08354476699605584
0.08348888019099832
0.08469539228826761
0.08263128576800227
0.0824308660812676
0.08273916086181998
0.08263375982642174
0.0832123076543212
0.08291141735389829
0.08326392713934183
0.08311472181230783
0.08309475472196937
0.08321610325947404
0.08314936608076096
0.08396250708028674
0.08346546022221446
0.0837858309969306
0.08420834271237254
0.08385021379217505
0.08318241126835346
0.08314474998041987
0.08391225384548306
0.0849628890864551
0.0862757540307939
0.08342409133911133
0.08479356113821268
0.08301772410050035
0.0831401040777564
0.083385671954602
0.08350562024861574
0.08330842899158597
0.08279862208291888
0.0825716513209045
0.08259773114696145
0.08255532011389732
0.08299922524020076
0.08517620293423533
0.08549752226099372
0.08489976404234767
0.08397563081234694
0.0834879158064723
0.08295366214588284
0.08308088732883334
0.08366631390526891
0.08525564195588231
0.08463721303269267
0.08322082133963704
0.08299147291108966
0.08285383321344852
0.08283045701682568
0.08276051189750433
0.08267507422715425
0.08290259959176183
0.08314891858026385
0.08329445030540228
0.0833151233382523
0.08314487803727388
0.08402863796800375
0.0833208030089736
0.08358793519437313
0.08282165182754397
0.08285159897059202
0.08351666107773781
0.08544520288705826
0.08510409900918603
0.08463967125862837
0.083828279748559
0.08340633707121015
0.08284388715401292
0.08298158226534724
0.08319281227886677
0.08503139577805996
0.08455143915489316
0.08333165291696787
0.08279157616198063
0.08267192216590047
0.08249912224709988
0.08283156296238303
0.08267327630892396
0.0825796970166266
0.08293817192316055
0.08304698532447219
0.08307322207838297
0.0834227530285716
0.0831404197961092
0.08361639687791467
0.08317271433770657
0.08309016888961196
0.08348879916593432
0.0834578713402152
0.08292265515774488
0.08314063400030136
0.08377984678372741
0.08403827203437686
0.08329610293731093
0.0839310628362
0.08413859503343701
0.08355216588824987
0.08390105701982975
0.08418013015761971
0.08384041581302881
0.08323089126497507
0.08351030526682734
0.08317357813939452
0.08372575370594859
0.08356339065358043
0.08274047216400504
0.08280456578359008
0.08268402004614472
0.08323723683133721
0.08339565293863416
0.083443951793015
0.08338070008903742
0.08359963586553931
0.08414551801979542
0.08350753178820014
0.08299668086692691
0.08281491789966822
0.08300541481003165
0.08361226506531239
0.0851281937211752
0.08508787583559752
0.0835669650696218
0.08377058897167444
0.08486713701859117
0.08596959337592125
0.08612666837871075
0.08503211475908756
0.08458839170634747
0.08348695328459144
0.0828410480171442
0.08301604492589831
0.08306332118809223
0.08332508197054267
0.08504301495850086
0.08526949398219585
0.0848505082540214
0.08425370883196592
0.08355242293328047
0.08353924192488194
0.08344036107882857
0.0838116412051022
0.0856225467287004
0.08527804305776954
0.08319457015022635
0.08310127491131425
0.08325155219063163
0.08365366468206048
0.08352937968447804
0.08355665998533368
0.08392605977132916
0.08454079879447818
0.08310717390850186
0.08332882588729262
0.0839981772005558
0.08396309986710548
0.08352454891428351
0.08373432606458664
0.08387076202780008
0.0841177711263299
0.08324303198605776
0.08333910396322608
0.08310515992343426
0.08388552721589804
0.08486831188201904
0.08461749088019133
0.0834534210152924
0.08344995696097612
0.08340465882793069
0.0831378479488194
0.08285894617438316
0.08282039314508438
0.08315916499122977
0.08329096902161837
0.08339110994711518
0.0835254150442779
0.08371551893651485
0.0842779166996479
0.08442937629297376
0.08423428516834974
0.08402471104636788
0.08459530910477042
0.08498438633978367
0.0832775398157537
0.08380630519241095
0.08487356081604958
0.08607959421351552
0.08569370722398162
0.08467127196490765
0.08435974456369877
0.08378008799627423
0.08316248888149858
0.08313811477273703
0.08330375282093883
0.08329463098198175
0.08570482907816768
0.08618268184363842
0.08722505671903491
0.08669138560071588
0.08716432517394423
0.08621710818260908
0.08397594327107072
0.08581999689340591
0.08514147903770208
0.08572623413056135
0.0865300358273089
0.08653958002105355
0.08452230272814631
0.08727935003116727
0.08816925808787346
0.08749976195394993
0.08718096977099776
0.0867974259890616
0.08733512507751584
0.08537039486691356
0.08550486387684941
0.08520171698182821
0.0856051160953939
0.08584859920665622
0.08568666270002723
0.08479369292035699
0.08485335484147072
0.084604870993644
0.08326377486810088
0.08293937100097537
0.08345519192516804
0.0832722201012075
0.08329260814934969
0.08378201304003596
0.08378342492505908
0.08344779210165143
0.08430326823145151
0.08389543415978551
0.08462341781705618
0.08436282118782401
0.0848419931717217
0.08347615413367748
0.08330839220434427
0.08318991912528872
0.08299908181652427
0.08276108279824257
0.08232211321592331
0.08319160481914878
0.08550996705889702
0.08602578192949295
0.08519583009183407
0.08304657321423292
0.08311423100531101
0.0826222151517868
0.08309289393946528
0.08306822599843144
0.0831423420459032
0.08310609171167016
0.08425669698044658
0.08459107158705592
0.08481142297387123
0.08372529409825802
0.08344530127942562
0.08300002804026008
0.08303633332252502
0.08422050112858415
0.0859102881513536
0.08552539395168424
0.08410723507404327
0.08400418376550078
0.0837111622095108
0.08396150218322873
0.08404121594503522
0.0839788718149066
0.08403904875740409
0.08423257572576404
0.0838790568523109
0.0837449450045824
0.08534274017438293
0.0847666128538549
0.08419993007555604
0.08431286411359906
0.08520032977685332
0.08657610602676868
0.08651411207392812
0.08417220087721944
0.0845429957844317
0.08352272491902113
0.08319501206278801
0.08322815131396055
0.08364602597430348
0.08421184215694666
0.08480665599927306
0.08551982045173645
0.08555272594094276
0.0844650468789041
0.0844665071927011
0.08406066708266735
0.08409377792850137
0.08449800359085202
0.08406395697966218
0.08407207578420639
0.08399772923439741
0.08365330193191767
0.08395029325038195
0.08377094613388181
0.08433732343837619
0.0842262008227408
0.08361840387806296
0.08323880704119802
0.08340174797922373
0.08436439419165254
0.08578331116586924
0.08567540207877755
0.08410145994275808
0.08392351493239403
0.08389987424015999
0.08493603812530637
0.08467577770352364
0.08412010921165347
0.08389848424121737
0.08391626505181193
0.0848351581953466
0.08304896298795938
0.0836317939683795
0.08360036835074425
0.08543712506070733
0.08589942706748843
0.08542688889428973
0.08442648500204086
0.08428366389125586
0.08387910993769765
0.08420787518844008
0.08480632957071066
0.08562320889905095
0.08628556272014976
0.08414778020232916
0.08500383701175451
0.0846155728213489
0.08435431262478232
0.08401475893333554
0.0844902922399342
0.08468785090371966
0.08431448880583048
0.0843384088948369
0.08539362717419863
0.08644322026520967
0.0868718670681119
0.08391081122681499
0.084428068716079
0.08460000203922391
0.0839263629168272
0.08370130322873592
0.0835826899856329
0.0839790808968246
0.08377164090052247
0.08402674598619342
0.0844177701510489
0.08431822108104825
0.08384792506694794
0.08414139412343502
0.08376073325052857
0.08462238032370806
0.08613876299932599
0.08548181317746639
0.08354751113802195
0.08320574602112174
0.08337113121524453
0.08360843593254685
0.08360681310296059
0.08365573780611157
0.08379095373675227
0.08393102698028088
0.08419020334258676
0.08406915003433824
0.08438678598031402
0.08400247991085052
0.08412063028663397
0.08387564215809107
0.08450371585786343
0.08576915878802538
0.08592751482501626
0.08386829495429993
0.08383485116064548
0.08394162589684129
0.0839120508171618
0.08363412832841277
0.08379581524059176
0.08346203714609146
0.08321046316996217
0.08329786267131567
0.08359305886551738
0.08395218010991812
0.08404097007587552
0.085141038056463
0.08516909601166844
0.08553613908588886
0.08451722515746951
0.08468011161312461
0.0837375670671463
0.08363587083294988
0.08506137225776911
0.086493160109967
0.08603948727250099
0.084754329174757
0.08465748792514205
0.08395610610023141
0.083690719678998
0.08417360903695226
0.08469936903566122
0.0846147290430963
0.08411523699760437
0.0840836619026959
0.08418209431692958
0.08408371079713106
0.0838207327760756
0.08390259696170688
0.08352161478251219
0.08371201064437628
0.08413673331961036
0.08418600261211395
0.08429404627531767
0.08390394598245621
0.08368999185040593
0.08395657734945416
0.08368896786123514
0.08378240186721087
0.08406464802101254
0.08532231487333775
0.08548577828332782
0.08476798795163631
0.0846936940215528
0.08472604909911752
0.08395733218640089
0.08408130798488855
0.08398686302825809
0.08362327795475721
0.08306975476443768
0.08380326116457582
0.08390252804383636
0.0838132449425757
0.08418154390528798
0.08390401303768158
0.08408184675499797
0.08360427897423506
0.08321714168414474
0.08327119424939156
0.08389780577272177
0.08578884042799473
0.08535066293552518
0.08511884091421962
0.08562041027471423
0.08586724102497101
0.08346392819657922
0.08358421176671982
0.08378409780561924
0.08384599210694432
0.08365387888625264
0.08341771923005581
0.08321280498057604
0.08324808487668633
0.0834083310328424
0.08354417700320482
0.0848141429014504
0.08417974598705769
0.08404183713719249
0.08383845491334796
0.08334176614880562
0.08328077243641019
0.08414059923961759
0.0854234378784895
0.08573807869106531
0.08420887542888522
0.0836838036775589
0.08416842902079225
0.08304154314100742
0.08381115598604083
0.08373571233823895
0.08356856694445014
0.08425333304330707
0.08398304972797632
0.08411992574110627
0.08392045274376869
0.08387562027201056
0.08365453826263547
0.08370248880237341
0.0838101040571928
0.08418161002919078
0.08452277071774006
0.08485385309904814
0.0843384237959981
0.08476212620735168
0.0858413577079773
0.08619038760662079
0.08448662096634507
0.08373838616535068
0.0835491819307208
0.08383207814767957
0.08417843980714679
0.08406978100538254
0.08408244885504246
0.08490394614636898
0.0847774837166071
0.0842682970687747
0.0848766416311264
0.0848732148297131
0.08392040710896254
0.08410637313500047
0.08389021828770638
0.083635532297194
0.0834646518342197
0.08355327090248466
0.08380773337557912
0.08375700889155269
0.08394597982987761
0.08399553690105677
0.08426750404760242
0.08392939530313015
0.08345285337418318
0.08330957125872374
0.08379419799894094
0.08412709832191467
0.08419339405372739
0.08497022092342377
0.08585386723279953
0.08599606202915311
0.08473186707124114
0.08473910810425878
0.08423363417387009
0.0842932527884841
0.08407250512391329
0.0837653991766274
0.08336369600147009
0.083690888248384
0.08412673696875572
0.08438298292458057
0.08417152520269156
0.08430770505219698
0.08376049716025591
0.08351383730769157
0.08339868113398552
0.08398340223357081
0.08437155373394489
0.08589731715619564
0.08557715406641364
0.08383308397606015
0.08337308699265122
0.08538583107292652
0.08678295509889722
0.08570152102038264
0.08504492742940784
0.08425079472362995
0.08314618514850736
0.0837504300288856
0.08339793980121613
0.08396970899775624
0.08446137700229883
0.08539938600733876
0.08426727214828134
0.08402418484911323
0.08497601980343461
0.08469006977975368
0.08396236738190055
0.08420811500400305
0.08365912782028317
0.08353100391104817
0.08326169662177563
0.08393427729606628
0.08308396069332957
0.08373766113072634
0.08376372000202537
0.08387643983587623
0.08387242816388607
0.08341010799631476
0.082956254016608
0.0831388751976192
0.08358179638162255
0.08512265281751752
0.08536641811951995
0.08427389804273844
0.08389835711568594
0.08504548203200102
0.0862812027335167
0.08788044704124331
0.08520967932417989
0.08513931138440967
0.0836391868069768
0.08381326496601105
0.08351617027074099
0.08398815570399165
0.08410157589241862
0.08510916586965322
0.08472059993073344
0.08437968092039227
0.08529052417725325
0.08501721592620015
0.08425737591460347
0.08401327487081289
0.08394271787256002
0.08359979558736086
0.08442017110064626
0.08378928154706955
0.08386749774217606
0.08392117824405432
0.0844294992275536
0.08439492108300328
0.08395557105541229
0.08353480696678162
0.08340206509456038
0.08420877205207944
0.08451791107654572
0.08603395195677876
0.08569600665941834
0.08403895189985633
0.08353921212255955
0.08421923918649554
0.08446102030575275
0.08419553795829415
0.08409054018557072
0.08387529430910945
0.08350445004180074
0.08335487311705947
0.08387523097917438
0.084114879835397
0.08406206918880343
0.08495599683374166
0.08548889216035604
0.08567313198000193
0.08456762880086899
0.08477740734815598
0.0845273919403553
0.08451668778434396
0.08410508325323462
0.0835996069945395
0.08357256418094039
0.08423231169581413
0.08456909190863371
0.08465568209066987
0.08534535020589828
0.08538834191858768
0.08429282531142235
0.08449782198294997
0.0840058159083128
0.08407028997316957
0.0850567128509283
0.08613067027181387
0.08663873793557286
0.08448294270783663
0.08471625298261642
0.0843493309803307
0.0838203290477395
0.08356022601947188
0.08336896123364568
0.0837249318137765
0.0857359659858048
0.08636563690379262
0.08531006099656224
0.084240788128227
0.083650435321033
0.08354260679334402
0.08325122622773051
0.08408789709210396
0.0857219910249114
0.08511981321498752
0.08339488692581654
0.0833686082623899
0.0832366100512445
0.08324841409921646
0.08359370427206159
0.08344310009852052
0.08405209425836802
0.08483826089650393
0.08481539133936167
0.08436086913570762
0.08467743825167418
0.0844547781161964
0.08371481904760003
0.0836534621194005
0.08465734589844942
0.08619719604030252
0.08566773869097233
0.08388927113264799
0.08349091885611415
0.08376888278871775
0.0841660019941628
0.08384194830432534
0.08330034511163831
0.08342238795012236
0.08561220392584801
0.08624617522582412
0.08508674800395966
0.08412738610059023
0.08386161969974637
0.08348282240331173
0.08357787830755115
0.08432402415201068
0.08557331608608365
0.08611397910863161
0.08338658092543483
0.08464469434693456
0.08355073910206556
0.08359834924340248
0.08378049405291677
0.08426562091335654
0.08400653721764684
0.08401649305596948
0.08364902390167117
0.08648226596415043
0.0856054169125855
0.08540491480380297
0.08374222787097096
0.0836104596965015
0.08368648495525122
0.08495448157191277
0.08484122110530734
0.08395007206127048
0.08472748706117272
0.0837252396158874
0.08342340681701899
0.08309429371729493
0.08370880410075188
0.08349589491263032
0.08501452766358852
0.08586017275229096
0.08554106811061502
0.08449455257505178
0.08466124208644032
0.08419947838410735
0.084316351916641
0.08500289404764771
0.08607751410454512
0.08651605620980263
0.08490581205114722
0.08488935604691505
0.08403283916413784
0.08430820470675826
0.08393401699140668
0.08456820715218782
0.0845302096568048
0.08371164603158832
0.08366890717297792
0.084059480112046
0.08398561831563711
0.08394675236195326
0.08369382517412305
0.0834785271435976
0.0843950160779059
0.08587562805041671
0.08524531405419111
0.0838508983142674
0.08348328899592161
0.08347005909308791
0.08332743588835001
0.0835554338991642
0.08424125332385302
0.08389938808977604
0.08550839498639107
0.08484281599521637
0.08456222293898463
0.0847616158425808
0.08522425638511777
0.08418348804116249
0.0840272638015449
0.08397348318248987
0.08324802899733186
0.08314105588942766
0.08360904781147838
0.08361469861119986
0.08369905315339565
0.08392713032662868
0.08388211857527494
0.08410749491304159
0.08387234108522534
0.08359114034101367
0.08363208966329694
0.08377349795773625
0.08486379217356443
0.08439071010798216
0.08530121622607112
0.08520947396755219
0.0847241198644042
0.08501937706023455
0.08527568029239774
0.08426665375009179
0.08390541700646281
0.08394353790208697
0.083156265784055
0.08361037820577621
0.08397666504606605
0.0840608961880207
0.08482057228684425
0.0860177087597549
0.08594792801886797
0.08474658709019423
0.08476376114413142
0.08420689729973674
0.0843269219622016
0.08432092191651464
0.08378229942172766
0.083720906637609
0.08382932795211673
0.0841350257396698
0.08429202996194363
0.08445820305496454
0.08455263404175639
0.08455141121521592
0.08459825487807393
0.08418406825512648
0.08418147871270776
0.08459724392741919
0.0842182687483728
0.08411742933094501
0.08389841765165329
0.084042277187109
0.0842606071382761
0.08598822774365544
0.08550403825938702
0.0837952233850956
0.08358823787420988
0.08342193672433496
0.08339923294261098
0.08356116758659482
0.08398090535774827
0.08394975028932095
0.08502914430573583
0.08545186603441834
0.08515110006555915
0.08435748517513275
0.08440864505246282
0.08413450699299574
0.08430786896497011
0.08513221237808466
0.08623957401141524
0.08581313630566001
0.08463092893362045
0.08470771135762334
0.0841877800412476
0.08378896024078131
0.08307961886748672
0.08375969808548689
0.08364934287965298
0.08540139487013221
0.08572389278560877
0.08546448079869151
0.08401486277580261
0.08386269491165876
0.083678238093853
0.08373230090364814
0.084988655988127
0.08581824973225594
0.08606172306463122
0.0839685183018446
0.08420762000605464
0.08419146481901407
0.0838512908667326
0.08407986396923661
0.08398369699716568
0.08374891383573413
0.08330488810315728
0.0833723209798336
0.0847503230907023
0.0861143758520484
0.08566835289821029
0.08328263461589813
0.08385957218706608
0.0863231117837131
0.08637077221646905
0.08567391289398074
0.08379283221438527
0.08380459202453494
0.08355680108070374
0.08389883674681187
0.08414229471236467
0.08429957600310445
0.08422371093183756
0.08455560496076941
0.08434526389464736
0.08445380395278335
0.0855811727233231
0.08610513294115663
0.08498858707025647
0.08382432581856847
0.083032111171633
0.08322985097765923
0.0837355530820787
0.08390431106090546
0.08426065882667899
0.08510373905301094
0.08552245516330004
0.08487803488969803
0.08499145228415728
0.08457868918776512
0.0844350690022111
0.08395510958507657
0.08527224091812968
0.08655040804296732
0.08650687802582979
0.0849736831150949
0.0851345807313919
0.08372270502150059
0.0832756133750081
0.08367423387244344
0.08380271214991808
0.08411108516156673
0.08528531063348055
0.08579828310757875
0.08583438582718372
0.08485631877556443
0.08488811878487468
0.08436910575255752
0.08442135527729988
0.0843449872918427
0.08484550518915057
0.08610047679394484
0.08678749529644847
0.08548086695373058
0.0865378100425005
0.08562565082684159
0.10396374389529228
0.08616025513038039
0.08545085182413459
0.08605418913066387
0.0859384760260582
0.08609730703756213
0.08860100992023945
0.0874728849157691
0.08730428386479616
0.08639249624684453
0.08605519263073802
0.08579354034736753
0.08438118593767285
0.08557174121960998
0.08552752435207367
0.08580388408154249
0.08473742520436645
0.08523381222039461
0.08584399288520217
0.08568367315456271
0.08445224398747087
0.08362232195213437
0.08362643700093031
0.08429021295160055
0.08485248405486345
0.08587704505771399
0.08568883966654539
0.08474055118858814
0.08462128229439259
0.0841796388849616
0.08402375085279346
0.08478092774748802
0.08631561510264874
0.08590377308428288
0.08446939615532756
0.08452600240707397
0.0835278071463108
0.08364165807142854
0.08377389004454017
0.08416537987068295
0.08429470425471663
0.08391042705625296
0.08362288679927588
0.08424669411033392
0.08371912920847535
0.0837430558167398
0.08342591626569629
0.08327565621584654
0.08343293191865087
0.0849324781447649
0.08487032307311893
0.08358191139996052
0.0836665160022676
0.08357846504077315
0.08327609905973077
0.08309734705835581
0.08317027986049652
0.08354294300079346
0.08370910491794348
0.08358575124293566
0.08409640286117792
0.08399039087817073
0.08380880020558834
0.08348432462662458
0.0831300038844347
0.08344721514731646
0.08496462926268578
0.08494578301906586
0.0838793171569705
0.08378662215545774
0.08477877965196967
0.08609214192256331
0.08627815498039126
0.08383640693500638
0.08405069820582867
0.08405030611902475
0.0867358990944922
0.08479818794876337
0.0846953159198165
0.08521666564047337
0.08732507703825831
0.08759968681260943
0.08517203107476234
0.08612326811999083
0.08647687686607242
0.08416961366310716
0.08475604467093945
0.08474960783496499
0.08420547610148787
0.08676384994760156
0.08475164324045181
0.0843653860501945
0.08411639602854848
0.08469305094331503
0.08512423001229763
0.08582981396466494
0.08738566096872091
0.08629924198612571
0.08575117634609342
0.0845423610880971
0.08483730535954237
0.08475139131769538
0.08645649114623666
0.08701113378629088
0.08718006405979395
0.08646162133663893
0.08606029208749533
0.0853888732381165
0.08437783317640424
0.08458412112668157
0.08384253177791834
0.08864866895601153
0.08719081385061145
0.08735962631180882
0.08552343398332596
0.0860636648721993
0.08463041065260768
0.08620754908770323
0.08424362633377314
0.08485157415270805
0.08399936277419329
0.08543058903887868
0.08538908325135708
0.0844624456949532
0.08511459082365036
0.08557878993451595
0.08691555494442582
0.08738000271841884
0.08617114275693893
0.08540137717500329
0.08533172495663166
0.08607054781168699
0.08493135683238506
0.08568281913176179
0.08529375912621617
0.0847626137547195
0.08557358616963029
0.08431884692981839
0.08567642420530319
0.08497157087549567
0.0842544762417674
0.08398815197870135
0.08592651318758726
0.08492877800017595
0.08512563211843371
0.08451626729220152
0.08407043805345893
0.08788543287664652
0.0864929067902267
0.08584949979558587
0.08794300723820925
0.08774648886173964
0.08429663395509124
0.08403113996610045
0.08670195285230875
0.08484623674303293
0.08581364015117288
0.08462032210081816
0.08442445565015078
0.08434387668967247
0.08527785493060946
0.08514438988640904
0.08845486724749207
0.08701084228232503
0.08550433767959476
0.08537758188322186
0.08538061380386353
0.08432969404384494
0.0839054249227047
0.08465895941480994
0.08420577365905046
0.08573386911302805
0.08590143406763673
0.0853346697986126
0.08546035923063755
0.0859423391520977
0.08468997105956078
0.08397534023970366
0.08395179314538836
0.0838089999742806
0.08469896716997027
0.08436016505584121
0.08544946881011128
0.0853421832434833
0.08483481220901012
0.08487448887899518
0.08594502089545131
0.08631531102582812
0.08450308162719011
0.08392081502825022
0.0836670771241188
0.0838985568843782
0.08603162690997124
0.08518976718187332
0.08483484014868736
0.08414226584136486
0.08351836306974292
0.0847696247510612
0.08662874484434724
0.08610298717394471
0.08553067734465003
0.08492881897836924
0.08444220386445522
0.08446874795481563
0.08439429709687829
0.08449067920446396
0.08411345025524497
0.08353197714313865
0.0833050892688334
0.08385618310421705
0.08396109379827976
0.0839922958984971
0.08539294404909015
0.08570121694356203
0.08596339169889688
0.08494545705616474
0.08467940893024206
0.08411683700978756
0.08414979791268706
0.08531452203169465
0.08744984585791826
0.08681692602112889
0.08518118411302567
0.08498848229646683
0.08317448804154992
0.083575997967273
0.0848762970417738
0.0859886328689754
0.08544325083494186
0.08375190012156963
0.08379723224788904
0.08416438102722168
0.08508373703807592
0.08468416426330805
0.0841705147176981
0.08432703698053956
0.08369925385341048
0.0837556947953999
0.08341190405189991
0.08407559106126428
0.0835675960406661
0.08533243089914322
0.08568835305050015
0.085594043135643
0.08424262888729572
0.08474458009004593
0.08381923707202077
0.08433158276602626
0.08498333068564534
0.0859105191193521
0.08668442396447062
0.08457392267882824
0.08495817007496953
0.08423011424019933
0.08411466795951128
0.08400219026952982
0.08428295003250241
0.08437621872872114
0.08385753398761153
0.08397464780136943
0.0849328376352787
0.08611246570944786
0.08647289406508207
0.08376511698588729
0.08395246136933565
0.08432504022493958
0.0845188619568944
0.08385244710370898
0.08344252919778228
0.08392588514834642
0.08605392510071397
0.08651990396901965
0.08570239506661892
0.08433357486501336
0.08420031471177936
0.0834908471442759
0.08397763082757592
0.084495868999511
0.0857576192356646
0.08565035182982683
0.08384702540934086
0.08482157299295068
0.08453983115032315
0.08419487113133073
0.08420299319550395
0.08411349076777697
0.08379069063812494
0.08333136793226004
0.08328744117170572
0.08419223595410585
0.08585117990151048
0.08588143903762102
0.0840329397469759
0.08354568015784025
0.08356569521129131
0.08396953390911222
0.08382687205448747
0.08380823396146297
0.0840113339945674
0.08402743004262447
0.08395567815750837
0.08375116297975183
0.08365393616259098
0.08330087922513485
0.08590545691549778
0.08662136783823371
0.08564621116966009
0.08446006802842021
0.08495608298107982
0.08393832109868526
0.08408128004521132
0.08483227109536529
0.08594838296994567
0.0864527621306479
0.08531122095882893
0.08475479297339916
0.08376514399424195
0.0839164680801332
0.08414968429133296
0.08394862432032824
0.08406967297196388
0.08369736187160015
0.08392187394201756
0.08432752918452024
0.08602182427421212
0.08593267295509577
0.08379334397614002
0.08413977781310678
0.08399635506793857
0.08398375287652016
0.08387156017124653
0.08403036324307323
0.083359703887254
0.08355957828462124
0.08332706894725561
0.08353212894871831
0.08406665781512856
0.08431117795407772
0.08521085511893034
0.08547954587265849
0.08487581368535757
0.08489480940625072
0.08471205271780491
0.0837463908828795
0.08411028468981385
0.08374923514202237
0.08359347097575665
0.08336050296202302
0.08362000808119774
0.08388264337554574
0.08375204913318157
0.08437207760289311
0.08437756588682532
0.08388820802792907
0.08391113299876451
0.08341143978759646
0.08356952341273427
0.08451228309422731
0.08595960075035691
0.0857688058167696
0.08392738364636898
0.08390340814366937
0.08393919095396996
0.08541735541075468
0.0854042717255652
0.08427171315997839
0.08399811387062073
0.08409823523834348
0.08358144294470549
0.08364213816821575
0.08394225919619203
0.08404551493003964
0.08474205294623971
0.08607237599790096
0.0856248321942985
0.08441215101629496
0.0846235160715878
0.08401394123211503
0.0837477883324027
0.08493313612416387
0.08370756730437279
0.08371176570653915
0.08338313084095716
0.08377528982236981
0.08438880601897836
0.08408911898732185
0.08397655701264739
0.0844514099881053
0.0836346191354096
0.08347807871177793
0.08331165323033929
0.0842775241471827
0.08598499372601509
0.08549438090994954
0.0836967658251524
0.08364108903333545
0.08411855902522802
0.0849514459259808
0.08495508879423141
0.08418120304122567
0.08442630991339684
0.08403563126921654
0.08352337637916207
0.08333067083731294
0.08385713025927544
0.08369024191051722
0.08482621284201741
0.08593294536694884
0.08623920101672411
0.08434616262093186
0.084329167380929
0.0840972401201725
0.08419401478022337
0.08515968406572938
0.08625483280047774
0.08670870494097471
0.08461920078843832
0.08503542374819517
0.08441418316215277
0.08397014485672116
0.08408232079818845
0.08494547894224524
0.08461179723963141
0.0839234758168459
0.0840482129715383
0.0852414476685226
0.08680164208635688
0.08604614995419979
0.08375115320086479
0.08433986594900489
0.0840703109279275
0.08378839120268822
0.08336699986830354
0.08348187897354364
0.08357964409515262
0.08599580824375153
0.08586444379761815
0.08547882130369544
0.08440543105825782
0.0847813249565661
0.0841010264120996
0.08389317290857434
0.08481691405177116
0.08586486335843801
0.08643119875341654
0.08444312587380409
0.08478744886815548
0.08417057804763317
0.08424650924280286
0.08395783696323633
0.08456366322934628
0.0846830802038312
0.0841902531683445
0.08393867174163461
0.0851255189627409
0.0860100882127881
0.0865798662416637
0.08374605188146234
0.08370837988331914
0.08401596220210195
0.08418135391548276
0.08373031811788678
0.08372341422364116
0.08371878927573562
0.08348206803202629
0.08389325300231576
0.08382835518568754
0.08389621879905462
0.08429171424359083
0.08542845910415053
0.08518070494756103
0.08442059392109513
0.0854782578535378
0.08529578614979982
0.08436071081086993
0.08366776909679174
0.08358113560825586
0.0834864741191268
0.08345543313771486
0.0843160399235785
0.08366588409990072
0.08411751314997673
0.08412616513669491
0.08501694025471807
0.08525594510138035
0.08431159984320402
0.08423438714817166
0.08412790903821588
0.08506033895537257
0.08656842401251197
0.08649961464107037
0.08391633816063404
0.08411545073613524
0.08434501988813281
0.08411534409970045
0.08384533878415823
0.08365425979718566
0.08408351335674524
0.08652428770437837
0.08616787381470203
0.0858030328527093
0.08464997680857778
0.08493379363790154
0.08437362592667341
0.08438665792346
0.08433257509022951
0.0839918558485806
0.08394133392721415
0.08432873291894794
0.08464440936222672
0.08465371700003743
0.08431766740977764
0.08418495859950781
0.08447158383205533
0.08387964684516191
0.08416351629421115
0.0842257747426629
0.08442344004288316
0.08612941578030586
0.08624582318589091
0.08462007017806172
0.08526087459176779
0.08463437017053366
0.0842364551499486
0.08407952496781945
0.08387849805876613
0.08371117012575269
0.08458466129377484
0.08429066371172667
0.08468609396368265
0.08463540114462376
0.08424192806705832
0.08374559599906206
0.0843471921980381
0.08455493673682213
0.08613329892978072
0.08576710289344192
0.08427147101610899
0.08362969104200602
0.08429483603686094
0.08477619290351868
0.08442229637876153
0.0845201420597732
0.08424937073141336
0.08417604118585587
0.08365902677178383
0.08441055659204721
0.08557094493880868
0.08555728103965521
