0.08041412429884076
0.08053043624386191
0.08043251186609268
0.08072881074622273
0.0806565280072391
0.0815757978707552
0.08163462579250336
0.08078874601051211
0.08057979308068752
0.08067117631435394
0.08098814077675343
0.08289706613868475
0.08256529085338116
0.08043080801144242
0.08048350503668189
0.08156772889196873
0.08308493997901678
0.08263957314193249
0.08044047560542822
0.08075339300557971
0.08063606498762965
0.08085342776030302
0.0803283448331058
0.0805313941091299
0.08056889614090323
0.08037000708281994
0.08038154011592269
0.08056928729638457
0.08037852589040995
0.08055540127679706
0.08041152823716402
0.08004913665354252
0.08023059740662575
0.08015626389533281
0.08008631225675344
0.08038184698671103
0.08008043793961406
0.08037220686674118
0.08032322954386473
0.08028710400685668
0.08051157603040338
0.08048750460147858
0.08045170502737164
0.08066706405952573
0.08076601568609476
0.08066301699727774
0.08062483137473464
0.08096730196848512
0.08123718108981848
0.08327030995860696
0.08316731592640281
0.08027832210063934
0.08044503396376967
0.08038214314728975
0.08052898710593581
0.08072682889178395
0.08076610509306192
0.08100018789991736
0.08019776362925768
0.08057962730526924
0.080362553242594
0.0801099082455039
0.07982634985819459
0.08037331374362111
0.08016635896638036
0.08002149919047952
0.0803003329783678
0.08084194594994187
0.08021483104676008
0.08058881480246782
0.08004195289686322
0.08038575109094381
0.0804015533067286
0.08060728712007403
0.08037375006824732
0.08053921023383737
0.08117169514298439
0.08280010893940926
0.08230083901435137
0.0800815299153328
0.08045103680342436
0.08142653293907642
0.08294753823429346
0.08230012794956565
0.08005979564040899
0.08043591771274805
0.08019868703559041
0.08079457934945822
0.0806016381829977
0.08046447299420834
0.08039200119674206
0.08045475697144866
0.08056245883926749
0.08023870503529906
0.08105082204565406
0.08143830811604857
0.08010364416986704
0.08018836472183466
0.08013651892542839
0.08049514004960656
0.0800187992863357
0.08003800408914685
0.08037968911230564
0.08026952017098665
0.07997493306174874
0.08012714376673102
0.08053333824500442
0.0808896622620523
0.0804644632153213
0.0804039710201323
0.08083521900698543
0.0802170098759234
0.08045109966769814
0.08046544436365366
0.08036973606795073
0.08304306771606207
0.08271961100399494
0.08005524007603526
0.08035966800525784
0.08057508198544383
0.08020785124972463
0.08022600505501032
0.0801423778757453
0.0803124001249671
0.07994506228715181
0.0798341198824346
0.08035363722592592
0.0798831069841981
0.08007363602519035
0.07984761381521821
0.0802405709400773
0.08078770525753498
0.08026425633579493
0.08047828963026404
0.08053155522793531
0.08075678069144487
0.08075049705803394
0.08058987790718675
0.08030748181045055
0.08033754536882043
0.08096254197880626
0.08010030537843704
0.08056135987862945
0.08284845389425755
0.08259731717407703
0.08003706810995936
0.08009817870333791
0.08094795700162649
0.0826979442499578
0.08227053424343467
0.07968988083302975
0.08026243187487125
0.08046131301671267
0.08250915817916393
0.0824062000028789
0.08069315273314714
0.08102778811007738
0.07991681527346373
0.08127372106537223
0.08120722323656082
0.08087523514404893
0.08139121672138572
0.08119514677673578
0.08131059585139155
0.08065934432670474
0.08036009082570672
0.08224218618124723
0.08050188282504678
0.08005546871572733
0.08009634865447879
0.08034851914271712
0.07992964191362262
0.08043849281966686
0.08054669015109539
0.08019731706008315
0.08057825407013297
0.07991336705163121
0.0802867328748107
0.08010427886620164
0.08035501791164279
0.08209356898441911
0.08341777790337801
0.08192208502441645
0.07964931102469563
0.08007490821182728
0.0805645058862865
0.08266448695212603
0.08219333598390222
0.07958040293306112
0.07987547712400556
0.07961310725659132
0.07987143378704786
0.07946054404601455
0.0796609097160399
0.07966026570647955
0.07979973405599594
0.07970328954979777
0.07977254223078489
0.08000238938257098
0.07994407275691628
0.07981999404728413
0.08014020370319486
0.07982002105563879
0.07978837518021464
0.07995001319795847
0.07980170985683799
0.07955696200951934
0.07970361784100533
0.08045854791998863
0.08227269304916263
0.0825205659493804
0.07947586989030242
0.0799647606909275
0.08016069931909442
0.08149018976837397
0.08127935603260994
0.07992052286863327
0.08022602088749409
0.08028175216168165
0.08043933194130659
0.08093015616759658
0.0803961381316185
0.08029468916356564
0.0800974671728909
0.08041295083239675
0.08014383260160685
0.07999163214117289
0.07990934606641531
0.08024073205888271
0.08025417104363441
0.0802269116975367
0.08025356521829963
0.07979047996923327
0.08049916895106435
0.08021494094282389
0.0799860144034028
0.08024108875542879
0.08078052615746856
0.08027017675340176
0.08064048318192363
0.07942144386470318
0.07949612103402615
0.07966211810708046
0.08004323113709688
0.07922443514689803
0.0791947040706873
0.07969899801537395
0.07954165991395712
0.07972653722390532
0.07989204814657569
0.07930936990305781
0.07972025731578469
0.08010898483917117
0.07962506590411067
0.08050014404579997
0.08267048513516784
0.08231159625574946
0.07919713901355863
0.07972854236140847
0.07990255206823349
0.07995523419231176
0.07974896486848593
0.07937443815171719
0.0796075533144176
0.07959679793566465
0.07940297992900014
0.0793713009916246
0.0797397019341588
0.07952422322705388
0.07969780312851071
0.07937950920313597
0.07926729181781411
0.07993427664041519
0.08161184098571539
0.08143436815589666
0.07924838876351714
0.0796040897257626
0.08064343687146902
0.08128203405067325
0.08117212401703
0.0791238360106945
0.07980349427089095
0.08019177755340934
0.080714819021523
0.080157611053437
0.07988198706880212
0.0799067821353674
0.08019862975925207
0.07985186390578747
0.07964519364759326
0.07975385058671236
0.07935380795970559
0.07984668528661132
0.07938354881480336
0.08000161312520504
0.07987107802182436
0.08074663626030087
0.08069866010919213
0.0795575543306768
0.07983744936063886
0.07970698503777385
0.0799647169187665
0.07961840275675058
0.07994346087798476
0.07974818209186196
0.0794942881911993
0.07941692182794213
0.07957228785380721
0.07997626392170787
0.079479796346277
0.08023435110226274
0.07970613613724709
0.07998319808393717
0.08019773988053203
0.07973873196169734
0.07998747983947396
0.07993463799357414
0.07953199278563261
0.07999047730118036
0.08206101413816214
0.08174277329817414
0.07895539607852697
0.08049267996102571
0.07972032483667135
0.08195134671404958
0.08101925672963262
0.07959944289177656
0.07952286629006267
0.079408866353333
0.07935153972357512
0.07979996828362346
0.07970789493992925
0.07985082874074578
0.08002386894077063
0.07925195526331663
0.0791805349290371
0.07959288312122226
0.08160828519612551
0.0815321272239089
0.0790517688728869
0.07912528980523348
0.07995463907718658
0.08110849373042583
0.08070879010483623
0.07968031102791429
0.07934452220797539
0.07943047676235437
0.07992471614852548
0.07980241999030113
0.07986078830435872
0.07953001465648413
0.07926036510616541
0.07931171264499426
0.07931348169222474
0.07963194185867906
0.0793438688851893
0.07926541659981012
0.0790663817897439
0.07970732217654586
0.08039735816419125
0.08223187504336238
0.08199387462809682
0.079330881126225
0.08004964422434568
0.07926130620762706
0.07932890206575394
0.07925075571984053
0.07932952791452408
0.07902892399579287
0.07918442413210869
0.07929362077265978
0.07942356588318944
0.07955555664375424
0.07947554998099804
0.07916366029530764
0.07923101168125868
0.07955880789086223
0.07930107228457928
0.0815401691943407
0.08154425164684653
0.07878809981048107
0.0791680458933115
0.07968831993639469
0.08132578525692225
0.0806519528850913
0.07934262603521347
0.07916621398180723
0.0793727240525186
0.08021797565743327
0.07952166814357042
0.07942506624385715
0.07972432905808091
0.07940463721752167
0.07897742092609406
0.07927615195512772
0.07890372909605503
0.07931089820340276
0.0793273439630866
0.07957669114693999
0.07939236517995596
0.07925656205043197
0.07930232211947441
0.07945888489484787
0.07937034778296947
0.07911843666806817
0.07914977567270398
0.07897328631952405
0.0798376020975411
0.07947448221966624
0.07946840394288301
0.07912202831357718
0.07922885473817587
0.07932690810412169
0.07969454117119312
0.08131133485585451
0.08098728628829122
0.0791332139633596
0.07922212174162269
0.07905067363753915
0.08027968090027571
0.07986276084557176
0.07946293288841844
0.07928213616833091
0.0789543860591948
0.07933428697288036
0.07975755212828517
0.0789210139773786
0.07937341509386897
0.07981141610071063
0.07989371242001653
0.07990192109718919
0.08004910917952657
0.07984670111909509
0.08002487383782864
0.08011312689632177
0.07986258482560515
0.07944564986974001
0.07881663227453828
0.07939893240109086
0.07926718005910516
0.0794294229708612
0.07906981417909265
0.07997460989281535
0.08003841293975711
0.07957409368827939
0.07924126088619232
0.07982001593336463
0.07991107320412993
0.07980307005345821
0.080282187089324
0.08143725013360381
0.08156912913545966
0.07891666982322931
0.07947064889594913
0.07998567400500178
0.08103477628901601
0.0808910308405757
0.07945043314248323
0.07957140216603875
0.08000507764518261
0.08016497688367963
0.07991529535502195
0.07918419688940048
0.07994453189894557
0.07982907118275762
0.07948344992473722
0.07937221974134445
0.07986492896452546
0.07904066098853946
0.07997643714770675
0.07945891236886382
0.08033861499279737
0.08006053417921066
0.07966226013377309
0.08013209886848927
0.07967792777344584
0.07959187915548682
0.07920820824801922
0.07916577998548746
0.07914370903745294
0.07941209804266691
0.07957681827247143
0.07904859585687518
0.08006465388461947
0.07984022097662091
0.08000327600166202
0.07992668077349663
0.07921235729008913
0.07915272703394294
0.07882750779390335
0.0797831998206675
0.08124319463968277
0.08112669177353382
0.07904599094763398
0.07914044801145792
0.07932096207514405
0.07983244583010674
0.08016884792596102
0.07983199506998062
0.07961854198947549
0.07959208125248551
0.07904045982286334
0.07885332405567169
0.07929668528959155
0.07936984021216631
0.0791695169173181
0.07996377907693386
0.08006222592666745
0.08007977204397321
0.07919651595875621
0.0787026397883892
0.07898187497630715
0.07862660987302661
0.07903325604274869
0.07975093415006995
0.07905014930292964
0.07898676674813032
0.07950942683964968
0.07970380503684282
0.07885343302041292
0.07923325523734093
0.07922868197783828
0.08191300416365266
0.0810503507964313
0.07871182402595878
0.07858366565778852
0.07954702107235789
0.0801766817457974
0.08107284922152758
0.07917396677657962
0.0788327232003212
0.0793620552867651
0.07866146881133318
0.07929372414946556
0.07846091594547033
0.07850205525755882
0.07870968105271459
0.07888508588075638
0.0789997368119657
0.07947446871548891
0.07890548976138234
0.07865229295566678
0.07830528495833278
0.07929352298378944
0.07848851894959807
0.07886440586298704
0.07884070416912436
0.07925711805000901
0.07936406787484884
0.07868119096383452
0.07830403186380863
0.07862094696611166
0.0791004067286849
0.08034796873107553
0.08052109787240624
0.07902826135978103
0.07903387723490596
0.0789569211192429
0.07897053193300962
0.07848594384267926
0.07867350475862622
0.07865142822265625
0.07877876283600926
0.07895978121086955
0.07915316987782717
0.08030323311686516
0.081507608294487
0.08118361979722977
0.07908581709489226
0.07900235475972295
0.07866299105808139
0.07888152915984392
0.07853148085996509
0.07894181087613106
0.07894443674013019
0.0787057988345623
0.07897130027413368
0.07904694275930524
0.07889459794387221
0.07842424791306257
0.07853971188887954
0.07889130478724837
0.07873252406716347
0.07871751906350255
0.07930117100477219
0.07941581029444933
0.07903453335165977
0.07892537908628583
0.07859443174675107
0.0788770979270339
0.07909364625811577
0.07895969180390239
0.07952251704409719
0.07923008594661951
0.07907333318144083
0.07903570076450706
0.08006789209321141
0.08166250819340348
0.0815586382523179
0.07871284708380699
0.07867317041382194
0.08006415003910661
0.0810900628566742
0.08103973278775811
0.07898564729839563
0.07926487876102328
0.07909792475402355
0.08027336001396179
0.07947269175201654
0.07908808207139373
0.07878788933157921
0.07871996005997062
0.0787571631371975
0.07883898494765162
0.07950119022279978
0.07984863221645355
0.07961210887879133
0.07959476299583912
0.0793958860449493
0.07968172710388899
0.07973498431965709
0.07925327681005001
0.07970323693007231
0.0792071558535099
0.0795040586963296
0.07928384095430374
0.07946274103596807
0.07979060988873243
0.07945291511714458
0.0796702359803021
0.07859409600496292
0.0788463493809104
0.08032645285129547
0.08095704484730959
0.0810738168656826
0.07910521514713764
0.07925980305299163
0.08024551114067435
0.07997901970520616
0.08034644415602088
0.08064749278128147
0.08012475725263357
0.08035268727689981
0.07954875472933054
0.0799499899148941
0.07971824705600739
0.07983651012182236
0.07931784493848681
0.08009276119992137
0.07939871540293097
0.08005450805649161
0.0803468250669539
0.08040246600285172
0.07923562498763204
0.0795465661212802
0.07944019278511405
0.07945852866396308
0.07936262106522918
0.07953451480716467
0.07957668183371425
0.07932311808690429
0.07902555400505662
0.0795805649831891
0.07937314501032233
0.07974970992654562
0.08003643667325377
0.07998333312571049
0.07978925295174122
0.08014064794406295
0.08275408996269107
0.08216459210962057
0.07930923206731677
0.07972691673785448
0.08030501566827297
0.08220967184752226
0.08213274972513318
0.0791187072172761
0.07975752791389823
0.07932589575648308
0.07955173403024673
0.07925383513793349
0.07957507995888591
0.07960924599319696
0.07955577783286572
0.07956896396353841
0.08008080720901489
0.07977368123829365
0.07979532098397613
0.07956074597314
0.07908582128584385
0.079090166836977
0.0796627588570118
0.08107091300189495
0.08171687694266438
0.08051758678629994
0.07952896784991026
0.07993840565904975
0.0804959088563919
0.08060559211298823
0.07975892396643758
0.07988018682226539
0.08008433692157269
0.07975340308621526
0.07974831713363528
0.07932709995657206
0.0793932918459177
0.07904804823920131
0.07956306776031852
0.07916550897061825
0.07968773413449526
0.07954137772321701
0.07979023270308971
0.07973637524992228
0.07960632303729653
0.08031506976112723
0.07987438468262553
0.07937177270650864
0.07980776205658913
0.07925209496170282
0.07979385228827596
0.0799294556491077
0.07968250196427107
0.07981862919405103
0.08008894370868802
0.07982788374647498
0.07983963983133435
0.07970356475561857
0.07940040389075875
0.07958615897223353
0.07940706191584468
0.07944719726219773
0.07992786122485995
0.07972669368609786
0.08121513575315475
0.08133655413985252
0.07973751798272133
0.07937050284817815
0.08002847293391824
0.08007010724395514
0.07963803689926863
0.07983017200604081
0.07974522188305855
0.08002048265188932
0.07974220486357808
0.07948462571948767
0.0795578402467072
0.0795275210402906
0.07987984083592892
0.07971510989591479
0.08016579318791628
0.08069008216261864
0.08244907390326262
0.08211749931797385
0.07949148584157228
0.07943727122619748
0.07925752736628056
0.07993997260928154
0.07989609194919467
0.07928829127922654
0.07940137991681695
0.07952986937016249
0.07978907087817788
0.08000725880265236
0.07978729484602809
0.07988398615270853
0.079775330144912
0.0800886251963675
0.08050019573420286
0.07962190732359886
0.07997019495815039
0.07964095938950777
0.07943719113245606
0.07940991828218102
0.07941086776554585
0.08206218341365457
0.0814218670129776
0.07914284570142627
0.0796497818082571
0.08003266900777817
0.08106544706970453
0.08109600376337767
0.07991251721978188
0.07971693342551589
0.08021048083901405
0.08015383267775178
0.08022213634103537
0.07997464668005705
0.07995170122012496
0.07943238830193877
0.07961854711174965
0.07985182292759418
0.07981253881007433
0.07979298196732998
0.07973271096125245
0.07944608898833394
0.07995242578908801
0.08001579530537128
0.08032369520515203
0.08008603425696492
0.08035598369315267
0.07993385288864374
0.07944931322708726
0.08005189383402467
0.07963779708370566
0.08030662266537547
0.07951160706579685
0.07973012793809175
0.08013509819284081
0.07960124500095844
0.08004543697461486
0.07995373290032148
0.07996608829125762
0.08024082006886601
0.08044178178533912
0.08040459780022502
0.08241399796679616
0.08213949482887983
0.07926643826067448
0.08003766601905227
0.08036847598850727
0.08272898476570845
0.08251879690214992
0.07959051476791501
0.07995158713310957
0.07961729727685452
0.07967152493074536
0.07992024999111891
0.07986436225473881
0.07944979565218091
0.07922777906060219
0.07916830200701952
0.07972689578309655
0.08007773105055094
0.08001256315037608
0.08078109193593264
0.08020823681727052
0.08011450711637735
0.08003176702186465
0.07941640354692936
0.0799451838247478
0.07917816983535886
0.0795578034594655
0.0796874058432877
0.08133926801383495
0.08087862282991409
0.07940479693934321
0.0794448247179389
0.07977928500622511
0.080040052998811
0.07973378291353583
0.07951694028452039
0.07961942907422781
0.0799206499941647
0.07938768994063139
0.07979767629876733
0.08053464069962502
0.07980979373678565
0.07947752717882395
0.07976279826834798
0.07979452470317483
0.0808910052292049
0.08271780470386147
0.08214176818728447
0.07960452605038881
0.07987136766314507
0.07952931988984346
0.0801406498067081
0.07961267186328769
0.0793898249976337
0.07938442612066865
0.07964205741882324
0.07962199812754989
0.07946354104205966
0.07938559027388692
0.07928404025733471
0.08019446115940809
0.08002651669085026
0.07989656878635287
0.07978051900863647
0.07988196983933449
0.08007904700934887
0.07938212621957064
0.07933038379997015
0.07952259480953217
0.08136728359386325
0.08102666167542338
0.07935879798606038
0.07973341085016727
0.0799669660627842
0.08091153809800744
0.08061259612441063
0.0797789366915822
0.07941767573356628
0.07964804489165545
0.07970647141337395
0.0799270854331553
0.07936503505334258
0.07919968385249376
0.07959946617484093
0.07942091813310981
0.0794466556981206
0.07949506863951683
0.08075966499745846
0.08061179798096418
0.07937049400061369
0.07976960763335228
0.0797216547653079
0.07989693433046341
0.08014978608116508
0.08087379718199372
0.0799931320361793
0.07982205599546432
0.07982151722535491
0.0805298900231719
0.08019587816670537
0.07944947015494108
0.07994551910087466
0.0799694019369781
0.07987364381551743
0.07963680475950241
0.07972408831119537
0.07968070404604077
0.0797991999424994
0.0795761370100081
0.08218281390145421
0.08293014299124479
0.08315016189590096
0.0806638291105628
0.08060496393591166
0.08059001993387938
0.08074404206126928
0.07937572570517659
0.07932462403550744
0.0793253150768578
0.07922513084486127
0.07975847413763404
0.07911067781969905
0.0792155871167779
0.07938997121527791
0.07950791623443365
0.0796738457866013
0.07956760935485363
0.07940687332302332
0.0793485757894814
0.0790802869014442
0.0791156180202961
0.0794620867818594
0.07948931120336056
0.08038153173401952
0.0809223079122603
0.07931829523295164
0.08002072107046843
0.07973585091531277
0.07956297695636749
0.07941474486142397
0.07961246790364385
0.07942619500681758
0.0793676171451807
0.07932184217497706
0.07940148608759046
0.07942397706210613
0.07912848284468055
0.07970910891890526
0.08057950111106038
0.08108990406617522
0.08075984893366694
0.07936320686712861
0.07949790311977267
0.07943222485482693
0.07905279472470284
0.07913463888689876
0.07957402290776372
0.07911521894857287
0.07942444505169988
0.0794290192425251
0.07973019778728485
0.07907222071662545
0.07957222871482372
0.08034956315532327
0.08202231395989656
0.08173494320362806
0.07925411919131875
0.0802450911141932
0.08000549208372831
0.08210590481758118
0.08161218371242285
0.07861384423449636
0.07826698431745172
0.07992976810783148
0.0812518666498363
0.08145250519737601
0.07912558922544122
0.07887532189488411
0.07877627573907375
0.0791459740139544
0.07992653967812657
0.0797676919028163
0.07940895576030016
0.07893908070400357
0.07896092301234603
0.0790484151802957
0.07880385499447584
0.08071116218343377
0.08004658203572035
0.07951771607622504
0.07890924299135804
0.07973703928291798
0.07938177464529872
0.07860634615644813
0.07936060708016157
0.07946700789034367
0.07961814664304256
0.07946615107357502
0.07915152702480555
0.07889259327203035
0.07973783509805799
0.07955165999010205
0.07972537679597735
0.07941167894750834
0.07966104010120034
0.0820622961036861
0.08200456388294697
0.07895683590322733
0.07959770830348134
0.07999088801443577
0.08148079365491867
0.08166753593832254
0.07830811478197575
0.07953732088208199
0.07928847288712859
0.07964660925790668
0.07930077938362956
0.0796571858227253
0.07966683711856604
0.07953481515869498
0.07927472423762083
0.07909209094941616
0.07972203381359577
0.0814279057085514
0.08137414371594787
0.07870840560644865
0.07920654490590096
0.07957985298708081
0.08031710097566247
0.08078834321349859
0.07929674489423633
0.07939443597570062
0.07979837618768215
0.07942466577515006
0.07931367168202996
0.07848822278901935
0.07846984686329961
0.0792180597782135
0.07946310890838504
0.07922427309677005
0.07998728007078171
0.08199172699823976
0.0809721271507442
0.07947944616898894
0.07938780123367906
0.07922384422272444
0.0792963090352714
0.07884613564237952
0.08043103106319904
0.07896461617201567
0.07935198815539479
0.07956156227737665
0.07927534123882651
0.07890859572216868
0.07888343976810575
0.07927366299554706
0.0791369928047061
0.07916001323610544
0.07936990121379495
0.08145262394100428
0.08131320215761662
0.07898441515862942
0.07963442709296942
0.07978104613721371
0.08081109216436744
0.08107342198491096
0.07922293618321419
0.07952559180557728
0.07909813104197383
0.0793871320784092
0.08016486605629325
0.08023287868127227
0.07904612319543958
0.07993895886465907
0.08061258820816875
0.07944164890795946
0.07971909595653415
0.08028484927490354
0.0801126598380506
0.0792220369912684
0.08019834104925394
0.08015264803543687
0.08103548176586628
0.07977125607430935
0.07980761211365461
0.07928152661770582
0.07891645422205329
0.07952881837263703
0.0791627923026681
0.07867613900452852
0.0788165689446032
0.07902232371270657
0.08000060310587287
0.07983775017783046
0.07899384573101997
0.07903296267613769
0.07968522189185023
0.0789320170879364
0.07877046195790172
0.07969773327931762
0.0807569338940084
0.0806901571340859
0.0790832182392478
0.07959635276347399
0.07988806022331119
0.07975768717005849
0.07923407712951303
0.07943561300635338
0.07915157219395041
0.0796299739740789
0.07944754185155034
0.08001945400610566
0.07998130610212684
0.07960179401561618
0.07965613575652242
0.08073945809155703
0.08074214216321707
0.0803393479436636
0.07981848809868097
0.07957426784560084
0.07967082457616925
0.08004131121560931
0.07950596930459142
0.07940126489847898
0.08111307490617037
0.0801243782043457
0.0804764786735177
0.08006230695173144
0.08022555615752935
0.08004082227125764
0.07933014212176204
0.0790866119787097
0.0799539890140295
0.07975676003843546
0.07960907416418195
0.08026174455881119
0.08249584911391139
0.08178410492837429
0.07937401998788118
0.07900088699534535
0.07998133031651378
0.08210053481161594
0.08184994896873832
0.07915126997977495
0.0791694549843669
0.07911957614123821
0.07983340322971344
0.079318858217448
0.07927552424371243
0.07992236083373427
0.07954578287899494
0.07949609914794564
0.0795414550229907
0.07951731234788895
0.07952715223655105
0.07903404301032424
0.07935179909691215
0.07935808086767793
0.0802666237577796
0.0811104909516871
0.08012885320931673
0.07908889930695295
0.07933260686695576
0.07965269079431891
0.07975278189405799
0.07938077999278903
0.07940839231014252
0.079438216984272
0.07933733984827995
0.07964881509542465
0.07931720139458776
0.07924827234819531
0.07910319324582815
0.07889231201261282
0.07947088358923793
0.07961983699351549
0.07925864309072495
0.08232330298051238
0.08125237189233303
0.07886973395943642
0.07894729869440198
0.0786392642185092
0.07925715018063784
0.07891409285366535
0.07915698876604438
0.0796715198084712
0.07957850303500891
0.07949012843891978
0.07918575080111623
0.07932416582480073
0.07931252708658576
0.07917756028473377
0.07901678793132305
0.07968541886657476
0.07906854012981057
0.07905973587185144
0.08040066109970212
0.08035911386832595
0.08006556890904903
0.08008745033293962
0.08021921990439296
0.0801421906799078
0.07982990518212318
0.07960622292011976
0.07991568511351943
0.07982739806175232
0.0804255991242826
0.08015993889421225
0.08073242986574769
0.08053348027169704
0.08099659718573093
0.08122208574786782
0.08093676902353764
0.08365626586601138
0.08230575593188405
0.08165167924016714
0.08194031519815326
0.08279463509097695
0.08056058920919895
0.08011497929692268
0.08033498004078865
0.08033822197467089
0.08103224076330662
0.08180081704631448
0.08156490279361606
0.08029104676097631
0.08038559881970286
0.08070634258911014
0.0808827830478549
0.08145280089229345
0.08206948172301054
0.08174553280696273
0.08229040401056409
0.08198376884683967
0.08215015893802047
0.08125046594068408
0.08023596601560712
0.08221017569303513
0.08255049679428339
0.08214955683797598
0.08107778104022145
0.08134762803092599
0.08170699933543801
0.0834387238137424
0.08272065920755267
0.08285767631605268
0.08311738586053252
0.08151450380682945
0.08220961410552263
0.08104265620931983
0.0810660240240395
0.08079014997929335
0.08103798888623714
0.08070941315963864
0.08115587988868356
0.08146134298294783
0.08075615717098117
0.0809621219523251
0.08119233883917332
0.08128448203206062
0.08138172281906009
0.08182290894910693
0.08075103582814336
0.08071051631122828
0.08075506892055273
0.08060966385528445
0.08079362893477082
0.08065909799188375
0.08064186898991466
0.08068016869947314
0.08178649796172976
0.0807095686905086
0.08088729996234179
0.08057114481925964
0.08027658378705382
0.08154815621674061
0.07993625896051526
0.08066162513568997
0.08009948022663593
0.08028787514194846
0.08049582224339247
0.08134689694270492
0.08097402937710285
0.08085151389241219
0.08134549995884299
0.0812428998760879
0.08040477987378836
0.08105222228914499
0.08083075610920787
0.08064652793109417
0.08033688925206661
0.08034931821748614
0.08076273975893855
0.08088728273287416
0.08125605899840593
0.08174552395939827
0.08070800919085741
0.08015325898304582
0.08017027145251632
0.08071616385132074
0.08029193803668022
0.08028787979856133
0.08023888617753983
0.08051067776978016
0.08136178273707628
0.08048157021403313
0.07998721394687891
0.08027436910197139
0.0798903638496995
0.08008217811584473
0.08021856471896172
0.08030160190537572
0.08086299570277333
0.08063798071816564
0.081043167039752
0.08077548630535603
0.08057416183874011
0.08085037721320987
0.08009275887161493
0.08002314902842045
0.0806453162804246
0.07993974536657333
0.07974212104454637
0.07986231194809079
0.07996037602424622
0.08013239922001958
0.08016850985586643
0.07993383565917611
0.08069594390690327
0.08009024616330862
0.07991361198946834
0.08027715189382434
0.08062769519165158
0.08069775020703673
0.08090042416006327
0.08112457394599915
0.08115377696231008
0.08083780016750097
0.08073854073882103
0.08051551878452301
0.08033500099554658
0.08163474593311548
0.0830565202049911
0.08285251306369901
0.08086851006373763
0.08093071822077036
0.08072548964992166
0.08081066096201539
0.0805827109143138
0.08110852213576436
0.0805458053946495
0.08110589813441038
0.0829834258183837
0.0839565428905189
0.08163542905822396
0.08045867970213294
0.08025220967829227
0.08025805605575442
0.08059282414615154
0.08027109084650874
0.08057701494544744
0.0807030932046473
0.08028159663081169
0.07979964232072234
0.08001329097896814
0.07996977027505636
0.07983530079945922
0.08008624473586679
0.07983374781906605
0.07983532408252358
0.08044378785416484
0.08259954722598195
0.0799658396281302
0.08042641310021281
0.08012475678697228
0.08029669569805264
0.0804723147302866
0.08039143495261669
0.08053652988746762
0.08071887027472258
0.08050092402845621
0.08057526685297489
0.07999704405665398
0.08017260115593672
0.08064184617251158
0.08212772803381085
0.08162754168733954
0.07972717983648181
0.07981691230088472
0.08032665122300386
0.08187124878168106
0.08195968391373754
0.07986271008849144
0.08042984968051314
0.07963343523442745
0.08043104084208608
0.07998366095125675
0.0802071955986321
0.08016363298520446
0.08061878802254796
0.0800634459592402
0.08005254669114947
0.08016237104311585
0.08004218991845846
0.08020734088495374
0.07998593989759684
0.07985870400443673
0.07994077168405056
0.08014209009706974
0.07946659997105598
0.07996178511530161
0.08068332774564624
0.0802561272867024
0.08040843810886145
0.08049422688782215
0.08026517694815993
0.08105929801240563
0.08023836696520448
0.08004843397065997
0.08042919030413032
0.08031801506876945
0.08013991685584188
0.07991093816235662
0.07993470691144466
0.08022748492658138
0.07995567098259926
0.07993725826963782
0.07984347129240632
0.08011595904827118
0.08046454889699817
0.08045633602887392
0.08111684489995241
0.08166723372414708
0.08099683793261647
0.08057692414149642
0.08099180785939097
0.08076443709433079
0.08110855706036091
0.08124923007562757
0.08159700175747275
0.08103899098932743
0.0812199111096561
0.08086729375645518
0.08160844631493092
0.08217918127775192
0.0810972829349339
0.08042035298421979
0.08007567003369331
0.08194966102018952
0.0802714372985065
0.08164776815101504
0.08034446509554982
0.08112958399578929
0.08026465633884072
0.08018113113939762
0.08096278365701437
0.07992095919325948
0.08020992437377572
0.07989832432940602
0.08016101596876979
0.07983379997313023
0.079885208979249
0.07976646814495325
0.08042489318177104
0.0809369320049882
0.0809730333276093
0.07982085691764951
0.08003671513870358
0.08010861603543162
0.08073318330571055
0.08029398880898952
0.08103878889232874
0.08013044996187091
0.08036723034456372
0.0805804100818932
0.07974408939480782
0.0799878928810358
0.08005319209769368
0.07980018109083176
0.07992062112316489
0.07965951273217797
0.08016574895009398
0.0800783159211278
0.08016057312488556
0.08007854782044888
0.07999011920765042
0.0799896358512342
0.08061390090733767
0.08005000837147236
0.08049699198454618
0.07977776508778334
0.07974870130419731
0.08233298920094967
0.0825427919626236
0.08032832387834787
0.08085788181051612
0.08051179721951485
0.08289849711582065
0.08262450806796551
0.07926287315785885
0.07951580407097936
0.07965400069952011
0.07985816709697247
0.07975570624694228
0.0805991068482399
0.0798750901594758
0.07973264530301094
0.08010323392227292
0.08043404435738921
0.08027059491723776
0.08058921992778778
0.08088856097310781
0.07993241213262081
0.07975145103409886
0.07986505795270205
0.07953425589948893
0.07982478803023696
0.08104045363143086
0.08063619490712881
0.08074966911226511
0.08010577224195004
0.07991087436676025
0.08021044405177236
0.08021232718601823
0.08021721197292209
0.07991060428321362
0.08019074890762568
0.07953758537769318
0.07949896203354001
0.07930623507127166
0.07969551114365458
0.07979166368022561
0.07867593923583627
0.07888005208224058
0.07987340493127704
0.07934943493455648
0.07901749201118946
0.07997961202636361
0.08179733995348215
0.08205181919038296
0.07967667235061526
0.07918952777981758
0.07883245218545198
0.0791841340251267
0.07842967426404357
0.07923880405724049
0.08023703703656793
0.07881466159597039
0.07977154292166233
0.07983015477657318
0.07909119594842196
0.0797450402751565
0.07964145904406905
0.07946523232385516
0.07904136599972844
0.07955526700243354
0.08113711699843407
0.08131005521863699
0.07906820205971599
0.07900962885469198
0.07981775002554059
0.08090490708127618
0.08072965778410435
0.07921914011240005
0.07916269917041063
0.07937578717246652
0.0790743906982243
0.07915019989013672
0.07900592591613531
0.07895085494965315
0.07906575407832861
0.07945414772257209
0.07898193784058094
0.07878056867048144
0.07922945311293006
0.07928863819688559
0.07921726116910577
0.0791865000501275
0.07915798993781209
0.07964002480730414
0.07888068677857518
0.07878541201353073
0.07951491186395288
0.0796560812741518
0.07931570196524262
0.07911374187096953
0.07943127816542983
0.07937274407595396
0.07839968428015709
0.07898372085765004
0.07913828687742352
0.07979027414694428
0.08036346407607198
0.08088400587439537
0.08022186206653714
0.07954463735222816
0.07956554181873798
0.07924460712820292
0.0789929423481226
0.07908364664763212
0.07931962003931403
0.07937193708494306
0.08004593895748258
0.08017124095931649
0.07963904738426208
0.08023834228515625
0.08035275479778647
0.08015468902885914
0.08072287309914827
0.0798702510073781
0.07959317089989781
0.0805464368313551
0.08042101608589292
0.07955959206447005
0.07925572106614709
0.07915639178827405
0.07929545687511563
0.07941717188805342
0.07957004895433784
0.08016307791694999
0.08015639893710613
0.07994734076783061
0.07980050379410386
0.08086430095136166
0.08068142225965858
0.08119795517995954
0.08098253887146711
0.07989143813028932
0.07997533585876226
0.08006178680807352
0.07903033401817083
0.07916760537773371
0.08004580019041896
0.08089670492336154
0.08087585819885135
0.07939064875245094
0.07944918423891068
0.07951826602220535
0.07967787468805909
0.08001432521268725
0.08059081714600325
0.08048619702458382
0.0809241677634418
0.08048650529235601
0.08060516929253936
0.08002141723409295
0.08001060876995325
0.08364526880905032
0.08239348977804184
0.08098989678546786
0.07998603908345103
0.0805407278239727
0.08145204000174999
0.07944866828620434
0.07990407012403011
0.07964827120304108
0.07991946022957563
0.08033838728442788
0.07979916920885444
0.0799445086158812
0.08024278888478875
0.08016026997938752
0.0811300640925765
0.08029579045251012
0.08033092599362135
0.08056182321161032
0.08050946285948157
0.07992259506136179
0.07962727500125766
0.07992179924622178
0.07924375589936972
0.07947892602533102
0.0790566629730165
0.07891267677769065
0.07931027328595519
0.07946982514113188
0.07970336871221662
0.079084194265306
0.08066646801307797
0.0821079439483583
0.08202882809564471
0.08098381012678146
0.07947211572900414
0.07953897537663579
0.07916245888918638
0.07970113400369883
0.07935788901522756
0.08004968427121639
0.0800512838177383
0.07956686289981008
0.0793556459248066
0.07948618475347757
0.0793315158225596
0.07997918920591474
0.07999387616291642
0.07955784071236849
0.07972447806969285
0.08106790529564023
0.07965148380026221
0.08033282682299614
0.07987527875229716
0.08068984700366855
0.0815469790250063
0.08191835600882769
0.08032815810292959
0.07945707067847252
0.0793595970608294
0.07967927679419518
0.07953600073233247
0.07997069275006652
0.0808033486828208
0.07960848230868578
0.08003970142453909
0.07917445478960872
0.07914250809699297
0.0794020863249898
0.07994201499968767
0.0810503289103508
0.0799565021879971
0.08032316388562322
0.08078808570280671
0.08145191194489598
0.08234575111418962
0.08116309205070138
0.08038765424862504
0.08098786510527134
0.08083764184266329
0.07953023118898273
0.07990317791700363
0.0804042350500822
0.08079828694462776
0.07971422839909792
0.07949489494785666
0.0802943678572774
0.07905347179621458
0.08083579083904624
0.07930634589865804
0.07987505197525024
0.07956481538712978
0.07902543805539608
0.07953279977664351
0.07956152595579624
0.07920908788219094
0.07980656623840332
0.07938864082098007
0.07859426317736506
0.07893723296001554
0.07893405295908451
0.07988946326076984
0.07866046391427517
0.08013863302767277
0.0787741569802165
0.07896529324352741
0.07955408422276378
0.07898933673277497
0.07883223798125982
0.07944893883541226
0.07942605903372169
0.07896969607099891
0.0792257129214704
0.07912194868549705
0.08017131313681602
0.08032577577978373
0.07928005792200565
0.0790961291640997
0.07836523372679949
0.07882349705323577
0.07986455038189888
0.08001525280997157
0.07924133772030473
0.08017796697095037
0.07972240075469017
0.07891119970008731
0.07974812528118491
0.0794178107753396
0.07910294085741043
0.07866698503494263
0.07851940020918846
0.07944090897217393
0.08070486597716808
0.0807863250374794
0.07935382286086679
0.07937844190746546
0.07921305112540722
0.07894342439249158
0.07957731001079082
0.0786248529329896
0.07877318374812603
0.07869397196918726
0.07867657486349344
0.0789019032381475
0.0788347302004695
0.07930038310587406
0.07912240456789732
0.07957842014729977
0.0785272833891213
0.07947081234306097
0.07918106578290462
0.07943644281476736
0.07947992580011487
0.08004196314141154
0.07962758000940084
0.07935004308819771
0.07955260621383786
0.07996080489829183
0.08201691322028637
0.08233225392177701
0.07896250300109386
0.07907721400260925
0.07991088181734085
0.08242649398744106
0.08155361888930202
0.07932748785242438
0.0786584997549653
0.08021308854222298
0.08166493475437164
0.08087815809994936
0.07822683779522777
0.07941464614123106
0.07989987079054117
0.07908367179334164
0.07945320196449757
0.07933608395978808
0.07915811100974679
0.07942657917737961
0.07897522579878569
0.0787596320733428
0.07925317296758294
0.080610868986696
0.0804852768778801
0.0792871038429439
0.0799211859703064
0.07992650521919131
0.080356250051409
0.08012288669124246
0.0797957549802959
0.07949784025549889
0.07968844892457128
0.0798306311480701
0.07908082287758589
0.07963458308950067
0.0795190311037004
0.07958771381527185
0.07952782372012734
0.0800690557807684
0.07980048982426524
0.0798851060681045
0.08002410316839814
0.07988643972203135
0.07955141272395849
0.07989747216925025
0.07994382735341787
0.07943939417600632
0.07936432771384716
0.0794371641241014
0.079745729919523
0.07978301914408803
0.07979187089949846
0.07971904519945383
0.08030973002314568
0.07968162279576063
0.0794348563067615
0.07942950492724776
0.07960816426202655
0.07939084060490131
0.07951672002673149
0.07952158572152257
0.07971165236085653
0.07992774294689298
0.08073642011731863
0.08060112176463008
0.08066262397915125
0.08024674886837602
0.08007557224482298
0.08028442692011595
0.07989036571234465
0.07986904866993427
0.08005641680210829
0.07978818006813526
0.0800403798930347
0.07971956487745047
0.07988865626975894
0.07945918897166848
0.08005085121840239
0.07969750696793199
0.08021893305703998
0.08075987221673131
0.08313951129093766
0.08293124381452799
0.08015322079882026
0.08033295581117272
0.07994831679388881
0.08124180929735303
0.08173129567876458
0.0806694021448493
0.08027858240529895
0.08025830704718828
0.08040273236110806
0.08033277187496424
0.08049680572003126
0.0805952725932002
0.08079139608889818
0.08063342329114676
0.08038120297715068
0.08005561958998442
0.0799012491479516
0.08028363436460495
0.08015199517831206
0.07990657910704613
0.0802029650658369
0.0800547581166029
0.08058687811717391
0.08058508718386292
0.08013469818979502
0.08035395108163357
0.08038912899792194
0.08069252129644156
0.08076903410255909
0.08098689001053572
0.08134781802073121
0.08310189377516508
0.08256113389506936
0.08031322108581662
0.08060360327363014
0.0804060879163444
0.0803777719847858
0.08052409812808037
0.0805319407954812
0.08050309494137764
0.08021035697311163
0.08002643287181854
0.08087061019614339
0.08039900101721287
0.07993366895243526
0.0801951540634036
0.07987322099506855
0.08004820300266147
0.0807504397816956
0.07999603869393468
0.08035625191405416
0.07994808489456773
0.0806805519387126
0.08021010085940361
0.08145668637007475
0.08038447005674243
0.08056057523936033
0.08042875491082668
0.08070433977991343
0.08047222625464201
0.08074350887909532
0.08028092002496123
0.08056891104206443
0.08098027110099792
0.08309708489105105
0.08278194861486554
0.07995346607640386
0.08058587787672877
0.07986266305670142
0.08050855016335845
0.08005980914458632
0.08008369291201234
0.08000303385779262
0.08159356471151114
0.08035245584324002
0.08029974019154906
0.0801177560351789
0.08093423629179597
0.08146467758342624
0.08063989179208875
0.080547661986202
0.08037655428051949
0.08022167161107063
0.08058368414640427
0.08018878614529967
0.0814503151923418
0.08083468023687601
0.08096038084477186
0.08077918598428369
0.08072525588795543
0.08094560028985143
0.08104503899812698
0.08034013910219073
0.08060825057327747
0.08100277185440063
0.08068159408867359
0.08144921995699406
0.08427251596003771
0.08319087792187929
0.08028310956433415
0.08054006239399314
0.08132648468017578
0.083121492061764
0.08297311188653111
0.08302320260554552
0.08030306315049529
0.0801713359542191
0.08278328506276011
0.08279998507350683
0.07946658786386251
0.0803542472422123
0.0801956276409328
0.08144141267985106
0.08175407815724611
0.07990096975117922
0.08032660372555256
0.08039520308375359
0.08017608197405934
0.08025102922692895
0.08070070995017886
0.08039410598576069
0.08066395809873939
0.0805758060887456
0.08021596679463983
0.0804172339849174
0.08017221931368113
0.08025738596916199
0.08034320408478379
0.08074169885367155
0.08026676205918193
0.08010086510330439
0.08081966312602162
0.08018720988184214
0.07997011858969927
0.08023383002728224
0.08105600066483021
0.08017459884285927
0.07965822611004114
0.08072411501780152
0.08093944098800421
0.08003277890384197
0.08054561214521527
0.07985160313546658
0.08011562284082174
0.0803611408919096
0.07979836594313383
0.08005092013627291
0.07988024782389402
0.07971707219257951
0.07964286301285028
0.07989525934681296
0.07972475094720721
0.07994937198236585
0.07994499616324902
0.08221614314243197
0.07976024597883224
0.08008714718744159
0.0803857883438468
0.08054894208908081
0.07993987621739507
0.08006068505346775
0.08093516901135445
0.0799808339215815
0.08248183317482471
0.08227763371542096
0.08038772409781814
0.08268181886523962
0.07986396085470915
0.07966251391917467
0.07986635295674205
0.07944303099066019
0.0792891108430922
0.08007328771054745
0.07956707431003451
0.07974585983902216
0.07971487008035183
0.07966877706348896
0.0797588718123734
0.08056697342544794
0.08041544677689672
0.07948888093233109
0.0797055340372026
0.07978262519463897
0.0797993391752243
0.07978552393615246
0.08050312427803874
0.0817245440557599
0.08163074823096395
0.07906408328562975
0.07908512698486447
0.08002291806042194
0.08115147100761533
0.08036466175690293
0.07927341293543577
0.07958430889993906
0.07959561608731747
0.07997712958604097
0.07999953301623464
0.07963003404438496
0.07955393195152283
0.07969658402726054
0.07938257092610002
0.07936987327411771
0.08000064175575972
0.08079174067825079
0.08114905888214707
0.07970018684864044
0.07951821386814117
0.07990857074037194
0.08027763105928898
0.07994697894901037
0.08015120681375265
0.07967271702364087
0.07990966411307454
0.08001861302182078
0.07937471708282828
0.07956165121868253
0.08004725072532892
0.08009840222075582
0.07945441408082843
0.07922706380486488
0.079985611140728
0.07981113810092211
0.07973372796550393
0.0798440077342093
0.07906657317653298
0.0799920940771699
0.08202981296926737
0.08344165189191699
0.07931252894923091
0.0794871561229229
0.08036269620060921
0.08128021517768502
0.0816377280279994
0.07880904991179705
0.07953488687053323
0.0796278896741569
0.07917094696313143
0.07916639698669314
0.07954706298187375
0.07993384124711156
0.0803437321446836
0.08004049677401781
0.0794543088413775
0.07940198108553886
0.07946654595434666
0.07987578818574548
0.0794128137640655
0.07923739729449153
0.07950575603172183
0.08046727115288377
0.08074372308328748
0.07927068090066314
0.08009631466120481
0.0794993662275374
0.07935678493231535
0.07932148873806
0.07904783682897687
0.07889157021418214
0.07991397101432085
0.08004399482160807
0.0793842300772667
0.08006530394777656
0.0792709388770163
0.07943009398877621
0.07986691687256098
0.07985801994800568
0.07982500875368714
0.0823853244073689
0.08187680784612894
0.07919639209285378
0.07930229511111975
0.07947436114773154
0.07959211664274335
0.07967708818614483
0.07977607008069754
0.08002867922186852
0.07985589187592268
0.08007182320579886
0.07956899609416723
0.07986446470022202
0.07986773597076535
0.08002726687118411
0.07992093497887254
0.07938739284873009
0.0798669783398509
0.07982815615832806
0.07936840411275625
0.07967247813940048
0.07926454115658998
0.07997580710798502
0.08076700801029801
0.08042320888489485
0.08029063604772091
0.07991863088682294
0.0799515382386744
0.07958843186497688
0.07981523126363754
0.0797566450200975
0.07989559601992369
0.07969329180195928
0.07984426384791732
0.0796705880202353
0.0801035719923675
0.0796576370485127
0.07978629320859909
0.08017089916393161
0.0803413288667798
0.08039622800424695
0.0804518829099834
0.08038594294339418
0.07976795174181461
0.07926455279812217
0.07959355972707272
0.07934441696852446
0.07952872291207314
0.07965087983757257
0.07957854215055704
0.07954224990680814
0.07973409024998546
0.07994751399382949
0.07974476600065827
0.0803266940638423
0.0796106681227684
0.07985197193920612
0.07984962500631809
0.07998395012691617
0.08136096177622676
0.08147402387112379
0.07963439030572772
0.07916291803121567
0.0802585887722671
0.08106028009206057
0.08089704066514969
0.07949799112975597
0.08000749396160245
0.07993882661685348
0.08000031439587474
0.0806976412422955
0.08045171108096838
0.08090946404263377
0.0799930882640183
0.07970230607315898
0.08009269880130887
0.08018885226920247
0.07994573889300227
0.07954448461532593
0.08004731219261885
0.0798994330689311
0.08009290182963014
0.08128856774419546
0.08154638484120369
0.07954469975084066
0.0799190578982234
0.0801836890168488
0.08063161373138428
0.08064201008528471
0.08031691797077656
0.0802730368450284
0.079982521943748
0.08001619298011065
0.08066455228254199
0.08022656990215182
0.08015605760738254
0.07988109299913049
0.08007786003872752
0.08010992594063282
0.07985553471371531
0.07999753020703793
0.07984379585832357
0.07991151604801416
0.07964265486225486
0.08166828704997897
0.08261869521811604
0.08259488409385085
0.0796346920542419
0.07980234501883388
0.08147832611575723
0.08314646501094103
0.08240501629188657
0.07978778518736362
0.08019999600946903
0.07998591801151633
0.08079227898269892
0.08105114987120032
0.08018464222550392
0.08076811535283923
0.08019121084362268
0.08014167286455631
0.0798342558555305
0.08012140216305852
0.08009602688252926
0.0796890058554709
0.07981270831078291
0.08006069716066122
0.07992387190461159
0.0803531021811068
0.08049612399190664
0.07972047384828329
0.08017198601737618
0.08023949293419719
0.08045929577201605
0.08051157416775823
0.0808750749565661
0.08038554107770324
0.08060764288529754
0.08308040117844939
0.08241148805245757
0.08037260733544827
0.08069768594577909
0.08080796198919415
0.08327344479039311
0.08232030877843499
0.08024528296664357
0.08037027297541499
0.08014395693317056
0.080413568764925
0.08029450196772814
0.08024354930967093
0.08007476385682821
0.07976516522467136
0.07984353182837367
0.08048910275101662
0.08014331012964249
0.08028801996260881
0.07988718803972006
0.0802693129517138
0.08021289994940162
0.08028049068525434
0.0800303453579545
0.08031234610825777
0.0806285128928721
0.0803534067235887
0.08088807808235288
0.080573839135468
0.08033485617488623
0.07998720929026604
0.08019738690927625
0.08058183407410979
0.08301663305610418
0.08265152294188738
0.07961143786087632
0.07990276021882892
0.08067251369357109
0.08271390292793512
0.08241587411612272
0.07948619732633233
0.08047427795827389
0.08063485659658909
0.08242842322215438
0.08202035212889314
0.07966675376519561
0.07988875405862927
0.08055829303339124
0.08019014215096831
0.08020568499341607
0.07970945909619331
0.08028028486296535
0.07983113033697009
0.08017384586855769
0.08019580598920584
0.0802476811222732
0.0806535929441452
0.08087258599698544
0.08024564106017351
0.08055706089362502
0.08025794615969062
0.08022792031988502
0.08026735298335552
0.08013992384076118
0.08000541804358363
0.0807943046092987
0.08209894225001335
0.08168474119156599
0.08016688842326403
0.0800920887850225
0.08057331386953592
0.08224313706159592
0.08162797428667545
0.07992535177618265
0.08010294893756509
0.080585777759552
0.08182972995564342
0.0817626379430294
0.08009761106222868
0.08059358596801758
0.07976614125072956
0.08004749100655317
0.08001710008829832
0.08031797269359231
0.08080163225531578
0.08023564564064145
0.0804173438809812
0.08035791385918856
0.08011855417862535
0.08015519008040428
0.08123011188581586
0.08006837079301476
0.08097958564758301
0.08163320366293192
0.08133570197969675
0.08180560497567058
0.08073786599561572
0.08175926189869642
0.08077187184244394
0.08384150685742497
0.0846928060054779
0.08214586973190308
0.08140761312097311
0.07967802323400974
0.07955636968836188
0.07963053090497851
0.08015124872326851
0.08013921976089478
0.07987557211890817
0.08191173104569316
0.08365999022498727
0.07959071919322014
0.07988689094781876
0.08037893008440733
0.08245381200686097
0.08143880870193243
0.07938073296099901
0.07961855083703995
0.08026424422860146
0.08127296064049006
0.08112227125093341
0.08034928375855088
0.08012259379029274
0.07915183994919062
0.07955593662336469
0.07917250413447618
0.07886789087206125
0.07945066830143332
0.07874411111697555
0.07913336390629411
0.07906065881252289
0.07922733575105667
0.07973049068823457
0.07988005364313722
0.07961766188964248
0.07899121241644025
0.07893593236804008
0.07937295874580741
0.07940034102648497
0.07933148508891463
0.08089407393708825
0.07882001297548413
0.0797602403908968
0.07979424996301532
0.07961225416511297
0.07952131284400821
0.07993221189826727
0.07977030705660582
0.07938836328685284
0.080105512868613
0.0815935111604631
0.08108410006389022
0.07930576195940375
0.07946612639352679
0.07969468273222446
0.08070426201447845
0.08070649905130267
0.07947998587042093
0.07939973194152117
0.0798367839306593
0.07975267199799418
0.07971897395327687
0.07942304713651538
0.07949447585269809
0.07933265203610063
0.07885401835665107
0.07904232572764158
0.07937713293358684
0.08044847007840872
0.07946824608370662
0.07960184989497066
0.07993341889232397
0.07840497186407447
0.0791874397546053
0.07826190395280719
0.07845136197283864
0.07888723257929087
0.07973706815391779
0.0786929982714355
0.07884100684896111
0.07874688506126404
0.07802341505885124
0.07800599001348019
0.07929363008588552
0.07860700087621808
0.07863801391795278
0.0790792009793222
0.07891108701005578
0.07827364280819893
0.07844051392748952
0.07894019829109311
0.07867344096302986
0.07879565423354506
0.07951580220833421
0.08235102705657482
0.08095093304291368
0.07855231268331409
0.07882695598527789
0.07794986898079515
0.07890821294859052
0.07866885513067245
0.07883215881884098
0.07850795611739159
0.07819242589175701
0.07901276322081685
0.07909293798729777
0.07862011110410094
0.07857324508950114
0.07857928797602654
0.07997388485819101
0.07876649871468544
0.07900287210941315
0.07877089735120535
0.0782723817974329
0.07832666300237179
0.07819254184141755
0.07908160611987114
0.07865880895406008
0.07862231088802218
0.07915183994919062
0.07889825012534857
0.07884096913039684
0.07883791904896498
0.07874492090195417
0.0789938559755683
0.08039359888061881
0.08028280595317483
0.0785588170401752
0.07988386694341898
0.07902332115918398
0.07861984614282846
0.07883852114900947
0.07858189893886447
0.07820055400952697
0.07846288103610277
0.07907037762925029
0.07940398482605815
0.0790221132338047
0.07882944215089083
0.07837586291134357
0.07862600684165955
0.0786782568320632
0.07852075295522809
0.07878595497459173
0.07886048499494791
0.07891080668196082
0.07926018629223108
0.07950871391221881
0.07854761835187674
0.07824254734441638
0.07922678301110864
0.08072522794827819
0.08087226375937462
0.07830465910956264
0.0790412682108581
0.07903240388259292
0.07897887891158462
0.07864142069593072
0.07836156291887164
0.07849783403798938
0.07870605494827032
0.07874628901481628
0.07911218097433448
0.07989627495408058
0.08166394103318453
0.08166906796395779
0.07867645099759102
0.07839888706803322
0.07819091901183128
0.07820692099630833
0.07860756106674671
0.07882772572338581
0.07856464199721813
0.07898798305541277
0.07877153577283025
0.07875536009669304
0.07889566896483302
0.08082215487957001
0.08055654494091868
0.07828120235353708
0.07884835405275226
0.07852989016100764
0.0800596815533936
0.07987943477928638
0.07896507810801268
0.07920412486419082
0.07859329832717776
0.07834988692775369
0.0782744837924838
0.0787696372717619
0.07825731998309493
0.07873344561085105
0.07995027815923095
0.07904314761981368
0.0790297957137227
0.08186928974464536
0.08088810788467526
0.0782476169988513
0.07891652779653668
0.07853144500404596
0.07856542197987437
0.07864129636436701
0.07888466119766235
0.0789106828160584
0.07826970471069217
0.07824351591989398
0.07837868481874466
0.07868146477267146
0.07875192537903786
0.07875615498051047
0.07894445396959782
0.0786433550529182
0.07808432914316654
0.07816437911242247
0.07829712890088558
0.07827774668112397
0.0785331898368895
0.07886482495814562
0.07854009605944157
0.07847515493631363
0.07852224819362164
0.08067693002521992
0.0804413971491158
0.07824917230755091
0.07832502201199532
0.07844081101939082
0.07854848727583885
0.07876607868820429
0.07827275665476918
0.07861210592091084
0.07862833514809608
0.07868250925093889
0.07877125777304173
0.07893832214176655
0.07869139220565557
0.07862956775352359
0.07831073086708784
0.07980648288503289
0.07847339613363147
0.07885760208591819
0.07892517792060971
0.0788781363517046
0.07879798719659448
0.07859202893450856
0.07813070993870497
0.07839351613074541
0.07889784080907702
0.07966576283797622
0.08005962101742625
0.07883795676752925
0.07827110774815083
0.07866332773119211
0.07798317400738597
0.07807337492704391
0.07868078490719199
0.0782973850145936
0.0785741820000112
0.07833755062893033
0.07815219694748521
0.07880544289946556
0.08065003575757146
0.08077897690236568
0.07813609391450882
0.07850523199886084
0.07833425886929035
0.07861169520765543
0.07877615885809064
0.0785522311925888
0.07822464406490326
0.07823003130033612
0.07827590359374881
0.07846063189208508
0.07842640113085508
0.07839485304430127
0.07800168870016932
0.07814456894993782
0.07835555402562022
0.07834392040967941
0.07910587079823017
0.07860373705625534
0.07887749280780554
0.07840506779029965
0.0781121482141316
0.07823805697262287
0.07875033095479012
0.07858636043965816
0.07913378812372684
0.07935322029516101
0.07844950212165713
0.0782993957400322
0.07808102015405893
0.07853077398613095
0.0783234410919249
0.0789660750888288
0.07826365111395717
0.07897406676784158
0.0780882928520441
0.07831152807921171
0.07885858789086342
0.08048834465444088
0.08010341785848141
0.07833197806030512
0.07871887972578406
0.07843219581991434
0.07851462718099356
0.07822545105591416
0.07856383314356208
0.07850855309516191
0.07912804884836078
0.0786530040204525
0.07927851984277368
0.07907742913812399
0.07899508206173778
0.07826795522123575
0.0781801687553525
0.07835275121033192
0.07846058625727892
0.07876411685720086
0.07881592586636543
0.07924446696415544
0.07816993771120906
0.07835327694192529
0.07809691783040762
0.07790020387619734
0.07862250786274672
0.07904701819643378
0.0787190799601376
0.07862802827730775
0.0780956051312387
0.07857812801375985
0.07823038613423705
0.07910582609474659
0.07994572492316365
0.08169309794902802
0.08061903435736895
0.07843538606539369
0.07872165087610483
0.07794359931722283
0.07829735800623894
0.07803560281172395
0.07820150116458535
0.07831354392692447
0.07802963117137551
0.07866671308875084
0.07850560126826167
0.07815426308661699
0.07794208498671651
0.0786368609406054
0.07873160112649202
0.07875470397993922
0.0791874723508954
0.0783604271709919
0.07883375231176615
0.07796892197802663
0.07861354295164347
0.07806272804737091
0.07822377607226372
0.07895388407632709
0.07872263994067907
0.08129577897489071
0.07990118209272623
0.07748218113556504
0.07790059316903353
0.07997066015377641
0.08067555725574493
0.0804767101071775
0.0781307709403336
0.07837934605777264
0.07867837231606245
0.07854764116927981
0.07773023983463645
0.07758773537352681
0.078047517221421
0.07846424588933587
0.07867053197696805
0.07907003723084927
0.07938525034114718
0.07794504333287477
0.07848272984847426
0.0783352511934936
0.07853536494076252
0.078744453843683
0.07874964363873005
0.07809569500386715
0.07866281922906637
0.08037583995610476
0.08020405285060406
0.07787758018821478
0.07815324096009135
0.07843307219445705
0.07823583064600825
0.0784953567199409
0.0784091460518539
0.07854164391756058
0.07836000435054302
0.07792970025911927
0.07886237511411309
0.07975509762763977
0.08185641188174486
0.08109723310917616
0.07872738689184189
0.07869204506278038
0.07842205604538321
0.07846109429374337
0.07876877998933196
0.07818924775347114
0.07884063199162483
0.07894994504749775
0.0786735862493515
0.0785134038887918
0.07836433313786983
0.07852839259430766
0.07853747718036175
0.07849183585494757
0.07876705098897219
0.07848270190879703
0.078590237069875
0.07771085342392325
0.07852050196379423
0.07837964687496424
0.07872791588306427
0.07877512136474252
0.07838677894324064
0.07864605775102973
0.08085408294573426
0.08107540803030133
0.07840575510635972
0.0789527096785605
0.07891402300447226
0.08077871473506093
0.0806834502145648
0.0785054499283433
0.0785992220044136
0.07906340109184384
0.07899109181016684
0.07854386139661074
0.07885922538116574
0.07887074071913958
0.07865756982937455
0.07910807989537716
0.07903877692297101
0.07891101576387882
0.07870357483625412
0.07896046293899417
0.07861343398690224
0.07857675570994616
0.07833824306726456
0.07893723575398326
0.07889269897714257
0.078878004103899
0.07886271923780441
0.07874570600688457
0.0789242098107934
0.07803752971813083
0.07880380004644394
0.0805125730112195
0.08085665898397565
0.0787205658853054
0.07875982625409961
0.07920898031443357
0.07891267398372293
0.0786805460229516
0.07858870783820748
0.07855555973947048
0.07860746420919895
0.07902618870139122
0.07882222393527627
0.0788327306509018
0.07905124174430966
0.07862329483032227
0.07848833175376058
0.07873467402532697
0.07879006303846836
0.07880124822258949
0.07869834871962667
0.07908936915919185
0.0786651368252933
0.07892927015200257
0.0783989829942584
0.07816590322181582
0.07924082083627582
0.07966504013165832
0.0804236140102148
0.07876682607457042
0.07855364680290222
0.07907431200146675
0.07854280294850469
0.07801865972578526
0.0788453328423202
0.07862107083201408
0.07886315789073706
0.07863952266052365
0.07841392699629068
0.07890208577737212
0.08120455499738455
0.08078412804752588
0.07874761894345284
0.07881201198324561
0.07943244790658355
0.08090256666764617
0.08071306999772787
0.07805362902581692
0.07840830506756902
0.07868606504052877
0.07846510782837868
0.07900416618213058
0.07870693691074848
0.0782605642452836
0.07849153596907854
0.07840766292065382
0.07859345804899931
0.07853506319224834
0.07844559010118246
0.07804048387333751
0.0785611611790955
0.07892725709825754
0.0786457541398704
0.0791824571788311
0.07838923437520862
0.07919650105759501
0.08097193017601967
0.08133393106982112
0.07827093498781323
0.07824243325740099
0.07876519719138741
0.08073521312326193
0.0801028460264206
0.07847031718119979
0.07874780800193548
0.07851614197716117
0.079567716922611
0.07806026516482234
0.07797457231208682
0.07855891110375524
0.07879554899409413
0.07847950607538223
0.07840208616107702
0.0784855242818594
0.07818522397428751
0.07823493937030435
0.07769412267953157
0.07773663802072406
0.07821852434426546
0.0783218671567738
0.07878994196653366
0.07837509596720338
0.08075093198567629
0.08066532807424664
0.07744655478745699
0.07856275420635939
0.07786053884774446
0.07976402994245291
0.07994583994150162
0.07865669624879956
0.077864158898592
0.07803564378991723
0.0778955421410501
0.07843481609597802
0.07862705131992698
0.07871010573580861
0.07843731576576829
0.07763815205544233
0.07786211185157299
0.07856816099956632
0.07944210898131132
0.07975224079564214
0.07868764409795403
0.07838237984105945
0.07808917388319969
0.07789084920659661
0.0781310903839767
0.07833777135238051
0.08045606780797243
0.07996466616168618
0.07833391707390547
0.0781494271941483
0.07833747798576951
0.07798231905326247
0.07818356994539499
0.0789783806540072
0.07837553601711988
0.07813304290175438
0.07836967101320624
0.07813409809023142
0.07877631485462189
0.08041851501911879
0.08048481587320566
0.0772394253872335
0.0786079429090023
0.07850391184911132
0.07795477891340852
0.07828364428132772
0.07793015101924539
0.07820311468094587
0.07877094997093081
0.07836744515225291
0.07821968290954828
0.07858695602044463
0.08126580156385899
0.08098900783807039
0.07739627081900835
0.07818718301132321
0.07827153103426099
0.07859713397920132
0.07902193814516068
0.0782245621085167
0.07793874572962523
0.07800612226128578
0.07793817995116115
0.07814768701791763
0.07847553677856922
0.07911590673029423
0.0785511820577085
0.07805936969816685
0.07823821809142828
0.0780738559551537
0.07842046301811934
0.07800373388454318
0.07831482170149684
0.07865118607878685
0.07822590880095959
0.07809405494481325
0.07824345678091049
0.0795010793954134
0.0794856040738523
0.07909757783636451
0.07835024874657393
0.07803906034678221
0.07801850000396371
0.07844708999618888
0.07834176206961274
0.0779266101308167
0.07898406172171235
0.07897408399730921
0.07831320306286216
0.0780651830136776
0.07887308113276958
0.08028022991493344
0.0801092660985887
0.07844683807343245
0.07832788676023483
0.07845623698085546
0.0786536829546094
0.07811274006962776
0.07840015273541212
0.08028231794014573
0.08029842982068658
0.07811690727248788
0.07847119029611349
0.07793762674555182
0.07773970765992999
0.07823710516095161
0.07834777981042862
0.07832926884293556
0.07847072975710034
0.07858217600733042
0.07876808382570744
0.07827658485621214
0.0811935430392623
0.08105420228093863
0.07751166261732578
0.07827867614105344
0.07843481004238129
0.07974379090592265
0.08002028102055192
0.07807685388252139
0.07832144293934107
0.07808315614238381
0.0781432488001883
0.07797353435307741
0.0797676001675427
0.0808669961988926
0.08009363617748022
0.07819514907896519
0.07859564200043678
0.07763570919632912
0.07809565588831902
0.07780132116749883
0.07826454192399979
0.07820545369759202
0.07871370995417237
0.07809837069362402
0.07776257675141096
0.07831828715279698
0.07958865398541093
0.07949699135497212
0.0778783019632101
0.07817037077620625
0.07832024525851011
0.07765433937311172
0.0779850659891963
0.07800776930525899
0.07771577872335911
0.077732402831316
0.07812881004065275
0.07761133508756757
0.0780847491696477
0.07982394192367792
0.07999065006151795
0.07815920189023018
0.0788624701090157
0.07923199515789747
0.07830356201156974
0.0774732162244618
0.07759626815095544
0.07813442731276155
0.07808880228549242
0.07820988772436976
0.07791675627231598
0.07886138139292598
0.07997317565605044
0.07954408787190914
0.07752377213910222
0.0776995038613677
0.0777488281019032
0.07782024890184402
0.07775278622284532
0.07804041216149926
0.08011731505393982
0.07976911636069417
0.07842701580375433
0.07867778977379203
0.07860822090879083
0.07882443629205227
0.07845922000706196
0.07849190989509225
0.07844380894675851
0.07845826400443912
0.07841306272894144
0.0783433998003602
0.07871158886700869
0.08178744977340102
0.08145603910088539
0.0780110158957541
0.0782775990664959
0.07920434698462486
0.080748344771564
0.08079901803284883
0.07831333903595805
0.07819386292248964
0.0782084846869111
0.07868407713249326
0.07761516189202666
0.07810136396437883
0.07852622400969267
0.07842326071113348
0.07921027392148972
0.07950634835287929
0.07905352301895618
0.07844340894371271
0.07857308676466346
0.07862128503620625
0.07900948775932193
0.07940274197608232
0.07945200288668275
0.08196128904819489
0.08024735609069467
0.08044431684538722
0.07987990882247686
0.08084318786859512
0.082860735245049
0.08117476711049676
0.0820168829523027
0.081000791862607
0.08088389132171869
0.08012637123465538
0.07956178113818169
0.08285301877185702
0.08032621396705508
0.07961892709136009
0.07943998323753476
0.08034811401739717
0.08284754119813442
0.08187905885279179
0.07925874786451459
0.08006412489339709
0.08071624208241701
0.08218740206211805
0.0819832650013268
0.07881998317316175
0.07882095035165548
0.0790923535823822
0.07903110980987549
0.07862772513180971
0.07854559365659952
0.07919835299253464
0.07835807418450713
0.07845551334321499
0.0784269031137228
0.07891989918425679
0.08119309693574905
0.08046872075647116
0.07822665479034185
0.07853882294148207
0.07835440710186958
0.07835954381152987
0.07804035488516092
0.07789035188034177
0.07825156906619668
0.0782046508975327
0.0789433210156858
0.07823765370994806
0.07832885393872857
0.08111168118193746
0.08075547218322754
0.07769449334591627
0.07892113411799073
0.07921431120485067
0.0799271878786385
0.08017956092953682
0.07882348634302616
0.07840819982811809
0.07855946104973555
0.07877541985362768
0.0780016640201211
0.07907656813040376
0.08035952504724264
0.08026252407580614
0.07831913605332375
0.07857242366299033
0.07858507428318262
0.07848375523462892
0.07793085789307952
0.07884450815618038
0.07853741617873311
0.0784074580296874
0.07859561778604984
0.0787321119569242
0.07821231707930565
0.07840840658172965
0.07842146465554833
0.07872590702027082
0.07854011002928019
0.0786054851487279
0.0784869659692049
0.07860410772264004
0.0778886959888041
0.07824547309428453
0.07850401289761066
0.07843987829983234
0.07868230482563376
0.08005787385627627
0.08105452079325914
0.08078207680955529
0.07842226326465607
0.07819195417687297
0.07942570187151432
0.0807319637387991
0.0808360381051898
0.07801199331879616
0.07847472000867128
0.07895119767636061
0.07951360195875168
0.07911874866113067
0.07883406896144152
0.078426627907902
0.07829109905287623
0.07835269207134843
0.07915857387706637
0.07903571892529726
0.07971432199701667
0.07949868822470307
0.07862730883061886
0.07824652129784226
0.07841526297852397
0.07831847574561834
0.07839868916198611
0.07843715278431773
0.07881016470491886
0.07854140875861049
0.07863346999511123
0.07835826883092523
0.07846363680437207
0.08040258102118969
0.080075872130692
0.07790141925215721
0.07821460301056504
0.07870671479031444
0.07860018499195576
0.07812751457095146
0.07794498419389129
0.0782455108128488
0.07850951189175248
0.07909589493647218
0.07936832401901484
0.07926922105252743
0.07807973586022854
0.07853476097807288
0.07812177762389183
0.07868008827790618
0.07853981200605631
0.07828211737796664
0.0782552482560277
0.07812961423769593
0.07812699396163225
0.07837584987282753
0.07927829027175903
0.07811146089807153
0.0784646300598979
0.07878608023747802
0.07821360975503922
0.07787527935579419
0.07818123698234558
0.07846278417855501
0.07874916400760412
0.0779508757404983
0.07844533305615187
0.08090056292712688
0.08088513510301709
0.0777253326959908
0.07786320568993688
0.07884748000651598
0.0804322506301105
0.07999033108353615
0.07813316164538264
0.07852149428799748
0.07869054330512881
0.07847823388874531
0.07742667803540826
0.0787354870699346
0.0800271276384592
0.0800711177289486
0.07831500889733434
0.0786169283092022
0.07868429413065314
0.07812662096694112
0.0781205459497869
0.07852138206362724
0.0785860582254827
0.07811088301241398
0.07830297574400902
0.0783798061311245
0.07828872743993998
0.08102615969255567
0.08114499086514115
0.07810522988438606
0.07793589774519205
0.07856204267591238
0.08030217699706554
0.0795380943454802
0.07851953711360693
0.07849113689735532
0.07785059697926044
0.07847910281270742
0.07795587228611112
0.0780202029272914
0.07857691729441285
0.07859680196270347
0.07811720110476017
0.07770121190696955
0.07778948079794645
0.0781834120862186
0.07847250206395984
0.0783249088563025
0.07885536178946495
0.07776935072615743
0.07762337615713477
0.0778362681157887
0.0783706409856677
0.07981289736926556
0.07969418494030833
0.0784248928539455
0.07850022893399
0.07781520904973149
0.07813041191548109
0.07821397809311748
0.07881318917497993
0.07837485708296299
0.07851114124059677
0.07833470404148102
0.07793897902593017
0.07821406098082662
0.08011699700728059
0.0799343790858984
0.07799417013302445
0.07850613119080663
0.07824560906738043
0.07793820090591908
0.07855027634650469
0.07770160958170891
0.07823360012844205
0.07788179209455848
0.07834317395463586
0.07840512273833156
0.07757933484390378
0.07800615718588233
0.07805584091693163
0.0780454371124506
0.07844225596636534
0.07833079481497407
0.07805713405832648
0.077944106888026
0.07864792505279183
0.0801110789179802
0.07997027691453695
0.07791959121823311
0.07808293914422393
0.07840517302975059
0.07829988980665803
0.07769676391035318
0.07814942998811603
0.07821283070370555
0.07825248502194881
0.07840098114684224
0.07889705710113049
0.07876239437609911
0.08050492824986577
0.08032208681106567
0.07776236673817039
0.07822429295629263
0.07809066399931908
0.07858813693746924
0.07817017193883657
0.07825485290959477
0.07833964889869094
0.07807618798688054
0.07858149288222194
0.07800011988729239
0.07831405708566308
0.07823114190250635
0.07806451292708516
0.07806810084730387
0.07864377927035093
0.07857142062857747
0.07877757493406534
0.07782386615872383
0.07847681175917387
0.0806893827393651
0.08068647608160973
0.0783571950159967
0.07828924618661404
0.07818043604493141
0.0800307891331613
0.0798035729676485
0.07819595886394382
0.07862711697816849
0.0777891892939806
0.07810234604403377
0.07811328070238233
0.07803160324692726
0.07817698689177632
0.07798594422638416
0.07786693517118692
0.07817475404590368
0.07839872594922781
0.08028598502278328
0.07984990673139691
0.07814998598769307
0.07838241197168827
0.07799142925068736
0.07822556188330054
0.07827281299978495
0.07881652377545834
0.08056248584762216
0.08092929003760219
0.07920748181641102
0.08055484900251031
0.07936424622312188
0.08038625121116638
0.07967841485515237
0.07979579688981175
0.07853441685438156
0.07836230099201202
0.07857890706509352
0.07826744485646486
0.07844213489443064
0.07835675915703177
0.07925735600292683
0.07866701483726501
0.07803646009415388
0.07855033501982689
0.08105880813673139
0.08064460707828403
0.07797079300507903
0.07853285782039165
0.07857871800661087
0.07887504622340202
0.07963310414925218
0.07947607897222042
0.07831479236483574
0.07867038296535611
0.07865383988246322
0.07861271686851978
0.0800945870578289
0.08175328793004155
0.08096787519752979
0.07864563772454858
0.07872144505381584
0.0784014081582427
0.07796750916168094
0.07822969602420926
0.07853796565905213
0.07855908013880253
0.07836385304108262
0.07896581524983048
0.07898166589438915
0.07911437889561057
0.08133091032505035
0.08058939594775438
0.08098300406709313
0.08107234816998243
0.08082208409905434
0.07858547521755099
0.0788256898522377
0.07888199109584093
0.07861901726573706
0.07956012198701501
0.07983053615316749
0.07951365178450942
0.07864582864567637
0.0787214320152998
0.07878781482577324
0.07835057331249118
0.07875191001221538
0.07898487895727158
0.08045230619609356
0.08056292356923223
0.07887014094740152
0.07922823028638959
0.0795908272266388
0.07943690195679665
0.07924359990283847
0.07848290307447314
0.07810590695589781
0.07918709889054298
0.07960111927241087
0.07876900117844343
0.0790856508538127
0.0787810180336237
0.07866820739582181
0.07862553605809808
0.0785892722196877
0.07927654590457678
0.08038311079144478
0.08058351604267955
0.07881475100293756
0.07863285671919584
0.08013666234910488
0.07896698592230678
0.07877289084717631
0.0785432793200016
0.07864486426115036
0.07888173498213291
0.07860059291124344
0.07910733623430133
0.07990465871989727
0.08151979791000485
0.08092832285910845
0.078755347058177
0.07899431511759758
0.07856138190254569
0.07861233409494162
0.0787828341126442
0.0790322907269001
0.07851616805419326
0.07909270189702511
0.0806850059889257
0.07902148412540555
0.07938040979206562
0.08199569676071405
0.08139265375211835
0.07856648415327072
0.07879143999889493
0.07943137595430017
0.08101433701813221
0.08108273707330227
0.07865168992429972
0.0789860999211669
0.0794588029384613
0.0796938817948103
0.07997619593515992
0.0793245229870081
0.07858765311539173
0.07905686320737004
0.07914690673351288
0.07869725907221437
0.07912528933957219
0.07973291911184788
0.07905760128051043
0.07933806208893657
0.07914044708013535
0.07993364334106445
0.08191234385594726
0.08207630505785346
0.07913969596847892
0.0789958955720067
0.07867832714691758
0.07972997101023793
0.0788715872913599
0.07897005090489984
0.0790423178113997
0.07932447921484709
0.07942057820037007
0.0789296398870647
0.07897345721721649
0.07906699273735285
0.07872259197756648
0.0789439338259399
0.07902689184993505
0.07910055108368397
0.0806291839107871
0.07981785386800766
0.07915656501427293
0.07931554969400167
0.0795041830278933
0.08004691684618592
0.08014126773923635
0.08036916796118021
0.08048514788970351
0.08018759079277515
0.08009334420785308
0.08003170322626829
0.08038395596668124
0.07991868956014514
0.08037655707448721
0.08010473614558578
0.08029878884553909
0.08034991100430489
0.08115380257368088
0.08060564007610083
0.08171772211790085
0.08192254789173603
0.08198183262720704
0.08081169286742806
0.08119659498333931
0.08012743387371302
0.08036421611905098
0.0802515484392643
0.0803329236805439
0.08038214081898332
0.08041077200323343
0.08102558786049485
0.08018710697069764
0.0802439278922975
0.0797762731090188
0.0801480719819665
0.08008686499670148
0.08018128294497728
0.07986799394711852
0.08014676114544272
0.07985745277255774
0.08004469098523259
0.08019800204783678
0.0805534622631967
0.0801927768625319
0.08115918934345245
0.08273469563573599
0.08220653608441353
0.07973737036809325
0.08030282286927104
0.08007620088756084
0.08059766236692667
0.08051934372633696
0.08019618829712272
0.0802418221719563
0.08053037198260427
0.0804209690541029
0.08019730262458324
0.07975676003843546
0.0799947390332818
0.08009355003014207
0.08001969289034605
0.08142557926476002
0.0799459582194686
0.07998844422399998
0.07993326708674431
0.07974568102508783
0.08022575080394745
0.08109513809904456
0.08277896884828806
0.08229972701519728
0.08067691791802645
0.08095894521102309
0.08013541391119361
0.08048637071624398
0.08016186393797398
0.08121610479429364
0.08104739198461175
0.08126344066113234
0.08268473017960787
0.08258802676573396
0.08056735107675195
0.08004325861111283
0.08026484120637178
0.08061238611117005
0.0803156616166234
0.08042944315820932
0.08043782599270344
0.0797859220765531
0.08035758463665843
0.08043588837608695
0.08024821197614074
0.08032699907198548
0.08021389320492744
0.08081285376101732
0.08014076435938478
0.08007474197074771
0.07997169392183423
0.0801187688484788
0.08002450922504067
0.08025996387004852
0.08000625390559435
0.080601766705513
0.08013594383373857
0.08070650836452842
0.08082051016390324
0.08042622311040759
0.08271893719211221
0.08273472310975194
0.07997092185541987
0.08018597029149532
0.08072494389489293
0.08291664300486445
0.0825866051018238
0.08030773093923926
0.0801989370957017
0.07993106823414564
0.08059318596497178
0.0797599689103663
0.0799004128202796
0.07945706183090806
0.07982941903173923
0.08014551503583789
0.0801677810959518
0.08042988600209355
0.08024367829784751
0.07980199623852968
0.07980264769867063
0.08030878286808729
0.08005494670942426
0.08072542399168015
0.08063580328598619
0.08046661922708154
0.08036395208910108
0.08091702405363321
0.08290804177522659
0.08313253102824092
0.08013012120500207
0.08037812495604157
0.08116619475185871
0.08280676882714033
0.08230360690504313
0.08114205300807953
0.08014984289184213
0.08137603709474206
0.08290651580318809
0.08269855612888932
0.07971051475033164
0.08125183079391718
0.08040313422679901
0.08110938174650073
0.08099494734779
0.08041637856513262
0.08032573712989688
0.08020800305530429
0.08016649587079883
0.08018345711752772
0.08048320608213544
0.08132427791133523
0.08065785095095634
0.08039218001067638
0.08039697771891952
0.08014322398230433
0.08000451605767012
0.07996994722634554
0.08005505800247192
0.07975597074255347
0.08053156267851591
0.08003337308764458
0.08009584993124008
0.08007162809371948
0.08009974285960197
0.08174900710582733
0.0831514778546989
0.08316117059439421
0.07989919697865844
0.07998317992314696
0.07989779626950622
0.08168107271194458
0.08142001880332828
0.08004473382607102
0.08031227719038725
0.08049017703160644
0.08006092486903071
0.08011367684230208
0.08010326884686947
0.0804448751732707
0.08015181869268417
0.08000614680349827
0.07971784006804228
0.0798887088894844
0.07998060900717974
0.08024904364719987
0.07983720628544688
0.07995755318552256
0.07996832206845284
0.08056442718952894
0.08015781780704856
0.0806120908819139
0.08109961589798331
0.08139776904135942
0.08280945895239711
0.08298156596720219
0.0801146780140698
0.0802551950328052
0.08178408071398735
0.0829211357049644
0.08283675275743008
0.080045560374856
0.07974143605679274
0.07983150286599994
0.08191211894154549
0.08135192189365625
0.079807308036834
0.08020047983154655
0.08032785076647997
0.08029322512447834
0.08065423602238297
0.08018938126042485
0.08011568430811167
0.08017132105305791
0.08005624311044812
0.07979704206809402
0.08005425706505775
0.07975054113194346
0.07937404792755842
0.07985581504181027
0.07998584117740393
0.08010759903118014
0.08045055903494358
0.08021222660318017
0.08014463260769844
0.08024855796247721
0.08039361797273159
0.08247971720993519
0.08264095801860094
0.08033316396176815
0.07998300716280937
0.08098357170820236
0.08276448398828506
0.08238015184178948
0.08032884122803807
0.08068705070763826
0.08068265207111835
0.08060734160244465
0.07997368182986975
0.08003306994214654
0.07994567090645432
0.08005584822967649
0.07957827812060714
0.07996667362749577
0.07961343415081501
0.07943322416394949
0.07962957303971052
0.0802950500510633
0.08006231114268303
0.08015949884429574
0.08008949272334576
0.08035024395212531
0.08102373499423265
0.08087509078904986
0.08063022093847394
0.08073744690045714
0.08021352114155889
0.08039112901315093
0.08008909318596125
0.08061028691008687
0.08343999926000834
0.08307947171851993
0.07998192869126797
0.08007957972586155
0.08136064512655139
0.082977837882936
0.08300113724544644
0.08035107189789414
0.08014410128816962
0.07979477290064096
0.07995933992788196
0.08009693399071693
0.08033919101580977
0.07945879688486457
0.0798109550960362
0.07965566404163837
0.07970447698608041
0.07980647217482328
0.07967618713155389
0.07983890874311328
0.08009351836517453
0.0798701411113143
0.07980741001665592
0.07946336502209306
0.07999755581840873
0.07980654807761312
0.08029944822192192
0.0798932216130197
0.08189340401440859
0.08157779416069388
0.08013385627418756
0.08057996490970254
0.08020940003916621
0.0818300866521895
0.08127581141889095
0.07973891077563167
0.0796857918612659
0.08054764196276665
0.0819129548035562
0.08188885496929288
0.08183285407721996
0.07984687108546495
0.07982218312099576
0.08097073901444674
0.08039251435548067
0.081080072093755
0.08080751076340675
0.08127851085737348
0.08144732005894184
0.08134860219433904
0.08067674515768886
0.0817898758687079
0.08184268465265632
0.08047825982794166
0.08103906502947211
0.08105044905096292
0.08108321717008948
0.08020956022664905
0.08072078786790371
0.08034421782940626
0.08092669770121574
0.08065743278712034
0.08132480317726731
0.08057781308889389
0.08011697512120008
0.08058462990447879
0.08245012909173965
0.08240771805867553
0.07961679063737392
0.08049776777625084
0.07964594615623355
0.08147116703912616
0.08127974113449454
0.07947175996378064
0.0797768491320312
0.08000939432531595
0.08154520159587264
0.08114973781630397
0.07914009969681501
0.07928919140249491
0.0791808208450675
0.07949638180434704
0.07960881805047393
0.07952716806903481
0.0791243608109653
0.07984653394669294
0.07941048592329025
0.07948695588856936
0.08005824964493513
0.08129147905856371
0.08115240512415767
0.07885072892531753
0.07956253224983811
0.08001080015674233
0.08037051372230053
0.080007113981992
0.07969141844660044
0.0798440552316606
0.07960955519229174
0.07988683506846428
0.07929235184565187
0.07932650716975331
0.0793943521566689
0.07959840400144458
0.0800518449395895
0.08007723512127995
0.08109727595001459
0.08268655277788639
0.08179126773029566
0.07912265183404088
0.07959154900163412
0.07978229504078627
0.07986222114413977
0.07988141011446714
0.07974560325965285
0.079775869846344
0.08070767438039184
0.07950694905593991
0.07999946223571897
0.07942288229241967
0.07980678789317608
0.07967221597209573
0.08053605910390615
0.0797027163207531
0.07948512397706509
0.08077827887609601
0.08015599614009261
0.07991196168586612
0.07985367020592093
0.08001280715689063
0.08307882025837898
0.08205633331090212
0.07939527882263064
0.07925498904660344
0.0797088099643588
0.0820423299446702
0.08266663597896695
0.07902969513088465
0.07916530314832926
0.07980427797883749
0.08165762713178992
0.08126715570688248
0.07997680315747857
0.079557070042938
0.07905666623264551
0.07947577489539981
0.07935601891949773
0.07939968770369887
0.07969346875324845
0.0795832509174943
0.08031969284638762
0.07935520866885781
0.07945245038717985
0.07897683326154947
0.07966113090515137
0.0793644618242979
0.07931049866601825
0.07949808100238442
0.08016127534210682
0.0800070483237505
0.07988006202504039
0.0800241120159626
0.07965446123853326
0.07948535215109587
0.07903958391398191
0.07951000705361366
0.0794061659835279
0.07921736594289541
0.07956478791311383
0.07944914186373353
0.07972629088908434
0.07956864777952433
0.07952058408409357
0.07963478099554777
0.07928995415568352
0.08006648113951087
0.08169453172013164
0.08104578591883183
0.07929886691272259
0.07916053431108594
0.07958681602030993
0.0807954240590334
0.08075671503320336
0.07932295929640532
0.07943206327036023
0.07936985418200493
0.07934304513037205
0.07976489700376987
0.07959555787965655
0.07949603861197829
0.07893733121454716
0.07909131702035666
0.07923443894833326
0.07989956717938185
0.08003071695566177
0.08012536587193608
0.0795674198307097
0.07967666396871209
0.0798138128593564
0.07968769688159227
0.07946247514337301
0.07953279931098223
0.07974538207054138
0.07924903556704521
0.0794668160378933
0.08028317894786596
0.07998571917414665
0.08038290590047836
0.07963925506919622
0.07966686272993684
0.07958728866651654
0.0795987299643457
0.08227500086650252
0.08179932786151767
0.07886691810563207
0.07894060295075178
0.07971225492656231
0.08157348679378629
0.0815342958085239
0.0789754306897521
0.07965927477926016
0.07952181994915009
0.07947962870821357
0.07968226075172424
0.07958619529381394
0.07944004377350211
0.07925229985266924
0.07958041084930301
0.0789692671969533
0.07952959183603525
0.08118729386478662
0.08118802355602384
0.07903356291353703
0.07988023990765214
0.07968805404379964
0.08054806897416711
0.0805938970297575
0.08049477310851216
0.07969414722174406
0.0794917019084096
0.07960521383211017
0.07919254619628191
0.07965936092659831
0.07930030394345522
0.07921615010127425
0.0795138687826693
0.0789452432654798
0.0795012703165412
0.07954867323860526
0.079985321033746
0.0795785398222506
0.07935682637616992
0.07990134181454778
0.08224031701683998
0.08170790504664183
0.07923779683187604
0.0793918282724917
0.08099505072459579
0.08047901559621096
0.07904752576723695
0.079203424975276
0.0791095457971096
0.0792075740173459
0.07944798190146685
0.07991334702819586
0.07945556379854679
0.07936394633725286
0.0790189509280026
0.07915341202169657
0.07906825328245759
0.07991814380511642
0.08094287803396583
0.08088916493579745
0.07888481905683875
0.07913488382473588
0.07954558404162526
0.07991340570151806
0.0796644426882267
0.07960668718442321
0.07958239922299981
0.07951114792376757
0.07926693698391318
0.07937651313841343
0.0792893348261714
0.07923182100057602
0.07924797618761659
0.07996954210102558
0.07996231690049171
0.08033711509779096
0.08235498564317822
0.08199855126440525
0.07906860997900367
0.07937255688011646
0.07964045275002718
0.0793582838959992
0.07937806472182274
0.0791874686256051
0.07902793306857347
0.07916638581082225
0.07990432297810912
0.07920817099511623
0.07925202511250973
0.07945010391995311
0.07924687582999468
0.07901098625734448
0.07928479323163629
0.07998570892959833
0.08119267225265503
0.08086800063028932
0.07971035689115524
0.07922503910958767
0.07954247994348407
0.0804671561345458
0.08022535406053066
0.07917401473969221
0.07944118836894631
0.07961006602272391
0.07907550595700741
0.07928200578317046
0.07920838193967938
0.07944566989317536
0.07943001808598638
0.07925934810191393
0.07908409740775824
0.08025916526094079
0.08194338530302048
0.08183078793808818
0.07918266579508781
0.07912104902788997
0.0794198322109878
0.07933995313942432
0.08071628957986832
0.07931034406647086
0.07955577922984958
0.07938016904518008
0.07941851392388344
0.07931315759196877
0.0801288541406393
0.08021191088482738
0.0799601199105382
0.07996193692088127
0.07955260016024113
0.08013784140348434
0.08255442418158054
0.08183243591338396
0.07905935402959585
0.07927098404616117
0.08034006087109447
0.08222891110926867
0.08224727213382721
0.07944190641865134
0.07971207983791828
0.08074427815154195
0.08202720573171973
0.08139451500028372
0.0790657913312316
0.07922533107921481
0.08001607796177268
0.08096673339605331
0.08088050689548254
0.07962692715227604
0.0796365519054234
0.08050557225942612
0.07964184926822782
0.0795831480063498
0.07948238588869572
0.07945853099226952
0.07925771316513419
0.0793638457544148
0.07947706431150436
0.08049264876171947
0.08109094994142652
0.08116540964692831
0.07921727513894439
0.0798620069399476
0.07960095582529902
0.08021401381120086
0.07974494295194745
0.07971940189599991
0.07946516294032335
0.079671336337924
0.0794451842084527
0.07920772908255458
0.07935561006888747
0.07965752435848117
0.07938267011195421
0.08017138997092843
0.07930597104132175
0.08052866579964757
0.08231052802875638
0.08177638100460172
0.07929145032539964
0.08040460105985403
0.07961350213736296
0.07987207313999534
0.07921496825292706
0.07934152288362384
0.07981615280732512
0.07896459987387061
0.07967349886894226
0.0792803131043911
0.07941001700237393
0.0795501722022891
0.07960960315540433
0.0797025840729475
0.07958650821819901
0.08045165566727519
0.08220911119133234
0.08216335671022534
0.080013123806566
0.08010953012853861
0.08030129596590996
0.08022246696054935
0.0793133620172739
0.07960002031177282
0.07976072374731302
0.07971676997840405
0.08137723291292787
0.08155985409393907
0.07913031196221709
0.07969598704949021
0.07962026307359338
0.08028528094291687
0.08040505414828658
0.0810739598236978
0.08009151928126812
0.07970614871010184
0.07980808615684509
0.07933077216148376
0.0796944429166615
0.07970698783174157
0.07983214315026999
0.07954008085653186
0.07952853199094534
0.07983649568632245
0.08059714082628489
0.08065370703116059
0.08000948233529925
0.07950165588408709
0.07998569868505001
0.07986870035529137
0.07993405219167471
0.07979826908558607
0.07982116378843784
0.08003314584493637
0.07950938679277897
0.07881661504507065
0.07921434100717306
0.07963152974843979
0.07997908676043153
0.07936681993305683
0.07961369212716818
0.08046998316422105
0.0822692234069109
0.08190585765987635
0.07907548686489463
0.08010092796757817
0.0792446262203157
0.07985061500221491
0.0790826128795743
0.07942156633362174
0.07929457630962133
0.07984853815287352
0.07959007704630494
0.07939528860151768
0.07917088503018022
0.0798705406486988
0.08000798989087343
0.07991292839869857
0.07977555226534605
0.07952645421028137
0.07965834578499198
0.07929232297465205
0.07925480464473367
0.07934379298239946
0.07985179871320724
0.08093312103301287
0.08104201406240463
0.07982264086604118
0.07939697802066803
0.08028462529182434
0.08034073701128364
0.07988294959068298
0.07974414760246873
0.07960427040234208
0.07950274366885424
0.08017759304493666
0.07976818084716797
0.07956755720078945
0.0794393727555871
0.0794932171702385
0.07966306013986468
0.07948361523449421
0.07972039794549346
0.07981473533436656
0.07984005706384778
0.08080930775031447
0.08108048606663942
0.08092971658334136
0.07954337494447827
0.08045512810349464
0.07972720311954618
0.07949513802304864
0.07946425816044211
0.07954603107646108
0.07960864016786218
0.0803798483684659
0.07971965800970793
0.07980156084522605
0.07977032568305731
0.07990065310150385
0.0807653060182929
0.08295568637549877
0.08207574719563127
0.0803855899721384
0.08022687491029501
0.08027558866888285
0.07972163800150156
0.08025013003498316
0.08046253584325314
0.07986610010266304
0.07982875499874353
0.07978338887915015
0.07935488689690828
0.07992449263110757
0.079917186871171
0.0797640341334045
0.07957451790571213
0.07978502800688148
0.08027683012187481
0.08012580778449774
0.07999742589890957
0.07979557802900672
0.07997234212234616
0.08044128306210041
0.08244290994480252
0.08243987476453185
0.08109415415674448
0.08036193391308188
0.0806442373432219
0.08248893218114972
0.08220297424122691
0.07969084614887834
0.0801872699521482
0.08037575287744403
0.08263924019411206
0.08221877412870526
0.07970104087144136
0.08000193536281586
0.08151077898219228
0.08252227585762739
0.08240639604628086
0.07976683182641864
0.08015574514865875
0.0796292619779706
0.08012631861492991
0.07980025373399258
0.0797447981312871
0.07943755108863115
0.0795064396224916
0.07961802603676915
0.07943542022258043
0.08040122408419847
0.08013229304924607
0.0803941311314702
0.08019221527501941
0.08033549087122083
0.08077548490837216
0.08302900986745954
0.08231071615591645
0.08076578099280596
0.08071646792814136
0.08035975601524115
0.08015934936702251
0.08017555996775627
0.07990742893889546
0.07964511774480343
0.0802770028822124
0.08172619296237826
0.08153262222185731
0.07981539983302355
0.07981562661007047
0.08032944612205029
0.082155407872051
0.08161156438291073
0.07944783801212907
0.08088213112205267
0.07976974686607718
0.07985789095982909
0.07970154890790582
0.07982761366292834
0.079892766661942
0.07992686331272125
0.08135564532130957
0.08041472313925624
0.08059254009276628
0.08088645106181502
0.07962603215128183
0.07965249428525567
0.07963214023038745
0.0800842591561377
0.08214962622150779
0.08219501003623009
0.07986158737912774
0.07974060485139489
0.0801360341720283
0.08174643479287624
0.08158201398327947
0.07973600178956985
0.07997140707448125
0.08019328070804477
0.08149570226669312
0.08078458020463586
0.07921428978443146
0.07980965496972203
0.07990833511576056
0.07988061709329486
0.08005457278341055
0.080268451012671
0.07971030520275235
0.07969346409663558
0.07972482312470675
0.0797585709951818
0.07994382223114371
0.08210996072739363
0.08129548514261842
0.07982384506613016
0.07981549203395844
0.08008753694593906
0.0813692701049149
0.08146340725943446
0.07936481200158596
0.07969048200175166
0.08082133019343019
0.08027528319507837
0.08037783810868859
0.0805545593611896
0.07997839013114572
0.08028517989441752
0.07982317078858614
0.08002380514517426
0.08001280715689063
0.08032436110079288
0.07974772993475199
0.07992673385888338
0.07957270182669163
0.08001590985804796
0.07982832984998822
0.07987120933830738
0.08057009382173419
0.07988790096715093
0.07988443970680237
0.08027973677963018
0.07995298318564892
0.08104600617662072
0.08177102310582995
0.08130051009356976
0.08032821817323565
0.0800583646632731
0.0796180940233171
0.0798835288733244
0.07976862508803606
0.07966175582259893
0.07973697315901518
0.07984616002067924
0.07985522178933024
0.07977790804579854
0.080104342661798
0.07991101825609803
0.08020051009953022
0.080324562266469
0.0799211272969842
0.08028867607936263
0.08005093364045024
0.08120670774951577
0.08266189880669117
0.0823828112334013
0.07967454707249999
0.0796980787999928
0.08037184923887253
0.08286046516150236
0.08221592288464308
0.07987006194889545
0.07955358223989606
0.07949873711913824
0.07968920888379216
0.07982954708859324
0.0793852680362761
0.07993988692760468
0.07982529886066914
0.07997043710201979
0.07974950782954693
0.08042560517787933
0.08002813905477524
0.07998515572398901
0.08006182732060552
0.07997088506817818
0.08013290073722601
0.08261239575222135
0.08218932710587978
0.0803073518909514
0.08037240477278829
0.07982478803023696
0.07959020836278796
0.07946527702733874
0.07972580706700683
0.07968565123155713
0.07983596762642264
0.0811972632072866
0.08120240410789847
0.07946396805346012
0.07980966428294778
0.07994497707113624
0.08020933624356985
0.08034260384738445
0.08050211472436786
0.0803180867806077
0.08011357299983501
0.07997158821672201
0.07987983385100961
0.07969454117119312
0.07955243811011314
0.07948612608015537
0.07970828097313643
0.07946061389520764
0.07983501395210624
0.08073198888450861
0.08078134106472135
0.08064462710171938
0.07982407417148352
0.08023774763569236
0.08018222497776151
0.08023873018100858
0.08001041179522872
0.07953478768467903
0.0796379130333662
0.07988876663148403
0.07972998823970556
0.07957070227712393
0.07962781609967351
0.08016230911016464
0.07961710402742028
0.07997148809954524
0.08092138404026628
0.0826204321347177
0.08252829406410456
0.08265189873054624
0.0825019171461463
0.08232236094772816
0.07934951316565275
0.07965021813288331
0.07976732216775417
0.08026078715920448
0.08019178407266736
0.08063808316364884
0.0808213991113007
0.08074308093637228
0.08049573702737689
0.08022240502759814
0.08020466612651944
0.07975181518122554
0.08024143800139427
0.0797007828950882
0.07959980610758066
0.0796856191009283
0.07974642002955079
0.07973557524383068
0.07994646392762661
0.07987975096330047
0.07991525391116738
0.08041268866509199
0.08084088377654552
0.08273982396349311
0.08292135829105973
0.08075733482837677
0.08062605187296867
0.0798103236593306
0.07979629980400205
0.08005454111844301
0.08033595699816942
0.08032425493001938
0.08046123618260026
0.08258224837481976
0.0823210240341723
0.0794948092661798
0.07993275485932827
0.0800583572126925
0.0805940916761756
0.08066456904634833
0.08062156988307834
0.08101656287908554
0.08105072006583214
0.08031471772119403
0.08171577099710703
0.08143896609544754
0.08234100695699453
0.08058306900784373
0.08261932572349906
0.0831054663285613
0.08246091194450855
0.08138692239299417
0.0813814178109169
0.08095286600291729
0.08048118278384209
0.08049160474911332
0.0806122669018805
0.08048811368644238
0.08033254183828831
0.08086460083723068
0.08079159306362271
0.08037010207772255
0.08067201497033238
0.08096180390566587
0.08056899625808
0.08088064892217517
0.08069096179679036
0.0800474127754569
0.07989442069083452
0.07982251886278391
0.0810615518130362
0.08260260103270411
0.08222852414473891
0.0796930524520576
0.07986278599128127
0.07934817392379045
0.08004034962505102
0.07996929995715618
0.07969596236944199
0.07955840090289712
0.08019855618476868
0.07999091735109687
0.0795109230093658
0.07987721916288137
0.07981871627271175
0.07968591060489416
0.08016347233206034
0.07994975475594401
0.08007059525698423
0.08043134910985827
0.07989976787939668
0.0800495301373303
0.08026525983586907
0.08015060191974044
0.08262203773483634
0.08239513309672475
0.07959871925413609
0.07980431336909533
0.08040987700223923
0.08235241565853357
0.08193232398480177
0.079273478128016
0.07945454400032759
0.08003072999417782
0.08193979598581791
0.08154744794592261
0.07925483025610447
0.07987777981907129
0.07965746195986867
0.07953696930781007
0.0800793613307178
0.08038878533989191
0.08012302499264479
0.0801279260776937
0.0799641590565443
0.07985660526901484
0.07952231308445334
0.07972602685913444
0.07942459499463439
0.07948885997757316
0.07943161996081471
0.08017506264150143
0.08080245880410075
0.08098125690594316
0.07953557185828686
0.07997619220986962
0.07995763421058655
0.08002780983224511
0.07974136201664805
0.07985099591314793
0.08009780896827579
0.08009068202227354
0.07996629504486918
0.0796967288479209
0.07999535836279392
0.07995399786159396
0.08045450877398252
0.08031597314402461
0.08004238409921527
0.08168220706284046
0.08289078529924154
0.08233749400824308
0.0826477101072669
0.08244347479194403
0.08221380785107613
0.07958543812856078
0.07977534970268607
0.07996752392500639
0.08014402305707335
0.0800981973297894
0.08147042896598577
0.0811425200663507
0.08007055800408125
0.0799265862442553
0.08054881077259779
0.08131625689566135
0.08070347923785448
0.08020604634657502
0.08032667310908437
0.0802318686619401
0.0804782877676189
0.08217085665091872
0.08009118074551225
0.08016314404085279
0.08011879911646247
0.08090085722506046
0.0799694093875587
0.07995907682925463
0.07997935730963945
0.08023755624890327
0.07965396158397198
0.07971996674314141
0.08168467879295349
0.0829720119945705
0.0822751079685986
0.07997821923345327
0.07987077301368117
0.07979637384414673
0.07987521309405565
0.0811985949985683
0.08068421576172113
0.0807823883369565
0.08056088024750352
0.0809217649511993
0.08092215284705162
0.08070981688797474
0.08097095973789692
0.08016254007816315
0.08013914013281465
0.08029231615364552
0.08018711814656854
