0.08765669772401452
0.08410504227504134
0.08288772730156779
0.08240473596379161
0.08308504289016128
0.08281286666169763
0.08295780327171087
0.08288231864571571
0.08334945281967521
0.08315320685505867
0.08529810467734933
0.0824694549664855
0.08304139599204063
0.08313468704000115
0.08223598217591643
0.0825108396820724
0.0828565158881247
0.08310851594433188
0.08314859215170145
0.08291716314852238
0.08321064105257392
0.08312428276985884
0.08356363512575626
0.08221052633598447
0.08192097768187523
0.08179385680705309
0.08216462610289454
0.08298636507242918
0.08311509480699897
0.0821194457821548
0.08223771583288908
0.08261355105787516
0.08250431017950177
0.08265993278473616
0.08309233887121081
0.08312577428296208
0.08265038393437862
0.08279122691601515
0.08241325803101063
0.08215819392353296
0.0817839470691979
0.08238594699651003
0.08199242129921913
0.08191596483811736
0.08172572171315551
0.08218628913164139
0.08185331989079714
0.08252189308404922
0.08196140499785542
0.08192881057038903
0.0826798751950264
0.08235619310289621
0.08272661222144961
0.08320481702685356
0.0825128429569304
0.08257250860333443
0.08274551760405302
0.08277028799057007
0.08259684965014458
0.08220170810818672
0.08203067304566503
0.08207056112587452
0.08192070806398988
0.08214107807725668
0.0824203621596098
0.08270643977448344
0.08208846673369408
0.08233135798946023
0.08170132897794247
0.08240018784999847
0.08258508425205946
0.08272083709016442
0.08283345773816109
0.08272339589893818
0.0824914313852787
0.08291187882423401
0.08286663796752691
0.08277624426409602
0.08210151083767414
0.08226058725267649
0.0821140706539154
0.08196094306185842
0.08208439080044627
0.08211762318387628
0.08209129702299833
0.08176505332812667
0.0819678083062172
0.08197036199271679
0.08198053995147347
0.08254747930914164
0.08227516105398536
0.08222920587286353
0.08241239003837109
0.08256734721362591
0.08246287889778614
0.08306947397068143
0.0828361758030951
0.08240932412445545
0.08226848673075438
0.08246314618736506
0.08203272894024849
0.08220783388242126
0.0819859723560512
0.08233023015782237
0.08343985863029957
0.08326215343549848
0.0824174890294671
0.08299341890960932
0.08266020100563765
0.08223130786791444
0.08290351927280426
0.08277051895856857
0.08263128763064742
0.08331463532522321
0.08221323741599917
0.08176634972915053
0.08303581178188324
0.08295289799571037
0.08267585560679436
0.08251875406131148
0.08214728673920035
0.0821128636598587
0.08215509494766593
0.08265323098748922
0.08213998610153794
0.08338097715750337
0.08283725939691067
0.08248771028593183
0.08330159680917859
0.08243575599044561
0.08242352493107319
0.08321438496932387
0.08206575689837337
0.08215630380436778
0.0814806092530489
0.08189461566507816
0.08184045180678368
0.08199049206450582
0.0823381207883358
0.08187912870198488
0.08218514639884233
0.08229043474420905
0.08250455930829048
0.08278817683458328
0.08273555804044008
0.08227241272106767
0.0824895310215652
0.08248075796291232
0.08187771588563919
0.08238326013088226
0.08272911701351404
0.08171786786988378
0.08172727888450027
0.08153535984456539
0.08188852109014988
0.08177347108721733
0.08191064931452274
0.08157517714425921
0.08143452508375049
0.08152653696015477
0.08162322733551264
0.08164409594610333
0.08204750716686249
0.08191719790920615
0.08188162464648485
0.08152795396745205
0.08148365002125502
0.08198875933885574
0.0825722930021584
0.08191048773005605
0.08190581109374762
0.0820733136497438
0.0821452783420682
0.08201492996886373
0.08257128298282623
0.08362793130800128
0.0820882678963244
0.08216725429520011
0.08225873205810785
0.0825373693369329
0.08301043696701527
0.08214100217446685
0.08186926366761327
0.08143633976578712
0.08192920265719295
0.08170543657615781
0.08295276900753379
0.08170105889439583
0.08163431799039245
0.08205402502790093
0.08139190822839737
0.08200636599212885
0.08364891726523638
0.08211858384311199
0.08204636303707957
0.0820952677167952
0.08210515789687634
0.08226970164105296
0.08306949958205223
0.0823772088624537
0.08251665392890573
0.08222523517906666
0.08230702392756939
0.08192735305055976
0.08212996320798993
0.08198717655614018
0.08209255198016763
0.08189695468172431
0.08173016970977187
0.08160183997824788
0.08208874706178904
0.083069431129843
0.08232783386483788
0.0819096970371902
0.08178019477054477
0.08178604813292623
0.08188854483887553
0.08229331718757749
0.08203281695023179
0.08237370103597641
0.08239113399758935
0.08231617603451014
0.08201274368911982
0.08305583894252777
0.08233878435567021
0.08230988821014762
0.08195724384859204
0.08200660115107894
0.0819578948430717
0.08198505034670234
0.0817416300997138
0.08255872083827853
0.0819670488126576
0.08173496089875698
0.08167375810444355
0.08213587291538715
0.08295357413589954
0.08307983912527561
0.0816454729065299
0.08208705997094512
0.08295843284577131
0.08414068166166544
0.08342780731618404
0.08202124806120992
0.08165647834539413
0.08158435812219977
0.08175892289727926
0.0820978693664074
0.08176829013973475
0.08231375506147742
0.08147127693518996
0.08409590879455209
0.08413138939067721
0.08229256700724363
0.08208418032154441
0.08308725664392114
0.08390690945088863
0.08201666176319122
0.08254917897284031
0.08311971696093678
0.08244518702849746
0.08228558441624045
0.08199119893833995
0.08170413598418236
0.08151907008141279
0.08180877193808556
0.08139930525794625
0.08149830624461174
0.0813945741392672
0.08134646387770772
0.08153315307572484
0.08149340515956283
0.08137202681973577
0.08131993608549237
0.0816725050099194
0.08161651669070125
0.08175882417708635
0.0814821389503777
0.08235526597127318
0.08205856801941991
0.08167544798925519
0.08168260473757982
0.08135657384991646
0.08142799092456698
0.08301760721951723
0.08209017384797335
0.08201218210160732
0.082406769040972
0.08182123582810163
0.082473817281425
0.08276243135333061
0.08238910930231214
0.08250020304694772
0.08216042118147016
0.08211584389209747
0.08174864202737808
0.08174532977864146
0.08176174387335777
0.08187744114547968
0.08150794077664614
0.08121245820075274
0.08170374389737844
0.08150818012654781
0.08147821482270956
0.08157793199643493
0.08217249298468232
0.0815115487203002
0.0813422123901546
0.08210342098027468
0.08236461086198688
0.08194211311638355
0.08115285774692893
0.08164274180307984
0.08140239119529724
0.08209726773202419
0.0818227007985115
0.08150894101709127
0.08176125772297382
0.08189751906320453
0.08176421979442239
0.08251855568960309
0.08192125614732504
0.08187853731215
0.08171423990279436
0.08196820737794042
0.08195521030575037
0.08284575026482344
0.0824276152998209
0.08190031396225095
0.08207932999357581
0.08185097016394138
0.08201322378590703
0.08263010904192924
0.08203702326864004
0.08153623063117266
0.08130459766834974
0.08095370978116989
0.08169497875496745
0.08324932074174285
0.08236426766961813
0.08221683977171779
0.08131540101021528
0.0819643922150135
0.0818117088638246
0.08183881267905235
0.08195611322298646
0.08226672001183033
0.08169542532414198
0.08169097965583205
0.08235265035182238
0.08232054021209478
0.08326262421905994
0.08210993325337768
0.08223254606127739
0.08246286911889911
0.08207598701119423
0.08187436778098345
0.08197613013908267
0.0818869099020958
0.08163578901439905
0.08170688897371292
0.08165028877556324
0.08193138195201755
0.0822877585887909
0.08154823165386915
0.0814050487242639
0.08190375892445445
0.08147934218868613
0.08235285524278879
0.0820967243053019
0.08138062292709947
0.08155668620020151
0.08179889060556889
0.08215931570157409
0.08238464314490557
0.08273617178201675
0.08176988502964377
0.08194656297564507
0.0821139458566904
0.08210570365190506
0.08261607633903623
0.08264980232343078
0.08209954621270299
0.08216744614765048
0.08211945090442896
0.08255474083125591
0.0819652690552175
0.08340258523821831
0.08208533562719822
0.08173493715003133
0.08189307199791074
0.08179818000644445
0.08133608242496848
0.08208615891635418
0.08156335167586803
0.08205001382157207
0.08187999716028571
0.08145681209862232
0.0816199453547597
0.08149033412337303
0.08219608990475535
0.08156964788213372
0.08184031117707491
0.0817578798159957
0.08203218039125204
0.08175662998110056
0.08203253708779812
0.08161731017753482
0.08315351698547602
0.08159920014441013
0.08155857166275382
0.0827020169235766
0.08225687313824892
0.0821326682344079
0.08193370793014765
0.08194205118343234
0.08218308864161372
0.0822470379061997
0.08278872864320874
0.0818631206639111
0.08201058022677898
0.08207869296893477
0.08171610115095973
0.08153878198936582
0.08185917185619473
0.08172111725434661
0.08147761132568121
0.0815719342790544
0.08167666895315051
0.08178422087803483
0.08153176726773381
0.0815911190584302
0.08163189701735973
0.08152233297005296
0.08152949111536145
0.08166825491935015
0.08190272888168693
0.08160432567819953
0.08139444282278419
0.08134891511872411
0.08172290725633502
0.08149257814511657
0.08239894080907106
0.08201735513284802
0.08402263466268778
0.08163427095860243
0.08196694031357765
0.08216897817328572
0.0830289633013308
0.08240059157833457
0.08159791212528944
0.08208271395415068
0.08226853096857667
0.08202946791425347
0.08252703491598368
0.08212259085848927
0.08214684901759028
0.08175766002386808
0.0820334292948246
0.08215052913874388
0.08276434941217303
0.08205715613439679
0.08182265516370535
0.08181313797831535
0.0819859872572124
0.08205764414742589
0.08215429820120335
0.08220162289217114
0.08175934618338943
0.08169142715632915
0.08164365123957396
0.08175781089812517
0.0820578490383923
0.08302947506308556
0.08230329677462578
0.08239941112697124
0.08225362608209252
0.08185173477977514
0.08222975628450513
0.08343565883114934
0.08242997666820884
0.08223512675613165
0.08160493802279234
0.08197364816442132
0.08194527495652437
0.08222794812172651
0.08183998987078667
0.0813009929843247
0.08136731619015336
0.08145553711801767
0.08131282078102231
0.08194603491574526
0.08119520405307412
0.08131674956530333
0.08115562703460455
0.08147251000627875
0.081266057677567
0.0823193690739572
0.08122004196047783
0.08163618389517069
0.0819078478962183
0.08153168112039566
0.08121366100385785
0.08195194462314248
0.08104569092392921
0.08130260277539492
0.08108449401333928
0.08185332315042615
0.08123799180611968
0.08147814683616161
0.08138403994962573
0.08093981212005019
0.08117589028552175
0.08129508793354034
0.08122016908600926
0.08165782783180475
0.08277167985215783
0.08190687373280525
0.08121536998078227
0.08134975377470255
0.08136047190055251
0.08092785719782114
0.08183650486171246
0.08088448317721486
0.08109518280252814
0.08105952711775899
0.08079422079026699
0.08081119367852807
0.08148287609219551
0.08130302000790834
0.08102748868986964
0.08067530719563365
0.0816861167550087
0.08125087758526206
0.08145143883302808
0.08122206991538405
0.08197105815634131
0.08219186821952462
0.08059879811480641
0.08117681974545121
0.08150334004312754
0.08243702119216323
0.082021857611835
0.08090187981724739
0.0807681642472744
0.08122588275000453
0.08345605805516243
0.08211012883111835
0.0813542241230607
0.08095902809873223
0.08097010105848312
0.08114417409524322
0.08133903332054615
0.08248004736378789
0.08171728812158108
0.0815964168868959
0.08130354387685657
0.0818451028317213
0.0826295088045299
0.08179851016029716
0.08169143879786134
0.08167755510658026
0.0817180061712861
0.08181892894208431
0.08242122130468488
0.08188094710931182
0.08432787423953414
0.0850128810852766
0.0832872330211103
0.0861702673137188
0.08354787202551961
0.0854801107198
0.08501008478924632
0.08302223216742277
0.08438662206754088
0.0849438332952559
0.08421216020360589
0.08474119380116463
0.08238861570134759
0.08550525037571788
0.08329050522297621
0.08376733213663101
0.0832592137157917
0.08267845492810011
0.08478628285229206
0.08389047579839826
0.08394600683823228
0.08385122194886208
0.0828613480553031
0.08414757810533047
0.0829548966139555
0.0827504638582468
0.08260501269251108
0.08378688618540764
0.08355648908764124
0.08375789085403085
0.08277893764898181
0.08214554516598582
0.08170667197555304
0.08191800490021706
0.08192962175235152
0.08227000292390585
0.08173748897388577
0.08169503882527351
0.08164022536948323
0.08144886884838343
0.08170386590063572
0.08146351436153054
0.08125404175370932
0.08121927781030536
0.08204639283940196
0.0823183017782867
0.08201385987922549
0.08215973805636168
0.08138159709051251
0.08115448104217649
0.08153747580945492
0.08117279689759016
0.08129738736897707
0.08178191632032394
0.08205558499321342
0.0819799629971385
0.08174868300557137
0.08164521027356386
0.08196421479806304
0.08150049205869436
0.08194193802773952
0.08204544661566615
0.08169463882222772
0.0816137371584773
0.08181946584954858
0.08253251994028687
0.0819474570453167
0.08209067303687334
0.08199856197461486
0.0819504726678133
0.08165885927155614
0.08216596487909555
0.0817833449691534
0.08167788293212652
0.08161115786060691
0.08145675575360656
0.0817445470020175
0.08255776390433311
0.0813790219835937
0.08248168881982565
0.08251761784777045
0.08203678810968995
0.08127592876553535
0.08115245401859283
0.08224333915859461
0.08212356781587005
0.08151406003162265
0.08094857586547732
0.08100677840411663
0.08128693886101246
0.0820004353299737
0.081931390799582
0.08149048499763012
0.08154672058299184
0.08157091308385134
0.08121353108435869
0.08184492494910955
0.08253737585619092
0.0825426559895277
0.08176174480468035
0.08150696568191051
0.08201312087476254
0.08433685312047601
0.08378803497180343
0.08167666522786021
0.08175900625064969
0.08147792238742113
0.08380794897675514
0.08472921466454864
0.08103359211236238
0.08111233916133642
0.08090255502611399
0.08104276098310947
0.08120977086946368
0.08155129523947835
0.08144791703671217
0.08098758570849895
0.08152490388602018
0.0812790272757411
0.08100651996210217
0.08200448099523783
0.08206485398113728
0.08257411979138851
0.08250275999307632
0.08173857582733035
0.08166241692379117
0.08191471174359322
0.08220115257427096
0.08172977808862925
0.0821414478123188
0.08216893579810858
0.08194259321317077
0.08214053884148598
0.08216270478442311
0.08154600532725453
0.08160535292699933
0.08167288359254599
0.08146202890202403
0.08200176805257797
0.08141325507313013
0.08106888504698873
0.08145600976422429
0.08199935918673873
0.08185004629194736
0.0818635537289083
0.0813440140336752
0.0814734110608697
0.08239770168438554
0.08260644599795341
0.08110298775136471
0.08117426605895162
0.08199045900255442
0.08263490395620465
0.08302737399935722
0.08212345186620951
0.08224046742543578
0.0822555311024189
0.08268271433189511
0.0820206687785685
0.0820870129391551
0.08245056495070457
0.08182474179193377
0.08181444928050041
0.08255945006385446
0.08162108669057488
0.08191132685169578
0.0813863561488688
0.08132556593045592
0.08151774108409882
0.08250925503671169
0.08220916986465454
0.08237699791789055
0.08145492197945714
0.08121393108740449
0.08181584486737847
0.08205186109989882
0.08179554296657443
0.0818073870614171
0.08161391504108906
0.08139269892126322
0.08145090471953154
0.08225927408784628
0.08257185388356447
0.08268640795722604
0.08202621294185519
0.08176972810178995
0.0816004779189825
0.08195228409022093
0.08174122869968414
0.08178847096860409
0.08238454582169652
0.08164256205782294
0.0818779831752181
0.08286668686196208
0.08151604421436787
0.08176662866026163
0.08148402394726872
0.08167949179187417
0.08117805002257228
0.08180173672735691
0.08141220081597567
0.0813729539513588
0.0813826504163444
0.08123201597481966
0.08125314628705382
0.08153960620984435
0.08189938869327307
0.08204807713627815
0.08208055421710014
0.08196861296892166
0.08147946698591113
0.08177002286538482
0.08295034617185593
0.08232273301109672
0.08145128423348069
0.08221270283684134
0.08190678199753165
0.08265091339126229
0.08237841911613941
0.08212899323552847
0.08175419317558408
0.08214253233745694
0.08171153394505382
0.08224273193627596
0.08265769015997648
0.08208201173692942
0.08172400901094079
0.08210545685142279
0.08220074372366071
0.08224045811221004
0.08167452039197087
0.08147663809359074
0.0814829170703888
0.0813163029961288
0.08140763593837619
0.08154905121773481
0.08217458287253976
0.08240169426426291
0.0825634659267962
0.08116847788915038
0.08107399893924594
0.08143496699631214
0.08279471704736352
0.08245741482824087
0.08215404767543077
0.0815964532084763
0.08174997894093394
0.08139339881017804
0.08267365302890539
0.08191811479628086
0.08177271438762546
0.08168051205575466
0.08203296223655343
0.08195878518745303
0.0825191680341959
0.08214973378926516
0.08314236672595143
0.0822269357740879
0.08163945097476244
0.08170300209894776
0.08236473798751831
0.08231932297348976
0.08133015409111977
0.08110496494919062
0.08101250417530537
0.08125802874565125
0.08214136119931936
0.08281272184103727
0.08267688006162643
0.08150364411994815
0.0812889439985156
0.08179371105507016
0.08132090605795383
0.08167120208963752
0.08106319513171911
0.0811824300326407
0.08148291381075978
0.08327790861949325
0.08230526186525822
0.08276094915345311
0.08144698431715369
0.08161188522353768
0.08193019824102521
0.08172012586146593
0.08270168723538518
0.08224350912496448
0.08217203477397561
0.08218757389113307
0.08179331012070179
0.08210180420428514
0.08189562615007162
0.08182567823678255
0.08174257213249803
0.08126378804445267
0.08149032527580857
0.08162971632555127
0.08168330695480108
0.08154589217156172
0.08146274974569678
0.08121271291747689
0.08133587380871177
0.0815438530407846
0.08146408293396235
0.08250148687511683
0.0811198833398521
0.08161915000528097
0.08182228915393353
0.08249262301251292
0.08233213005587459
0.08244553813710809
0.0814137039706111
0.08161906013265252
0.0826074043288827
0.08266182895749807
0.08184755826368928
0.08244892209768295
0.08203242300078273
0.08194196410477161
0.08151071425527334
0.08146516606211662
0.08211574191227555
0.08161897538229823
0.08341264445334673
0.08160632196813822
0.08183369319885969
0.0820502988062799
0.08164381003007293
0.0820229398086667
0.08197475923225284
0.08165530813857913
0.08137378701940179
0.08134173275902867
0.0817543352022767
0.08187222294509411
0.08163521066308022
0.0811232477426529
0.08153178915381432
0.08104041405022144
0.08198603196069598
0.08179753925651312
0.08203998021781445
0.08180267782881856
0.08300729328766465
0.08290521195158362
0.08139474363997579
0.08100191270932555
0.08187549887225032
0.08247705595567822
0.08269363874569535
0.08168367715552449
0.08153754845261574
0.08168338611721992
0.08347444888204336
0.08356391079723835
0.08197184605523944
0.08234908198937774
0.0822758860886097
0.08264518762007356
0.08235218422487378
0.081291563808918
0.08181611308827996
0.08187737967818975
0.08319441974163055
0.08379019191488624
0.08138723624870181
0.08123634289950132
0.08131921384483576
0.08144623693078756
0.08121176902204752
0.08137667318806052
0.08190487511456013
0.08121108217164874
0.08109494019299746
0.08145846100524068
0.08139438601210713
0.0812236899510026
0.0824509710073471
0.08254333259537816
0.0821751281619072
0.08161094877868891
0.08140381192788482
0.08143280912190676
0.08184231212362647
0.08176116272807121
0.08172387396916747
0.08203002018854022
0.08171715727075934
0.08173602912575006
0.08191449474543333
0.08214233443140984
0.08197693014517426
0.08245150838047266
0.0819448521360755
0.08215303299948573
0.08189846202731133
0.08260861691087484
0.08172861626371741
0.08184972032904625
0.08183345897123218
0.08127810014411807
0.08186821220442653
0.08192456979304552
0.08209066186100245
0.08200966194272041
0.08140370808541775
0.08136034896597266
0.08211270021274686
0.08282977482303977
0.08252793829888105
0.08145206421613693
0.08145810291171074
0.08155479794368148
0.08273174101486802
0.08311903104186058
0.08180769626051188
0.08184278197586536
0.08196255238726735
0.0822970480658114
0.08165131835266948
0.08203270193189383
0.08199311280623078
0.08153281593695283
0.08189504314213991
0.08166829403489828
0.08163278177380562
0.08240168774500489
0.08131297305226326
0.08133118599653244
0.0811626766808331
0.08153154887259007
0.08199796685948968
0.08214000286534429
0.08139849081635475
0.08218401577323675
0.08109267195686698
0.08129852684214711
0.08196303015574813
0.08142223116010427
0.0818559150211513
0.08119749603793025
0.08140087081119418
0.0813675089739263
0.0812316439114511
0.08169518923386931
0.0834649559110403
0.08141471492126584
0.0815074467100203
0.08219013176858425
0.0820426819846034
0.08129800902679563
0.08124478487297893
0.08157055173069239
0.0829527392052114
0.08258254732936621
0.08193716779351234
0.08168544201180339
0.08183702826499939
0.08175419084727764
0.08166309399530292
0.08273168979212642
0.08215618692338467
0.08171054907143116
0.0822919299826026
0.0817989818751812
0.08202334027737379
0.08214339707046747
0.08185172965750098
0.08168307365849614
0.08222620096057653
0.08208397682756186
0.0820585722103715
0.08168904855847359
0.0819706846959889
0.08156862109899521
0.08244063006713986
0.08137976611033082
0.08133359625935555
0.08143447898328304
0.08204514812678099
0.08116277260705829
0.08198559703305364
0.0812688092701137
0.08239231305196881
0.08226438798010349
0.08117937995120883
0.08120518084615469
0.08193686790764332
0.08272311184555292
0.08222191920503974
0.08132686512544751
0.08112729201093316
0.08101167995482683
0.08260983880609274
0.08177075814455748
0.08175794407725334
0.08184622740373015
0.08141298918053508
0.08151579787954688
0.08195548038929701
0.08242226298898458
0.0821591685526073
0.08190533705055714
0.08189239678904414
0.08163479901850224
0.08224124275147915
0.08204731624573469
0.0819459818303585
0.08172572497278452
0.08238881174474955
0.08172990381717682
0.08205102290958166
0.08205619407817721
0.08168142475187778
0.08125312393531203
0.08175778528675437
0.08143029222264886
0.08169530984014273
0.08233426790684462
0.08212220715358853
0.08141060220077634
0.08116423198953271
0.08145733969286084
0.08237400278449059
0.08292455179616809
0.08139540208503604
0.08144020708277822
0.08154528820887208
0.08133318508043885
0.08152137976139784
0.08154975902289152
0.08152373880147934
0.08158875582739711
0.0819430211558938
0.08125780895352364
0.08169300202280283
0.0820501958951354
0.08200475992634892
0.08194339601323009
0.08155091479420662
0.08187097078189254
0.08172519225627184
0.08261588076129556
0.08207447733730078
0.08191238390281796
0.08206966798752546
0.08201821520924568
0.08177098399028182
0.08291637198999524
0.08142430474981666
0.08166061108931899
0.08121871016919613
0.08178868656978011
0.08178847003728151
0.08240191079676151
0.08183495281264186
0.08144130418077111
0.08179161557927728
0.08150382013991475
0.08203290216624737
0.08190484205260873
0.08236825978383422
0.08153091184794903
0.08170932624489069
0.08166181296110153
0.08224171865731478
0.08200783794745803
0.08255558088421822
0.08206489309668541
0.08252495899796486
0.08232557401061058
0.08241764409467578
0.08242102107033134
0.08194843167439103
0.08279611589387059
0.0816254960373044
0.0816970020532608
0.08195915585383773
0.08173474483191967
0.08171022031456232
0.08182564191520214
0.0815858249552548
0.08207356324419379
0.08350980887189507
0.08206414896994829
0.08131331857293844
0.08103005914017558
0.08136806217953563
0.08136681606993079
0.08121806662529707
0.08136909129098058
0.0820116801187396
0.08165321266278625
0.08129628980532289
0.08157558180391788
0.08175610983744264
0.08189096115529537
0.08270752010867
0.08182652201503515
0.08212395431473851
0.08193834591656923
0.08184228790923953
0.08170410990715027
0.08255196921527386
0.08228857489302754
0.08204357977956533
0.0821328959427774
0.08165286015719175
0.08153910282999277
0.08207290712743998
0.0818498283624649
0.08161409385502338
0.08159935101866722
0.08157873107120395
0.08146914280951023
0.08125277189537883
0.08245894266292453
0.08128045033663511
0.08117815293371677
0.08139238087460399
0.08116316795349121
0.08172337897121906
0.08157101320102811
0.08095055911689997
0.08145100297406316
0.08140631299465895
0.08087999327108264
0.08148687379434705
0.08117800997570157
0.081072764005512
0.0815538801252842
0.08127601211890578
0.0810156580992043
0.08108243392780423
0.08170690899714828
0.08128366991877556
0.08142483700066805
0.08126379083842039
0.08113107597455382
0.08111747773364186
0.08198324823752046
0.08109975978732109
0.08090616902336478
0.08094586478546262
0.08119865320622921
0.08140575420111418
0.08199368743225932
0.08252489101141691
0.08198813302442431
0.08244736725464463
0.08222345169633627
0.08201696490868926
0.08226229110732675
0.08264125417917967
0.08259045612066984
0.08249420300126076
0.08287841267883778
0.08241512114182115
0.08281498309224844
0.08301982842385769
0.08203406492248178
0.08248398266732693
0.08225636510178447
0.08175581274554133
0.08246144978329539
0.08297234680503607
0.08211480919271708
0.08208959735929966
0.08240950293838978
0.08224388491362333
0.08266392629593611
0.08300711121410131
0.08260493772104383
0.08273974293842912
0.08274581283330917
0.08279605396091938
0.08292640000581741
0.08281755121424794
0.08229418797418475
0.08193701226264238
0.08259192202240229
0.08215722674503922
0.0822674329392612
0.08242240129038692
0.08179067401215434
0.08202496636658907
0.08223725110292435
0.08238642988726497
0.08222716907039285
0.08257733890786767
0.0824747271835804
0.0827372339554131
0.08319018175825477
0.08248311560600996
0.08377943886443973
0.08258694596588612
0.08245288208127022
0.0823010173626244
0.0824015331454575
0.08299268083646894
0.08210152992978692
0.08256101794540882
0.08277459954842925
0.08334418293088675
0.08316937927156687
0.08262593625113368
0.08228481514379382
0.08390419417992234
0.0831166161224246
0.0825244951993227
0.08218754036352038
0.08213214902207255
0.0822562831453979
0.0826956550590694
0.08221277222037315
0.08204515092074871
0.0825725132599473
0.082430609036237
0.08218079805374146
0.08337045786902308
0.08255258202552795
0.08310134382918477
0.08250918192788959
0.08259359607473016
0.08379981108009815
0.08309571212157607
0.08188232174143195
0.08229195000603795
0.08207064680755138
0.08212842792272568
0.08178884582594037
0.08257942134514451
0.0823503672145307
0.08250044705346227
0.08414527494460344
0.08648885693401098
0.08395195892080665
0.08439953997731209
0.08518274175003171
0.08855842892080545
0.08713610796257854
0.08771889982745051
0.08614413207396865
0.08434798335656524
0.08579127490520477
0.08576617436483502
0.0846936241723597
0.08440380403771996
0.08483303897082806
0.08496755501255393
0.08664907095953822
0.08456035610288382
0.08391964435577393
0.08502555405721068
0.08521088492125273
0.08475322183221579
0.08497023116797209
0.0847366121597588
0.08511944394558668
0.08437298191711307
0.08532715495675802
0.08411988103762269
0.08313929382711649
0.08287589019164443
0.08230648096650839
0.08243712689727545
0.0826732381246984
0.08263270370662212
0.08236264297738671
0.08348086290061474
0.08340289629995823
0.08260882599279284
0.08307518903166056
0.08350053429603577
0.08318565087392926
0.0830509914085269
0.0826248531229794
0.08260129205882549
0.08303283620625734
0.0831590429879725
0.08214524202048779
0.08225166285410523
0.08258080808445811
0.08313668984919786
0.08360873395577073
0.08356734830886126
0.0831155707128346
0.08305020770058036
0.08294071489945054
0.08266194118186831
0.08265304286032915
0.0833376944065094
0.08263714704662561
0.08252034895122051
0.08265887992456555
0.08303035562857985
0.0832999930717051
0.08398376405239105
0.08356791688129306
0.0831194375641644
0.08274194179102778
0.08291205391287804
0.08276360714808106
0.08424186008051038
0.08255028817802668
0.0840668436139822
0.08450871240347624
0.08427308313548565
0.08300653891637921
0.0827413871884346
0.08291144203394651
0.08236118964850903
0.08216590574011207
0.08235072903335094
0.08299754885956645
0.08569195913150907
0.08315558917820454
0.08279258012771606
0.08259588107466698
0.0830553900450468
0.0830002399161458
0.0831041126511991
0.08272863971069455
0.08291626907885075
0.08229192811995745
0.08237425936385989
0.08256662171334028
0.0826247837394476
0.0827571339905262
0.08316932618618011
0.08326074108481407
0.08314527990296483
0.08317807409912348
0.08538389904424548
0.08277225913479924
0.08214137284085155
0.08234818885102868
0.08244233997538686
0.0836907746270299
0.08427479490637779
0.08305894117802382
0.08339445479214191
0.08331413893029094
0.08318489510565996
0.08267688192427158
0.0825562640093267
0.08236399292945862
0.08239051792770624
0.0825366978533566
0.08304702397435904
0.08210746524855494
0.08259262284263968
0.08286034408956766
0.08242135075852275
0.08243448659777641
0.0829330300912261
0.08269074792042375
0.08324705669656396
0.08339606504887342
0.08175415266305208
0.0822180649265647
0.08221985585987568
0.08191842492669821
0.08218634594231844
0.08215077221393585
0.08193093817681074
0.08188340673223138
0.08206404093652964
0.08184195309877396
0.0824536681175232
0.08239530026912689
0.08245798293501139
0.08204985409975052
0.08225847408175468
0.08283223630860448
0.08464748272672296
0.08268659561872482
0.08226583199575543
0.08294005505740643
0.08213869389146566
0.08224333729594946
0.08275519916787744
0.08202294586226344
0.08224419131875038
0.08245237590745091
0.08210483472794294
0.0824346118606627
0.08545944793149829
0.08271500002592802
0.0831719720736146
0.0832153013907373
0.08267328003421426
0.08266231184825301
0.08288986328989267
0.08253181632608175
0.08353444002568722
0.08363836677744985
0.08333959057927132
0.08252457622438669
0.08384750597178936
0.08489932026714087
0.08465222083032131
0.08197819907218218
0.08270262693986297
0.08266497077420354
0.08333622803911567
0.08265022095292807
0.08293299376964569
0.0829187692143023
0.08330411789938807
0.08223282685503364
0.08389876503497362
0.08271143632009625
0.0822970443405211
0.08223966183140874
0.08213690528646111
0.08183756796643138
0.08203511498868465
0.08212222484871745
0.08199059823527932
0.08191803796216846
0.08209370588883758
0.08167566685006022
0.08244045730680227
0.08207071479409933
0.08171417005360126
0.08170796325430274
0.08195840939879417
0.08216828526929021
0.08228627778589725
0.08291618898510933
0.0825676335953176
0.08248944627121091
0.08202727558091283
0.08216284168884158
0.08234555833041668
0.08273799298331141
0.08232244942337275
0.08207667479291558
0.08217139774933457
0.08177766017615795
0.08191856695339084
0.08190930215641856
0.08196300594136119
0.08196370676159859
0.08178944187238812
0.0814593150280416
0.08201529085636139
0.08203301299363375
0.08185711782425642
0.08220112882554531
0.08169591519981623
0.08220673399046063
0.08190321922302246
0.0825395598076284
0.08217902295291424
0.08205655682832003
0.0824342891573906
0.08224605629220605
0.08266588998958468
0.082721505779773
0.08276454359292984
0.08214392000809312
0.08232768531888723
0.08213429106399417
0.08191067911684513
0.08238518796861172
0.08209551218897104
0.0820198617875576
0.08200554922223091
0.08234458789229393
0.08188158320263028
0.08369509596377611
0.08282489888370037
0.08167050592601299
0.08137653302401304
0.0814414918422699
0.0813079378567636
0.08166203973814845
0.08168998500332236
0.08166877226904035
0.08191038202494383
0.08136141998693347
0.08165441080927849
0.08276248583570123
0.08202457427978516
0.08176222583279014
0.08149137999862432
0.08183385478332639
0.08175714034587145
0.08269522897899151
0.08181687677279115
0.08190024783834815
0.08184492960572243
0.08197084814310074
0.08203397179022431
0.08228732878342271
0.08203767007216811
0.08198690693825483
0.0813922411762178
0.08148243092000484
0.0818588170222938
0.08167559606954455
0.08166280714794993
0.08121131733059883
0.08142536226660013
0.08177572675049305
0.08129654871299863
0.08141306694597006
0.08220734680071473
0.08125584293156862
0.08138590585440397
0.08143991325050592
0.08118799515068531
0.08142201276496053
0.0816070600412786
0.08145310496911407
0.08123064180836082
0.08128715818747878
0.0813726750202477
0.08145808195695281
0.08150396822020411
0.08131618704646826
0.08133838512003422
0.0813002660870552
0.08106552204117179
0.08154161926358938
0.08249224908649921
0.08111283369362354
0.08136057294905186
0.0814156848937273
0.08134056814014912
0.08110934821888804
0.0820669918321073
0.08134640706703067
0.0812101298943162
0.08126712404191494
0.0813517072238028
0.0812600702047348
0.08194803586229682
0.08155158814042807
0.08121738070622087
0.08179640769958496
0.08108194312080741
0.08169022621586919
0.08131528738886118
0.08136538788676262
0.08125383500009775
0.08159699710085988
0.08137299213558435
0.0811364259570837
0.08125942340120673
0.08258245792239904
0.08146708970889449
0.08131786994636059
0.08105016406625509
0.08127631014212966
0.0817875717766583
0.08133737184107304
0.08160450076684356
0.0826656287536025
0.08251139800995588
0.0816406961530447
0.08163853082805872
0.08190741296857595
0.08183100260794163
0.08173259114846587
0.08164741843938828
0.08168146898970008
0.08191248401999474
0.0823038350790739
0.08185328403487802
0.08174039516597986
0.08215478900820017
0.08189818495884538
0.08188979979604483
0.08262929460033774
0.08161076297983527
0.08184782089665532
0.08144535310566425
0.08135783113539219
0.08140907622873783
0.08207312505692244
0.0811096066609025
0.08145760139450431
0.0815637637861073
0.08148240623995662
0.08126299409195781
0.0811729901470244
0.08162672724574804
0.08215676480904222
0.08169074822217226
0.08137405524030328
0.08140975190326571
0.08148379530757666
0.08294163085520267
0.08238001726567745
0.08125868812203407
0.08114404324442148
0.08120136521756649
0.08258041320368648
0.08349356381222606
0.08141021616756916
0.08152289316058159
0.08184922393411398
0.08342888485640287
0.0834531201981008
0.08203280624002218
0.08174637611955404
0.08192744664847851
0.08179981308057904
0.08180477330461144
0.08187018800526857
0.08197984984144568
0.08190081687644124
0.08142230194061995
0.08160428004339337
0.08150930982083082
0.08164816023781896
0.08215806912630796
0.08207446010783315
0.08161639096215367
0.08136886823922396
0.08143534325063229
0.08152888296172023
0.08269209926947951
0.08224178571254015
0.08159734820947051
0.08170596417039633
0.08176035387441516
0.08280195808038116
0.08337354334071279
0.08168807905167341
0.08155378699302673
0.08157249819487333
0.08172820322215557
0.08191458322107792
0.08195387059822679
0.0817204830236733
0.08182752598077059
0.08328182809054852
0.0818471759557724
0.08206331403926015
0.08207863802090287
0.08180404920130968
0.08369330083951354
0.0840599900111556
0.08125787181779742
0.08124060183763504
0.0814825389534235
0.08166358200833201
0.08127548499032855
0.08158179931342602
0.0815413068048656
0.08135556802153587
0.08113089390099049
0.08251267997547984
0.08143502799794078
0.08117180969566107
0.08161059999838471
0.08304826822131872
0.08307992806658149
0.08235411113128066
0.0819922392256558
0.08177052205428481
0.08190348511561751
0.08201064681634307
0.08179080998525023
0.08225107798352838
0.08193804416805506
0.08208364713937044
0.08180431369692087
0.08179173525422812
0.08157649170607328
0.08186096092686057
0.08151073614135385
0.08133969083428383
0.08149790577590466
0.08096026303246617
0.08123242482542992
0.08170429803431034
0.08121382491663098
0.08154780976474285
0.08139078319072723
0.08162199379876256
0.08210847107693553
0.08292274409905076
0.08153510885313153
0.08147667394950986
0.08193893264979124
0.08248021127656102
0.08216588897630572
0.08244313905015588
0.08188550267368555
0.0818727477453649
0.08313004905357957
0.08307354897260666
0.08154456131160259
0.081895403098315
0.08163354638963938
0.08197530498728156
0.08183831442147493
0.08177958708256483
0.08176335599273443
0.08170857233926654
0.08219790365546942
0.08179022511467338
0.08162454469129443
0.08171864924952388
0.08161619678139687
0.0813800785690546
0.08131668670102954
0.08155942615121603
0.08166799275204539
0.0815700157545507
0.08112677512690425
0.08182483399286866
0.08174065500497818
0.08129611006006598
0.08111717412248254
0.0816456968896091
0.08147132489830256
0.08140109572559595
0.08222929993644357
0.08149697771295905
0.08208700409159064
0.08167535904794931
0.08124357694759965
0.0816472927108407
0.08148891711607575
0.08245609328150749
0.08232665294781327
0.08154921839013696
0.0813885279931128
0.08182107377797365
0.08328845584765077
0.08218411123380065
0.08155492786318064
0.0820557652041316
0.08111226884648204
0.0819534701295197
0.08215276105329394
0.08184978365898132
0.08189123729243875
0.08182478277012706
0.08213886665180326
0.08237019507214427
0.08256413694471121
0.08206680417060852
0.08189224312081933
0.08185604913160205
0.0819923859089613
0.08144112816080451
0.08212543232366443
0.08154872804880142
0.08177211880683899
0.08216685289517045
0.08145960979163647
0.08160993875935674
0.08175764000043273
0.08275362802669406
0.08239352283999324
0.0814858521334827
0.08142046676948667
0.08167129382491112
0.08295694924890995
0.08302484033629298
0.0815448360517621
0.08193520922213793
0.0819215178489685
0.08208260592073202
0.08186776004731655
0.08248112676665187
0.08198626525700092
0.08228466799482703
0.08251676801592112
0.08181103691458702
0.08175869798287749
0.08218862395733595
0.08142055384814739
0.08136079832911491
0.08185291802510619
0.08171110274270177
0.08208314795047045
0.08283112058416009
0.08367716008797288
0.08317814907059073
0.08225497603416443
0.08259875932708383
0.08260744763538241
0.08286683401092887
0.08242168370634317
0.08254450978711247
0.0830576317384839
0.08366858772933483
0.0822645640000701
0.0822258829139173
0.08209770498797297
0.08247149176895618
0.08278902480378747
0.08182197669520974
0.0823987671174109
0.08246761607006192
0.08188301185145974
0.08240841282531619
0.08238741615787148
0.0824302420951426
0.08321182103827596
0.08302156906574965
0.08268555207177997
0.08254739083349705
0.08272427087649703
0.08239056495949626
0.08242156403139234
0.08232656586915255
0.08217820385470986
0.0820359019562602
0.08241905458271503
0.08237173967063427
0.08215016685426235
0.08286803495138884
0.08250764710828662
0.08306952705606818
0.08272636123001575
0.08312498405575752
0.08311804896220565
0.0841635586693883
0.08323975279927254
0.08265602588653564
0.08230605209246278
0.08264420880004764
0.0824762019328773
0.08380805095657706
0.08291890285909176
0.08284708112478256
0.08352637104690075
0.08322915993630886
0.08344013011083007
0.08500867802649736
0.08285791706293821
0.08279068442061543
0.08224651403725147
0.0835118000395596
0.08296306896954775
0.08351047895848751
0.08359174709767103
0.08285344718024135
0.08345453720539808
0.08281742595136166
0.08256469992920756
0.08345160912722349
0.08277752483263612
0.08250845409929752
0.08281383290886879
0.0828183856792748
0.0828438950702548
0.0837296387180686
0.08306023012846708
0.0830671051517129
0.08347929967567325
0.08296958822757006
0.08274998003616929
0.08313156617805362
0.08241768227890134
0.08237267471849918
0.0822686511091888
0.08238998567685485
0.08245302783325315
0.08601144421845675
0.08302181214094162
0.08302374603226781
0.0835245531052351
0.08317054901272058
0.08304704399779439
0.0834464319050312
0.08292164793238044
0.08237658673897386
0.08219687035307288
0.08253258327022195
0.08297848980873823
0.0836279196664691
0.08276372822001576
0.08287703664973378
0.08293863199651241
0.08290167478844523
0.08260791515931487
0.08441956900060177
0.08247064938768744
0.08218734804540873
0.08250257326290011
0.08254301594570279
0.08327540988102555
0.08309813868254423
0.08324200799688697
0.08313055988401175
0.08305761404335499
0.08291310025379062
0.08276028279215097
0.08250942500308156
0.08262399770319462
0.08252896228805184
0.08262054016813636
0.08231388963758945
0.08222208684310317
0.08268515486270189
0.08279943885281682
0.08306754985824227
0.08316657599061728
0.0841102316044271
0.08285218197852373
0.0827413727529347
0.08293680008500814
0.08306369977071881
0.08323038974776864
0.08212037803605199
0.0827701878733933
0.08356176596134901
0.08511657267808914
0.0835442771203816
0.08395363576710224
0.08316283114254475
0.08273567771539092
0.0824418282136321
0.08409343101084232
0.08298404701054096
0.08234360907226801
0.08263288997113705
0.0834752400405705
0.08337690401822329
0.08400600496679544
0.08321642270311713
0.08325719460844994
0.08283787267282605
0.0823763320222497
0.0824768329039216
0.08341234037652612
0.08272364269942045
0.08294773381203413
0.08243987802416086
0.08289530593901873
0.08271559374406934
0.08372903475537896
0.08322545513510704
0.08296973025426269
0.08259167894721031
0.0820545582100749
0.08247173577547073
0.08254678687080741
0.08347083907574415
0.08321406226605177
0.0827094023115933
0.08319691522046924
0.0839938810095191
0.08376204082742333
0.0838915198110044
0.0827888771891594
0.08229068107903004
0.08240639977157116
0.08249460393562913
0.08336974307894707
0.08492553792893887
0.0849171350710094
0.08493887400254607
0.08681238628923893
0.08438322227448225
0.08584745414555073
0.08713028486818075
0.0877693397924304
0.08593660593032837
0.08704423904418945
0.08970256708562374
0.08605552790686488
0.08524328796193004
0.08618558989837766
0.08644942007958889
0.08524462534114718
0.08316601114347577
0.08851516991853714
0.08616269798949361
0.08462475799024105
0.08409321960061789
0.08594056079164147
0.08465837500989437
0.08480642503127456
0.08609041199088097
0.08510944386944175
0.08393430383875966
0.0844420320354402
0.08365470310673118
0.08333695214241743
0.08343627210706472
0.08300383109599352
0.08294474286958575
0.0828147609718144
0.08359970198944211
0.08230616804212332
0.08300936315208673
0.08301227912306786
0.0823045689612627
0.08184690913185477
0.08429892780259252
0.08223118586465716
0.0823727073147893
0.08250153437256813
0.08286049496382475
0.08240813994780183
0.0829956610687077
0.08232365874573588
0.08251889981329441
0.08259329199790955
0.08231313992291689
0.08237190032377839
0.08208586368709803
0.08205968700349331
0.08191979490220547
0.0818877057172358
0.08185704378411174
0.08174660569056869
0.08275393210351467
0.08165148086845875
0.0819629649631679
0.0821666638366878
0.08238316792994738
0.082530926913023
0.08478383487090468
0.08320817397907376
0.08292555063962936
0.08263906603679061
0.08184290723875165
0.08200884284451604
0.08332684589549899
0.08223116584122181
0.08206142298877239
0.0817310493439436
0.08183115161955357
0.08257044618949294
0.08296434115618467
0.08196501014754176
0.08271886501461267
0.08210239699110389
0.08254622807726264
0.08241880917921662
0.08346245810389519
0.08269675821065903
0.08264038013294339
0.08243108633905649
0.08212696481496096
0.08259207895025611
0.08250284707173705
0.08184988284483552
0.08218692289665341
0.0832682503387332
0.08345743268728256
0.08272417122498155
0.08220025012269616
0.08281063660979271
0.0828262846916914
0.08241631230339408
0.08230442507192492
0.08274449408054352
0.08247912209481001
0.08295824704691768
0.08187147928401828
0.08205502992495894
0.08228429732844234
0.08239863719791174
0.08307531382888556
0.08361412398517132
0.08203245187178254
0.0822670697234571
0.08278079703450203
0.08240530081093311
0.0828208108432591
0.08266324596479535
0.08294390421360731
0.08282649703323841
0.08213631482794881
0.082555266097188
0.08261782582849264
0.08274817885830998
0.08230583276599646
0.08174134511500597
0.08182320185005665
0.08186486503109336
0.08200385607779026
0.08226530533283949
0.08210142189636827
0.0820678099989891
0.08245568303391337
0.08267654199153185
0.08303585182875395
0.08389525907114148
0.08277193596586585
0.08264607796445489
0.08257507300004363
0.08290095487609506
0.08244762104004622
0.08228547591716051
0.08196762343868613
0.08231609407812357
0.0821396904066205
0.08224227698519826
0.08237670082598925
0.08238638704642653
0.08251627068966627
0.08355531608685851
0.08263956988230348
0.08337162295356393
0.08241428667679429
0.08316477667540312
0.08327374793589115
0.08239078475162387
0.08264548936858773
0.08248902205377817
0.08238390507176518
0.08261803071945906
0.08264346700161695
0.08265372971072793
0.0835709348320961
0.08317647175863385
0.08269437216222286
0.08295831270515919
0.08308622799813747
0.08294911775738001
0.08281566295772791
0.08222971530631185
0.08248035376891494
0.08230780204758048
0.08222168777137995
0.0823860177770257
0.08205236122012138
0.08270768914371729
0.08256801590323448
0.0836065849289298
0.08270305721089244
0.08271544286981225
0.08304545097053051
0.08293912932276726
0.08278386713936925
0.08306136215105653
0.08207521820440888
0.08215602487325668
0.08216465078294277
0.08220320986583829
0.08248747605830431
0.08285141084343195
0.08200551569461823
0.08242834219709039
0.08276487095281482
0.0828280821442604
0.08280115202069283
0.08391677122563124
0.08310624491423368
0.08250201679766178
0.0823974497616291
0.08237592875957489
0.08206234825775027
0.08267318410798907
0.0825454038567841
0.08227716712281108
0.08214592700824142
0.0822833301499486
0.08197060599923134
0.08245053421705961
0.08613444305956364
0.08337116427719593
0.08323211874812841
0.08289847895503044
0.0823274627327919
0.08289111405611038
0.08513331692665815
0.0826144739985466
0.08246718719601631
0.08260282734408975
0.08252528868615627
0.083000672981143
0.08313220087438822
0.08337114099413157
0.08294287789613008
0.08287268504500389
0.08230625931173563
0.0821556719020009
0.08335818164050579
0.08251323783770204
0.08270774316042662
0.08215810125693679
0.08266839012503624
0.08324419008567929
0.08358999388292432
0.08296695817261934
0.08295448403805494
0.08309792308136821
0.08251675358042121
0.08251360524445772
0.08306404994800687
0.08269649744033813
0.08267449587583542
0.08277462888509035
0.08232014998793602
0.08261135499924421
0.08385910093784332
0.08349380688741803
0.08320561284199357
0.08315768372267485
0.08245785906910896
0.08234182372689247
0.08251766115427017
0.08319454826414585
0.0830810652114451
0.08245788980275393
0.08219070686027408
0.08351277094334364
0.08486527157947421
0.08452412625774741
0.08286560326814651
0.0827203681692481
0.08263746462762356
0.08276009699329734
0.08280642796307802
0.08286444330587983
0.08279822766780853
0.08266628114506602
0.08290002215653658
0.08308824617415667
0.08418098092079163
0.08363610180094838
0.08296469831839204
0.08241032809019089
0.08232861710712314
0.0826963228173554
0.08313728496432304
0.08275812864303589
0.08257509395480156
0.08286346821114421
0.08339858381077647
0.08369281608611345
0.0854946170002222
0.0828162869438529
0.08278944296762347
0.08343090722337365
0.08346362691372633
0.08292731130495667
0.08375472761690617
0.08318009180948138
0.08323826966807246
0.0833803522400558
0.08342125918716192
0.08331155404448509
0.08334302995353937
0.08252447890117764
0.0825907769612968
0.082627781201154
0.08307976461946964
0.08292355528101325
0.0830158181488514
0.08314521610736847
0.08344467030838132
0.0832761898636818
0.08315602224320173
0.08291648514568806
0.0829513669013977
0.08238079492002726
0.08234116900712252
0.08255930803716183
0.08253592904657125
0.08310272498056293
0.08291714498773217
0.08299921313300729
0.08312831539660692
0.08304066490381956
0.08325430704280734
0.08318157494068146
0.08287853002548218
0.08264483837410808
0.08271768363192677
0.08279466722160578
0.08381777629256248
0.08374887984246016
0.08284883759915829
0.08292087400332093
0.08282361086457968
0.08344206307083368
0.0829837592318654
0.08336438797414303
0.08334625186398625
0.08289428101852536
0.08242454333230853
0.08323125261813402
0.0831548161804676
0.0830326839350164
0.08396673388779163
0.08303487859666348
0.08359673293307424
0.08308074483647943
0.08282394893467426
0.0822821338661015
0.08237129170447588
0.08232856215909123
0.0827659429050982
0.08255740301683545
0.08266013395041227
0.0838149399496615
0.08371207304298878
0.08329398278146982
0.08352159103378654
0.08360218117013574
0.08287425199523568
0.08249649219214916
0.08346807630732656
0.08301293663680553
0.08269435679540038
0.08327889302745461
0.08263646205887198
0.08303146297112107
0.08395840413868427
0.08349948702380061
0.08350241975858808
0.082846499979496
0.08261046605184674
0.08250063378363848
0.08297796081751585
0.08268173318356276
0.08274746872484684
0.082607283256948
0.08376415725797415
0.08370362780988216
0.0841345232911408
0.08301261300221086
0.0829698140732944
0.08286454901099205
0.08242659270763397
0.08230405719950795
0.08297444181516767
0.08255686704069376
0.08289479557424784
0.08274770807474852
0.08335417602211237
0.083783277310431
0.08396101603284478
0.0831728340126574
0.08324754098430276
0.08245591400191188
0.08259806362912059
0.0821879762224853
0.08295953925698996
0.08258020365610719
0.08284961991012096
0.08365168981254101
0.08183967415243387
0.08163210190832615
0.08213331317529082
0.08176446100696921
0.08156507555395365
0.0816928599961102
0.08173611713573337
0.08171242382377386
0.08264559507369995
0.08189845504239202
0.08206930290907621
0.08175716828554869
0.08185980515554547
0.08226512698456645
0.08174923295155168
0.08164643868803978
0.08133208798244596
0.08135085506364703
0.08181427605450153
0.0817841193638742
0.08171205502003431
0.08256947435438633
0.08141756104305387
0.08147381991147995
0.08147684577852488
0.08166957413777709
0.08118782797828317
0.08188458811491728
0.08114190679043531
0.08169201668351889
0.08164479117840528
0.0816746330820024
0.08215518202632666
0.08162243198603392
0.08122962201014161
0.081747533287853
0.08142756391316652
0.08211659314110875
0.08338404726237059
0.08145764376968145
0.0814386042766273
0.08194613875821233
0.08179633459076285
0.08193373680114746
0.08342573093250394
0.08237382117658854
0.08201745338737965
0.08226329367607832
0.08187156496569514
0.08256281074136496
0.08257951121777296
0.08255592687055469
0.0821965322829783
0.08220463106408715
0.08165075303986669
0.08170727035030723
0.08195127500221133
0.08243219228461385
0.08157764608040452
0.08128979802131653
0.08131467830389738
0.08196176821365952
0.08203933015465736
0.083447250071913
0.08199667418375611
0.08104000287130475
0.08055997174233198
0.08155398583039641
0.08160366211086512
0.08128891233354807
0.08148491103202105
0.08106261305510998
0.08089701598510146
0.08120189886540174
0.08147146413102746
0.08126765489578247
0.08110859710723162
0.08126286556944251
0.08098987815901637
0.08129780879244208
0.08145898999646306
0.08110683038830757
0.08158200094476342
0.08089159987866879
0.08098028460517526
0.08110535517334938
0.08117163460701704
0.08183743571862578
0.08128859894350171
0.08114497922360897
0.08102572616189718
0.08139140298590064
0.08150219591334462
0.08124885987490416
0.08286441117525101
0.08101426530629396
0.0816615279763937
0.0814723763614893
0.08141342923045158
0.08125478820875287
0.08333371113985777
0.08134466130286455
0.0814925660379231
0.08118921192362905
0.08141529327258468
0.08175519667565823
0.08147377986460924
0.08135331934317946
0.08137827413156629
0.08098757639527321
0.08198312437161803
0.0809869971126318
0.08250646432861686
0.08117979299277067
0.08138046972453594
0.08146453322842717
0.08175608282908797
0.0815302086994052
0.08226029295474291
0.08189192274585366
0.08299308316782117
0.08300183434039354
0.08153144223615527
0.08131760312244296
0.08210347825661302
0.08198549598455429
0.08138872869312763
0.08114522788673639
0.08177737519145012
0.08170008985325694
0.08149512996897101
0.08172568213194609
0.0815480318851769
0.08210346614941955
0.08153116470202804
0.08139829197898507
0.08173861308023334
0.08233253797516227
0.0824696789495647
0.08131973585113883
0.08160966262221336
0.0821889671497047
0.08155247569084167
0.08159111719578505
0.08125714398920536
0.08182953437790275
0.08173757791519165
0.08167000208050013
0.08119401196017861
0.08181747002527118
0.08202958013862371
0.08180306293070316
0.08160690031945705
0.08144910400733352
0.08107443805783987
0.08313976367935538
0.08205453772097826
0.0812499187886715
0.0815216051414609
0.08141438057646155
0.08296082727611065
0.08307735715061426
0.0814547180198133
0.08157306164503098
0.08173881284892559
0.08306011138483882
0.08266304526478052
0.08345881756395102
0.08177755540236831
0.0814611529931426
0.08317350130528212
0.08368152193725109
0.08117463625967503
0.08141443878412247
0.08110525785014033
0.0819642310962081
0.08166034007444978
0.08090873202309012
0.08109939796850085
0.0812416598200798
0.0824515176936984
0.08211403107270598
0.08090045908465981
0.08121093083173037
0.08125138096511364
0.0821260828524828
0.08281348180025816
0.08087608590722084
0.08111538225784898
0.0811418304219842
0.0825690682977438
0.08235637610778213
0.08236469188705087
0.08134925505146384
0.08150856709107757
0.08155012177303433
0.0815746826119721
0.08181448187679052
0.08183631300926208
0.08202755590900779
0.08193785790354013
0.08148504002019763
0.08161494694650173
0.08185344282537699
0.08209341438487172
0.08177283313125372
0.08182529406622052
0.08166782697662711
0.08161506010219455
0.08178575802594423
0.08235617075115442
0.08158406428992748
0.08192574977874756
0.08167249010875821
0.08133681491017342
0.08181872218847275
0.08267554081976414
0.08148441184312105
0.08128076419234276
0.08148752711713314
0.08201285917311907
0.08236064808443189
0.08210686314851046
0.0809430037625134
0.08191189914941788
0.08202181197702885
0.08233885793015361
0.08091309992596507
0.08127776719629765
0.08148111728951335
0.08245362807065248
0.08248407300561666
0.08181648422032595
0.08104263199493289
0.08132460806518793
0.08218685910105705
0.08169299876317382
0.08125192392617464
0.08164973929524422
0.08111256919801235
0.08149106614291668
0.08237962098792195
0.08131160354241729
0.08169364184141159
0.08132410608232021
0.08156648837029934
0.08158309431746602
0.08152052480727434
0.08200545888394117
0.08151461696252227
0.08160491799935699
0.08191869407892227
0.08139658719301224
0.08161953603848815
0.08160970499739051
0.08190244203433394
0.0822801673784852
0.08163314871490002
0.08121671993285418
0.08221046812832355
0.08143857913091779
0.08176057692617178
0.08190184878185391
0.08162503177300096
0.08141603600233793
0.0817838478833437
0.0813205810263753
0.08153586136177182
0.08115268219262362
0.081361826043576
0.08159810025244951
0.08123566024005413
0.08157003996893764
0.08133273292332888
0.0810782159678638
0.08149365801364183
0.08134412812069058
0.08134065428748727
0.08393366076052189
0.08146328013390303
0.08168252510949969
0.08129163924604654
0.08116739522665739
0.08105739112943411
0.08197989221662283
0.08090738439932466
0.08101193699985743
0.08078605122864246
0.08095840690657496
0.08115493506193161
0.0830803019925952
0.08121421560645103
0.0813934849575162
0.08102084789425135
0.08231846615672112
0.08153860876336694
0.08134909300133586
0.08175390120595694
0.08144191419705749
0.08176112035289407
0.08125019911676645
0.08111457107588649
0.08154811291024089
0.08117263903841376
0.08115244610235095
0.08133121719583869
0.0819401927292347
0.08230101317167282
0.08202650304883718
0.0810468909330666
0.0810843650251627
0.08174750301986933
0.08171123499050736
0.08158266404643655
0.08242341876029968
0.08140460215508938
0.08142176596447825
0.08136534783989191
0.08133829571306705
0.08137480681762099
0.08156386902555823
0.0816688290797174
0.08220755401998758
0.08169883117079735
0.08169268304482102
0.08175227558240294
0.08183765318244696
0.08177642803639174
0.08157134708017111
0.08157919999212027
0.08190795686095953
0.0820379857905209
0.0821190238930285
0.08255007164552808
0.0815831134095788
0.08161253994330764
0.08135593589395285
0.08139513991773129
0.08246579859405756
0.08201469480991364
0.08298595109954476
0.0829364862293005
0.08332381257787347
0.0846873358823359
0.08315916871652007
0.08447581715881824
0.08404900692403316
0.08591284928843379
0.08474745508283377
0.08389626117423177
0.08493715478107333
0.08219454064965248
0.08459175610914826
0.08673241781070828
0.08480434492230415
0.08369682775810361
0.08515535108745098
0.08532305341213942
0.08464665291830897
0.08653246005997062
0.08470086101442575
0.08356321137398481
0.08595198020339012
0.0839943359605968
0.08407463366165757
0.08327753096818924
0.08264505164697766
0.08267802279442549
0.0830567479133606
0.08083908818662167
0.08104140171781182
0.08068581623956561
0.08055265713483095
0.08062629215419292
0.08176714507862926
0.08067834097892046
0.08105425024405122
0.08082223031669855
0.0808722130022943
0.08108194125816226
0.08104894263669848
0.08160433918237686
0.08080625487491488
0.08102210983633995
0.08099129004403949
0.08106389502063394
0.08117951406165957
0.08118836907669902
0.08140824502333999
0.08127521723508835
0.0812879097647965
0.08159817941486835
0.081278036814183
0.08191516809165478
0.08133987709879875
0.08134278608486056
0.08116215281188488
0.08112031919881701
0.08125494234263897
0.08193570375442505
0.0810158378444612
0.08115865336731076
0.08115052618086338
0.0811607101932168
0.08115101233124733
0.08181912219151855
0.08074051002040505
0.08128381194546819
0.081274782307446
0.08100335206836462
0.08119757287204266
0.08133207214996219
0.0814410257153213
0.08114699320867658
0.08116480289027095
0.0814459603279829
0.08146289270371199
0.08136071264743805
0.08144313469529152
0.08117989497259259
0.08116522012278438
0.08152236882597208
0.08133066678419709
0.08123818971216679
0.08137318817898631
0.08117500878870487
0.08123951591551304
0.08151028119027615
0.08171801408752799
0.08154953410848975
0.08195227012038231
0.08126956503838301
0.0810266681946814
0.08119330601766706
0.08102088514715433
0.08104496402665973
0.08186765620484948
0.0814767787232995
0.08124750619754195
0.08154587307944894
0.0811753268353641
0.08099375385791063
0.08165730675682425
0.08139117015525699
0.0813559447415173
0.08138210140168667
0.08151690196245909
0.08157421695068479
0.08208102732896805
0.08085872698575258
0.08117525791749358
0.08129263110458851
0.08113401290029287
0.08149533485993743
0.08139694202691317
0.08096438786014915
0.08133019134402275
0.08112622005864978
0.08126544021070004
0.08106676395982504
0.08159297611564398
0.08137736190110445
0.08112104795873165
0.08144113281741738
0.08135887188836932
0.0811352301388979
0.0812826519832015
0.08184905210509896
0.08140915492549539
0.08094078907743096
0.08172134822234511
0.08093770733103156
0.08145342394709587
0.08148472895845771
0.08125236677005887
0.08126613590866327
0.08112957701086998
0.08141963090747595
0.08120983699336648
0.08190628606826067
0.08135933009907603
0.08126963768154383
0.08135731611400843
0.08115361258387566
0.08097169362008572
0.08222191268578172
0.08116784924641252
0.0805006786249578
0.08125011203810573
0.08133496018126607
0.08125475188717246
0.08207335695624352
0.08102354127913713
0.08112659770995378
0.081648463383317
0.08124086074531078
0.08117114193737507
0.08113709604367614
0.08147082198411226
0.08057714998722076
0.08109163492918015
0.08122075395658612
0.08138446416705847
0.0816027750261128
0.0813711117953062
0.081181098241359
0.08117465116083622
0.08124446403235197
0.08086158195510507
0.08112420001998544
0.08146573603153229
0.0809942870400846
0.0813617859967053
0.08107375213876367
0.08124382887035608
0.08077693823724985
0.08160989405587316
0.08102770010009408
0.08145745797082782
0.08113193791359663
0.08126468490809202
0.08079613326117396
0.08179938141256571
0.08082997566089034
0.08119115978479385
0.08128711488097906
0.08081477414816618
0.08137804735451937
0.08169758506119251
0.0810703719034791
0.0816885381937027
0.0810872046276927
0.08117221528664231
0.08113627508282661
0.0808783252723515
0.08210428291931748
0.08105867076665163
0.08055704180151224
0.08060945710167289
0.08068410027772188
0.0810054438188672
0.08107967302203178
0.08090669801458716
0.08146972488611937
0.0806263112463057
0.08054701704531908
0.08128372998908162
0.08092831121757627
0.08073191298171878
0.0809885822236538
0.08062325278297067
0.0800979589112103
0.08023614482954144
0.08058787975460291
0.08072549290955067
0.08126970892772079
0.08057142188772559
0.08037091232836246
0.08013909915462136
0.08096559997648001
0.08062006626278162
0.08031386975198984
0.0807000957429409
0.08099395595490932
0.08102147094905376
0.08115917397662997
0.08162536798045039
0.08130470709875226
0.08078042417764664
0.08121785195544362
0.08121663797646761
0.08092840388417244
0.08110369695350528
0.08082344895228744
0.080554676707834
0.08087563840672374
0.08134947763755918
0.08115141605958343
0.08090302115306258
0.08079762104898691
0.08091855980455875
0.08107206737622619
0.08103457791730762
0.08131763990968466
0.08080621203407645
0.08140793116763234
0.0811380548402667
0.08073418773710728
0.08067466598004103
0.08083899691700935
0.0817847540602088
0.0812731240876019
0.08110842108726501
0.0809739027172327
0.08044733200222254
0.080470931250602
0.08127506775781512
0.0807609292678535
0.08081015478819609
0.08030088525265455
0.08070106385275722
0.0805393299087882
0.08050115127116442
0.08028801809996367
0.08005273388698697
0.0805733548477292
0.08029982773587108
0.0805969899520278
0.08096367493271828
0.08236654382199049
0.081978440284729
0.08179429871961474
0.0803224602714181
0.08069464704021811
0.0801403890363872
0.08071221597492695
0.08070205803960562
0.08110047085210681
0.08093423722311854
0.080910115968436
0.08103234088048339
0.08133136574178934
0.08166268235072494
0.08106664195656776
0.08095908910036087
0.08091504732146859
0.08110928907990456
0.08177048293873668
0.08120303973555565
0.08143336279317737
0.0811536768451333
0.08126003388315439
0.0809580790810287
0.08156520407646894
0.0811616200953722
0.08103938400745392
0.08117999602109194
0.08088034205138683
0.0811707959510386
0.0813740766607225
0.08105313591659069
0.08119344292208552
0.08102972712367773
0.08114419970661402
0.08110169367864728
0.080966433044523
0.08178835781291127
0.08068779110908508
0.08113500894978642
0.08106573298573494
0.08113996405154467
0.08095505693927407
0.08126565394923091
0.08094496186822653
0.08081001276150346
0.08095604600384831
0.08116915402933955
0.08081699162721634
0.08086180314421654
0.0812936988659203
0.08048400096595287
0.08058088598772883
0.0809000302106142
0.08065657084807754
0.08115793904289603
0.08079867297783494
0.08070352906361222
0.08069175342097878
0.08062706608325243
0.08034543367102742
0.08249045396223664
0.08172087371349335
0.08069103304296732
0.08078606193885207
0.08071199106052518
0.08036943199113011
0.08043375890702009
0.08073353208601475
0.08012533001601696
0.08016131399199367
0.08058950258418918
0.07992863189429045
0.08075421396642923
0.08043990610167384
0.0810177531093359
0.08183900313451886
0.08191225910559297
0.0819090842269361
0.081365205347538
0.08154155081138015
0.08050567097961903
0.081539296079427
0.08074417570605874
0.08090579975396395
0.08060612715780735
0.08163162972778082
0.08104095095768571
0.08144307881593704
0.08110199775546789
0.08134718472138047
0.08068092679604888
0.08172526396811008
0.08168679382652044
0.0809278073720634
0.08122456865385175
0.08072892995551229
0.08121807314455509
0.08174820896238089
0.08147992426529527
0.08052171394228935
0.08093982795253396
0.08106511598452926
0.08108408097177744
0.08352560363709927
0.08182739606127143
0.08022934384644032
0.08126780204474926
0.08100211806595325
0.08092769607901573
0.08146781800314784
0.0817155591212213
0.0809967266395688
0.08118445472791791
0.0810895268805325
0.081318364944309
0.0814117081463337
0.08127140393480659
0.08070059772580862
0.08097842009738088
0.0811130148358643
0.08135086111724377
0.08155379304662347
0.08194206096231937
0.08105030423030257
0.08125481614843011
0.08112870156764984
0.08108802558854222
0.08102669008076191
0.08222305588424206
0.08114747889339924
0.08132317708805203
0.08146505197510123
0.08177059190347791
0.08167772414162755
0.08185815112665296
0.08135401597246528
0.08106386382132769
0.08114412380382419
0.08139492198824883
0.08096792222931981
0.08328723907470703
0.08137366129085422
0.08138676779344678
0.08110012579709291
0.08219397766515613
0.08094089385122061
0.08124218881130219
0.08136070892214775
0.08143926691263914
0.08148284768685699
0.0810505161061883
0.0811159498989582
0.08157628728076816
0.08116010203957558
0.08177448017522693
0.08147285506129265
0.08110497798770666
0.08105803607031703
0.08113486925140023
0.08137474907562137
0.08101336983963847
0.08140787715092301
0.08145584398880601
0.08141085971146822
0.08112881192937493
0.08219724288210273
0.08168390300124884
0.08090352406725287
0.0811539483256638
0.08161710295826197
0.0811505950987339
0.08189857518300414
0.08119105407968163
0.08084491221234202
0.08116318192332983
0.08120181178674102
0.0812113550491631
0.0819838740862906
0.08106427872553468
0.08130316296592355
0.08133012475445867
0.08132171910256147
0.08116044430062175
0.0820902343839407
0.08126295823603868
0.08112174225971103
0.08137625502422452
0.0815194807946682
0.08157859882339835
0.08111007371917367
0.08172793593257666
0.08156171627342701
0.08126446604728699
0.08116706181317568
0.0816284311003983
0.08145476318895817
0.08151583187282085
0.08118624705821276
0.08097991207614541
0.08105176314711571
0.08122252859175205
0.0818323870189488
0.08151403581723571
0.08152549993246794
0.08151073660701513
0.08122986182570457
0.0810564300045371
0.08145426400005817
0.08196679782122374
0.08065569121390581
0.0809610029682517
0.08070975495502353
0.08111889287829399
0.08086281968280673
0.08197255898267031
0.08078733598813415
0.08077103877440095
0.08116161311045289
0.08123007277026772
0.08108864305540919
0.08164298022165895
0.08146271295845509
0.0812338413670659
0.08089966187253594
0.08107260894030333
0.08068407978862524
0.08137513184919953
0.08192310202866793
0.08108480926603079
0.08126802323386073
0.0809412938542664
0.08129839785397053
0.08149453671649098
0.08219367079436779
0.08107408322393894
0.08119581593200564
0.08120241481810808
0.0817139707505703
0.08159322198480368
0.08181060291826725
0.08136644493788481
0.08120051911100745
0.08135189116001129
0.0812024618498981
0.0809693350456655
0.08148502884432673
0.08139995904639363
0.0813823426142335
0.08139292802661657
0.08164665196090937
0.08099979721009731
0.08233396895229816
0.08133937185630202
0.08134583802893758
0.08135958574712276
0.08129680203273892
0.08146629622206092
0.08178648026660085
0.08091909997165203
0.08135431259870529
0.08123108511790633
0.08172149397432804
0.08113954123109579
0.08212044928222895
0.08144923998042941
0.0816694418899715
0.08129224460572004
0.08122873026877642
0.0816409308463335
0.08115068729966879
0.08116392558440566
0.08121612574905157
0.08130185725167394
0.08150572516024113
0.08134198328480124
0.08133789896965027
0.08228494366630912
0.08139551104977727
0.0811922331340611
0.0822394099086523
0.08117555966600776
0.08115412434563041
0.0817500283010304
0.08139889920130372
0.08126061130315065
0.08130333898589015
0.08125422615557909
0.08089070208370686
0.08117593079805374
0.08131298795342445
0.08122427714988589
0.08136196807026863
0.08118098462000489
0.09626321634277701
0.0814784960821271
0.08142315037548542
0.08117992617189884
0.08137569483369589
0.08123691286891699
0.0813021119683981
0.08270307583734393
0.08181544719263911
0.0812031882815063
0.08161597000434995
0.08157829288393259
0.08119425177574158
0.08176584588363767
0.08155470388010144
0.081497423350811
0.08141805278137326
0.08166701532900333
0.08162402780726552
0.08217072393745184
0.08171376725658774
0.08148770220577717
0.08143569016829133
0.08117222413420677
0.08124887198209763
0.08146883733570576
0.08098798431456089
0.08103949530050159
0.08111174590885639
0.08122390089556575
0.08092935103923082
0.08139768801629543
0.0814122068695724
0.08077855594456196
0.08132049394771457
0.08133396599441767
0.08131132600829005
0.0818223562091589
0.08191481698304415
0.0813398789614439
0.08124895207583904
0.08135422877967358
0.08105116616934538
0.08128894632682204
0.0814289920963347
0.08180623082444072
0.08127867383882403
0.0812475560232997
0.08125471975654364
0.08163188491016626
0.08367417100816965
0.08069742331281304
0.0809071408584714
0.08124977815896273
0.08098004292696714
0.08092090766876936
0.0815034992992878
0.08109890623018146
0.08139052102342248
0.08107273187488317
0.08127218438312411
0.08103491924703121
0.08188817370682955
0.08161724405363202
0.08113222382962704
0.08107147132977843
0.08126385184004903
0.08108477806672454
0.08126904396340251
0.08239309443160892
0.0818847231566906
0.08112512994557619
0.08130400208756328
0.08127646008506417
0.08101007388904691
0.08170022303238511
0.0812406437471509
0.0816187527962029
0.08141412911936641
0.08107218006625772
0.08128159400075674
0.0813774922862649
0.08143436396494508
0.08132310304790735
0.08107859874144197
0.08133094804361463
0.08152554091066122
0.08159928116947412
0.08113764598965645
0.0812203399837017
0.0811657253652811
0.08136373478919268
0.081378776114434
0.08161572879180312
0.08129842905327678
0.08135658781975508
0.08154219388961792
0.08124253014102578
0.08124258136376739
0.08151387097314
0.08122817892581224
0.08118541399016976
0.08128374721854925
0.0809113816358149
0.08101893914863467
0.08140862919390202
0.08116228599101305
0.0818926952779293
0.0813505919650197
0.08092695800587535
0.0809504259377718
0.081021788995713
0.08232529601082206
0.08100523985922337
0.08084903983399272
0.08093914994969964
0.08109790505841374
0.08102105604484677
0.08224970242008567
0.08115546125918627
0.08121290011331439
0.08127808291465044
0.08154918299987912
0.08092754194512963
0.08120390586555004
0.08089966187253594
0.08092360617592931
0.08122258819639683
0.08119873609393835
0.08132684417068958
0.08104377379640937
0.0814295788295567
0.08125356398522854
0.08120690006762743
0.0810686843469739
0.08118085376918316
0.08131856471300125
0.08103484474122524
0.08087212266400456
0.08134196093305945
0.08100494742393494
0.0814019413664937
0.08136220695450902
0.08103606663644314
0.08104464504867792
0.08104038424789906
0.08161618793383241
0.08137493906542659
0.08147525694221258
0.0813786149956286
0.08117131004109979
0.08075342513620853
0.08137505175545812
0.08090554317459464
0.0815278640948236
0.08336539193987846
0.0807302095927298
0.08141374681144953
0.08151103602722287
0.08091176394373178
0.08143360633403063
0.0812386367470026
0.08079793490469456
0.08089434588328004
0.08119186712428927
0.0812738686800003
0.08151292614638805
0.08129305997863412
0.0811869720928371
0.08108818391337991
0.08140502870082855
0.08072961308062077
0.08119908394291997
0.08079979987815022
0.0804858859628439
0.08308797283098102
0.08451358089223504
0.08433175506070256
0.08419734332710505
0.08273008186370134
0.08348272601142526
0.08458744920790195
0.08402469800785184
0.08352708583697677
0.08493477525189519
0.08303466811776161
0.08412435371428728
0.0849880101159215
0.08579020481556654
0.08275196002796292
0.08292141230776906
0.0839582672342658
0.08358968375250697
0.08408966707065701
0.08331394009292126
0.0832718382589519
0.08255524514243007
0.08294613705947995
0.08337375707924366
0.08349929796531796
0.08313444582745433
0.0835172520019114
0.0823607281781733
0.08265433786436915
0.08122113905847073
0.08145940396934748
0.08177583571523428
0.08107389695942402
0.08148403186351061
0.08185602305456996
0.08150447811931372
0.08125996263697743
0.08123391820117831
0.08158389618620276
0.08134724758565426
0.08201564010232687
0.08129231818020344
0.08118025492876768
0.08141652401536703
0.08101252373307943
0.08109085727483034
0.08286296995356679
0.08094926038756967
0.08216564310714602
0.08154835179448128
0.08140975469723344
0.08105770777910948
0.08177983900532126
0.08100966876372695
0.08066068543121219
0.08118173200637102
0.0811526719480753
0.08157187979668379
0.08127963589504361
0.08226740313693881
0.08142889104783535
0.08153923787176609
0.08097491599619389
0.08062786189839244
0.08109006518498063
0.08129313215613365
0.08069571107625961
0.08133855322375894
0.08119315095245838
0.08139962190762162
0.08100762963294983
0.08162944996729493
0.08148911129683256
0.08093979023396969
0.08149467408657074
0.0811900869011879
0.08122296910732985
0.08165437402203679
0.08145824493840337
0.08123142272233963
0.08149165473878384
0.08133202698081732
0.0812712898477912
0.0817598751746118
0.08122788229957223
0.08145359624177217
0.08142456086352468
0.08098661713302135
0.081044752150774
0.08189133601263165
0.08117950474843383
0.08107620012015104
0.08127139369025826
0.08124553691595793
0.08171500079333782
0.08152391901239753
0.08117772592231631
0.08110736776143312
0.08126289071515203
0.08112875279039145
0.08135406021028757
0.08137242030352354
0.08160071028396487
0.08117674523964524
0.08143860567361116
0.08088635699823499
0.08134375000372529
0.08101138612255454
0.08151829522103071
0.0811766916885972
0.08128283359110355
0.08130116574466228
0.08096412662416697
0.08143275603652
0.08147934731096029
0.08097196510061622
0.08098075492307544
0.08141788793727756
0.08120840415358543
0.0815273430198431
0.08168678358197212
0.0813293200917542
0.08139560231938958
0.08159758383408189
0.08202479826286435
0.08208446716889739
0.08245858829468489
0.0818855157122016
0.08189174486324191
0.0819280450232327
0.08180761709809303
0.08173522120341659
0.08254308626055717
0.08244872698560357
0.08193516591563821
0.08184866700321436
0.08193037938326597
0.08197217900305986
0.08251076191663742
0.08228660700842738
0.08268018299713731
0.08255488192662597
0.08249983517453074
0.08258031262084842
0.08236583601683378
0.08262681122869253
0.08195744268596172
0.08207655465230346
0.08210043190047145
0.08201381238177419
0.08175855316221714
0.08310284791514277
0.0820698319002986
0.08177447319030762
0.08224878599867225
0.08143502566963434
0.08190231816843152
0.08236978901550174
0.08213671017438173
0.08197779161855578
0.08226143009960651
0.08189703430980444
0.08222032897174358
0.08237621979787946
0.08213594881817698
0.08232824085280299
0.0822454858571291
0.08232170715928078
0.08212903281673789
0.08284201798960567
0.08240906102582812
0.08214998617768288
0.0820235013961792
0.08191988337785006
0.08242486324161291
0.08218727307394147
0.08188731269910932
0.08218037663027644
0.08224293775856495
0.08178592519834638
0.08224976295605302
0.08335877489298582
0.08211332187056541
0.08265862101688981
0.08269702596589923
0.08233236987143755
0.08291575172916055
0.08325610216706991
0.08227411797270179
0.08233378594741225
0.08227108418941498
0.08231645030900836
0.0823295577429235
0.08283041138201952
0.08206732012331486
0.08182058902457356
0.08239467907696962
0.08304686797782779
0.08270793501287699
0.08368837228044868
0.0827425941824913
0.08309984998777509
0.08275623712688684
0.08276520296931267
0.08301067305728793
0.08312285877764225
0.08251283084973693
0.08315757475793362
0.08320192573592067
0.08253693813458085
0.08233074378222227
0.0837641479447484
0.0823483788408339
0.0824372679926455
0.08286290196701884
0.08286121906712651
0.0823473921045661
0.0830185511149466
0.08208868931978941
0.08212178200483322
0.08231819700449705
0.08233926724642515
0.08223329298198223
0.08254571491852403
0.08243552129715681
0.08230011910200119
0.08265244727954268
0.0825471542775631
0.08273348724469543
0.08334719995036721
0.08276183670386672
0.082978799007833
0.08287319773808122
0.08242593612521887
0.08242131490260363
0.08194804936647415
0.08219037903472781
0.08199404506012797
0.08221098501235247
0.08207994885742664
0.08180580893531442
0.08182014897465706
0.0825065616518259
0.0820243819616735
0.08197154477238655
0.08164300303906202
0.08193013584241271
0.08228365518152714
0.08292409218847752
0.08254824671894312
0.08230637665838003
0.08244948461651802
0.08260940108448267
0.08250998426228762
0.08263731095939875
0.08200587704777718
0.08197480300441384
0.08176929084584117
0.08167987922206521
0.08184867491945624
0.08210990810766816
0.08178277593106031
0.08174448180943727
0.08158675581216812
0.08176029706373811
0.08173633087426424
0.08213708130642772
0.0816892720758915
0.08177564013749361
0.0815203720703721
0.08166158432140946
0.08200049819424748
0.0824216678738594
0.08244209690019488
0.08331387117505074
0.08235514303669333
0.08239084435626864
0.08239340875297785
0.08403533324599266
0.08201212389394641
0.08219055132940412
0.08208655985072255
0.08214183617383242
0.08187124039977789
0.0823789699934423
0.08169634407386184
0.08173016831278801
0.08248190814629197
0.081737179774791
0.08274501422420144
0.08344278112053871
0.08196456637233496
0.08189812069758773
0.08211041009053588
0.0824891091324389
0.08214502921327949
0.08330545481294394
0.08318116376176476
0.08286547800526023
0.0823754072189331
0.0822323220781982
0.08197354385629296
0.08254114584997296
0.0817918786779046
0.08236084412783384
0.0822598421946168
0.08163551986217499
0.08165991399437189
0.08208239823579788
0.08275102311745286
0.08308358024805784
0.08197148377075791
0.08208499988541007
0.08187906118109822
0.08228022279217839
0.08237075107172132
0.0833214339800179
0.08321497635915875
0.08295377809554338
0.08229220099747181
0.08224681997671723
0.0823609340004623
0.0822748220525682
0.0822912398725748
0.08200164185836911
0.08203617995604873
0.0823108647018671
0.0831706477329135
0.08239791775122285
0.0835053320042789
0.08247264986857772
0.08317434415221214
0.08254760876297951
0.08550722431391478
0.08262900775298476
0.08248333493247628
0.0817916514351964
0.08245368907228112
0.08363487804308534
0.08297095308080316
0.08469473896548152
0.08406279515475035
0.0838760151527822
0.08478400204330683
0.08420123113319278
0.08360058208927512
0.08444083016365767
0.08516325894743204
0.08476612297818065
0.08301992807537317
0.08479073690250516
0.08422177098691463
0.08275785390287638
0.0823077610693872
0.08194538066163659
0.08183796284720302
0.08252050215378404
0.08352295029908419
0.08400795375928283
0.08553671836853027
0.0844026398845017
0.08517379593104124
0.08550865296274424
0.08533793222159147
0.08426315197721124
0.08446026500314474
0.08452728344127536
0.08371029375120997
0.08389316685497761
0.08239457197487354
0.08209868101403117
0.0824385336600244
0.08271571015939116
0.08256692439317703
0.08261501509696245
0.08313891803845763
0.08269203966483474
0.08283196669071913
0.08263344736769795
0.08251534029841423
0.08239647094160318
0.0826170020736754
0.08220071718096733
0.08225797722116113
0.08238726435229182
0.08197280485183
0.08216776791960001
0.08269822224974632
0.08188629243522882
0.08217156492173672
0.08220203407108784
0.08203833876177669
0.08248560735955834
0.0836921320296824
0.0826288228854537
0.0824208902195096
0.08245167601853609
0.08223199425265193
0.0828326609916985
0.08264108002185822
0.08203488262370229
0.08196249091997743
0.08199738804250956
0.0820609787479043
0.0820855270139873
0.0838627447374165
0.082141546998173
0.08251884207129478
0.08211249206215143
0.08218736294656992
0.08223961014300585
0.08335641399025917
0.08256249688565731
0.08410530909895897
0.08324714004993439
0.08371431473642588
0.0829036240465939
0.08241105498746037
0.08324264921247959
0.085517433937639
0.08450029976665974
0.08423777623102069
0.08255428494885564
0.08166148466989398
0.08155858376994729
0.08146994281560183
0.08242789283394814
0.08252792805433273
0.08341418486088514
0.08390528708696365
0.08296294882893562
0.08417937299236655
0.08388523384928703
0.08362412732094526
0.0843822262249887
0.08209989406168461
0.08211126225069165
0.08158355299383402
0.08231305191293359
0.08145475341007113
0.08098349021747708
0.08141956105828285
0.08276797086000443
0.08222915371879935
0.08167721517384052
0.0814215918071568
0.08089679200202227
0.08186554815620184
0.08199100289493799
0.08214735006913543
0.08240865683183074
0.08151211496442556
0.08154519973322749
0.08186676912009716
0.08150297636166215
0.08178741205483675
0.08134613325819373
0.08185403887182474
0.08142631500959396
0.08234876533970237
0.08194275991991162
0.08194034500047565
0.08270267397165298
0.08166149398311973
0.08152314089238644
0.08211914310231805
0.08286008192226291
0.08158407779410481
0.08208916103467345
0.08212360506877303
0.0816802061162889
0.08193473005667329
0.08209079317748547
0.08138277707621455
0.08154840674251318
0.08177388971671462
0.0814814642071724
0.08127353200688958
0.08220291417092085
0.08118618465960026
0.08151339273899794
0.08100576186552644
0.081469452008605
0.08153607323765755
0.08133475808426738
0.08137772418558598
0.08121448708698153
0.08220514608547091
0.08251536404713988
0.08214582595974207
0.08181628258898854
0.08147199405357242
0.08167154295369983
0.08209211099892855
0.08182031381875277
0.08140055881813169
0.08238465432077646
0.08158566895872355
0.08135625021532178
0.08195258397608995
0.08167642261832952
0.08171420032158494
0.08361090905964375
0.08216535300016403
0.0820306371897459
0.08228479325771332
0.08219896024093032
0.08184632332995534
0.08454668708145618
0.08158920798450708
0.08188111707568169
0.08147378265857697
0.08154963934794068
0.08134788507595658
0.08247683616355062
0.08151847682893276
0.08142050402238965
0.08143774094060063
0.08168660011142492
0.08104983018711209
0.08361476799473166
0.08122500404715538
0.08142404817044735
0.08178763324394822
0.08183566574007273
0.08177394885569811
0.0819490603171289
0.08243872784078121
0.08141303760930896
0.08160962210968137
0.08171176491305232
0.08171562291681767
0.08150168089196086
0.08305170107632875
0.0816441047936678
0.08188377320766449
0.08192750299349427
0.0821349062025547
0.08228270802646875
0.08207614906132221
0.08200723491609097
0.08170097507536411
0.0820828559808433
0.08150381594896317
0.08163924887776375
0.08166210493072867
0.08171063009649515
0.08151487400755286
0.08128345990553498
0.0828581159003079
0.08444194262847304
0.08427655603736639
0.08108062529936433
0.08123794477432966
0.0814105155877769
0.08125999988988042
0.08105836622416973
0.08164834324270487
0.08117797179147601
0.08173828897997737
0.08267972385510802
0.08212819509208202
0.08140654675662518
0.08221833733841777
0.08206959813833237
0.08152134902775288
0.08149281982332468
0.0815664161927998
0.08151674782857299
0.08234330406412482
0.08154372125864029
0.08176353666931391
0.08252137387171388
0.08157239202409983
0.08179621212184429
0.08229454699903727
0.08168271230533719
0.08140553114935756
0.08160292590036988
0.08168045803904533
0.08151681814342737
0.08175886888056993
0.0813900651410222
0.08139087073504925
0.08519579842686653
0.08160720206797123
0.08141447091475129
0.08191358065232635
0.08231328334659338
0.08137963199988008
0.08161324495449662
0.0813406421802938
0.08100106287747622
0.08147902600467205
0.08268433390185237
0.08120174380019307
0.08129926584661007
0.08120566792786121
0.08135037729516625
0.08160560205578804
0.08266362734138966
0.08250875631347299
0.08194794226437807
0.08156505692750216
0.08152353391051292
0.0814321506768465
0.08167753601446748
0.0823000892996788
0.08242417825385928
0.08191932598128915
0.08182176388800144
0.08248915011063218
0.08243894902989268
0.08203304605558515
0.08155185682699084
0.0817992459051311
0.0814652368426323
0.08149650041013956
0.0825938512571156
0.0817718580365181
0.08132465789094567
0.08139157015830278
0.0832182033918798
0.08266591932624578
0.0831342488527298
0.08119576191529632
0.08107924880459905
0.08146379934623837
0.08127388916909695
0.08142792619764805
0.08315384527668357
0.08268827386200428
0.08128990978002548
0.08149115974083543
0.08212647726759315
0.082429856993258
0.08299167919903994
0.08560032723471522
0.08333555981516838
0.08179849106818438
0.08134182402864099
0.08149786712601781
0.08198655908927321
0.08150652563199401
0.08186736516654491
0.08264676295220852
0.08336886204779148
0.08096858998760581
0.08136681420728564
0.0816507376730442
0.08146281307563186
0.08137953281402588
0.08170363400131464
0.0815877616405487
0.08185159368440509
0.08189216535538435
0.08155640121549368
0.08134399726986885
0.0816558520309627
0.08198771392926574
0.08358015678822994
0.0834161532111466
0.08194175316020846
0.0818397500552237
0.08176280930638313
0.08187196822836995
0.08242377685382962
0.08259753324091434
0.08176656998693943
0.08170454017817974
0.08186421869322658
0.08181554917246103
0.08165676333010197
0.08199386531487107
0.08147671306505799
0.08133496716618538
0.08113623829558492
0.08138143084943295
0.08118599699810147
0.08225179184228182
0.08233324671164155
0.08279700530692935
0.08188971690833569
0.0823149741627276
0.08153483737260103
0.08290650369599462
0.08173498185351491
0.08309585461392999
0.08335983287543058
0.08214473910629749
0.08300691889598966
0.08460193080827594
0.0831752778030932
0.08224665699526668
0.08181273471564054
0.08192596398293972
0.08183851512148976
0.08211650885641575
0.08168383594602346
0.0816525281406939
0.08156513003632426
0.08153466181829572
0.0818665660917759
0.0815367316827178
0.08294395497068763
0.08180349506437778
0.08178634895011783
0.08174300892278552
0.08143218886107206
0.08240600302815437
0.08259082678705454
0.08175069279968739
0.08235304802656174
0.08163505466654897
0.08249089913442731
0.08280060300603509
0.08258851384744048
0.08441775105893612
0.08189469994977117
0.08207235997542739
0.08217380661517382
0.08202187670394778
0.08160649612545967
0.08176086517050862
0.08224191330373287
0.081823849119246
0.0822255308739841
0.08224186301231384
0.08265157137066126
0.08389170467853546
0.08363659027963877
0.08411362580955029
0.08486709697172046
0.08582611475139856
0.08411154383793473
0.08461669785901904
0.08678080001845956
0.08811317663639784
0.08810442220419645
0.08510055998340249
0.08487520506605506
0.08550501614809036
0.08537580817937851
0.0836331658065319
0.08465028600767255
0.08476828690618277
0.08392715733498335
0.08512585330754519
0.08368586283177137
0.08496320806443691
0.08439067099243402
0.08518365072086453
0.08406308898702264
0.08365766704082489
0.08498167572543025
0.08414065558463335
0.08391465805470943
0.08457296527922153
0.08208808256313205
0.08131722407415509
0.0819706879556179
0.08225472504273057
0.08184516010805964
0.08218898391351104
0.08422004524618387
0.08213916001841426
0.08242282085120678
0.08230223599821329
0.08233472984284163
0.0823722230270505
0.08316443208605051
0.08193304110318422
0.08225105796009302
0.08189828181639314
0.08179844869300723
0.08374189212918282
0.08278639987111092
0.08248783834278584
0.08178754709661007
0.08169913897290826
0.08214235585182905
0.08325528586283326
0.0836086249910295
0.08264113124459982
0.08245318522676826
0.08202205877751112
0.08237269893288612
0.08228143583983183
0.0832192706875503
0.0824086251668632
0.08176964009180665
0.08176648803055286
0.08177815889939666
0.08209880301728845
0.08206837717443705
0.08168488787487149
0.08176955254748464
0.0819642492569983
0.08197967521846294
0.08241925528272986
0.08199523808434606
0.08239581389352679
0.08225225564092398
0.0821150061674416
0.08245579292997718
0.08211283711716533
0.08267357526347041
0.08223319286480546
0.08238260401412845
0.08327565481886268
0.08252507913857698
0.08263939712196589
0.08217957336455584
0.08201200608164072
0.08171812212094665
0.08161612879484892
0.08153816033154726
0.08181970193982124
0.08212348120287061
0.08199830679222941
0.08161735907196999
0.08154111169278622
0.08142783213406801
0.08226633910089731
0.08254155609756708
0.08194613503292203
0.08218777179718018
0.0817271638661623
0.08182715764269233
0.08212545420974493
0.08307994017377496
0.08260866906493902
0.08193144807592034
0.08210429176688194
0.08183688996359706
0.08201885083690286
0.08301466517150402
0.08251793077215552
0.08239706698805094
0.08189145615324378
0.08183938032016158
0.0820112694054842
0.082763837184757
0.08228293573483825
0.08261915110051632
0.08200706401839852
0.08214569184929132
0.08187240501865745
0.08163554593920708
0.082518947776407
0.08276918716728687
0.08165014768019319
0.08217404084280133
0.08246435830369592
0.08242736058309674
0.08328834222629666
0.08219052478671074
0.08296510297805071
0.08277714531868696
0.08218697784468532
0.08188010193407536
0.08261195197701454
0.0820734198205173
0.0817738720215857
0.08192647807300091
0.08206354407593608
0.08265226799994707
0.08328867936506867
0.08227603603154421
0.08269394375383854
0.0817516096867621
0.08213784312829375
0.08207196788862348
0.08295664517208934
0.08207558980211616
0.08222725987434387
0.08249961584806442
0.08232650207355618
0.08276559691876173
0.08284112485125661
0.08234137995168567
0.0826960620470345
0.08203054312616587
0.08188566006720066
0.08206700114533305
0.08225037809461355
0.08213341794908047
0.08235645014792681
0.08258585631847382
0.08291644789278507
0.08168995892629027
0.08230933919548988
0.08272784762084484
0.08346970798447728
0.08332796627655625
0.08228591084480286
0.08232561498880386
0.08281014068052173
0.08219515066593885
0.08236461272463202
0.08181153004989028
0.08212309004738927
0.08232019608840346
0.0833166497759521
0.08254291210323572
0.08175267139449716
0.08227191399782896
0.08254289906471968
0.08328422205522656
0.08332831598818302
0.08242788910865784
0.08237019088119268
0.0827346402220428
0.08286842005327344
0.08221951359882951
0.08370729116722941
0.082108651753515
0.08223651722073555
0.08206276409327984
0.08237218111753464
0.08213294809684157
0.0830534752458334
0.08306736312806606
0.08252655481919646
0.0823118737898767
0.08270059712231159
0.08318536914885044
0.08325389726087451
0.08287482801824808
0.08275285409763455
0.08292439300566912
0.08255381183698773
0.08210314391180873
0.08276993781328201
0.08229514909908175
0.08206234825775027
0.08190331608057022
0.08244331181049347
0.08247856795787811
0.08344277273863554
0.08410624414682388
0.0826587830670178
0.08238619286566973
0.08263664087280631
0.0821216506883502
0.08283844916149974
0.08243430871516466
0.08189888205379248
0.0817437688820064
0.08221795037388802
0.08312352420762181
0.08318217005580664
0.08229672722518444
0.08242921298369765
0.08266316168010235
0.08316249819472432
0.08251724671572447
0.08304420718923211
0.08336842712014914
0.08233813708648086
0.08242686558514833
0.08234344888478518
0.08198972698301077
0.08264500927180052
0.08357969392091036
0.08224978111684322
0.08229785179719329
0.08267763908952475
0.08284327015280724
0.0829794267192483
0.08340004179626703
0.08302085334435105
0.08263138495385647
0.0823694271966815
0.08226940874010324
0.0821557161398232
0.08240481233224273
0.08215977484360337
0.08212343696504831
0.08226882806047797
0.08226794609799981
0.08244627015665174
0.08268137602135539
0.08238366013392806
0.08230273798108101
0.08272963855415583
0.08301486307755113
0.08266070112586021
0.08291363110765815
0.08254272909834981
0.08278627507388592
0.08260296517983079
0.08248621504753828
0.08209133939817548
0.08221765281632543
0.08223250368610024
0.08187031699344516
0.08226104779168963
0.08250871300697327
0.08235359191894531
0.08575345994904637
0.08249966939911246
0.08273657131940126
0.08272955194115639
0.08272671606391668
0.08223911188542843
0.08250784408301115
0.0823686528019607
0.08212101785466075
0.08192074904218316
0.0820161928422749
0.08214885974302888
0.08362051984295249
0.08302915981039405
0.08207906084135175
0.08215437596663833
0.08274252712726593
0.08250895980745554
0.08312846906483173
0.0828797691501677
0.08302448829635978
0.08254440408200026
0.0830453117378056
0.08221598574891686
0.08413736009970307
0.08337241085246205
0.08304837578907609
0.08255597529932857
0.08244212809950113
0.08231061231344938
0.083378029987216
0.08252719137817621
0.08263747300952673
0.08268882799893618
0.08287027338519692
0.08250829065218568
0.08305042795836926
0.08189535513520241
0.08224614895880222
0.08222737396135926
0.08189690904691815
0.0820562387816608
0.08329043397679925
0.08221239177510142
0.08207211596891284
0.0824118573218584
0.08291899506002665
0.08265068614855409
0.08289680629968643
0.08286521816626191
0.08273570192977786
0.08237976906821132
0.0823690970428288
0.0820653522387147
0.0824987692758441
0.08214479498565197
0.08236175496131182
0.08198624616488814
0.08208704506978393
0.08234247891232371
0.0838390439748764
0.08307560812681913
0.08258400484919548
0.0827825739979744
0.08316545840352774
0.08253623824566603
0.083180523943156
0.08243324607610703
0.08232667483389378
0.08188740443438292
0.08218387188389897
0.08190630888566375
0.08220998710021377
0.0823986572213471
0.08359786029905081
0.08299907902255654
0.08229013066738844
0.08199495170265436
0.08275056583806872
0.0842472231015563
0.08375874906778336
0.08272553235292435
0.08242846420034766
0.08216380514204502
0.08262379188090563
0.08260224433615804
0.08282549167051911
0.08318155398592353
0.08257446205243468
0.08220725413411856
0.08240108378231525
0.0839275480248034
0.08243124699220061
0.08295074896886945
0.08285728888586164
0.0830982606858015
0.08295755693688989
0.08336445456370711
0.08268589992076159
0.08243139227852225
0.08243841724470258
0.08234648499637842
0.08215719787403941
0.08264415804296732
0.08201626315712929
0.08286584401503205
0.08274551667273045
0.0828641033731401
0.0827097650617361
0.08378851087763906
0.0826727063395083
0.08257746417075396
0.08228967478498816
0.08225426310673356
0.08254985464736819
0.08208619384095073
0.08275232836604118
0.08337300317361951
0.08254769071936607
0.08198258373886347
0.08242817502468824
0.08264082577079535
0.08275886019691825
0.08287829207256436
0.0828109779395163
0.082982094027102
0.08294032141566277
0.08251537708565593
0.08192784525454044
0.081766361836344
0.08221262926235795
0.08283500093966722
0.08265277510508895
0.08234344702214003
0.0820445129647851
0.08287047268822789
0.08362420089542866
0.08360390504822135
0.08311527036130428
0.08385577704757452
0.08223473839461803
0.08230789192020893
0.0822451626881957
0.0823743031360209
0.08259971300140023
0.08267558785155416
0.08244708133861423
0.08219212340191007
0.08222759887576103
0.08235369296744466
0.08231484983116388
0.08310248190537095
0.08246331894770265
0.08290723618119955
0.08268800703808665
0.08267339086160064
0.08270700136199594
0.08290324732661247
0.08221784280613065
0.08234694693237543
0.08226094814017415
0.08230091677978635
0.08206851221621037
0.08234762726351619
0.0818385612219572
0.08231419371441007
0.08215257991105318
0.08247223915532231
0.08287509623914957
0.08385684574022889
0.08255837485194206
0.08264727611094713
0.08284962782636285
0.08259480632841587
0.08281755400821567
0.08247106801718473
0.08166498597711325
0.08281096909195185
0.08333517191931605
0.0829962338320911
0.08232211181893945
0.08224174892529845
0.08289412781596184
0.08264271588996053
0.08287009177729487
0.08243272872641683
0.08286541514098644
0.08273496199399233
0.08292041998356581
0.08229982480406761
0.08225766196846962
0.08215285604819655
0.08236916875466704
0.08294563181698322
0.08562838193029165
0.0823113420046866
0.0823637917637825
0.08283224795013666
0.08273165905848145
0.08282812871038914
0.0834778263233602
0.0826835441403091
0.08244407968595624
0.08232196979224682
0.0818531746044755
0.08196876710280776
0.08220586879178882
0.08235433278605342
0.082601438742131
0.08199221175163984
0.08241815865039825
0.08227796712890267
0.08274878980591893
0.08233886677771807
0.082735366653651
0.08241758542135358
0.08264991780743003
0.08329827385023236
0.0825500637292862
0.082526545971632
0.0822307001799345
0.08195855328813195
0.08208531700074673
0.08202968491241336
0.08223616424947977
0.08247559424489737
0.0821017068810761
0.08208010392263532
0.08233521692454815
0.08212465280666947
0.08271545730531216
0.08249973598867655
0.08257143897935748
0.08312379382550716
0.08263522433117032
0.08283129101619124
0.08256503101438284
0.08205856382846832
0.08176232594996691
0.08167090732604265
0.0818954142741859
0.08146397303789854
0.08192573999986053
0.08164981007575989
0.08156505972146988
0.08189275907352567
0.08173092175275087
0.0817888118326664
0.08216392295435071
0.08136698231101036
0.08167582983151078
0.08147487696260214
0.08147207694128156
0.08154090913012624
0.0821224725805223
0.08147512329742312
0.08273103786632419
0.08127274131402373
0.08148834342136979
0.08189449226483703
0.08336463663727045
0.08244867343455553
0.08222977397963405
0.08214117027819157
0.08240034896880388
0.08240032009780407
0.0831876709125936
0.08242045668885112
0.08204153412953019
0.08206060528755188
0.08219233900308609
0.08170247916132212
0.08200071565806866
0.08159069484099746
0.08168420614674687
0.0821273559704423
0.0819204212166369
0.08188883075490594
0.08199259405955672
0.08282566303387284
0.08413883903995156
0.08278459031134844
0.0818922808393836
0.08200078597292304
0.08183463523164392
0.08324688533321023
0.08200667425990105
0.08257099473848939
0.08206695038825274
0.0821470869705081
0.08217374002560973
0.0821662237867713
0.08219598326832056
0.0818445272743702
0.08157202182337642
0.08200619975104928
0.0821055918931961
0.0815068450756371
0.08184965699911118
0.08196005504578352
0.08259877795353532
0.08286275994032621
0.0815316578373313
0.08195733092725277
0.08167167194187641
0.08259721985086799
0.0825711372308433
0.08200917113572359
0.08207821706309915
0.08297243993729353
0.08427949994802475
0.08380329236388206
0.08187450608238578
0.08170708129182458
0.0819007121026516
0.08348103985190392
0.0823770291171968
0.08150143595412374
0.08155485801398754
0.08160540880635381
0.08277710480615497
0.08313081273809075
0.08211886789649725
0.0819774940609932
0.08206992596387863
0.08205615496262908
